"Oct 25, 2022 @ 04:30:49.626",69roDoQBvD32VbPe22k2,".ds-winlogbeat-8.4.3-2022.10.25-000001","-","a5ecbc19-8015-415f-b934-e32147ae0adb","DESKTOP-32EH6N8","1fb453eb-3944-4767-b034-7e48a04dea76","DESKTOP-32EH6N8",winlogbeat,"8.4.3","1.12.0","audit-setting-changed","iam, configuration",4907,"Oct 25, 2022 @ 04:30:50.646","Oct 25, 2022 @ 04:30:52.330",event,security,success,"Microsoft-Windows-Security-Auditing","-","admin, change","-","-","-","-","-","-","-","-","x86_64","DESKTOP-32EH6N8","45429efd-c10a-4299-8a01-8a10b0cbf1b8","fe80::7959:555c:b4f7:82d3, 192.168.170.20, fe80::f415:e770:257d:42d7, 169.254.66.215","00:0c:29:6e:f6:d9, f8:89:d2:da:70:74","DESKTOP-32EH6N8","19044.1288",windows,"10.0.19041.1288 (WinBuild.160101.0800)","Windows 10 Pro","Windows 10 Pro",windows,windows,"10.0",information,"Auditing settings on object were changed.

Subject:
	Security ID:		S-1-5-18
	Account Name:		DESKTOP-32EH6N8$
	Account Domain:		WORKGROUP
	Logon ID:		0x3E7

Object:
	Object Server:	Security
	Object Type:	File
	Object Name:	C:\Windows\WinSxS\FileMaps\$$_microsoft.net_framework64_v4.0.30319_wpf_en-us_0242687c673a608c.cdf-ms
	Handle ID:	0x970

Process Information:
	Process ID:	0x7a0
	Process Name:	C:\Windows\WinSxS\amd64_microsoft-windows-servicingstack_31bf3856ad364e35_10.0.19041.1220_none_7e21bc567c7ed16b\TiWorker.exe

Auditing Settings:
	Original Security Descriptor:	
	New Security Descriptor:		S:ARAI(AU;SAFA;0x1f0116;;;WD)","-","-","-","-","-","-","-","-","-","-","-","-","-","-","-","-","-","-","-","-","-","-","-","-","-","C:\Windows\WinSxS\amd64_microsoft-windows-servicingstack_31bf3856ad364e35_10.0.19041.1220_none_7e21bc567c7ed16b\TiWorker.exe","C:\Windows\WinSxS\amd64_microsoft-windows-servicingstack_31bf3856ad364e35_10.0.19041.1220_none_7e21bc567c7ed16b\TiWorker.exe","TiWorker.exe","TiWorker.exe","1,952","-","-","-","DESKTOP-32EH6N8$","-","-","-",WORKGROUP,"-","-","-","S-1-5-18","DESKTOP-32EH6N8$","DESKTOP-32EH6N8$","-","-","-","-","-",wineventlog,Security,"DESKTOP-32EH6N8","-","-","-","-","-","-","-","-","-","-","-","-","-","-","-","-","-",0x970,"-","-","-","-","-","-","-","-","-","-","-","-","-","-","-","S:ARAI(AU;SAFA;0x1f0116;;;WD)","Everyone :System Audit ([Write Owner, Syncronize, Write DACL, Read Control, Delete])","-","C:\Windows\WinSxS\FileMaps\$$_microsoft.net_framework64_v4.0.30319_wpf_en-us_0242687c673a608c.cdf-ms",Security,File,"-","-","-","-","-","-","-","-","-","-","-","-","-","-","-","-","-","-",WORKGROUP,0x3e7,"DESKTOP-32EH6N8$","S-1-5-18","-","-","-","-","-","-","-","-","-","-","-","-","-","-","-","-","-","-","-","-","-","-","-","-","-","-","-","-","-","-","-","-","-","-","-","-","-","-","-","-","-","-","-","-",4907,"Audit Success",0x3e7,"-",Info,4,"6,884","{54849625-5478-4994-a5ba-3e3b0328c30d}","Microsoft-Windows-Security-Auditing",2502,"Audit Policy Change","-","-","-","-","-","-","-","-"
"Oct 25, 2022 @ 04:30:49.624",6troDoQBvD32VbPe22k2,".ds-winlogbeat-8.4.3-2022.10.25-000001","-","a5ecbc19-8015-415f-b934-e32147ae0adb","DESKTOP-32EH6N8","1fb453eb-3944-4767-b034-7e48a04dea76","DESKTOP-32EH6N8",winlogbeat,"8.4.3","1.12.0","audit-setting-changed","iam, configuration",4907,"Oct 25, 2022 @ 04:30:50.646","Oct 25, 2022 @ 04:30:52.330",event,security,success,"Microsoft-Windows-Security-Auditing","-","admin, change","-","-","-","-","-","-","-","-","x86_64","DESKTOP-32EH6N8","45429efd-c10a-4299-8a01-8a10b0cbf1b8","fe80::7959:555c:b4f7:82d3, 192.168.170.20, fe80::f415:e770:257d:42d7, 169.254.66.215","00:0c:29:6e:f6:d9, f8:89:d2:da:70:74","DESKTOP-32EH6N8","19044.1288",windows,"10.0.19041.1288 (WinBuild.160101.0800)","Windows 10 Pro","Windows 10 Pro",windows,windows,"10.0",information,"Auditing settings on object were changed.

Subject:
	Security ID:		S-1-5-18
	Account Name:		DESKTOP-32EH6N8$
	Account Domain:		WORKGROUP
	Logon ID:		0x3E7

Object:
	Object Server:	Security
	Object Type:	File
	Object Name:	C:\Windows\WinSxS\FileMaps\$$_microsoft.net_framework64_v4.0.30319_wpf_fonts_0428e0346460ac4c.cdf-ms
	Handle ID:	0xd70

Process Information:
	Process ID:	0x7a0
	Process Name:	C:\Windows\WinSxS\amd64_microsoft-windows-servicingstack_31bf3856ad364e35_10.0.19041.1220_none_7e21bc567c7ed16b\TiWorker.exe

Auditing Settings:
	Original Security Descriptor:	
	New Security Descriptor:		S:ARAI(AU;SAFA;0x1f0116;;;WD)","-","-","-","-","-","-","-","-","-","-","-","-","-","-","-","-","-","-","-","-","-","-","-","-","-","C:\Windows\WinSxS\amd64_microsoft-windows-servicingstack_31bf3856ad364e35_10.0.19041.1220_none_7e21bc567c7ed16b\TiWorker.exe","C:\Windows\WinSxS\amd64_microsoft-windows-servicingstack_31bf3856ad364e35_10.0.19041.1220_none_7e21bc567c7ed16b\TiWorker.exe","TiWorker.exe","TiWorker.exe","1,952","-","-","-","DESKTOP-32EH6N8$","-","-","-",WORKGROUP,"-","-","-","S-1-5-18","DESKTOP-32EH6N8$","DESKTOP-32EH6N8$","-","-","-","-","-",wineventlog,Security,"DESKTOP-32EH6N8","-","-","-","-","-","-","-","-","-","-","-","-","-","-","-","-","-",0xd70,"-","-","-","-","-","-","-","-","-","-","-","-","-","-","-","S:ARAI(AU;SAFA;0x1f0116;;;WD)","Everyone :System Audit ([Write Owner, Syncronize, Write DACL, Read Control, Delete])","-","C:\Windows\WinSxS\FileMaps\$$_microsoft.net_framework64_v4.0.30319_wpf_fonts_0428e0346460ac4c.cdf-ms",Security,File,"-","-","-","-","-","-","-","-","-","-","-","-","-","-","-","-","-","-",WORKGROUP,0x3e7,"DESKTOP-32EH6N8$","S-1-5-18","-","-","-","-","-","-","-","-","-","-","-","-","-","-","-","-","-","-","-","-","-","-","-","-","-","-","-","-","-","-","-","-","-","-","-","-","-","-","-","-","-","-","-","-",4907,"Audit Success",0x3e7,"-",Info,4,"6,884","{54849625-5478-4994-a5ba-3e3b0328c30d}","Microsoft-Windows-Security-Auditing",2501,"Audit Policy Change","-","-","-","-","-","-","-","-"
"Oct 25, 2022 @ 04:30:49.622",6droDoQBvD32VbPe22k2,".ds-winlogbeat-8.4.3-2022.10.25-000001","-","a5ecbc19-8015-415f-b934-e32147ae0adb","DESKTOP-32EH6N8","1fb453eb-3944-4767-b034-7e48a04dea76","DESKTOP-32EH6N8",winlogbeat,"8.4.3","1.12.0","audit-setting-changed","iam, configuration",4907,"Oct 25, 2022 @ 04:30:50.646","Oct 25, 2022 @ 04:30:52.330",event,security,success,"Microsoft-Windows-Security-Auditing","-","admin, change","-","-","-","-","-","-","-","-","x86_64","DESKTOP-32EH6N8","45429efd-c10a-4299-8a01-8a10b0cbf1b8","fe80::7959:555c:b4f7:82d3, 192.168.170.20, fe80::f415:e770:257d:42d7, 169.254.66.215","00:0c:29:6e:f6:d9, f8:89:d2:da:70:74","DESKTOP-32EH6N8","19044.1288",windows,"10.0.19041.1288 (WinBuild.160101.0800)","Windows 10 Pro","Windows 10 Pro",windows,windows,"10.0",information,"Auditing settings on object were changed.

Subject:
	Security ID:		S-1-5-18
	Account Name:		DESKTOP-32EH6N8$
	Account Domain:		WORKGROUP
	Logon ID:		0x3E7

Object:
	Object Server:	Security
	Object Type:	File
	Object Name:	C:\Windows\WinSxS\FileMaps\$$_microsoft.net_framework64_v4.0.30319_wpf_647a02df72a14032.cdf-ms
	Handle ID:	0xdbc

Process Information:
	Process ID:	0x7a0
	Process Name:	C:\Windows\WinSxS\amd64_microsoft-windows-servicingstack_31bf3856ad364e35_10.0.19041.1220_none_7e21bc567c7ed16b\TiWorker.exe

Auditing Settings:
	Original Security Descriptor:	
	New Security Descriptor:		S:ARAI(AU;SAFA;0x1f0116;;;WD)","-","-","-","-","-","-","-","-","-","-","-","-","-","-","-","-","-","-","-","-","-","-","-","-","-","C:\Windows\WinSxS\amd64_microsoft-windows-servicingstack_31bf3856ad364e35_10.0.19041.1220_none_7e21bc567c7ed16b\TiWorker.exe","C:\Windows\WinSxS\amd64_microsoft-windows-servicingstack_31bf3856ad364e35_10.0.19041.1220_none_7e21bc567c7ed16b\TiWorker.exe","TiWorker.exe","TiWorker.exe","1,952","-","-","-","DESKTOP-32EH6N8$","-","-","-",WORKGROUP,"-","-","-","S-1-5-18","DESKTOP-32EH6N8$","DESKTOP-32EH6N8$","-","-","-","-","-",wineventlog,Security,"DESKTOP-32EH6N8","-","-","-","-","-","-","-","-","-","-","-","-","-","-","-","-","-",0xdbc,"-","-","-","-","-","-","-","-","-","-","-","-","-","-","-","S:ARAI(AU;SAFA;0x1f0116;;;WD)","Everyone :System Audit ([Write Owner, Syncronize, Write DACL, Read Control, Delete])","-","C:\Windows\WinSxS\FileMaps\$$_microsoft.net_framework64_v4.0.30319_wpf_647a02df72a14032.cdf-ms",Security,File,"-","-","-","-","-","-","-","-","-","-","-","-","-","-","-","-","-","-",WORKGROUP,0x3e7,"DESKTOP-32EH6N8$","S-1-5-18","-","-","-","-","-","-","-","-","-","-","-","-","-","-","-","-","-","-","-","-","-","-","-","-","-","-","-","-","-","-","-","-","-","-","-","-","-","-","-","-","-","-","-","-",4907,"Audit Success",0x3e7,"-",Info,4,"6,884","{54849625-5478-4994-a5ba-3e3b0328c30d}","Microsoft-Windows-Security-Auditing",2500,"Audit Policy Change","-","-","-","-","-","-","-","-"
"Oct 25, 2022 @ 04:30:49.620",6NroDoQBvD32VbPe22k2,".ds-winlogbeat-8.4.3-2022.10.25-000001","-","a5ecbc19-8015-415f-b934-e32147ae0adb","DESKTOP-32EH6N8","1fb453eb-3944-4767-b034-7e48a04dea76","DESKTOP-32EH6N8",winlogbeat,"8.4.3","1.12.0","audit-setting-changed","iam, configuration",4907,"Oct 25, 2022 @ 04:30:50.646","Oct 25, 2022 @ 04:30:52.330",event,security,success,"Microsoft-Windows-Security-Auditing","-","admin, change","-","-","-","-","-","-","-","-","x86_64","DESKTOP-32EH6N8","45429efd-c10a-4299-8a01-8a10b0cbf1b8","fe80::7959:555c:b4f7:82d3, 192.168.170.20, fe80::f415:e770:257d:42d7, 169.254.66.215","00:0c:29:6e:f6:d9, f8:89:d2:da:70:74","DESKTOP-32EH6N8","19044.1288",windows,"10.0.19041.1288 (WinBuild.160101.0800)","Windows 10 Pro","Windows 10 Pro",windows,windows,"10.0",information,"Auditing settings on object were changed.

Subject:
	Security ID:		S-1-5-18
	Account Name:		DESKTOP-32EH6N8$
	Account Domain:		WORKGROUP
	Logon ID:		0x3E7

Object:
	Object Server:	Security
	Object Type:	File
	Object Name:	C:\Windows\WinSxS\FileMaps\$$_microsoft.net_framework64_v4.0.30319_46321ba736a30085.cdf-ms
	Handle ID:	0x970

Process Information:
	Process ID:	0x7a0
	Process Name:	C:\Windows\WinSxS\amd64_microsoft-windows-servicingstack_31bf3856ad364e35_10.0.19041.1220_none_7e21bc567c7ed16b\TiWorker.exe

Auditing Settings:
	Original Security Descriptor:	
	New Security Descriptor:		S:ARAI(AU;SAFA;0x1f0116;;;WD)","-","-","-","-","-","-","-","-","-","-","-","-","-","-","-","-","-","-","-","-","-","-","-","-","-","C:\Windows\WinSxS\amd64_microsoft-windows-servicingstack_31bf3856ad364e35_10.0.19041.1220_none_7e21bc567c7ed16b\TiWorker.exe","C:\Windows\WinSxS\amd64_microsoft-windows-servicingstack_31bf3856ad364e35_10.0.19041.1220_none_7e21bc567c7ed16b\TiWorker.exe","TiWorker.exe","TiWorker.exe","1,952","-","-","-","DESKTOP-32EH6N8$","-","-","-",WORKGROUP,"-","-","-","S-1-5-18","DESKTOP-32EH6N8$","DESKTOP-32EH6N8$","-","-","-","-","-",wineventlog,Security,"DESKTOP-32EH6N8","-","-","-","-","-","-","-","-","-","-","-","-","-","-","-","-","-",0x970,"-","-","-","-","-","-","-","-","-","-","-","-","-","-","-","S:ARAI(AU;SAFA;0x1f0116;;;WD)","Everyone :System Audit ([Write Owner, Syncronize, Write DACL, Read Control, Delete])","-","C:\Windows\WinSxS\FileMaps\$$_microsoft.net_framework64_v4.0.30319_46321ba736a30085.cdf-ms",Security,File,"-","-","-","-","-","-","-","-","-","-","-","-","-","-","-","-","-","-",WORKGROUP,0x3e7,"DESKTOP-32EH6N8$","S-1-5-18","-","-","-","-","-","-","-","-","-","-","-","-","-","-","-","-","-","-","-","-","-","-","-","-","-","-","-","-","-","-","-","-","-","-","-","-","-","-","-","-","-","-","-","-",4907,"Audit Success",0x3e7,"-",Info,4,"6,884","{54849625-5478-4994-a5ba-3e3b0328c30d}","Microsoft-Windows-Security-Auditing",2499,"Audit Policy Change","-","-","-","-","-","-","-","-"
"Oct 25, 2022 @ 04:30:49.618",59roDoQBvD32VbPe22k2,".ds-winlogbeat-8.4.3-2022.10.25-000001","-","a5ecbc19-8015-415f-b934-e32147ae0adb","DESKTOP-32EH6N8","1fb453eb-3944-4767-b034-7e48a04dea76","DESKTOP-32EH6N8",winlogbeat,"8.4.3","1.12.0","audit-setting-changed","iam, configuration",4907,"Oct 25, 2022 @ 04:30:50.646","Oct 25, 2022 @ 04:30:52.329",event,security,success,"Microsoft-Windows-Security-Auditing","-","admin, change","-","-","-","-","-","-","-","-","x86_64","DESKTOP-32EH6N8","45429efd-c10a-4299-8a01-8a10b0cbf1b8","fe80::7959:555c:b4f7:82d3, 192.168.170.20, fe80::f415:e770:257d:42d7, 169.254.66.215","00:0c:29:6e:f6:d9, f8:89:d2:da:70:74","DESKTOP-32EH6N8","19044.1288",windows,"10.0.19041.1288 (WinBuild.160101.0800)","Windows 10 Pro","Windows 10 Pro",windows,windows,"10.0",information,"Auditing settings on object were changed.

Subject:
	Security ID:		S-1-5-18
	Account Name:		DESKTOP-32EH6N8$
	Account Domain:		WORKGROUP
	Logon ID:		0x3E7

Object:
	Object Server:	Security
	Object Type:	File
	Object Name:	C:\Windows\WinSxS\FileMaps\$$_microsoft.net_framework64_083d4e330e766c5d.cdf-ms
	Handle ID:	0xd70

Process Information:
	Process ID:	0x7a0
	Process Name:	C:\Windows\WinSxS\amd64_microsoft-windows-servicingstack_31bf3856ad364e35_10.0.19041.1220_none_7e21bc567c7ed16b\TiWorker.exe

Auditing Settings:
	Original Security Descriptor:	
	New Security Descriptor:		S:ARAI(AU;SAFA;0x1f0116;;;WD)","-","-","-","-","-","-","-","-","-","-","-","-","-","-","-","-","-","-","-","-","-","-","-","-","-","C:\Windows\WinSxS\amd64_microsoft-windows-servicingstack_31bf3856ad364e35_10.0.19041.1220_none_7e21bc567c7ed16b\TiWorker.exe","C:\Windows\WinSxS\amd64_microsoft-windows-servicingstack_31bf3856ad364e35_10.0.19041.1220_none_7e21bc567c7ed16b\TiWorker.exe","TiWorker.exe","TiWorker.exe","1,952","-","-","-","DESKTOP-32EH6N8$","-","-","-",WORKGROUP,"-","-","-","S-1-5-18","DESKTOP-32EH6N8$","DESKTOP-32EH6N8$","-","-","-","-","-",wineventlog,Security,"DESKTOP-32EH6N8","-","-","-","-","-","-","-","-","-","-","-","-","-","-","-","-","-",0xd70,"-","-","-","-","-","-","-","-","-","-","-","-","-","-","-","S:ARAI(AU;SAFA;0x1f0116;;;WD)","Everyone :System Audit ([Write Owner, Syncronize, Write DACL, Read Control, Delete])","-","C:\Windows\WinSxS\FileMaps\$$_microsoft.net_framework64_083d4e330e766c5d.cdf-ms",Security,File,"-","-","-","-","-","-","-","-","-","-","-","-","-","-","-","-","-","-",WORKGROUP,0x3e7,"DESKTOP-32EH6N8$","S-1-5-18","-","-","-","-","-","-","-","-","-","-","-","-","-","-","-","-","-","-","-","-","-","-","-","-","-","-","-","-","-","-","-","-","-","-","-","-","-","-","-","-","-","-","-","-",4907,"Audit Success",0x3e7,"-",Info,4,"6,884","{54849625-5478-4994-a5ba-3e3b0328c30d}","Microsoft-Windows-Security-Auditing",2498,"Audit Policy Change","-","-","-","-","-","-","-","-"
"Oct 25, 2022 @ 04:30:49.617",5troDoQBvD32VbPe22k2,".ds-winlogbeat-8.4.3-2022.10.25-000001","-","a5ecbc19-8015-415f-b934-e32147ae0adb","DESKTOP-32EH6N8","1fb453eb-3944-4767-b034-7e48a04dea76","DESKTOP-32EH6N8",winlogbeat,"8.4.3","1.12.0","audit-setting-changed","iam, configuration",4907,"Oct 25, 2022 @ 04:30:50.646","Oct 25, 2022 @ 04:30:52.329",event,security,success,"Microsoft-Windows-Security-Auditing","-","admin, change","-","-","-","-","-","-","-","-","x86_64","DESKTOP-32EH6N8","45429efd-c10a-4299-8a01-8a10b0cbf1b8","fe80::7959:555c:b4f7:82d3, 192.168.170.20, fe80::f415:e770:257d:42d7, 169.254.66.215","00:0c:29:6e:f6:d9, f8:89:d2:da:70:74","DESKTOP-32EH6N8","19044.1288",windows,"10.0.19041.1288 (WinBuild.160101.0800)","Windows 10 Pro","Windows 10 Pro",windows,windows,"10.0",information,"Auditing settings on object were changed.

Subject:
	Security ID:		S-1-5-18
	Account Name:		DESKTOP-32EH6N8$
	Account Domain:		WORKGROUP
	Logon ID:		0x3E7

Object:
	Object Server:	Security
	Object Type:	File
	Object Name:	C:\Windows\WinSxS\FileMaps\$$_microsoft.net_3296b36dbe4c7fa3.cdf-ms
	Handle ID:	0xdbc

Process Information:
	Process ID:	0x7a0
	Process Name:	C:\Windows\WinSxS\amd64_microsoft-windows-servicingstack_31bf3856ad364e35_10.0.19041.1220_none_7e21bc567c7ed16b\TiWorker.exe

Auditing Settings:
	Original Security Descriptor:	
	New Security Descriptor:		S:ARAI(AU;SAFA;0x1f0116;;;WD)","-","-","-","-","-","-","-","-","-","-","-","-","-","-","-","-","-","-","-","-","-","-","-","-","-","C:\Windows\WinSxS\amd64_microsoft-windows-servicingstack_31bf3856ad364e35_10.0.19041.1220_none_7e21bc567c7ed16b\TiWorker.exe","C:\Windows\WinSxS\amd64_microsoft-windows-servicingstack_31bf3856ad364e35_10.0.19041.1220_none_7e21bc567c7ed16b\TiWorker.exe","TiWorker.exe","TiWorker.exe","1,952","-","-","-","DESKTOP-32EH6N8$","-","-","-",WORKGROUP,"-","-","-","S-1-5-18","DESKTOP-32EH6N8$","DESKTOP-32EH6N8$","-","-","-","-","-",wineventlog,Security,"DESKTOP-32EH6N8","-","-","-","-","-","-","-","-","-","-","-","-","-","-","-","-","-",0xdbc,"-","-","-","-","-","-","-","-","-","-","-","-","-","-","-","S:ARAI(AU;SAFA;0x1f0116;;;WD)","Everyone :System Audit ([Write Owner, Syncronize, Write DACL, Read Control, Delete])","-","C:\Windows\WinSxS\FileMaps\$$_microsoft.net_3296b36dbe4c7fa3.cdf-ms",Security,File,"-","-","-","-","-","-","-","-","-","-","-","-","-","-","-","-","-","-",WORKGROUP,0x3e7,"DESKTOP-32EH6N8$","S-1-5-18","-","-","-","-","-","-","-","-","-","-","-","-","-","-","-","-","-","-","-","-","-","-","-","-","-","-","-","-","-","-","-","-","-","-","-","-","-","-","-","-","-","-","-","-",4907,"Audit Success",0x3e7,"-",Info,4,"6,884","{54849625-5478-4994-a5ba-3e3b0328c30d}","Microsoft-Windows-Security-Auditing",2497,"Audit Policy Change","-","-","-","-","-","-","-","-"
"Oct 25, 2022 @ 04:30:49.615",5droDoQBvD32VbPe22k2,".ds-winlogbeat-8.4.3-2022.10.25-000001","-","a5ecbc19-8015-415f-b934-e32147ae0adb","DESKTOP-32EH6N8","1fb453eb-3944-4767-b034-7e48a04dea76","DESKTOP-32EH6N8",winlogbeat,"8.4.3","1.12.0","audit-setting-changed","iam, configuration",4907,"Oct 25, 2022 @ 04:30:50.646","Oct 25, 2022 @ 04:30:52.329",event,security,success,"Microsoft-Windows-Security-Auditing","-","admin, change","-","-","-","-","-","-","-","-","x86_64","DESKTOP-32EH6N8","45429efd-c10a-4299-8a01-8a10b0cbf1b8","fe80::7959:555c:b4f7:82d3, 192.168.170.20, fe80::f415:e770:257d:42d7, 169.254.66.215","00:0c:29:6e:f6:d9, f8:89:d2:da:70:74","DESKTOP-32EH6N8","19044.1288",windows,"10.0.19041.1288 (WinBuild.160101.0800)","Windows 10 Pro","Windows 10 Pro",windows,windows,"10.0",information,"Auditing settings on object were changed.

Subject:
	Security ID:		S-1-5-18
	Account Name:		DESKTOP-32EH6N8$
	Account Domain:		WORKGROUP
	Logon ID:		0x3E7

Object:
	Object Server:	Security
	Object Type:	File
	Object Name:	C:\Windows\WinSxS\FileMaps\$$_system32_wbem_06656d9fdf2f8577.cdf-ms
	Handle ID:	0x970

Process Information:
	Process ID:	0x7a0
	Process Name:	C:\Windows\WinSxS\amd64_microsoft-windows-servicingstack_31bf3856ad364e35_10.0.19041.1220_none_7e21bc567c7ed16b\TiWorker.exe

Auditing Settings:
	Original Security Descriptor:	
	New Security Descriptor:		S:ARAI(AU;SAFA;0x1f0116;;;WD)","-","-","-","-","-","-","-","-","-","-","-","-","-","-","-","-","-","-","-","-","-","-","-","-","-","C:\Windows\WinSxS\amd64_microsoft-windows-servicingstack_31bf3856ad364e35_10.0.19041.1220_none_7e21bc567c7ed16b\TiWorker.exe","C:\Windows\WinSxS\amd64_microsoft-windows-servicingstack_31bf3856ad364e35_10.0.19041.1220_none_7e21bc567c7ed16b\TiWorker.exe","TiWorker.exe","TiWorker.exe","1,952","-","-","-","DESKTOP-32EH6N8$","-","-","-",WORKGROUP,"-","-","-","S-1-5-18","DESKTOP-32EH6N8$","DESKTOP-32EH6N8$","-","-","-","-","-",wineventlog,Security,"DESKTOP-32EH6N8","-","-","-","-","-","-","-","-","-","-","-","-","-","-","-","-","-",0x970,"-","-","-","-","-","-","-","-","-","-","-","-","-","-","-","S:ARAI(AU;SAFA;0x1f0116;;;WD)","Everyone :System Audit ([Write Owner, Syncronize, Write DACL, Read Control, Delete])","-","C:\Windows\WinSxS\FileMaps\$$_system32_wbem_06656d9fdf2f8577.cdf-ms",Security,File,"-","-","-","-","-","-","-","-","-","-","-","-","-","-","-","-","-","-",WORKGROUP,0x3e7,"DESKTOP-32EH6N8$","S-1-5-18","-","-","-","-","-","-","-","-","-","-","-","-","-","-","-","-","-","-","-","-","-","-","-","-","-","-","-","-","-","-","-","-","-","-","-","-","-","-","-","-","-","-","-","-",4907,"Audit Success",0x3e7,"-",Info,4,"6,884","{54849625-5478-4994-a5ba-3e3b0328c30d}","Microsoft-Windows-Security-Auditing",2496,"Audit Policy Change","-","-","-","-","-","-","-","-"
"Oct 25, 2022 @ 04:30:49.613",5NroDoQBvD32VbPe22k2,".ds-winlogbeat-8.4.3-2022.10.25-000001","-","a5ecbc19-8015-415f-b934-e32147ae0adb","DESKTOP-32EH6N8","1fb453eb-3944-4767-b034-7e48a04dea76","DESKTOP-32EH6N8",winlogbeat,"8.4.3","1.12.0","audit-setting-changed","iam, configuration",4907,"Oct 25, 2022 @ 04:30:50.646","Oct 25, 2022 @ 04:30:52.328",event,security,success,"Microsoft-Windows-Security-Auditing","-","admin, change","-","-","-","-","-","-","-","-","x86_64","DESKTOP-32EH6N8","45429efd-c10a-4299-8a01-8a10b0cbf1b8","fe80::7959:555c:b4f7:82d3, 192.168.170.20, fe80::f415:e770:257d:42d7, 169.254.66.215","00:0c:29:6e:f6:d9, f8:89:d2:da:70:74","DESKTOP-32EH6N8","19044.1288",windows,"10.0.19041.1288 (WinBuild.160101.0800)","Windows 10 Pro","Windows 10 Pro",windows,windows,"10.0",information,"Auditing settings on object were changed.

Subject:
	Security ID:		S-1-5-18
	Account Name:		DESKTOP-32EH6N8$
	Account Domain:		WORKGROUP
	Logon ID:		0x3E7

Object:
	Object Server:	Security
	Object Type:	File
	Object Name:	C:\Windows\WinSxS\FileMaps\$$_system32_21f9a9c4a2f8b514.cdf-ms
	Handle ID:	0xd70

Process Information:
	Process ID:	0x7a0
	Process Name:	C:\Windows\WinSxS\amd64_microsoft-windows-servicingstack_31bf3856ad364e35_10.0.19041.1220_none_7e21bc567c7ed16b\TiWorker.exe

Auditing Settings:
	Original Security Descriptor:	
	New Security Descriptor:		S:ARAI(AU;SAFA;0x1f0116;;;WD)","-","-","-","-","-","-","-","-","-","-","-","-","-","-","-","-","-","-","-","-","-","-","-","-","-","C:\Windows\WinSxS\amd64_microsoft-windows-servicingstack_31bf3856ad364e35_10.0.19041.1220_none_7e21bc567c7ed16b\TiWorker.exe","C:\Windows\WinSxS\amd64_microsoft-windows-servicingstack_31bf3856ad364e35_10.0.19041.1220_none_7e21bc567c7ed16b\TiWorker.exe","TiWorker.exe","TiWorker.exe","1,952","-","-","-","DESKTOP-32EH6N8$","-","-","-",WORKGROUP,"-","-","-","S-1-5-18","DESKTOP-32EH6N8$","DESKTOP-32EH6N8$","-","-","-","-","-",wineventlog,Security,"DESKTOP-32EH6N8","-","-","-","-","-","-","-","-","-","-","-","-","-","-","-","-","-",0xd70,"-","-","-","-","-","-","-","-","-","-","-","-","-","-","-","S:ARAI(AU;SAFA;0x1f0116;;;WD)","Everyone :System Audit ([Write Owner, Syncronize, Write DACL, Read Control, Delete])","-","C:\Windows\WinSxS\FileMaps\$$_system32_21f9a9c4a2f8b514.cdf-ms",Security,File,"-","-","-","-","-","-","-","-","-","-","-","-","-","-","-","-","-","-",WORKGROUP,0x3e7,"DESKTOP-32EH6N8$","S-1-5-18","-","-","-","-","-","-","-","-","-","-","-","-","-","-","-","-","-","-","-","-","-","-","-","-","-","-","-","-","-","-","-","-","-","-","-","-","-","-","-","-","-","-","-","-",4907,"Audit Success",0x3e7,"-",Info,4,"6,884","{54849625-5478-4994-a5ba-3e3b0328c30d}","Microsoft-Windows-Security-Auditing",2495,"Audit Policy Change","-","-","-","-","-","-","-","-"
"Oct 25, 2022 @ 04:30:49.611",49roDoQBvD32VbPe22k2,".ds-winlogbeat-8.4.3-2022.10.25-000001","-","a5ecbc19-8015-415f-b934-e32147ae0adb","DESKTOP-32EH6N8","1fb453eb-3944-4767-b034-7e48a04dea76","DESKTOP-32EH6N8",winlogbeat,"8.4.3","1.12.0","audit-setting-changed","iam, configuration",4907,"Oct 25, 2022 @ 04:30:50.646","Oct 25, 2022 @ 04:30:52.328",event,security,success,"Microsoft-Windows-Security-Auditing","-","admin, change","-","-","-","-","-","-","-","-","x86_64","DESKTOP-32EH6N8","45429efd-c10a-4299-8a01-8a10b0cbf1b8","fe80::7959:555c:b4f7:82d3, 192.168.170.20, fe80::f415:e770:257d:42d7, 169.254.66.215","00:0c:29:6e:f6:d9, f8:89:d2:da:70:74","DESKTOP-32EH6N8","19044.1288",windows,"10.0.19041.1288 (WinBuild.160101.0800)","Windows 10 Pro","Windows 10 Pro",windows,windows,"10.0",information,"Auditing settings on object were changed.

Subject:
	Security ID:		S-1-5-18
	Account Name:		DESKTOP-32EH6N8$
	Account Domain:		WORKGROUP
	Logon ID:		0x3E7

Object:
	Object Server:	Security
	Object Type:	File
	Object Name:	C:\Windows\WinSxS\FileMaps\$$_syswow64_21ffbdd2a2dd92e0.cdf-ms
	Handle ID:	0xdbc

Process Information:
	Process ID:	0x7a0
	Process Name:	C:\Windows\WinSxS\amd64_microsoft-windows-servicingstack_31bf3856ad364e35_10.0.19041.1220_none_7e21bc567c7ed16b\TiWorker.exe

Auditing Settings:
	Original Security Descriptor:	
	New Security Descriptor:		S:ARAI(AU;SAFA;0x1f0116;;;WD)","-","-","-","-","-","-","-","-","-","-","-","-","-","-","-","-","-","-","-","-","-","-","-","-","-","C:\Windows\WinSxS\amd64_microsoft-windows-servicingstack_31bf3856ad364e35_10.0.19041.1220_none_7e21bc567c7ed16b\TiWorker.exe","C:\Windows\WinSxS\amd64_microsoft-windows-servicingstack_31bf3856ad364e35_10.0.19041.1220_none_7e21bc567c7ed16b\TiWorker.exe","TiWorker.exe","TiWorker.exe","1,952","-","-","-","DESKTOP-32EH6N8$","-","-","-",WORKGROUP,"-","-","-","S-1-5-18","DESKTOP-32EH6N8$","DESKTOP-32EH6N8$","-","-","-","-","-",wineventlog,Security,"DESKTOP-32EH6N8","-","-","-","-","-","-","-","-","-","-","-","-","-","-","-","-","-",0xdbc,"-","-","-","-","-","-","-","-","-","-","-","-","-","-","-","S:ARAI(AU;SAFA;0x1f0116;;;WD)","Everyone :System Audit ([Write Owner, Syncronize, Write DACL, Read Control, Delete])","-","C:\Windows\WinSxS\FileMaps\$$_syswow64_21ffbdd2a2dd92e0.cdf-ms",Security,File,"-","-","-","-","-","-","-","-","-","-","-","-","-","-","-","-","-","-",WORKGROUP,0x3e7,"DESKTOP-32EH6N8$","S-1-5-18","-","-","-","-","-","-","-","-","-","-","-","-","-","-","-","-","-","-","-","-","-","-","-","-","-","-","-","-","-","-","-","-","-","-","-","-","-","-","-","-","-","-","-","-",4907,"Audit Success",0x3e7,"-",Info,4,"6,884","{54849625-5478-4994-a5ba-3e3b0328c30d}","Microsoft-Windows-Security-Auditing",2494,"Audit Policy Change","-","-","-","-","-","-","-","-"
"Oct 25, 2022 @ 04:30:49.609",4troDoQBvD32VbPe22k2,".ds-winlogbeat-8.4.3-2022.10.25-000001","-","a5ecbc19-8015-415f-b934-e32147ae0adb","DESKTOP-32EH6N8","1fb453eb-3944-4767-b034-7e48a04dea76","DESKTOP-32EH6N8",winlogbeat,"8.4.3","1.12.0","audit-setting-changed","iam, configuration",4907,"Oct 25, 2022 @ 04:30:50.646","Oct 25, 2022 @ 04:30:52.327",event,security,success,"Microsoft-Windows-Security-Auditing","-","admin, change","-","-","-","-","-","-","-","-","x86_64","DESKTOP-32EH6N8","45429efd-c10a-4299-8a01-8a10b0cbf1b8","fe80::7959:555c:b4f7:82d3, 192.168.170.20, fe80::f415:e770:257d:42d7, 169.254.66.215","00:0c:29:6e:f6:d9, f8:89:d2:da:70:74","DESKTOP-32EH6N8","19044.1288",windows,"10.0.19041.1288 (WinBuild.160101.0800)","Windows 10 Pro","Windows 10 Pro",windows,windows,"10.0",information,"Auditing settings on object were changed.

Subject:
	Security ID:		S-1-5-18
	Account Name:		DESKTOP-32EH6N8$
	Account Domain:		WORKGROUP
	Logon ID:		0x3E7

Object:
	Object Server:	Security
	Object Type:	File
	Object Name:	C:\Windows\WinSxS\FileMaps\$$.cdf-ms
	Handle ID:	0x970

Process Information:
	Process ID:	0x7a0
	Process Name:	C:\Windows\WinSxS\amd64_microsoft-windows-servicingstack_31bf3856ad364e35_10.0.19041.1220_none_7e21bc567c7ed16b\TiWorker.exe

Auditing Settings:
	Original Security Descriptor:	
	New Security Descriptor:		S:ARAI(AU;SAFA;0x1f0116;;;WD)","-","-","-","-","-","-","-","-","-","-","-","-","-","-","-","-","-","-","-","-","-","-","-","-","-","C:\Windows\WinSxS\amd64_microsoft-windows-servicingstack_31bf3856ad364e35_10.0.19041.1220_none_7e21bc567c7ed16b\TiWorker.exe","C:\Windows\WinSxS\amd64_microsoft-windows-servicingstack_31bf3856ad364e35_10.0.19041.1220_none_7e21bc567c7ed16b\TiWorker.exe","TiWorker.exe","TiWorker.exe","1,952","-","-","-","DESKTOP-32EH6N8$","-","-","-",WORKGROUP,"-","-","-","S-1-5-18","DESKTOP-32EH6N8$","DESKTOP-32EH6N8$","-","-","-","-","-",wineventlog,Security,"DESKTOP-32EH6N8","-","-","-","-","-","-","-","-","-","-","-","-","-","-","-","-","-",0x970,"-","-","-","-","-","-","-","-","-","-","-","-","-","-","-","S:ARAI(AU;SAFA;0x1f0116;;;WD)","Everyone :System Audit ([Write Owner, Syncronize, Write DACL, Read Control, Delete])","-","C:\Windows\WinSxS\FileMaps\$$.cdf-ms",Security,File,"-","-","-","-","-","-","-","-","-","-","-","-","-","-","-","-","-","-",WORKGROUP,0x3e7,"DESKTOP-32EH6N8$","S-1-5-18","-","-","-","-","-","-","-","-","-","-","-","-","-","-","-","-","-","-","-","-","-","-","-","-","-","-","-","-","-","-","-","-","-","-","-","-","-","-","-","-","-","-","-","-",4907,"Audit Success",0x3e7,"-",Info,4,"6,884","{54849625-5478-4994-a5ba-3e3b0328c30d}","Microsoft-Windows-Security-Auditing",2493,"Audit Policy Change","-","-","-","-","-","-","-","-"
"Oct 25, 2022 @ 04:30:49.607",4droDoQBvD32VbPe22k2,".ds-winlogbeat-8.4.3-2022.10.25-000001","-","a5ecbc19-8015-415f-b934-e32147ae0adb","DESKTOP-32EH6N8","1fb453eb-3944-4767-b034-7e48a04dea76","DESKTOP-32EH6N8",winlogbeat,"8.4.3","1.12.0","audit-setting-changed","iam, configuration",4907,"Oct 25, 2022 @ 04:30:50.646","Oct 25, 2022 @ 04:30:52.322",event,security,success,"Microsoft-Windows-Security-Auditing","-","admin, change","-","-","-","-","-","-","-","-","x86_64","DESKTOP-32EH6N8","45429efd-c10a-4299-8a01-8a10b0cbf1b8","fe80::7959:555c:b4f7:82d3, 192.168.170.20, fe80::f415:e770:257d:42d7, 169.254.66.215","00:0c:29:6e:f6:d9, f8:89:d2:da:70:74","DESKTOP-32EH6N8","19044.1288",windows,"10.0.19041.1288 (WinBuild.160101.0800)","Windows 10 Pro","Windows 10 Pro",windows,windows,"10.0",information,"Auditing settings on object were changed.

Subject:
	Security ID:		S-1-5-18
	Account Name:		DESKTOP-32EH6N8$
	Account Domain:		WORKGROUP
	Logon ID:		0x3E7

Object:
	Object Server:	Security
	Object Type:	File
	Object Name:	C:\Windows\WinSxS\FileMaps\_0000000000000000.cdf-ms
	Handle ID:	0xd70

Process Information:
	Process ID:	0x7a0
	Process Name:	C:\Windows\WinSxS\amd64_microsoft-windows-servicingstack_31bf3856ad364e35_10.0.19041.1220_none_7e21bc567c7ed16b\TiWorker.exe

Auditing Settings:
	Original Security Descriptor:	
	New Security Descriptor:		S:ARAI(AU;SAFA;0x1f0116;;;WD)","-","-","-","-","-","-","-","-","-","-","-","-","-","-","-","-","-","-","-","-","-","-","-","-","-","C:\Windows\WinSxS\amd64_microsoft-windows-servicingstack_31bf3856ad364e35_10.0.19041.1220_none_7e21bc567c7ed16b\TiWorker.exe","C:\Windows\WinSxS\amd64_microsoft-windows-servicingstack_31bf3856ad364e35_10.0.19041.1220_none_7e21bc567c7ed16b\TiWorker.exe","TiWorker.exe","TiWorker.exe","1,952","-","-","-","DESKTOP-32EH6N8$","-","-","-",WORKGROUP,"-","-","-","S-1-5-18","DESKTOP-32EH6N8$","DESKTOP-32EH6N8$","-","-","-","-","-",wineventlog,Security,"DESKTOP-32EH6N8","-","-","-","-","-","-","-","-","-","-","-","-","-","-","-","-","-",0xd70,"-","-","-","-","-","-","-","-","-","-","-","-","-","-","-","S:ARAI(AU;SAFA;0x1f0116;;;WD)","Everyone :System Audit ([Write Owner, Syncronize, Write DACL, Read Control, Delete])","-","C:\Windows\WinSxS\FileMaps\_0000000000000000.cdf-ms",Security,File,"-","-","-","-","-","-","-","-","-","-","-","-","-","-","-","-","-","-",WORKGROUP,0x3e7,"DESKTOP-32EH6N8$","S-1-5-18","-","-","-","-","-","-","-","-","-","-","-","-","-","-","-","-","-","-","-","-","-","-","-","-","-","-","-","-","-","-","-","-","-","-","-","-","-","-","-","-","-","-","-","-",4907,"Audit Success",0x3e7,"-",Info,4,"6,884","{54849625-5478-4994-a5ba-3e3b0328c30d}","Microsoft-Windows-Security-Auditing",2492,"Audit Policy Change","-","-","-","-","-","-","-","-"
"Oct 25, 2022 @ 04:30:38.997",4NroDoQBvD32VbPes2mO,".ds-winlogbeat-8.4.3-2022.10.25-000001","-","a5ecbc19-8015-415f-b934-e32147ae0adb","DESKTOP-32EH6N8","1fb453eb-3944-4767-b034-7e48a04dea76","DESKTOP-32EH6N8",winlogbeat,"8.4.3","8.0.0",None,"-",7040,"Oct 25, 2022 @ 04:30:40.523","Oct 25, 2022 @ 04:30:42.189",event,"-","-","Service Control Manager","-","-","-","-","-","-","-","-","-","-","x86_64","DESKTOP-32EH6N8","45429efd-c10a-4299-8a01-8a10b0cbf1b8","fe80::7959:555c:b4f7:82d3, 192.168.170.20, fe80::f415:e770:257d:42d7, 169.254.66.215","00:0c:29:6e:f6:d9, f8:89:d2:da:70:74","DESKTOP-32EH6N8","19044.1288",windows,"10.0.19041.1288 (WinBuild.160101.0800)","Windows 10 Pro","Windows 10 Pro",windows,windows,"10.0",information,"The start type of the Windows Modules Installer service was changed from demand start to auto start.","-","-","-","-","-","-","-","-","-","-","-","-","-","-","-","-","-","-","-","-","-","-","-","-","-","-","-","-","-","-","-","-","-","-","-","-","-","-","-","-","-","-","-","-","-","-","-","-","-",wineventlog,System,"DESKTOP-32EH6N8","-","-","-","-","-","-","-","-","-","-","-","-","-","-","-","-","-","-","-","-","-","-","-","-","-","-","-","-","-","-","-","-","-","-","-","-","-","-","-","-","-","-","-","-","-","-","-","-","-","-","-","-","-","-","-","-","-","-","-","-","-","-","-","-","-","-","-","-","-","-","-","-","-","-","-","-","-","-","-","-","-","-","-","Windows Modules Installer","-","-","-","-","-","demand start","-","-","-","-","auto start",TrustedInstaller,"-","-","-","-","-","-","-","-","-",7040,Classic,"-","-",Info,752,"1,272","{555908d1-a6d7-4695-8e1e-26931d2012f4}","Service Control Manager",1060,None,"NT AUTHORITY","S-1-5-18",SYSTEM,User,"-","-","-","-"
"Oct 25, 2022 @ 04:30:37.028",3droDoQBvD32VbPep2nD,".ds-winlogbeat-8.4.3-2022.10.25-000001","-","a5ecbc19-8015-415f-b934-e32147ae0adb","DESKTOP-32EH6N8","1fb453eb-3944-4767-b034-7e48a04dea76","DESKTOP-32EH6N8",winlogbeat,"8.4.3","8.0.0","Windows Update Agent","-",43,"Oct 25, 2022 @ 04:30:37.504","Oct 25, 2022 @ 04:30:39.171",event,"-","-","Microsoft-Windows-WindowsUpdateClient","-","-","-","-","-","-","-","-","-","-","x86_64","DESKTOP-32EH6N8","45429efd-c10a-4299-8a01-8a10b0cbf1b8","fe80::7959:555c:b4f7:82d3, 192.168.170.20, fe80::f415:e770:257d:42d7, 169.254.66.215","00:0c:29:6e:f6:d9, f8:89:d2:da:70:74","DESKTOP-32EH6N8","19044.1288",windows,"10.0.19041.1288 (WinBuild.160101.0800)","Windows 10 Pro","Windows 10 Pro",windows,windows,"10.0",information,"Installation Started: Windows has started installing the following update: 2022-10 Cumulative Update for .NET Framework 3.5, 4.8 and 4.8.1 for Windows 10 Version 21H2 for x64 (KB5018545)","-","-","-","-","-","-","-","-","-","-","-","-","-","-","-","-","-","-","-","-","-","-","-","-","-","-","-","-","-","-","-","-","-","-","-","-","-","-","-","-","-","-","-","-","-","-","-","-","-",wineventlog,System,"DESKTOP-32EH6N8","-","-","-","-","-","-","-","-","-","-","-","-","-","-","-","-","-","-","-","-","-","-","-","-","-","-","-","-","-","-","-","-","-","-","-","-","-","-","-","-","-","-","-","-","-","-","-","-","-","-","-","-","-","-","-","-","-","-","-","-","-","-","-","-","-","-","-","-","-","-","-","-","-","-","-","-","-","-","-","-","-","-","-","-","-","-","-","-","-","-","-","-","-","-","-","-","-","-","-","-","-","-","{96c2a1b7-901d-4b81-8dcd-5c261fd9b5a8}",200,"2022-10 Cumulative Update for .NET Framework 3.5, 4.8 and 4.8.1 for Windows 10 Version 21H2 for x64 (KB5018545)",43,"Installation, Started","-","-",Installation,"2,828","4,972","{945a8954-c147-4acd-923f-40c45405a658}","Microsoft-Windows-WindowsUpdateClient",1059,"Windows Update Agent","NT AUTHORITY","S-1-5-18",SYSTEM,User,"-","-","-",1
"Oct 25, 2022 @ 04:30:36.858",3troDoQBvD32VbPeq2mv,".ds-winlogbeat-8.4.3-2022.10.25-000001","-","a5ecbc19-8015-415f-b934-e32147ae0adb","DESKTOP-32EH6N8","1fb453eb-3944-4767-b034-7e48a04dea76","DESKTOP-32EH6N8",winlogbeat,"8.4.3","1.12.0","logged-in",authentication,4624,"Oct 25, 2022 @ 04:30:38.511","Oct 25, 2022 @ 04:30:40.175",event,security,success,"Microsoft-Windows-Security-Auditing","-",start,"-","-","-","-","-","-","-","-","x86_64","DESKTOP-32EH6N8","45429efd-c10a-4299-8a01-8a10b0cbf1b8","fe80::7959:555c:b4f7:82d3, 192.168.170.20, fe80::f415:e770:257d:42d7, 169.254.66.215","00:0c:29:6e:f6:d9, f8:89:d2:da:70:74","DESKTOP-32EH6N8","19044.1288",windows,"10.0.19041.1288 (WinBuild.160101.0800)","Windows 10 Pro","Windows 10 Pro",windows,windows,"10.0",information,"An account was successfully logged on.

Subject:
	Security ID:		S-1-5-18
	Account Name:		DESKTOP-32EH6N8$
	Account Domain:		WORKGROUP
	Logon ID:		0x3E7

Logon Information:
	Logon Type:		5
	Restricted Admin Mode:	-
	Virtual Account:		No
	Elevated Token:		Yes

Impersonation Level:		Impersonation

New Logon:
	Security ID:		S-1-5-18
	Account Name:		SYSTEM
	Account Domain:		NT AUTHORITY
	Logon ID:		0x3E7
	Linked Logon ID:		0x0
	Network Account Name:	-
	Network Account Domain:	-
	Logon GUID:		{00000000-0000-0000-0000-000000000000}

Process Information:
	Process ID:		0x2f0
	Process Name:		C:\Windows\System32\services.exe

Network Information:
	Workstation Name:	-
	Source Network Address:	-
	Source Port:		-

Detailed Authentication Information:
	Logon Process:		Advapi  
	Authentication Package:	Negotiate
	Transited Services:	-
	Package Name (NTLM only):	-
	Key Length:		0

This event is generated when a logon session is created. It is generated on the computer that was accessed.

The subject fields indicate the account on the local system which requested the logon. This is most commonly a service such as the Server service, or a local process such as Winlogon.exe or Services.exe.

The logon type field indicates the kind of logon that occurred. The most common types are 2 (interactive) and 3 (network).

The New Logon fields indicate the account for whom the new logon was created, i.e. the account that was logged on.

The network fields indicate where a remote logon request originated. Workstation name is not always available and may be left blank in some cases.

The impersonation level field indicates the extent to which a process in the logon session can impersonate.

The authentication information fields provide detailed information about this specific logon request.
	- Logon GUID is a unique identifier that can be used to correlate this event with a KDC event.
	- Transited services indicate which intermediate services have participated in this logon request.
	- Package name indicates which sub-protocol was used among the NTLM protocols.
	- Key length indicates the length of the generated session key. This will be 0 if no session key was requested.","-","-","-","-","-","-","-","-","-","-","-","-","-","-","-","-","-","-","-","-","-","-","-","-","-","C:\Windows\System32\services.exe","C:\Windows\System32\services.exe","services.exe","services.exe",752,"-","-","-","SYSTEM, DESKTOP-32EH6N8$","-","-","-","NT AUTHORITY","-","-","-","S-1-5-18",SYSTEM,SYSTEM,"-","-","-","-","{96d05236-e7e2-0002-7b52-d096e2e7d801}",wineventlog,Security,"DESKTOP-32EH6N8","-","-",Negotiate,"-","-","-","-","-","-","-","-","-","-","-","%%1842","-","-","-","-","-","-","%%1833","-","-","-",0,"-","-","-","-","{00000000-0000-0000-0000-000000000000}","Advapi  ",5,"-","-","-","-","-","-","-","-","-","-","-","-","-","-","-","-","-","-","-","-","-","-","-","-",WORKGROUP,0x3e7,"DESKTOP-32EH6N8$","S-1-5-18","-","NT AUTHORITY","-",0x0,"-",0x3e7,"-","-","-","-","-",SYSTEM,"S-1-5-18","-","-","-","-","-","-","%%1843","-","-","-","-","-","-","-","-","-","-","-","-","-","-","-","-","-","-","-","-","-","-","-","-",4624,"Audit Success",0x3e7,Service,Info,776,"10,068","{54849625-5478-4994-a5ba-3e3b0328c30d}","Microsoft-Windows-Security-Auditing",2490,Logon,"-","-","-","-","-","-","-",2
"Oct 25, 2022 @ 04:30:36.858",39roDoQBvD32VbPeq2mv,".ds-winlogbeat-8.4.3-2022.10.25-000001","-","a5ecbc19-8015-415f-b934-e32147ae0adb","DESKTOP-32EH6N8","1fb453eb-3944-4767-b034-7e48a04dea76","DESKTOP-32EH6N8",winlogbeat,"8.4.3","1.12.0","logged-in-special",iam,4672,"Oct 25, 2022 @ 04:30:38.511","Oct 25, 2022 @ 04:30:40.175",event,security,success,"Microsoft-Windows-Security-Auditing","-",admin,"-","-","-","-","-","-","-","-","x86_64","DESKTOP-32EH6N8","45429efd-c10a-4299-8a01-8a10b0cbf1b8","fe80::7959:555c:b4f7:82d3, 192.168.170.20, fe80::f415:e770:257d:42d7, 169.254.66.215","00:0c:29:6e:f6:d9, f8:89:d2:da:70:74","DESKTOP-32EH6N8","19044.1288",windows,"10.0.19041.1288 (WinBuild.160101.0800)","Windows 10 Pro","Windows 10 Pro",windows,windows,"10.0",information,"Special privileges assigned to new logon.

Subject:
	Security ID:		S-1-5-18
	Account Name:		SYSTEM
	Account Domain:		NT AUTHORITY
	Logon ID:		0x3E7

Privileges:		SeAssignPrimaryTokenPrivilege
			SeTcbPrivilege
			SeSecurityPrivilege
			SeTakeOwnershipPrivilege
			SeLoadDriverPrivilege
			SeBackupPrivilege
			SeRestorePrivilege
			SeDebugPrivilege
			SeAuditPrivilege
			SeSystemEnvironmentPrivilege
			SeImpersonatePrivilege
			SeDelegateSessionUserImpersonatePrivilege","-","-","-","-","-","-","-","-","-","-","-","-","-","-","-","-","-","-","-","-","-","-","-","-","-","-","-","-","-","-","-","-","-",SYSTEM,"-","-","-","NT AUTHORITY","-","-","-","S-1-5-18",SYSTEM,SYSTEM,"-","-","-","-","{96d05236-e7e2-0002-7b52-d096e2e7d801}",wineventlog,Security,"DESKTOP-32EH6N8","-","-","-","-","-","-","-","-","-","-","-","-","-","-","-","-","-","-","-","-","-","-","-","-","-","-","-","-","-","-","-","-","-","-","-","-","-","-","-","-","-","-","-","SeAssignPrimaryTokenPrivilege, SeTcbPrivilege, SeSecurityPrivilege, SeTakeOwnershipPrivilege, SeLoadDriverPrivilege, SeBackupPrivilege, SeRestorePrivilege, SeDebugPrivilege, SeAuditPrivilege, SeSystemEnvironmentPrivilege, SeImpersonatePrivilege, SeDelegateSessionUserImpersonatePrivilege","-","-","-","-","-","-","-","-","-","-","-","-","-","NT AUTHORITY",0x3e7,SYSTEM,"S-1-5-18","-","-","-","-","-","-","-","-","-","-","-","-","-","-","-","-","-","-","-","-","-","-","-","-","-","-","-","-","-","-","-","-","-","-","-","-","-","-","-","-","-","-","-","-",4672,"Audit Success",0x3e7,"-",Info,776,"10,068","{54849625-5478-4994-a5ba-3e3b0328c30d}","Microsoft-Windows-Security-Auditing",2491,"Special Logon","-","-","-","-","-","-","-","-"
"Oct 25, 2022 @ 04:30:36.365",3NroDoQBvD32VbPep2nD,".ds-winlogbeat-8.4.3-2022.10.25-000001","-","a5ecbc19-8015-415f-b934-e32147ae0adb","DESKTOP-32EH6N8","1fb453eb-3944-4767-b034-7e48a04dea76","DESKTOP-32EH6N8",winlogbeat,"8.4.3","8.0.0",None,"-",37,"Oct 25, 2022 @ 04:30:37.504","Oct 25, 2022 @ 04:30:39.171",event,"-","-","Microsoft-Windows-Time-Service","-","-","-","-","-","-","-","-","-","-","x86_64","DESKTOP-32EH6N8","45429efd-c10a-4299-8a01-8a10b0cbf1b8","fe80::7959:555c:b4f7:82d3, 192.168.170.20, fe80::f415:e770:257d:42d7, 169.254.66.215","00:0c:29:6e:f6:d9, f8:89:d2:da:70:74","DESKTOP-32EH6N8","19044.1288",windows,"10.0.19041.1288 (WinBuild.160101.0800)","Windows 10 Pro","Windows 10 Pro",windows,windows,"10.0",information,"The time provider NtpClient is currently receiving valid time data from time.windows.com,0x9 (ntp.m|0x9|0.0.0.0:123->52.148.114.188:123).","-","-","-","-","-","-","-","-","-","-","-","-","-","-","-","-","-","-","-","-","-","-","-","-","-","-","-","-","-","-","-","-","-","-","-","-","-","-","-","-","-","-","-","-","-","-","-","-","-",wineventlog,System,"DESKTOP-32EH6N8","-","-","-","-","-","-","-","-","-","-","-","-","-","-","-","-","-","-","-","-","-","-","-","-","-","-","-","-","-","-","-","-","-","-","-","-","-","-","-","-","-","-","-","-","-","-","-","-","-","-","-","-","-","-","-","-","-","-","-","-","-","-","-","-","-","-","-","-","-","-","-","-","-","-","time.windows.com,0x9 (ntp.m|0x9|0.0.0.0:123->52.148.114.188:123)","-","-","-","-","-","-","-","-","-","-","-","-","-","-","-","-","-","-","-","-","-","-","-","-","-","-","-","-","-","-",37,"-","-","-",Info,"9,312","5,852","{06edcfeb-0fd0-4e53-acca-a6f8bbf81bcb}","Microsoft-Windows-Time-Service",1058,None,"NT AUTHORITY","S-1-5-19","LOCAL SERVICE","Well Known Group","-","-","-","-"
"Oct 25, 2022 @ 04:30:35.568",2droDoQBvD32VbPeo2nU,".ds-winlogbeat-8.4.3-2022.10.25-000001","-","a5ecbc19-8015-415f-b934-e32147ae0adb","DESKTOP-32EH6N8","1fb453eb-3944-4767-b034-7e48a04dea76","DESKTOP-32EH6N8",winlogbeat,"8.4.3","8.0.0",None,"-",16394,"Oct 25, 2022 @ 04:30:36.490","Oct 25, 2022 @ 04:30:38.163",event,"-","-","Microsoft-Windows-Security-SPP","-","-","-","-","-","-","-","-","-","-","x86_64","DESKTOP-32EH6N8","45429efd-c10a-4299-8a01-8a10b0cbf1b8","fe80::7959:555c:b4f7:82d3, 192.168.170.20, fe80::f415:e770:257d:42d7, 169.254.66.215","00:0c:29:6e:f6:d9, f8:89:d2:da:70:74","DESKTOP-32EH6N8","19044.1288",windows,"10.0.19041.1288 (WinBuild.160101.0800)","Windows 10 Pro","Windows 10 Pro",windows,windows,"10.0",information,"Offline downlevel migration succeeded.","-","-","-","-","-","-","-","-","-","-","-","-","-","-","-","-","-","-","-","-","-","-","-","-","-","-","-","-","-","-","-","-","-","-","-","-","-","-","-","-","-","-","-","-","-","-","-","-","-",wineventlog,Application,"DESKTOP-32EH6N8","-","-","-","-","-","-","-","-","-","-","-","-","-","-","-","-","-","-","-","-","-","-","-","-","-","-","-","-","-","-","-","-","-","-","-","-","-","-","-","-","-","-","-","-","-","-","-","-","-","-","-","-","-","-","-","-","-","-","-","-","-","-","-","-","-","-","-","-","-","-","-","-","-","-","-","-","-","-","-","-","-","-","-","-","-","-","-","-","-","-","-","-","-","-","-","-","-","-","-","-","-","-","-","-","-",16394,Classic,"-","-",Info,"-","-","{E23B33B0-C8C9-472C-A5F9-F2BDFEA0F156}","Microsoft-Windows-Security-SPP",568,None,"-","-","-","-","-","-","-","-"
"Oct 25, 2022 @ 04:30:35.102",2troDoQBvD32VbPeo2nU,".ds-winlogbeat-8.4.3-2022.10.25-000001","-","a5ecbc19-8015-415f-b934-e32147ae0adb","DESKTOP-32EH6N8","1fb453eb-3944-4767-b034-7e48a04dea76","DESKTOP-32EH6N8",winlogbeat,"8.4.3","1.12.0","logged-in",authentication,4624,"Oct 25, 2022 @ 04:30:36.492","Oct 25, 2022 @ 04:30:38.163",event,security,success,"Microsoft-Windows-Security-Auditing","-",start,"-","-","-","-","-","-","-","-","x86_64","DESKTOP-32EH6N8","45429efd-c10a-4299-8a01-8a10b0cbf1b8","fe80::7959:555c:b4f7:82d3, 192.168.170.20, fe80::f415:e770:257d:42d7, 169.254.66.215","00:0c:29:6e:f6:d9, f8:89:d2:da:70:74","DESKTOP-32EH6N8","19044.1288",windows,"10.0.19041.1288 (WinBuild.160101.0800)","Windows 10 Pro","Windows 10 Pro",windows,windows,"10.0",information,"An account was successfully logged on.

Subject:
	Security ID:		S-1-5-18
	Account Name:		DESKTOP-32EH6N8$
	Account Domain:		WORKGROUP
	Logon ID:		0x3E7

Logon Information:
	Logon Type:		5
	Restricted Admin Mode:	-
	Virtual Account:		No
	Elevated Token:		Yes

Impersonation Level:		Impersonation

New Logon:
	Security ID:		S-1-5-18
	Account Name:		SYSTEM
	Account Domain:		NT AUTHORITY
	Logon ID:		0x3E7
	Linked Logon ID:		0x0
	Network Account Name:	-
	Network Account Domain:	-
	Logon GUID:		{00000000-0000-0000-0000-000000000000}

Process Information:
	Process ID:		0x2f0
	Process Name:		C:\Windows\System32\services.exe

Network Information:
	Workstation Name:	-
	Source Network Address:	-
	Source Port:		-

Detailed Authentication Information:
	Logon Process:		Advapi  
	Authentication Package:	Negotiate
	Transited Services:	-
	Package Name (NTLM only):	-
	Key Length:		0

This event is generated when a logon session is created. It is generated on the computer that was accessed.

The subject fields indicate the account on the local system which requested the logon. This is most commonly a service such as the Server service, or a local process such as Winlogon.exe or Services.exe.

The logon type field indicates the kind of logon that occurred. The most common types are 2 (interactive) and 3 (network).

The New Logon fields indicate the account for whom the new logon was created, i.e. the account that was logged on.

The network fields indicate where a remote logon request originated. Workstation name is not always available and may be left blank in some cases.

The impersonation level field indicates the extent to which a process in the logon session can impersonate.

The authentication information fields provide detailed information about this specific logon request.
	- Logon GUID is a unique identifier that can be used to correlate this event with a KDC event.
	- Transited services indicate which intermediate services have participated in this logon request.
	- Package name indicates which sub-protocol was used among the NTLM protocols.
	- Key length indicates the length of the generated session key. This will be 0 if no session key was requested.","-","-","-","-","-","-","-","-","-","-","-","-","-","-","-","-","-","-","-","-","-","-","-","-","-","C:\Windows\System32\services.exe","C:\Windows\System32\services.exe","services.exe","services.exe",752,"-","-","-","SYSTEM, DESKTOP-32EH6N8$","-","-","-","NT AUTHORITY","-","-","-","S-1-5-18",SYSTEM,SYSTEM,"-","-","-","-","{96d05236-e7e2-0002-7b52-d096e2e7d801}",wineventlog,Security,"DESKTOP-32EH6N8","-","-",Negotiate,"-","-","-","-","-","-","-","-","-","-","-","%%1842","-","-","-","-","-","-","%%1833","-","-","-",0,"-","-","-","-","{00000000-0000-0000-0000-000000000000}","Advapi  ",5,"-","-","-","-","-","-","-","-","-","-","-","-","-","-","-","-","-","-","-","-","-","-","-","-",WORKGROUP,0x3e7,"DESKTOP-32EH6N8$","S-1-5-18","-","NT AUTHORITY","-",0x0,"-",0x3e7,"-","-","-","-","-",SYSTEM,"S-1-5-18","-","-","-","-","-","-","%%1843","-","-","-","-","-","-","-","-","-","-","-","-","-","-","-","-","-","-","-","-","-","-","-","-",4624,"Audit Success",0x3e7,Service,Info,776,"8,124","{54849625-5478-4994-a5ba-3e3b0328c30d}","Microsoft-Windows-Security-Auditing",2488,Logon,"-","-","-","-","-","-","-",2
