"Oct 25, 2022 @ 04:30:49.804",QNroDoQBvD32VbPe22qi,".ds-winlogbeat-8.4.3-2022.10.25-000001","-","a5ecbc19-8015-415f-b934-e32147ae0adb","DESKTOP-32EH6N8","1fb453eb-3944-4767-b034-7e48a04dea76","DESKTOP-32EH6N8",winlogbeat,"8.4.3","1.12.0","audit-setting-changed","iam, configuration",4907,"Oct 25, 2022 @ 04:30:50.673","Oct 25, 2022 @ 04:30:52.449",event,security,success,"Microsoft-Windows-Security-Auditing","-","admin, change","-","-","-","-","-","-","-","-","x86_64","DESKTOP-32EH6N8","45429efd-c10a-4299-8a01-8a10b0cbf1b8","fe80::7959:555c:b4f7:82d3, 192.168.170.20, fe80::f415:e770:257d:42d7, 169.254.66.215","00:0c:29:6e:f6:d9, f8:89:d2:da:70:74","DESKTOP-32EH6N8","19044.1288",windows,"10.0.19041.1288 (WinBuild.160101.0800)","Windows 10 Pro","Windows 10 Pro",windows,windows,"10.0",information,"Auditing settings on object were changed.

Subject:
	Security ID:		S-1-5-18
	Account Name:		DESKTOP-32EH6N8$
	Account Domain:		WORKGROUP
	Logon ID:		0x3E7

Object:
	Object Server:	Security
	Object Type:	File
	Object Name:	C:\Windows\Microsoft.NET\Framework64\v4.0.30319\Aspnet_perf.dll
	Handle ID:	0xda8

Process Information:
	Process ID:	0x7a0
	Process Name:	C:\Windows\WinSxS\amd64_microsoft-windows-servicingstack_31bf3856ad364e35_10.0.19041.1220_none_7e21bc567c7ed16b\TiWorker.exe

Auditing Settings:
	Original Security Descriptor:	S:AINO_ACCESS_CONTROL
	New Security Descriptor:		S:ARAI(AU;SAFA;DCLCRPCRSDWDWO;;;WD)","-","-","-","-","-","-","-","-","-","-","-","-","-","-","-","-","-","-","-","-","-","-","-","-","-","C:\Windows\WinSxS\amd64_microsoft-windows-servicingstack_31bf3856ad364e35_10.0.19041.1220_none_7e21bc567c7ed16b\TiWorker.exe","C:\Windows\WinSxS\amd64_microsoft-windows-servicingstack_31bf3856ad364e35_10.0.19041.1220_none_7e21bc567c7ed16b\TiWorker.exe","TiWorker.exe","TiWorker.exe","1,952","-","-","-","DESKTOP-32EH6N8$","-","-","-",WORKGROUP,"-","-","-","S-1-5-18","DESKTOP-32EH6N8$","DESKTOP-32EH6N8$","-","-","-","-","-",wineventlog,Security,"DESKTOP-32EH6N8","-","-","-","-","-","-","-","-","-","-","-","-","-","-","-","-","-",0xda8,"-","-","-","-","-","-","-","-","-","-","-","-","-","-","-","S:ARAI(AU;SAFA;DCLCRPCRSDWDWO;;;WD)","Everyone :System Audit ([Delete All Child Objects, List Contents, Read All Properties, All Extended Rights, Delete, Modify Permissions, Modify Owner])","-","C:\Windows\Microsoft.NET\Framework64\v4.0.30319\Aspnet_perf.dll",Security,File,"S:AINO_ACCESS_CONTROL","-","-","-","-","-","-","-","-","-","-","-","-","-","-","-","-","-",WORKGROUP,0x3e7,"DESKTOP-32EH6N8$","S-1-5-18","-","-","-","-","-","-","-","-","-","-","-","-","-","-","-","-","-","-","-","-","-","-","-","-","-","-","-","-","-","-","-","-","-","-","-","-","-","-","-","-","-","-","-","-",4907,"Audit Success",0x3e7,"-",Info,4,332,"{54849625-5478-4994-a5ba-3e3b0328c30d}","Microsoft-Windows-Security-Auditing",2587,"Audit Policy Change","-","-","-","-","-","-","-","-"
"Oct 25, 2022 @ 04:30:49.803",P9roDoQBvD32VbPe22qi,".ds-winlogbeat-8.4.3-2022.10.25-000001","-","a5ecbc19-8015-415f-b934-e32147ae0adb","DESKTOP-32EH6N8","1fb453eb-3944-4767-b034-7e48a04dea76","DESKTOP-32EH6N8",winlogbeat,"8.4.3","1.12.0","audit-setting-changed","iam, configuration",4907,"Oct 25, 2022 @ 04:30:50.673","Oct 25, 2022 @ 04:30:52.448",event,security,success,"Microsoft-Windows-Security-Auditing","-","admin, change","-","-","-","-","-","-","-","-","x86_64","DESKTOP-32EH6N8","45429efd-c10a-4299-8a01-8a10b0cbf1b8","fe80::7959:555c:b4f7:82d3, 192.168.170.20, fe80::f415:e770:257d:42d7, 169.254.66.215","00:0c:29:6e:f6:d9, f8:89:d2:da:70:74","DESKTOP-32EH6N8","19044.1288",windows,"10.0.19041.1288 (WinBuild.160101.0800)","Windows 10 Pro","Windows 10 Pro",windows,windows,"10.0",information,"Auditing settings on object were changed.

Subject:
	Security ID:		S-1-5-18
	Account Name:		DESKTOP-32EH6N8$
	Account Domain:		WORKGROUP
	Logon ID:		0x3E7

Object:
	Object Server:	Security
	Object Type:	File
	Object Name:	C:\Windows\Microsoft.NET\Framework\v4.0.30319\WPF\en-US\PresentationHost_v0400.dll.mui
	Handle ID:	0xd98

Process Information:
	Process ID:	0x7a0
	Process Name:	C:\Windows\WinSxS\amd64_microsoft-windows-servicingstack_31bf3856ad364e35_10.0.19041.1220_none_7e21bc567c7ed16b\TiWorker.exe

Auditing Settings:
	Original Security Descriptor:	S:AINO_ACCESS_CONTROL
	New Security Descriptor:		S:ARAI(AU;SAFA;DCLCRPCRSDWDWO;;;WD)","-","-","-","-","-","-","-","-","-","-","-","-","-","-","-","-","-","-","-","-","-","-","-","-","-","C:\Windows\WinSxS\amd64_microsoft-windows-servicingstack_31bf3856ad364e35_10.0.19041.1220_none_7e21bc567c7ed16b\TiWorker.exe","C:\Windows\WinSxS\amd64_microsoft-windows-servicingstack_31bf3856ad364e35_10.0.19041.1220_none_7e21bc567c7ed16b\TiWorker.exe","TiWorker.exe","TiWorker.exe","1,952","-","-","-","DESKTOP-32EH6N8$","-","-","-",WORKGROUP,"-","-","-","S-1-5-18","DESKTOP-32EH6N8$","DESKTOP-32EH6N8$","-","-","-","-","-",wineventlog,Security,"DESKTOP-32EH6N8","-","-","-","-","-","-","-","-","-","-","-","-","-","-","-","-","-",0xd98,"-","-","-","-","-","-","-","-","-","-","-","-","-","-","-","S:ARAI(AU;SAFA;DCLCRPCRSDWDWO;;;WD)","Everyone :System Audit ([Delete All Child Objects, List Contents, Read All Properties, All Extended Rights, Delete, Modify Permissions, Modify Owner])","-","C:\Windows\Microsoft.NET\Framework\v4.0.30319\WPF\en-US\PresentationHost_v0400.dll.mui",Security,File,"S:AINO_ACCESS_CONTROL","-","-","-","-","-","-","-","-","-","-","-","-","-","-","-","-","-",WORKGROUP,0x3e7,"DESKTOP-32EH6N8$","S-1-5-18","-","-","-","-","-","-","-","-","-","-","-","-","-","-","-","-","-","-","-","-","-","-","-","-","-","-","-","-","-","-","-","-","-","-","-","-","-","-","-","-","-","-","-","-",4907,"Audit Success",0x3e7,"-",Info,4,332,"{54849625-5478-4994-a5ba-3e3b0328c30d}","Microsoft-Windows-Security-Auditing",2586,"Audit Policy Change","-","-","-","-","-","-","-","-"
"Oct 25, 2022 @ 04:30:49.800",PtroDoQBvD32VbPe22qi,".ds-winlogbeat-8.4.3-2022.10.25-000001","-","a5ecbc19-8015-415f-b934-e32147ae0adb","DESKTOP-32EH6N8","1fb453eb-3944-4767-b034-7e48a04dea76","DESKTOP-32EH6N8",winlogbeat,"8.4.3","1.12.0","audit-setting-changed","iam, configuration",4907,"Oct 25, 2022 @ 04:30:50.673","Oct 25, 2022 @ 04:30:52.448",event,security,success,"Microsoft-Windows-Security-Auditing","-","admin, change","-","-","-","-","-","-","-","-","x86_64","DESKTOP-32EH6N8","45429efd-c10a-4299-8a01-8a10b0cbf1b8","fe80::7959:555c:b4f7:82d3, 192.168.170.20, fe80::f415:e770:257d:42d7, 169.254.66.215","00:0c:29:6e:f6:d9, f8:89:d2:da:70:74","DESKTOP-32EH6N8","19044.1288",windows,"10.0.19041.1288 (WinBuild.160101.0800)","Windows 10 Pro","Windows 10 Pro",windows,windows,"10.0",information,"Auditing settings on object were changed.

Subject:
	Security ID:		S-1-5-18
	Account Name:		DESKTOP-32EH6N8$
	Account Domain:		WORKGROUP
	Logon ID:		0x3E7

Object:
	Object Server:	Security
	Object Type:	File
	Object Name:	C:\Windows\Microsoft.NET\Framework\v4.0.30319\WPF\wpfgfx_v0400.dll
	Handle ID:	0xdac

Process Information:
	Process ID:	0x7a0
	Process Name:	C:\Windows\WinSxS\amd64_microsoft-windows-servicingstack_31bf3856ad364e35_10.0.19041.1220_none_7e21bc567c7ed16b\TiWorker.exe

Auditing Settings:
	Original Security Descriptor:	S:AINO_ACCESS_CONTROL
	New Security Descriptor:		S:ARAI(AU;SAFA;DCLCRPCRSDWDWO;;;WD)","-","-","-","-","-","-","-","-","-","-","-","-","-","-","-","-","-","-","-","-","-","-","-","-","-","C:\Windows\WinSxS\amd64_microsoft-windows-servicingstack_31bf3856ad364e35_10.0.19041.1220_none_7e21bc567c7ed16b\TiWorker.exe","C:\Windows\WinSxS\amd64_microsoft-windows-servicingstack_31bf3856ad364e35_10.0.19041.1220_none_7e21bc567c7ed16b\TiWorker.exe","TiWorker.exe","TiWorker.exe","1,952","-","-","-","DESKTOP-32EH6N8$","-","-","-",WORKGROUP,"-","-","-","S-1-5-18","DESKTOP-32EH6N8$","DESKTOP-32EH6N8$","-","-","-","-","-",wineventlog,Security,"DESKTOP-32EH6N8","-","-","-","-","-","-","-","-","-","-","-","-","-","-","-","-","-",0xdac,"-","-","-","-","-","-","-","-","-","-","-","-","-","-","-","S:ARAI(AU;SAFA;DCLCRPCRSDWDWO;;;WD)","Everyone :System Audit ([Delete All Child Objects, List Contents, Read All Properties, All Extended Rights, Delete, Modify Permissions, Modify Owner])","-","C:\Windows\Microsoft.NET\Framework\v4.0.30319\WPF\wpfgfx_v0400.dll",Security,File,"S:AINO_ACCESS_CONTROL","-","-","-","-","-","-","-","-","-","-","-","-","-","-","-","-","-",WORKGROUP,0x3e7,"DESKTOP-32EH6N8$","S-1-5-18","-","-","-","-","-","-","-","-","-","-","-","-","-","-","-","-","-","-","-","-","-","-","-","-","-","-","-","-","-","-","-","-","-","-","-","-","-","-","-","-","-","-","-","-",4907,"Audit Success",0x3e7,"-",Info,4,332,"{54849625-5478-4994-a5ba-3e3b0328c30d}","Microsoft-Windows-Security-Auditing",2585,"Audit Policy Change","-","-","-","-","-","-","-","-"
"Oct 25, 2022 @ 04:30:49.799",PdroDoQBvD32VbPe22qi,".ds-winlogbeat-8.4.3-2022.10.25-000001","-","a5ecbc19-8015-415f-b934-e32147ae0adb","DESKTOP-32EH6N8","1fb453eb-3944-4767-b034-7e48a04dea76","DESKTOP-32EH6N8",winlogbeat,"8.4.3","1.12.0","audit-setting-changed","iam, configuration",4907,"Oct 25, 2022 @ 04:30:50.673","Oct 25, 2022 @ 04:30:52.448",event,security,success,"Microsoft-Windows-Security-Auditing","-","admin, change","-","-","-","-","-","-","-","-","x86_64","DESKTOP-32EH6N8","45429efd-c10a-4299-8a01-8a10b0cbf1b8","fe80::7959:555c:b4f7:82d3, 192.168.170.20, fe80::f415:e770:257d:42d7, 169.254.66.215","00:0c:29:6e:f6:d9, f8:89:d2:da:70:74","DESKTOP-32EH6N8","19044.1288",windows,"10.0.19041.1288 (WinBuild.160101.0800)","Windows 10 Pro","Windows 10 Pro",windows,windows,"10.0",information,"Auditing settings on object were changed.

Subject:
	Security ID:		S-1-5-18
	Account Name:		DESKTOP-32EH6N8$
	Account Domain:		WORKGROUP
	Logon ID:		0x3E7

Object:
	Object Server:	Security
	Object Type:	File
	Object Name:	C:\Windows\Microsoft.NET\Framework\v4.0.30319\WPF\WindowsBase.dll
	Handle ID:	0xda8

Process Information:
	Process ID:	0x7a0
	Process Name:	C:\Windows\WinSxS\amd64_microsoft-windows-servicingstack_31bf3856ad364e35_10.0.19041.1220_none_7e21bc567c7ed16b\TiWorker.exe

Auditing Settings:
	Original Security Descriptor:	S:AINO_ACCESS_CONTROL
	New Security Descriptor:		S:ARAI(AU;SAFA;DCLCRPCRSDWDWO;;;WD)","-","-","-","-","-","-","-","-","-","-","-","-","-","-","-","-","-","-","-","-","-","-","-","-","-","C:\Windows\WinSxS\amd64_microsoft-windows-servicingstack_31bf3856ad364e35_10.0.19041.1220_none_7e21bc567c7ed16b\TiWorker.exe","C:\Windows\WinSxS\amd64_microsoft-windows-servicingstack_31bf3856ad364e35_10.0.19041.1220_none_7e21bc567c7ed16b\TiWorker.exe","TiWorker.exe","TiWorker.exe","1,952","-","-","-","DESKTOP-32EH6N8$","-","-","-",WORKGROUP,"-","-","-","S-1-5-18","DESKTOP-32EH6N8$","DESKTOP-32EH6N8$","-","-","-","-","-",wineventlog,Security,"DESKTOP-32EH6N8","-","-","-","-","-","-","-","-","-","-","-","-","-","-","-","-","-",0xda8,"-","-","-","-","-","-","-","-","-","-","-","-","-","-","-","S:ARAI(AU;SAFA;DCLCRPCRSDWDWO;;;WD)","Everyone :System Audit ([Delete All Child Objects, List Contents, Read All Properties, All Extended Rights, Delete, Modify Permissions, Modify Owner])","-","C:\Windows\Microsoft.NET\Framework\v4.0.30319\WPF\WindowsBase.dll",Security,File,"S:AINO_ACCESS_CONTROL","-","-","-","-","-","-","-","-","-","-","-","-","-","-","-","-","-",WORKGROUP,0x3e7,"DESKTOP-32EH6N8$","S-1-5-18","-","-","-","-","-","-","-","-","-","-","-","-","-","-","-","-","-","-","-","-","-","-","-","-","-","-","-","-","-","-","-","-","-","-","-","-","-","-","-","-","-","-","-","-",4907,"Audit Success",0x3e7,"-",Info,4,332,"{54849625-5478-4994-a5ba-3e3b0328c30d}","Microsoft-Windows-Security-Auditing",2584,"Audit Policy Change","-","-","-","-","-","-","-","-"
"Oct 25, 2022 @ 04:30:49.797",O9roDoQBvD32VbPe22qi,".ds-winlogbeat-8.4.3-2022.10.25-000001","-","a5ecbc19-8015-415f-b934-e32147ae0adb","DESKTOP-32EH6N8","1fb453eb-3944-4767-b034-7e48a04dea76","DESKTOP-32EH6N8",winlogbeat,"8.4.3","1.12.0","audit-setting-changed","iam, configuration",4907,"Oct 25, 2022 @ 04:30:50.673","Oct 25, 2022 @ 04:30:52.448",event,security,success,"Microsoft-Windows-Security-Auditing","-","admin, change","-","-","-","-","-","-","-","-","x86_64","DESKTOP-32EH6N8","45429efd-c10a-4299-8a01-8a10b0cbf1b8","fe80::7959:555c:b4f7:82d3, 192.168.170.20, fe80::f415:e770:257d:42d7, 169.254.66.215","00:0c:29:6e:f6:d9, f8:89:d2:da:70:74","DESKTOP-32EH6N8","19044.1288",windows,"10.0.19041.1288 (WinBuild.160101.0800)","Windows 10 Pro","Windows 10 Pro",windows,windows,"10.0",information,"Auditing settings on object were changed.

Subject:
	Security ID:		S-1-5-18
	Account Name:		DESKTOP-32EH6N8$
	Account Domain:		WORKGROUP
	Logon ID:		0x3E7

Object:
	Object Server:	Security
	Object Type:	File
	Object Name:	C:\Windows\Microsoft.NET\Framework\v4.0.30319\WPF\UIAutomationProvider.dll
	Handle ID:	0xdac

Process Information:
	Process ID:	0x7a0
	Process Name:	C:\Windows\WinSxS\amd64_microsoft-windows-servicingstack_31bf3856ad364e35_10.0.19041.1220_none_7e21bc567c7ed16b\TiWorker.exe

Auditing Settings:
	Original Security Descriptor:	S:AINO_ACCESS_CONTROL
	New Security Descriptor:		S:ARAI(AU;SAFA;DCLCRPCRSDWDWO;;;WD)","-","-","-","-","-","-","-","-","-","-","-","-","-","-","-","-","-","-","-","-","-","-","-","-","-","C:\Windows\WinSxS\amd64_microsoft-windows-servicingstack_31bf3856ad364e35_10.0.19041.1220_none_7e21bc567c7ed16b\TiWorker.exe","C:\Windows\WinSxS\amd64_microsoft-windows-servicingstack_31bf3856ad364e35_10.0.19041.1220_none_7e21bc567c7ed16b\TiWorker.exe","TiWorker.exe","TiWorker.exe","1,952","-","-","-","DESKTOP-32EH6N8$","-","-","-",WORKGROUP,"-","-","-","S-1-5-18","DESKTOP-32EH6N8$","DESKTOP-32EH6N8$","-","-","-","-","-",wineventlog,Security,"DESKTOP-32EH6N8","-","-","-","-","-","-","-","-","-","-","-","-","-","-","-","-","-",0xdac,"-","-","-","-","-","-","-","-","-","-","-","-","-","-","-","S:ARAI(AU;SAFA;DCLCRPCRSDWDWO;;;WD)","Everyone :System Audit ([Delete All Child Objects, List Contents, Read All Properties, All Extended Rights, Delete, Modify Permissions, Modify Owner])","-","C:\Windows\Microsoft.NET\Framework\v4.0.30319\WPF\UIAutomationProvider.dll",Security,File,"S:AINO_ACCESS_CONTROL","-","-","-","-","-","-","-","-","-","-","-","-","-","-","-","-","-",WORKGROUP,0x3e7,"DESKTOP-32EH6N8$","S-1-5-18","-","-","-","-","-","-","-","-","-","-","-","-","-","-","-","-","-","-","-","-","-","-","-","-","-","-","-","-","-","-","-","-","-","-","-","-","-","-","-","-","-","-","-","-",4907,"Audit Success",0x3e7,"-",Info,4,332,"{54849625-5478-4994-a5ba-3e3b0328c30d}","Microsoft-Windows-Security-Auditing",2582,"Audit Policy Change","-","-","-","-","-","-","-","-"
"Oct 25, 2022 @ 04:30:49.797",PNroDoQBvD32VbPe22qi,".ds-winlogbeat-8.4.3-2022.10.25-000001","-","a5ecbc19-8015-415f-b934-e32147ae0adb","DESKTOP-32EH6N8","1fb453eb-3944-4767-b034-7e48a04dea76","DESKTOP-32EH6N8",winlogbeat,"8.4.3","1.12.0","audit-setting-changed","iam, configuration",4907,"Oct 25, 2022 @ 04:30:50.673","Oct 25, 2022 @ 04:30:52.448",event,security,success,"Microsoft-Windows-Security-Auditing","-","admin, change","-","-","-","-","-","-","-","-","x86_64","DESKTOP-32EH6N8","45429efd-c10a-4299-8a01-8a10b0cbf1b8","fe80::7959:555c:b4f7:82d3, 192.168.170.20, fe80::f415:e770:257d:42d7, 169.254.66.215","00:0c:29:6e:f6:d9, f8:89:d2:da:70:74","DESKTOP-32EH6N8","19044.1288",windows,"10.0.19041.1288 (WinBuild.160101.0800)","Windows 10 Pro","Windows 10 Pro",windows,windows,"10.0",information,"Auditing settings on object were changed.

Subject:
	Security ID:		S-1-5-18
	Account Name:		DESKTOP-32EH6N8$
	Account Domain:		WORKGROUP
	Logon ID:		0x3E7

Object:
	Object Server:	Security
	Object Type:	File
	Object Name:	C:\Windows\Microsoft.NET\Framework\v4.0.30319\WPF\UIAutomationTypes.dll
	Handle ID:	0xd98

Process Information:
	Process ID:	0x7a0
	Process Name:	C:\Windows\WinSxS\amd64_microsoft-windows-servicingstack_31bf3856ad364e35_10.0.19041.1220_none_7e21bc567c7ed16b\TiWorker.exe

Auditing Settings:
	Original Security Descriptor:	S:AINO_ACCESS_CONTROL
	New Security Descriptor:		S:ARAI(AU;SAFA;DCLCRPCRSDWDWO;;;WD)","-","-","-","-","-","-","-","-","-","-","-","-","-","-","-","-","-","-","-","-","-","-","-","-","-","C:\Windows\WinSxS\amd64_microsoft-windows-servicingstack_31bf3856ad364e35_10.0.19041.1220_none_7e21bc567c7ed16b\TiWorker.exe","C:\Windows\WinSxS\amd64_microsoft-windows-servicingstack_31bf3856ad364e35_10.0.19041.1220_none_7e21bc567c7ed16b\TiWorker.exe","TiWorker.exe","TiWorker.exe","1,952","-","-","-","DESKTOP-32EH6N8$","-","-","-",WORKGROUP,"-","-","-","S-1-5-18","DESKTOP-32EH6N8$","DESKTOP-32EH6N8$","-","-","-","-","-",wineventlog,Security,"DESKTOP-32EH6N8","-","-","-","-","-","-","-","-","-","-","-","-","-","-","-","-","-",0xd98,"-","-","-","-","-","-","-","-","-","-","-","-","-","-","-","S:ARAI(AU;SAFA;DCLCRPCRSDWDWO;;;WD)","Everyone :System Audit ([Delete All Child Objects, List Contents, Read All Properties, All Extended Rights, Delete, Modify Permissions, Modify Owner])","-","C:\Windows\Microsoft.NET\Framework\v4.0.30319\WPF\UIAutomationTypes.dll",Security,File,"S:AINO_ACCESS_CONTROL","-","-","-","-","-","-","-","-","-","-","-","-","-","-","-","-","-",WORKGROUP,0x3e7,"DESKTOP-32EH6N8$","S-1-5-18","-","-","-","-","-","-","-","-","-","-","-","-","-","-","-","-","-","-","-","-","-","-","-","-","-","-","-","-","-","-","-","-","-","-","-","-","-","-","-","-","-","-","-","-",4907,"Audit Success",0x3e7,"-",Info,4,332,"{54849625-5478-4994-a5ba-3e3b0328c30d}","Microsoft-Windows-Security-Auditing",2583,"Audit Policy Change","-","-","-","-","-","-","-","-"
"Oct 25, 2022 @ 04:30:49.796",OtroDoQBvD32VbPe22qi,".ds-winlogbeat-8.4.3-2022.10.25-000001","-","a5ecbc19-8015-415f-b934-e32147ae0adb","DESKTOP-32EH6N8","1fb453eb-3944-4767-b034-7e48a04dea76","DESKTOP-32EH6N8",winlogbeat,"8.4.3","1.12.0","audit-setting-changed","iam, configuration",4907,"Oct 25, 2022 @ 04:30:50.649","Oct 25, 2022 @ 04:30:52.447",event,security,success,"Microsoft-Windows-Security-Auditing","-","admin, change","-","-","-","-","-","-","-","-","x86_64","DESKTOP-32EH6N8","45429efd-c10a-4299-8a01-8a10b0cbf1b8","fe80::7959:555c:b4f7:82d3, 192.168.170.20, fe80::f415:e770:257d:42d7, 169.254.66.215","00:0c:29:6e:f6:d9, f8:89:d2:da:70:74","DESKTOP-32EH6N8","19044.1288",windows,"10.0.19041.1288 (WinBuild.160101.0800)","Windows 10 Pro","Windows 10 Pro",windows,windows,"10.0",information,"Auditing settings on object were changed.

Subject:
	Security ID:		S-1-5-18
	Account Name:		DESKTOP-32EH6N8$
	Account Domain:		WORKGROUP
	Logon ID:		0x3E7

Object:
	Object Server:	Security
	Object Type:	File
	Object Name:	C:\Windows\Microsoft.NET\Framework\v4.0.30319\WPF\UIAutomationClientsideProviders.dll
	Handle ID:	0xda8

Process Information:
	Process ID:	0x7a0
	Process Name:	C:\Windows\WinSxS\amd64_microsoft-windows-servicingstack_31bf3856ad364e35_10.0.19041.1220_none_7e21bc567c7ed16b\TiWorker.exe

Auditing Settings:
	Original Security Descriptor:	S:AINO_ACCESS_CONTROL
	New Security Descriptor:		S:ARAI(AU;SAFA;DCLCRPCRSDWDWO;;;WD)","-","-","-","-","-","-","-","-","-","-","-","-","-","-","-","-","-","-","-","-","-","-","-","-","-","C:\Windows\WinSxS\amd64_microsoft-windows-servicingstack_31bf3856ad364e35_10.0.19041.1220_none_7e21bc567c7ed16b\TiWorker.exe","C:\Windows\WinSxS\amd64_microsoft-windows-servicingstack_31bf3856ad364e35_10.0.19041.1220_none_7e21bc567c7ed16b\TiWorker.exe","TiWorker.exe","TiWorker.exe","1,952","-","-","-","DESKTOP-32EH6N8$","-","-","-",WORKGROUP,"-","-","-","S-1-5-18","DESKTOP-32EH6N8$","DESKTOP-32EH6N8$","-","-","-","-","-",wineventlog,Security,"DESKTOP-32EH6N8","-","-","-","-","-","-","-","-","-","-","-","-","-","-","-","-","-",0xda8,"-","-","-","-","-","-","-","-","-","-","-","-","-","-","-","S:ARAI(AU;SAFA;DCLCRPCRSDWDWO;;;WD)","Everyone :System Audit ([Delete All Child Objects, List Contents, Read All Properties, All Extended Rights, Delete, Modify Permissions, Modify Owner])","-","C:\Windows\Microsoft.NET\Framework\v4.0.30319\WPF\UIAutomationClientsideProviders.dll",Security,File,"S:AINO_ACCESS_CONTROL","-","-","-","-","-","-","-","-","-","-","-","-","-","-","-","-","-",WORKGROUP,0x3e7,"DESKTOP-32EH6N8$","S-1-5-18","-","-","-","-","-","-","-","-","-","-","-","-","-","-","-","-","-","-","-","-","-","-","-","-","-","-","-","-","-","-","-","-","-","-","-","-","-","-","-","-","-","-","-","-",4907,"Audit Success",0x3e7,"-",Info,4,332,"{54849625-5478-4994-a5ba-3e3b0328c30d}","Microsoft-Windows-Security-Auditing",2581,"Audit Policy Change","-","-","-","-","-","-","-","-"
"Oct 25, 2022 @ 04:30:49.795",ONroDoQBvD32VbPe22qi,".ds-winlogbeat-8.4.3-2022.10.25-000001","-","a5ecbc19-8015-415f-b934-e32147ae0adb","DESKTOP-32EH6N8","1fb453eb-3944-4767-b034-7e48a04dea76","DESKTOP-32EH6N8",winlogbeat,"8.4.3","1.12.0","audit-setting-changed","iam, configuration",4907,"Oct 25, 2022 @ 04:30:50.649","Oct 25, 2022 @ 04:30:52.447",event,security,success,"Microsoft-Windows-Security-Auditing","-","admin, change","-","-","-","-","-","-","-","-","x86_64","DESKTOP-32EH6N8","45429efd-c10a-4299-8a01-8a10b0cbf1b8","fe80::7959:555c:b4f7:82d3, 192.168.170.20, fe80::f415:e770:257d:42d7, 169.254.66.215","00:0c:29:6e:f6:d9, f8:89:d2:da:70:74","DESKTOP-32EH6N8","19044.1288",windows,"10.0.19041.1288 (WinBuild.160101.0800)","Windows 10 Pro","Windows 10 Pro",windows,windows,"10.0",information,"Auditing settings on object were changed.

Subject:
	Security ID:		S-1-5-18
	Account Name:		DESKTOP-32EH6N8$
	Account Domain:		WORKGROUP
	Logon ID:		0x3E7

Object:
	Object Server:	Security
	Object Type:	File
	Object Name:	C:\Windows\Microsoft.NET\Framework\v4.0.30319\WPF\System.Windows.Controls.Ribbon.dll
	Handle ID:	0xdac

Process Information:
	Process ID:	0x7a0
	Process Name:	C:\Windows\WinSxS\amd64_microsoft-windows-servicingstack_31bf3856ad364e35_10.0.19041.1220_none_7e21bc567c7ed16b\TiWorker.exe

Auditing Settings:
	Original Security Descriptor:	S:AINO_ACCESS_CONTROL
	New Security Descriptor:		S:ARAI(AU;SAFA;DCLCRPCRSDWDWO;;;WD)","-","-","-","-","-","-","-","-","-","-","-","-","-","-","-","-","-","-","-","-","-","-","-","-","-","C:\Windows\WinSxS\amd64_microsoft-windows-servicingstack_31bf3856ad364e35_10.0.19041.1220_none_7e21bc567c7ed16b\TiWorker.exe","C:\Windows\WinSxS\amd64_microsoft-windows-servicingstack_31bf3856ad364e35_10.0.19041.1220_none_7e21bc567c7ed16b\TiWorker.exe","TiWorker.exe","TiWorker.exe","1,952","-","-","-","DESKTOP-32EH6N8$","-","-","-",WORKGROUP,"-","-","-","S-1-5-18","DESKTOP-32EH6N8$","DESKTOP-32EH6N8$","-","-","-","-","-",wineventlog,Security,"DESKTOP-32EH6N8","-","-","-","-","-","-","-","-","-","-","-","-","-","-","-","-","-",0xdac,"-","-","-","-","-","-","-","-","-","-","-","-","-","-","-","S:ARAI(AU;SAFA;DCLCRPCRSDWDWO;;;WD)","Everyone :System Audit ([Delete All Child Objects, List Contents, Read All Properties, All Extended Rights, Delete, Modify Permissions, Modify Owner])","-","C:\Windows\Microsoft.NET\Framework\v4.0.30319\WPF\System.Windows.Controls.Ribbon.dll",Security,File,"S:AINO_ACCESS_CONTROL","-","-","-","-","-","-","-","-","-","-","-","-","-","-","-","-","-",WORKGROUP,0x3e7,"DESKTOP-32EH6N8$","S-1-5-18","-","-","-","-","-","-","-","-","-","-","-","-","-","-","-","-","-","-","-","-","-","-","-","-","-","-","-","-","-","-","-","-","-","-","-","-","-","-","-","-","-","-","-","-",4907,"Audit Success",0x3e7,"-",Info,4,332,"{54849625-5478-4994-a5ba-3e3b0328c30d}","Microsoft-Windows-Security-Auditing",2579,"Audit Policy Change","-","-","-","-","-","-","-","-"
"Oct 25, 2022 @ 04:30:49.795",OdroDoQBvD32VbPe22qi,".ds-winlogbeat-8.4.3-2022.10.25-000001","-","a5ecbc19-8015-415f-b934-e32147ae0adb","DESKTOP-32EH6N8","1fb453eb-3944-4767-b034-7e48a04dea76","DESKTOP-32EH6N8",winlogbeat,"8.4.3","1.12.0","audit-setting-changed","iam, configuration",4907,"Oct 25, 2022 @ 04:30:50.649","Oct 25, 2022 @ 04:30:52.447",event,security,success,"Microsoft-Windows-Security-Auditing","-","admin, change","-","-","-","-","-","-","-","-","x86_64","DESKTOP-32EH6N8","45429efd-c10a-4299-8a01-8a10b0cbf1b8","fe80::7959:555c:b4f7:82d3, 192.168.170.20, fe80::f415:e770:257d:42d7, 169.254.66.215","00:0c:29:6e:f6:d9, f8:89:d2:da:70:74","DESKTOP-32EH6N8","19044.1288",windows,"10.0.19041.1288 (WinBuild.160101.0800)","Windows 10 Pro","Windows 10 Pro",windows,windows,"10.0",information,"Auditing settings on object were changed.

Subject:
	Security ID:		S-1-5-18
	Account Name:		DESKTOP-32EH6N8$
	Account Domain:		WORKGROUP
	Logon ID:		0x3E7

Object:
	Object Server:	Security
	Object Type:	File
	Object Name:	C:\Windows\Microsoft.NET\Framework\v4.0.30319\WPF\UIAutomationClient.dll
	Handle ID:	0xd98

Process Information:
	Process ID:	0x7a0
	Process Name:	C:\Windows\WinSxS\amd64_microsoft-windows-servicingstack_31bf3856ad364e35_10.0.19041.1220_none_7e21bc567c7ed16b\TiWorker.exe

Auditing Settings:
	Original Security Descriptor:	S:AINO_ACCESS_CONTROL
	New Security Descriptor:		S:ARAI(AU;SAFA;DCLCRPCRSDWDWO;;;WD)","-","-","-","-","-","-","-","-","-","-","-","-","-","-","-","-","-","-","-","-","-","-","-","-","-","C:\Windows\WinSxS\amd64_microsoft-windows-servicingstack_31bf3856ad364e35_10.0.19041.1220_none_7e21bc567c7ed16b\TiWorker.exe","C:\Windows\WinSxS\amd64_microsoft-windows-servicingstack_31bf3856ad364e35_10.0.19041.1220_none_7e21bc567c7ed16b\TiWorker.exe","TiWorker.exe","TiWorker.exe","1,952","-","-","-","DESKTOP-32EH6N8$","-","-","-",WORKGROUP,"-","-","-","S-1-5-18","DESKTOP-32EH6N8$","DESKTOP-32EH6N8$","-","-","-","-","-",wineventlog,Security,"DESKTOP-32EH6N8","-","-","-","-","-","-","-","-","-","-","-","-","-","-","-","-","-",0xd98,"-","-","-","-","-","-","-","-","-","-","-","-","-","-","-","S:ARAI(AU;SAFA;DCLCRPCRSDWDWO;;;WD)","Everyone :System Audit ([Delete All Child Objects, List Contents, Read All Properties, All Extended Rights, Delete, Modify Permissions, Modify Owner])","-","C:\Windows\Microsoft.NET\Framework\v4.0.30319\WPF\UIAutomationClient.dll",Security,File,"S:AINO_ACCESS_CONTROL","-","-","-","-","-","-","-","-","-","-","-","-","-","-","-","-","-",WORKGROUP,0x3e7,"DESKTOP-32EH6N8$","S-1-5-18","-","-","-","-","-","-","-","-","-","-","-","-","-","-","-","-","-","-","-","-","-","-","-","-","-","-","-","-","-","-","-","-","-","-","-","-","-","-","-","-","-","-","-","-",4907,"Audit Success",0x3e7,"-",Info,4,332,"{54849625-5478-4994-a5ba-3e3b0328c30d}","Microsoft-Windows-Security-Auditing",2580,"Audit Policy Change","-","-","-","-","-","-","-","-"
"Oct 25, 2022 @ 04:30:49.794",N9roDoQBvD32VbPe22qi,".ds-winlogbeat-8.4.3-2022.10.25-000001","-","a5ecbc19-8015-415f-b934-e32147ae0adb","DESKTOP-32EH6N8","1fb453eb-3944-4767-b034-7e48a04dea76","DESKTOP-32EH6N8",winlogbeat,"8.4.3","1.12.0","audit-setting-changed","iam, configuration",4907,"Oct 25, 2022 @ 04:30:50.649","Oct 25, 2022 @ 04:30:52.447",event,security,success,"Microsoft-Windows-Security-Auditing","-","admin, change","-","-","-","-","-","-","-","-","x86_64","DESKTOP-32EH6N8","45429efd-c10a-4299-8a01-8a10b0cbf1b8","fe80::7959:555c:b4f7:82d3, 192.168.170.20, fe80::f415:e770:257d:42d7, 169.254.66.215","00:0c:29:6e:f6:d9, f8:89:d2:da:70:74","DESKTOP-32EH6N8","19044.1288",windows,"10.0.19041.1288 (WinBuild.160101.0800)","Windows 10 Pro","Windows 10 Pro",windows,windows,"10.0",information,"Auditing settings on object were changed.

Subject:
	Security ID:		S-1-5-18
	Account Name:		DESKTOP-32EH6N8$
	Account Domain:		WORKGROUP
	Logon ID:		0x3E7

Object:
	Object Server:	Security
	Object Type:	File
	Object Name:	C:\Windows\Microsoft.NET\Framework\v4.0.30319\WPF\PresentationNative_v0400.dll
	Handle ID:	0xda8

Process Information:
	Process ID:	0x7a0
	Process Name:	C:\Windows\WinSxS\amd64_microsoft-windows-servicingstack_31bf3856ad364e35_10.0.19041.1220_none_7e21bc567c7ed16b\TiWorker.exe

Auditing Settings:
	Original Security Descriptor:	S:AINO_ACCESS_CONTROL
	New Security Descriptor:		S:ARAI(AU;SAFA;DCLCRPCRSDWDWO;;;WD)","-","-","-","-","-","-","-","-","-","-","-","-","-","-","-","-","-","-","-","-","-","-","-","-","-","C:\Windows\WinSxS\amd64_microsoft-windows-servicingstack_31bf3856ad364e35_10.0.19041.1220_none_7e21bc567c7ed16b\TiWorker.exe","C:\Windows\WinSxS\amd64_microsoft-windows-servicingstack_31bf3856ad364e35_10.0.19041.1220_none_7e21bc567c7ed16b\TiWorker.exe","TiWorker.exe","TiWorker.exe","1,952","-","-","-","DESKTOP-32EH6N8$","-","-","-",WORKGROUP,"-","-","-","S-1-5-18","DESKTOP-32EH6N8$","DESKTOP-32EH6N8$","-","-","-","-","-",wineventlog,Security,"DESKTOP-32EH6N8","-","-","-","-","-","-","-","-","-","-","-","-","-","-","-","-","-",0xda8,"-","-","-","-","-","-","-","-","-","-","-","-","-","-","-","S:ARAI(AU;SAFA;DCLCRPCRSDWDWO;;;WD)","Everyone :System Audit ([Delete All Child Objects, List Contents, Read All Properties, All Extended Rights, Delete, Modify Permissions, Modify Owner])","-","C:\Windows\Microsoft.NET\Framework\v4.0.30319\WPF\PresentationNative_v0400.dll",Security,File,"S:AINO_ACCESS_CONTROL","-","-","-","-","-","-","-","-","-","-","-","-","-","-","-","-","-",WORKGROUP,0x3e7,"DESKTOP-32EH6N8$","S-1-5-18","-","-","-","-","-","-","-","-","-","-","-","-","-","-","-","-","-","-","-","-","-","-","-","-","-","-","-","-","-","-","-","-","-","-","-","-","-","-","-","-","-","-","-","-",4907,"Audit Success",0x3e7,"-",Info,4,332,"{54849625-5478-4994-a5ba-3e3b0328c30d}","Microsoft-Windows-Security-Auditing",2578,"Audit Policy Change","-","-","-","-","-","-","-","-"
"Oct 25, 2022 @ 04:30:49.792",NtroDoQBvD32VbPe22qi,".ds-winlogbeat-8.4.3-2022.10.25-000001","-","a5ecbc19-8015-415f-b934-e32147ae0adb","DESKTOP-32EH6N8","1fb453eb-3944-4767-b034-7e48a04dea76","DESKTOP-32EH6N8",winlogbeat,"8.4.3","1.12.0","audit-setting-changed","iam, configuration",4907,"Oct 25, 2022 @ 04:30:50.649","Oct 25, 2022 @ 04:30:52.447",event,security,success,"Microsoft-Windows-Security-Auditing","-","admin, change","-","-","-","-","-","-","-","-","x86_64","DESKTOP-32EH6N8","45429efd-c10a-4299-8a01-8a10b0cbf1b8","fe80::7959:555c:b4f7:82d3, 192.168.170.20, fe80::f415:e770:257d:42d7, 169.254.66.215","00:0c:29:6e:f6:d9, f8:89:d2:da:70:74","DESKTOP-32EH6N8","19044.1288",windows,"10.0.19041.1288 (WinBuild.160101.0800)","Windows 10 Pro","Windows 10 Pro",windows,windows,"10.0",information,"Auditing settings on object were changed.

Subject:
	Security ID:		S-1-5-18
	Account Name:		DESKTOP-32EH6N8$
	Account Domain:		WORKGROUP
	Logon ID:		0x3E7

Object:
	Object Server:	Security
	Object Type:	File
	Object Name:	C:\Windows\Microsoft.NET\Framework\v4.0.30319\WPF\PresentationHost_v0400.dll
	Handle ID:	0xd98

Process Information:
	Process ID:	0x7a0
	Process Name:	C:\Windows\WinSxS\amd64_microsoft-windows-servicingstack_31bf3856ad364e35_10.0.19041.1220_none_7e21bc567c7ed16b\TiWorker.exe

Auditing Settings:
	Original Security Descriptor:	S:AINO_ACCESS_CONTROL
	New Security Descriptor:		S:ARAI(AU;SAFA;DCLCRPCRSDWDWO;;;WD)","-","-","-","-","-","-","-","-","-","-","-","-","-","-","-","-","-","-","-","-","-","-","-","-","-","C:\Windows\WinSxS\amd64_microsoft-windows-servicingstack_31bf3856ad364e35_10.0.19041.1220_none_7e21bc567c7ed16b\TiWorker.exe","C:\Windows\WinSxS\amd64_microsoft-windows-servicingstack_31bf3856ad364e35_10.0.19041.1220_none_7e21bc567c7ed16b\TiWorker.exe","TiWorker.exe","TiWorker.exe","1,952","-","-","-","DESKTOP-32EH6N8$","-","-","-",WORKGROUP,"-","-","-","S-1-5-18","DESKTOP-32EH6N8$","DESKTOP-32EH6N8$","-","-","-","-","-",wineventlog,Security,"DESKTOP-32EH6N8","-","-","-","-","-","-","-","-","-","-","-","-","-","-","-","-","-",0xd98,"-","-","-","-","-","-","-","-","-","-","-","-","-","-","-","S:ARAI(AU;SAFA;DCLCRPCRSDWDWO;;;WD)","Everyone :System Audit ([Delete All Child Objects, List Contents, Read All Properties, All Extended Rights, Delete, Modify Permissions, Modify Owner])","-","C:\Windows\Microsoft.NET\Framework\v4.0.30319\WPF\PresentationHost_v0400.dll",Security,File,"S:AINO_ACCESS_CONTROL","-","-","-","-","-","-","-","-","-","-","-","-","-","-","-","-","-",WORKGROUP,0x3e7,"DESKTOP-32EH6N8$","S-1-5-18","-","-","-","-","-","-","-","-","-","-","-","-","-","-","-","-","-","-","-","-","-","-","-","-","-","-","-","-","-","-","-","-","-","-","-","-","-","-","-","-","-","-","-","-",4907,"Audit Success",0x3e7,"-",Info,4,332,"{54849625-5478-4994-a5ba-3e3b0328c30d}","Microsoft-Windows-Security-Auditing",2577,"Audit Policy Change","-","-","-","-","-","-","-","-"
"Oct 25, 2022 @ 04:30:49.790",NdroDoQBvD32VbPe22qi,".ds-winlogbeat-8.4.3-2022.10.25-000001","-","a5ecbc19-8015-415f-b934-e32147ae0adb","DESKTOP-32EH6N8","1fb453eb-3944-4767-b034-7e48a04dea76","DESKTOP-32EH6N8",winlogbeat,"8.4.3","1.12.0","audit-setting-changed","iam, configuration",4907,"Oct 25, 2022 @ 04:30:50.649","Oct 25, 2022 @ 04:30:52.446",event,security,success,"Microsoft-Windows-Security-Auditing","-","admin, change","-","-","-","-","-","-","-","-","x86_64","DESKTOP-32EH6N8","45429efd-c10a-4299-8a01-8a10b0cbf1b8","fe80::7959:555c:b4f7:82d3, 192.168.170.20, fe80::f415:e770:257d:42d7, 169.254.66.215","00:0c:29:6e:f6:d9, f8:89:d2:da:70:74","DESKTOP-32EH6N8","19044.1288",windows,"10.0.19041.1288 (WinBuild.160101.0800)","Windows 10 Pro","Windows 10 Pro",windows,windows,"10.0",information,"Auditing settings on object were changed.

Subject:
	Security ID:		S-1-5-18
	Account Name:		DESKTOP-32EH6N8$
	Account Domain:		WORKGROUP
	Logon ID:		0x3E7

Object:
	Object Server:	Security
	Object Type:	File
	Object Name:	C:\Windows\Microsoft.NET\Framework\v4.0.30319\WPF\PresentationFramework.dll
	Handle ID:	0xdac

Process Information:
	Process ID:	0x7a0
	Process Name:	C:\Windows\WinSxS\amd64_microsoft-windows-servicingstack_31bf3856ad364e35_10.0.19041.1220_none_7e21bc567c7ed16b\TiWorker.exe

Auditing Settings:
	Original Security Descriptor:	S:AINO_ACCESS_CONTROL
	New Security Descriptor:		S:ARAI(AU;SAFA;DCLCRPCRSDWDWO;;;WD)","-","-","-","-","-","-","-","-","-","-","-","-","-","-","-","-","-","-","-","-","-","-","-","-","-","C:\Windows\WinSxS\amd64_microsoft-windows-servicingstack_31bf3856ad364e35_10.0.19041.1220_none_7e21bc567c7ed16b\TiWorker.exe","C:\Windows\WinSxS\amd64_microsoft-windows-servicingstack_31bf3856ad364e35_10.0.19041.1220_none_7e21bc567c7ed16b\TiWorker.exe","TiWorker.exe","TiWorker.exe","1,952","-","-","-","DESKTOP-32EH6N8$","-","-","-",WORKGROUP,"-","-","-","S-1-5-18","DESKTOP-32EH6N8$","DESKTOP-32EH6N8$","-","-","-","-","-",wineventlog,Security,"DESKTOP-32EH6N8","-","-","-","-","-","-","-","-","-","-","-","-","-","-","-","-","-",0xdac,"-","-","-","-","-","-","-","-","-","-","-","-","-","-","-","S:ARAI(AU;SAFA;DCLCRPCRSDWDWO;;;WD)","Everyone :System Audit ([Delete All Child Objects, List Contents, Read All Properties, All Extended Rights, Delete, Modify Permissions, Modify Owner])","-","C:\Windows\Microsoft.NET\Framework\v4.0.30319\WPF\PresentationFramework.dll",Security,File,"S:AINO_ACCESS_CONTROL","-","-","-","-","-","-","-","-","-","-","-","-","-","-","-","-","-",WORKGROUP,0x3e7,"DESKTOP-32EH6N8$","S-1-5-18","-","-","-","-","-","-","-","-","-","-","-","-","-","-","-","-","-","-","-","-","-","-","-","-","-","-","-","-","-","-","-","-","-","-","-","-","-","-","-","-","-","-","-","-",4907,"Audit Success",0x3e7,"-",Info,4,332,"{54849625-5478-4994-a5ba-3e3b0328c30d}","Microsoft-Windows-Security-Auditing",2576,"Audit Policy Change","-","-","-","-","-","-","-","-"
"Oct 25, 2022 @ 04:30:49.789",NNroDoQBvD32VbPe22qi,".ds-winlogbeat-8.4.3-2022.10.25-000001","-","a5ecbc19-8015-415f-b934-e32147ae0adb","DESKTOP-32EH6N8","1fb453eb-3944-4767-b034-7e48a04dea76","DESKTOP-32EH6N8",winlogbeat,"8.4.3","1.12.0","audit-setting-changed","iam, configuration",4907,"Oct 25, 2022 @ 04:30:50.649","Oct 25, 2022 @ 04:30:52.446",event,security,success,"Microsoft-Windows-Security-Auditing","-","admin, change","-","-","-","-","-","-","-","-","x86_64","DESKTOP-32EH6N8","45429efd-c10a-4299-8a01-8a10b0cbf1b8","fe80::7959:555c:b4f7:82d3, 192.168.170.20, fe80::f415:e770:257d:42d7, 169.254.66.215","00:0c:29:6e:f6:d9, f8:89:d2:da:70:74","DESKTOP-32EH6N8","19044.1288",windows,"10.0.19041.1288 (WinBuild.160101.0800)","Windows 10 Pro","Windows 10 Pro",windows,windows,"10.0",information,"Auditing settings on object were changed.

Subject:
	Security ID:		S-1-5-18
	Account Name:		DESKTOP-32EH6N8$
	Account Domain:		WORKGROUP
	Logon ID:		0x3E7

Object:
	Object Server:	Security
	Object Type:	File
	Object Name:	C:\Windows\Microsoft.NET\Framework\v4.0.30319\WPF\PresentationFramework-SystemData.dll
	Handle ID:	0xda8

Process Information:
	Process ID:	0x7a0
	Process Name:	C:\Windows\WinSxS\amd64_microsoft-windows-servicingstack_31bf3856ad364e35_10.0.19041.1220_none_7e21bc567c7ed16b\TiWorker.exe

Auditing Settings:
	Original Security Descriptor:	S:AINO_ACCESS_CONTROL
	New Security Descriptor:		S:ARAI(AU;SAFA;DCLCRPCRSDWDWO;;;WD)","-","-","-","-","-","-","-","-","-","-","-","-","-","-","-","-","-","-","-","-","-","-","-","-","-","C:\Windows\WinSxS\amd64_microsoft-windows-servicingstack_31bf3856ad364e35_10.0.19041.1220_none_7e21bc567c7ed16b\TiWorker.exe","C:\Windows\WinSxS\amd64_microsoft-windows-servicingstack_31bf3856ad364e35_10.0.19041.1220_none_7e21bc567c7ed16b\TiWorker.exe","TiWorker.exe","TiWorker.exe","1,952","-","-","-","DESKTOP-32EH6N8$","-","-","-",WORKGROUP,"-","-","-","S-1-5-18","DESKTOP-32EH6N8$","DESKTOP-32EH6N8$","-","-","-","-","-",wineventlog,Security,"DESKTOP-32EH6N8","-","-","-","-","-","-","-","-","-","-","-","-","-","-","-","-","-",0xda8,"-","-","-","-","-","-","-","-","-","-","-","-","-","-","-","S:ARAI(AU;SAFA;DCLCRPCRSDWDWO;;;WD)","Everyone :System Audit ([Delete All Child Objects, List Contents, Read All Properties, All Extended Rights, Delete, Modify Permissions, Modify Owner])","-","C:\Windows\Microsoft.NET\Framework\v4.0.30319\WPF\PresentationFramework-SystemData.dll",Security,File,"S:AINO_ACCESS_CONTROL","-","-","-","-","-","-","-","-","-","-","-","-","-","-","-","-","-",WORKGROUP,0x3e7,"DESKTOP-32EH6N8$","S-1-5-18","-","-","-","-","-","-","-","-","-","-","-","-","-","-","-","-","-","-","-","-","-","-","-","-","-","-","-","-","-","-","-","-","-","-","-","-","-","-","-","-","-","-","-","-",4907,"Audit Success",0x3e7,"-",Info,4,332,"{54849625-5478-4994-a5ba-3e3b0328c30d}","Microsoft-Windows-Security-Auditing",2575,"Audit Policy Change","-","-","-","-","-","-","-","-"
"Oct 25, 2022 @ 04:30:49.788",M9roDoQBvD32VbPe22qi,".ds-winlogbeat-8.4.3-2022.10.25-000001","-","a5ecbc19-8015-415f-b934-e32147ae0adb","DESKTOP-32EH6N8","1fb453eb-3944-4767-b034-7e48a04dea76","DESKTOP-32EH6N8",winlogbeat,"8.4.3","1.12.0","audit-setting-changed","iam, configuration",4907,"Oct 25, 2022 @ 04:30:50.649","Oct 25, 2022 @ 04:30:52.446",event,security,success,"Microsoft-Windows-Security-Auditing","-","admin, change","-","-","-","-","-","-","-","-","x86_64","DESKTOP-32EH6N8","45429efd-c10a-4299-8a01-8a10b0cbf1b8","fe80::7959:555c:b4f7:82d3, 192.168.170.20, fe80::f415:e770:257d:42d7, 169.254.66.215","00:0c:29:6e:f6:d9, f8:89:d2:da:70:74","DESKTOP-32EH6N8","19044.1288",windows,"10.0.19041.1288 (WinBuild.160101.0800)","Windows 10 Pro","Windows 10 Pro",windows,windows,"10.0",information,"Auditing settings on object were changed.

Subject:
	Security ID:		S-1-5-18
	Account Name:		DESKTOP-32EH6N8$
	Account Domain:		WORKGROUP
	Logon ID:		0x3E7

Object:
	Object Server:	Security
	Object Type:	File
	Object Name:	C:\Windows\Microsoft.NET\Framework\v4.0.30319\WPF\PresentationCore.dll
	Handle ID:	0xd98

Process Information:
	Process ID:	0x7a0
	Process Name:	C:\Windows\WinSxS\amd64_microsoft-windows-servicingstack_31bf3856ad364e35_10.0.19041.1220_none_7e21bc567c7ed16b\TiWorker.exe

Auditing Settings:
	Original Security Descriptor:	S:AINO_ACCESS_CONTROL
	New Security Descriptor:		S:ARAI(AU;SAFA;DCLCRPCRSDWDWO;;;WD)","-","-","-","-","-","-","-","-","-","-","-","-","-","-","-","-","-","-","-","-","-","-","-","-","-","C:\Windows\WinSxS\amd64_microsoft-windows-servicingstack_31bf3856ad364e35_10.0.19041.1220_none_7e21bc567c7ed16b\TiWorker.exe","C:\Windows\WinSxS\amd64_microsoft-windows-servicingstack_31bf3856ad364e35_10.0.19041.1220_none_7e21bc567c7ed16b\TiWorker.exe","TiWorker.exe","TiWorker.exe","1,952","-","-","-","DESKTOP-32EH6N8$","-","-","-",WORKGROUP,"-","-","-","S-1-5-18","DESKTOP-32EH6N8$","DESKTOP-32EH6N8$","-","-","-","-","-",wineventlog,Security,"DESKTOP-32EH6N8","-","-","-","-","-","-","-","-","-","-","-","-","-","-","-","-","-",0xd98,"-","-","-","-","-","-","-","-","-","-","-","-","-","-","-","S:ARAI(AU;SAFA;DCLCRPCRSDWDWO;;;WD)","Everyone :System Audit ([Delete All Child Objects, List Contents, Read All Properties, All Extended Rights, Delete, Modify Permissions, Modify Owner])","-","C:\Windows\Microsoft.NET\Framework\v4.0.30319\WPF\PresentationCore.dll",Security,File,"S:AINO_ACCESS_CONTROL","-","-","-","-","-","-","-","-","-","-","-","-","-","-","-","-","-",WORKGROUP,0x3e7,"DESKTOP-32EH6N8$","S-1-5-18","-","-","-","-","-","-","-","-","-","-","-","-","-","-","-","-","-","-","-","-","-","-","-","-","-","-","-","-","-","-","-","-","-","-","-","-","-","-","-","-","-","-","-","-",4907,"Audit Success",0x3e7,"-",Info,4,332,"{54849625-5478-4994-a5ba-3e3b0328c30d}","Microsoft-Windows-Security-Auditing",2574,"Audit Policy Change","-","-","-","-","-","-","-","-"
"Oct 25, 2022 @ 04:30:49.786",MtroDoQBvD32VbPe22qi,".ds-winlogbeat-8.4.3-2022.10.25-000001","-","a5ecbc19-8015-415f-b934-e32147ae0adb","DESKTOP-32EH6N8","1fb453eb-3944-4767-b034-7e48a04dea76","DESKTOP-32EH6N8",winlogbeat,"8.4.3","1.12.0","audit-setting-changed","iam, configuration",4907,"Oct 25, 2022 @ 04:30:50.649","Oct 25, 2022 @ 04:30:52.446",event,security,success,"Microsoft-Windows-Security-Auditing","-","admin, change","-","-","-","-","-","-","-","-","x86_64","DESKTOP-32EH6N8","45429efd-c10a-4299-8a01-8a10b0cbf1b8","fe80::7959:555c:b4f7:82d3, 192.168.170.20, fe80::f415:e770:257d:42d7, 169.254.66.215","00:0c:29:6e:f6:d9, f8:89:d2:da:70:74","DESKTOP-32EH6N8","19044.1288",windows,"10.0.19041.1288 (WinBuild.160101.0800)","Windows 10 Pro","Windows 10 Pro",windows,windows,"10.0",information,"Auditing settings on object were changed.

Subject:
	Security ID:		S-1-5-18
	Account Name:		DESKTOP-32EH6N8$
	Account Domain:		WORKGROUP
	Logon ID:		0x3E7

Object:
	Object Server:	Security
	Object Type:	File
	Object Name:	C:\Windows\Microsoft.NET\Framework\v4.0.30319\WPF\PenIMC_v0400.dll
	Handle ID:	0xdac

Process Information:
	Process ID:	0x7a0
	Process Name:	C:\Windows\WinSxS\amd64_microsoft-windows-servicingstack_31bf3856ad364e35_10.0.19041.1220_none_7e21bc567c7ed16b\TiWorker.exe

Auditing Settings:
	Original Security Descriptor:	S:AINO_ACCESS_CONTROL
	New Security Descriptor:		S:ARAI(AU;SAFA;DCLCRPCRSDWDWO;;;WD)","-","-","-","-","-","-","-","-","-","-","-","-","-","-","-","-","-","-","-","-","-","-","-","-","-","C:\Windows\WinSxS\amd64_microsoft-windows-servicingstack_31bf3856ad364e35_10.0.19041.1220_none_7e21bc567c7ed16b\TiWorker.exe","C:\Windows\WinSxS\amd64_microsoft-windows-servicingstack_31bf3856ad364e35_10.0.19041.1220_none_7e21bc567c7ed16b\TiWorker.exe","TiWorker.exe","TiWorker.exe","1,952","-","-","-","DESKTOP-32EH6N8$","-","-","-",WORKGROUP,"-","-","-","S-1-5-18","DESKTOP-32EH6N8$","DESKTOP-32EH6N8$","-","-","-","-","-",wineventlog,Security,"DESKTOP-32EH6N8","-","-","-","-","-","-","-","-","-","-","-","-","-","-","-","-","-",0xdac,"-","-","-","-","-","-","-","-","-","-","-","-","-","-","-","S:ARAI(AU;SAFA;DCLCRPCRSDWDWO;;;WD)","Everyone :System Audit ([Delete All Child Objects, List Contents, Read All Properties, All Extended Rights, Delete, Modify Permissions, Modify Owner])","-","C:\Windows\Microsoft.NET\Framework\v4.0.30319\WPF\PenIMC_v0400.dll",Security,File,"S:AINO_ACCESS_CONTROL","-","-","-","-","-","-","-","-","-","-","-","-","-","-","-","-","-",WORKGROUP,0x3e7,"DESKTOP-32EH6N8$","S-1-5-18","-","-","-","-","-","-","-","-","-","-","-","-","-","-","-","-","-","-","-","-","-","-","-","-","-","-","-","-","-","-","-","-","-","-","-","-","-","-","-","-","-","-","-","-",4907,"Audit Success",0x3e7,"-",Info,4,332,"{54849625-5478-4994-a5ba-3e3b0328c30d}","Microsoft-Windows-Security-Auditing",2573,"Audit Policy Change","-","-","-","-","-","-","-","-"
"Oct 25, 2022 @ 04:30:49.784",MdroDoQBvD32VbPe22qi,".ds-winlogbeat-8.4.3-2022.10.25-000001","-","a5ecbc19-8015-415f-b934-e32147ae0adb","DESKTOP-32EH6N8","1fb453eb-3944-4767-b034-7e48a04dea76","DESKTOP-32EH6N8",winlogbeat,"8.4.3","1.12.0","audit-setting-changed","iam, configuration",4907,"Oct 25, 2022 @ 04:30:50.649","Oct 25, 2022 @ 04:30:52.446",event,security,success,"Microsoft-Windows-Security-Auditing","-","admin, change","-","-","-","-","-","-","-","-","x86_64","DESKTOP-32EH6N8","45429efd-c10a-4299-8a01-8a10b0cbf1b8","fe80::7959:555c:b4f7:82d3, 192.168.170.20, fe80::f415:e770:257d:42d7, 169.254.66.215","00:0c:29:6e:f6:d9, f8:89:d2:da:70:74","DESKTOP-32EH6N8","19044.1288",windows,"10.0.19041.1288 (WinBuild.160101.0800)","Windows 10 Pro","Windows 10 Pro",windows,windows,"10.0",information,"Auditing settings on object were changed.

Subject:
	Security ID:		S-1-5-18
	Account Name:		DESKTOP-32EH6N8$
	Account Domain:		WORKGROUP
	Logon ID:		0x3E7

Object:
	Object Server:	Security
	Object Type:	File
	Object Name:	C:\Windows\Microsoft.NET\Framework\v4.0.30319\WPF\PenIMC2_v0400.dll
	Handle ID:	0xda8

Process Information:
	Process ID:	0x7a0
	Process Name:	C:\Windows\WinSxS\amd64_microsoft-windows-servicingstack_31bf3856ad364e35_10.0.19041.1220_none_7e21bc567c7ed16b\TiWorker.exe

Auditing Settings:
	Original Security Descriptor:	S:AINO_ACCESS_CONTROL
	New Security Descriptor:		S:ARAI(AU;SAFA;DCLCRPCRSDWDWO;;;WD)","-","-","-","-","-","-","-","-","-","-","-","-","-","-","-","-","-","-","-","-","-","-","-","-","-","C:\Windows\WinSxS\amd64_microsoft-windows-servicingstack_31bf3856ad364e35_10.0.19041.1220_none_7e21bc567c7ed16b\TiWorker.exe","C:\Windows\WinSxS\amd64_microsoft-windows-servicingstack_31bf3856ad364e35_10.0.19041.1220_none_7e21bc567c7ed16b\TiWorker.exe","TiWorker.exe","TiWorker.exe","1,952","-","-","-","DESKTOP-32EH6N8$","-","-","-",WORKGROUP,"-","-","-","S-1-5-18","DESKTOP-32EH6N8$","DESKTOP-32EH6N8$","-","-","-","-","-",wineventlog,Security,"DESKTOP-32EH6N8","-","-","-","-","-","-","-","-","-","-","-","-","-","-","-","-","-",0xda8,"-","-","-","-","-","-","-","-","-","-","-","-","-","-","-","S:ARAI(AU;SAFA;DCLCRPCRSDWDWO;;;WD)","Everyone :System Audit ([Delete All Child Objects, List Contents, Read All Properties, All Extended Rights, Delete, Modify Permissions, Modify Owner])","-","C:\Windows\Microsoft.NET\Framework\v4.0.30319\WPF\PenIMC2_v0400.dll",Security,File,"S:AINO_ACCESS_CONTROL","-","-","-","-","-","-","-","-","-","-","-","-","-","-","-","-","-",WORKGROUP,0x3e7,"DESKTOP-32EH6N8$","S-1-5-18","-","-","-","-","-","-","-","-","-","-","-","-","-","-","-","-","-","-","-","-","-","-","-","-","-","-","-","-","-","-","-","-","-","-","-","-","-","-","-","-","-","-","-","-",4907,"Audit Success",0x3e7,"-",Info,4,332,"{54849625-5478-4994-a5ba-3e3b0328c30d}","Microsoft-Windows-Security-Auditing",2572,"Audit Policy Change","-","-","-","-","-","-","-","-"
"Oct 25, 2022 @ 04:30:49.782",MNroDoQBvD32VbPe22qi,".ds-winlogbeat-8.4.3-2022.10.25-000001","-","a5ecbc19-8015-415f-b934-e32147ae0adb","DESKTOP-32EH6N8","1fb453eb-3944-4767-b034-7e48a04dea76","DESKTOP-32EH6N8",winlogbeat,"8.4.3","1.12.0","audit-setting-changed","iam, configuration",4907,"Oct 25, 2022 @ 04:30:50.649","Oct 25, 2022 @ 04:30:52.445",event,security,success,"Microsoft-Windows-Security-Auditing","-","admin, change","-","-","-","-","-","-","-","-","x86_64","DESKTOP-32EH6N8","45429efd-c10a-4299-8a01-8a10b0cbf1b8","fe80::7959:555c:b4f7:82d3, 192.168.170.20, fe80::f415:e770:257d:42d7, 169.254.66.215","00:0c:29:6e:f6:d9, f8:89:d2:da:70:74","DESKTOP-32EH6N8","19044.1288",windows,"10.0.19041.1288 (WinBuild.160101.0800)","Windows 10 Pro","Windows 10 Pro",windows,windows,"10.0",information,"Auditing settings on object were changed.

Subject:
	Security ID:		S-1-5-18
	Account Name:		DESKTOP-32EH6N8$
	Account Domain:		WORKGROUP
	Logon ID:		0x3E7

Object:
	Object Server:	Security
	Object Type:	File
	Object Name:	C:\Windows\Microsoft.NET\Framework\v4.0.30319\WPF\PenIMC.dll
	Handle ID:	0xd98

Process Information:
	Process ID:	0x7a0
	Process Name:	C:\Windows\WinSxS\amd64_microsoft-windows-servicingstack_31bf3856ad364e35_10.0.19041.1220_none_7e21bc567c7ed16b\TiWorker.exe

Auditing Settings:
	Original Security Descriptor:	S:AINO_ACCESS_CONTROL
	New Security Descriptor:		S:ARAI(AU;SAFA;DCLCRPCRSDWDWO;;;WD)","-","-","-","-","-","-","-","-","-","-","-","-","-","-","-","-","-","-","-","-","-","-","-","-","-","C:\Windows\WinSxS\amd64_microsoft-windows-servicingstack_31bf3856ad364e35_10.0.19041.1220_none_7e21bc567c7ed16b\TiWorker.exe","C:\Windows\WinSxS\amd64_microsoft-windows-servicingstack_31bf3856ad364e35_10.0.19041.1220_none_7e21bc567c7ed16b\TiWorker.exe","TiWorker.exe","TiWorker.exe","1,952","-","-","-","DESKTOP-32EH6N8$","-","-","-",WORKGROUP,"-","-","-","S-1-5-18","DESKTOP-32EH6N8$","DESKTOP-32EH6N8$","-","-","-","-","-",wineventlog,Security,"DESKTOP-32EH6N8","-","-","-","-","-","-","-","-","-","-","-","-","-","-","-","-","-",0xd98,"-","-","-","-","-","-","-","-","-","-","-","-","-","-","-","S:ARAI(AU;SAFA;DCLCRPCRSDWDWO;;;WD)","Everyone :System Audit ([Delete All Child Objects, List Contents, Read All Properties, All Extended Rights, Delete, Modify Permissions, Modify Owner])","-","C:\Windows\Microsoft.NET\Framework\v4.0.30319\WPF\PenIMC.dll",Security,File,"S:AINO_ACCESS_CONTROL","-","-","-","-","-","-","-","-","-","-","-","-","-","-","-","-","-",WORKGROUP,0x3e7,"DESKTOP-32EH6N8$","S-1-5-18","-","-","-","-","-","-","-","-","-","-","-","-","-","-","-","-","-","-","-","-","-","-","-","-","-","-","-","-","-","-","-","-","-","-","-","-","-","-","-","-","-","-","-","-",4907,"Audit Success",0x3e7,"-",Info,4,332,"{54849625-5478-4994-a5ba-3e3b0328c30d}","Microsoft-Windows-Security-Auditing",2571,"Audit Policy Change","-","-","-","-","-","-","-","-"
