"Oct 25, 2022 @ 04:38:56.190",39rwDoQBvD32VbPeRGqc,".ds-winlogbeat-8.4.3-2022.10.25-000001","-","a5ecbc19-8015-415f-b934-e32147ae0adb","DESKTOP-32EH6N8","1fb453eb-3944-4767-b034-7e48a04dea76","DESKTOP-32EH6N8",winlogbeat,"8.4.3","8.0.0",None,"-",16384,"Oct 25, 2022 @ 04:38:56.410","Oct 25, 2022 @ 04:38:58.076",event,"-","-","Microsoft-Windows-Security-SPP","-","-","-","-","-","-","-","-","-","-","x86_64","DESKTOP-32EH6N8","45429efd-c10a-4299-8a01-8a10b0cbf1b8","fe80::7959:555c:b4f7:82d3, 192.168.170.20, fe80::f415:e770:257d:42d7, 169.254.66.215","00:0c:29:6e:f6:d9, f8:89:d2:da:70:74","DESKTOP-32EH6N8","19044.1288",windows,"10.0.19041.1288 (WinBuild.160101.0800)","Windows 10 Pro","Windows 10 Pro",windows,windows,"10.0",information,"Successfully scheduled Software Protection service for re-start at 2022-10-26T11:25:56Z. Reason: RulesEngine.","-","-","-","-","-","-","-","-","-","-","-","-","-","-","-","-","-","-","-","-","-","-","-","-","-","-","-","-","-","-","-","-","-","-","-","-","-","-","-","-","-","-","-","-","-","-","-","-","-",wineventlog,Application,"DESKTOP-32EH6N8","-","-","-","-","-","-","-","-","-","-","-","-","-","-","-","-","-","-","-","-","-","-","-","-","-","-","-","-","-","-","-","-","-","-","-","-","-","-","-","-","-","-","-","-","-","-","-","-","-","-","-","-","-","-","-","-","-","-","-","-","-","-","-","-","-","-","-","-","-","-","-","-","-","-","-","-","-","-","-","-","-","-","-","2022-10-26T11:25:56Z","-","-","-","-","-",RulesEngine,"-","-","-","-","-","-","-","-","-","-","-","-","-","-","-",16384,Classic,"-","-",Info,"-","-","{E23B33B0-C8C9-472C-A5F9-F2BDFEA0F156}","Microsoft-Windows-Security-SPP",594,None,"-","-","-","-","-","-","-","-"
"Oct 25, 2022 @ 04:38:26.131",2drvDoQBvD32VbPezmrc,".ds-winlogbeat-8.4.3-2022.10.25-000001","-","a5ecbc19-8015-415f-b934-e32147ae0adb","DESKTOP-32EH6N8","1fb453eb-3944-4767-b034-7e48a04dea76","DESKTOP-32EH6N8",winlogbeat,"8.4.3","8.0.0",None,"-",1034,"Oct 25, 2022 @ 04:38:26.263","Oct 25, 2022 @ 04:38:27.932",event,"-","-","Microsoft-Windows-Security-SPP","-","-","-","-","-","-","-","-","-","-","x86_64","DESKTOP-32EH6N8","45429efd-c10a-4299-8a01-8a10b0cbf1b8","fe80::7959:555c:b4f7:82d3, 192.168.170.20, fe80::f415:e770:257d:42d7, 169.254.66.215","00:0c:29:6e:f6:d9, f8:89:d2:da:70:74","DESKTOP-32EH6N8","19044.1288",windows,"10.0.19041.1288 (WinBuild.160101.0800)","Windows 10 Pro","Windows 10 Pro",windows,windows,"10.0",information,"Duplicate definition of policy found. Policy name=Security-SPP-WriteWauMarker  Priority=500","-","-","-","-","-","-","-","-","-","-","-","-","-","-","-","-","-","-","-","-","-","-","-","-","-","-","-","-","-","-","-","-","-","-","-","-","-","-","-","-","-","-","-","-","-","-","-","-","-",wineventlog,Application,"DESKTOP-32EH6N8","-","-","-","-","-","-","-","-","-","-","-","-","-","-","-","-","-","-","-","-","-","-","-","-","-","-","-","-","-","-","-","-","-","-","-","-","-","-","-","-","-","-","-","-","-","-","-","-","-","-","-","-","-","-","-","-","-","-","-","-","-","-","-","-","-","-","-","-","-","-","-","-","-","-","-","-","-","-","-","-","-","-","-","Security-SPP-WriteWauMarker","-","-","-","-","-",500,"-","-","-","-","-","-","-","-","-","-","-","-","-","-","-",1034,Classic,"-","-",Info,"-","-","{E23B33B0-C8C9-472C-A5F9-F2BDFEA0F156}","Microsoft-Windows-Security-SPP",593,None,"-","-","-","-","-","-","-","-"
"Oct 25, 2022 @ 04:38:26.130",2NrvDoQBvD32VbPezmrc,".ds-winlogbeat-8.4.3-2022.10.25-000001","-","a5ecbc19-8015-415f-b934-e32147ae0adb","DESKTOP-32EH6N8","1fb453eb-3944-4767-b034-7e48a04dea76","DESKTOP-32EH6N8",winlogbeat,"8.4.3","8.0.0",None,"-",1034,"Oct 25, 2022 @ 04:38:26.263","Oct 25, 2022 @ 04:38:27.932",event,"-","-","Microsoft-Windows-Security-SPP","-","-","-","-","-","-","-","-","-","-","x86_64","DESKTOP-32EH6N8","45429efd-c10a-4299-8a01-8a10b0cbf1b8","fe80::7959:555c:b4f7:82d3, 192.168.170.20, fe80::f415:e770:257d:42d7, 169.254.66.215","00:0c:29:6e:f6:d9, f8:89:d2:da:70:74","DESKTOP-32EH6N8","19044.1288",windows,"10.0.19041.1288 (WinBuild.160101.0800)","Windows 10 Pro","Windows 10 Pro",windows,windows,"10.0",information,"Duplicate definition of policy found. Policy name=AAD-BlockAADWorkplaceJoin-Default  Priority=100","-","-","-","-","-","-","-","-","-","-","-","-","-","-","-","-","-","-","-","-","-","-","-","-","-","-","-","-","-","-","-","-","-","-","-","-","-","-","-","-","-","-","-","-","-","-","-","-","-",wineventlog,Application,"DESKTOP-32EH6N8","-","-","-","-","-","-","-","-","-","-","-","-","-","-","-","-","-","-","-","-","-","-","-","-","-","-","-","-","-","-","-","-","-","-","-","-","-","-","-","-","-","-","-","-","-","-","-","-","-","-","-","-","-","-","-","-","-","-","-","-","-","-","-","-","-","-","-","-","-","-","-","-","-","-","-","-","-","-","-","-","-","-","-","AAD-BlockAADWorkplaceJoin-Default","-","-","-","-","-",100,"-","-","-","-","-","-","-","-","-","-","-","-","-","-","-",1034,Classic,"-","-",Info,"-","-","{E23B33B0-C8C9-472C-A5F9-F2BDFEA0F156}","Microsoft-Windows-Security-SPP",592,None,"-","-","-","-","-","-","-","-"
"Oct 25, 2022 @ 04:38:26.109",19rvDoQBvD32VbPezmrc,".ds-winlogbeat-8.4.3-2022.10.25-000001","-","a5ecbc19-8015-415f-b934-e32147ae0adb","DESKTOP-32EH6N8","1fb453eb-3944-4767-b034-7e48a04dea76","DESKTOP-32EH6N8",winlogbeat,"8.4.3","8.0.0",None,"-",1034,"Oct 25, 2022 @ 04:38:26.263","Oct 25, 2022 @ 04:38:27.932",event,"-","-","Microsoft-Windows-Security-SPP","-","-","-","-","-","-","-","-","-","-","x86_64","DESKTOP-32EH6N8","45429efd-c10a-4299-8a01-8a10b0cbf1b8","fe80::7959:555c:b4f7:82d3, 192.168.170.20, fe80::f415:e770:257d:42d7, 169.254.66.215","00:0c:29:6e:f6:d9, f8:89:d2:da:70:74","DESKTOP-32EH6N8","19044.1288",windows,"10.0.19041.1288 (WinBuild.160101.0800)","Windows 10 Pro","Windows 10 Pro",windows,windows,"10.0",information,"Duplicate definition of policy found. Policy name=AAD-BlockAADWorkplaceJoin-Default  Priority=100","-","-","-","-","-","-","-","-","-","-","-","-","-","-","-","-","-","-","-","-","-","-","-","-","-","-","-","-","-","-","-","-","-","-","-","-","-","-","-","-","-","-","-","-","-","-","-","-","-",wineventlog,Application,"DESKTOP-32EH6N8","-","-","-","-","-","-","-","-","-","-","-","-","-","-","-","-","-","-","-","-","-","-","-","-","-","-","-","-","-","-","-","-","-","-","-","-","-","-","-","-","-","-","-","-","-","-","-","-","-","-","-","-","-","-","-","-","-","-","-","-","-","-","-","-","-","-","-","-","-","-","-","-","-","-","-","-","-","-","-","-","-","-","-","AAD-BlockAADWorkplaceJoin-Default","-","-","-","-","-",100,"-","-","-","-","-","-","-","-","-","-","-","-","-","-","-",1034,Classic,"-","-",Info,"-","-","{E23B33B0-C8C9-472C-A5F9-F2BDFEA0F156}","Microsoft-Windows-Security-SPP",591,None,"-","-","-","-","-","-","-","-"
"Oct 25, 2022 @ 04:38:26.077",1trvDoQBvD32VbPezmrc,".ds-winlogbeat-8.4.3-2022.10.25-000001","-","a5ecbc19-8015-415f-b934-e32147ae0adb","DESKTOP-32EH6N8","1fb453eb-3944-4767-b034-7e48a04dea76","DESKTOP-32EH6N8",winlogbeat,"8.4.3","8.0.0",None,"-",1034,"Oct 25, 2022 @ 04:38:26.263","Oct 25, 2022 @ 04:38:27.932",event,"-","-","Microsoft-Windows-Security-SPP","-","-","-","-","-","-","-","-","-","-","x86_64","DESKTOP-32EH6N8","45429efd-c10a-4299-8a01-8a10b0cbf1b8","fe80::7959:555c:b4f7:82d3, 192.168.170.20, fe80::f415:e770:257d:42d7, 169.254.66.215","00:0c:29:6e:f6:d9, f8:89:d2:da:70:74","DESKTOP-32EH6N8","19044.1288",windows,"10.0.19041.1288 (WinBuild.160101.0800)","Windows 10 Pro","Windows 10 Pro",windows,windows,"10.0",information,"Duplicate definition of policy found. Policy name=AAD-BlockAADWorkplaceJoin-Default  Priority=100","-","-","-","-","-","-","-","-","-","-","-","-","-","-","-","-","-","-","-","-","-","-","-","-","-","-","-","-","-","-","-","-","-","-","-","-","-","-","-","-","-","-","-","-","-","-","-","-","-",wineventlog,Application,"DESKTOP-32EH6N8","-","-","-","-","-","-","-","-","-","-","-","-","-","-","-","-","-","-","-","-","-","-","-","-","-","-","-","-","-","-","-","-","-","-","-","-","-","-","-","-","-","-","-","-","-","-","-","-","-","-","-","-","-","-","-","-","-","-","-","-","-","-","-","-","-","-","-","-","-","-","-","-","-","-","-","-","-","-","-","-","-","-","-","AAD-BlockAADWorkplaceJoin-Default","-","-","-","-","-",100,"-","-","-","-","-","-","-","-","-","-","-","-","-","-","-",1034,Classic,"-","-",Info,"-","-","{E23B33B0-C8C9-472C-A5F9-F2BDFEA0F156}","Microsoft-Windows-Security-SPP",590,None,"-","-","-","-","-","-","-","-"
"Oct 25, 2022 @ 04:38:26.062",1drvDoQBvD32VbPezmrc,".ds-winlogbeat-8.4.3-2022.10.25-000001","-","a5ecbc19-8015-415f-b934-e32147ae0adb","DESKTOP-32EH6N8","1fb453eb-3944-4767-b034-7e48a04dea76","DESKTOP-32EH6N8",winlogbeat,"8.4.3","8.0.0",None,"-",1034,"Oct 25, 2022 @ 04:38:26.263","Oct 25, 2022 @ 04:38:27.932",event,"-","-","Microsoft-Windows-Security-SPP","-","-","-","-","-","-","-","-","-","-","x86_64","DESKTOP-32EH6N8","45429efd-c10a-4299-8a01-8a10b0cbf1b8","fe80::7959:555c:b4f7:82d3, 192.168.170.20, fe80::f415:e770:257d:42d7, 169.254.66.215","00:0c:29:6e:f6:d9, f8:89:d2:da:70:74","DESKTOP-32EH6N8","19044.1288",windows,"10.0.19041.1288 (WinBuild.160101.0800)","Windows 10 Pro","Windows 10 Pro",windows,windows,"10.0",information,"Duplicate definition of policy found. Policy name=AAD-BlockAADWorkplaceJoin-Default  Priority=100","-","-","-","-","-","-","-","-","-","-","-","-","-","-","-","-","-","-","-","-","-","-","-","-","-","-","-","-","-","-","-","-","-","-","-","-","-","-","-","-","-","-","-","-","-","-","-","-","-",wineventlog,Application,"DESKTOP-32EH6N8","-","-","-","-","-","-","-","-","-","-","-","-","-","-","-","-","-","-","-","-","-","-","-","-","-","-","-","-","-","-","-","-","-","-","-","-","-","-","-","-","-","-","-","-","-","-","-","-","-","-","-","-","-","-","-","-","-","-","-","-","-","-","-","-","-","-","-","-","-","-","-","-","-","-","-","-","-","-","-","-","-","-","-","AAD-BlockAADWorkplaceJoin-Default","-","-","-","-","-",100,"-","-","-","-","-","-","-","-","-","-","-","-","-","-","-",1034,Classic,"-","-",Info,"-","-","{E23B33B0-C8C9-472C-A5F9-F2BDFEA0F156}","Microsoft-Windows-Security-SPP",589,None,"-","-","-","-","-","-","-","-"
"Oct 25, 2022 @ 04:38:26.046",1NrvDoQBvD32VbPezmrc,".ds-winlogbeat-8.4.3-2022.10.25-000001","-","a5ecbc19-8015-415f-b934-e32147ae0adb","DESKTOP-32EH6N8","1fb453eb-3944-4767-b034-7e48a04dea76","DESKTOP-32EH6N8",winlogbeat,"8.4.3","8.0.0",None,"-",1034,"Oct 25, 2022 @ 04:38:26.263","Oct 25, 2022 @ 04:38:27.932",event,"-","-","Microsoft-Windows-Security-SPP","-","-","-","-","-","-","-","-","-","-","x86_64","DESKTOP-32EH6N8","45429efd-c10a-4299-8a01-8a10b0cbf1b8","fe80::7959:555c:b4f7:82d3, 192.168.170.20, fe80::f415:e770:257d:42d7, 169.254.66.215","00:0c:29:6e:f6:d9, f8:89:d2:da:70:74","DESKTOP-32EH6N8","19044.1288",windows,"10.0.19041.1288 (WinBuild.160101.0800)","Windows 10 Pro","Windows 10 Pro",windows,windows,"10.0",information,"Duplicate definition of policy found. Policy name=AAD-BlockAADWorkplaceJoin-Default  Priority=100","-","-","-","-","-","-","-","-","-","-","-","-","-","-","-","-","-","-","-","-","-","-","-","-","-","-","-","-","-","-","-","-","-","-","-","-","-","-","-","-","-","-","-","-","-","-","-","-","-",wineventlog,Application,"DESKTOP-32EH6N8","-","-","-","-","-","-","-","-","-","-","-","-","-","-","-","-","-","-","-","-","-","-","-","-","-","-","-","-","-","-","-","-","-","-","-","-","-","-","-","-","-","-","-","-","-","-","-","-","-","-","-","-","-","-","-","-","-","-","-","-","-","-","-","-","-","-","-","-","-","-","-","-","-","-","-","-","-","-","-","-","-","-","-","AAD-BlockAADWorkplaceJoin-Default","-","-","-","-","-",100,"-","-","-","-","-","-","-","-","-","-","-","-","-","-","-",1034,Classic,"-","-",Info,"-","-","{E23B33B0-C8C9-472C-A5F9-F2BDFEA0F156}","Microsoft-Windows-Security-SPP",588,None,"-","-","-","-","-","-","-","-"
"Oct 25, 2022 @ 04:38:26.031",09rvDoQBvD32VbPezmrc,".ds-winlogbeat-8.4.3-2022.10.25-000001","-","a5ecbc19-8015-415f-b934-e32147ae0adb","DESKTOP-32EH6N8","1fb453eb-3944-4767-b034-7e48a04dea76","DESKTOP-32EH6N8",winlogbeat,"8.4.3","8.0.0",None,"-",1034,"Oct 25, 2022 @ 04:38:26.263","Oct 25, 2022 @ 04:38:27.932",event,"-","-","Microsoft-Windows-Security-SPP","-","-","-","-","-","-","-","-","-","-","x86_64","DESKTOP-32EH6N8","45429efd-c10a-4299-8a01-8a10b0cbf1b8","fe80::7959:555c:b4f7:82d3, 192.168.170.20, fe80::f415:e770:257d:42d7, 169.254.66.215","00:0c:29:6e:f6:d9, f8:89:d2:da:70:74","DESKTOP-32EH6N8","19044.1288",windows,"10.0.19041.1288 (WinBuild.160101.0800)","Windows 10 Pro","Windows 10 Pro",windows,windows,"10.0",information,"Duplicate definition of policy found. Policy name=AAD-BlockAADWorkplaceJoin-Default  Priority=100","-","-","-","-","-","-","-","-","-","-","-","-","-","-","-","-","-","-","-","-","-","-","-","-","-","-","-","-","-","-","-","-","-","-","-","-","-","-","-","-","-","-","-","-","-","-","-","-","-",wineventlog,Application,"DESKTOP-32EH6N8","-","-","-","-","-","-","-","-","-","-","-","-","-","-","-","-","-","-","-","-","-","-","-","-","-","-","-","-","-","-","-","-","-","-","-","-","-","-","-","-","-","-","-","-","-","-","-","-","-","-","-","-","-","-","-","-","-","-","-","-","-","-","-","-","-","-","-","-","-","-","-","-","-","-","-","-","-","-","-","-","-","-","-","AAD-BlockAADWorkplaceJoin-Default","-","-","-","-","-",100,"-","-","-","-","-","-","-","-","-","-","-","-","-","-","-",1034,Classic,"-","-",Info,"-","-","{E23B33B0-C8C9-472C-A5F9-F2BDFEA0F156}","Microsoft-Windows-Security-SPP",587,None,"-","-","-","-","-","-","-","-"
"Oct 25, 2022 @ 04:38:26.015",0trvDoQBvD32VbPezmrc,".ds-winlogbeat-8.4.3-2022.10.25-000001","-","a5ecbc19-8015-415f-b934-e32147ae0adb","DESKTOP-32EH6N8","1fb453eb-3944-4767-b034-7e48a04dea76","DESKTOP-32EH6N8",winlogbeat,"8.4.3","8.0.0",None,"-",1034,"Oct 25, 2022 @ 04:38:26.263","Oct 25, 2022 @ 04:38:27.932",event,"-","-","Microsoft-Windows-Security-SPP","-","-","-","-","-","-","-","-","-","-","x86_64","DESKTOP-32EH6N8","45429efd-c10a-4299-8a01-8a10b0cbf1b8","fe80::7959:555c:b4f7:82d3, 192.168.170.20, fe80::f415:e770:257d:42d7, 169.254.66.215","00:0c:29:6e:f6:d9, f8:89:d2:da:70:74","DESKTOP-32EH6N8","19044.1288",windows,"10.0.19041.1288 (WinBuild.160101.0800)","Windows 10 Pro","Windows 10 Pro",windows,windows,"10.0",information,"Duplicate definition of policy found. Policy name=AAD-BlockAADWorkplaceJoin-Default  Priority=100","-","-","-","-","-","-","-","-","-","-","-","-","-","-","-","-","-","-","-","-","-","-","-","-","-","-","-","-","-","-","-","-","-","-","-","-","-","-","-","-","-","-","-","-","-","-","-","-","-",wineventlog,Application,"DESKTOP-32EH6N8","-","-","-","-","-","-","-","-","-","-","-","-","-","-","-","-","-","-","-","-","-","-","-","-","-","-","-","-","-","-","-","-","-","-","-","-","-","-","-","-","-","-","-","-","-","-","-","-","-","-","-","-","-","-","-","-","-","-","-","-","-","-","-","-","-","-","-","-","-","-","-","-","-","-","-","-","-","-","-","-","-","-","-","AAD-BlockAADWorkplaceJoin-Default","-","-","-","-","-",100,"-","-","-","-","-","-","-","-","-","-","-","-","-","-","-",1034,Classic,"-","-",Info,"-","-","{E23B33B0-C8C9-472C-A5F9-F2BDFEA0F156}","Microsoft-Windows-Security-SPP",586,None,"-","-","-","-","-","-","-","-"
"Oct 25, 2022 @ 04:38:25.999",0drvDoQBvD32VbPezmrc,".ds-winlogbeat-8.4.3-2022.10.25-000001","-","a5ecbc19-8015-415f-b934-e32147ae0adb","DESKTOP-32EH6N8","1fb453eb-3944-4767-b034-7e48a04dea76","DESKTOP-32EH6N8",winlogbeat,"8.4.3","8.0.0",None,"-",1034,"Oct 25, 2022 @ 04:38:26.263","Oct 25, 2022 @ 04:38:27.932",event,"-","-","Microsoft-Windows-Security-SPP","-","-","-","-","-","-","-","-","-","-","x86_64","DESKTOP-32EH6N8","45429efd-c10a-4299-8a01-8a10b0cbf1b8","fe80::7959:555c:b4f7:82d3, 192.168.170.20, fe80::f415:e770:257d:42d7, 169.254.66.215","00:0c:29:6e:f6:d9, f8:89:d2:da:70:74","DESKTOP-32EH6N8","19044.1288",windows,"10.0.19041.1288 (WinBuild.160101.0800)","Windows 10 Pro","Windows 10 Pro",windows,windows,"10.0",information,"Duplicate definition of policy found. Policy name=AAD-BlockAADWorkplaceJoin-Default  Priority=100","-","-","-","-","-","-","-","-","-","-","-","-","-","-","-","-","-","-","-","-","-","-","-","-","-","-","-","-","-","-","-","-","-","-","-","-","-","-","-","-","-","-","-","-","-","-","-","-","-",wineventlog,Application,"DESKTOP-32EH6N8","-","-","-","-","-","-","-","-","-","-","-","-","-","-","-","-","-","-","-","-","-","-","-","-","-","-","-","-","-","-","-","-","-","-","-","-","-","-","-","-","-","-","-","-","-","-","-","-","-","-","-","-","-","-","-","-","-","-","-","-","-","-","-","-","-","-","-","-","-","-","-","-","-","-","-","-","-","-","-","-","-","-","-","AAD-BlockAADWorkplaceJoin-Default","-","-","-","-","-",100,"-","-","-","-","-","-","-","-","-","-","-","-","-","-","-",1034,Classic,"-","-",Info,"-","-","{E23B33B0-C8C9-472C-A5F9-F2BDFEA0F156}","Microsoft-Windows-Security-SPP",585,None,"-","-","-","-","-","-","-","-"
"Oct 25, 2022 @ 04:38:25.968",0NrvDoQBvD32VbPezmrc,".ds-winlogbeat-8.4.3-2022.10.25-000001","-","a5ecbc19-8015-415f-b934-e32147ae0adb","DESKTOP-32EH6N8","1fb453eb-3944-4767-b034-7e48a04dea76","DESKTOP-32EH6N8",winlogbeat,"8.4.3","8.0.0",None,"-",1034,"Oct 25, 2022 @ 04:38:26.262","Oct 25, 2022 @ 04:38:27.931",event,"-","-","Microsoft-Windows-Security-SPP","-","-","-","-","-","-","-","-","-","-","x86_64","DESKTOP-32EH6N8","45429efd-c10a-4299-8a01-8a10b0cbf1b8","fe80::7959:555c:b4f7:82d3, 192.168.170.20, fe80::f415:e770:257d:42d7, 169.254.66.215","00:0c:29:6e:f6:d9, f8:89:d2:da:70:74","DESKTOP-32EH6N8","19044.1288",windows,"10.0.19041.1288 (WinBuild.160101.0800)","Windows 10 Pro","Windows 10 Pro",windows,windows,"10.0",information,"Duplicate definition of policy found. Policy name=AAD-BlockAADWorkplaceJoin-Default  Priority=100","-","-","-","-","-","-","-","-","-","-","-","-","-","-","-","-","-","-","-","-","-","-","-","-","-","-","-","-","-","-","-","-","-","-","-","-","-","-","-","-","-","-","-","-","-","-","-","-","-",wineventlog,Application,"DESKTOP-32EH6N8","-","-","-","-","-","-","-","-","-","-","-","-","-","-","-","-","-","-","-","-","-","-","-","-","-","-","-","-","-","-","-","-","-","-","-","-","-","-","-","-","-","-","-","-","-","-","-","-","-","-","-","-","-","-","-","-","-","-","-","-","-","-","-","-","-","-","-","-","-","-","-","-","-","-","-","-","-","-","-","-","-","-","-","AAD-BlockAADWorkplaceJoin-Default","-","-","-","-","-",100,"-","-","-","-","-","-","-","-","-","-","-","-","-","-","-",1034,Classic,"-","-",Info,"-","-","{E23B33B0-C8C9-472C-A5F9-F2BDFEA0F156}","Microsoft-Windows-Security-SPP",584,None,"-","-","-","-","-","-","-","-"
"Oct 25, 2022 @ 04:38:25.375",z9rvDoQBvD32VbPezmrc,".ds-winlogbeat-8.4.3-2022.10.25-000001","-","a5ecbc19-8015-415f-b934-e32147ae0adb","DESKTOP-32EH6N8","1fb453eb-3944-4767-b034-7e48a04dea76","DESKTOP-32EH6N8",winlogbeat,"8.4.3","8.0.0",None,"-",16394,"Oct 25, 2022 @ 04:38:26.262","Oct 25, 2022 @ 04:38:27.931",event,"-","-","Microsoft-Windows-Security-SPP","-","-","-","-","-","-","-","-","-","-","x86_64","DESKTOP-32EH6N8","45429efd-c10a-4299-8a01-8a10b0cbf1b8","fe80::7959:555c:b4f7:82d3, 192.168.170.20, fe80::f415:e770:257d:42d7, 169.254.66.215","00:0c:29:6e:f6:d9, f8:89:d2:da:70:74","DESKTOP-32EH6N8","19044.1288",windows,"10.0.19041.1288 (WinBuild.160101.0800)","Windows 10 Pro","Windows 10 Pro",windows,windows,"10.0",information,"Offline downlevel migration succeeded.","-","-","-","-","-","-","-","-","-","-","-","-","-","-","-","-","-","-","-","-","-","-","-","-","-","-","-","-","-","-","-","-","-","-","-","-","-","-","-","-","-","-","-","-","-","-","-","-","-",wineventlog,Application,"DESKTOP-32EH6N8","-","-","-","-","-","-","-","-","-","-","-","-","-","-","-","-","-","-","-","-","-","-","-","-","-","-","-","-","-","-","-","-","-","-","-","-","-","-","-","-","-","-","-","-","-","-","-","-","-","-","-","-","-","-","-","-","-","-","-","-","-","-","-","-","-","-","-","-","-","-","-","-","-","-","-","-","-","-","-","-","-","-","-","-","-","-","-","-","-","-","-","-","-","-","-","-","-","-","-","-","-","-","-","-","-",16394,Classic,"-","-",Info,"-","-","{E23B33B0-C8C9-472C-A5F9-F2BDFEA0F156}","Microsoft-Windows-Security-SPP",583,None,"-","-","-","-","-","-","-","-"
"Oct 25, 2022 @ 04:38:23.619",zdrvDoQBvD32VbPeympm,".ds-winlogbeat-8.4.3-2022.10.25-000001","-","a5ecbc19-8015-415f-b934-e32147ae0adb","DESKTOP-32EH6N8","1fb453eb-3944-4767-b034-7e48a04dea76","DESKTOP-32EH6N8",winlogbeat,"8.4.3","1.12.0","logged-in",authentication,4624,"Oct 25, 2022 @ 04:38:25.122","Oct 25, 2022 @ 04:38:26.789",event,security,success,"Microsoft-Windows-Security-Auditing","-",start,"-","-","-","-","-","-","-","-","x86_64","DESKTOP-32EH6N8","45429efd-c10a-4299-8a01-8a10b0cbf1b8","fe80::7959:555c:b4f7:82d3, 192.168.170.20, fe80::f415:e770:257d:42d7, 169.254.66.215","00:0c:29:6e:f6:d9, f8:89:d2:da:70:74","DESKTOP-32EH6N8","19044.1288",windows,"10.0.19041.1288 (WinBuild.160101.0800)","Windows 10 Pro","Windows 10 Pro",windows,windows,"10.0",information,"An account was successfully logged on.

Subject:
	Security ID:		S-1-5-18
	Account Name:		DESKTOP-32EH6N8$
	Account Domain:		WORKGROUP
	Logon ID:		0x3E7

Logon Information:
	Logon Type:		5
	Restricted Admin Mode:	-
	Virtual Account:		No
	Elevated Token:		Yes

Impersonation Level:		Impersonation

New Logon:
	Security ID:		S-1-5-18
	Account Name:		SYSTEM
	Account Domain:		NT AUTHORITY
	Logon ID:		0x3E7
	Linked Logon ID:		0x0
	Network Account Name:	-
	Network Account Domain:	-
	Logon GUID:		{00000000-0000-0000-0000-000000000000}

Process Information:
	Process ID:		0x2f0
	Process Name:		C:\Windows\System32\services.exe

Network Information:
	Workstation Name:	-
	Source Network Address:	-
	Source Port:		-

Detailed Authentication Information:
	Logon Process:		Advapi  
	Authentication Package:	Negotiate
	Transited Services:	-
	Package Name (NTLM only):	-
	Key Length:		0

This event is generated when a logon session is created. It is generated on the computer that was accessed.

The subject fields indicate the account on the local system which requested the logon. This is most commonly a service such as the Server service, or a local process such as Winlogon.exe or Services.exe.

The logon type field indicates the kind of logon that occurred. The most common types are 2 (interactive) and 3 (network).

The New Logon fields indicate the account for whom the new logon was created, i.e. the account that was logged on.

The network fields indicate where a remote logon request originated. Workstation name is not always available and may be left blank in some cases.

The impersonation level field indicates the extent to which a process in the logon session can impersonate.

The authentication information fields provide detailed information about this specific logon request.
	- Logon GUID is a unique identifier that can be used to correlate this event with a KDC event.
	- Transited services indicate which intermediate services have participated in this logon request.
	- Package name indicates which sub-protocol was used among the NTLM protocols.
	- Key length indicates the length of the generated session key. This will be 0 if no session key was requested.","-","-","-","-","-","-","-","-","-","-","-","-","-","-","-","-","-","-","-","-","-","-","-","-","-","C:\Windows\System32\services.exe","C:\Windows\System32\services.exe","services.exe","services.exe",752,"-","-","-","SYSTEM, DESKTOP-32EH6N8$","-","-","-","NT AUTHORITY","-","-","-","S-1-5-18",SYSTEM,SYSTEM,"-","-","-","-","{96d05236-e7e2-0002-7b52-d096e2e7d801}",wineventlog,Security,"DESKTOP-32EH6N8","-","-",Negotiate,"-","-","-","-","-","-","-","-","-","-","-","%%1842","-","-","-","-","-","-","%%1833","-","-","-",0,"-","-","-","-","{00000000-0000-0000-0000-000000000000}","Advapi  ",5,"-","-","-","-","-","-","-","-","-","-","-","-","-","-","-","-","-","-","-","-","-","-","-","-",WORKGROUP,0x3e7,"DESKTOP-32EH6N8$","S-1-5-18","-","NT AUTHORITY","-",0x0,"-",0x3e7,"-","-","-","-","-",SYSTEM,"S-1-5-18","-","-","-","-","-","-","%%1843","-","-","-","-","-","-","-","-","-","-","-","-","-","-","-","-","-","-","-","-","-","-","-","-",4624,"Audit Success",0x3e7,Service,Info,776,"10,068","{54849625-5478-4994-a5ba-3e3b0328c30d}","Microsoft-Windows-Security-Auditing",2664,Logon,"-","-","-","-","-","-","-",2
"Oct 25, 2022 @ 04:38:23.619",ztrvDoQBvD32VbPeympm,".ds-winlogbeat-8.4.3-2022.10.25-000001","-","a5ecbc19-8015-415f-b934-e32147ae0adb","DESKTOP-32EH6N8","1fb453eb-3944-4767-b034-7e48a04dea76","DESKTOP-32EH6N8",winlogbeat,"8.4.3","1.12.0","logged-in-special",iam,4672,"Oct 25, 2022 @ 04:38:25.122","Oct 25, 2022 @ 04:38:26.789",event,security,success,"Microsoft-Windows-Security-Auditing","-",admin,"-","-","-","-","-","-","-","-","x86_64","DESKTOP-32EH6N8","45429efd-c10a-4299-8a01-8a10b0cbf1b8","fe80::7959:555c:b4f7:82d3, 192.168.170.20, fe80::f415:e770:257d:42d7, 169.254.66.215","00:0c:29:6e:f6:d9, f8:89:d2:da:70:74","DESKTOP-32EH6N8","19044.1288",windows,"10.0.19041.1288 (WinBuild.160101.0800)","Windows 10 Pro","Windows 10 Pro",windows,windows,"10.0",information,"Special privileges assigned to new logon.

Subject:
	Security ID:		S-1-5-18
	Account Name:		SYSTEM
	Account Domain:		NT AUTHORITY
	Logon ID:		0x3E7

Privileges:		SeAssignPrimaryTokenPrivilege
			SeTcbPrivilege
			SeSecurityPrivilege
			SeTakeOwnershipPrivilege
			SeLoadDriverPrivilege
			SeBackupPrivilege
			SeRestorePrivilege
			SeDebugPrivilege
			SeAuditPrivilege
			SeSystemEnvironmentPrivilege
			SeImpersonatePrivilege
			SeDelegateSessionUserImpersonatePrivilege","-","-","-","-","-","-","-","-","-","-","-","-","-","-","-","-","-","-","-","-","-","-","-","-","-","-","-","-","-","-","-","-","-",SYSTEM,"-","-","-","NT AUTHORITY","-","-","-","S-1-5-18",SYSTEM,SYSTEM,"-","-","-","-","{96d05236-e7e2-0002-7b52-d096e2e7d801}",wineventlog,Security,"DESKTOP-32EH6N8","-","-","-","-","-","-","-","-","-","-","-","-","-","-","-","-","-","-","-","-","-","-","-","-","-","-","-","-","-","-","-","-","-","-","-","-","-","-","-","-","-","-","-","SeAssignPrimaryTokenPrivilege, SeTcbPrivilege, SeSecurityPrivilege, SeTakeOwnershipPrivilege, SeLoadDriverPrivilege, SeBackupPrivilege, SeRestorePrivilege, SeDebugPrivilege, SeAuditPrivilege, SeSystemEnvironmentPrivilege, SeImpersonatePrivilege, SeDelegateSessionUserImpersonatePrivilege","-","-","-","-","-","-","-","-","-","-","-","-","-","NT AUTHORITY",0x3e7,SYSTEM,"S-1-5-18","-","-","-","-","-","-","-","-","-","-","-","-","-","-","-","-","-","-","-","-","-","-","-","-","-","-","-","-","-","-","-","-","-","-","-","-","-","-","-","-","-","-","-","-",4672,"Audit Success",0x3e7,"-",Info,776,"10,068","{54849625-5478-4994-a5ba-3e3b0328c30d}","Microsoft-Windows-Security-Auditing",2665,"Special Logon","-","-","-","-","-","-","-","-"
"Oct 25, 2022 @ 04:38:21.448",zNrvDoQBvD32VbPewmqS,".ds-winlogbeat-8.4.3-2022.10.25-000001","-","a5ecbc19-8015-415f-b934-e32147ae0adb","DESKTOP-32EH6N8","1fb453eb-3944-4767-b034-7e48a04dea76","DESKTOP-32EH6N8",winlogbeat,"8.4.3","1.12.0","user-member-enumerated",iam,4799,"Oct 25, 2022 @ 04:38:23.107","Oct 25, 2022 @ 04:38:24.786",event,security,success,"Microsoft-Windows-Security-Auditing","-","group, info","-","-","-","-","-",Builtin,"S-1-5-32-551","Backup Operators","x86_64","DESKTOP-32EH6N8","45429efd-c10a-4299-8a01-8a10b0cbf1b8","fe80::7959:555c:b4f7:82d3, 192.168.170.20, fe80::f415:e770:257d:42d7, 169.254.66.215","00:0c:29:6e:f6:d9, f8:89:d2:da:70:74","DESKTOP-32EH6N8","19044.1288",windows,"10.0.19041.1288 (WinBuild.160101.0800)","Windows 10 Pro","Windows 10 Pro",windows,windows,"10.0",information,"A security-enabled local group membership was enumerated.

Subject:
	Security ID:		S-1-5-18
	Account Name:		DESKTOP-32EH6N8$
	Account Domain:		WORKGROUP
	Logon ID:		0x3E7

Group:
	Security ID:		S-1-5-32-551
	Group Name:		Backup Operators
	Group Domain:		Builtin

Process Information:
	Process ID:		0x7b0
	Process Name:		C:\Windows\System32\VSSVC.exe","-","-","-","-","-","-","-","-","-","-","-","-","-","-","-","-","-","-","-","-","-","-","-","-","-","-","-","-","-","-","-","-","-","DESKTOP-32EH6N8$","-","-","-",WORKGROUP,"-","-","-","S-1-5-18","DESKTOP-32EH6N8$","DESKTOP-32EH6N8$","-","-","-","-","{96d05236-e7e2-0002-7b52-d096e2e7d801}",wineventlog,Security,"DESKTOP-32EH6N8","-","-","-","-",0x7b0,"C:\Windows\System32\VSSVC.exe","-","-","-","-","-","-","-","-","-","-","-","-","-","-","-","-","-","-","-","-","-","-","-","-","-","-","-","-","-","-","-","-","-","-","-","-","-","-","-","-","-","-","-","-","-","-","-","-","-","-","-",WORKGROUP,0x3e7,"DESKTOP-32EH6N8$","S-1-5-18","-",Builtin,"-","-","-","-","-","-","-","-","S-1-5-32-551","Backup Operators","-","-","-","-","-","-","-","-","-","-","-","-","-","-","-","-","-","-","-","-","-","-","-","-","-","-","-","-","-","-","-","-",4799,"Audit Success",0x3e7,"-",Info,776,"10,068","{54849625-5478-4994-a5ba-3e3b0328c30d}","Microsoft-Windows-Security-Auditing",2663,"Security Group Management","-","-","-","-","-","-","-","-"
"Oct 25, 2022 @ 04:38:21.447",y9rvDoQBvD32VbPewmqS,".ds-winlogbeat-8.4.3-2022.10.25-000001","-","a5ecbc19-8015-415f-b934-e32147ae0adb","DESKTOP-32EH6N8","1fb453eb-3944-4767-b034-7e48a04dea76","DESKTOP-32EH6N8",winlogbeat,"8.4.3","1.12.0","user-member-enumerated",iam,4799,"Oct 25, 2022 @ 04:38:23.107","Oct 25, 2022 @ 04:38:24.786",event,security,success,"Microsoft-Windows-Security-Auditing","-","group, info","-","-","-","-","-",Builtin,"S-1-5-32-544",Administrators,"x86_64","DESKTOP-32EH6N8","45429efd-c10a-4299-8a01-8a10b0cbf1b8","fe80::7959:555c:b4f7:82d3, 192.168.170.20, fe80::f415:e770:257d:42d7, 169.254.66.215","00:0c:29:6e:f6:d9, f8:89:d2:da:70:74","DESKTOP-32EH6N8","19044.1288",windows,"10.0.19041.1288 (WinBuild.160101.0800)","Windows 10 Pro","Windows 10 Pro",windows,windows,"10.0",information,"A security-enabled local group membership was enumerated.

Subject:
	Security ID:		S-1-5-18
	Account Name:		DESKTOP-32EH6N8$
	Account Domain:		WORKGROUP
	Logon ID:		0x3E7

Group:
	Security ID:		S-1-5-32-544
	Group Name:		Administrators
	Group Domain:		Builtin

Process Information:
	Process ID:		0x7b0
	Process Name:		C:\Windows\System32\VSSVC.exe","-","-","-","-","-","-","-","-","-","-","-","-","-","-","-","-","-","-","-","-","-","-","-","-","-","-","-","-","-","-","-","-","-","DESKTOP-32EH6N8$","-","-","-",WORKGROUP,"-","-","-","S-1-5-18","DESKTOP-32EH6N8$","DESKTOP-32EH6N8$","-","-","-","-","{96d05236-e7e2-0002-7b52-d096e2e7d801}",wineventlog,Security,"DESKTOP-32EH6N8","-","-","-","-",0x7b0,"C:\Windows\System32\VSSVC.exe","-","-","-","-","-","-","-","-","-","-","-","-","-","-","-","-","-","-","-","-","-","-","-","-","-","-","-","-","-","-","-","-","-","-","-","-","-","-","-","-","-","-","-","-","-","-","-","-","-","-","-",WORKGROUP,0x3e7,"DESKTOP-32EH6N8$","S-1-5-18","-",Builtin,"-","-","-","-","-","-","-","-","S-1-5-32-544",Administrators,"-","-","-","-","-","-","-","-","-","-","-","-","-","-","-","-","-","-","-","-","-","-","-","-","-","-","-","-","-","-","-","-",4799,"Audit Success",0x3e7,"-",Info,776,"10,068","{54849625-5478-4994-a5ba-3e3b0328c30d}","Microsoft-Windows-Security-Auditing",2662,"Security Group Management","-","-","-","-","-","-","-","-"
"Oct 25, 2022 @ 04:38:21.439",ydrvDoQBvD32VbPewmqS,".ds-winlogbeat-8.4.3-2022.10.25-000001","-","a5ecbc19-8015-415f-b934-e32147ae0adb","DESKTOP-32EH6N8","1fb453eb-3944-4767-b034-7e48a04dea76","DESKTOP-32EH6N8",winlogbeat,"8.4.3","1.12.0","user-member-enumerated",iam,4799,"Oct 25, 2022 @ 04:38:23.107","Oct 25, 2022 @ 04:38:24.786",event,security,success,"Microsoft-Windows-Security-Auditing","-","group, info","-","-","-","-","-",Builtin,"S-1-5-32-544",Administrators,"x86_64","DESKTOP-32EH6N8","45429efd-c10a-4299-8a01-8a10b0cbf1b8","fe80::7959:555c:b4f7:82d3, 192.168.170.20, fe80::f415:e770:257d:42d7, 169.254.66.215","00:0c:29:6e:f6:d9, f8:89:d2:da:70:74","DESKTOP-32EH6N8","19044.1288",windows,"10.0.19041.1288 (WinBuild.160101.0800)","Windows 10 Pro","Windows 10 Pro",windows,windows,"10.0",information,"A security-enabled local group membership was enumerated.

Subject:
	Security ID:		S-1-5-18
	Account Name:		DESKTOP-32EH6N8$
	Account Domain:		WORKGROUP
	Logon ID:		0x3E7

Group:
	Security ID:		S-1-5-32-544
	Group Name:		Administrators
	Group Domain:		Builtin

Process Information:
	Process ID:		0x7b0
	Process Name:		C:\Windows\System32\VSSVC.exe","-","-","-","-","-","-","-","-","-","-","-","-","-","-","-","-","-","-","-","-","-","-","-","-","-","-","-","-","-","-","-","-","-","DESKTOP-32EH6N8$","-","-","-",WORKGROUP,"-","-","-","S-1-5-18","DESKTOP-32EH6N8$","DESKTOP-32EH6N8$","-","-","-","-","{96d05236-e7e2-0002-7b52-d096e2e7d801}",wineventlog,Security,"DESKTOP-32EH6N8","-","-","-","-",0x7b0,"C:\Windows\System32\VSSVC.exe","-","-","-","-","-","-","-","-","-","-","-","-","-","-","-","-","-","-","-","-","-","-","-","-","-","-","-","-","-","-","-","-","-","-","-","-","-","-","-","-","-","-","-","-","-","-","-","-","-","-","-",WORKGROUP,0x3e7,"DESKTOP-32EH6N8$","S-1-5-18","-",Builtin,"-","-","-","-","-","-","-","-","S-1-5-32-544",Administrators,"-","-","-","-","-","-","-","-","-","-","-","-","-","-","-","-","-","-","-","-","-","-","-","-","-","-","-","-","-","-","-","-",4799,"Audit Success",0x3e7,"-",Info,776,"10,068","{54849625-5478-4994-a5ba-3e3b0328c30d}","Microsoft-Windows-Security-Auditing",2660,"Security Group Management","-","-","-","-","-","-","-","-"
"Oct 25, 2022 @ 04:38:21.439",ytrvDoQBvD32VbPewmqS,".ds-winlogbeat-8.4.3-2022.10.25-000001","-","a5ecbc19-8015-415f-b934-e32147ae0adb","DESKTOP-32EH6N8","1fb453eb-3944-4767-b034-7e48a04dea76","DESKTOP-32EH6N8",winlogbeat,"8.4.3","1.12.0","user-member-enumerated",iam,4799,"Oct 25, 2022 @ 04:38:23.107","Oct 25, 2022 @ 04:38:24.786",event,security,success,"Microsoft-Windows-Security-Auditing","-","group, info","-","-","-","-","-",Builtin,"S-1-5-32-551","Backup Operators","x86_64","DESKTOP-32EH6N8","45429efd-c10a-4299-8a01-8a10b0cbf1b8","fe80::7959:555c:b4f7:82d3, 192.168.170.20, fe80::f415:e770:257d:42d7, 169.254.66.215","00:0c:29:6e:f6:d9, f8:89:d2:da:70:74","DESKTOP-32EH6N8","19044.1288",windows,"10.0.19041.1288 (WinBuild.160101.0800)","Windows 10 Pro","Windows 10 Pro",windows,windows,"10.0",information,"A security-enabled local group membership was enumerated.

Subject:
	Security ID:		S-1-5-18
	Account Name:		DESKTOP-32EH6N8$
	Account Domain:		WORKGROUP
	Logon ID:		0x3E7

Group:
	Security ID:		S-1-5-32-551
	Group Name:		Backup Operators
	Group Domain:		Builtin

Process Information:
	Process ID:		0x7b0
	Process Name:		C:\Windows\System32\VSSVC.exe","-","-","-","-","-","-","-","-","-","-","-","-","-","-","-","-","-","-","-","-","-","-","-","-","-","-","-","-","-","-","-","-","-","DESKTOP-32EH6N8$","-","-","-",WORKGROUP,"-","-","-","S-1-5-18","DESKTOP-32EH6N8$","DESKTOP-32EH6N8$","-","-","-","-","{96d05236-e7e2-0002-7b52-d096e2e7d801}",wineventlog,Security,"DESKTOP-32EH6N8","-","-","-","-",0x7b0,"C:\Windows\System32\VSSVC.exe","-","-","-","-","-","-","-","-","-","-","-","-","-","-","-","-","-","-","-","-","-","-","-","-","-","-","-","-","-","-","-","-","-","-","-","-","-","-","-","-","-","-","-","-","-","-","-","-","-","-","-",WORKGROUP,0x3e7,"DESKTOP-32EH6N8$","S-1-5-18","-",Builtin,"-","-","-","-","-","-","-","-","S-1-5-32-551","Backup Operators","-","-","-","-","-","-","-","-","-","-","-","-","-","-","-","-","-","-","-","-","-","-","-","-","-","-","-","-","-","-","-","-",4799,"Audit Success",0x3e7,"-",Info,776,"10,068","{54849625-5478-4994-a5ba-3e3b0328c30d}","Microsoft-Windows-Security-Auditing",2661,"Security Group Management","-","-","-","-","-","-","-","-"
"Oct 25, 2022 @ 04:38:21.430",yNrvDoQBvD32VbPewmqS,".ds-winlogbeat-8.4.3-2022.10.25-000001","-","a5ecbc19-8015-415f-b934-e32147ae0adb","DESKTOP-32EH6N8","1fb453eb-3944-4767-b034-7e48a04dea76","DESKTOP-32EH6N8",winlogbeat,"8.4.3","1.12.0","user-member-enumerated",iam,4799,"Oct 25, 2022 @ 04:38:23.107","Oct 25, 2022 @ 04:38:24.786",event,security,success,"Microsoft-Windows-Security-Auditing","-","group, info","-","-","-","-","-",Builtin,"S-1-5-32-551","Backup Operators","x86_64","DESKTOP-32EH6N8","45429efd-c10a-4299-8a01-8a10b0cbf1b8","fe80::7959:555c:b4f7:82d3, 192.168.170.20, fe80::f415:e770:257d:42d7, 169.254.66.215","00:0c:29:6e:f6:d9, f8:89:d2:da:70:74","DESKTOP-32EH6N8","19044.1288",windows,"10.0.19041.1288 (WinBuild.160101.0800)","Windows 10 Pro","Windows 10 Pro",windows,windows,"10.0",information,"A security-enabled local group membership was enumerated.

Subject:
	Security ID:		S-1-5-18
	Account Name:		DESKTOP-32EH6N8$
	Account Domain:		WORKGROUP
	Logon ID:		0x3E7

Group:
	Security ID:		S-1-5-32-551
	Group Name:		Backup Operators
	Group Domain:		Builtin

Process Information:
	Process ID:		0x7b0
	Process Name:		C:\Windows\System32\VSSVC.exe","-","-","-","-","-","-","-","-","-","-","-","-","-","-","-","-","-","-","-","-","-","-","-","-","-","-","-","-","-","-","-","-","-","DESKTOP-32EH6N8$","-","-","-",WORKGROUP,"-","-","-","S-1-5-18","DESKTOP-32EH6N8$","DESKTOP-32EH6N8$","-","-","-","-","{96d05236-e7e2-0002-7b52-d096e2e7d801}",wineventlog,Security,"DESKTOP-32EH6N8","-","-","-","-",0x7b0,"C:\Windows\System32\VSSVC.exe","-","-","-","-","-","-","-","-","-","-","-","-","-","-","-","-","-","-","-","-","-","-","-","-","-","-","-","-","-","-","-","-","-","-","-","-","-","-","-","-","-","-","-","-","-","-","-","-","-","-","-",WORKGROUP,0x3e7,"DESKTOP-32EH6N8$","S-1-5-18","-",Builtin,"-","-","-","-","-","-","-","-","S-1-5-32-551","Backup Operators","-","-","-","-","-","-","-","-","-","-","-","-","-","-","-","-","-","-","-","-","-","-","-","-","-","-","-","-","-","-","-","-",4799,"Audit Success",0x3e7,"-",Info,776,"10,068","{54849625-5478-4994-a5ba-3e3b0328c30d}","Microsoft-Windows-Security-Auditing",2659,"Security Group Management","-","-","-","-","-","-","-","-"
"Oct 25, 2022 @ 04:38:21.429",x9rvDoQBvD32VbPewmqS,".ds-winlogbeat-8.4.3-2022.10.25-000001","-","a5ecbc19-8015-415f-b934-e32147ae0adb","DESKTOP-32EH6N8","1fb453eb-3944-4767-b034-7e48a04dea76","DESKTOP-32EH6N8",winlogbeat,"8.4.3","1.12.0","user-member-enumerated",iam,4799,"Oct 25, 2022 @ 04:38:23.107","Oct 25, 2022 @ 04:38:24.785",event,security,success,"Microsoft-Windows-Security-Auditing","-","group, info","-","-","-","-","-",Builtin,"S-1-5-32-544",Administrators,"x86_64","DESKTOP-32EH6N8","45429efd-c10a-4299-8a01-8a10b0cbf1b8","fe80::7959:555c:b4f7:82d3, 192.168.170.20, fe80::f415:e770:257d:42d7, 169.254.66.215","00:0c:29:6e:f6:d9, f8:89:d2:da:70:74","DESKTOP-32EH6N8","19044.1288",windows,"10.0.19041.1288 (WinBuild.160101.0800)","Windows 10 Pro","Windows 10 Pro",windows,windows,"10.0",information,"A security-enabled local group membership was enumerated.

Subject:
	Security ID:		S-1-5-18
	Account Name:		DESKTOP-32EH6N8$
	Account Domain:		WORKGROUP
	Logon ID:		0x3E7

Group:
	Security ID:		S-1-5-32-544
	Group Name:		Administrators
	Group Domain:		Builtin

Process Information:
	Process ID:		0x7b0
	Process Name:		C:\Windows\System32\VSSVC.exe","-","-","-","-","-","-","-","-","-","-","-","-","-","-","-","-","-","-","-","-","-","-","-","-","-","-","-","-","-","-","-","-","-","DESKTOP-32EH6N8$","-","-","-",WORKGROUP,"-","-","-","S-1-5-18","DESKTOP-32EH6N8$","DESKTOP-32EH6N8$","-","-","-","-","{96d05236-e7e2-0002-7b52-d096e2e7d801}",wineventlog,Security,"DESKTOP-32EH6N8","-","-","-","-",0x7b0,"C:\Windows\System32\VSSVC.exe","-","-","-","-","-","-","-","-","-","-","-","-","-","-","-","-","-","-","-","-","-","-","-","-","-","-","-","-","-","-","-","-","-","-","-","-","-","-","-","-","-","-","-","-","-","-","-","-","-","-","-",WORKGROUP,0x3e7,"DESKTOP-32EH6N8$","S-1-5-18","-",Builtin,"-","-","-","-","-","-","-","-","S-1-5-32-544",Administrators,"-","-","-","-","-","-","-","-","-","-","-","-","-","-","-","-","-","-","-","-","-","-","-","-","-","-","-","-","-","-","-","-",4799,"Audit Success",0x3e7,"-",Info,776,"10,068","{54849625-5478-4994-a5ba-3e3b0328c30d}","Microsoft-Windows-Security-Auditing",2658,"Security Group Management","-","-","-","-","-","-","-","-"
"Oct 25, 2022 @ 04:38:21.419",xdrvDoQBvD32VbPewmqS,".ds-winlogbeat-8.4.3-2022.10.25-000001","-","a5ecbc19-8015-415f-b934-e32147ae0adb","DESKTOP-32EH6N8","1fb453eb-3944-4767-b034-7e48a04dea76","DESKTOP-32EH6N8",winlogbeat,"8.4.3","1.12.0","logged-in",authentication,4624,"Oct 25, 2022 @ 04:38:23.107","Oct 25, 2022 @ 04:38:24.785",event,security,success,"Microsoft-Windows-Security-Auditing","-",start,"-","-","-","-","-","-","-","-","x86_64","DESKTOP-32EH6N8","45429efd-c10a-4299-8a01-8a10b0cbf1b8","fe80::7959:555c:b4f7:82d3, 192.168.170.20, fe80::f415:e770:257d:42d7, 169.254.66.215","00:0c:29:6e:f6:d9, f8:89:d2:da:70:74","DESKTOP-32EH6N8","19044.1288",windows,"10.0.19041.1288 (WinBuild.160101.0800)","Windows 10 Pro","Windows 10 Pro",windows,windows,"10.0",information,"An account was successfully logged on.

Subject:
	Security ID:		S-1-5-18
	Account Name:		DESKTOP-32EH6N8$
	Account Domain:		WORKGROUP
	Logon ID:		0x3E7

Logon Information:
	Logon Type:		5
	Restricted Admin Mode:	-
	Virtual Account:		No
	Elevated Token:		Yes

Impersonation Level:		Impersonation

New Logon:
	Security ID:		S-1-5-18
	Account Name:		SYSTEM
	Account Domain:		NT AUTHORITY
	Logon ID:		0x3E7
	Linked Logon ID:		0x0
	Network Account Name:	-
	Network Account Domain:	-
	Logon GUID:		{00000000-0000-0000-0000-000000000000}

Process Information:
	Process ID:		0x2f0
	Process Name:		C:\Windows\System32\services.exe

Network Information:
	Workstation Name:	-
	Source Network Address:	-
	Source Port:		-

Detailed Authentication Information:
	Logon Process:		Advapi  
	Authentication Package:	Negotiate
	Transited Services:	-
	Package Name (NTLM only):	-
	Key Length:		0

This event is generated when a logon session is created. It is generated on the computer that was accessed.

The subject fields indicate the account on the local system which requested the logon. This is most commonly a service such as the Server service, or a local process such as Winlogon.exe or Services.exe.

The logon type field indicates the kind of logon that occurred. The most common types are 2 (interactive) and 3 (network).

The New Logon fields indicate the account for whom the new logon was created, i.e. the account that was logged on.

The network fields indicate where a remote logon request originated. Workstation name is not always available and may be left blank in some cases.

The impersonation level field indicates the extent to which a process in the logon session can impersonate.

The authentication information fields provide detailed information about this specific logon request.
	- Logon GUID is a unique identifier that can be used to correlate this event with a KDC event.
	- Transited services indicate which intermediate services have participated in this logon request.
	- Package name indicates which sub-protocol was used among the NTLM protocols.
	- Key length indicates the length of the generated session key. This will be 0 if no session key was requested.","-","-","-","-","-","-","-","-","-","-","-","-","-","-","-","-","-","-","-","-","-","-","-","-","-","C:\Windows\System32\services.exe","C:\Windows\System32\services.exe","services.exe","services.exe",752,"-","-","-","SYSTEM, DESKTOP-32EH6N8$","-","-","-","NT AUTHORITY","-","-","-","S-1-5-18",SYSTEM,SYSTEM,"-","-","-","-","{96d05236-e7e2-0002-7b52-d096e2e7d801}",wineventlog,Security,"DESKTOP-32EH6N8","-","-",Negotiate,"-","-","-","-","-","-","-","-","-","-","-","%%1842","-","-","-","-","-","-","%%1833","-","-","-",0,"-","-","-","-","{00000000-0000-0000-0000-000000000000}","Advapi  ",5,"-","-","-","-","-","-","-","-","-","-","-","-","-","-","-","-","-","-","-","-","-","-","-","-",WORKGROUP,0x3e7,"DESKTOP-32EH6N8$","S-1-5-18","-","NT AUTHORITY","-",0x0,"-",0x3e7,"-","-","-","-","-",SYSTEM,"S-1-5-18","-","-","-","-","-","-","%%1843","-","-","-","-","-","-","-","-","-","-","-","-","-","-","-","-","-","-","-","-","-","-","-","-",4624,"Audit Success",0x3e7,Service,Info,776,"10,068","{54849625-5478-4994-a5ba-3e3b0328c30d}","Microsoft-Windows-Security-Auditing",2656,Logon,"-","-","-","-","-","-","-",2
"Oct 25, 2022 @ 04:38:21.419",xtrvDoQBvD32VbPewmqS,".ds-winlogbeat-8.4.3-2022.10.25-000001","-","a5ecbc19-8015-415f-b934-e32147ae0adb","DESKTOP-32EH6N8","1fb453eb-3944-4767-b034-7e48a04dea76","DESKTOP-32EH6N8",winlogbeat,"8.4.3","1.12.0","logged-in-special",iam,4672,"Oct 25, 2022 @ 04:38:23.107","Oct 25, 2022 @ 04:38:24.785",event,security,success,"Microsoft-Windows-Security-Auditing","-",admin,"-","-","-","-","-","-","-","-","x86_64","DESKTOP-32EH6N8","45429efd-c10a-4299-8a01-8a10b0cbf1b8","fe80::7959:555c:b4f7:82d3, 192.168.170.20, fe80::f415:e770:257d:42d7, 169.254.66.215","00:0c:29:6e:f6:d9, f8:89:d2:da:70:74","DESKTOP-32EH6N8","19044.1288",windows,"10.0.19041.1288 (WinBuild.160101.0800)","Windows 10 Pro","Windows 10 Pro",windows,windows,"10.0",information,"Special privileges assigned to new logon.

Subject:
	Security ID:		S-1-5-18
	Account Name:		SYSTEM
	Account Domain:		NT AUTHORITY
	Logon ID:		0x3E7

Privileges:		SeAssignPrimaryTokenPrivilege
			SeTcbPrivilege
			SeSecurityPrivilege
			SeTakeOwnershipPrivilege
			SeLoadDriverPrivilege
			SeBackupPrivilege
			SeRestorePrivilege
			SeDebugPrivilege
			SeAuditPrivilege
			SeSystemEnvironmentPrivilege
			SeImpersonatePrivilege
			SeDelegateSessionUserImpersonatePrivilege","-","-","-","-","-","-","-","-","-","-","-","-","-","-","-","-","-","-","-","-","-","-","-","-","-","-","-","-","-","-","-","-","-",SYSTEM,"-","-","-","NT AUTHORITY","-","-","-","S-1-5-18",SYSTEM,SYSTEM,"-","-","-","-","{96d05236-e7e2-0002-7b52-d096e2e7d801}",wineventlog,Security,"DESKTOP-32EH6N8","-","-","-","-","-","-","-","-","-","-","-","-","-","-","-","-","-","-","-","-","-","-","-","-","-","-","-","-","-","-","-","-","-","-","-","-","-","-","-","-","-","-","-","SeAssignPrimaryTokenPrivilege, SeTcbPrivilege, SeSecurityPrivilege, SeTakeOwnershipPrivilege, SeLoadDriverPrivilege, SeBackupPrivilege, SeRestorePrivilege, SeDebugPrivilege, SeAuditPrivilege, SeSystemEnvironmentPrivilege, SeImpersonatePrivilege, SeDelegateSessionUserImpersonatePrivilege","-","-","-","-","-","-","-","-","-","-","-","-","-","NT AUTHORITY",0x3e7,SYSTEM,"S-1-5-18","-","-","-","-","-","-","-","-","-","-","-","-","-","-","-","-","-","-","-","-","-","-","-","-","-","-","-","-","-","-","-","-","-","-","-","-","-","-","-","-","-","-","-","-",4672,"Audit Success",0x3e7,"-",Info,776,"10,068","{54849625-5478-4994-a5ba-3e3b0328c30d}","Microsoft-Windows-Security-Auditing",2657,"Special Logon","-","-","-","-","-","-","-","-"
"Oct 25, 2022 @ 04:38:21.418",xNrvDoQBvD32VbPewmqS,".ds-winlogbeat-8.4.3-2022.10.25-000001","-","a5ecbc19-8015-415f-b934-e32147ae0adb","DESKTOP-32EH6N8","1fb453eb-3944-4767-b034-7e48a04dea76","DESKTOP-32EH6N8",winlogbeat,"8.4.3","1.12.0","user-member-enumerated",iam,4799,"Oct 25, 2022 @ 04:38:23.107","Oct 25, 2022 @ 04:38:24.785",event,security,success,"Microsoft-Windows-Security-Auditing","-","group, info","-","-","-","-","-",Builtin,"S-1-5-32-551","Backup Operators","x86_64","DESKTOP-32EH6N8","45429efd-c10a-4299-8a01-8a10b0cbf1b8","fe80::7959:555c:b4f7:82d3, 192.168.170.20, fe80::f415:e770:257d:42d7, 169.254.66.215","00:0c:29:6e:f6:d9, f8:89:d2:da:70:74","DESKTOP-32EH6N8","19044.1288",windows,"10.0.19041.1288 (WinBuild.160101.0800)","Windows 10 Pro","Windows 10 Pro",windows,windows,"10.0",information,"A security-enabled local group membership was enumerated.

Subject:
	Security ID:		S-1-5-18
	Account Name:		DESKTOP-32EH6N8$
	Account Domain:		WORKGROUP
	Logon ID:		0x3E7

Group:
	Security ID:		S-1-5-32-551
	Group Name:		Backup Operators
	Group Domain:		Builtin

Process Information:
	Process ID:		0x7b0
	Process Name:		C:\Windows\System32\VSSVC.exe","-","-","-","-","-","-","-","-","-","-","-","-","-","-","-","-","-","-","-","-","-","-","-","-","-","-","-","-","-","-","-","-","-","DESKTOP-32EH6N8$","-","-","-",WORKGROUP,"-","-","-","S-1-5-18","DESKTOP-32EH6N8$","DESKTOP-32EH6N8$","-","-","-","-","{96d05236-e7e2-0002-7b52-d096e2e7d801}",wineventlog,Security,"DESKTOP-32EH6N8","-","-","-","-",0x7b0,"C:\Windows\System32\VSSVC.exe","-","-","-","-","-","-","-","-","-","-","-","-","-","-","-","-","-","-","-","-","-","-","-","-","-","-","-","-","-","-","-","-","-","-","-","-","-","-","-","-","-","-","-","-","-","-","-","-","-","-","-",WORKGROUP,0x3e7,"DESKTOP-32EH6N8$","S-1-5-18","-",Builtin,"-","-","-","-","-","-","-","-","S-1-5-32-551","Backup Operators","-","-","-","-","-","-","-","-","-","-","-","-","-","-","-","-","-","-","-","-","-","-","-","-","-","-","-","-","-","-","-","-",4799,"Audit Success",0x3e7,"-",Info,776,"10,068","{54849625-5478-4994-a5ba-3e3b0328c30d}","Microsoft-Windows-Security-Auditing",2655,"Security Group Management","-","-","-","-","-","-","-","-"
