111,"Oct 25, 2022 @ 04:30:50.789",DESKTOP-32EH6N8,Windows Update Agent,19,-,-,Microsoft-Windows-WindowsUpdateClient,-,-,-,-,-,-,-,-,-,-,x86_64,DESKTOP-32EH6N8,45429efd-c10a-4299-8a01-8a10b0cbf1b8,"fe80::7959:555c:b4f7:82d3, 192.168.170.20, fe80::f415:e770:257d:42d7, 169.254.66.215","00:0c:29:6e:f6:d9, f8:89:d2:da:70:74",DESKTOP-32EH6N8,19044.1288,windows,10.0.19041.1288 (WinBuild.160101.0800),Windows 10 Pro,Windows 10 Pro,windows,windows,10.0,information,"Installation Successful: Windows successfully installed the following update: 2022-10 Cumulative Update for .NET Framework 3.5, 4.8 and 4.8.1 for Windows 10 Version 21H2 for x64 (KB5018545)",-,-,-,-,-,-,-,-,-,-,-,-,-,-,-,-,-,-,-,-,-,-,-,-,-,-,-,-,-,-,-,-,-,-,-,-,-,-,-,-,-,-,-,-,-,-,-,-,-,wineventlog,System,DESKTOP-32EH6N8,-,-,-,-,-,-,-,-,-,-,-,-,-,-,-,-,-,-,-,-,-,-,-,-,-,-,-,-,-,-,-,-,-,-,-,-,-,-,-,-,-,-,-,-,-,-,-,-,-,-,-,-,-,-,-,-,-,-,-,-,-,-,-,-,-,-,-,-,-,-,-,-,-,-,-,-,-,-,-,-,-,-,-,-,-,-,-,-,-,-,-,-,-,-,-,-,-,-,-,-,-,{9482f4b4-e343-43b6-b170-9a65bc822c77},{96c2a1b7-901d-4b81-8dcd-5c261fd9b5a8},200,"2022-10 Cumulative Update for .NET Framework 3.5, 4.8 and 4.8.1 for Windows 10 Version 21H2 for x64 (KB5018545)",19.0,-,-,Installation,"2,828","5,024",{945a8954-c147-4acd-923f-40c45405a658},Microsoft-Windows-WindowsUpdateClient,1062.0,Windows Update Agent,NT AUTHORITY,S-1-5-18,SYSTEM,User,-,-,-,1
112,"Oct 25, 2022 @ 04:30:50.718",DESKTOP-32EH6N8,None,1130,-,-,.NET Runtime Optimization Service,-,-,-,-,-,-,-,-,-,-,x86_64,DESKTOP-32EH6N8,45429efd-c10a-4299-8a01-8a10b0cbf1b8,"fe80::7959:555c:b4f7:82d3, 192.168.170.20, fe80::f415:e770:257d:42d7, 169.254.66.215","00:0c:29:6e:f6:d9, f8:89:d2:da:70:74",DESKTOP-32EH6N8,19044.1288,windows,10.0.19041.1288 (WinBuild.160101.0800),Windows 10 Pro,Windows 10 Pro,windows,windows,10.0,information,.NET Runtime Optimization Service (4.0.30319.0) - Installed from repository: mscorlib,-,-,-,-,-,-,-,-,-,-,-,-,-,-,-,-,-,-,-,-,-,-,-,-,-,-,-,-,-,-,-,-,-,-,-,-,-,-,-,-,-,-,-,-,-,-,-,-,-,wineventlog,Application,DESKTOP-32EH6N8,-,-,-,-,-,-,-,-,-,-,-,-,-,-,-,-,-,-,-,-,-,-,-,-,-,-,-,-,-,-,-,-,-,-,-,-,-,-,-,-,-,-,-,-,-,-,-,-,-,-,-,-,-,-,-,-,-,-,-,-,-,-,-,-,-,-,-,-,-,-,-,-,-,-,-,-,-,-,-,-,-,-,-,.NET Runtime Optimization Service (4.0.30319.0) - Installed from repository: mscorlib,-,-,-,-,-,-,-,-,-,-,-,-,-,-,-,-,-,-,-,-,-,1130.0,-,-,Info,-,-,-,.NET Runtime Optimization Service,570.0,None,-,-,-,-,-,-,-,-
113,"Oct 25, 2022 @ 04:30:50.620",DESKTOP-32EH6N8,None,1130,-,-,.NET Runtime Optimization Service,-,-,-,-,-,-,-,-,-,-,x86_64,DESKTOP-32EH6N8,45429efd-c10a-4299-8a01-8a10b0cbf1b8,"fe80::7959:555c:b4f7:82d3, 192.168.170.20, fe80::f415:e770:257d:42d7, 169.254.66.215","00:0c:29:6e:f6:d9, f8:89:d2:da:70:74",DESKTOP-32EH6N8,19044.1288,windows,10.0.19041.1288 (WinBuild.160101.0800),Windows 10 Pro,Windows 10 Pro,windows,windows,10.0,information,.NET Runtime Optimization Service (4.0.30319.0) - Installed from repository: mscorlib,-,-,-,-,-,-,-,-,-,-,-,-,-,-,-,-,-,-,-,-,-,-,-,-,-,-,-,-,-,-,-,-,-,-,-,-,-,-,-,-,-,-,-,-,-,-,-,-,-,wineventlog,Application,DESKTOP-32EH6N8,-,-,-,-,-,-,-,-,-,-,-,-,-,-,-,-,-,-,-,-,-,-,-,-,-,-,-,-,-,-,-,-,-,-,-,-,-,-,-,-,-,-,-,-,-,-,-,-,-,-,-,-,-,-,-,-,-,-,-,-,-,-,-,-,-,-,-,-,-,-,-,-,-,-,-,-,-,-,-,-,-,-,-,.NET Runtime Optimization Service (4.0.30319.0) - Installed from repository: mscorlib,-,-,-,-,-,-,-,-,-,-,-,-,-,-,-,-,-,-,-,-,-,1130.0,-,-,Info,-,-,-,.NET Runtime Optimization Service,569.0,None,-,-,-,-,-,-,-,-
114,"Oct 25, 2022 @ 04:30:50.547",DESKTOP-32EH6N8,user-member-enumerated,4799,security,success,Microsoft-Windows-Security-Auditing,-,"group, info",-,-,-,-,-,Builtin,S-1-5-32-551,Backup Operators,x86_64,DESKTOP-32EH6N8,45429efd-c10a-4299-8a01-8a10b0cbf1b8,"fe80::7959:555c:b4f7:82d3, 192.168.170.20, fe80::f415:e770:257d:42d7, 169.254.66.215","00:0c:29:6e:f6:d9, f8:89:d2:da:70:74",DESKTOP-32EH6N8,19044.1288,windows,10.0.19041.1288 (WinBuild.160101.0800),Windows 10 Pro,Windows 10 Pro,windows,windows,10.0,information,"A security-enabled local group membership was enumerated.

Subject:
	Security ID:		S-1-5-18
	Account Name:		DESKTOP-32EH6N8$
	Account Domain:		WORKGROUP
	Logon ID:		0x3E7

Group:
	Security ID:		S-1-5-32-551
	Group Name:		Backup Operators
	Group Domain:		Builtin

Process Information:
	Process ID:		0xe40
	Process Name:		C:\Windows\System32\VSSVC.exe",-,-,-,-,-,-,-,-,-,-,-,-,-,-,-,-,-,-,-,-,-,-,-,-,-,-,-,-,-,-,-,-,-,DESKTOP-32EH6N8$,-,-,-,WORKGROUP,-,-,-,S-1-5-18,DESKTOP-32EH6N8$,DESKTOP-32EH6N8$,-,-,-,-,{96d05236-e7e2-0002-7b52-d096e2e7d801},wineventlog,Security,DESKTOP-32EH6N8,-,-,-,-,0xe40,C:\Windows\System32\VSSVC.exe,-,-,-,-,-,-,-,-,-,-,-,-,-,-,-,-,-,-,-,-,-,-,-,-,-,-,-,-,-,-,-,-,-,-,-,-,-,-,-,-,-,-,-,-,-,-,-,-,-,-,-,WORKGROUP,0x3e7,DESKTOP-32EH6N8$,S-1-5-18,-,Builtin,-,-,-,-,-,-,-,-,S-1-5-32-551,Backup Operators,-,-,-,-,-,-,-,-,-,-,-,-,-,-,-,-,-,-,-,-,-,-,-,-,-,-,-,-,-,-,-,-,4799.0,0x3e7,-,Info,776,"8,124",{54849625-5478-4994-a5ba-3e3b0328c30d},Microsoft-Windows-Security-Auditing,2624.0,Security Group Management,-,-,-,-,-,-,-,-
115,"Oct 25, 2022 @ 04:30:50.546",DESKTOP-32EH6N8,user-member-enumerated,4799,security,success,Microsoft-Windows-Security-Auditing,-,"group, info",-,-,-,-,-,Builtin,S-1-5-32-544,Administrators,x86_64,DESKTOP-32EH6N8,45429efd-c10a-4299-8a01-8a10b0cbf1b8,"fe80::7959:555c:b4f7:82d3, 192.168.170.20, fe80::f415:e770:257d:42d7, 169.254.66.215","00:0c:29:6e:f6:d9, f8:89:d2:da:70:74",DESKTOP-32EH6N8,19044.1288,windows,10.0.19041.1288 (WinBuild.160101.0800),Windows 10 Pro,Windows 10 Pro,windows,windows,10.0,information,"A security-enabled local group membership was enumerated.

Subject:
	Security ID:		S-1-5-18
	Account Name:		DESKTOP-32EH6N8$
	Account Domain:		WORKGROUP
	Logon ID:		0x3E7

Group:
	Security ID:		S-1-5-32-544
	Group Name:		Administrators
	Group Domain:		Builtin

Process Information:
	Process ID:		0xe40
	Process Name:		C:\Windows\System32\VSSVC.exe",-,-,-,-,-,-,-,-,-,-,-,-,-,-,-,-,-,-,-,-,-,-,-,-,-,-,-,-,-,-,-,-,-,DESKTOP-32EH6N8$,-,-,-,WORKGROUP,-,-,-,S-1-5-18,DESKTOP-32EH6N8$,DESKTOP-32EH6N8$,-,-,-,-,{96d05236-e7e2-0002-7b52-d096e2e7d801},wineventlog,Security,DESKTOP-32EH6N8,-,-,-,-,0xe40,C:\Windows\System32\VSSVC.exe,-,-,-,-,-,-,-,-,-,-,-,-,-,-,-,-,-,-,-,-,-,-,-,-,-,-,-,-,-,-,-,-,-,-,-,-,-,-,-,-,-,-,-,-,-,-,-,-,-,-,-,WORKGROUP,0x3e7,DESKTOP-32EH6N8$,S-1-5-18,-,Builtin,-,-,-,-,-,-,-,-,S-1-5-32-544,Administrators,-,-,-,-,-,-,-,-,-,-,-,-,-,-,-,-,-,-,-,-,-,-,-,-,-,-,-,-,-,-,-,-,4799.0,0x3e7,-,Info,776,"8,124",{54849625-5478-4994-a5ba-3e3b0328c30d},Microsoft-Windows-Security-Auditing,2623.0,Security Group Management,-,-,-,-,-,-,-,-
116,"Oct 25, 2022 @ 04:30:50.537",DESKTOP-32EH6N8,user-member-enumerated,4799,security,success,Microsoft-Windows-Security-Auditing,-,"group, info",-,-,-,-,-,Builtin,S-1-5-32-544,Administrators,x86_64,DESKTOP-32EH6N8,45429efd-c10a-4299-8a01-8a10b0cbf1b8,"fe80::7959:555c:b4f7:82d3, 192.168.170.20, fe80::f415:e770:257d:42d7, 169.254.66.215","00:0c:29:6e:f6:d9, f8:89:d2:da:70:74",DESKTOP-32EH6N8,19044.1288,windows,10.0.19041.1288 (WinBuild.160101.0800),Windows 10 Pro,Windows 10 Pro,windows,windows,10.0,information,"A security-enabled local group membership was enumerated.

Subject:
	Security ID:		S-1-5-18
	Account Name:		DESKTOP-32EH6N8$
	Account Domain:		WORKGROUP
	Logon ID:		0x3E7

Group:
	Security ID:		S-1-5-32-544
	Group Name:		Administrators
	Group Domain:		Builtin

Process Information:
	Process ID:		0xe40
	Process Name:		C:\Windows\System32\VSSVC.exe",-,-,-,-,-,-,-,-,-,-,-,-,-,-,-,-,-,-,-,-,-,-,-,-,-,-,-,-,-,-,-,-,-,DESKTOP-32EH6N8$,-,-,-,WORKGROUP,-,-,-,S-1-5-18,DESKTOP-32EH6N8$,DESKTOP-32EH6N8$,-,-,-,-,{96d05236-e7e2-0002-7b52-d096e2e7d801},wineventlog,Security,DESKTOP-32EH6N8,-,-,-,-,0xe40,C:\Windows\System32\VSSVC.exe,-,-,-,-,-,-,-,-,-,-,-,-,-,-,-,-,-,-,-,-,-,-,-,-,-,-,-,-,-,-,-,-,-,-,-,-,-,-,-,-,-,-,-,-,-,-,-,-,-,-,-,WORKGROUP,0x3e7,DESKTOP-32EH6N8$,S-1-5-18,-,Builtin,-,-,-,-,-,-,-,-,S-1-5-32-544,Administrators,-,-,-,-,-,-,-,-,-,-,-,-,-,-,-,-,-,-,-,-,-,-,-,-,-,-,-,-,-,-,-,-,4799.0,0x3e7,-,Info,776,"8,124",{54849625-5478-4994-a5ba-3e3b0328c30d},Microsoft-Windows-Security-Auditing,2621.0,Security Group Management,-,-,-,-,-,-,-,-
117,"Oct 25, 2022 @ 04:30:50.537",DESKTOP-32EH6N8,user-member-enumerated,4799,security,success,Microsoft-Windows-Security-Auditing,-,"group, info",-,-,-,-,-,Builtin,S-1-5-32-551,Backup Operators,x86_64,DESKTOP-32EH6N8,45429efd-c10a-4299-8a01-8a10b0cbf1b8,"fe80::7959:555c:b4f7:82d3, 192.168.170.20, fe80::f415:e770:257d:42d7, 169.254.66.215","00:0c:29:6e:f6:d9, f8:89:d2:da:70:74",DESKTOP-32EH6N8,19044.1288,windows,10.0.19041.1288 (WinBuild.160101.0800),Windows 10 Pro,Windows 10 Pro,windows,windows,10.0,information,"A security-enabled local group membership was enumerated.

Subject:
	Security ID:		S-1-5-18
	Account Name:		DESKTOP-32EH6N8$
	Account Domain:		WORKGROUP
	Logon ID:		0x3E7

Group:
	Security ID:		S-1-5-32-551
	Group Name:		Backup Operators
	Group Domain:		Builtin

Process Information:
	Process ID:		0xe40
	Process Name:		C:\Windows\System32\VSSVC.exe",-,-,-,-,-,-,-,-,-,-,-,-,-,-,-,-,-,-,-,-,-,-,-,-,-,-,-,-,-,-,-,-,-,DESKTOP-32EH6N8$,-,-,-,WORKGROUP,-,-,-,S-1-5-18,DESKTOP-32EH6N8$,DESKTOP-32EH6N8$,-,-,-,-,{96d05236-e7e2-0002-7b52-d096e2e7d801},wineventlog,Security,DESKTOP-32EH6N8,-,-,-,-,0xe40,C:\Windows\System32\VSSVC.exe,-,-,-,-,-,-,-,-,-,-,-,-,-,-,-,-,-,-,-,-,-,-,-,-,-,-,-,-,-,-,-,-,-,-,-,-,-,-,-,-,-,-,-,-,-,-,-,-,-,-,-,WORKGROUP,0x3e7,DESKTOP-32EH6N8$,S-1-5-18,-,Builtin,-,-,-,-,-,-,-,-,S-1-5-32-551,Backup Operators,-,-,-,-,-,-,-,-,-,-,-,-,-,-,-,-,-,-,-,-,-,-,-,-,-,-,-,-,-,-,-,-,4799.0,0x3e7,-,Info,776,"8,124",{54849625-5478-4994-a5ba-3e3b0328c30d},Microsoft-Windows-Security-Auditing,2622.0,Security Group Management,-,-,-,-,-,-,-,-
118,"Oct 25, 2022 @ 04:30:50.533",DESKTOP-32EH6N8,None,7040,-,-,Service Control Manager,-,-,-,-,-,-,-,-,-,-,x86_64,DESKTOP-32EH6N8,45429efd-c10a-4299-8a01-8a10b0cbf1b8,"fe80::7959:555c:b4f7:82d3, 192.168.170.20, fe80::f415:e770:257d:42d7, 169.254.66.215","00:0c:29:6e:f6:d9, f8:89:d2:da:70:74",DESKTOP-32EH6N8,19044.1288,windows,10.0.19041.1288 (WinBuild.160101.0800),Windows 10 Pro,Windows 10 Pro,windows,windows,10.0,information,The start type of the Windows Modules Installer service was changed from auto start to demand start.,-,-,-,-,-,-,-,-,-,-,-,-,-,-,-,-,-,-,-,-,-,-,-,-,-,-,-,-,-,-,-,-,-,-,-,-,-,-,-,-,-,-,-,-,-,-,-,-,-,wineventlog,System,DESKTOP-32EH6N8,-,-,-,-,-,-,-,-,-,-,-,-,-,-,-,-,-,-,-,-,-,-,-,-,-,-,-,-,-,-,-,-,-,-,-,-,-,-,-,-,-,-,-,-,-,-,-,-,-,-,-,-,-,-,-,-,-,-,-,-,-,-,-,-,-,-,-,-,-,-,-,-,-,-,-,-,-,-,-,-,-,-,-,Windows Modules Installer,-,-,-,-,-,auto start,-,-,-,-,demand start,TrustedInstaller,-,-,-,-,-,-,-,-,-,7040.0,-,-,Info,752,"5,580",{555908d1-a6d7-4695-8e1e-26931d2012f4},Service Control Manager,1061.0,None,NT AUTHORITY,S-1-5-18,SYSTEM,User,-,-,-,-
119,"Oct 25, 2022 @ 04:30:50.527",DESKTOP-32EH6N8,user-member-enumerated,4799,security,success,Microsoft-Windows-Security-Auditing,-,"group, info",-,-,-,-,-,Builtin,S-1-5-32-544,Administrators,x86_64,DESKTOP-32EH6N8,45429efd-c10a-4299-8a01-8a10b0cbf1b8,"fe80::7959:555c:b4f7:82d3, 192.168.170.20, fe80::f415:e770:257d:42d7, 169.254.66.215","00:0c:29:6e:f6:d9, f8:89:d2:da:70:74",DESKTOP-32EH6N8,19044.1288,windows,10.0.19041.1288 (WinBuild.160101.0800),Windows 10 Pro,Windows 10 Pro,windows,windows,10.0,information,"A security-enabled local group membership was enumerated.

Subject:
	Security ID:		S-1-5-18
	Account Name:		DESKTOP-32EH6N8$
	Account Domain:		WORKGROUP
	Logon ID:		0x3E7

Group:
	Security ID:		S-1-5-32-544
	Group Name:		Administrators
	Group Domain:		Builtin

Process Information:
	Process ID:		0xe40
	Process Name:		C:\Windows\System32\VSSVC.exe",-,-,-,-,-,-,-,-,-,-,-,-,-,-,-,-,-,-,-,-,-,-,-,-,-,-,-,-,-,-,-,-,-,DESKTOP-32EH6N8$,-,-,-,WORKGROUP,-,-,-,S-1-5-18,DESKTOP-32EH6N8$,DESKTOP-32EH6N8$,-,-,-,-,{96d05236-e7e2-0002-7b52-d096e2e7d801},wineventlog,Security,DESKTOP-32EH6N8,-,-,-,-,0xe40,C:\Windows\System32\VSSVC.exe,-,-,-,-,-,-,-,-,-,-,-,-,-,-,-,-,-,-,-,-,-,-,-,-,-,-,-,-,-,-,-,-,-,-,-,-,-,-,-,-,-,-,-,-,-,-,-,-,-,-,-,WORKGROUP,0x3e7,DESKTOP-32EH6N8$,S-1-5-18,-,Builtin,-,-,-,-,-,-,-,-,S-1-5-32-544,Administrators,-,-,-,-,-,-,-,-,-,-,-,-,-,-,-,-,-,-,-,-,-,-,-,-,-,-,-,-,-,-,-,-,4799.0,0x3e7,-,Info,776,"8,124",{54849625-5478-4994-a5ba-3e3b0328c30d},Microsoft-Windows-Security-Auditing,2619.0,Security Group Management,-,-,-,-,-,-,-,-
120,"Oct 25, 2022 @ 04:30:50.527",DESKTOP-32EH6N8,user-member-enumerated,4799,security,success,Microsoft-Windows-Security-Auditing,-,"group, info",-,-,-,-,-,Builtin,S-1-5-32-551,Backup Operators,x86_64,DESKTOP-32EH6N8,45429efd-c10a-4299-8a01-8a10b0cbf1b8,"fe80::7959:555c:b4f7:82d3, 192.168.170.20, fe80::f415:e770:257d:42d7, 169.254.66.215","00:0c:29:6e:f6:d9, f8:89:d2:da:70:74",DESKTOP-32EH6N8,19044.1288,windows,10.0.19041.1288 (WinBuild.160101.0800),Windows 10 Pro,Windows 10 Pro,windows,windows,10.0,information,"A security-enabled local group membership was enumerated.

Subject:
	Security ID:		S-1-5-18
	Account Name:		DESKTOP-32EH6N8$
	Account Domain:		WORKGROUP
	Logon ID:		0x3E7

Group:
	Security ID:		S-1-5-32-551
	Group Name:		Backup Operators
	Group Domain:		Builtin

Process Information:
	Process ID:		0xe40
	Process Name:		C:\Windows\System32\VSSVC.exe",-,-,-,-,-,-,-,-,-,-,-,-,-,-,-,-,-,-,-,-,-,-,-,-,-,-,-,-,-,-,-,-,-,DESKTOP-32EH6N8$,-,-,-,WORKGROUP,-,-,-,S-1-5-18,DESKTOP-32EH6N8$,DESKTOP-32EH6N8$,-,-,-,-,{96d05236-e7e2-0002-7b52-d096e2e7d801},wineventlog,Security,DESKTOP-32EH6N8,-,-,-,-,0xe40,C:\Windows\System32\VSSVC.exe,-,-,-,-,-,-,-,-,-,-,-,-,-,-,-,-,-,-,-,-,-,-,-,-,-,-,-,-,-,-,-,-,-,-,-,-,-,-,-,-,-,-,-,-,-,-,-,-,-,-,-,WORKGROUP,0x3e7,DESKTOP-32EH6N8$,S-1-5-18,-,Builtin,-,-,-,-,-,-,-,-,S-1-5-32-551,Backup Operators,-,-,-,-,-,-,-,-,-,-,-,-,-,-,-,-,-,-,-,-,-,-,-,-,-,-,-,-,-,-,-,-,4799.0,0x3e7,-,Info,776,"8,124",{54849625-5478-4994-a5ba-3e3b0328c30d},Microsoft-Windows-Security-Auditing,2620.0,Security Group Management,-,-,-,-,-,-,-,-
121,"Oct 25, 2022 @ 04:30:50.514",DESKTOP-32EH6N8,logged-in,4624,security,success,Microsoft-Windows-Security-Auditing,-,start,-,-,-,-,-,-,-,-,x86_64,DESKTOP-32EH6N8,45429efd-c10a-4299-8a01-8a10b0cbf1b8,"fe80::7959:555c:b4f7:82d3, 192.168.170.20, fe80::f415:e770:257d:42d7, 169.254.66.215","00:0c:29:6e:f6:d9, f8:89:d2:da:70:74",DESKTOP-32EH6N8,19044.1288,windows,10.0.19041.1288 (WinBuild.160101.0800),Windows 10 Pro,Windows 10 Pro,windows,windows,10.0,information,"An account was successfully logged on.

Subject:
	Security ID:		S-1-5-18
	Account Name:		DESKTOP-32EH6N8$
	Account Domain:		WORKGROUP
	Logon ID:		0x3E7

Logon Information:
	Logon Type:		5
	Restricted Admin Mode:	-
	Virtual Account:		No
	Elevated Token:		Yes

Impersonation Level:		Impersonation

New Logon:
	Security ID:		S-1-5-18
	Account Name:		SYSTEM
	Account Domain:		NT AUTHORITY
	Logon ID:		0x3E7
	Linked Logon ID:		0x0
	Network Account Name:	-
	Network Account Domain:	-
	Logon GUID:		{00000000-0000-0000-0000-000000000000}

Process Information:
	Process ID:		0x2f0
	Process Name:		C:\Windows\System32\services.exe

Network Information:
	Workstation Name:	-
	Source Network Address:	-
	Source Port:		-

Detailed Authentication Information:
	Logon Process:		Advapi  
	Authentication Package:	Negotiate
	Transited Services:	-
	Package Name (NTLM only):	-
	Key Length:		0

This event is generated when a logon session is created. It is generated on the computer that was accessed.

The subject fields indicate the account on the local system which requested the logon. This is most commonly a service such as the Server service, or a local process such as Winlogon.exe or Services.exe.

The logon type field indicates the kind of logon that occurred. The most common types are 2 (interactive) and 3 (network).

The New Logon fields indicate the account for whom the new logon was created, i.e. the account that was logged on.

The network fields indicate where a remote logon request originated. Workstation name is not always available and may be left blank in some cases.

The impersonation level field indicates the extent to which a process in the logon session can impersonate.

The authentication information fields provide detailed information about this specific logon request.
	- Logon GUID is a unique identifier that can be used to correlate this event with a KDC event.
	- Transited services indicate which intermediate services have participated in this logon request.
	- Package name indicates which sub-protocol was used among the NTLM protocols.
	- Key length indicates the length of the generated session key. This will be 0 if no session key was requested.",-,-,-,-,-,-,-,-,-,-,-,-,-,-,-,-,-,-,-,-,-,-,-,-,-,C:\Windows\System32\services.exe,C:\Windows\System32\services.exe,services.exe,services.exe,752,-,-,-,"SYSTEM, DESKTOP-32EH6N8$",-,-,-,NT AUTHORITY,-,-,-,S-1-5-18,SYSTEM,SYSTEM,-,-,-,-,{96d05236-e7e2-0002-7b52-d096e2e7d801},wineventlog,Security,DESKTOP-32EH6N8,-,-,Negotiate,-,-,-,-,-,-,-,-,-,-,-,%%1842,-,-,-,-,-,-,%%1833,-,-,-,0,-,-,-,-,{00000000-0000-0000-0000-000000000000},Advapi  ,5,-,-,-,-,-,-,-,-,-,-,-,-,-,-,-,-,-,-,-,-,-,-,-,-,WORKGROUP,0x3e7,DESKTOP-32EH6N8$,S-1-5-18,-,NT AUTHORITY,-,0x0,-,0x3e7,-,-,-,-,-,SYSTEM,S-1-5-18,-,-,-,-,-,-,%%1843,-,-,-,-,-,-,-,-,-,-,-,-,-,-,-,-,-,-,-,-,-,-,-,-,4624.0,0x3e7,Service,Info,776,"8,124",{54849625-5478-4994-a5ba-3e3b0328c30d},Microsoft-Windows-Security-Auditing,2617.0,Logon,-,-,-,-,-,-,-,2
122,"Oct 25, 2022 @ 04:30:50.514",DESKTOP-32EH6N8,logged-in-special,4672,security,success,Microsoft-Windows-Security-Auditing,-,admin,-,-,-,-,-,-,-,-,x86_64,DESKTOP-32EH6N8,45429efd-c10a-4299-8a01-8a10b0cbf1b8,"fe80::7959:555c:b4f7:82d3, 192.168.170.20, fe80::f415:e770:257d:42d7, 169.254.66.215","00:0c:29:6e:f6:d9, f8:89:d2:da:70:74",DESKTOP-32EH6N8,19044.1288,windows,10.0.19041.1288 (WinBuild.160101.0800),Windows 10 Pro,Windows 10 Pro,windows,windows,10.0,information,"Special privileges assigned to new logon.

Subject:
	Security ID:		S-1-5-18
	Account Name:		SYSTEM
	Account Domain:		NT AUTHORITY
	Logon ID:		0x3E7

Privileges:		SeAssignPrimaryTokenPrivilege
			SeTcbPrivilege
			SeSecurityPrivilege
			SeTakeOwnershipPrivilege
			SeLoadDriverPrivilege
			SeBackupPrivilege
			SeRestorePrivilege
			SeDebugPrivilege
			SeAuditPrivilege
			SeSystemEnvironmentPrivilege
			SeImpersonatePrivilege
			SeDelegateSessionUserImpersonatePrivilege",-,-,-,-,-,-,-,-,-,-,-,-,-,-,-,-,-,-,-,-,-,-,-,-,-,-,-,-,-,-,-,-,-,SYSTEM,-,-,-,NT AUTHORITY,-,-,-,S-1-5-18,SYSTEM,SYSTEM,-,-,-,-,{96d05236-e7e2-0002-7b52-d096e2e7d801},wineventlog,Security,DESKTOP-32EH6N8,-,-,-,-,-,-,-,-,-,-,-,-,-,-,-,-,-,-,-,-,-,-,-,-,-,-,-,-,-,-,-,-,-,-,-,-,-,-,-,-,-,-,-,"SeAssignPrimaryTokenPrivilege, SeTcbPrivilege, SeSecurityPrivilege, SeTakeOwnershipPrivilege, SeLoadDriverPrivilege, SeBackupPrivilege, SeRestorePrivilege, SeDebugPrivilege, SeAuditPrivilege, SeSystemEnvironmentPrivilege, SeImpersonatePrivilege, SeDelegateSessionUserImpersonatePrivilege",-,-,-,-,-,-,-,-,-,-,-,-,-,NT AUTHORITY,0x3e7,SYSTEM,S-1-5-18,-,-,-,-,-,-,-,-,-,-,-,-,-,-,-,-,-,-,-,-,-,-,-,-,-,-,-,-,-,-,-,-,-,-,-,-,-,-,-,-,-,-,-,-,4672.0,0x3e7,-,Info,776,"8,124",{54849625-5478-4994-a5ba-3e3b0328c30d},Microsoft-Windows-Security-Auditing,2618.0,Special Logon,-,-,-,-,-,-,-,-
123,"Oct 25, 2022 @ 04:30:50.513",DESKTOP-32EH6N8,user-member-enumerated,4799,security,success,Microsoft-Windows-Security-Auditing,-,"group, info",-,-,-,-,-,Builtin,S-1-5-32-544,Administrators,x86_64,DESKTOP-32EH6N8,45429efd-c10a-4299-8a01-8a10b0cbf1b8,"fe80::7959:555c:b4f7:82d3, 192.168.170.20, fe80::f415:e770:257d:42d7, 169.254.66.215","00:0c:29:6e:f6:d9, f8:89:d2:da:70:74",DESKTOP-32EH6N8,19044.1288,windows,10.0.19041.1288 (WinBuild.160101.0800),Windows 10 Pro,Windows 10 Pro,windows,windows,10.0,information,"A security-enabled local group membership was enumerated.

Subject:
	Security ID:		S-1-5-18
	Account Name:		DESKTOP-32EH6N8$
	Account Domain:		WORKGROUP
	Logon ID:		0x3E7

Group:
	Security ID:		S-1-5-32-544
	Group Name:		Administrators
	Group Domain:		Builtin

Process Information:
	Process ID:		0xe40
	Process Name:		C:\Windows\System32\VSSVC.exe",-,-,-,-,-,-,-,-,-,-,-,-,-,-,-,-,-,-,-,-,-,-,-,-,-,-,-,-,-,-,-,-,-,DESKTOP-32EH6N8$,-,-,-,WORKGROUP,-,-,-,S-1-5-18,DESKTOP-32EH6N8$,DESKTOP-32EH6N8$,-,-,-,-,{96d05236-e7e2-0002-7b52-d096e2e7d801},wineventlog,Security,DESKTOP-32EH6N8,-,-,-,-,0xe40,C:\Windows\System32\VSSVC.exe,-,-,-,-,-,-,-,-,-,-,-,-,-,-,-,-,-,-,-,-,-,-,-,-,-,-,-,-,-,-,-,-,-,-,-,-,-,-,-,-,-,-,-,-,-,-,-,-,-,-,-,WORKGROUP,0x3e7,DESKTOP-32EH6N8$,S-1-5-18,-,Builtin,-,-,-,-,-,-,-,-,S-1-5-32-544,Administrators,-,-,-,-,-,-,-,-,-,-,-,-,-,-,-,-,-,-,-,-,-,-,-,-,-,-,-,-,-,-,-,-,4799.0,0x3e7,-,Info,776,"8,124",{54849625-5478-4994-a5ba-3e3b0328c30d},Microsoft-Windows-Security-Auditing,2615.0,Security Group Management,-,-,-,-,-,-,-,-
124,"Oct 25, 2022 @ 04:30:50.513",DESKTOP-32EH6N8,user-member-enumerated,4799,security,success,Microsoft-Windows-Security-Auditing,-,"group, info",-,-,-,-,-,Builtin,S-1-5-32-551,Backup Operators,x86_64,DESKTOP-32EH6N8,45429efd-c10a-4299-8a01-8a10b0cbf1b8,"fe80::7959:555c:b4f7:82d3, 192.168.170.20, fe80::f415:e770:257d:42d7, 169.254.66.215","00:0c:29:6e:f6:d9, f8:89:d2:da:70:74",DESKTOP-32EH6N8,19044.1288,windows,10.0.19041.1288 (WinBuild.160101.0800),Windows 10 Pro,Windows 10 Pro,windows,windows,10.0,information,"A security-enabled local group membership was enumerated.

Subject:
	Security ID:		S-1-5-18
	Account Name:		DESKTOP-32EH6N8$
	Account Domain:		WORKGROUP
	Logon ID:		0x3E7

Group:
	Security ID:		S-1-5-32-551
	Group Name:		Backup Operators
	Group Domain:		Builtin

Process Information:
	Process ID:		0xe40
	Process Name:		C:\Windows\System32\VSSVC.exe",-,-,-,-,-,-,-,-,-,-,-,-,-,-,-,-,-,-,-,-,-,-,-,-,-,-,-,-,-,-,-,-,-,DESKTOP-32EH6N8$,-,-,-,WORKGROUP,-,-,-,S-1-5-18,DESKTOP-32EH6N8$,DESKTOP-32EH6N8$,-,-,-,-,{96d05236-e7e2-0002-7b52-d096e2e7d801},wineventlog,Security,DESKTOP-32EH6N8,-,-,-,-,0xe40,C:\Windows\System32\VSSVC.exe,-,-,-,-,-,-,-,-,-,-,-,-,-,-,-,-,-,-,-,-,-,-,-,-,-,-,-,-,-,-,-,-,-,-,-,-,-,-,-,-,-,-,-,-,-,-,-,-,-,-,-,WORKGROUP,0x3e7,DESKTOP-32EH6N8$,S-1-5-18,-,Builtin,-,-,-,-,-,-,-,-,S-1-5-32-551,Backup Operators,-,-,-,-,-,-,-,-,-,-,-,-,-,-,-,-,-,-,-,-,-,-,-,-,-,-,-,-,-,-,-,-,4799.0,0x3e7,-,Info,776,"8,124",{54849625-5478-4994-a5ba-3e3b0328c30d},Microsoft-Windows-Security-Auditing,2616.0,Security Group Management,-,-,-,-,-,-,-,-
125,"Oct 25, 2022 @ 04:30:50.488",DESKTOP-32EH6N8,logged-in,4624,security,success,Microsoft-Windows-Security-Auditing,-,start,-,-,-,-,-,-,-,-,x86_64,DESKTOP-32EH6N8,45429efd-c10a-4299-8a01-8a10b0cbf1b8,"fe80::7959:555c:b4f7:82d3, 192.168.170.20, fe80::f415:e770:257d:42d7, 169.254.66.215","00:0c:29:6e:f6:d9, f8:89:d2:da:70:74",DESKTOP-32EH6N8,19044.1288,windows,10.0.19041.1288 (WinBuild.160101.0800),Windows 10 Pro,Windows 10 Pro,windows,windows,10.0,information,"An account was successfully logged on.

Subject:
	Security ID:		S-1-5-18
	Account Name:		DESKTOP-32EH6N8$
	Account Domain:		WORKGROUP
	Logon ID:		0x3E7

Logon Information:
	Logon Type:		5
	Restricted Admin Mode:	-
	Virtual Account:		No
	Elevated Token:		Yes

Impersonation Level:		Impersonation

New Logon:
	Security ID:		S-1-5-18
	Account Name:		SYSTEM
	Account Domain:		NT AUTHORITY
	Logon ID:		0x3E7
	Linked Logon ID:		0x0
	Network Account Name:	-
	Network Account Domain:	-
	Logon GUID:		{00000000-0000-0000-0000-000000000000}

Process Information:
	Process ID:		0x2f0
	Process Name:		C:\Windows\System32\services.exe

Network Information:
	Workstation Name:	-
	Source Network Address:	-
	Source Port:		-

Detailed Authentication Information:
	Logon Process:		Advapi  
	Authentication Package:	Negotiate
	Transited Services:	-
	Package Name (NTLM only):	-
	Key Length:		0

This event is generated when a logon session is created. It is generated on the computer that was accessed.

The subject fields indicate the account on the local system which requested the logon. This is most commonly a service such as the Server service, or a local process such as Winlogon.exe or Services.exe.

The logon type field indicates the kind of logon that occurred. The most common types are 2 (interactive) and 3 (network).

The New Logon fields indicate the account for whom the new logon was created, i.e. the account that was logged on.

The network fields indicate where a remote logon request originated. Workstation name is not always available and may be left blank in some cases.

The impersonation level field indicates the extent to which a process in the logon session can impersonate.

The authentication information fields provide detailed information about this specific logon request.
	- Logon GUID is a unique identifier that can be used to correlate this event with a KDC event.
	- Transited services indicate which intermediate services have participated in this logon request.
	- Package name indicates which sub-protocol was used among the NTLM protocols.
	- Key length indicates the length of the generated session key. This will be 0 if no session key was requested.",-,-,-,-,-,-,-,-,-,-,-,-,-,-,-,-,-,-,-,-,-,-,-,-,-,C:\Windows\System32\services.exe,C:\Windows\System32\services.exe,services.exe,services.exe,752,-,-,-,"SYSTEM, DESKTOP-32EH6N8$",-,-,-,NT AUTHORITY,-,-,-,S-1-5-18,SYSTEM,SYSTEM,-,-,-,-,{96d05236-e7e2-0002-7b52-d096e2e7d801},wineventlog,Security,DESKTOP-32EH6N8,-,-,Negotiate,-,-,-,-,-,-,-,-,-,-,-,%%1842,-,-,-,-,-,-,%%1833,-,-,-,0,-,-,-,-,{00000000-0000-0000-0000-000000000000},Advapi  ,5,-,-,-,-,-,-,-,-,-,-,-,-,-,-,-,-,-,-,-,-,-,-,-,-,WORKGROUP,0x3e7,DESKTOP-32EH6N8$,S-1-5-18,-,NT AUTHORITY,-,0x0,-,0x3e7,-,-,-,-,-,SYSTEM,S-1-5-18,-,-,-,-,-,-,%%1843,-,-,-,-,-,-,-,-,-,-,-,-,-,-,-,-,-,-,-,-,-,-,-,-,4624.0,0x3e7,Service,Info,776,"8,124",{54849625-5478-4994-a5ba-3e3b0328c30d},Microsoft-Windows-Security-Auditing,2613.0,Logon,-,-,-,-,-,-,-,2
126,"Oct 25, 2022 @ 04:30:50.488",DESKTOP-32EH6N8,logged-in-special,4672,security,success,Microsoft-Windows-Security-Auditing,-,admin,-,-,-,-,-,-,-,-,x86_64,DESKTOP-32EH6N8,45429efd-c10a-4299-8a01-8a10b0cbf1b8,"fe80::7959:555c:b4f7:82d3, 192.168.170.20, fe80::f415:e770:257d:42d7, 169.254.66.215","00:0c:29:6e:f6:d9, f8:89:d2:da:70:74",DESKTOP-32EH6N8,19044.1288,windows,10.0.19041.1288 (WinBuild.160101.0800),Windows 10 Pro,Windows 10 Pro,windows,windows,10.0,information,"Special privileges assigned to new logon.

Subject:
	Security ID:		S-1-5-18
	Account Name:		SYSTEM
	Account Domain:		NT AUTHORITY
	Logon ID:		0x3E7

Privileges:		SeAssignPrimaryTokenPrivilege
			SeTcbPrivilege
			SeSecurityPrivilege
			SeTakeOwnershipPrivilege
			SeLoadDriverPrivilege
			SeBackupPrivilege
			SeRestorePrivilege
			SeDebugPrivilege
			SeAuditPrivilege
			SeSystemEnvironmentPrivilege
			SeImpersonatePrivilege
			SeDelegateSessionUserImpersonatePrivilege",-,-,-,-,-,-,-,-,-,-,-,-,-,-,-,-,-,-,-,-,-,-,-,-,-,-,-,-,-,-,-,-,-,SYSTEM,-,-,-,NT AUTHORITY,-,-,-,S-1-5-18,SYSTEM,SYSTEM,-,-,-,-,{96d05236-e7e2-0002-7b52-d096e2e7d801},wineventlog,Security,DESKTOP-32EH6N8,-,-,-,-,-,-,-,-,-,-,-,-,-,-,-,-,-,-,-,-,-,-,-,-,-,-,-,-,-,-,-,-,-,-,-,-,-,-,-,-,-,-,-,"SeAssignPrimaryTokenPrivilege, SeTcbPrivilege, SeSecurityPrivilege, SeTakeOwnershipPrivilege, SeLoadDriverPrivilege, SeBackupPrivilege, SeRestorePrivilege, SeDebugPrivilege, SeAuditPrivilege, SeSystemEnvironmentPrivilege, SeImpersonatePrivilege, SeDelegateSessionUserImpersonatePrivilege",-,-,-,-,-,-,-,-,-,-,-,-,-,NT AUTHORITY,0x3e7,SYSTEM,S-1-5-18,-,-,-,-,-,-,-,-,-,-,-,-,-,-,-,-,-,-,-,-,-,-,-,-,-,-,-,-,-,-,-,-,-,-,-,-,-,-,-,-,-,-,-,-,4672.0,0x3e7,-,Info,776,"8,124",{54849625-5478-4994-a5ba-3e3b0328c30d},Microsoft-Windows-Security-Auditing,2614.0,Special Logon,-,-,-,-,-,-,-,-
127,"Oct 25, 2022 @ 04:30:49.883",DESKTOP-32EH6N8,audit-setting-changed,4907,security,success,Microsoft-Windows-Security-Auditing,-,"admin, change",-,-,-,-,-,-,-,-,x86_64,DESKTOP-32EH6N8,45429efd-c10a-4299-8a01-8a10b0cbf1b8,"fe80::7959:555c:b4f7:82d3, 192.168.170.20, fe80::f415:e770:257d:42d7, 169.254.66.215","00:0c:29:6e:f6:d9, f8:89:d2:da:70:74",DESKTOP-32EH6N8,19044.1288,windows,10.0.19041.1288 (WinBuild.160101.0800),Windows 10 Pro,Windows 10 Pro,windows,windows,10.0,information,"Auditing settings on object were changed.

Subject:
	Security ID:		S-1-5-18
	Account Name:		DESKTOP-32EH6N8$
	Account Domain:		WORKGROUP
	Logon ID:		0x3E7

Object:
	Object Server:	Security
	Object Type:	File
	Object Name:	C:\Windows\SysWOW64\dfshim.dll
	Handle ID:	0xd68

Process Information:
	Process ID:	0x7a0
	Process Name:	C:\Windows\WinSxS\amd64_microsoft-windows-servicingstack_31bf3856ad364e35_10.0.19041.1220_none_7e21bc567c7ed16b\TiWorker.exe

Auditing Settings:
	Original Security Descriptor:	S:AINO_ACCESS_CONTROL
	New Security Descriptor:		S:ARAI(AU;SAFA;DCLCRPCRSDWDWO;;;WD)",-,-,-,-,-,-,-,-,-,-,-,-,-,-,-,-,-,-,-,-,-,-,-,-,-,C:\Windows\WinSxS\amd64_microsoft-windows-servicingstack_31bf3856ad364e35_10.0.19041.1220_none_7e21bc567c7ed16b\TiWorker.exe,C:\Windows\WinSxS\amd64_microsoft-windows-servicingstack_31bf3856ad364e35_10.0.19041.1220_none_7e21bc567c7ed16b\TiWorker.exe,TiWorker.exe,TiWorker.exe,"1,952",-,-,-,DESKTOP-32EH6N8$,-,-,-,WORKGROUP,-,-,-,S-1-5-18,DESKTOP-32EH6N8$,DESKTOP-32EH6N8$,-,-,-,-,-,wineventlog,Security,DESKTOP-32EH6N8,-,-,-,-,-,-,-,-,-,-,-,-,-,-,-,-,-,0xd68,-,-,-,-,-,-,-,-,-,-,-,-,-,-,-,S:ARAI(AU;SAFA;DCLCRPCRSDWDWO;;;WD),"Everyone :System Audit ([Delete All Child Objects, List Contents, Read All Properties, All Extended Rights, Delete, Modify Permissions, Modify Owner])",-,C:\Windows\SysWOW64\dfshim.dll,Security,File,S:AINO_ACCESS_CONTROL,-,-,-,-,-,-,-,-,-,-,-,-,-,-,-,-,-,WORKGROUP,0x3e7,DESKTOP-32EH6N8$,S-1-5-18,-,-,-,-,-,-,-,-,-,-,-,-,-,-,-,-,-,-,-,-,-,-,-,-,-,-,-,-,-,-,-,-,-,-,-,-,-,-,-,-,-,-,-,-,4907.0,0x3e7,-,Info,4,332,{54849625-5478-4994-a5ba-3e3b0328c30d},Microsoft-Windows-Security-Auditing,2612.0,Audit Policy Change,-,-,-,-,-,-,-,-
128,"Oct 25, 2022 @ 04:30:49.879",DESKTOP-32EH6N8,audit-setting-changed,4907,security,success,Microsoft-Windows-Security-Auditing,-,"admin, change",-,-,-,-,-,-,-,-,x86_64,DESKTOP-32EH6N8,45429efd-c10a-4299-8a01-8a10b0cbf1b8,"fe80::7959:555c:b4f7:82d3, 192.168.170.20, fe80::f415:e770:257d:42d7, 169.254.66.215","00:0c:29:6e:f6:d9, f8:89:d2:da:70:74",DESKTOP-32EH6N8,19044.1288,windows,10.0.19041.1288 (WinBuild.160101.0800),Windows 10 Pro,Windows 10 Pro,windows,windows,10.0,information,"Auditing settings on object were changed.

Subject:
	Security ID:		S-1-5-18
	Account Name:		DESKTOP-32EH6N8$
	Account Domain:		WORKGROUP
	Logon ID:		0x3E7

Object:
	Object Server:	Security
	Object Type:	File
	Object Name:	C:\Windows\System32\dfshim.dll
	Handle ID:	0xdac

Process Information:
	Process ID:	0x7a0
	Process Name:	C:\Windows\WinSxS\amd64_microsoft-windows-servicingstack_31bf3856ad364e35_10.0.19041.1220_none_7e21bc567c7ed16b\TiWorker.exe

Auditing Settings:
	Original Security Descriptor:	S:AINO_ACCESS_CONTROL
	New Security Descriptor:		S:ARAI(AU;SAFA;DCLCRPCRSDWDWO;;;WD)",-,-,-,-,-,-,-,-,-,-,-,-,-,-,-,-,-,-,-,-,-,-,-,-,-,C:\Windows\WinSxS\amd64_microsoft-windows-servicingstack_31bf3856ad364e35_10.0.19041.1220_none_7e21bc567c7ed16b\TiWorker.exe,C:\Windows\WinSxS\amd64_microsoft-windows-servicingstack_31bf3856ad364e35_10.0.19041.1220_none_7e21bc567c7ed16b\TiWorker.exe,TiWorker.exe,TiWorker.exe,"1,952",-,-,-,DESKTOP-32EH6N8$,-,-,-,WORKGROUP,-,-,-,S-1-5-18,DESKTOP-32EH6N8$,DESKTOP-32EH6N8$,-,-,-,-,-,wineventlog,Security,DESKTOP-32EH6N8,-,-,-,-,-,-,-,-,-,-,-,-,-,-,-,-,-,0xdac,-,-,-,-,-,-,-,-,-,-,-,-,-,-,-,S:ARAI(AU;SAFA;DCLCRPCRSDWDWO;;;WD),"Everyone :System Audit ([Delete All Child Objects, List Contents, Read All Properties, All Extended Rights, Delete, Modify Permissions, Modify Owner])",-,C:\Windows\System32\dfshim.dll,Security,File,S:AINO_ACCESS_CONTROL,-,-,-,-,-,-,-,-,-,-,-,-,-,-,-,-,-,WORKGROUP,0x3e7,DESKTOP-32EH6N8$,S-1-5-18,-,-,-,-,-,-,-,-,-,-,-,-,-,-,-,-,-,-,-,-,-,-,-,-,-,-,-,-,-,-,-,-,-,-,-,-,-,-,-,-,-,-,-,-,4907.0,0x3e7,-,Info,4,332,{54849625-5478-4994-a5ba-3e3b0328c30d},Microsoft-Windows-Security-Auditing,2611.0,Audit Policy Change,-,-,-,-,-,-,-,-
129,"Oct 25, 2022 @ 04:30:49.874",DESKTOP-32EH6N8,audit-setting-changed,4907,security,success,Microsoft-Windows-Security-Auditing,-,"admin, change",-,-,-,-,-,-,-,-,x86_64,DESKTOP-32EH6N8,45429efd-c10a-4299-8a01-8a10b0cbf1b8,"fe80::7959:555c:b4f7:82d3, 192.168.170.20, fe80::f415:e770:257d:42d7, 169.254.66.215","00:0c:29:6e:f6:d9, f8:89:d2:da:70:74",DESKTOP-32EH6N8,19044.1288,windows,10.0.19041.1288 (WinBuild.160101.0800),Windows 10 Pro,Windows 10 Pro,windows,windows,10.0,information,"Auditing settings on object were changed.

Subject:
	Security ID:		S-1-5-18
	Account Name:		DESKTOP-32EH6N8$
	Account Domain:		WORKGROUP
	Logon ID:		0x3E7

Object:
	Object Server:	Security
	Object Type:	File
	Object Name:	C:\Windows\Microsoft.NET\Framework64\v4.0.30319\WPF\en-US\PresentationHost_v0400.dll.mui
	Handle ID:	0xd8c

Process Information:
	Process ID:	0x7a0
	Process Name:	C:\Windows\WinSxS\amd64_microsoft-windows-servicingstack_31bf3856ad364e35_10.0.19041.1220_none_7e21bc567c7ed16b\TiWorker.exe

Auditing Settings:
	Original Security Descriptor:	S:AINO_ACCESS_CONTROL
	New Security Descriptor:		S:ARAI(AU;SAFA;DCLCRPCRSDWDWO;;;WD)",-,-,-,-,-,-,-,-,-,-,-,-,-,-,-,-,-,-,-,-,-,-,-,-,-,C:\Windows\WinSxS\amd64_microsoft-windows-servicingstack_31bf3856ad364e35_10.0.19041.1220_none_7e21bc567c7ed16b\TiWorker.exe,C:\Windows\WinSxS\amd64_microsoft-windows-servicingstack_31bf3856ad364e35_10.0.19041.1220_none_7e21bc567c7ed16b\TiWorker.exe,TiWorker.exe,TiWorker.exe,"1,952",-,-,-,DESKTOP-32EH6N8$,-,-,-,WORKGROUP,-,-,-,S-1-5-18,DESKTOP-32EH6N8$,DESKTOP-32EH6N8$,-,-,-,-,-,wineventlog,Security,DESKTOP-32EH6N8,-,-,-,-,-,-,-,-,-,-,-,-,-,-,-,-,-,0xd8c,-,-,-,-,-,-,-,-,-,-,-,-,-,-,-,S:ARAI(AU;SAFA;DCLCRPCRSDWDWO;;;WD),"Everyone :System Audit ([Delete All Child Objects, List Contents, Read All Properties, All Extended Rights, Delete, Modify Permissions, Modify Owner])",-,C:\Windows\Microsoft.NET\Framework64\v4.0.30319\WPF\en-US\PresentationHost_v0400.dll.mui,Security,File,S:AINO_ACCESS_CONTROL,-,-,-,-,-,-,-,-,-,-,-,-,-,-,-,-,-,WORKGROUP,0x3e7,DESKTOP-32EH6N8$,S-1-5-18,-,-,-,-,-,-,-,-,-,-,-,-,-,-,-,-,-,-,-,-,-,-,-,-,-,-,-,-,-,-,-,-,-,-,-,-,-,-,-,-,-,-,-,-,4907.0,0x3e7,-,Info,4,332,{54849625-5478-4994-a5ba-3e3b0328c30d},Microsoft-Windows-Security-Auditing,2610.0,Audit Policy Change,-,-,-,-,-,-,-,-
130,"Oct 25, 2022 @ 04:30:49.872",DESKTOP-32EH6N8,audit-setting-changed,4907,security,success,Microsoft-Windows-Security-Auditing,-,"admin, change",-,-,-,-,-,-,-,-,x86_64,DESKTOP-32EH6N8,45429efd-c10a-4299-8a01-8a10b0cbf1b8,"fe80::7959:555c:b4f7:82d3, 192.168.170.20, fe80::f415:e770:257d:42d7, 169.254.66.215","00:0c:29:6e:f6:d9, f8:89:d2:da:70:74",DESKTOP-32EH6N8,19044.1288,windows,10.0.19041.1288 (WinBuild.160101.0800),Windows 10 Pro,Windows 10 Pro,windows,windows,10.0,information,"Auditing settings on object were changed.

Subject:
	Security ID:		S-1-5-18
	Account Name:		DESKTOP-32EH6N8$
	Account Domain:		WORKGROUP
	Logon ID:		0x3E7

Object:
	Object Server:	Security
	Object Type:	File
	Object Name:	C:\Windows\Microsoft.NET\Framework64\v4.0.30319\WPF\wpfgfx_v0400.dll
	Handle ID:	0xd68

Process Information:
	Process ID:	0x7a0
	Process Name:	C:\Windows\WinSxS\amd64_microsoft-windows-servicingstack_31bf3856ad364e35_10.0.19041.1220_none_7e21bc567c7ed16b\TiWorker.exe

Auditing Settings:
	Original Security Descriptor:	S:AINO_ACCESS_CONTROL
	New Security Descriptor:		S:ARAI(AU;SAFA;DCLCRPCRSDWDWO;;;WD)",-,-,-,-,-,-,-,-,-,-,-,-,-,-,-,-,-,-,-,-,-,-,-,-,-,C:\Windows\WinSxS\amd64_microsoft-windows-servicingstack_31bf3856ad364e35_10.0.19041.1220_none_7e21bc567c7ed16b\TiWorker.exe,C:\Windows\WinSxS\amd64_microsoft-windows-servicingstack_31bf3856ad364e35_10.0.19041.1220_none_7e21bc567c7ed16b\TiWorker.exe,TiWorker.exe,TiWorker.exe,"1,952",-,-,-,DESKTOP-32EH6N8$,-,-,-,WORKGROUP,-,-,-,S-1-5-18,DESKTOP-32EH6N8$,DESKTOP-32EH6N8$,-,-,-,-,-,wineventlog,Security,DESKTOP-32EH6N8,-,-,-,-,-,-,-,-,-,-,-,-,-,-,-,-,-,0xd68,-,-,-,-,-,-,-,-,-,-,-,-,-,-,-,S:ARAI(AU;SAFA;DCLCRPCRSDWDWO;;;WD),"Everyone :System Audit ([Delete All Child Objects, List Contents, Read All Properties, All Extended Rights, Delete, Modify Permissions, Modify Owner])",-,C:\Windows\Microsoft.NET\Framework64\v4.0.30319\WPF\wpfgfx_v0400.dll,Security,File,S:AINO_ACCESS_CONTROL,-,-,-,-,-,-,-,-,-,-,-,-,-,-,-,-,-,WORKGROUP,0x3e7,DESKTOP-32EH6N8$,S-1-5-18,-,-,-,-,-,-,-,-,-,-,-,-,-,-,-,-,-,-,-,-,-,-,-,-,-,-,-,-,-,-,-,-,-,-,-,-,-,-,-,-,-,-,-,-,4907.0,0x3e7,-,Info,4,332,{54849625-5478-4994-a5ba-3e3b0328c30d},Microsoft-Windows-Security-Auditing,2609.0,Audit Policy Change,-,-,-,-,-,-,-,-
131,"Oct 25, 2022 @ 04:30:49.865",DESKTOP-32EH6N8,audit-setting-changed,4907,security,success,Microsoft-Windows-Security-Auditing,-,"admin, change",-,-,-,-,-,-,-,-,x86_64,DESKTOP-32EH6N8,45429efd-c10a-4299-8a01-8a10b0cbf1b8,"fe80::7959:555c:b4f7:82d3, 192.168.170.20, fe80::f415:e770:257d:42d7, 169.254.66.215","00:0c:29:6e:f6:d9, f8:89:d2:da:70:74",DESKTOP-32EH6N8,19044.1288,windows,10.0.19041.1288 (WinBuild.160101.0800),Windows 10 Pro,Windows 10 Pro,windows,windows,10.0,information,"Auditing settings on object were changed.

Subject:
	Security ID:		S-1-5-18
	Account Name:		DESKTOP-32EH6N8$
	Account Domain:		WORKGROUP
	Logon ID:		0x3E7

Object:
	Object Server:	Security
	Object Type:	File
	Object Name:	C:\Windows\Microsoft.NET\Framework64\v4.0.30319\WPF\PresentationNative_v0400.dll
	Handle ID:	0xd9c

Process Information:
	Process ID:	0x7a0
	Process Name:	C:\Windows\WinSxS\amd64_microsoft-windows-servicingstack_31bf3856ad364e35_10.0.19041.1220_none_7e21bc567c7ed16b\TiWorker.exe

Auditing Settings:
	Original Security Descriptor:	S:AINO_ACCESS_CONTROL
	New Security Descriptor:		S:ARAI(AU;SAFA;DCLCRPCRSDWDWO;;;WD)",-,-,-,-,-,-,-,-,-,-,-,-,-,-,-,-,-,-,-,-,-,-,-,-,-,C:\Windows\WinSxS\amd64_microsoft-windows-servicingstack_31bf3856ad364e35_10.0.19041.1220_none_7e21bc567c7ed16b\TiWorker.exe,C:\Windows\WinSxS\amd64_microsoft-windows-servicingstack_31bf3856ad364e35_10.0.19041.1220_none_7e21bc567c7ed16b\TiWorker.exe,TiWorker.exe,TiWorker.exe,"1,952",-,-,-,DESKTOP-32EH6N8$,-,-,-,WORKGROUP,-,-,-,S-1-5-18,DESKTOP-32EH6N8$,DESKTOP-32EH6N8$,-,-,-,-,-,wineventlog,Security,DESKTOP-32EH6N8,-,-,-,-,-,-,-,-,-,-,-,-,-,-,-,-,-,0xd9c,-,-,-,-,-,-,-,-,-,-,-,-,-,-,-,S:ARAI(AU;SAFA;DCLCRPCRSDWDWO;;;WD),"Everyone :System Audit ([Delete All Child Objects, List Contents, Read All Properties, All Extended Rights, Delete, Modify Permissions, Modify Owner])",-,C:\Windows\Microsoft.NET\Framework64\v4.0.30319\WPF\PresentationNative_v0400.dll,Security,File,S:AINO_ACCESS_CONTROL,-,-,-,-,-,-,-,-,-,-,-,-,-,-,-,-,-,WORKGROUP,0x3e7,DESKTOP-32EH6N8$,S-1-5-18,-,-,-,-,-,-,-,-,-,-,-,-,-,-,-,-,-,-,-,-,-,-,-,-,-,-,-,-,-,-,-,-,-,-,-,-,-,-,-,-,-,-,-,-,4907.0,0x3e7,-,Info,4,332,{54849625-5478-4994-a5ba-3e3b0328c30d},Microsoft-Windows-Security-Auditing,2608.0,Audit Policy Change,-,-,-,-,-,-,-,-
132,"Oct 25, 2022 @ 04:30:49.863",DESKTOP-32EH6N8,audit-setting-changed,4907,security,success,Microsoft-Windows-Security-Auditing,-,"admin, change",-,-,-,-,-,-,-,-,x86_64,DESKTOP-32EH6N8,45429efd-c10a-4299-8a01-8a10b0cbf1b8,"fe80::7959:555c:b4f7:82d3, 192.168.170.20, fe80::f415:e770:257d:42d7, 169.254.66.215","00:0c:29:6e:f6:d9, f8:89:d2:da:70:74",DESKTOP-32EH6N8,19044.1288,windows,10.0.19041.1288 (WinBuild.160101.0800),Windows 10 Pro,Windows 10 Pro,windows,windows,10.0,information,"Auditing settings on object were changed.

Subject:
	Security ID:		S-1-5-18
	Account Name:		DESKTOP-32EH6N8$
	Account Domain:		WORKGROUP
	Logon ID:		0x3E7

Object:
	Object Server:	Security
	Object Type:	File
	Object Name:	C:\Windows\Microsoft.NET\Framework64\v4.0.30319\WPF\PresentationHost_v0400.dll
	Handle ID:	0x528

Process Information:
	Process ID:	0x7a0
	Process Name:	C:\Windows\WinSxS\amd64_microsoft-windows-servicingstack_31bf3856ad364e35_10.0.19041.1220_none_7e21bc567c7ed16b\TiWorker.exe

Auditing Settings:
	Original Security Descriptor:	S:AINO_ACCESS_CONTROL
	New Security Descriptor:		S:ARAI(AU;SAFA;DCLCRPCRSDWDWO;;;WD)",-,-,-,-,-,-,-,-,-,-,-,-,-,-,-,-,-,-,-,-,-,-,-,-,-,C:\Windows\WinSxS\amd64_microsoft-windows-servicingstack_31bf3856ad364e35_10.0.19041.1220_none_7e21bc567c7ed16b\TiWorker.exe,C:\Windows\WinSxS\amd64_microsoft-windows-servicingstack_31bf3856ad364e35_10.0.19041.1220_none_7e21bc567c7ed16b\TiWorker.exe,TiWorker.exe,TiWorker.exe,"1,952",-,-,-,DESKTOP-32EH6N8$,-,-,-,WORKGROUP,-,-,-,S-1-5-18,DESKTOP-32EH6N8$,DESKTOP-32EH6N8$,-,-,-,-,-,wineventlog,Security,DESKTOP-32EH6N8,-,-,-,-,-,-,-,-,-,-,-,-,-,-,-,-,-,0x528,-,-,-,-,-,-,-,-,-,-,-,-,-,-,-,S:ARAI(AU;SAFA;DCLCRPCRSDWDWO;;;WD),"Everyone :System Audit ([Delete All Child Objects, List Contents, Read All Properties, All Extended Rights, Delete, Modify Permissions, Modify Owner])",-,C:\Windows\Microsoft.NET\Framework64\v4.0.30319\WPF\PresentationHost_v0400.dll,Security,File,S:AINO_ACCESS_CONTROL,-,-,-,-,-,-,-,-,-,-,-,-,-,-,-,-,-,WORKGROUP,0x3e7,DESKTOP-32EH6N8$,S-1-5-18,-,-,-,-,-,-,-,-,-,-,-,-,-,-,-,-,-,-,-,-,-,-,-,-,-,-,-,-,-,-,-,-,-,-,-,-,-,-,-,-,-,-,-,-,4907.0,0x3e7,-,Info,4,332,{54849625-5478-4994-a5ba-3e3b0328c30d},Microsoft-Windows-Security-Auditing,2607.0,Audit Policy Change,-,-,-,-,-,-,-,-
133,"Oct 25, 2022 @ 04:30:49.859",DESKTOP-32EH6N8,audit-setting-changed,4907,security,success,Microsoft-Windows-Security-Auditing,-,"admin, change",-,-,-,-,-,-,-,-,x86_64,DESKTOP-32EH6N8,45429efd-c10a-4299-8a01-8a10b0cbf1b8,"fe80::7959:555c:b4f7:82d3, 192.168.170.20, fe80::f415:e770:257d:42d7, 169.254.66.215","00:0c:29:6e:f6:d9, f8:89:d2:da:70:74",DESKTOP-32EH6N8,19044.1288,windows,10.0.19041.1288 (WinBuild.160101.0800),Windows 10 Pro,Windows 10 Pro,windows,windows,10.0,information,"Auditing settings on object were changed.

Subject:
	Security ID:		S-1-5-18
	Account Name:		DESKTOP-32EH6N8$
	Account Domain:		WORKGROUP
	Logon ID:		0x3E7

Object:
	Object Server:	Security
	Object Type:	File
	Object Name:	C:\Windows\Microsoft.NET\Framework64\v4.0.30319\WPF\PresentationCore.dll
	Handle ID:	0xda8

Process Information:
	Process ID:	0x7a0
	Process Name:	C:\Windows\WinSxS\amd64_microsoft-windows-servicingstack_31bf3856ad364e35_10.0.19041.1220_none_7e21bc567c7ed16b\TiWorker.exe

Auditing Settings:
	Original Security Descriptor:	S:AINO_ACCESS_CONTROL
	New Security Descriptor:		S:ARAI(AU;SAFA;DCLCRPCRSDWDWO;;;WD)",-,-,-,-,-,-,-,-,-,-,-,-,-,-,-,-,-,-,-,-,-,-,-,-,-,C:\Windows\WinSxS\amd64_microsoft-windows-servicingstack_31bf3856ad364e35_10.0.19041.1220_none_7e21bc567c7ed16b\TiWorker.exe,C:\Windows\WinSxS\amd64_microsoft-windows-servicingstack_31bf3856ad364e35_10.0.19041.1220_none_7e21bc567c7ed16b\TiWorker.exe,TiWorker.exe,TiWorker.exe,"1,952",-,-,-,DESKTOP-32EH6N8$,-,-,-,WORKGROUP,-,-,-,S-1-5-18,DESKTOP-32EH6N8$,DESKTOP-32EH6N8$,-,-,-,-,-,wineventlog,Security,DESKTOP-32EH6N8,-,-,-,-,-,-,-,-,-,-,-,-,-,-,-,-,-,0xda8,-,-,-,-,-,-,-,-,-,-,-,-,-,-,-,S:ARAI(AU;SAFA;DCLCRPCRSDWDWO;;;WD),"Everyone :System Audit ([Delete All Child Objects, List Contents, Read All Properties, All Extended Rights, Delete, Modify Permissions, Modify Owner])",-,C:\Windows\Microsoft.NET\Framework64\v4.0.30319\WPF\PresentationCore.dll,Security,File,S:AINO_ACCESS_CONTROL,-,-,-,-,-,-,-,-,-,-,-,-,-,-,-,-,-,WORKGROUP,0x3e7,DESKTOP-32EH6N8$,S-1-5-18,-,-,-,-,-,-,-,-,-,-,-,-,-,-,-,-,-,-,-,-,-,-,-,-,-,-,-,-,-,-,-,-,-,-,-,-,-,-,-,-,-,-,-,-,4907.0,0x3e7,-,Info,4,332,{54849625-5478-4994-a5ba-3e3b0328c30d},Microsoft-Windows-Security-Auditing,2606.0,Audit Policy Change,-,-,-,-,-,-,-,-
134,"Oct 25, 2022 @ 04:30:49.857",DESKTOP-32EH6N8,audit-setting-changed,4907,security,success,Microsoft-Windows-Security-Auditing,-,"admin, change",-,-,-,-,-,-,-,-,x86_64,DESKTOP-32EH6N8,45429efd-c10a-4299-8a01-8a10b0cbf1b8,"fe80::7959:555c:b4f7:82d3, 192.168.170.20, fe80::f415:e770:257d:42d7, 169.254.66.215","00:0c:29:6e:f6:d9, f8:89:d2:da:70:74",DESKTOP-32EH6N8,19044.1288,windows,10.0.19041.1288 (WinBuild.160101.0800),Windows 10 Pro,Windows 10 Pro,windows,windows,10.0,information,"Auditing settings on object were changed.

Subject:
	Security ID:		S-1-5-18
	Account Name:		DESKTOP-32EH6N8$
	Account Domain:		WORKGROUP
	Logon ID:		0x3E7

Object:
	Object Server:	Security
	Object Type:	File
	Object Name:	C:\Windows\Microsoft.NET\Framework64\v4.0.30319\WPF\PenIMC_v0400.dll
	Handle ID:	0xd98

Process Information:
	Process ID:	0x7a0
	Process Name:	C:\Windows\WinSxS\amd64_microsoft-windows-servicingstack_31bf3856ad364e35_10.0.19041.1220_none_7e21bc567c7ed16b\TiWorker.exe

Auditing Settings:
	Original Security Descriptor:	S:AINO_ACCESS_CONTROL
	New Security Descriptor:		S:ARAI(AU;SAFA;DCLCRPCRSDWDWO;;;WD)",-,-,-,-,-,-,-,-,-,-,-,-,-,-,-,-,-,-,-,-,-,-,-,-,-,C:\Windows\WinSxS\amd64_microsoft-windows-servicingstack_31bf3856ad364e35_10.0.19041.1220_none_7e21bc567c7ed16b\TiWorker.exe,C:\Windows\WinSxS\amd64_microsoft-windows-servicingstack_31bf3856ad364e35_10.0.19041.1220_none_7e21bc567c7ed16b\TiWorker.exe,TiWorker.exe,TiWorker.exe,"1,952",-,-,-,DESKTOP-32EH6N8$,-,-,-,WORKGROUP,-,-,-,S-1-5-18,DESKTOP-32EH6N8$,DESKTOP-32EH6N8$,-,-,-,-,-,wineventlog,Security,DESKTOP-32EH6N8,-,-,-,-,-,-,-,-,-,-,-,-,-,-,-,-,-,0xd98,-,-,-,-,-,-,-,-,-,-,-,-,-,-,-,S:ARAI(AU;SAFA;DCLCRPCRSDWDWO;;;WD),"Everyone :System Audit ([Delete All Child Objects, List Contents, Read All Properties, All Extended Rights, Delete, Modify Permissions, Modify Owner])",-,C:\Windows\Microsoft.NET\Framework64\v4.0.30319\WPF\PenIMC_v0400.dll,Security,File,S:AINO_ACCESS_CONTROL,-,-,-,-,-,-,-,-,-,-,-,-,-,-,-,-,-,WORKGROUP,0x3e7,DESKTOP-32EH6N8$,S-1-5-18,-,-,-,-,-,-,-,-,-,-,-,-,-,-,-,-,-,-,-,-,-,-,-,-,-,-,-,-,-,-,-,-,-,-,-,-,-,-,-,-,-,-,-,-,4907.0,0x3e7,-,Info,4,332,{54849625-5478-4994-a5ba-3e3b0328c30d},Microsoft-Windows-Security-Auditing,2605.0,Audit Policy Change,-,-,-,-,-,-,-,-
135,"Oct 25, 2022 @ 04:30:49.855",DESKTOP-32EH6N8,audit-setting-changed,4907,security,success,Microsoft-Windows-Security-Auditing,-,"admin, change",-,-,-,-,-,-,-,-,x86_64,DESKTOP-32EH6N8,45429efd-c10a-4299-8a01-8a10b0cbf1b8,"fe80::7959:555c:b4f7:82d3, 192.168.170.20, fe80::f415:e770:257d:42d7, 169.254.66.215","00:0c:29:6e:f6:d9, f8:89:d2:da:70:74",DESKTOP-32EH6N8,19044.1288,windows,10.0.19041.1288 (WinBuild.160101.0800),Windows 10 Pro,Windows 10 Pro,windows,windows,10.0,information,"Auditing settings on object were changed.

Subject:
	Security ID:		S-1-5-18
	Account Name:		DESKTOP-32EH6N8$
	Account Domain:		WORKGROUP
	Logon ID:		0x3E7

Object:
	Object Server:	Security
	Object Type:	File
	Object Name:	C:\Windows\Microsoft.NET\Framework64\v4.0.30319\WPF\PenIMC2_v0400.dll
	Handle ID:	0xd88

Process Information:
	Process ID:	0x7a0
	Process Name:	C:\Windows\WinSxS\amd64_microsoft-windows-servicingstack_31bf3856ad364e35_10.0.19041.1220_none_7e21bc567c7ed16b\TiWorker.exe

Auditing Settings:
	Original Security Descriptor:	S:AINO_ACCESS_CONTROL
	New Security Descriptor:		S:ARAI(AU;SAFA;DCLCRPCRSDWDWO;;;WD)",-,-,-,-,-,-,-,-,-,-,-,-,-,-,-,-,-,-,-,-,-,-,-,-,-,C:\Windows\WinSxS\amd64_microsoft-windows-servicingstack_31bf3856ad364e35_10.0.19041.1220_none_7e21bc567c7ed16b\TiWorker.exe,C:\Windows\WinSxS\amd64_microsoft-windows-servicingstack_31bf3856ad364e35_10.0.19041.1220_none_7e21bc567c7ed16b\TiWorker.exe,TiWorker.exe,TiWorker.exe,"1,952",-,-,-,DESKTOP-32EH6N8$,-,-,-,WORKGROUP,-,-,-,S-1-5-18,DESKTOP-32EH6N8$,DESKTOP-32EH6N8$,-,-,-,-,-,wineventlog,Security,DESKTOP-32EH6N8,-,-,-,-,-,-,-,-,-,-,-,-,-,-,-,-,-,0xd88,-,-,-,-,-,-,-,-,-,-,-,-,-,-,-,S:ARAI(AU;SAFA;DCLCRPCRSDWDWO;;;WD),"Everyone :System Audit ([Delete All Child Objects, List Contents, Read All Properties, All Extended Rights, Delete, Modify Permissions, Modify Owner])",-,C:\Windows\Microsoft.NET\Framework64\v4.0.30319\WPF\PenIMC2_v0400.dll,Security,File,S:AINO_ACCESS_CONTROL,-,-,-,-,-,-,-,-,-,-,-,-,-,-,-,-,-,WORKGROUP,0x3e7,DESKTOP-32EH6N8$,S-1-5-18,-,-,-,-,-,-,-,-,-,-,-,-,-,-,-,-,-,-,-,-,-,-,-,-,-,-,-,-,-,-,-,-,-,-,-,-,-,-,-,-,-,-,-,-,4907.0,0x3e7,-,Info,4,332,{54849625-5478-4994-a5ba-3e3b0328c30d},Microsoft-Windows-Security-Auditing,2604.0,Audit Policy Change,-,-,-,-,-,-,-,-
