"Oct 25, 2022 @ 04:30:49.763",HtroDoQBvD32VbPe22qi,".ds-winlogbeat-8.4.3-2022.10.25-000001","-","a5ecbc19-8015-415f-b934-e32147ae0adb","DESKTOP-32EH6N8","1fb453eb-3944-4767-b034-7e48a04dea76","DESKTOP-32EH6N8",winlogbeat,"8.4.3","1.12.0","audit-setting-changed","iam, configuration",4907,"Oct 25, 2022 @ 04:30:50.648","Oct 25, 2022 @ 04:30:52.441",event,security,success,"Microsoft-Windows-Security-Auditing","-","admin, change","-","-","-","-","-","-","-","-","x86_64","DESKTOP-32EH6N8","45429efd-c10a-4299-8a01-8a10b0cbf1b8","fe80::7959:555c:b4f7:82d3, 192.168.170.20, fe80::f415:e770:257d:42d7, 169.254.66.215","00:0c:29:6e:f6:d9, f8:89:d2:da:70:74","DESKTOP-32EH6N8","19044.1288",windows,"10.0.19041.1288 (WinBuild.160101.0800)","Windows 10 Pro","Windows 10 Pro",windows,windows,"10.0",information,"Auditing settings on object were changed.

Subject:
	Security ID:		S-1-5-18
	Account Name:		DESKTOP-32EH6N8$
	Account Domain:		WORKGROUP
	Logon ID:		0x3E7

Object:
	Object Server:	Security
	Object Type:	File
	Object Name:	C:\Windows\Microsoft.NET\Framework\v4.0.30319\System.dll
	Handle ID:	0xdac

Process Information:
	Process ID:	0x7a0
	Process Name:	C:\Windows\WinSxS\amd64_microsoft-windows-servicingstack_31bf3856ad364e35_10.0.19041.1220_none_7e21bc567c7ed16b\TiWorker.exe

Auditing Settings:
	Original Security Descriptor:	S:AINO_ACCESS_CONTROL
	New Security Descriptor:		S:ARAI(AU;SAFA;DCLCRPCRSDWDWO;;;WD)","-","-","-","-","-","-","-","-","-","-","-","-","-","-","-","-","-","-","-","-","-","-","-","-","-","C:\Windows\WinSxS\amd64_microsoft-windows-servicingstack_31bf3856ad364e35_10.0.19041.1220_none_7e21bc567c7ed16b\TiWorker.exe","C:\Windows\WinSxS\amd64_microsoft-windows-servicingstack_31bf3856ad364e35_10.0.19041.1220_none_7e21bc567c7ed16b\TiWorker.exe","TiWorker.exe","TiWorker.exe","1,952","-","-","-","DESKTOP-32EH6N8$","-","-","-",WORKGROUP,"-","-","-","S-1-5-18","DESKTOP-32EH6N8$","DESKTOP-32EH6N8$","-","-","-","-","-",wineventlog,Security,"DESKTOP-32EH6N8","-","-","-","-","-","-","-","-","-","-","-","-","-","-","-","-","-",0xdac,"-","-","-","-","-","-","-","-","-","-","-","-","-","-","-","S:ARAI(AU;SAFA;DCLCRPCRSDWDWO;;;WD)","Everyone :System Audit ([Delete All Child Objects, List Contents, Read All Properties, All Extended Rights, Delete, Modify Permissions, Modify Owner])","-","C:\Windows\Microsoft.NET\Framework\v4.0.30319\System.dll",Security,File,"S:AINO_ACCESS_CONTROL","-","-","-","-","-","-","-","-","-","-","-","-","-","-","-","-","-",WORKGROUP,0x3e7,"DESKTOP-32EH6N8$","S-1-5-18","-","-","-","-","-","-","-","-","-","-","-","-","-","-","-","-","-","-","-","-","-","-","-","-","-","-","-","-","-","-","-","-","-","-","-","-","-","-","-","-","-","-","-","-",4907,"Audit Success",0x3e7,"-",Info,4,332,"{54849625-5478-4994-a5ba-3e3b0328c30d}","Microsoft-Windows-Security-Auditing",2553,"Audit Policy Change","-","-","-","-","-","-","-","-"
"Oct 25, 2022 @ 04:30:49.762",HdroDoQBvD32VbPe22qi,".ds-winlogbeat-8.4.3-2022.10.25-000001","-","a5ecbc19-8015-415f-b934-e32147ae0adb","DESKTOP-32EH6N8","1fb453eb-3944-4767-b034-7e48a04dea76","DESKTOP-32EH6N8",winlogbeat,"8.4.3","1.12.0","audit-setting-changed","iam, configuration",4907,"Oct 25, 2022 @ 04:30:50.648","Oct 25, 2022 @ 04:30:52.441",event,security,success,"Microsoft-Windows-Security-Auditing","-","admin, change","-","-","-","-","-","-","-","-","x86_64","DESKTOP-32EH6N8","45429efd-c10a-4299-8a01-8a10b0cbf1b8","fe80::7959:555c:b4f7:82d3, 192.168.170.20, fe80::f415:e770:257d:42d7, 169.254.66.215","00:0c:29:6e:f6:d9, f8:89:d2:da:70:74","DESKTOP-32EH6N8","19044.1288",windows,"10.0.19041.1288 (WinBuild.160101.0800)","Windows 10 Pro","Windows 10 Pro",windows,windows,"10.0",information,"Auditing settings on object were changed.

Subject:
	Security ID:		S-1-5-18
	Account Name:		DESKTOP-32EH6N8$
	Account Domain:		WORKGROUP
	Logon ID:		0x3E7

Object:
	Object Server:	Security
	Object Type:	File
	Object Name:	C:\Windows\Microsoft.NET\Framework\v4.0.30319\System.DirectoryServices.dll
	Handle ID:	0x970

Process Information:
	Process ID:	0x7a0
	Process Name:	C:\Windows\WinSxS\amd64_microsoft-windows-servicingstack_31bf3856ad364e35_10.0.19041.1220_none_7e21bc567c7ed16b\TiWorker.exe

Auditing Settings:
	Original Security Descriptor:	S:AINO_ACCESS_CONTROL
	New Security Descriptor:		S:ARAI(AU;SAFA;DCLCRPCRSDWDWO;;;WD)","-","-","-","-","-","-","-","-","-","-","-","-","-","-","-","-","-","-","-","-","-","-","-","-","-","C:\Windows\WinSxS\amd64_microsoft-windows-servicingstack_31bf3856ad364e35_10.0.19041.1220_none_7e21bc567c7ed16b\TiWorker.exe","C:\Windows\WinSxS\amd64_microsoft-windows-servicingstack_31bf3856ad364e35_10.0.19041.1220_none_7e21bc567c7ed16b\TiWorker.exe","TiWorker.exe","TiWorker.exe","1,952","-","-","-","DESKTOP-32EH6N8$","-","-","-",WORKGROUP,"-","-","-","S-1-5-18","DESKTOP-32EH6N8$","DESKTOP-32EH6N8$","-","-","-","-","-",wineventlog,Security,"DESKTOP-32EH6N8","-","-","-","-","-","-","-","-","-","-","-","-","-","-","-","-","-",0x970,"-","-","-","-","-","-","-","-","-","-","-","-","-","-","-","S:ARAI(AU;SAFA;DCLCRPCRSDWDWO;;;WD)","Everyone :System Audit ([Delete All Child Objects, List Contents, Read All Properties, All Extended Rights, Delete, Modify Permissions, Modify Owner])","-","C:\Windows\Microsoft.NET\Framework\v4.0.30319\System.DirectoryServices.dll",Security,File,"S:AINO_ACCESS_CONTROL","-","-","-","-","-","-","-","-","-","-","-","-","-","-","-","-","-",WORKGROUP,0x3e7,"DESKTOP-32EH6N8$","S-1-5-18","-","-","-","-","-","-","-","-","-","-","-","-","-","-","-","-","-","-","-","-","-","-","-","-","-","-","-","-","-","-","-","-","-","-","-","-","-","-","-","-","-","-","-","-",4907,"Audit Success",0x3e7,"-",Info,4,332,"{54849625-5478-4994-a5ba-3e3b0328c30d}","Microsoft-Windows-Security-Auditing",2552,"Audit Policy Change","-","-","-","-","-","-","-","-"
"Oct 25, 2022 @ 04:30:49.761",HNroDoQBvD32VbPe22qi,".ds-winlogbeat-8.4.3-2022.10.25-000001","-","a5ecbc19-8015-415f-b934-e32147ae0adb","DESKTOP-32EH6N8","1fb453eb-3944-4767-b034-7e48a04dea76","DESKTOP-32EH6N8",winlogbeat,"8.4.3","1.12.0","audit-setting-changed","iam, configuration",4907,"Oct 25, 2022 @ 04:30:50.648","Oct 25, 2022 @ 04:30:52.441",event,security,success,"Microsoft-Windows-Security-Auditing","-","admin, change","-","-","-","-","-","-","-","-","x86_64","DESKTOP-32EH6N8","45429efd-c10a-4299-8a01-8a10b0cbf1b8","fe80::7959:555c:b4f7:82d3, 192.168.170.20, fe80::f415:e770:257d:42d7, 169.254.66.215","00:0c:29:6e:f6:d9, f8:89:d2:da:70:74","DESKTOP-32EH6N8","19044.1288",windows,"10.0.19041.1288 (WinBuild.160101.0800)","Windows 10 Pro","Windows 10 Pro",windows,windows,"10.0",information,"Auditing settings on object were changed.

Subject:
	Security ID:		S-1-5-18
	Account Name:		DESKTOP-32EH6N8$
	Account Domain:		WORKGROUP
	Logon ID:		0x3E7

Object:
	Object Server:	Security
	Object Type:	File
	Object Name:	C:\Windows\Microsoft.NET\Framework\v4.0.30319\System.Data.dll
	Handle ID:	0xda4

Process Information:
	Process ID:	0x7a0
	Process Name:	C:\Windows\WinSxS\amd64_microsoft-windows-servicingstack_31bf3856ad364e35_10.0.19041.1220_none_7e21bc567c7ed16b\TiWorker.exe

Auditing Settings:
	Original Security Descriptor:	S:AINO_ACCESS_CONTROL
	New Security Descriptor:		S:ARAI(AU;SAFA;DCLCRPCRSDWDWO;;;WD)","-","-","-","-","-","-","-","-","-","-","-","-","-","-","-","-","-","-","-","-","-","-","-","-","-","C:\Windows\WinSxS\amd64_microsoft-windows-servicingstack_31bf3856ad364e35_10.0.19041.1220_none_7e21bc567c7ed16b\TiWorker.exe","C:\Windows\WinSxS\amd64_microsoft-windows-servicingstack_31bf3856ad364e35_10.0.19041.1220_none_7e21bc567c7ed16b\TiWorker.exe","TiWorker.exe","TiWorker.exe","1,952","-","-","-","DESKTOP-32EH6N8$","-","-","-",WORKGROUP,"-","-","-","S-1-5-18","DESKTOP-32EH6N8$","DESKTOP-32EH6N8$","-","-","-","-","-",wineventlog,Security,"DESKTOP-32EH6N8","-","-","-","-","-","-","-","-","-","-","-","-","-","-","-","-","-",0xda4,"-","-","-","-","-","-","-","-","-","-","-","-","-","-","-","S:ARAI(AU;SAFA;DCLCRPCRSDWDWO;;;WD)","Everyone :System Audit ([Delete All Child Objects, List Contents, Read All Properties, All Extended Rights, Delete, Modify Permissions, Modify Owner])","-","C:\Windows\Microsoft.NET\Framework\v4.0.30319\System.Data.dll",Security,File,"S:AINO_ACCESS_CONTROL","-","-","-","-","-","-","-","-","-","-","-","-","-","-","-","-","-",WORKGROUP,0x3e7,"DESKTOP-32EH6N8$","S-1-5-18","-","-","-","-","-","-","-","-","-","-","-","-","-","-","-","-","-","-","-","-","-","-","-","-","-","-","-","-","-","-","-","-","-","-","-","-","-","-","-","-","-","-","-","-",4907,"Audit Success",0x3e7,"-",Info,4,332,"{54849625-5478-4994-a5ba-3e3b0328c30d}","Microsoft-Windows-Security-Auditing",2551,"Audit Policy Change","-","-","-","-","-","-","-","-"
"Oct 25, 2022 @ 04:30:49.759",G9roDoQBvD32VbPe22qi,".ds-winlogbeat-8.4.3-2022.10.25-000001","-","a5ecbc19-8015-415f-b934-e32147ae0adb","DESKTOP-32EH6N8","1fb453eb-3944-4767-b034-7e48a04dea76","DESKTOP-32EH6N8",winlogbeat,"8.4.3","1.12.0","audit-setting-changed","iam, configuration",4907,"Oct 25, 2022 @ 04:30:50.648","Oct 25, 2022 @ 04:30:52.440",event,security,success,"Microsoft-Windows-Security-Auditing","-","admin, change","-","-","-","-","-","-","-","-","x86_64","DESKTOP-32EH6N8","45429efd-c10a-4299-8a01-8a10b0cbf1b8","fe80::7959:555c:b4f7:82d3, 192.168.170.20, fe80::f415:e770:257d:42d7, 169.254.66.215","00:0c:29:6e:f6:d9, f8:89:d2:da:70:74","DESKTOP-32EH6N8","19044.1288",windows,"10.0.19041.1288 (WinBuild.160101.0800)","Windows 10 Pro","Windows 10 Pro",windows,windows,"10.0",information,"Auditing settings on object were changed.

Subject:
	Security ID:		S-1-5-18
	Account Name:		DESKTOP-32EH6N8$
	Account Domain:		WORKGROUP
	Logon ID:		0x3E7

Object:
	Object Server:	Security
	Object Type:	File
	Object Name:	C:\Windows\Microsoft.NET\Framework\v4.0.30319\System.Core.dll
	Handle ID:	0xdac

Process Information:
	Process ID:	0x7a0
	Process Name:	C:\Windows\WinSxS\amd64_microsoft-windows-servicingstack_31bf3856ad364e35_10.0.19041.1220_none_7e21bc567c7ed16b\TiWorker.exe

Auditing Settings:
	Original Security Descriptor:	S:AINO_ACCESS_CONTROL
	New Security Descriptor:		S:ARAI(AU;SAFA;DCLCRPCRSDWDWO;;;WD)","-","-","-","-","-","-","-","-","-","-","-","-","-","-","-","-","-","-","-","-","-","-","-","-","-","C:\Windows\WinSxS\amd64_microsoft-windows-servicingstack_31bf3856ad364e35_10.0.19041.1220_none_7e21bc567c7ed16b\TiWorker.exe","C:\Windows\WinSxS\amd64_microsoft-windows-servicingstack_31bf3856ad364e35_10.0.19041.1220_none_7e21bc567c7ed16b\TiWorker.exe","TiWorker.exe","TiWorker.exe","1,952","-","-","-","DESKTOP-32EH6N8$","-","-","-",WORKGROUP,"-","-","-","S-1-5-18","DESKTOP-32EH6N8$","DESKTOP-32EH6N8$","-","-","-","-","-",wineventlog,Security,"DESKTOP-32EH6N8","-","-","-","-","-","-","-","-","-","-","-","-","-","-","-","-","-",0xdac,"-","-","-","-","-","-","-","-","-","-","-","-","-","-","-","S:ARAI(AU;SAFA;DCLCRPCRSDWDWO;;;WD)","Everyone :System Audit ([Delete All Child Objects, List Contents, Read All Properties, All Extended Rights, Delete, Modify Permissions, Modify Owner])","-","C:\Windows\Microsoft.NET\Framework\v4.0.30319\System.Core.dll",Security,File,"S:AINO_ACCESS_CONTROL","-","-","-","-","-","-","-","-","-","-","-","-","-","-","-","-","-",WORKGROUP,0x3e7,"DESKTOP-32EH6N8$","S-1-5-18","-","-","-","-","-","-","-","-","-","-","-","-","-","-","-","-","-","-","-","-","-","-","-","-","-","-","-","-","-","-","-","-","-","-","-","-","-","-","-","-","-","-","-","-",4907,"Audit Success",0x3e7,"-",Info,4,332,"{54849625-5478-4994-a5ba-3e3b0328c30d}","Microsoft-Windows-Security-Auditing",2550,"Audit Policy Change","-","-","-","-","-","-","-","-"
"Oct 25, 2022 @ 04:30:49.758",GtroDoQBvD32VbPe22qi,".ds-winlogbeat-8.4.3-2022.10.25-000001","-","a5ecbc19-8015-415f-b934-e32147ae0adb","DESKTOP-32EH6N8","1fb453eb-3944-4767-b034-7e48a04dea76","DESKTOP-32EH6N8",winlogbeat,"8.4.3","1.12.0","audit-setting-changed","iam, configuration",4907,"Oct 25, 2022 @ 04:30:50.648","Oct 25, 2022 @ 04:30:52.440",event,security,success,"Microsoft-Windows-Security-Auditing","-","admin, change","-","-","-","-","-","-","-","-","x86_64","DESKTOP-32EH6N8","45429efd-c10a-4299-8a01-8a10b0cbf1b8","fe80::7959:555c:b4f7:82d3, 192.168.170.20, fe80::f415:e770:257d:42d7, 169.254.66.215","00:0c:29:6e:f6:d9, f8:89:d2:da:70:74","DESKTOP-32EH6N8","19044.1288",windows,"10.0.19041.1288 (WinBuild.160101.0800)","Windows 10 Pro","Windows 10 Pro",windows,windows,"10.0",information,"Auditing settings on object were changed.

Subject:
	Security ID:		S-1-5-18
	Account Name:		DESKTOP-32EH6N8$
	Account Domain:		WORKGROUP
	Logon ID:		0x3E7

Object:
	Object Server:	Security
	Object Type:	File
	Object Name:	C:\Windows\Microsoft.NET\Framework\v4.0.30319\System.Activities.Presentation.dll
	Handle ID:	0x970

Process Information:
	Process ID:	0x7a0
	Process Name:	C:\Windows\WinSxS\amd64_microsoft-windows-servicingstack_31bf3856ad364e35_10.0.19041.1220_none_7e21bc567c7ed16b\TiWorker.exe

Auditing Settings:
	Original Security Descriptor:	S:AINO_ACCESS_CONTROL
	New Security Descriptor:		S:ARAI(AU;SAFA;DCLCRPCRSDWDWO;;;WD)","-","-","-","-","-","-","-","-","-","-","-","-","-","-","-","-","-","-","-","-","-","-","-","-","-","C:\Windows\WinSxS\amd64_microsoft-windows-servicingstack_31bf3856ad364e35_10.0.19041.1220_none_7e21bc567c7ed16b\TiWorker.exe","C:\Windows\WinSxS\amd64_microsoft-windows-servicingstack_31bf3856ad364e35_10.0.19041.1220_none_7e21bc567c7ed16b\TiWorker.exe","TiWorker.exe","TiWorker.exe","1,952","-","-","-","DESKTOP-32EH6N8$","-","-","-",WORKGROUP,"-","-","-","S-1-5-18","DESKTOP-32EH6N8$","DESKTOP-32EH6N8$","-","-","-","-","-",wineventlog,Security,"DESKTOP-32EH6N8","-","-","-","-","-","-","-","-","-","-","-","-","-","-","-","-","-",0x970,"-","-","-","-","-","-","-","-","-","-","-","-","-","-","-","S:ARAI(AU;SAFA;DCLCRPCRSDWDWO;;;WD)","Everyone :System Audit ([Delete All Child Objects, List Contents, Read All Properties, All Extended Rights, Delete, Modify Permissions, Modify Owner])","-","C:\Windows\Microsoft.NET\Framework\v4.0.30319\System.Activities.Presentation.dll",Security,File,"S:AINO_ACCESS_CONTROL","-","-","-","-","-","-","-","-","-","-","-","-","-","-","-","-","-",WORKGROUP,0x3e7,"DESKTOP-32EH6N8$","S-1-5-18","-","-","-","-","-","-","-","-","-","-","-","-","-","-","-","-","-","-","-","-","-","-","-","-","-","-","-","-","-","-","-","-","-","-","-","-","-","-","-","-","-","-","-","-",4907,"Audit Success",0x3e7,"-",Info,4,332,"{54849625-5478-4994-a5ba-3e3b0328c30d}","Microsoft-Windows-Security-Auditing",2549,"Audit Policy Change","-","-","-","-","-","-","-","-"
"Oct 25, 2022 @ 04:30:49.757",GNroDoQBvD32VbPe22qi,".ds-winlogbeat-8.4.3-2022.10.25-000001","-","a5ecbc19-8015-415f-b934-e32147ae0adb","DESKTOP-32EH6N8","1fb453eb-3944-4767-b034-7e48a04dea76","DESKTOP-32EH6N8",winlogbeat,"8.4.3","1.12.0","audit-setting-changed","iam, configuration",4907,"Oct 25, 2022 @ 04:30:50.648","Oct 25, 2022 @ 04:30:52.439",event,security,success,"Microsoft-Windows-Security-Auditing","-","admin, change","-","-","-","-","-","-","-","-","x86_64","DESKTOP-32EH6N8","45429efd-c10a-4299-8a01-8a10b0cbf1b8","fe80::7959:555c:b4f7:82d3, 192.168.170.20, fe80::f415:e770:257d:42d7, 169.254.66.215","00:0c:29:6e:f6:d9, f8:89:d2:da:70:74","DESKTOP-32EH6N8","19044.1288",windows,"10.0.19041.1288 (WinBuild.160101.0800)","Windows 10 Pro","Windows 10 Pro",windows,windows,"10.0",information,"Auditing settings on object were changed.

Subject:
	Security ID:		S-1-5-18
	Account Name:		DESKTOP-32EH6N8$
	Account Domain:		WORKGROUP
	Logon ID:		0x3E7

Object:
	Object Server:	Security
	Object Type:	File
	Object Name:	C:\Windows\Microsoft.NET\Framework\v4.0.30319\SOS.dll
	Handle ID:	0xdac

Process Information:
	Process ID:	0x7a0
	Process Name:	C:\Windows\WinSxS\amd64_microsoft-windows-servicingstack_31bf3856ad364e35_10.0.19041.1220_none_7e21bc567c7ed16b\TiWorker.exe

Auditing Settings:
	Original Security Descriptor:	S:AINO_ACCESS_CONTROL
	New Security Descriptor:		S:ARAI(AU;SAFA;DCLCRPCRSDWDWO;;;WD)","-","-","-","-","-","-","-","-","-","-","-","-","-","-","-","-","-","-","-","-","-","-","-","-","-","C:\Windows\WinSxS\amd64_microsoft-windows-servicingstack_31bf3856ad364e35_10.0.19041.1220_none_7e21bc567c7ed16b\TiWorker.exe","C:\Windows\WinSxS\amd64_microsoft-windows-servicingstack_31bf3856ad364e35_10.0.19041.1220_none_7e21bc567c7ed16b\TiWorker.exe","TiWorker.exe","TiWorker.exe","1,952","-","-","-","DESKTOP-32EH6N8$","-","-","-",WORKGROUP,"-","-","-","S-1-5-18","DESKTOP-32EH6N8$","DESKTOP-32EH6N8$","-","-","-","-","-",wineventlog,Security,"DESKTOP-32EH6N8","-","-","-","-","-","-","-","-","-","-","-","-","-","-","-","-","-",0xdac,"-","-","-","-","-","-","-","-","-","-","-","-","-","-","-","S:ARAI(AU;SAFA;DCLCRPCRSDWDWO;;;WD)","Everyone :System Audit ([Delete All Child Objects, List Contents, Read All Properties, All Extended Rights, Delete, Modify Permissions, Modify Owner])","-","C:\Windows\Microsoft.NET\Framework\v4.0.30319\SOS.dll",Security,File,"S:AINO_ACCESS_CONTROL","-","-","-","-","-","-","-","-","-","-","-","-","-","-","-","-","-",WORKGROUP,0x3e7,"DESKTOP-32EH6N8$","S-1-5-18","-","-","-","-","-","-","-","-","-","-","-","-","-","-","-","-","-","-","-","-","-","-","-","-","-","-","-","-","-","-","-","-","-","-","-","-","-","-","-","-","-","-","-","-",4907,"Audit Success",0x3e7,"-",Info,4,480,"{54849625-5478-4994-a5ba-3e3b0328c30d}","Microsoft-Windows-Security-Auditing",2547,"Audit Policy Change","-","-","-","-","-","-","-","-"
"Oct 25, 2022 @ 04:30:49.757",GdroDoQBvD32VbPe22qi,".ds-winlogbeat-8.4.3-2022.10.25-000001","-","a5ecbc19-8015-415f-b934-e32147ae0adb","DESKTOP-32EH6N8","1fb453eb-3944-4767-b034-7e48a04dea76","DESKTOP-32EH6N8",winlogbeat,"8.4.3","1.12.0","audit-setting-changed","iam, configuration",4907,"Oct 25, 2022 @ 04:30:50.648","Oct 25, 2022 @ 04:30:52.440",event,security,success,"Microsoft-Windows-Security-Auditing","-","admin, change","-","-","-","-","-","-","-","-","x86_64","DESKTOP-32EH6N8","45429efd-c10a-4299-8a01-8a10b0cbf1b8","fe80::7959:555c:b4f7:82d3, 192.168.170.20, fe80::f415:e770:257d:42d7, 169.254.66.215","00:0c:29:6e:f6:d9, f8:89:d2:da:70:74","DESKTOP-32EH6N8","19044.1288",windows,"10.0.19041.1288 (WinBuild.160101.0800)","Windows 10 Pro","Windows 10 Pro",windows,windows,"10.0",information,"Auditing settings on object were changed.

Subject:
	Security ID:		S-1-5-18
	Account Name:		DESKTOP-32EH6N8$
	Account Domain:		WORKGROUP
	Logon ID:		0x3E7

Object:
	Object Server:	Security
	Object Type:	File
	Object Name:	C:\Windows\Microsoft.NET\Framework\v4.0.30319\System.Activities.dll
	Handle ID:	0xda4

Process Information:
	Process ID:	0x7a0
	Process Name:	C:\Windows\WinSxS\amd64_microsoft-windows-servicingstack_31bf3856ad364e35_10.0.19041.1220_none_7e21bc567c7ed16b\TiWorker.exe

Auditing Settings:
	Original Security Descriptor:	S:AINO_ACCESS_CONTROL
	New Security Descriptor:		S:ARAI(AU;SAFA;DCLCRPCRSDWDWO;;;WD)","-","-","-","-","-","-","-","-","-","-","-","-","-","-","-","-","-","-","-","-","-","-","-","-","-","C:\Windows\WinSxS\amd64_microsoft-windows-servicingstack_31bf3856ad364e35_10.0.19041.1220_none_7e21bc567c7ed16b\TiWorker.exe","C:\Windows\WinSxS\amd64_microsoft-windows-servicingstack_31bf3856ad364e35_10.0.19041.1220_none_7e21bc567c7ed16b\TiWorker.exe","TiWorker.exe","TiWorker.exe","1,952","-","-","-","DESKTOP-32EH6N8$","-","-","-",WORKGROUP,"-","-","-","S-1-5-18","DESKTOP-32EH6N8$","DESKTOP-32EH6N8$","-","-","-","-","-",wineventlog,Security,"DESKTOP-32EH6N8","-","-","-","-","-","-","-","-","-","-","-","-","-","-","-","-","-",0xda4,"-","-","-","-","-","-","-","-","-","-","-","-","-","-","-","S:ARAI(AU;SAFA;DCLCRPCRSDWDWO;;;WD)","Everyone :System Audit ([Delete All Child Objects, List Contents, Read All Properties, All Extended Rights, Delete, Modify Permissions, Modify Owner])","-","C:\Windows\Microsoft.NET\Framework\v4.0.30319\System.Activities.dll",Security,File,"S:AINO_ACCESS_CONTROL","-","-","-","-","-","-","-","-","-","-","-","-","-","-","-","-","-",WORKGROUP,0x3e7,"DESKTOP-32EH6N8$","S-1-5-18","-","-","-","-","-","-","-","-","-","-","-","-","-","-","-","-","-","-","-","-","-","-","-","-","-","-","-","-","-","-","-","-","-","-","-","-","-","-","-","-","-","-","-","-",4907,"Audit Success",0x3e7,"-",Info,4,480,"{54849625-5478-4994-a5ba-3e3b0328c30d}","Microsoft-Windows-Security-Auditing",2548,"Audit Policy Change","-","-","-","-","-","-","-","-"
"Oct 25, 2022 @ 04:30:49.754",FtroDoQBvD32VbPe22qi,".ds-winlogbeat-8.4.3-2022.10.25-000001","-","a5ecbc19-8015-415f-b934-e32147ae0adb","DESKTOP-32EH6N8","1fb453eb-3944-4767-b034-7e48a04dea76","DESKTOP-32EH6N8",winlogbeat,"8.4.3","1.12.0","audit-setting-changed","iam, configuration",4907,"Oct 25, 2022 @ 04:30:50.648","Oct 25, 2022 @ 04:30:52.439",event,security,success,"Microsoft-Windows-Security-Auditing","-","admin, change","-","-","-","-","-","-","-","-","x86_64","DESKTOP-32EH6N8","45429efd-c10a-4299-8a01-8a10b0cbf1b8","fe80::7959:555c:b4f7:82d3, 192.168.170.20, fe80::f415:e770:257d:42d7, 169.254.66.215","00:0c:29:6e:f6:d9, f8:89:d2:da:70:74","DESKTOP-32EH6N8","19044.1288",windows,"10.0.19041.1288 (WinBuild.160101.0800)","Windows 10 Pro","Windows 10 Pro",windows,windows,"10.0",information,"Auditing settings on object were changed.

Subject:
	Security ID:		S-1-5-18
	Account Name:		DESKTOP-32EH6N8$
	Account Domain:		WORKGROUP
	Logon ID:		0x3E7

Object:
	Object Server:	Security
	Object Type:	File
	Object Name:	C:\Windows\Microsoft.NET\Framework\v4.0.30319\ServiceMonikerSupport.dll
	Handle ID:	0xda4

Process Information:
	Process ID:	0x7a0
	Process Name:	C:\Windows\WinSxS\amd64_microsoft-windows-servicingstack_31bf3856ad364e35_10.0.19041.1220_none_7e21bc567c7ed16b\TiWorker.exe

Auditing Settings:
	Original Security Descriptor:	S:AINO_ACCESS_CONTROL
	New Security Descriptor:		S:ARAI(AU;SAFA;DCLCRPCRSDWDWO;;;WD)","-","-","-","-","-","-","-","-","-","-","-","-","-","-","-","-","-","-","-","-","-","-","-","-","-","C:\Windows\WinSxS\amd64_microsoft-windows-servicingstack_31bf3856ad364e35_10.0.19041.1220_none_7e21bc567c7ed16b\TiWorker.exe","C:\Windows\WinSxS\amd64_microsoft-windows-servicingstack_31bf3856ad364e35_10.0.19041.1220_none_7e21bc567c7ed16b\TiWorker.exe","TiWorker.exe","TiWorker.exe","1,952","-","-","-","DESKTOP-32EH6N8$","-","-","-",WORKGROUP,"-","-","-","S-1-5-18","DESKTOP-32EH6N8$","DESKTOP-32EH6N8$","-","-","-","-","-",wineventlog,Security,"DESKTOP-32EH6N8","-","-","-","-","-","-","-","-","-","-","-","-","-","-","-","-","-",0xda4,"-","-","-","-","-","-","-","-","-","-","-","-","-","-","-","S:ARAI(AU;SAFA;DCLCRPCRSDWDWO;;;WD)","Everyone :System Audit ([Delete All Child Objects, List Contents, Read All Properties, All Extended Rights, Delete, Modify Permissions, Modify Owner])","-","C:\Windows\Microsoft.NET\Framework\v4.0.30319\ServiceMonikerSupport.dll",Security,File,"S:AINO_ACCESS_CONTROL","-","-","-","-","-","-","-","-","-","-","-","-","-","-","-","-","-",WORKGROUP,0x3e7,"DESKTOP-32EH6N8$","S-1-5-18","-","-","-","-","-","-","-","-","-","-","-","-","-","-","-","-","-","-","-","-","-","-","-","-","-","-","-","-","-","-","-","-","-","-","-","-","-","-","-","-","-","-","-","-",4907,"Audit Success",0x3e7,"-",Info,4,480,"{54849625-5478-4994-a5ba-3e3b0328c30d}","Microsoft-Windows-Security-Auditing",2545,"Audit Policy Change","-","-","-","-","-","-","-","-"
"Oct 25, 2022 @ 04:30:49.754",F9roDoQBvD32VbPe22qi,".ds-winlogbeat-8.4.3-2022.10.25-000001","-","a5ecbc19-8015-415f-b934-e32147ae0adb","DESKTOP-32EH6N8","1fb453eb-3944-4767-b034-7e48a04dea76","DESKTOP-32EH6N8",winlogbeat,"8.4.3","1.12.0","audit-setting-changed","iam, configuration",4907,"Oct 25, 2022 @ 04:30:50.648","Oct 25, 2022 @ 04:30:52.439",event,security,success,"Microsoft-Windows-Security-Auditing","-","admin, change","-","-","-","-","-","-","-","-","x86_64","DESKTOP-32EH6N8","45429efd-c10a-4299-8a01-8a10b0cbf1b8","fe80::7959:555c:b4f7:82d3, 192.168.170.20, fe80::f415:e770:257d:42d7, 169.254.66.215","00:0c:29:6e:f6:d9, f8:89:d2:da:70:74","DESKTOP-32EH6N8","19044.1288",windows,"10.0.19041.1288 (WinBuild.160101.0800)","Windows 10 Pro","Windows 10 Pro",windows,windows,"10.0",information,"Auditing settings on object were changed.

Subject:
	Security ID:		S-1-5-18
	Account Name:		DESKTOP-32EH6N8$
	Account Domain:		WORKGROUP
	Logon ID:		0x3E7

Object:
	Object Server:	Security
	Object Type:	File
	Object Name:	C:\Windows\Microsoft.NET\Framework\v4.0.30319\SMDiagnostics.dll
	Handle ID:	0x970

Process Information:
	Process ID:	0x7a0
	Process Name:	C:\Windows\WinSxS\amd64_microsoft-windows-servicingstack_31bf3856ad364e35_10.0.19041.1220_none_7e21bc567c7ed16b\TiWorker.exe

Auditing Settings:
	Original Security Descriptor:	S:AINO_ACCESS_CONTROL
	New Security Descriptor:		S:ARAI(AU;SAFA;DCLCRPCRSDWDWO;;;WD)","-","-","-","-","-","-","-","-","-","-","-","-","-","-","-","-","-","-","-","-","-","-","-","-","-","C:\Windows\WinSxS\amd64_microsoft-windows-servicingstack_31bf3856ad364e35_10.0.19041.1220_none_7e21bc567c7ed16b\TiWorker.exe","C:\Windows\WinSxS\amd64_microsoft-windows-servicingstack_31bf3856ad364e35_10.0.19041.1220_none_7e21bc567c7ed16b\TiWorker.exe","TiWorker.exe","TiWorker.exe","1,952","-","-","-","DESKTOP-32EH6N8$","-","-","-",WORKGROUP,"-","-","-","S-1-5-18","DESKTOP-32EH6N8$","DESKTOP-32EH6N8$","-","-","-","-","-",wineventlog,Security,"DESKTOP-32EH6N8","-","-","-","-","-","-","-","-","-","-","-","-","-","-","-","-","-",0x970,"-","-","-","-","-","-","-","-","-","-","-","-","-","-","-","S:ARAI(AU;SAFA;DCLCRPCRSDWDWO;;;WD)","Everyone :System Audit ([Delete All Child Objects, List Contents, Read All Properties, All Extended Rights, Delete, Modify Permissions, Modify Owner])","-","C:\Windows\Microsoft.NET\Framework\v4.0.30319\SMDiagnostics.dll",Security,File,"S:AINO_ACCESS_CONTROL","-","-","-","-","-","-","-","-","-","-","-","-","-","-","-","-","-",WORKGROUP,0x3e7,"DESKTOP-32EH6N8$","S-1-5-18","-","-","-","-","-","-","-","-","-","-","-","-","-","-","-","-","-","-","-","-","-","-","-","-","-","-","-","-","-","-","-","-","-","-","-","-","-","-","-","-","-","-","-","-",4907,"Audit Success",0x3e7,"-",Info,4,480,"{54849625-5478-4994-a5ba-3e3b0328c30d}","Microsoft-Windows-Security-Auditing",2546,"Audit Policy Change","-","-","-","-","-","-","-","-"
"Oct 25, 2022 @ 04:30:49.752",FdroDoQBvD32VbPe22qi,".ds-winlogbeat-8.4.3-2022.10.25-000001","-","a5ecbc19-8015-415f-b934-e32147ae0adb","DESKTOP-32EH6N8","1fb453eb-3944-4767-b034-7e48a04dea76","DESKTOP-32EH6N8",winlogbeat,"8.4.3","1.12.0","audit-setting-changed","iam, configuration",4907,"Oct 25, 2022 @ 04:30:50.648","Oct 25, 2022 @ 04:30:52.439",event,security,success,"Microsoft-Windows-Security-Auditing","-","admin, change","-","-","-","-","-","-","-","-","x86_64","DESKTOP-32EH6N8","45429efd-c10a-4299-8a01-8a10b0cbf1b8","fe80::7959:555c:b4f7:82d3, 192.168.170.20, fe80::f415:e770:257d:42d7, 169.254.66.215","00:0c:29:6e:f6:d9, f8:89:d2:da:70:74","DESKTOP-32EH6N8","19044.1288",windows,"10.0.19041.1288 (WinBuild.160101.0800)","Windows 10 Pro","Windows 10 Pro",windows,windows,"10.0",information,"Auditing settings on object were changed.

Subject:
	Security ID:		S-1-5-18
	Account Name:		DESKTOP-32EH6N8$
	Account Domain:		WORKGROUP
	Logon ID:		0x3E7

Object:
	Object Server:	Security
	Object Type:	File
	Object Name:	C:\Windows\Microsoft.NET\Framework\v4.0.30319\peverify.dll
	Handle ID:	0xdac

Process Information:
	Process ID:	0x7a0
	Process Name:	C:\Windows\WinSxS\amd64_microsoft-windows-servicingstack_31bf3856ad364e35_10.0.19041.1220_none_7e21bc567c7ed16b\TiWorker.exe

Auditing Settings:
	Original Security Descriptor:	S:AINO_ACCESS_CONTROL
	New Security Descriptor:		S:ARAI(AU;SAFA;DCLCRPCRSDWDWO;;;WD)","-","-","-","-","-","-","-","-","-","-","-","-","-","-","-","-","-","-","-","-","-","-","-","-","-","C:\Windows\WinSxS\amd64_microsoft-windows-servicingstack_31bf3856ad364e35_10.0.19041.1220_none_7e21bc567c7ed16b\TiWorker.exe","C:\Windows\WinSxS\amd64_microsoft-windows-servicingstack_31bf3856ad364e35_10.0.19041.1220_none_7e21bc567c7ed16b\TiWorker.exe","TiWorker.exe","TiWorker.exe","1,952","-","-","-","DESKTOP-32EH6N8$","-","-","-",WORKGROUP,"-","-","-","S-1-5-18","DESKTOP-32EH6N8$","DESKTOP-32EH6N8$","-","-","-","-","-",wineventlog,Security,"DESKTOP-32EH6N8","-","-","-","-","-","-","-","-","-","-","-","-","-","-","-","-","-",0xdac,"-","-","-","-","-","-","-","-","-","-","-","-","-","-","-","S:ARAI(AU;SAFA;DCLCRPCRSDWDWO;;;WD)","Everyone :System Audit ([Delete All Child Objects, List Contents, Read All Properties, All Extended Rights, Delete, Modify Permissions, Modify Owner])","-","C:\Windows\Microsoft.NET\Framework\v4.0.30319\peverify.dll",Security,File,"S:AINO_ACCESS_CONTROL","-","-","-","-","-","-","-","-","-","-","-","-","-","-","-","-","-",WORKGROUP,0x3e7,"DESKTOP-32EH6N8$","S-1-5-18","-","-","-","-","-","-","-","-","-","-","-","-","-","-","-","-","-","-","-","-","-","-","-","-","-","-","-","-","-","-","-","-","-","-","-","-","-","-","-","-","-","-","-","-",4907,"Audit Success",0x3e7,"-",Info,4,480,"{54849625-5478-4994-a5ba-3e3b0328c30d}","Microsoft-Windows-Security-Auditing",2544,"Audit Policy Change","-","-","-","-","-","-","-","-"
"Oct 25, 2022 @ 04:30:49.750",FNroDoQBvD32VbPe22qi,".ds-winlogbeat-8.4.3-2022.10.25-000001","-","a5ecbc19-8015-415f-b934-e32147ae0adb","DESKTOP-32EH6N8","1fb453eb-3944-4767-b034-7e48a04dea76","DESKTOP-32EH6N8",winlogbeat,"8.4.3","1.12.0","audit-setting-changed","iam, configuration",4907,"Oct 25, 2022 @ 04:30:50.648","Oct 25, 2022 @ 04:30:52.438",event,security,success,"Microsoft-Windows-Security-Auditing","-","admin, change","-","-","-","-","-","-","-","-","x86_64","DESKTOP-32EH6N8","45429efd-c10a-4299-8a01-8a10b0cbf1b8","fe80::7959:555c:b4f7:82d3, 192.168.170.20, fe80::f415:e770:257d:42d7, 169.254.66.215","00:0c:29:6e:f6:d9, f8:89:d2:da:70:74","DESKTOP-32EH6N8","19044.1288",windows,"10.0.19041.1288 (WinBuild.160101.0800)","Windows 10 Pro","Windows 10 Pro",windows,windows,"10.0",information,"Auditing settings on object were changed.

Subject:
	Security ID:		S-1-5-18
	Account Name:		DESKTOP-32EH6N8$
	Account Domain:		WORKGROUP
	Logon ID:		0x3E7

Object:
	Object Server:	Security
	Object Type:	File
	Object Name:	C:\Windows\Microsoft.NET\Framework\v4.0.30319\mscorlib.dll
	Handle ID:	0x970

Process Information:
	Process ID:	0x7a0
	Process Name:	C:\Windows\WinSxS\amd64_microsoft-windows-servicingstack_31bf3856ad364e35_10.0.19041.1220_none_7e21bc567c7ed16b\TiWorker.exe

Auditing Settings:
	Original Security Descriptor:	S:AINO_ACCESS_CONTROL
	New Security Descriptor:		S:ARAI(AU;SAFA;DCLCRPCRSDWDWO;;;WD)","-","-","-","-","-","-","-","-","-","-","-","-","-","-","-","-","-","-","-","-","-","-","-","-","-","C:\Windows\WinSxS\amd64_microsoft-windows-servicingstack_31bf3856ad364e35_10.0.19041.1220_none_7e21bc567c7ed16b\TiWorker.exe","C:\Windows\WinSxS\amd64_microsoft-windows-servicingstack_31bf3856ad364e35_10.0.19041.1220_none_7e21bc567c7ed16b\TiWorker.exe","TiWorker.exe","TiWorker.exe","1,952","-","-","-","DESKTOP-32EH6N8$","-","-","-",WORKGROUP,"-","-","-","S-1-5-18","DESKTOP-32EH6N8$","DESKTOP-32EH6N8$","-","-","-","-","-",wineventlog,Security,"DESKTOP-32EH6N8","-","-","-","-","-","-","-","-","-","-","-","-","-","-","-","-","-",0x970,"-","-","-","-","-","-","-","-","-","-","-","-","-","-","-","S:ARAI(AU;SAFA;DCLCRPCRSDWDWO;;;WD)","Everyone :System Audit ([Delete All Child Objects, List Contents, Read All Properties, All Extended Rights, Delete, Modify Permissions, Modify Owner])","-","C:\Windows\Microsoft.NET\Framework\v4.0.30319\mscorlib.dll",Security,File,"S:AINO_ACCESS_CONTROL","-","-","-","-","-","-","-","-","-","-","-","-","-","-","-","-","-",WORKGROUP,0x3e7,"DESKTOP-32EH6N8$","S-1-5-18","-","-","-","-","-","-","-","-","-","-","-","-","-","-","-","-","-","-","-","-","-","-","-","-","-","-","-","-","-","-","-","-","-","-","-","-","-","-","-","-","-","-","-","-",4907,"Audit Success",0x3e7,"-",Info,4,480,"{54849625-5478-4994-a5ba-3e3b0328c30d}","Microsoft-Windows-Security-Auditing",2543,"Audit Policy Change","-","-","-","-","-","-","-","-"
"Oct 25, 2022 @ 04:30:49.749",E9roDoQBvD32VbPe22qi,".ds-winlogbeat-8.4.3-2022.10.25-000001","-","a5ecbc19-8015-415f-b934-e32147ae0adb","DESKTOP-32EH6N8","1fb453eb-3944-4767-b034-7e48a04dea76","DESKTOP-32EH6N8",winlogbeat,"8.4.3","1.12.0","audit-setting-changed","iam, configuration",4907,"Oct 25, 2022 @ 04:30:50.648","Oct 25, 2022 @ 04:30:52.437",event,security,success,"Microsoft-Windows-Security-Auditing","-","admin, change","-","-","-","-","-","-","-","-","x86_64","DESKTOP-32EH6N8","45429efd-c10a-4299-8a01-8a10b0cbf1b8","fe80::7959:555c:b4f7:82d3, 192.168.170.20, fe80::f415:e770:257d:42d7, 169.254.66.215","00:0c:29:6e:f6:d9, f8:89:d2:da:70:74","DESKTOP-32EH6N8","19044.1288",windows,"10.0.19041.1288 (WinBuild.160101.0800)","Windows 10 Pro","Windows 10 Pro",windows,windows,"10.0",information,"Auditing settings on object were changed.

Subject:
	Security ID:		S-1-5-18
	Account Name:		DESKTOP-32EH6N8$
	Account Domain:		WORKGROUP
	Logon ID:		0x3E7

Object:
	Object Server:	Security
	Object Type:	File
	Object Name:	C:\Windows\Microsoft.NET\Framework\v4.0.30319\mscordbi.dll
	Handle ID:	0xda4

Process Information:
	Process ID:	0x7a0
	Process Name:	C:\Windows\WinSxS\amd64_microsoft-windows-servicingstack_31bf3856ad364e35_10.0.19041.1220_none_7e21bc567c7ed16b\TiWorker.exe

Auditing Settings:
	Original Security Descriptor:	S:AINO_ACCESS_CONTROL
	New Security Descriptor:		S:ARAI(AU;SAFA;DCLCRPCRSDWDWO;;;WD)","-","-","-","-","-","-","-","-","-","-","-","-","-","-","-","-","-","-","-","-","-","-","-","-","-","C:\Windows\WinSxS\amd64_microsoft-windows-servicingstack_31bf3856ad364e35_10.0.19041.1220_none_7e21bc567c7ed16b\TiWorker.exe","C:\Windows\WinSxS\amd64_microsoft-windows-servicingstack_31bf3856ad364e35_10.0.19041.1220_none_7e21bc567c7ed16b\TiWorker.exe","TiWorker.exe","TiWorker.exe","1,952","-","-","-","DESKTOP-32EH6N8$","-","-","-",WORKGROUP,"-","-","-","S-1-5-18","DESKTOP-32EH6N8$","DESKTOP-32EH6N8$","-","-","-","-","-",wineventlog,Security,"DESKTOP-32EH6N8","-","-","-","-","-","-","-","-","-","-","-","-","-","-","-","-","-",0xda4,"-","-","-","-","-","-","-","-","-","-","-","-","-","-","-","S:ARAI(AU;SAFA;DCLCRPCRSDWDWO;;;WD)","Everyone :System Audit ([Delete All Child Objects, List Contents, Read All Properties, All Extended Rights, Delete, Modify Permissions, Modify Owner])","-","C:\Windows\Microsoft.NET\Framework\v4.0.30319\mscordbi.dll",Security,File,"S:AINO_ACCESS_CONTROL","-","-","-","-","-","-","-","-","-","-","-","-","-","-","-","-","-",WORKGROUP,0x3e7,"DESKTOP-32EH6N8$","S-1-5-18","-","-","-","-","-","-","-","-","-","-","-","-","-","-","-","-","-","-","-","-","-","-","-","-","-","-","-","-","-","-","-","-","-","-","-","-","-","-","-","-","-","-","-","-",4907,"Audit Success",0x3e7,"-",Info,4,480,"{54849625-5478-4994-a5ba-3e3b0328c30d}","Microsoft-Windows-Security-Auditing",2542,"Audit Policy Change","-","-","-","-","-","-","-","-"
"Oct 25, 2022 @ 04:30:49.747",EtroDoQBvD32VbPe22o2,".ds-winlogbeat-8.4.3-2022.10.25-000001","-","a5ecbc19-8015-415f-b934-e32147ae0adb","DESKTOP-32EH6N8","1fb453eb-3944-4767-b034-7e48a04dea76","DESKTOP-32EH6N8",winlogbeat,"8.4.3","1.12.0","audit-setting-changed","iam, configuration",4907,"Oct 25, 2022 @ 04:30:50.648","Oct 25, 2022 @ 04:30:52.342",event,security,success,"Microsoft-Windows-Security-Auditing","-","admin, change","-","-","-","-","-","-","-","-","x86_64","DESKTOP-32EH6N8","45429efd-c10a-4299-8a01-8a10b0cbf1b8","fe80::7959:555c:b4f7:82d3, 192.168.170.20, fe80::f415:e770:257d:42d7, 169.254.66.215","00:0c:29:6e:f6:d9, f8:89:d2:da:70:74","DESKTOP-32EH6N8","19044.1288",windows,"10.0.19041.1288 (WinBuild.160101.0800)","Windows 10 Pro","Windows 10 Pro",windows,windows,"10.0",information,"Auditing settings on object were changed.

Subject:
	Security ID:		S-1-5-18
	Account Name:		DESKTOP-32EH6N8$
	Account Domain:		WORKGROUP
	Logon ID:		0x3E7

Object:
	Object Server:	Security
	Object Type:	File
	Object Name:	C:\Windows\Microsoft.NET\Framework\v4.0.30319\mscordacwks.dll
	Handle ID:	0xdac

Process Information:
	Process ID:	0x7a0
	Process Name:	C:\Windows\WinSxS\amd64_microsoft-windows-servicingstack_31bf3856ad364e35_10.0.19041.1220_none_7e21bc567c7ed16b\TiWorker.exe

Auditing Settings:
	Original Security Descriptor:	S:AINO_ACCESS_CONTROL
	New Security Descriptor:		S:ARAI(AU;SAFA;DCLCRPCRSDWDWO;;;WD)","-","-","-","-","-","-","-","-","-","-","-","-","-","-","-","-","-","-","-","-","-","-","-","-","-","C:\Windows\WinSxS\amd64_microsoft-windows-servicingstack_31bf3856ad364e35_10.0.19041.1220_none_7e21bc567c7ed16b\TiWorker.exe","C:\Windows\WinSxS\amd64_microsoft-windows-servicingstack_31bf3856ad364e35_10.0.19041.1220_none_7e21bc567c7ed16b\TiWorker.exe","TiWorker.exe","TiWorker.exe","1,952","-","-","-","DESKTOP-32EH6N8$","-","-","-",WORKGROUP,"-","-","-","S-1-5-18","DESKTOP-32EH6N8$","DESKTOP-32EH6N8$","-","-","-","-","-",wineventlog,Security,"DESKTOP-32EH6N8","-","-","-","-","-","-","-","-","-","-","-","-","-","-","-","-","-",0xdac,"-","-","-","-","-","-","-","-","-","-","-","-","-","-","-","S:ARAI(AU;SAFA;DCLCRPCRSDWDWO;;;WD)","Everyone :System Audit ([Delete All Child Objects, List Contents, Read All Properties, All Extended Rights, Delete, Modify Permissions, Modify Owner])","-","C:\Windows\Microsoft.NET\Framework\v4.0.30319\mscordacwks.dll",Security,File,"S:AINO_ACCESS_CONTROL","-","-","-","-","-","-","-","-","-","-","-","-","-","-","-","-","-",WORKGROUP,0x3e7,"DESKTOP-32EH6N8$","S-1-5-18","-","-","-","-","-","-","-","-","-","-","-","-","-","-","-","-","-","-","-","-","-","-","-","-","-","-","-","-","-","-","-","-","-","-","-","-","-","-","-","-","-","-","-","-",4907,"Audit Success",0x3e7,"-",Info,4,480,"{54849625-5478-4994-a5ba-3e3b0328c30d}","Microsoft-Windows-Security-Auditing",2541,"Audit Policy Change","-","-","-","-","-","-","-","-"
"Oct 25, 2022 @ 04:30:49.745",EdroDoQBvD32VbPe22o2,".ds-winlogbeat-8.4.3-2022.10.25-000001","-","a5ecbc19-8015-415f-b934-e32147ae0adb","DESKTOP-32EH6N8","1fb453eb-3944-4767-b034-7e48a04dea76","DESKTOP-32EH6N8",winlogbeat,"8.4.3","1.12.0","audit-setting-changed","iam, configuration",4907,"Oct 25, 2022 @ 04:30:50.648","Oct 25, 2022 @ 04:30:52.341",event,security,success,"Microsoft-Windows-Security-Auditing","-","admin, change","-","-","-","-","-","-","-","-","x86_64","DESKTOP-32EH6N8","45429efd-c10a-4299-8a01-8a10b0cbf1b8","fe80::7959:555c:b4f7:82d3, 192.168.170.20, fe80::f415:e770:257d:42d7, 169.254.66.215","00:0c:29:6e:f6:d9, f8:89:d2:da:70:74","DESKTOP-32EH6N8","19044.1288",windows,"10.0.19041.1288 (WinBuild.160101.0800)","Windows 10 Pro","Windows 10 Pro",windows,windows,"10.0",information,"Auditing settings on object were changed.

Subject:
	Security ID:		S-1-5-18
	Account Name:		DESKTOP-32EH6N8$
	Account Domain:		WORKGROUP
	Logon ID:		0x3E7

Object:
	Object Server:	Security
	Object Type:	File
	Object Name:	C:\Windows\Microsoft.NET\Framework\v4.0.30319\clrjit.dll
	Handle ID:	0x970

Process Information:
	Process ID:	0x7a0
	Process Name:	C:\Windows\WinSxS\amd64_microsoft-windows-servicingstack_31bf3856ad364e35_10.0.19041.1220_none_7e21bc567c7ed16b\TiWorker.exe

Auditing Settings:
	Original Security Descriptor:	S:AINO_ACCESS_CONTROL
	New Security Descriptor:		S:ARAI(AU;SAFA;DCLCRPCRSDWDWO;;;WD)","-","-","-","-","-","-","-","-","-","-","-","-","-","-","-","-","-","-","-","-","-","-","-","-","-","C:\Windows\WinSxS\amd64_microsoft-windows-servicingstack_31bf3856ad364e35_10.0.19041.1220_none_7e21bc567c7ed16b\TiWorker.exe","C:\Windows\WinSxS\amd64_microsoft-windows-servicingstack_31bf3856ad364e35_10.0.19041.1220_none_7e21bc567c7ed16b\TiWorker.exe","TiWorker.exe","TiWorker.exe","1,952","-","-","-","DESKTOP-32EH6N8$","-","-","-",WORKGROUP,"-","-","-","S-1-5-18","DESKTOP-32EH6N8$","DESKTOP-32EH6N8$","-","-","-","-","-",wineventlog,Security,"DESKTOP-32EH6N8","-","-","-","-","-","-","-","-","-","-","-","-","-","-","-","-","-",0x970,"-","-","-","-","-","-","-","-","-","-","-","-","-","-","-","S:ARAI(AU;SAFA;DCLCRPCRSDWDWO;;;WD)","Everyone :System Audit ([Delete All Child Objects, List Contents, Read All Properties, All Extended Rights, Delete, Modify Permissions, Modify Owner])","-","C:\Windows\Microsoft.NET\Framework\v4.0.30319\clrjit.dll",Security,File,"S:AINO_ACCESS_CONTROL","-","-","-","-","-","-","-","-","-","-","-","-","-","-","-","-","-",WORKGROUP,0x3e7,"DESKTOP-32EH6N8$","S-1-5-18","-","-","-","-","-","-","-","-","-","-","-","-","-","-","-","-","-","-","-","-","-","-","-","-","-","-","-","-","-","-","-","-","-","-","-","-","-","-","-","-","-","-","-","-",4907,"Audit Success",0x3e7,"-",Info,4,480,"{54849625-5478-4994-a5ba-3e3b0328c30d}","Microsoft-Windows-Security-Auditing",2540,"Audit Policy Change","-","-","-","-","-","-","-","-"
"Oct 25, 2022 @ 04:30:49.743",ENroDoQBvD32VbPe22o2,".ds-winlogbeat-8.4.3-2022.10.25-000001","-","a5ecbc19-8015-415f-b934-e32147ae0adb","DESKTOP-32EH6N8","1fb453eb-3944-4767-b034-7e48a04dea76","DESKTOP-32EH6N8",winlogbeat,"8.4.3","1.12.0","audit-setting-changed","iam, configuration",4907,"Oct 25, 2022 @ 04:30:50.648","Oct 25, 2022 @ 04:30:52.341",event,security,success,"Microsoft-Windows-Security-Auditing","-","admin, change","-","-","-","-","-","-","-","-","x86_64","DESKTOP-32EH6N8","45429efd-c10a-4299-8a01-8a10b0cbf1b8","fe80::7959:555c:b4f7:82d3, 192.168.170.20, fe80::f415:e770:257d:42d7, 169.254.66.215","00:0c:29:6e:f6:d9, f8:89:d2:da:70:74","DESKTOP-32EH6N8","19044.1288",windows,"10.0.19041.1288 (WinBuild.160101.0800)","Windows 10 Pro","Windows 10 Pro",windows,windows,"10.0",information,"Auditing settings on object were changed.

Subject:
	Security ID:		S-1-5-18
	Account Name:		DESKTOP-32EH6N8$
	Account Domain:		WORKGROUP
	Logon ID:		0x3E7

Object:
	Object Server:	Security
	Object Type:	File
	Object Name:	C:\Windows\Microsoft.NET\Framework\v4.0.30319\clr.dll
	Handle ID:	0xda4

Process Information:
	Process ID:	0x7a0
	Process Name:	C:\Windows\WinSxS\amd64_microsoft-windows-servicingstack_31bf3856ad364e35_10.0.19041.1220_none_7e21bc567c7ed16b\TiWorker.exe

Auditing Settings:
	Original Security Descriptor:	S:AINO_ACCESS_CONTROL
	New Security Descriptor:		S:ARAI(AU;SAFA;DCLCRPCRSDWDWO;;;WD)","-","-","-","-","-","-","-","-","-","-","-","-","-","-","-","-","-","-","-","-","-","-","-","-","-","C:\Windows\WinSxS\amd64_microsoft-windows-servicingstack_31bf3856ad364e35_10.0.19041.1220_none_7e21bc567c7ed16b\TiWorker.exe","C:\Windows\WinSxS\amd64_microsoft-windows-servicingstack_31bf3856ad364e35_10.0.19041.1220_none_7e21bc567c7ed16b\TiWorker.exe","TiWorker.exe","TiWorker.exe","1,952","-","-","-","DESKTOP-32EH6N8$","-","-","-",WORKGROUP,"-","-","-","S-1-5-18","DESKTOP-32EH6N8$","DESKTOP-32EH6N8$","-","-","-","-","-",wineventlog,Security,"DESKTOP-32EH6N8","-","-","-","-","-","-","-","-","-","-","-","-","-","-","-","-","-",0xda4,"-","-","-","-","-","-","-","-","-","-","-","-","-","-","-","S:ARAI(AU;SAFA;DCLCRPCRSDWDWO;;;WD)","Everyone :System Audit ([Delete All Child Objects, List Contents, Read All Properties, All Extended Rights, Delete, Modify Permissions, Modify Owner])","-","C:\Windows\Microsoft.NET\Framework\v4.0.30319\clr.dll",Security,File,"S:AINO_ACCESS_CONTROL","-","-","-","-","-","-","-","-","-","-","-","-","-","-","-","-","-",WORKGROUP,0x3e7,"DESKTOP-32EH6N8$","S-1-5-18","-","-","-","-","-","-","-","-","-","-","-","-","-","-","-","-","-","-","-","-","-","-","-","-","-","-","-","-","-","-","-","-","-","-","-","-","-","-","-","-","-","-","-","-",4907,"Audit Success",0x3e7,"-",Info,4,480,"{54849625-5478-4994-a5ba-3e3b0328c30d}","Microsoft-Windows-Security-Auditing",2539,"Audit Policy Change","-","-","-","-","-","-","-","-"
"Oct 25, 2022 @ 04:30:49.732",D9roDoQBvD32VbPe22o2,".ds-winlogbeat-8.4.3-2022.10.25-000001","-","a5ecbc19-8015-415f-b934-e32147ae0adb","DESKTOP-32EH6N8","1fb453eb-3944-4767-b034-7e48a04dea76","DESKTOP-32EH6N8",winlogbeat,"8.4.3","1.12.0","audit-setting-changed","iam, configuration",4907,"Oct 25, 2022 @ 04:30:50.648","Oct 25, 2022 @ 04:30:52.341",event,security,success,"Microsoft-Windows-Security-Auditing","-","admin, change","-","-","-","-","-","-","-","-","x86_64","DESKTOP-32EH6N8","45429efd-c10a-4299-8a01-8a10b0cbf1b8","fe80::7959:555c:b4f7:82d3, 192.168.170.20, fe80::f415:e770:257d:42d7, 169.254.66.215","00:0c:29:6e:f6:d9, f8:89:d2:da:70:74","DESKTOP-32EH6N8","19044.1288",windows,"10.0.19041.1288 (WinBuild.160101.0800)","Windows 10 Pro","Windows 10 Pro",windows,windows,"10.0",information,"Auditing settings on object were changed.

Subject:
	Security ID:		S-1-5-18
	Account Name:		DESKTOP-32EH6N8$
	Account Domain:		WORKGROUP
	Logon ID:		0x3E7

Object:
	Object Server:	Security
	Object Type:	File
	Object Name:	C:\Windows\Microsoft.NET\Framework\v4.0.30319\aspnet_wp.exe
	Handle ID:	0xdac

Process Information:
	Process ID:	0x7a0
	Process Name:	C:\Windows\WinSxS\amd64_microsoft-windows-servicingstack_31bf3856ad364e35_10.0.19041.1220_none_7e21bc567c7ed16b\TiWorker.exe

Auditing Settings:
	Original Security Descriptor:	S:AINO_ACCESS_CONTROL
	New Security Descriptor:		S:ARAI(AU;SAFA;DCLCRPCRSDWDWO;;;WD)","-","-","-","-","-","-","-","-","-","-","-","-","-","-","-","-","-","-","-","-","-","-","-","-","-","C:\Windows\WinSxS\amd64_microsoft-windows-servicingstack_31bf3856ad364e35_10.0.19041.1220_none_7e21bc567c7ed16b\TiWorker.exe","C:\Windows\WinSxS\amd64_microsoft-windows-servicingstack_31bf3856ad364e35_10.0.19041.1220_none_7e21bc567c7ed16b\TiWorker.exe","TiWorker.exe","TiWorker.exe","1,952","-","-","-","DESKTOP-32EH6N8$","-","-","-",WORKGROUP,"-","-","-","S-1-5-18","DESKTOP-32EH6N8$","DESKTOP-32EH6N8$","-","-","-","-","-",wineventlog,Security,"DESKTOP-32EH6N8","-","-","-","-","-","-","-","-","-","-","-","-","-","-","-","-","-",0xdac,"-","-","-","-","-","-","-","-","-","-","-","-","-","-","-","S:ARAI(AU;SAFA;DCLCRPCRSDWDWO;;;WD)","Everyone :System Audit ([Delete All Child Objects, List Contents, Read All Properties, All Extended Rights, Delete, Modify Permissions, Modify Owner])","-","C:\Windows\Microsoft.NET\Framework\v4.0.30319\aspnet_wp.exe",Security,File,"S:AINO_ACCESS_CONTROL","-","-","-","-","-","-","-","-","-","-","-","-","-","-","-","-","-",WORKGROUP,0x3e7,"DESKTOP-32EH6N8$","S-1-5-18","-","-","-","-","-","-","-","-","-","-","-","-","-","-","-","-","-","-","-","-","-","-","-","-","-","-","-","-","-","-","-","-","-","-","-","-","-","-","-","-","-","-","-","-",4907,"Audit Success",0x3e7,"-",Info,4,480,"{54849625-5478-4994-a5ba-3e3b0328c30d}","Microsoft-Windows-Security-Auditing",2538,"Audit Policy Change","-","-","-","-","-","-","-","-"
"Oct 25, 2022 @ 04:30:49.731",DtroDoQBvD32VbPe22o2,".ds-winlogbeat-8.4.3-2022.10.25-000001","-","a5ecbc19-8015-415f-b934-e32147ae0adb","DESKTOP-32EH6N8","1fb453eb-3944-4767-b034-7e48a04dea76","DESKTOP-32EH6N8",winlogbeat,"8.4.3","1.12.0","audit-setting-changed","iam, configuration",4907,"Oct 25, 2022 @ 04:30:50.648","Oct 25, 2022 @ 04:30:52.340",event,security,success,"Microsoft-Windows-Security-Auditing","-","admin, change","-","-","-","-","-","-","-","-","x86_64","DESKTOP-32EH6N8","45429efd-c10a-4299-8a01-8a10b0cbf1b8","fe80::7959:555c:b4f7:82d3, 192.168.170.20, fe80::f415:e770:257d:42d7, 169.254.66.215","00:0c:29:6e:f6:d9, f8:89:d2:da:70:74","DESKTOP-32EH6N8","19044.1288",windows,"10.0.19041.1288 (WinBuild.160101.0800)","Windows 10 Pro","Windows 10 Pro",windows,windows,"10.0",information,"Auditing settings on object were changed.

Subject:
	Security ID:		S-1-5-18
	Account Name:		DESKTOP-32EH6N8$
	Account Domain:		WORKGROUP
	Logon ID:		0x3E7

Object:
	Object Server:	Security
	Object Type:	File
	Object Name:	C:\Windows\Microsoft.NET\Framework\v4.0.30319\Aspnet_perf.dll
	Handle ID:	0x970

Process Information:
	Process ID:	0x7a0
	Process Name:	C:\Windows\WinSxS\amd64_microsoft-windows-servicingstack_31bf3856ad364e35_10.0.19041.1220_none_7e21bc567c7ed16b\TiWorker.exe

Auditing Settings:
	Original Security Descriptor:	S:AINO_ACCESS_CONTROL
	New Security Descriptor:		S:ARAI(AU;SAFA;DCLCRPCRSDWDWO;;;WD)","-","-","-","-","-","-","-","-","-","-","-","-","-","-","-","-","-","-","-","-","-","-","-","-","-","C:\Windows\WinSxS\amd64_microsoft-windows-servicingstack_31bf3856ad364e35_10.0.19041.1220_none_7e21bc567c7ed16b\TiWorker.exe","C:\Windows\WinSxS\amd64_microsoft-windows-servicingstack_31bf3856ad364e35_10.0.19041.1220_none_7e21bc567c7ed16b\TiWorker.exe","TiWorker.exe","TiWorker.exe","1,952","-","-","-","DESKTOP-32EH6N8$","-","-","-",WORKGROUP,"-","-","-","S-1-5-18","DESKTOP-32EH6N8$","DESKTOP-32EH6N8$","-","-","-","-","-",wineventlog,Security,"DESKTOP-32EH6N8","-","-","-","-","-","-","-","-","-","-","-","-","-","-","-","-","-",0x970,"-","-","-","-","-","-","-","-","-","-","-","-","-","-","-","S:ARAI(AU;SAFA;DCLCRPCRSDWDWO;;;WD)","Everyone :System Audit ([Delete All Child Objects, List Contents, Read All Properties, All Extended Rights, Delete, Modify Permissions, Modify Owner])","-","C:\Windows\Microsoft.NET\Framework\v4.0.30319\Aspnet_perf.dll",Security,File,"S:AINO_ACCESS_CONTROL","-","-","-","-","-","-","-","-","-","-","-","-","-","-","-","-","-",WORKGROUP,0x3e7,"DESKTOP-32EH6N8$","S-1-5-18","-","-","-","-","-","-","-","-","-","-","-","-","-","-","-","-","-","-","-","-","-","-","-","-","-","-","-","-","-","-","-","-","-","-","-","-","-","-","-","-","-","-","-","-",4907,"Audit Success",0x3e7,"-",Info,4,480,"{54849625-5478-4994-a5ba-3e3b0328c30d}","Microsoft-Windows-Security-Auditing",2537,"Audit Policy Change","-","-","-","-","-","-","-","-"
