422,"Oct 25, 2022 @ 04:26:48.939",DESKTOP-32EH6N8,group-membership-enumerated,4798,security,success,Microsoft-Windows-Security-Auditing,-,"user, info",-,-,-,-,-,-,-,-,x86_64,DESKTOP-32EH6N8,45429efd-c10a-4299-8a01-8a10b0cbf1b8,"fe80::7959:555c:b4f7:82d3, 192.168.170.20, fe80::f415:e770:257d:42d7, 169.254.66.215","00:0c:29:6e:f6:d9, f8:89:d2:da:70:74",DESKTOP-32EH6N8,19044.1288,windows,10.0.19041.1288 (WinBuild.160101.0800),Windows 10 Pro,Windows 10 Pro,windows,windows,10.0,information,"A user's local group membership was enumerated.

Subject:
	Security ID:		S-1-5-21-1431998111-292960839-2456834407-1001
	Account Name:		zhongli
	Account Domain:		DESKTOP-32EH6N8
	Logon ID:		0xDCF07B

User:
	Security ID:		S-1-5-21-1431998111-292960839-2456834407-1001
	Account Name:		zhongli
	Account Domain:		DESKTOP-32EH6N8

Process Information:
	Process ID:		0x1854
	Process Name:		C:\Windows\explorer.exe",-,-,-,-,-,-,-,-,-,-,-,-,-,-,-,-,-,-,-,-,-,-,-,-,-,-,-,-,-,-,-,-,-,zhongli,-,-,-,DESKTOP-32EH6N8,-,-,-,S-1-5-21-1431998111-292960839-2456834407-1001,zhongli,zhongli,DESKTOP-32EH6N8,S-1-5-21-1431998111-292960839-2456834407-1001,zhongli,zhongli,{96d05236-e7e2-0002-7b52-d096e2e7d801},wineventlog,Security,DESKTOP-32EH6N8,-,-,-,-,0x1854,C:\Windows\explorer.exe,-,-,-,-,-,-,-,-,-,-,-,-,-,-,-,-,-,-,-,-,-,-,-,-,-,-,-,-,-,-,-,-,-,-,-,-,-,-,-,-,-,-,-,-,-,-,-,-,-,-,-,DESKTOP-32EH6N8,0xdcf07b,zhongli,S-1-5-21-1431998111-292960839-2456834407-1001,-,DESKTOP-32EH6N8,-,-,-,-,-,-,-,-,S-1-5-21-1431998111-292960839-2456834407-1001,zhongli,-,-,-,-,-,-,-,-,-,-,-,-,-,-,-,-,-,-,-,-,-,-,-,-,-,-,-,-,-,-,-,-,4798.0,0xdcf07b,-,Info,776,"8,124",{54849625-5478-4994-a5ba-3e3b0328c30d},Microsoft-Windows-Security-Auditing,2453.0,User Account Management,-,-,-,-,-,-,-,-
423,"Oct 25, 2022 @ 04:26:47.804",DESKTOP-32EH6N8,Windows Update Agent,19,-,-,Microsoft-Windows-WindowsUpdateClient,-,-,-,-,-,-,-,-,-,-,x86_64,DESKTOP-32EH6N8,45429efd-c10a-4299-8a01-8a10b0cbf1b8,"fe80::7959:555c:b4f7:82d3, 192.168.170.20, fe80::f415:e770:257d:42d7, 169.254.66.215","00:0c:29:6e:f6:d9, f8:89:d2:da:70:74",DESKTOP-32EH6N8,19044.1288,windows,10.0.19041.1288 (WinBuild.160101.0800),Windows 10 Pro,Windows 10 Pro,windows,windows,10.0,information,Installation Successful: Windows successfully installed the following update: 9WZDNCRFJ364-MICROSOFT.SKYPEAPP,-,-,-,-,-,-,-,-,-,-,-,-,-,-,-,-,-,-,-,-,-,-,-,-,-,-,-,-,-,-,-,-,-,-,-,-,-,-,-,-,-,-,-,-,-,-,-,-,{96d05236-e7e2-0002-d064-d096e2e7d801},wineventlog,System,DESKTOP-32EH6N8,-,-,-,-,-,-,-,-,-,-,-,-,-,-,-,-,-,-,-,-,-,-,-,-,-,-,-,-,-,-,-,-,-,-,-,-,-,-,-,-,-,-,-,-,-,-,-,-,-,-,-,-,-,-,-,-,-,-,-,-,-,-,-,-,-,-,-,-,-,-,-,-,-,-,-,-,-,-,-,-,-,-,-,-,-,-,-,-,-,-,-,-,-,-,-,-,-,-,-,-,-,{855e8a7c-ecb4-4ca3-b045-1dfa50104289},{288966ec-8350-432a-87b0-15c6919bdfc4},1,9WZDNCRFJ364-MICROSOFT.SKYPEAPP,19.0,-,-,Installation,"2,828","3,296",{945a8954-c147-4acd-923f-40c45405a658},Microsoft-Windows-WindowsUpdateClient,937.0,Windows Update Agent,NT AUTHORITY,S-1-5-18,SYSTEM,User,-,-,-,1
424,"Oct 25, 2022 @ 04:26:47.373",DESKTOP-32EH6N8,Windows Update Agent,44,-,-,Microsoft-Windows-WindowsUpdateClient,-,-,-,-,-,-,-,-,-,-,x86_64,DESKTOP-32EH6N8,45429efd-c10a-4299-8a01-8a10b0cbf1b8,"fe80::7959:555c:b4f7:82d3, 192.168.170.20, fe80::f415:e770:257d:42d7, 169.254.66.215","00:0c:29:6e:f6:d9, f8:89:d2:da:70:74",DESKTOP-32EH6N8,19044.1288,windows,10.0.19041.1288 (WinBuild.160101.0800),Windows 10 Pro,Windows 10 Pro,windows,windows,10.0,information,Windows Update started downloading an update.,-,-,-,-,-,-,-,-,-,-,-,-,-,-,-,-,-,-,-,-,-,-,-,-,-,-,-,-,-,-,-,-,-,-,-,-,-,-,-,-,-,-,-,-,-,-,-,-,-,wineventlog,System,DESKTOP-32EH6N8,-,-,-,-,-,-,-,-,-,-,-,-,-,-,-,-,-,-,-,-,-,-,-,-,-,-,-,-,-,-,-,-,-,-,-,-,-,-,-,-,-,-,-,-,-,-,-,-,-,-,-,-,-,-,-,-,-,-,-,-,-,-,-,-,-,-,-,-,-,-,-,-,-,-,-,-,-,-,-,-,-,-,-,-,-,-,-,-,-,-,-,-,-,-,-,-,-,-,-,-,-,-,{78d00b8d-c973-4e6d-bab8-6d829f76fb3d},1,9PLL735RFDSM-Microsoft.NET.Native.Runtime.2.2,44.0,-,-,Download,"2,828","9,552",{945a8954-c147-4acd-923f-40c45405a658},Microsoft-Windows-WindowsUpdateClient,936.0,Windows Update Agent,NT AUTHORITY,S-1-5-18,SYSTEM,User,-,-,-,1
425,"Oct 25, 2022 @ 04:26:46.645",DESKTOP-32EH6N8,Windows Update Agent,43,-,-,Microsoft-Windows-WindowsUpdateClient,-,-,-,-,-,-,-,-,-,-,x86_64,DESKTOP-32EH6N8,45429efd-c10a-4299-8a01-8a10b0cbf1b8,"fe80::7959:555c:b4f7:82d3, 192.168.170.20, fe80::f415:e770:257d:42d7, 169.254.66.215","00:0c:29:6e:f6:d9, f8:89:d2:da:70:74",DESKTOP-32EH6N8,19044.1288,windows,10.0.19041.1288 (WinBuild.160101.0800),Windows 10 Pro,Windows 10 Pro,windows,windows,10.0,information,Installation Started: Windows has started installing the following update: 9WZDNCRFJ364-MICROSOFT.SKYPEAPP,-,-,-,-,-,-,-,-,-,-,-,-,-,-,-,-,-,-,-,-,-,-,-,-,-,-,-,-,-,-,-,-,-,-,-,-,-,-,-,-,-,-,-,-,-,-,-,-,-,wineventlog,System,DESKTOP-32EH6N8,-,-,-,-,-,-,-,-,-,-,-,-,-,-,-,-,-,-,-,-,-,-,-,-,-,-,-,-,-,-,-,-,-,-,-,-,-,-,-,-,-,-,-,-,-,-,-,-,-,-,-,-,-,-,-,-,-,-,-,-,-,-,-,-,-,-,-,-,-,-,-,-,-,-,-,-,-,-,-,-,-,-,-,-,-,-,-,-,-,-,-,-,-,-,-,-,-,-,-,-,-,-,{288966ec-8350-432a-87b0-15c6919bdfc4},1,9WZDNCRFJ364-MICROSOFT.SKYPEAPP,43.0,-,-,Installation,"2,828","3,296",{945a8954-c147-4acd-923f-40c45405a658},Microsoft-Windows-WindowsUpdateClient,935.0,Windows Update Agent,NT AUTHORITY,S-1-5-18,SYSTEM,User,-,-,-,1
426,"Oct 25, 2022 @ 04:26:43.539",DESKTOP-32EH6N8,None,16,-,-,Microsoft-Windows-Kernel-General,-,-,-,-,-,-,-,-,-,-,x86_64,DESKTOP-32EH6N8,45429efd-c10a-4299-8a01-8a10b0cbf1b8,"fe80::7959:555c:b4f7:82d3, 192.168.170.20, fe80::f415:e770:257d:42d7, 169.254.66.215","00:0c:29:6e:f6:d9, f8:89:d2:da:70:74",DESKTOP-32EH6N8,19044.1288,windows,10.0.19041.1288 (WinBuild.160101.0800),Windows 10 Pro,Windows 10 Pro,windows,windows,10.0,information,The access history in hive \??\C:\ProgramData\Microsoft\Windows\AppRepository\Packages\Microsoft.SkypeApp_15.89.3403.0_x86__kzf8qxf38zg5c\ActivationStore.dat was cleared updating 0 keys and creating 0 modified pages.,-,-,-,-,-,-,-,-,-,-,-,-,-,-,-,-,-,-,-,-,-,-,-,-,-,-,-,-,-,-,-,-,-,-,-,-,-,-,-,-,-,-,-,-,-,-,-,-,-,wineventlog,System,DESKTOP-32EH6N8,-,-,-,-,-,-,-,-,-,-,-,-,-,0,-,-,-,-,\??\C:\ProgramData\Microsoft\Windows\AppRepository\Packages\Microsoft.SkypeApp_15.89.3403.0_x86__kzf8qxf38zg5c\ActivationStore.dat,130,-,-,-,-,-,-,-,-,0,-,-,-,-,-,-,-,-,-,-,-,-,-,-,-,-,-,-,-,-,-,-,-,-,-,-,-,-,-,-,-,-,-,-,-,-,-,-,-,-,-,-,-,-,-,-,-,-,-,-,-,-,-,-,-,-,-,-,-,-,-,-,-,-,-,-,-,-,-,-,-,-,-,-,-,-,16.0,-,-,Info,"7,516","10,232",{a68ca8b7-004f-d7b6-a698-07e2de0f1f5d},Microsoft-Windows-Kernel-General,934.0,None,NT AUTHORITY,S-1-5-18,SYSTEM,User,-,-,-,-
427,"Oct 25, 2022 @ 04:26:43.251",DESKTOP-32EH6N8,Windows Update Agent,20,-,-,Microsoft-Windows-WindowsUpdateClient,-,-,-,-,-,-,-,-,-,-,x86_64,DESKTOP-32EH6N8,45429efd-c10a-4299-8a01-8a10b0cbf1b8,"fe80::7959:555c:b4f7:82d3, 192.168.170.20, fe80::f415:e770:257d:42d7, 169.254.66.215","00:0c:29:6e:f6:d9, f8:89:d2:da:70:74",DESKTOP-32EH6N8,19044.1288,windows,10.0.19041.1288 (WinBuild.160101.0800),Windows 10 Pro,Windows 10 Pro,windows,windows,10.0,error,Installation Failure: Windows failed to install the following update with error 0x80070057: 9NBLGGH42THS-Microsoft.Microsoft3DViewer.,-,-,-,-,-,-,-,-,-,-,-,-,-,-,-,-,-,-,-,-,-,-,-,-,-,-,-,-,-,-,-,-,-,-,-,-,-,-,-,-,-,-,-,-,-,-,-,-,-,wineventlog,System,DESKTOP-32EH6N8,-,-,-,-,-,-,-,-,-,-,-,-,-,-,-,-,-,-,-,-,-,-,-,-,-,-,-,-,-,-,-,-,-,-,-,-,-,-,-,-,-,-,-,-,-,-,-,-,-,-,-,-,-,-,-,-,-,-,-,-,-,-,-,-,-,-,-,-,-,-,-,-,-,-,-,-,-,-,-,-,-,-,0x80070057,-,-,-,-,-,-,-,-,-,-,-,-,-,-,-,-,-,-,{855e8a7c-ecb4-4ca3-b045-1dfa50104289},{505d4820-b20c-4409-9a86-6148622f2f0f},1,9NBLGGH42THS-Microsoft.Microsoft3DViewer,20.0,-,-,Installation,"2,828","7,612",{945a8954-c147-4acd-923f-40c45405a658},Microsoft-Windows-WindowsUpdateClient,933.0,Windows Update Agent,NT AUTHORITY,S-1-5-18,SYSTEM,User,-,-,-,1
428,"Oct 25, 2022 @ 04:26:43.225",DESKTOP-32EH6N8,Windows Update Agent,43,-,-,Microsoft-Windows-WindowsUpdateClient,-,-,-,-,-,-,-,-,-,-,x86_64,DESKTOP-32EH6N8,45429efd-c10a-4299-8a01-8a10b0cbf1b8,"fe80::7959:555c:b4f7:82d3, 192.168.170.20, fe80::f415:e770:257d:42d7, 169.254.66.215","00:0c:29:6e:f6:d9, f8:89:d2:da:70:74",DESKTOP-32EH6N8,19044.1288,windows,10.0.19041.1288 (WinBuild.160101.0800),Windows 10 Pro,Windows 10 Pro,windows,windows,10.0,information,Installation Started: Windows has started installing the following update: 9NBLGGH42THS-Microsoft.Microsoft3DViewer,-,-,-,-,-,-,-,-,-,-,-,-,-,-,-,-,-,-,-,-,-,-,-,-,-,-,-,-,-,-,-,-,-,-,-,-,-,-,-,-,-,-,-,-,-,-,-,-,-,wineventlog,System,DESKTOP-32EH6N8,-,-,-,-,-,-,-,-,-,-,-,-,-,-,-,-,-,-,-,-,-,-,-,-,-,-,-,-,-,-,-,-,-,-,-,-,-,-,-,-,-,-,-,-,-,-,-,-,-,-,-,-,-,-,-,-,-,-,-,-,-,-,-,-,-,-,-,-,-,-,-,-,-,-,-,-,-,-,-,-,-,-,-,-,-,-,-,-,-,-,-,-,-,-,-,-,-,-,-,-,-,-,{505d4820-b20c-4409-9a86-6148622f2f0f},1,9NBLGGH42THS-Microsoft.Microsoft3DViewer,43.0,-,-,Installation,"2,828","7,612",{945a8954-c147-4acd-923f-40c45405a658},Microsoft-Windows-WindowsUpdateClient,932.0,Windows Update Agent,NT AUTHORITY,S-1-5-18,SYSTEM,User,-,-,-,1
429,"Oct 25, 2022 @ 04:26:43.204",DESKTOP-32EH6N8,Windows Update Agent,20,-,-,Microsoft-Windows-WindowsUpdateClient,-,-,-,-,-,-,-,-,-,-,x86_64,DESKTOP-32EH6N8,45429efd-c10a-4299-8a01-8a10b0cbf1b8,"fe80::7959:555c:b4f7:82d3, 192.168.170.20, fe80::f415:e770:257d:42d7, 169.254.66.215","00:0c:29:6e:f6:d9, f8:89:d2:da:70:74",DESKTOP-32EH6N8,19044.1288,windows,10.0.19041.1288 (WinBuild.160101.0800),Windows 10 Pro,Windows 10 Pro,windows,windows,10.0,error,Installation Failure: Windows failed to install the following update with error 0x80070057: 9NBNPFNSWTGB-Microsoft.UI.Xaml.2.1.,-,-,-,-,-,-,-,-,-,-,-,-,-,-,-,-,-,-,-,-,-,-,-,-,-,-,-,-,-,-,-,-,-,-,-,-,-,-,-,-,-,-,-,-,-,-,-,-,-,wineventlog,System,DESKTOP-32EH6N8,-,-,-,-,-,-,-,-,-,-,-,-,-,-,-,-,-,-,-,-,-,-,-,-,-,-,-,-,-,-,-,-,-,-,-,-,-,-,-,-,-,-,-,-,-,-,-,-,-,-,-,-,-,-,-,-,-,-,-,-,-,-,-,-,-,-,-,-,-,-,-,-,-,-,-,-,-,-,-,-,-,-,0x80070057,-,-,-,-,-,-,-,-,-,-,-,-,-,-,-,-,-,-,{855e8a7c-ecb4-4ca3-b045-1dfa50104289},{0f91a7f5-c9ac-4fe5-92e4-1ad6bd2c0a98},1,9NBNPFNSWTGB-Microsoft.UI.Xaml.2.1,20.0,-,-,Installation,"2,828","7,612",{945a8954-c147-4acd-923f-40c45405a658},Microsoft-Windows-WindowsUpdateClient,931.0,Windows Update Agent,NT AUTHORITY,S-1-5-18,SYSTEM,User,-,-,-,1
430,"Oct 25, 2022 @ 04:26:43.074",DESKTOP-32EH6N8,Windows Update Agent,43,-,-,Microsoft-Windows-WindowsUpdateClient,-,-,-,-,-,-,-,-,-,-,x86_64,DESKTOP-32EH6N8,45429efd-c10a-4299-8a01-8a10b0cbf1b8,"fe80::7959:555c:b4f7:82d3, 192.168.170.20, fe80::f415:e770:257d:42d7, 169.254.66.215","00:0c:29:6e:f6:d9, f8:89:d2:da:70:74",DESKTOP-32EH6N8,19044.1288,windows,10.0.19041.1288 (WinBuild.160101.0800),Windows 10 Pro,Windows 10 Pro,windows,windows,10.0,information,Installation Started: Windows has started installing the following update: 9NBNPFNSWTGB-Microsoft.UI.Xaml.2.1,-,-,-,-,-,-,-,-,-,-,-,-,-,-,-,-,-,-,-,-,-,-,-,-,-,-,-,-,-,-,-,-,-,-,-,-,-,-,-,-,-,-,-,-,-,-,-,-,-,wineventlog,System,DESKTOP-32EH6N8,-,-,-,-,-,-,-,-,-,-,-,-,-,-,-,-,-,-,-,-,-,-,-,-,-,-,-,-,-,-,-,-,-,-,-,-,-,-,-,-,-,-,-,-,-,-,-,-,-,-,-,-,-,-,-,-,-,-,-,-,-,-,-,-,-,-,-,-,-,-,-,-,-,-,-,-,-,-,-,-,-,-,-,-,-,-,-,-,-,-,-,-,-,-,-,-,-,-,-,-,-,-,{0f91a7f5-c9ac-4fe5-92e4-1ad6bd2c0a98},1,9NBNPFNSWTGB-Microsoft.UI.Xaml.2.1,43.0,-,-,Installation,"2,828","7,612",{945a8954-c147-4acd-923f-40c45405a658},Microsoft-Windows-WindowsUpdateClient,930.0,Windows Update Agent,NT AUTHORITY,S-1-5-18,SYSTEM,User,-,-,-,1
431,"Oct 25, 2022 @ 04:26:42.186",DESKTOP-32EH6N8,user-member-enumerated,4799,security,success,Microsoft-Windows-Security-Auditing,-,"group, info",-,-,-,-,-,Builtin,S-1-5-32-544,Administrators,x86_64,DESKTOP-32EH6N8,45429efd-c10a-4299-8a01-8a10b0cbf1b8,"fe80::7959:555c:b4f7:82d3, 192.168.170.20, fe80::f415:e770:257d:42d7, 169.254.66.215","00:0c:29:6e:f6:d9, f8:89:d2:da:70:74",DESKTOP-32EH6N8,19044.1288,windows,10.0.19041.1288 (WinBuild.160101.0800),Windows 10 Pro,Windows 10 Pro,windows,windows,10.0,information,"A security-enabled local group membership was enumerated.

Subject:
	Security ID:		S-1-5-21-1431998111-292960839-2456834407-1001
	Account Name:		zhongli
	Account Domain:		DESKTOP-32EH6N8
	Logon ID:		0xDCF07B

Group:
	Security ID:		S-1-5-32-544
	Group Name:		Administrators
	Group Domain:		Builtin

Process Information:
	Process ID:		0x804
	Process Name:		C:\Program Files\ESET\ESET Security\egui.exe",-,-,-,-,-,-,-,-,-,-,-,-,-,-,-,-,-,-,-,-,-,-,-,-,-,-,-,-,-,-,-,-,-,zhongli,-,-,-,DESKTOP-32EH6N8,-,-,-,S-1-5-21-1431998111-292960839-2456834407-1001,zhongli,zhongli,-,-,-,-,{96d05236-e7e2-0002-7b52-d096e2e7d801},wineventlog,Security,DESKTOP-32EH6N8,-,-,-,-,0x804,C:\Program Files\ESET\ESET Security\egui.exe,-,-,-,-,-,-,-,-,-,-,-,-,-,-,-,-,-,-,-,-,-,-,-,-,-,-,-,-,-,-,-,-,-,-,-,-,-,-,-,-,-,-,-,-,-,-,-,-,-,-,-,DESKTOP-32EH6N8,0xdcf07b,zhongli,S-1-5-21-1431998111-292960839-2456834407-1001,-,Builtin,-,-,-,-,-,-,-,-,S-1-5-32-544,Administrators,-,-,-,-,-,-,-,-,-,-,-,-,-,-,-,-,-,-,-,-,-,-,-,-,-,-,-,-,-,-,-,-,4799.0,0xdcf07b,-,Info,776,"7,152",{54849625-5478-4994-a5ba-3e3b0328c30d},Microsoft-Windows-Security-Auditing,2452.0,Security Group Management,-,-,-,-,-,-,-,-
432,"Oct 25, 2022 @ 04:26:34.308",DESKTOP-32EH6N8,User Account Management,5379,security,success,Microsoft-Windows-Security-Auditing,-,-,-,-,-,-,-,-,-,-,x86_64,DESKTOP-32EH6N8,45429efd-c10a-4299-8a01-8a10b0cbf1b8,"fe80::7959:555c:b4f7:82d3, 192.168.170.20, fe80::f415:e770:257d:42d7, 169.254.66.215","00:0c:29:6e:f6:d9, f8:89:d2:da:70:74",DESKTOP-32EH6N8,19044.1288,windows,10.0.19041.1288 (WinBuild.160101.0800),Windows 10 Pro,Windows 10 Pro,windows,windows,10.0,information,"Credential Manager credentials were read.

Subject:
	Security ID:		S-1-5-21-1431998111-292960839-2456834407-1001
	Account Name:		zhongli
	Account Domain:		DESKTOP-32EH6N8
	Logon ID:		0xDCF07B
	Read Operation:		Enumerate Credentials

This event occurs when a user performs a read operation on stored credentials in Credential Manager.",-,-,-,-,-,-,-,-,-,-,-,-,-,-,-,-,-,-,-,-,-,-,-,-,-,-,-,-,-,-,-,-,-,-,-,-,-,-,-,-,-,-,-,-,-,-,-,-,{96d05236-e7e2-0002-7b52-d096e2e7d801},wineventlog,Security,DESKTOP-32EH6N8,-,-,-,-,-,-,-,-,7292,0,-,-,-,-,-,-,-,-,-,-,-,-,-,-,-,-,-,-,-,-,-,-,-,-,-,-,-,-,-,-,-,-,-,-,2022-10-25T11:26:34.0115684Z,-,-,-,-,-,%%8100,-,-,3221226021,-,-,-,DESKTOP-32EH6N8,0xdcf07b,zhongli,S-1-5-21-1431998111-292960839-2456834407-1001,-,-,-,-,-,-,OneDrive Cached Credential*,-,-,-,-,-,-,-,-,-,-,0,-,-,-,-,-,-,-,-,-,-,-,-,-,-,-,-,-,-,-,-,-,-,-,-,-,-,5379.0,0xdcf07b,-,Info,776,"8,124",{54849625-5478-4994-a5ba-3e3b0328c30d},Microsoft-Windows-Security-Auditing,2451.0,User Account Management,-,-,-,-,-,-,-,-
433,"Oct 25, 2022 @ 04:26:34.283",DESKTOP-32EH6N8,User Account Management,5379,security,success,Microsoft-Windows-Security-Auditing,-,-,-,-,-,-,-,-,-,-,x86_64,DESKTOP-32EH6N8,45429efd-c10a-4299-8a01-8a10b0cbf1b8,"fe80::7959:555c:b4f7:82d3, 192.168.170.20, fe80::f415:e770:257d:42d7, 169.254.66.215","00:0c:29:6e:f6:d9, f8:89:d2:da:70:74",DESKTOP-32EH6N8,19044.1288,windows,10.0.19041.1288 (WinBuild.160101.0800),Windows 10 Pro,Windows 10 Pro,windows,windows,10.0,information,"Credential Manager credentials were read.

Subject:
	Security ID:		S-1-5-21-1431998111-292960839-2456834407-1001
	Account Name:		zhongli
	Account Domain:		DESKTOP-32EH6N8
	Logon ID:		0xDCF07B
	Read Operation:		Enumerate Credentials

This event occurs when a user performs a read operation on stored credentials in Credential Manager.",-,-,-,-,-,-,-,-,-,-,-,-,-,-,-,-,-,-,-,-,-,-,-,-,-,-,-,-,-,-,-,-,-,-,-,-,-,-,-,-,-,-,-,-,-,-,-,-,{96d05236-e7e2-0002-7b52-d096e2e7d801},wineventlog,Security,DESKTOP-32EH6N8,-,-,-,-,-,-,-,-,7292,0,-,-,-,-,-,-,-,-,-,-,-,-,-,-,-,-,-,-,-,-,-,-,-,-,-,-,-,-,-,-,-,-,-,-,2022-10-25T11:26:34.0115684Z,-,-,-,-,-,%%8100,-,-,3221226021,-,-,-,DESKTOP-32EH6N8,0xdcf07b,zhongli,S-1-5-21-1431998111-292960839-2456834407-1001,-,-,-,-,-,-,OneDrive Cached Credential,-,-,-,-,-,-,-,-,-,-,0,-,-,-,-,-,-,-,-,-,-,-,-,-,-,-,-,-,-,-,-,-,-,-,-,-,-,5379.0,0xdcf07b,-,Info,776,"8,124",{54849625-5478-4994-a5ba-3e3b0328c30d},Microsoft-Windows-Security-Auditing,2450.0,User Account Management,-,-,-,-,-,-,-,-
434,"Oct 25, 2022 @ 04:26:22.003",DESKTOP-32EH6N8,None,8198,-,-,Microsoft-Windows-Security-SPP,-,-,-,-,-,-,-,-,-,-,x86_64,DESKTOP-32EH6N8,45429efd-c10a-4299-8a01-8a10b0cbf1b8,"fe80::7959:555c:b4f7:82d3, 192.168.170.20, fe80::f415:e770:257d:42d7, 169.254.66.215","00:0c:29:6e:f6:d9, f8:89:d2:da:70:74",DESKTOP-32EH6N8,19044.1288,windows,10.0.19041.1288 (WinBuild.160101.0800),Windows 10 Pro,Windows 10 Pro,windows,windows,10.0,error,"License Activation (slui.exe) failed with the following error code:
hr=0x803F7001
Command-line arguments:
RuleId=31e71c49-8da7-4a2f-ad92-45d98a1c79ba;Action=AutoActivate;AppId=55c92734-d682-4d71-983e-d6ec3f16059f;SkuId=4de7cb65-cdf1-4de9-8ae8-e3cce27b9f2c;NotificationInterval=1440;Trigger=UserLogon;SessionId=7",-,-,-,-,-,-,-,-,-,-,-,-,-,-,-,-,-,-,-,-,-,-,-,-,-,-,-,-,-,-,-,-,-,-,-,-,-,-,-,-,-,-,-,-,-,-,-,-,-,wineventlog,Application,DESKTOP-32EH6N8,-,-,-,-,-,-,-,-,-,-,-,-,-,-,-,-,-,-,-,-,-,-,-,-,-,-,-,-,-,-,-,-,-,-,-,-,-,-,-,-,-,-,-,-,-,-,-,-,-,-,-,-,-,-,-,-,-,-,-,-,-,-,-,-,-,-,-,-,-,-,-,-,-,-,-,-,-,-,-,-,-,-,-,hr=0x803F7001,-,-,-,-,-,RuleId=31e71c49-8da7-4a2f-ad92-45d98a1c79ba;Action=AutoActivate;AppId=55c92734-d682-4d71-983e-d6ec3f16059f;SkuId=4de7cb65-cdf1-4de9-8ae8-e3cce27b9f2c;NotificationInterval=1440;Trigger=UserLogon;SessionId=7,-,-,-,-,-,-,-,-,-,-,-,-,-,-,-,8198.0,-,-,Info,-,-,{E23B33B0-C8C9-472C-A5F9-F2BDFEA0F156},Microsoft-Windows-Security-SPP,565.0,None,-,-,-,-,-,-,-,-
435,"Oct 25, 2022 @ 04:26:21.987",DESKTOP-32EH6N8,None,1003,-,-,Microsoft-Windows-Security-SPP,-,-,-,-,-,-,-,-,-,-,x86_64,DESKTOP-32EH6N8,45429efd-c10a-4299-8a01-8a10b0cbf1b8,"fe80::7959:555c:b4f7:82d3, 192.168.170.20, fe80::f415:e770:257d:42d7, 169.254.66.215","00:0c:29:6e:f6:d9, f8:89:d2:da:70:74",DESKTOP-32EH6N8,19044.1288,windows,10.0.19041.1288 (WinBuild.160101.0800),Windows 10 Pro,Windows 10 Pro,windows,windows,10.0,information,"The Software Protection service has completed licensing status check.
Application Id=55c92734-d682-4d71-983e-d6ec3f16059f
Licensing Status=
1: 040fa323-92b1-4baf-97a2-5b67feaefddb, 1, 0 [(0 [0xC004F014, 0, 0], [(?)(?)(?)(?)(?)(?)(?)(?)])(1 )(2 )(3 )]
2: 0724cb7d-3437-4cb7-93cb-830375d0079d, 1, 0 [(0 [0xC004F014, 0, 0], [(?)(?)(?)(?)(?)(?)(?)(?)])(1 )(2 )(3 )]
3: 0ad2ac98-7bb9-4201-8d92-312299201369, 1, 0 [(0 [0xC004F014, 0, 0], [(?)(?)(?)(?)(?)(?)(?)(?)])(1 )(2 )(3 )]
4: 1a9a717a-cf13-4ba5-83c3-0fe25fa868d5, 1, 0 [(0 [0xC004F014, 0, 0], [(?)(?)(?)(?)(?)(?)(?)(?)])(1 )(2 )(3 )]
5: 221a02da-e2a1-4b75-864c-0a4410a33fdf, 1, 0 [(0 [0xC004F014, 0, 0], [(?)(?)(?)(?)(?)(?)(?)(?)])(1 )(2 )(3 )]
6: 291ece0e-9c38-40ca-a9e1-32cc7ec19507, 1, 0 [(0 [0xC004F014, 0, 0], [(?)(?)(?)(?)(?)(?)(?)(?)])(1 )(2 )(3 )]
7: 2936d1d2-913a-4542-b54e-ce5a602a2a38, 1, 0 [(0 [0xC004F014, 0, 0], [(?)(?)(?)(?)(?)(?)(?)(?)])(1 )(2 )(3 )]
8: 2c293c26-a45a-4a2a-a350-c69a67097529, 1, 0 [(0 [0xC004F014, 0, 0], [(?)(?)(?)(?)(?)(?)(?)(?)])(1 )(2 )(3 )]
9: 2de67392-b7a7-462a-b1ca-108dd189f588, 1, 0 [(0 [0xC004F014, 0, 0], [(?)(?)(?)(?)(?)(?)(?)(?)])(1 )(2 )(3 )]
10: 2ffd8952-423e-4903-b993-72a1aa44cf82, 1, 0 [(0 [0xC004F014, 0, 0], [(?)(?)(?)(?)(?)(?)(?)(?)])(1 )(2 )(3 )]
11: 30a42c86-b7a0-4a34-8c90-ff177cb2acb7, 1, 0 [(0 [0xC004F014, 0, 0], [(?)(?)(?)(?)(?)(?)(?)(?)])(1 )(2 )(3 )]
12: 345a5db0-d94f-4e3b-a0c0-7c42f7bc3ebf, 1, 0 [(0 [0xC004F014, 0, 0], [(?)(?)(?)(?)(?)(?)(?)(?)])(1 )(2 )(3 )]
13: 3502365a-f88a-4ba4-822a-5769d3073b65, 1, 0 [(0 [0xC004F014, 0, 0], [(?)(?)(?)(?)(?)(?)(?)(?)])(1 )(2 )(3 )]
14: 377333b1-8b5d-48d6-9679-1225c872d37c, 1, 0 [(0 [0xC004F014, 0, 0], [(?)(?)(?)(?)(?)(?)(?)(?)])(1 )(2 )(3 )]
15: 3df374ef-d444-4494-a5a1-4b0d9fd0e203, 1, 0 [(0 [0xC004F014, 0, 0], [(?)(?)(?)(?)(?)(?)(?)(?)])(1 )(2 )(3 )]
16: 3f1afc82-f8ac-4f6c-8005-1d233e606eee, 1, 0 [(0 [0xC004F014, 0, 0], [(?)(?)(?)(?)(?)(?)(?)(?)])(1 )(2 )(3 )]
17: 49cd895b-53b2-4dc4-a5f7-b18aa019ad37, 1, 0 [(0 [0xC004F014, 0, 0], [(?)(?)(?)(?)(?)(?)(?)(?)])(1 )(2 )(3 )]
18: 4de7cb65-cdf1-4de9-8ae8-e3cce27b9f2c, 1, 1 [(0 )(1 )(2 [0xC004E003, 0, 0], [( 1 0xC004F034)( 1 0xC004F034)(?)(?)(?)(?)(?)(?)])(3 [0x00000000, 0, 0], [( 6 0xC004F009 0 0)( 1 0x00000000)( 6 0xC004F009 0 0)(?)(?)(?)( 10 0x00000000 msft:rm/algorithm/flags/1.0)( 11 0x00000000 0xC004F034)])]
19: 4f3da0d2-271d-4508-ae81-626b60809a38, 1, 0 [(0 [0xC004F014, 0, 0], [(?)(?)(?)(?)(?)(?)(?)(?)])(1 )(2 )(3 )]
20: 60b3ec1b-9545-4921-821f-311b129dd6f6, 1, 0 [(0 [0xC004F014, 0, 0], [(?)(?)(?)(?)(?)(?)(?)(?)])(1 )(2 )(3 )]
21: 613d217f-7f13-4268-9907-1662339531cd, 1, 0 [(0 [0xC004F014, 0, 0], [(?)(?)(?)(?)(?)(?)(?)(?)])(1 )(2 )(3 )]
22: 62f0c100-9c53-4e02-b886-a3528ddfe7f6, 1, 0 [(0 [0xC004F014, 0, 0], [(?)(?)(?)(?)(?)(?)(?)(?)])(1 )(2 )(3 )]
23: 6365275e-368d-46ca-a0ef-fc0404119333, 1, 0 [(0 [0xC004F014, 0, 0], [(?)(?)(?)(?)(?)(?)(?)(?)])(1 )(2 )(3 )]
24: 721f9237-9341-4453-a661-09e8baa6cca5, 1, 0 [(0 [0xC004F014, 0, 0], [(?)(?)(?)(?)(?)(?)(?)(?)])(1 )(2 )(3 )]
25: 73111121-5638-40f6-bc11-f1d7b0d64300, 1, 0 [(0 [0xC004F014, 0, 0], [(?)(?)(?)(?)(?)(?)(?)(?)])(1 )(2 )(3 )]
26: 7a802526-4c94-4bd1-ba14-835a1aca2120, 1, 0 [(0 [0xC004F014, 0, 0], [(?)(?)(?)(?)(?)(?)(?)(?)])(1 )(2 )(3 )]
27: 7cb546c0-c7d5-44d8-9a5c-69ecdd782b69, 1, 0 [(0 [0xC004F014, 0, 0], [(?)(?)(?)(?)(?)(?)(?)(?)])(1 )(2 )(3 )]
28: 82bbc092-bc50-4e16-8e18-b74fc486aec3, 1, 0 [(0 [0xC004F014, 0, 0], [(?)(?)(?)(?)(?)(?)(?)(?)])(1 )(2 )(3 )]
29: 8ab9bdd1-1f67-4997-82d9-8878520837d9, 1, 0 [(0 [0xC004F014, 0, 0], [(?)(?)(?)(?)(?)(?)(?)(?)])(1 )(2 )(3 )]
30: 8b351c9c-f398-4515-9900-09df49427262, 1, 0 [(0 [0xC004F014, 0, 0], [(?)(?)(?)(?)(?)(?)(?)(?)])(1 )(2 )(3 )]
31: 90da7373-1c51-430b-bf26-c97e9c5cdc31, 1, 0 [(0 [0xC004F014, 0, 0], [(?)(?)(?)(?)(?)(?)(?)(?)])(1 )(2 )(3 )]
32: 95dca82f-385d-4d39-b85b-5c73fa285d6f, 1, 0 [(0 [0xC004F014, 0, 0], [(?)(?)(?)(?)(?)(?)(?)(?)])(1 )(2 )(3 )]
33: a48938aa-62fa-4966-9d44-9f04da3f72f2, 1, 0 [(0 [0xC004F014, 0, 0], [(?)(?)(?)(?)(?)(?)(?)(?)])(1 )(2 )(3 )]
34: b0773a15-df3a-4312-9ad2-83d69648e356, 1, 0 [(0 [0xC004F014, 0, 0], [(?)(?)(?)(?)(?)(?)(?)(?)])(1 )(2 )(3 )]
35: b4bfe195-541e-4e64-ad23-6177f19e395e, 1, 0 [(0 [0xC004F014, 0, 0], [(?)(?)(?)(?)(?)(?)(?)(?)])(1 )(2 )(3 )]
36: b68e61d2-68ca-4757-be45-0cc2f3e68eee, 1, 0 [(0 [0xC004F014, 0, 0], [(?)(?)(?)(?)(?)(?)(?)(?)])(1 )(2 )(3 )]
37: bd3762d7-270d-4760-8fb3-d829ca45278a, 1, 0 [(0 [0xC004F014, 0, 0], [(?)(?)(?)(?)(?)(?)(?)(?)])(1 )(2 )(3 )]
38: c86d5194-4840-4dae-9c1c-0301003a5ab0, 1, 0 [(0 [0xC004F014, 0, 0], [(?)(?)(?)(?)(?)(?)(?)(?)])(1 )(2 )(3 )]
39: d552befb-48cc-4327-8f39-47d2d94f987c, 1, 0 [(0 [0xC004F014, 0, 0], [(?)(?)(?)(?)(?)(?)(?)(?)])(1 )(2 )(3 )]
40: d6eadb3b-5ca8-4a6b-986e-35b550756111, 1, 0 [(0 [0xC004F014, 0, 0], [(?)(?)(?)(?)(?)(?)(?)(?)])(1 )(2 )(3 )]
41: df96023b-dcd9-4be2-afa0-c6c871159ebe, 1, 0 [(0 [0xC004F014, 0, 0], [(?)(?)(?)(?)(?)(?)(?)(?)])(1 )(2 )(3 )]
42: e0c42288-980c-4788-a014-c080d2e1926e, 1, 0 [(0 [0xC004F014, 0, 0], [(?)(?)(?)(?)(?)(?)(?)(?)])(1 )(2 )(3 )]
43: e4db50ea-bda1-4566-b047-0ca50abc6f07, 1, 0 [(0 [0xC004F014, 0, 0], [(?)(?)(?)(?)(?)(?)(?)(?)])(1 )(2 )(3 )]
44: e558417a-5123-4f6f-91e7-385c1c7ca9d4, 1, 0 [(0 [0xC004F014, 0, 0], [(?)(?)(?)(?)(?)(?)(?)(?)])(1 )(2 )(3 )]
45: e7a950a2-e548-4f10-bf16-02ec848e0643, 1, 0 [(0 [0xC004F014, 0, 0], [(?)(?)(?)(?)(?)(?)(?)(?)])(1 )(2 )(3 )]
46: eb6d346f-1c60-4643-b960-40ec31596c45, 1, 0 [(0 [0xC004F014, 0, 0], [(?)(?)(?)(?)(?)(?)(?)(?)])(1 )(2 )(3 )]
47: ec868e65-fadf-4759-b23e-93fe37f2cc29, 1, 0 [(0 [0xC004F014, 0, 0], [(?)(?)(?)(?)(?)(?)(?)(?)])(1 )(2 )(3 )]
48: ef51e000-2659-4f25-8345-3de70a9cf4c4, 1, 0 [(0 [0xC004F014, 0, 0], [(?)(?)(?)(?)(?)(?)(?)(?)])(1 )(2 )(3 )]
49: f7af7d09-40e4-419c-a49b-eae366689ebd, 1, 0 [(0 [0xC004F014, 0, 0], [(?)(?)(?)(?)(?)(?)(?)(?)])(1 )(2 )(3 )]
50: fa755fe6-6739-40b9-8d84-6d0ea3b6d1ab, 1, 0 [(0 [0xC004F014, 0, 0], [(?)(?)(?)(?)(?)(?)(?)(?)])(1 )(2 )(3 )]
51: fe74f55b-0338-41d6-b267-4a201abe7285, 1, 0 [(0 [0xC004F014, 0, 0], [(?)(?)(?)(?)(?)(?)(?)(?)])(1 )(2 )(3 )]",-,-,-,-,-,-,-,-,-,-,-,-,-,-,-,-,-,-,-,-,-,-,-,-,-,-,-,-,-,-,-,-,-,-,-,-,-,-,-,-,-,-,-,-,-,-,-,-,-,wineventlog,Application,DESKTOP-32EH6N8,-,-,-,-,-,-,-,-,-,-,-,-,-,-,-,-,-,-,-,-,-,-,-,-,-,-,-,-,-,-,-,-,-,-,-,-,-,-,-,-,-,-,-,-,-,-,-,-,-,-,-,-,-,-,-,-,-,-,-,-,-,-,-,-,-,-,-,-,-,-,-,-,-,-,-,-,-,-,-,-,-,-,-,55c92734-d682-4d71-983e-d6ec3f16059f,-,-,-,-,-,"
1: 040fa323-92b1-4baf-97a2-5b67feaefddb, 1, 0 [(0 [0xC004F014, 0, 0], [(?)(?)(?)(?)(?)(?)(?)(?)])(1 )(2 )(3 )]
2: 0724cb7d-3437-4cb7-93cb-830375d0079d, 1, 0 [(0 [0xC004F014, 0, 0], [(?)(?)(?)(?)(?)(?)(?)(?)])(1 )(2 )(3 )]
3: 0ad2ac98-7bb9-4201-8d92-312299201369, 1, 0 [(0 [0xC004F014, 0, 0], [(?)(?)(?)(?)(?)(?)(?)(?)])(1 )(2 )(3 )]
4: 1a9a717a-cf13-4ba5-83c3-0fe25fa868d5, 1, 0 [(0 [0xC004F014, 0, 0], [(?)(?)(?)(?)(?)(?)(?)(?)])(1 )(2 )(3 )]
5: 221a02da-e2a1-4b75-864c-0a4410a33fdf, 1, 0 [(0 [0xC004F014, 0, 0], [(?)(?)(?)(?)(?)(?)(?)(?)])(1 )(2 )(3 )]
6: 291ece0e-9c38-40ca-a9e1-32cc7ec19507, 1, 0 [(0 [0xC004F014, 0, 0], [(?)(?)(?)(?)(?)(?)(?)(?)])(1 )(2 )(3 )]
7: 2936d1d2-913a-4542-b54e-ce5a602a2a38, 1, 0 [(0 [0xC004F014, 0, 0], [(?)(?)(?)(?)(?)(?)(?)(?)])(1 )(2 )(3 )]
8: 2c293c26-a45a-4a2a-a350-c69a67097529, 1, 0 [(0 [0xC004F014, 0, 0], [(?)(?)(?)(?)(?)(?)(?)(?)])(1 )(2 )(3 )]
9: 2de67392-b7a7-462a-b1ca-108dd189f588, 1, 0 [(0 [0xC004F014, 0, 0], [(?)(?)(?)(?)(?)(?)(?)(?)])(1 )(2 )(3 )]
10: 2ffd8952-423e-4903-b993-72a1aa44cf82, 1, 0 [(0 [0xC004F014, 0, 0], [(?)(?)(?)(?)(?)(?)(?)(?)])(1 )(2 )(3 )]
11: 30a42c86-b7a0-4a34-8c90-ff177cb2acb7, 1, 0 [(0 [0xC004F014, 0, 0], [(?)(?)(?)(?)(?)(?)(?)(?)])(1 )(2 )(3 )]
12: 345a5db0-d94f-4e3b-a0c0-7c42f7bc3ebf, 1, 0 [(0 [0xC004F014, 0, 0], [(?)(?)(?)(?)(?)(?)(?)(?)])(1 )(2 )(3 )]
13: 3502365a-f88a-4ba4-822a-5769d3073b65, 1, 0 [(0 [0xC004F014, 0, 0], [(?)(?)(?)(?)(?)(?)(?)(?)])(1 )(2 )(3 )]
14: 377333b1-8b5d-48d6-9679-1225c872d37c, 1, 0 [(0 [0xC004F014, 0, 0], [(?)(?)(?)(?)(?)(?)(?)(?)])(1 )(2 )(3 )]
15: 3df374ef-d444-4494-a5a1-4b0d9fd0e203, 1, 0 [(0 [0xC004F014, 0, 0], [(?)(?)(?)(?)(?)(?)(?)(?)])(1 )(2 )(3 )]
16: 3f1afc82-f8ac-4f6c-8005-1d233e606eee, 1, 0 [(0 [0xC004F014, 0, 0], [(?)(?)(?)(?)(?)(?)(?)(?)])(1 )(2 )(3 )]
17: 49cd895b-53b2-4dc4-a5f7-b18aa019ad37, 1, 0 [(0 [0xC004F014, 0, 0], [(?)(?)(?)(?)(?)(?)(?)(?)])(1 )(2 )(3 )]
18: 4de7cb65-cdf1-4de9-8ae8-e3cce27b9f2c, 1, 1 [(0 )(1 )(2 [0xC004E003, 0, 0], [( 1 0xC004F034)( 1 0xC004F034)(?)(?)(?)(?)(?)(?)])(3 [0x00000000, 0, 0], [( 6 0xC004F009 0 0)( 1 0x00000000)( 6 0xC004F009 0 0)(?)(?)(?)( 10 0x00000000 msft:rm/algorithm/flags/1.0)( 11 0x00000000 0xC004F034)])]
19: 4f3da0d2-271d-4508-ae81-626b60809a38, 1, 0 [(0 [0xC004F014, 0, 0], [(?)(?)(?)(?)(?)(?)(?)(?)])(1 )(2 )(3 )]
20: 60b3ec1b-9545-4921-821f-311b129dd6f6, 1, 0 [(0 [0xC004F014, 0, 0], [(?)(?)(?)(?)(?)(?)(?)(?)])(1 )(2 )(3 )]
21: 613d217f-7f13-4268-9907-1662339531cd, 1, 0 [(0 [0xC004F014, 0, 0], [(?)(?)(?)(?)(?)(?)(?)(?)])(1 )(2 )(3 )]
22: 62f0c100-9c53-4e02-b886-a3528ddfe7f6, 1, 0 [(0 [0xC004F014, 0, 0], [(?)(?)(?)(?)(?)(?)(?)(?)])(1 )(2 )(3 )]
23: 6365275e-368d-46ca-a0ef-fc0404119333, 1, 0 [(0 [0xC004F014, 0, 0], [(?)(?)(?)(?)(?)(?)(?)(?)])(1 )(2 )(3 )]
24: 721f9237-9341-4453-a661-09e8baa6cca5, 1, 0 [(0 [0xC004F014, 0, 0], [(?)(?)(?)(?)(?)(?)(?)(?)])(1 )(2 )(3 )]
25: 73111121-5638-40f6-bc11-f1d7b0d64300, 1, 0 [(0 [0xC004F014, 0, 0], [(?)(?)(?)(?)(?)(?)(?)(?)])(1 )(2 )(3 )]
26: 7a802526-4c94-4bd1-ba14-835a1aca2120, 1, 0 [(0 [0xC004F014, 0, 0], [(?)(?)(?)(?)(?)(?)(?)(?)])(1 )(2 )(3 )]
27: 7cb546c0-c7d5-44d8-9a5c-69ecdd782b69, 1, 0 [(0 [0xC004F014, 0, 0], [(?)(?)(?)(?)(?)(?)(?)(?)])(1 )(2 )(3 )]
28: 82bbc092-bc50-4e16-8e18-b74fc486aec3, 1, 0 [(0 [0xC004F014, 0, 0], [(?)(?)(?)(?)(?)(?)(?)(?)])(1 )(2 )(3 )]
29: 8ab9bdd1-1f67-4997-82d9-8878520837d9, 1, 0 [(0 [0xC004F014, 0, 0], [(?)(?)(?)(?)(?)(?)(?)(?)])(1 )(2 )(3 )]
30: 8b351c9c-f398-4515-9900-09df49427262, 1, 0 [(0 [0xC004F014, 0, 0], [(?)(?)(?)(?)(?)(?)(?)(?)])(1 )(2 )(3 )]
31: 90da7373-1c51-430b-bf26-c97e9c5cdc31, 1, 0 [(0 [0xC004F014, 0, 0], [(?)(?)(?)(?)(?)(?)(?)(?)])(1 )(2 )(3 )]
32: 95dca82f-385d-4d39-b85b-5c73fa285d6f, 1, 0 [(0 [0xC004F014, 0, 0], [(?)(?)(?)(?)(?)(?)(?)(?)])(1 )(2 )(3 )]
33: a48938aa-62fa-4966-9d44-9f04da3f72f2, 1, 0 [(0 [0xC004F014, 0, 0], [(?)(?)(?)(?)(?)(?)(?)(?)])(1 )(2 )(3 )]
34: b0773a15-df3a-4312-9ad2-83d69648e356, 1, 0 [(0 [0xC004F014, 0, 0], [(?)(?)(?)(?)(?)(?)(?)(?)])(1 )(2 )(3 )]
35: b4bfe195-541e-4e64-ad23-6177f19e395e, 1, 0 [(0 [0xC004F014, 0, 0], [(?)(?)(?)(?)(?)(?)(?)(?)])(1 )(2 )(3 )]
36: b68e61d2-68ca-4757-be45-0cc2f3e68eee, 1, 0 [(0 [0xC004F014, 0, 0], [(?)(?)(?)(?)(?)(?)(?)(?)])(1 )(2 )(3 )]
37: bd3762d7-270d-4760-8fb3-d829ca45278a, 1, 0 [(0 [0xC004F014, 0, 0], [(?)(?)(?)(?)(?)(?)(?)(?)])(1 )(2 )(3 )]
38: c86d5194-4840-4dae-9c1c-0301003a5ab0, 1, 0 [(0 [0xC004F014, 0, 0], [(?)(?)(?)(?)(?)(?)(?)(?)])(1 )(2 )(3 )]
39: d552befb-48cc-4327-8f39-47d2d94f987c, 1, 0 [(0 [0xC004F014, 0, 0], [(?)(?)(?)(?)(?)(?)(?)(?)])(1 )(2 )(3 )]
40: d6eadb3b-5ca8-4a6b-986e-35b550756111, 1, 0 [(0 [0xC004F014, 0, 0], [(?)(?)(?)(?)(?)(?)(?)(?)])(1 )(2 )(3 )]
41: df96023b-dcd9-4be2-afa0-c6c871159ebe, 1, 0 [(0 [0xC004F014, 0, 0], [(?)(?)(?)(?)(?)(?)(?)(?)])(1 )(2 )(3 )]
42: e0c42288-980c-4788-a014-c080d2e1926e, 1, 0 [(0 [0xC004F014, 0, 0], [(?)(?)(?)(?)(?)(?)(?)(?)])(1 )(2 )(3 )]
43: e4db50ea-bda1-4566-b047-0ca50abc6f07, 1, 0 [(0 [0xC004F014, 0, 0], [(?)(?)(?)(?)(?)(?)(?)(?)])(1 )(2 )(3 )]
44: e558417a-5123-4f6f-91e7-385c1c7ca9d4, 1, 0 [(0 [0xC004F014, 0, 0], [(?)(?)(?)(?)(?)(?)(?)(?)])(1 )(2 )(3 )]
45: e7a950a2-e548-4f10-bf16-02ec848e0643, 1, 0 [(0 [0xC004F014, 0, 0], [(?)(?)(?)(?)(?)(?)(?)(?)])(1 )(2 )(3 )]
46: eb6d346f-1c60-4643-b960-40ec31596c45, 1, 0 [(0 [0xC004F014, 0, 0], [(?)(?)(?)(?)(?)(?)(?)(?)])(1 )(2 )(3 )]
47: ec868e65-fadf-4759-b23e-93fe37f2cc29, 1, 0 [(0 [0xC004F014, 0, 0], [(?)(?)(?)(?)(?)(?)(?)(?)])(1 )(2 )(3 )]
48: ef51e000-2659-4f25-8345-3de70a9cf4c4, 1, 0 [(0 [0xC004F014, 0, 0], [(?)(?)(?)(?)(?)(?)(?)(?)])(1 )(2 )(3 )]
49: f7af7d09-40e4-419c-a49b-eae366689ebd, 1, 0 [(0 [0xC004F014, 0, 0], [(?)(?)(?)(?)(?)(?)(?)(?)])(1 )(2 )(3 )]
50: fa755fe6-6739-40b9-8d84-6d0ea3b6d1ab, 1, 0 [(0 [0xC004F014, 0, 0], [(?)(?)(?)(?)(?)(?)(?)(?)])(1 )(2 )(3 )]
51: fe74f55b-0338-41d6-b267-4a201abe7285, 1, 0 [(0 [0xC004F014, 0, 0], [(?)(?)(?)(?)(?)(?)(?)(?)])(1 )(2 )(3 )]",-,-,-,-,-,-,-,-,-,-,-,-,-,-,-,1003.0,-,-,Info,-,-,{E23B33B0-C8C9-472C-A5F9-F2BDFEA0F156},Microsoft-Windows-Security-SPP,564.0,None,-,-,-,-,-,-,-,-
436,"Oct 25, 2022 @ 04:26:21.921",DESKTOP-32EH6N8,None,16,-,-,Microsoft-Windows-Kernel-General,-,-,-,-,-,-,-,-,-,-,x86_64,DESKTOP-32EH6N8,45429efd-c10a-4299-8a01-8a10b0cbf1b8,"fe80::7959:555c:b4f7:82d3, 192.168.170.20, fe80::f415:e770:257d:42d7, 169.254.66.215","00:0c:29:6e:f6:d9, f8:89:d2:da:70:74",DESKTOP-32EH6N8,19044.1288,windows,10.0.19041.1288 (WinBuild.160101.0800),Windows 10 Pro,Windows 10 Pro,windows,windows,10.0,information,The access history in hive \??\C:\Users\zhongli\AppData\Local\Packages\Microsoft.XboxGamingOverlay_8wekyb3d8bbwe\Settings\settings.dat was cleared updating 3 keys and creating 1 modified pages.,-,-,-,-,-,-,-,-,-,-,-,-,-,-,-,-,-,-,-,-,-,-,-,-,-,-,-,-,-,-,-,-,-,-,-,-,-,-,-,-,-,-,-,-,-,-,-,-,-,wineventlog,System,DESKTOP-32EH6N8,-,-,-,-,-,-,-,-,-,-,-,-,-,1,-,-,-,-,\??\C:\Users\zhongli\AppData\Local\Packages\Microsoft.XboxGamingOverlay_8wekyb3d8bbwe\Settings\settings.dat,107,-,-,-,-,-,-,-,-,3,-,-,-,-,-,-,-,-,-,-,-,-,-,-,-,-,-,-,-,-,-,-,-,-,-,-,-,-,-,-,-,-,-,-,-,-,-,-,-,-,-,-,-,-,-,-,-,-,-,-,-,-,-,-,-,-,-,-,-,-,-,-,-,-,-,-,-,-,-,-,-,-,-,-,-,-,16.0,-,-,Info,"3,092","6,904",{a68ca8b7-004f-d7b6-a698-07e2de0f1f5d},Microsoft-Windows-Kernel-General,929.0,None,NT AUTHORITY,S-1-5-18,SYSTEM,User,-,-,-,-
437,"Oct 25, 2022 @ 04:26:21.909",DESKTOP-32EH6N8,None,1003,-,-,Microsoft-Windows-Security-SPP,-,-,-,-,-,-,-,-,-,-,x86_64,DESKTOP-32EH6N8,45429efd-c10a-4299-8a01-8a10b0cbf1b8,"fe80::7959:555c:b4f7:82d3, 192.168.170.20, fe80::f415:e770:257d:42d7, 169.254.66.215","00:0c:29:6e:f6:d9, f8:89:d2:da:70:74",DESKTOP-32EH6N8,19044.1288,windows,10.0.19041.1288 (WinBuild.160101.0800),Windows 10 Pro,Windows 10 Pro,windows,windows,10.0,information,"The Software Protection service has completed licensing status check.
Application Id=55c92734-d682-4d71-983e-d6ec3f16059f
Licensing Status=
1: 040fa323-92b1-4baf-97a2-5b67feaefddb, 1, 0 [(0 [0xC004F014, 0, 0], [(?)(?)(?)(?)(?)(?)(?)(?)])(1 )(2 )(3 )]
2: 0724cb7d-3437-4cb7-93cb-830375d0079d, 1, 0 [(0 [0xC004F014, 0, 0], [(?)(?)(?)(?)(?)(?)(?)(?)])(1 )(2 )(3 )]
3: 0ad2ac98-7bb9-4201-8d92-312299201369, 1, 0 [(0 [0xC004F014, 0, 0], [(?)(?)(?)(?)(?)(?)(?)(?)])(1 )(2 )(3 )]
4: 1a9a717a-cf13-4ba5-83c3-0fe25fa868d5, 1, 0 [(0 [0xC004F014, 0, 0], [(?)(?)(?)(?)(?)(?)(?)(?)])(1 )(2 )(3 )]
5: 221a02da-e2a1-4b75-864c-0a4410a33fdf, 1, 0 [(0 [0xC004F014, 0, 0], [(?)(?)(?)(?)(?)(?)(?)(?)])(1 )(2 )(3 )]
6: 291ece0e-9c38-40ca-a9e1-32cc7ec19507, 1, 0 [(0 [0xC004F014, 0, 0], [(?)(?)(?)(?)(?)(?)(?)(?)])(1 )(2 )(3 )]
7: 2936d1d2-913a-4542-b54e-ce5a602a2a38, 1, 0 [(0 [0xC004F014, 0, 0], [(?)(?)(?)(?)(?)(?)(?)(?)])(1 )(2 )(3 )]
8: 2c293c26-a45a-4a2a-a350-c69a67097529, 1, 0 [(0 [0xC004F014, 0, 0], [(?)(?)(?)(?)(?)(?)(?)(?)])(1 )(2 )(3 )]
9: 2de67392-b7a7-462a-b1ca-108dd189f588, 1, 0 [(0 [0xC004F014, 0, 0], [(?)(?)(?)(?)(?)(?)(?)(?)])(1 )(2 )(3 )]
10: 2ffd8952-423e-4903-b993-72a1aa44cf82, 1, 0 [(0 [0xC004F014, 0, 0], [(?)(?)(?)(?)(?)(?)(?)(?)])(1 )(2 )(3 )]
11: 30a42c86-b7a0-4a34-8c90-ff177cb2acb7, 1, 0 [(0 [0xC004F014, 0, 0], [(?)(?)(?)(?)(?)(?)(?)(?)])(1 )(2 )(3 )]
12: 345a5db0-d94f-4e3b-a0c0-7c42f7bc3ebf, 1, 0 [(0 [0xC004F014, 0, 0], [(?)(?)(?)(?)(?)(?)(?)(?)])(1 )(2 )(3 )]
13: 3502365a-f88a-4ba4-822a-5769d3073b65, 1, 0 [(0 [0xC004F014, 0, 0], [(?)(?)(?)(?)(?)(?)(?)(?)])(1 )(2 )(3 )]
14: 377333b1-8b5d-48d6-9679-1225c872d37c, 1, 0 [(0 [0xC004F014, 0, 0], [(?)(?)(?)(?)(?)(?)(?)(?)])(1 )(2 )(3 )]
15: 3df374ef-d444-4494-a5a1-4b0d9fd0e203, 1, 0 [(0 [0xC004F014, 0, 0], [(?)(?)(?)(?)(?)(?)(?)(?)])(1 )(2 )(3 )]
16: 3f1afc82-f8ac-4f6c-8005-1d233e606eee, 1, 0 [(0 [0xC004F014, 0, 0], [(?)(?)(?)(?)(?)(?)(?)(?)])(1 )(2 )(3 )]
17: 49cd895b-53b2-4dc4-a5f7-b18aa019ad37, 1, 0 [(0 [0xC004F014, 0, 0], [(?)(?)(?)(?)(?)(?)(?)(?)])(1 )(2 )(3 )]
18: 4de7cb65-cdf1-4de9-8ae8-e3cce27b9f2c, 1, 1 [(0 )(1 )(2 [0xC004E003, 0, 0], [( 1 0xC004F034)( 1 0xC004F034)(?)(?)(?)(?)(?)(?)])(3 [0x00000000, 0, 0], [( 6 0xC004F009 0 0)( 1 0x00000000)( 6 0xC004F009 0 0)(?)(?)(?)( 10 0x00000000 msft:rm/algorithm/flags/1.0)( 11 0x00000000 0xC004F034)])]
19: 4f3da0d2-271d-4508-ae81-626b60809a38, 1, 0 [(0 [0xC004F014, 0, 0], [(?)(?)(?)(?)(?)(?)(?)(?)])(1 )(2 )(3 )]
20: 60b3ec1b-9545-4921-821f-311b129dd6f6, 1, 0 [(0 [0xC004F014, 0, 0], [(?)(?)(?)(?)(?)(?)(?)(?)])(1 )(2 )(3 )]
21: 613d217f-7f13-4268-9907-1662339531cd, 1, 0 [(0 [0xC004F014, 0, 0], [(?)(?)(?)(?)(?)(?)(?)(?)])(1 )(2 )(3 )]
22: 62f0c100-9c53-4e02-b886-a3528ddfe7f6, 1, 0 [(0 [0xC004F014, 0, 0], [(?)(?)(?)(?)(?)(?)(?)(?)])(1 )(2 )(3 )]
23: 6365275e-368d-46ca-a0ef-fc0404119333, 1, 0 [(0 [0xC004F014, 0, 0], [(?)(?)(?)(?)(?)(?)(?)(?)])(1 )(2 )(3 )]
24: 721f9237-9341-4453-a661-09e8baa6cca5, 1, 0 [(0 [0xC004F014, 0, 0], [(?)(?)(?)(?)(?)(?)(?)(?)])(1 )(2 )(3 )]
25: 73111121-5638-40f6-bc11-f1d7b0d64300, 1, 0 [(0 [0xC004F014, 0, 0], [(?)(?)(?)(?)(?)(?)(?)(?)])(1 )(2 )(3 )]
26: 7a802526-4c94-4bd1-ba14-835a1aca2120, 1, 0 [(0 [0xC004F014, 0, 0], [(?)(?)(?)(?)(?)(?)(?)(?)])(1 )(2 )(3 )]
27: 7cb546c0-c7d5-44d8-9a5c-69ecdd782b69, 1, 0 [(0 [0xC004F014, 0, 0], [(?)(?)(?)(?)(?)(?)(?)(?)])(1 )(2 )(3 )]
28: 82bbc092-bc50-4e16-8e18-b74fc486aec3, 1, 0 [(0 [0xC004F014, 0, 0], [(?)(?)(?)(?)(?)(?)(?)(?)])(1 )(2 )(3 )]
29: 8ab9bdd1-1f67-4997-82d9-8878520837d9, 1, 0 [(0 [0xC004F014, 0, 0], [(?)(?)(?)(?)(?)(?)(?)(?)])(1 )(2 )(3 )]
30: 8b351c9c-f398-4515-9900-09df49427262, 1, 0 [(0 [0xC004F014, 0, 0], [(?)(?)(?)(?)(?)(?)(?)(?)])(1 )(2 )(3 )]
31: 90da7373-1c51-430b-bf26-c97e9c5cdc31, 1, 0 [(0 [0xC004F014, 0, 0], [(?)(?)(?)(?)(?)(?)(?)(?)])(1 )(2 )(3 )]
32: 95dca82f-385d-4d39-b85b-5c73fa285d6f, 1, 0 [(0 [0xC004F014, 0, 0], [(?)(?)(?)(?)(?)(?)(?)(?)])(1 )(2 )(3 )]
33: a48938aa-62fa-4966-9d44-9f04da3f72f2, 1, 0 [(0 [0xC004F014, 0, 0], [(?)(?)(?)(?)(?)(?)(?)(?)])(1 )(2 )(3 )]
34: b0773a15-df3a-4312-9ad2-83d69648e356, 1, 0 [(0 [0xC004F014, 0, 0], [(?)(?)(?)(?)(?)(?)(?)(?)])(1 )(2 )(3 )]
35: b4bfe195-541e-4e64-ad23-6177f19e395e, 1, 0 [(0 [0xC004F014, 0, 0], [(?)(?)(?)(?)(?)(?)(?)(?)])(1 )(2 )(3 )]
36: b68e61d2-68ca-4757-be45-0cc2f3e68eee, 1, 0 [(0 [0xC004F014, 0, 0], [(?)(?)(?)(?)(?)(?)(?)(?)])(1 )(2 )(3 )]
37: bd3762d7-270d-4760-8fb3-d829ca45278a, 1, 0 [(0 [0xC004F014, 0, 0], [(?)(?)(?)(?)(?)(?)(?)(?)])(1 )(2 )(3 )]
38: c86d5194-4840-4dae-9c1c-0301003a5ab0, 1, 0 [(0 [0xC004F014, 0, 0], [(?)(?)(?)(?)(?)(?)(?)(?)])(1 )(2 )(3 )]
39: d552befb-48cc-4327-8f39-47d2d94f987c, 1, 0 [(0 [0xC004F014, 0, 0], [(?)(?)(?)(?)(?)(?)(?)(?)])(1 )(2 )(3 )]
40: d6eadb3b-5ca8-4a6b-986e-35b550756111, 1, 0 [(0 [0xC004F014, 0, 0], [(?)(?)(?)(?)(?)(?)(?)(?)])(1 )(2 )(3 )]
41: df96023b-dcd9-4be2-afa0-c6c871159ebe, 1, 0 [(0 [0xC004F014, 0, 0], [(?)(?)(?)(?)(?)(?)(?)(?)])(1 )(2 )(3 )]
42: e0c42288-980c-4788-a014-c080d2e1926e, 1, 0 [(0 [0xC004F014, 0, 0], [(?)(?)(?)(?)(?)(?)(?)(?)])(1 )(2 )(3 )]
43: e4db50ea-bda1-4566-b047-0ca50abc6f07, 1, 0 [(0 [0xC004F014, 0, 0], [(?)(?)(?)(?)(?)(?)(?)(?)])(1 )(2 )(3 )]
44: e558417a-5123-4f6f-91e7-385c1c7ca9d4, 1, 0 [(0 [0xC004F014, 0, 0], [(?)(?)(?)(?)(?)(?)(?)(?)])(1 )(2 )(3 )]
45: e7a950a2-e548-4f10-bf16-02ec848e0643, 1, 0 [(0 [0xC004F014, 0, 0], [(?)(?)(?)(?)(?)(?)(?)(?)])(1 )(2 )(3 )]
46: eb6d346f-1c60-4643-b960-40ec31596c45, 1, 0 [(0 [0xC004F014, 0, 0], [(?)(?)(?)(?)(?)(?)(?)(?)])(1 )(2 )(3 )]
47: ec868e65-fadf-4759-b23e-93fe37f2cc29, 1, 0 [(0 [0xC004F014, 0, 0], [(?)(?)(?)(?)(?)(?)(?)(?)])(1 )(2 )(3 )]
48: ef51e000-2659-4f25-8345-3de70a9cf4c4, 1, 0 [(0 [0xC004F014, 0, 0], [(?)(?)(?)(?)(?)(?)(?)(?)])(1 )(2 )(3 )]
49: f7af7d09-40e4-419c-a49b-eae366689ebd, 1, 0 [(0 [0xC004F014, 0, 0], [(?)(?)(?)(?)(?)(?)(?)(?)])(1 )(2 )(3 )]
50: fa755fe6-6739-40b9-8d84-6d0ea3b6d1ab, 1, 0 [(0 [0xC004F014, 0, 0], [(?)(?)(?)(?)(?)(?)(?)(?)])(1 )(2 )(3 )]
51: fe74f55b-0338-41d6-b267-4a201abe7285, 1, 0 [(0 [0xC004F014, 0, 0], [(?)(?)(?)(?)(?)(?)(?)(?)])(1 )(2 )(3 )]",-,-,-,-,-,-,-,-,-,-,-,-,-,-,-,-,-,-,-,-,-,-,-,-,-,-,-,-,-,-,-,-,-,-,-,-,-,-,-,-,-,-,-,-,-,-,-,-,-,wineventlog,Application,DESKTOP-32EH6N8,-,-,-,-,-,-,-,-,-,-,-,-,-,-,-,-,-,-,-,-,-,-,-,-,-,-,-,-,-,-,-,-,-,-,-,-,-,-,-,-,-,-,-,-,-,-,-,-,-,-,-,-,-,-,-,-,-,-,-,-,-,-,-,-,-,-,-,-,-,-,-,-,-,-,-,-,-,-,-,-,-,-,-,55c92734-d682-4d71-983e-d6ec3f16059f,-,-,-,-,-,"
1: 040fa323-92b1-4baf-97a2-5b67feaefddb, 1, 0 [(0 [0xC004F014, 0, 0], [(?)(?)(?)(?)(?)(?)(?)(?)])(1 )(2 )(3 )]
2: 0724cb7d-3437-4cb7-93cb-830375d0079d, 1, 0 [(0 [0xC004F014, 0, 0], [(?)(?)(?)(?)(?)(?)(?)(?)])(1 )(2 )(3 )]
3: 0ad2ac98-7bb9-4201-8d92-312299201369, 1, 0 [(0 [0xC004F014, 0, 0], [(?)(?)(?)(?)(?)(?)(?)(?)])(1 )(2 )(3 )]
4: 1a9a717a-cf13-4ba5-83c3-0fe25fa868d5, 1, 0 [(0 [0xC004F014, 0, 0], [(?)(?)(?)(?)(?)(?)(?)(?)])(1 )(2 )(3 )]
5: 221a02da-e2a1-4b75-864c-0a4410a33fdf, 1, 0 [(0 [0xC004F014, 0, 0], [(?)(?)(?)(?)(?)(?)(?)(?)])(1 )(2 )(3 )]
6: 291ece0e-9c38-40ca-a9e1-32cc7ec19507, 1, 0 [(0 [0xC004F014, 0, 0], [(?)(?)(?)(?)(?)(?)(?)(?)])(1 )(2 )(3 )]
7: 2936d1d2-913a-4542-b54e-ce5a602a2a38, 1, 0 [(0 [0xC004F014, 0, 0], [(?)(?)(?)(?)(?)(?)(?)(?)])(1 )(2 )(3 )]
8: 2c293c26-a45a-4a2a-a350-c69a67097529, 1, 0 [(0 [0xC004F014, 0, 0], [(?)(?)(?)(?)(?)(?)(?)(?)])(1 )(2 )(3 )]
9: 2de67392-b7a7-462a-b1ca-108dd189f588, 1, 0 [(0 [0xC004F014, 0, 0], [(?)(?)(?)(?)(?)(?)(?)(?)])(1 )(2 )(3 )]
10: 2ffd8952-423e-4903-b993-72a1aa44cf82, 1, 0 [(0 [0xC004F014, 0, 0], [(?)(?)(?)(?)(?)(?)(?)(?)])(1 )(2 )(3 )]
11: 30a42c86-b7a0-4a34-8c90-ff177cb2acb7, 1, 0 [(0 [0xC004F014, 0, 0], [(?)(?)(?)(?)(?)(?)(?)(?)])(1 )(2 )(3 )]
12: 345a5db0-d94f-4e3b-a0c0-7c42f7bc3ebf, 1, 0 [(0 [0xC004F014, 0, 0], [(?)(?)(?)(?)(?)(?)(?)(?)])(1 )(2 )(3 )]
13: 3502365a-f88a-4ba4-822a-5769d3073b65, 1, 0 [(0 [0xC004F014, 0, 0], [(?)(?)(?)(?)(?)(?)(?)(?)])(1 )(2 )(3 )]
14: 377333b1-8b5d-48d6-9679-1225c872d37c, 1, 0 [(0 [0xC004F014, 0, 0], [(?)(?)(?)(?)(?)(?)(?)(?)])(1 )(2 )(3 )]
15: 3df374ef-d444-4494-a5a1-4b0d9fd0e203, 1, 0 [(0 [0xC004F014, 0, 0], [(?)(?)(?)(?)(?)(?)(?)(?)])(1 )(2 )(3 )]
16: 3f1afc82-f8ac-4f6c-8005-1d233e606eee, 1, 0 [(0 [0xC004F014, 0, 0], [(?)(?)(?)(?)(?)(?)(?)(?)])(1 )(2 )(3 )]
17: 49cd895b-53b2-4dc4-a5f7-b18aa019ad37, 1, 0 [(0 [0xC004F014, 0, 0], [(?)(?)(?)(?)(?)(?)(?)(?)])(1 )(2 )(3 )]
18: 4de7cb65-cdf1-4de9-8ae8-e3cce27b9f2c, 1, 1 [(0 )(1 )(2 [0xC004E003, 0, 0], [( 1 0xC004F034)( 1 0xC004F034)(?)(?)(?)(?)(?)(?)])(3 [0x00000000, 0, 0], [( 6 0xC004F009 0 0)( 1 0x00000000)( 6 0xC004F009 0 0)(?)(?)(?)( 10 0x00000000 msft:rm/algorithm/flags/1.0)( 11 0x00000000 0xC004F034)])]
19: 4f3da0d2-271d-4508-ae81-626b60809a38, 1, 0 [(0 [0xC004F014, 0, 0], [(?)(?)(?)(?)(?)(?)(?)(?)])(1 )(2 )(3 )]
20: 60b3ec1b-9545-4921-821f-311b129dd6f6, 1, 0 [(0 [0xC004F014, 0, 0], [(?)(?)(?)(?)(?)(?)(?)(?)])(1 )(2 )(3 )]
21: 613d217f-7f13-4268-9907-1662339531cd, 1, 0 [(0 [0xC004F014, 0, 0], [(?)(?)(?)(?)(?)(?)(?)(?)])(1 )(2 )(3 )]
22: 62f0c100-9c53-4e02-b886-a3528ddfe7f6, 1, 0 [(0 [0xC004F014, 0, 0], [(?)(?)(?)(?)(?)(?)(?)(?)])(1 )(2 )(3 )]
23: 6365275e-368d-46ca-a0ef-fc0404119333, 1, 0 [(0 [0xC004F014, 0, 0], [(?)(?)(?)(?)(?)(?)(?)(?)])(1 )(2 )(3 )]
24: 721f9237-9341-4453-a661-09e8baa6cca5, 1, 0 [(0 [0xC004F014, 0, 0], [(?)(?)(?)(?)(?)(?)(?)(?)])(1 )(2 )(3 )]
25: 73111121-5638-40f6-bc11-f1d7b0d64300, 1, 0 [(0 [0xC004F014, 0, 0], [(?)(?)(?)(?)(?)(?)(?)(?)])(1 )(2 )(3 )]
26: 7a802526-4c94-4bd1-ba14-835a1aca2120, 1, 0 [(0 [0xC004F014, 0, 0], [(?)(?)(?)(?)(?)(?)(?)(?)])(1 )(2 )(3 )]
27: 7cb546c0-c7d5-44d8-9a5c-69ecdd782b69, 1, 0 [(0 [0xC004F014, 0, 0], [(?)(?)(?)(?)(?)(?)(?)(?)])(1 )(2 )(3 )]
28: 82bbc092-bc50-4e16-8e18-b74fc486aec3, 1, 0 [(0 [0xC004F014, 0, 0], [(?)(?)(?)(?)(?)(?)(?)(?)])(1 )(2 )(3 )]
29: 8ab9bdd1-1f67-4997-82d9-8878520837d9, 1, 0 [(0 [0xC004F014, 0, 0], [(?)(?)(?)(?)(?)(?)(?)(?)])(1 )(2 )(3 )]
30: 8b351c9c-f398-4515-9900-09df49427262, 1, 0 [(0 [0xC004F014, 0, 0], [(?)(?)(?)(?)(?)(?)(?)(?)])(1 )(2 )(3 )]
31: 90da7373-1c51-430b-bf26-c97e9c5cdc31, 1, 0 [(0 [0xC004F014, 0, 0], [(?)(?)(?)(?)(?)(?)(?)(?)])(1 )(2 )(3 )]
32: 95dca82f-385d-4d39-b85b-5c73fa285d6f, 1, 0 [(0 [0xC004F014, 0, 0], [(?)(?)(?)(?)(?)(?)(?)(?)])(1 )(2 )(3 )]
33: a48938aa-62fa-4966-9d44-9f04da3f72f2, 1, 0 [(0 [0xC004F014, 0, 0], [(?)(?)(?)(?)(?)(?)(?)(?)])(1 )(2 )(3 )]
34: b0773a15-df3a-4312-9ad2-83d69648e356, 1, 0 [(0 [0xC004F014, 0, 0], [(?)(?)(?)(?)(?)(?)(?)(?)])(1 )(2 )(3 )]
35: b4bfe195-541e-4e64-ad23-6177f19e395e, 1, 0 [(0 [0xC004F014, 0, 0], [(?)(?)(?)(?)(?)(?)(?)(?)])(1 )(2 )(3 )]
36: b68e61d2-68ca-4757-be45-0cc2f3e68eee, 1, 0 [(0 [0xC004F014, 0, 0], [(?)(?)(?)(?)(?)(?)(?)(?)])(1 )(2 )(3 )]
37: bd3762d7-270d-4760-8fb3-d829ca45278a, 1, 0 [(0 [0xC004F014, 0, 0], [(?)(?)(?)(?)(?)(?)(?)(?)])(1 )(2 )(3 )]
38: c86d5194-4840-4dae-9c1c-0301003a5ab0, 1, 0 [(0 [0xC004F014, 0, 0], [(?)(?)(?)(?)(?)(?)(?)(?)])(1 )(2 )(3 )]
39: d552befb-48cc-4327-8f39-47d2d94f987c, 1, 0 [(0 [0xC004F014, 0, 0], [(?)(?)(?)(?)(?)(?)(?)(?)])(1 )(2 )(3 )]
40: d6eadb3b-5ca8-4a6b-986e-35b550756111, 1, 0 [(0 [0xC004F014, 0, 0], [(?)(?)(?)(?)(?)(?)(?)(?)])(1 )(2 )(3 )]
41: df96023b-dcd9-4be2-afa0-c6c871159ebe, 1, 0 [(0 [0xC004F014, 0, 0], [(?)(?)(?)(?)(?)(?)(?)(?)])(1 )(2 )(3 )]
42: e0c42288-980c-4788-a014-c080d2e1926e, 1, 0 [(0 [0xC004F014, 0, 0], [(?)(?)(?)(?)(?)(?)(?)(?)])(1 )(2 )(3 )]
43: e4db50ea-bda1-4566-b047-0ca50abc6f07, 1, 0 [(0 [0xC004F014, 0, 0], [(?)(?)(?)(?)(?)(?)(?)(?)])(1 )(2 )(3 )]
44: e558417a-5123-4f6f-91e7-385c1c7ca9d4, 1, 0 [(0 [0xC004F014, 0, 0], [(?)(?)(?)(?)(?)(?)(?)(?)])(1 )(2 )(3 )]
45: e7a950a2-e548-4f10-bf16-02ec848e0643, 1, 0 [(0 [0xC004F014, 0, 0], [(?)(?)(?)(?)(?)(?)(?)(?)])(1 )(2 )(3 )]
46: eb6d346f-1c60-4643-b960-40ec31596c45, 1, 0 [(0 [0xC004F014, 0, 0], [(?)(?)(?)(?)(?)(?)(?)(?)])(1 )(2 )(3 )]
47: ec868e65-fadf-4759-b23e-93fe37f2cc29, 1, 0 [(0 [0xC004F014, 0, 0], [(?)(?)(?)(?)(?)(?)(?)(?)])(1 )(2 )(3 )]
48: ef51e000-2659-4f25-8345-3de70a9cf4c4, 1, 0 [(0 [0xC004F014, 0, 0], [(?)(?)(?)(?)(?)(?)(?)(?)])(1 )(2 )(3 )]
49: f7af7d09-40e4-419c-a49b-eae366689ebd, 1, 0 [(0 [0xC004F014, 0, 0], [(?)(?)(?)(?)(?)(?)(?)(?)])(1 )(2 )(3 )]
50: fa755fe6-6739-40b9-8d84-6d0ea3b6d1ab, 1, 0 [(0 [0xC004F014, 0, 0], [(?)(?)(?)(?)(?)(?)(?)(?)])(1 )(2 )(3 )]
51: fe74f55b-0338-41d6-b267-4a201abe7285, 1, 0 [(0 [0xC004F014, 0, 0], [(?)(?)(?)(?)(?)(?)(?)(?)])(1 )(2 )(3 )]",-,-,-,-,-,-,-,-,-,-,-,-,-,-,-,1003.0,-,-,Info,-,-,{E23B33B0-C8C9-472C-A5F9-F2BDFEA0F156},Microsoft-Windows-Security-SPP,563.0,None,-,-,-,-,-,-,-,-
438,"Oct 25, 2022 @ 04:26:21.608",DESKTOP-32EH6N8,group-membership-enumerated,4798,security,success,Microsoft-Windows-Security-Auditing,-,"user, info",-,-,-,-,-,-,-,-,x86_64,DESKTOP-32EH6N8,45429efd-c10a-4299-8a01-8a10b0cbf1b8,"fe80::7959:555c:b4f7:82d3, 192.168.170.20, fe80::f415:e770:257d:42d7, 169.254.66.215","00:0c:29:6e:f6:d9, f8:89:d2:da:70:74",DESKTOP-32EH6N8,19044.1288,windows,10.0.19041.1288 (WinBuild.160101.0800),Windows 10 Pro,Windows 10 Pro,windows,windows,10.0,information,"A user's local group membership was enumerated.

Subject:
	Security ID:		S-1-5-21-1431998111-292960839-2456834407-1001
	Account Name:		zhongli
	Account Domain:		DESKTOP-32EH6N8
	Logon ID:		0xDCF07B

User:
	Security ID:		S-1-5-21-1431998111-292960839-2456834407-1001
	Account Name:		zhongli
	Account Domain:		DESKTOP-32EH6N8

Process Information:
	Process ID:		0x1854
	Process Name:		C:\Windows\explorer.exe",-,-,-,-,-,-,-,-,-,-,-,-,-,-,-,-,-,-,-,-,-,-,-,-,-,-,-,-,-,-,-,-,-,zhongli,-,-,-,DESKTOP-32EH6N8,-,-,-,S-1-5-21-1431998111-292960839-2456834407-1001,zhongli,zhongli,DESKTOP-32EH6N8,S-1-5-21-1431998111-292960839-2456834407-1001,zhongli,zhongli,{96d05236-e7e2-0002-7b52-d096e2e7d801},wineventlog,Security,DESKTOP-32EH6N8,-,-,-,-,0x1854,C:\Windows\explorer.exe,-,-,-,-,-,-,-,-,-,-,-,-,-,-,-,-,-,-,-,-,-,-,-,-,-,-,-,-,-,-,-,-,-,-,-,-,-,-,-,-,-,-,-,-,-,-,-,-,-,-,-,DESKTOP-32EH6N8,0xdcf07b,zhongli,S-1-5-21-1431998111-292960839-2456834407-1001,-,DESKTOP-32EH6N8,-,-,-,-,-,-,-,-,S-1-5-21-1431998111-292960839-2456834407-1001,zhongli,-,-,-,-,-,-,-,-,-,-,-,-,-,-,-,-,-,-,-,-,-,-,-,-,-,-,-,-,-,-,-,-,4798.0,0xdcf07b,-,Info,776,"7,152",{54849625-5478-4994-a5ba-3e3b0328c30d},Microsoft-Windows-Security-Auditing,2449.0,User Account Management,-,-,-,-,-,-,-,-
439,"Oct 25, 2022 @ 04:26:21.276",DESKTOP-32EH6N8,None,10016,-,-,Microsoft-Windows-DistributedCOM,-,-,-,-,-,-,-,-,-,-,x86_64,DESKTOP-32EH6N8,45429efd-c10a-4299-8a01-8a10b0cbf1b8,"fe80::7959:555c:b4f7:82d3, 192.168.170.20, fe80::f415:e770:257d:42d7, 169.254.66.215","00:0c:29:6e:f6:d9, f8:89:d2:da:70:74",DESKTOP-32EH6N8,19044.1288,windows,10.0.19041.1288 (WinBuild.160101.0800),Windows 10 Pro,Windows 10 Pro,windows,windows,10.0,warning,"The application-specific permission settings do not grant Local Activation permission for the COM Server application with CLSID 
{6B3B8D23-FA8D-40B9-8DBD-B950333E2C52}
 and APPID 
{4839DDB7-58C2-48F5-8283-E1D1807D0D7D}
 to the user NT AUTHORITY\LOCAL SERVICE SID (S-1-5-19) from address LocalHost (Using LRPC) running in the application container Unavailable SID (Unavailable). This security permission can be modified using the Component Services administrative tool.",-,-,-,-,-,-,-,-,-,-,-,-,-,-,-,-,-,-,-,-,-,-,-,-,-,-,-,-,-,-,-,-,-,-,-,-,-,-,-,-,-,-,-,-,-,-,-,-,{bd2bf743-d7e3-4d93-ab21-ffb2377d1d78},wineventlog,System,DESKTOP-32EH6N8,-,-,-,-,-,-,-,-,-,-,-,-,-,-,-,-,-,-,-,-,-,-,-,-,-,-,-,-,-,-,-,-,-,-,-,-,-,-,-,-,-,-,-,-,-,-,-,-,-,-,-,-,-,-,-,-,-,-,-,-,-,-,-,-,-,-,-,-,-,-,-,-,-,-,-,-,-,-,-,-,-,-,-,application-specific,Unavailable,Unavailable,-,-,-,Local,-,-,-,-,Activation,{6B3B8D23-FA8D-40B9-8DBD-B950333E2C52},{4839DDB7-58C2-48F5-8283-E1D1807D0D7D},NT AUTHORITY,LOCAL SERVICE,S-1-5-19,LocalHost (Using LRPC),-,-,-,-,10016.0,-,-,Info,"1,020","9,732",{1B562E86-B7AA-4131-BADC-B6F3A001407E},Microsoft-Windows-DistributedCOM,927.0,None,NT AUTHORITY,S-1-5-19,LOCAL SERVICE,Well Known Group,-,-,-,-
440,"Oct 25, 2022 @ 04:26:21.276",DESKTOP-32EH6N8,None,10016,-,-,Microsoft-Windows-DistributedCOM,-,-,-,-,-,-,-,-,-,-,x86_64,DESKTOP-32EH6N8,45429efd-c10a-4299-8a01-8a10b0cbf1b8,"fe80::7959:555c:b4f7:82d3, 192.168.170.20, fe80::f415:e770:257d:42d7, 169.254.66.215","00:0c:29:6e:f6:d9, f8:89:d2:da:70:74",DESKTOP-32EH6N8,19044.1288,windows,10.0.19041.1288 (WinBuild.160101.0800),Windows 10 Pro,Windows 10 Pro,windows,windows,10.0,warning,"The application-specific permission settings do not grant Local Activation permission for the COM Server application with CLSID 
{6B3B8D23-FA8D-40B9-8DBD-B950333E2C52}
 and APPID 
{4839DDB7-58C2-48F5-8283-E1D1807D0D7D}
 to the user NT AUTHORITY\LOCAL SERVICE SID (S-1-5-19) from address LocalHost (Using LRPC) running in the application container Unavailable SID (Unavailable). This security permission can be modified using the Component Services administrative tool.",-,-,-,-,-,-,-,-,-,-,-,-,-,-,-,-,-,-,-,-,-,-,-,-,-,-,-,-,-,-,-,-,-,-,-,-,-,-,-,-,-,-,-,-,-,-,-,-,{3c98b4e8-00ae-4a88-921f-aac821483e48},wineventlog,System,DESKTOP-32EH6N8,-,-,-,-,-,-,-,-,-,-,-,-,-,-,-,-,-,-,-,-,-,-,-,-,-,-,-,-,-,-,-,-,-,-,-,-,-,-,-,-,-,-,-,-,-,-,-,-,-,-,-,-,-,-,-,-,-,-,-,-,-,-,-,-,-,-,-,-,-,-,-,-,-,-,-,-,-,-,-,-,-,-,-,application-specific,Unavailable,Unavailable,-,-,-,Local,-,-,-,-,Activation,{6B3B8D23-FA8D-40B9-8DBD-B950333E2C52},{4839DDB7-58C2-48F5-8283-E1D1807D0D7D},NT AUTHORITY,LOCAL SERVICE,S-1-5-19,LocalHost (Using LRPC),-,-,-,-,10016.0,-,-,Info,"1,020","1,548",{1B562E86-B7AA-4131-BADC-B6F3A001407E},Microsoft-Windows-DistributedCOM,928.0,None,NT AUTHORITY,S-1-5-19,LOCAL SERVICE,Well Known Group,-,-,-,-
