"Oct 25, 2022 @ 04:30:49.658","_NroDoQBvD32VbPe22k2",".ds-winlogbeat-8.4.3-2022.10.25-000001","-","a5ecbc19-8015-415f-b934-e32147ae0adb","DESKTOP-32EH6N8","1fb453eb-3944-4767-b034-7e48a04dea76","DESKTOP-32EH6N8",winlogbeat,"8.4.3","1.12.0","audit-setting-changed","iam, configuration",4907,"Oct 25, 2022 @ 04:30:50.647","Oct 25, 2022 @ 04:30:52.335",event,security,success,"Microsoft-Windows-Security-Auditing","-","admin, change","-","-","-","-","-","-","-","-","x86_64","DESKTOP-32EH6N8","45429efd-c10a-4299-8a01-8a10b0cbf1b8","fe80::7959:555c:b4f7:82d3, 192.168.170.20, fe80::f415:e770:257d:42d7, 169.254.66.215","00:0c:29:6e:f6:d9, f8:89:d2:da:70:74","DESKTOP-32EH6N8","19044.1288",windows,"10.0.19041.1288 (WinBuild.160101.0800)","Windows 10 Pro","Windows 10 Pro",windows,windows,"10.0",information,"Auditing settings on object were changed.

Subject:
	Security ID:		S-1-5-18
	Account Name:		DESKTOP-32EH6N8$
	Account Domain:		WORKGROUP
	Logon ID:		0x3E7

Object:
	Object Server:	Security
	Object Type:	File
	Object Name:	C:\Windows\WinSxS\FileMaps\$$_microsoft.net_assembly_gac_msil_system.web.applicationservices_v4.0_4.0.0.0_31bf3856ad364e35_68ccda43ca2f1ddf.cdf-ms
	Handle ID:	0xdbc

Process Information:
	Process ID:	0x7a0
	Process Name:	C:\Windows\WinSxS\amd64_microsoft-windows-servicingstack_31bf3856ad364e35_10.0.19041.1220_none_7e21bc567c7ed16b\TiWorker.exe

Auditing Settings:
	Original Security Descriptor:	
	New Security Descriptor:		S:ARAI(AU;SAFA;0x1f0116;;;WD)","-","-","-","-","-","-","-","-","-","-","-","-","-","-","-","-","-","-","-","-","-","-","-","-","-","C:\Windows\WinSxS\amd64_microsoft-windows-servicingstack_31bf3856ad364e35_10.0.19041.1220_none_7e21bc567c7ed16b\TiWorker.exe","C:\Windows\WinSxS\amd64_microsoft-windows-servicingstack_31bf3856ad364e35_10.0.19041.1220_none_7e21bc567c7ed16b\TiWorker.exe","TiWorker.exe","TiWorker.exe","1,952","-","-","-","DESKTOP-32EH6N8$","-","-","-",WORKGROUP,"-","-","-","S-1-5-18","DESKTOP-32EH6N8$","DESKTOP-32EH6N8$","-","-","-","-","-",wineventlog,Security,"DESKTOP-32EH6N8","-","-","-","-","-","-","-","-","-","-","-","-","-","-","-","-","-",0xdbc,"-","-","-","-","-","-","-","-","-","-","-","-","-","-","-","S:ARAI(AU;SAFA;0x1f0116;;;WD)","Everyone :System Audit ([Write Owner, Syncronize, Write DACL, Read Control, Delete])","-","C:\Windows\WinSxS\FileMaps\$$_microsoft.net_assembly_gac_msil_system.web.applicationservices_v4.0_4.0.0.0_31bf3856ad364e35_68ccda43ca2f1ddf.cdf-ms",Security,File,"-","-","-","-","-","-","-","-","-","-","-","-","-","-","-","-","-","-",WORKGROUP,0x3e7,"DESKTOP-32EH6N8$","S-1-5-18","-","-","-","-","-","-","-","-","-","-","-","-","-","-","-","-","-","-","-","-","-","-","-","-","-","-","-","-","-","-","-","-","-","-","-","-","-","-","-","-","-","-","-","-",4907,"Audit Success",0x3e7,"-",Info,4,480,"{54849625-5478-4994-a5ba-3e3b0328c30d}","Microsoft-Windows-Security-Auditing",2519,"Audit Policy Change","-","-","-","-","-","-","-","-"
"Oct 25, 2022 @ 04:30:49.655","-9roDoQBvD32VbPe22k2",".ds-winlogbeat-8.4.3-2022.10.25-000001","-","a5ecbc19-8015-415f-b934-e32147ae0adb","DESKTOP-32EH6N8","1fb453eb-3944-4767-b034-7e48a04dea76","DESKTOP-32EH6N8",winlogbeat,"8.4.3","1.12.0","audit-setting-changed","iam, configuration",4907,"Oct 25, 2022 @ 04:30:50.647","Oct 25, 2022 @ 04:30:52.335",event,security,success,"Microsoft-Windows-Security-Auditing","-","admin, change","-","-","-","-","-","-","-","-","x86_64","DESKTOP-32EH6N8","45429efd-c10a-4299-8a01-8a10b0cbf1b8","fe80::7959:555c:b4f7:82d3, 192.168.170.20, fe80::f415:e770:257d:42d7, 169.254.66.215","00:0c:29:6e:f6:d9, f8:89:d2:da:70:74","DESKTOP-32EH6N8","19044.1288",windows,"10.0.19041.1288 (WinBuild.160101.0800)","Windows 10 Pro","Windows 10 Pro",windows,windows,"10.0",information,"Auditing settings on object were changed.

Subject:
	Security ID:		S-1-5-18
	Account Name:		DESKTOP-32EH6N8$
	Account Domain:		WORKGROUP
	Logon ID:		0x3E7

Object:
	Object Server:	Security
	Object Type:	File
	Object Name:	C:\Windows\WinSxS\FileMaps\$$_microsoft.net_assembly_gac_msil_system.web.extensions_v4.0_4.0.0.0_31bf3856ad364e35_472dc08bcbe9e0cb.cdf-ms
	Handle ID:	0xaa0

Process Information:
	Process ID:	0x7a0
	Process Name:	C:\Windows\WinSxS\amd64_microsoft-windows-servicingstack_31bf3856ad364e35_10.0.19041.1220_none_7e21bc567c7ed16b\TiWorker.exe

Auditing Settings:
	Original Security Descriptor:	
	New Security Descriptor:		S:ARAI(AU;SAFA;0x1f0116;;;WD)","-","-","-","-","-","-","-","-","-","-","-","-","-","-","-","-","-","-","-","-","-","-","-","-","-","C:\Windows\WinSxS\amd64_microsoft-windows-servicingstack_31bf3856ad364e35_10.0.19041.1220_none_7e21bc567c7ed16b\TiWorker.exe","C:\Windows\WinSxS\amd64_microsoft-windows-servicingstack_31bf3856ad364e35_10.0.19041.1220_none_7e21bc567c7ed16b\TiWorker.exe","TiWorker.exe","TiWorker.exe","1,952","-","-","-","DESKTOP-32EH6N8$","-","-","-",WORKGROUP,"-","-","-","S-1-5-18","DESKTOP-32EH6N8$","DESKTOP-32EH6N8$","-","-","-","-","-",wineventlog,Security,"DESKTOP-32EH6N8","-","-","-","-","-","-","-","-","-","-","-","-","-","-","-","-","-",0xaa0,"-","-","-","-","-","-","-","-","-","-","-","-","-","-","-","S:ARAI(AU;SAFA;0x1f0116;;;WD)","Everyone :System Audit ([Write Owner, Syncronize, Write DACL, Read Control, Delete])","-","C:\Windows\WinSxS\FileMaps\$$_microsoft.net_assembly_gac_msil_system.web.extensions_v4.0_4.0.0.0_31bf3856ad364e35_472dc08bcbe9e0cb.cdf-ms",Security,File,"-","-","-","-","-","-","-","-","-","-","-","-","-","-","-","-","-","-",WORKGROUP,0x3e7,"DESKTOP-32EH6N8$","S-1-5-18","-","-","-","-","-","-","-","-","-","-","-","-","-","-","-","-","-","-","-","-","-","-","-","-","-","-","-","-","-","-","-","-","-","-","-","-","-","-","-","-","-","-","-","-",4907,"Audit Success",0x3e7,"-",Info,4,480,"{54849625-5478-4994-a5ba-3e3b0328c30d}","Microsoft-Windows-Security-Auditing",2518,"Audit Policy Change","-","-","-","-","-","-","-","-"
"Oct 25, 2022 @ 04:30:49.653","-troDoQBvD32VbPe22k2",".ds-winlogbeat-8.4.3-2022.10.25-000001","-","a5ecbc19-8015-415f-b934-e32147ae0adb","DESKTOP-32EH6N8","1fb453eb-3944-4767-b034-7e48a04dea76","DESKTOP-32EH6N8",winlogbeat,"8.4.3","1.12.0","audit-setting-changed","iam, configuration",4907,"Oct 25, 2022 @ 04:30:50.647","Oct 25, 2022 @ 04:30:52.335",event,security,success,"Microsoft-Windows-Security-Auditing","-","admin, change","-","-","-","-","-","-","-","-","x86_64","DESKTOP-32EH6N8","45429efd-c10a-4299-8a01-8a10b0cbf1b8","fe80::7959:555c:b4f7:82d3, 192.168.170.20, fe80::f415:e770:257d:42d7, 169.254.66.215","00:0c:29:6e:f6:d9, f8:89:d2:da:70:74","DESKTOP-32EH6N8","19044.1288",windows,"10.0.19041.1288 (WinBuild.160101.0800)","Windows 10 Pro","Windows 10 Pro",windows,windows,"10.0",information,"Auditing settings on object were changed.

Subject:
	Security ID:		S-1-5-18
	Account Name:		DESKTOP-32EH6N8$
	Account Domain:		WORKGROUP
	Logon ID:		0x3E7

Object:
	Object Server:	Security
	Object Type:	File
	Object Name:	C:\Windows\WinSxS\FileMaps\$$_microsoft.net_assembly_gac_msil_system.windows.controls.ribbon_v4.0_4.0.0.0_b77a5c561934e089_f0c023acb7bafe74.cdf-ms
	Handle ID:	0x970

Process Information:
	Process ID:	0x7a0
	Process Name:	C:\Windows\WinSxS\amd64_microsoft-windows-servicingstack_31bf3856ad364e35_10.0.19041.1220_none_7e21bc567c7ed16b\TiWorker.exe

Auditing Settings:
	Original Security Descriptor:	
	New Security Descriptor:		S:ARAI(AU;SAFA;0x1f0116;;;WD)","-","-","-","-","-","-","-","-","-","-","-","-","-","-","-","-","-","-","-","-","-","-","-","-","-","C:\Windows\WinSxS\amd64_microsoft-windows-servicingstack_31bf3856ad364e35_10.0.19041.1220_none_7e21bc567c7ed16b\TiWorker.exe","C:\Windows\WinSxS\amd64_microsoft-windows-servicingstack_31bf3856ad364e35_10.0.19041.1220_none_7e21bc567c7ed16b\TiWorker.exe","TiWorker.exe","TiWorker.exe","1,952","-","-","-","DESKTOP-32EH6N8$","-","-","-",WORKGROUP,"-","-","-","S-1-5-18","DESKTOP-32EH6N8$","DESKTOP-32EH6N8$","-","-","-","-","-",wineventlog,Security,"DESKTOP-32EH6N8","-","-","-","-","-","-","-","-","-","-","-","-","-","-","-","-","-",0x970,"-","-","-","-","-","-","-","-","-","-","-","-","-","-","-","S:ARAI(AU;SAFA;0x1f0116;;;WD)","Everyone :System Audit ([Write Owner, Syncronize, Write DACL, Read Control, Delete])","-","C:\Windows\WinSxS\FileMaps\$$_microsoft.net_assembly_gac_msil_system.windows.controls.ribbon_v4.0_4.0.0.0_b77a5c561934e089_f0c023acb7bafe74.cdf-ms",Security,File,"-","-","-","-","-","-","-","-","-","-","-","-","-","-","-","-","-","-",WORKGROUP,0x3e7,"DESKTOP-32EH6N8$","S-1-5-18","-","-","-","-","-","-","-","-","-","-","-","-","-","-","-","-","-","-","-","-","-","-","-","-","-","-","-","-","-","-","-","-","-","-","-","-","-","-","-","-","-","-","-","-",4907,"Audit Success",0x3e7,"-",Info,4,"6,884","{54849625-5478-4994-a5ba-3e3b0328c30d}","Microsoft-Windows-Security-Auditing",2517,"Audit Policy Change","-","-","-","-","-","-","-","-"
"Oct 25, 2022 @ 04:30:49.650","-droDoQBvD32VbPe22k2",".ds-winlogbeat-8.4.3-2022.10.25-000001","-","a5ecbc19-8015-415f-b934-e32147ae0adb","DESKTOP-32EH6N8","1fb453eb-3944-4767-b034-7e48a04dea76","DESKTOP-32EH6N8",winlogbeat,"8.4.3","1.12.0","audit-setting-changed","iam, configuration",4907,"Oct 25, 2022 @ 04:30:50.647","Oct 25, 2022 @ 04:30:52.335",event,security,success,"Microsoft-Windows-Security-Auditing","-","admin, change","-","-","-","-","-","-","-","-","x86_64","DESKTOP-32EH6N8","45429efd-c10a-4299-8a01-8a10b0cbf1b8","fe80::7959:555c:b4f7:82d3, 192.168.170.20, fe80::f415:e770:257d:42d7, 169.254.66.215","00:0c:29:6e:f6:d9, f8:89:d2:da:70:74","DESKTOP-32EH6N8","19044.1288",windows,"10.0.19041.1288 (WinBuild.160101.0800)","Windows 10 Pro","Windows 10 Pro",windows,windows,"10.0",information,"Auditing settings on object were changed.

Subject:
	Security ID:		S-1-5-18
	Account Name:		DESKTOP-32EH6N8$
	Account Domain:		WORKGROUP
	Logon ID:		0x3E7

Object:
	Object Server:	Security
	Object Type:	File
	Object Name:	C:\Windows\WinSxS\FileMaps\$$_microsoft.net_assembly_gac_msil_system.windows.forms_v4.0_4.0.0.0_b77a5c561934e089_7780f78ea9286b2d.cdf-ms
	Handle ID:	0xd70

Process Information:
	Process ID:	0x7a0
	Process Name:	C:\Windows\WinSxS\amd64_microsoft-windows-servicingstack_31bf3856ad364e35_10.0.19041.1220_none_7e21bc567c7ed16b\TiWorker.exe

Auditing Settings:
	Original Security Descriptor:	
	New Security Descriptor:		S:ARAI(AU;SAFA;0x1f0116;;;WD)","-","-","-","-","-","-","-","-","-","-","-","-","-","-","-","-","-","-","-","-","-","-","-","-","-","C:\Windows\WinSxS\amd64_microsoft-windows-servicingstack_31bf3856ad364e35_10.0.19041.1220_none_7e21bc567c7ed16b\TiWorker.exe","C:\Windows\WinSxS\amd64_microsoft-windows-servicingstack_31bf3856ad364e35_10.0.19041.1220_none_7e21bc567c7ed16b\TiWorker.exe","TiWorker.exe","TiWorker.exe","1,952","-","-","-","DESKTOP-32EH6N8$","-","-","-",WORKGROUP,"-","-","-","S-1-5-18","DESKTOP-32EH6N8$","DESKTOP-32EH6N8$","-","-","-","-","-",wineventlog,Security,"DESKTOP-32EH6N8","-","-","-","-","-","-","-","-","-","-","-","-","-","-","-","-","-",0xd70,"-","-","-","-","-","-","-","-","-","-","-","-","-","-","-","S:ARAI(AU;SAFA;0x1f0116;;;WD)","Everyone :System Audit ([Write Owner, Syncronize, Write DACL, Read Control, Delete])","-","C:\Windows\WinSxS\FileMaps\$$_microsoft.net_assembly_gac_msil_system.windows.forms_v4.0_4.0.0.0_b77a5c561934e089_7780f78ea9286b2d.cdf-ms",Security,File,"-","-","-","-","-","-","-","-","-","-","-","-","-","-","-","-","-","-",WORKGROUP,0x3e7,"DESKTOP-32EH6N8$","S-1-5-18","-","-","-","-","-","-","-","-","-","-","-","-","-","-","-","-","-","-","-","-","-","-","-","-","-","-","-","-","-","-","-","-","-","-","-","-","-","-","-","-","-","-","-","-",4907,"Audit Success",0x3e7,"-",Info,4,"6,884","{54849625-5478-4994-a5ba-3e3b0328c30d}","Microsoft-Windows-Security-Auditing",2516,"Audit Policy Change","-","-","-","-","-","-","-","-"
"Oct 25, 2022 @ 04:30:49.648","-NroDoQBvD32VbPe22k2",".ds-winlogbeat-8.4.3-2022.10.25-000001","-","a5ecbc19-8015-415f-b934-e32147ae0adb","DESKTOP-32EH6N8","1fb453eb-3944-4767-b034-7e48a04dea76","DESKTOP-32EH6N8",winlogbeat,"8.4.3","1.12.0","audit-setting-changed","iam, configuration",4907,"Oct 25, 2022 @ 04:30:50.647","Oct 25, 2022 @ 04:30:52.334",event,security,success,"Microsoft-Windows-Security-Auditing","-","admin, change","-","-","-","-","-","-","-","-","x86_64","DESKTOP-32EH6N8","45429efd-c10a-4299-8a01-8a10b0cbf1b8","fe80::7959:555c:b4f7:82d3, 192.168.170.20, fe80::f415:e770:257d:42d7, 169.254.66.215","00:0c:29:6e:f6:d9, f8:89:d2:da:70:74","DESKTOP-32EH6N8","19044.1288",windows,"10.0.19041.1288 (WinBuild.160101.0800)","Windows 10 Pro","Windows 10 Pro",windows,windows,"10.0",information,"Auditing settings on object were changed.

Subject:
	Security ID:		S-1-5-18
	Account Name:		DESKTOP-32EH6N8$
	Account Domain:		WORKGROUP
	Logon ID:		0x3E7

Object:
	Object Server:	Security
	Object Type:	File
	Object Name:	C:\Windows\WinSxS\FileMaps\$$_microsoft.net_assembly_gac_msil_system.xaml_v4.0_4.0.0.0_b77a5c561934e089_6747aba031bff5b1.cdf-ms
	Handle ID:	0xdbc

Process Information:
	Process ID:	0x7a0
	Process Name:	C:\Windows\WinSxS\amd64_microsoft-windows-servicingstack_31bf3856ad364e35_10.0.19041.1220_none_7e21bc567c7ed16b\TiWorker.exe

Auditing Settings:
	Original Security Descriptor:	
	New Security Descriptor:		S:ARAI(AU;SAFA;0x1f0116;;;WD)","-","-","-","-","-","-","-","-","-","-","-","-","-","-","-","-","-","-","-","-","-","-","-","-","-","C:\Windows\WinSxS\amd64_microsoft-windows-servicingstack_31bf3856ad364e35_10.0.19041.1220_none_7e21bc567c7ed16b\TiWorker.exe","C:\Windows\WinSxS\amd64_microsoft-windows-servicingstack_31bf3856ad364e35_10.0.19041.1220_none_7e21bc567c7ed16b\TiWorker.exe","TiWorker.exe","TiWorker.exe","1,952","-","-","-","DESKTOP-32EH6N8$","-","-","-",WORKGROUP,"-","-","-","S-1-5-18","DESKTOP-32EH6N8$","DESKTOP-32EH6N8$","-","-","-","-","-",wineventlog,Security,"DESKTOP-32EH6N8","-","-","-","-","-","-","-","-","-","-","-","-","-","-","-","-","-",0xdbc,"-","-","-","-","-","-","-","-","-","-","-","-","-","-","-","S:ARAI(AU;SAFA;0x1f0116;;;WD)","Everyone :System Audit ([Write Owner, Syncronize, Write DACL, Read Control, Delete])","-","C:\Windows\WinSxS\FileMaps\$$_microsoft.net_assembly_gac_msil_system.xaml_v4.0_4.0.0.0_b77a5c561934e089_6747aba031bff5b1.cdf-ms",Security,File,"-","-","-","-","-","-","-","-","-","-","-","-","-","-","-","-","-","-",WORKGROUP,0x3e7,"DESKTOP-32EH6N8$","S-1-5-18","-","-","-","-","-","-","-","-","-","-","-","-","-","-","-","-","-","-","-","-","-","-","-","-","-","-","-","-","-","-","-","-","-","-","-","-","-","-","-","-","-","-","-","-",4907,"Audit Success",0x3e7,"-",Info,4,"6,884","{54849625-5478-4994-a5ba-3e3b0328c30d}","Microsoft-Windows-Security-Auditing",2515,"Audit Policy Change","-","-","-","-","-","-","-","-"
"Oct 25, 2022 @ 04:30:49.646",99roDoQBvD32VbPe22k2,".ds-winlogbeat-8.4.3-2022.10.25-000001","-","a5ecbc19-8015-415f-b934-e32147ae0adb","DESKTOP-32EH6N8","1fb453eb-3944-4767-b034-7e48a04dea76","DESKTOP-32EH6N8",winlogbeat,"8.4.3","1.12.0","audit-setting-changed","iam, configuration",4907,"Oct 25, 2022 @ 04:30:50.647","Oct 25, 2022 @ 04:30:52.334",event,security,success,"Microsoft-Windows-Security-Auditing","-","admin, change","-","-","-","-","-","-","-","-","x86_64","DESKTOP-32EH6N8","45429efd-c10a-4299-8a01-8a10b0cbf1b8","fe80::7959:555c:b4f7:82d3, 192.168.170.20, fe80::f415:e770:257d:42d7, 169.254.66.215","00:0c:29:6e:f6:d9, f8:89:d2:da:70:74","DESKTOP-32EH6N8","19044.1288",windows,"10.0.19041.1288 (WinBuild.160101.0800)","Windows 10 Pro","Windows 10 Pro",windows,windows,"10.0",information,"Auditing settings on object were changed.

Subject:
	Security ID:		S-1-5-18
	Account Name:		DESKTOP-32EH6N8$
	Account Domain:		WORKGROUP
	Logon ID:		0x3E7

Object:
	Object Server:	Security
	Object Type:	File
	Object Name:	C:\Windows\WinSxS\FileMaps\$$_microsoft.net_assembly_gac_msil_uiautomationclient_v4.0_4.0.0.0_31bf3856ad364e35_35816ba0d06901c4.cdf-ms
	Handle ID:	0x970

Process Information:
	Process ID:	0x7a0
	Process Name:	C:\Windows\WinSxS\amd64_microsoft-windows-servicingstack_31bf3856ad364e35_10.0.19041.1220_none_7e21bc567c7ed16b\TiWorker.exe

Auditing Settings:
	Original Security Descriptor:	
	New Security Descriptor:		S:ARAI(AU;SAFA;0x1f0116;;;WD)","-","-","-","-","-","-","-","-","-","-","-","-","-","-","-","-","-","-","-","-","-","-","-","-","-","C:\Windows\WinSxS\amd64_microsoft-windows-servicingstack_31bf3856ad364e35_10.0.19041.1220_none_7e21bc567c7ed16b\TiWorker.exe","C:\Windows\WinSxS\amd64_microsoft-windows-servicingstack_31bf3856ad364e35_10.0.19041.1220_none_7e21bc567c7ed16b\TiWorker.exe","TiWorker.exe","TiWorker.exe","1,952","-","-","-","DESKTOP-32EH6N8$","-","-","-",WORKGROUP,"-","-","-","S-1-5-18","DESKTOP-32EH6N8$","DESKTOP-32EH6N8$","-","-","-","-","-",wineventlog,Security,"DESKTOP-32EH6N8","-","-","-","-","-","-","-","-","-","-","-","-","-","-","-","-","-",0x970,"-","-","-","-","-","-","-","-","-","-","-","-","-","-","-","S:ARAI(AU;SAFA;0x1f0116;;;WD)","Everyone :System Audit ([Write Owner, Syncronize, Write DACL, Read Control, Delete])","-","C:\Windows\WinSxS\FileMaps\$$_microsoft.net_assembly_gac_msil_uiautomationclient_v4.0_4.0.0.0_31bf3856ad364e35_35816ba0d06901c4.cdf-ms",Security,File,"-","-","-","-","-","-","-","-","-","-","-","-","-","-","-","-","-","-",WORKGROUP,0x3e7,"DESKTOP-32EH6N8$","S-1-5-18","-","-","-","-","-","-","-","-","-","-","-","-","-","-","-","-","-","-","-","-","-","-","-","-","-","-","-","-","-","-","-","-","-","-","-","-","-","-","-","-","-","-","-","-",4907,"Audit Success",0x3e7,"-",Info,4,"6,884","{54849625-5478-4994-a5ba-3e3b0328c30d}","Microsoft-Windows-Security-Auditing",2514,"Audit Policy Change","-","-","-","-","-","-","-","-"
"Oct 25, 2022 @ 04:30:49.644",9troDoQBvD32VbPe22k2,".ds-winlogbeat-8.4.3-2022.10.25-000001","-","a5ecbc19-8015-415f-b934-e32147ae0adb","DESKTOP-32EH6N8","1fb453eb-3944-4767-b034-7e48a04dea76","DESKTOP-32EH6N8",winlogbeat,"8.4.3","1.12.0","audit-setting-changed","iam, configuration",4907,"Oct 25, 2022 @ 04:30:50.647","Oct 25, 2022 @ 04:30:52.334",event,security,success,"Microsoft-Windows-Security-Auditing","-","admin, change","-","-","-","-","-","-","-","-","x86_64","DESKTOP-32EH6N8","45429efd-c10a-4299-8a01-8a10b0cbf1b8","fe80::7959:555c:b4f7:82d3, 192.168.170.20, fe80::f415:e770:257d:42d7, 169.254.66.215","00:0c:29:6e:f6:d9, f8:89:d2:da:70:74","DESKTOP-32EH6N8","19044.1288",windows,"10.0.19041.1288 (WinBuild.160101.0800)","Windows 10 Pro","Windows 10 Pro",windows,windows,"10.0",information,"Auditing settings on object were changed.

Subject:
	Security ID:		S-1-5-18
	Account Name:		DESKTOP-32EH6N8$
	Account Domain:		WORKGROUP
	Logon ID:		0x3E7

Object:
	Object Server:	Security
	Object Type:	File
	Object Name:	C:\Windows\WinSxS\FileMaps\$$_microsoft.net_assembly_gac_msil_uiautomationclientsideproviders_v4.0_4.0.0.0_31bf3856ad364e35_6944991d7b306f0d.cdf-ms
	Handle ID:	0xd70

Process Information:
	Process ID:	0x7a0
	Process Name:	C:\Windows\WinSxS\amd64_microsoft-windows-servicingstack_31bf3856ad364e35_10.0.19041.1220_none_7e21bc567c7ed16b\TiWorker.exe

Auditing Settings:
	Original Security Descriptor:	
	New Security Descriptor:		S:ARAI(AU;SAFA;0x1f0116;;;WD)","-","-","-","-","-","-","-","-","-","-","-","-","-","-","-","-","-","-","-","-","-","-","-","-","-","C:\Windows\WinSxS\amd64_microsoft-windows-servicingstack_31bf3856ad364e35_10.0.19041.1220_none_7e21bc567c7ed16b\TiWorker.exe","C:\Windows\WinSxS\amd64_microsoft-windows-servicingstack_31bf3856ad364e35_10.0.19041.1220_none_7e21bc567c7ed16b\TiWorker.exe","TiWorker.exe","TiWorker.exe","1,952","-","-","-","DESKTOP-32EH6N8$","-","-","-",WORKGROUP,"-","-","-","S-1-5-18","DESKTOP-32EH6N8$","DESKTOP-32EH6N8$","-","-","-","-","-",wineventlog,Security,"DESKTOP-32EH6N8","-","-","-","-","-","-","-","-","-","-","-","-","-","-","-","-","-",0xd70,"-","-","-","-","-","-","-","-","-","-","-","-","-","-","-","S:ARAI(AU;SAFA;0x1f0116;;;WD)","Everyone :System Audit ([Write Owner, Syncronize, Write DACL, Read Control, Delete])","-","C:\Windows\WinSxS\FileMaps\$$_microsoft.net_assembly_gac_msil_uiautomationclientsideproviders_v4.0_4.0.0.0_31bf3856ad364e35_6944991d7b306f0d.cdf-ms",Security,File,"-","-","-","-","-","-","-","-","-","-","-","-","-","-","-","-","-","-",WORKGROUP,0x3e7,"DESKTOP-32EH6N8$","S-1-5-18","-","-","-","-","-","-","-","-","-","-","-","-","-","-","-","-","-","-","-","-","-","-","-","-","-","-","-","-","-","-","-","-","-","-","-","-","-","-","-","-","-","-","-","-",4907,"Audit Success",0x3e7,"-",Info,4,"6,884","{54849625-5478-4994-a5ba-3e3b0328c30d}","Microsoft-Windows-Security-Auditing",2513,"Audit Policy Change","-","-","-","-","-","-","-","-"
"Oct 25, 2022 @ 04:30:49.643",9droDoQBvD32VbPe22k2,".ds-winlogbeat-8.4.3-2022.10.25-000001","-","a5ecbc19-8015-415f-b934-e32147ae0adb","DESKTOP-32EH6N8","1fb453eb-3944-4767-b034-7e48a04dea76","DESKTOP-32EH6N8",winlogbeat,"8.4.3","1.12.0","audit-setting-changed","iam, configuration",4907,"Oct 25, 2022 @ 04:30:50.647","Oct 25, 2022 @ 04:30:52.333",event,security,success,"Microsoft-Windows-Security-Auditing","-","admin, change","-","-","-","-","-","-","-","-","x86_64","DESKTOP-32EH6N8","45429efd-c10a-4299-8a01-8a10b0cbf1b8","fe80::7959:555c:b4f7:82d3, 192.168.170.20, fe80::f415:e770:257d:42d7, 169.254.66.215","00:0c:29:6e:f6:d9, f8:89:d2:da:70:74","DESKTOP-32EH6N8","19044.1288",windows,"10.0.19041.1288 (WinBuild.160101.0800)","Windows 10 Pro","Windows 10 Pro",windows,windows,"10.0",information,"Auditing settings on object were changed.

Subject:
	Security ID:		S-1-5-18
	Account Name:		DESKTOP-32EH6N8$
	Account Domain:		WORKGROUP
	Logon ID:		0x3E7

Object:
	Object Server:	Security
	Object Type:	File
	Object Name:	C:\Windows\WinSxS\FileMaps\$$_microsoft.net_assembly_gac_msil_uiautomationprovider_v4.0_4.0.0.0_31bf3856ad364e35_6bb637099f04ee2c.cdf-ms
	Handle ID:	0xdbc

Process Information:
	Process ID:	0x7a0
	Process Name:	C:\Windows\WinSxS\amd64_microsoft-windows-servicingstack_31bf3856ad364e35_10.0.19041.1220_none_7e21bc567c7ed16b\TiWorker.exe

Auditing Settings:
	Original Security Descriptor:	
	New Security Descriptor:		S:ARAI(AU;SAFA;0x1f0116;;;WD)","-","-","-","-","-","-","-","-","-","-","-","-","-","-","-","-","-","-","-","-","-","-","-","-","-","C:\Windows\WinSxS\amd64_microsoft-windows-servicingstack_31bf3856ad364e35_10.0.19041.1220_none_7e21bc567c7ed16b\TiWorker.exe","C:\Windows\WinSxS\amd64_microsoft-windows-servicingstack_31bf3856ad364e35_10.0.19041.1220_none_7e21bc567c7ed16b\TiWorker.exe","TiWorker.exe","TiWorker.exe","1,952","-","-","-","DESKTOP-32EH6N8$","-","-","-",WORKGROUP,"-","-","-","S-1-5-18","DESKTOP-32EH6N8$","DESKTOP-32EH6N8$","-","-","-","-","-",wineventlog,Security,"DESKTOP-32EH6N8","-","-","-","-","-","-","-","-","-","-","-","-","-","-","-","-","-",0xdbc,"-","-","-","-","-","-","-","-","-","-","-","-","-","-","-","S:ARAI(AU;SAFA;0x1f0116;;;WD)","Everyone :System Audit ([Write Owner, Syncronize, Write DACL, Read Control, Delete])","-","C:\Windows\WinSxS\FileMaps\$$_microsoft.net_assembly_gac_msil_uiautomationprovider_v4.0_4.0.0.0_31bf3856ad364e35_6bb637099f04ee2c.cdf-ms",Security,File,"-","-","-","-","-","-","-","-","-","-","-","-","-","-","-","-","-","-",WORKGROUP,0x3e7,"DESKTOP-32EH6N8$","S-1-5-18","-","-","-","-","-","-","-","-","-","-","-","-","-","-","-","-","-","-","-","-","-","-","-","-","-","-","-","-","-","-","-","-","-","-","-","-","-","-","-","-","-","-","-","-",4907,"Audit Success",0x3e7,"-",Info,4,"6,884","{54849625-5478-4994-a5ba-3e3b0328c30d}","Microsoft-Windows-Security-Auditing",2512,"Audit Policy Change","-","-","-","-","-","-","-","-"
"Oct 25, 2022 @ 04:30:49.641",9NroDoQBvD32VbPe22k2,".ds-winlogbeat-8.4.3-2022.10.25-000001","-","a5ecbc19-8015-415f-b934-e32147ae0adb","DESKTOP-32EH6N8","1fb453eb-3944-4767-b034-7e48a04dea76","DESKTOP-32EH6N8",winlogbeat,"8.4.3","1.12.0","audit-setting-changed","iam, configuration",4907,"Oct 25, 2022 @ 04:30:50.647","Oct 25, 2022 @ 04:30:52.333",event,security,success,"Microsoft-Windows-Security-Auditing","-","admin, change","-","-","-","-","-","-","-","-","x86_64","DESKTOP-32EH6N8","45429efd-c10a-4299-8a01-8a10b0cbf1b8","fe80::7959:555c:b4f7:82d3, 192.168.170.20, fe80::f415:e770:257d:42d7, 169.254.66.215","00:0c:29:6e:f6:d9, f8:89:d2:da:70:74","DESKTOP-32EH6N8","19044.1288",windows,"10.0.19041.1288 (WinBuild.160101.0800)","Windows 10 Pro","Windows 10 Pro",windows,windows,"10.0",information,"Auditing settings on object were changed.

Subject:
	Security ID:		S-1-5-18
	Account Name:		DESKTOP-32EH6N8$
	Account Domain:		WORKGROUP
	Logon ID:		0x3E7

Object:
	Object Server:	Security
	Object Type:	File
	Object Name:	C:\Windows\WinSxS\FileMaps\$$_microsoft.net_assembly_gac_msil_uiautomationtypes_v4.0_4.0.0.0_31bf3856ad364e35_1f12bec8f88f4450.cdf-ms
	Handle ID:	0x970

Process Information:
	Process ID:	0x7a0
	Process Name:	C:\Windows\WinSxS\amd64_microsoft-windows-servicingstack_31bf3856ad364e35_10.0.19041.1220_none_7e21bc567c7ed16b\TiWorker.exe

Auditing Settings:
	Original Security Descriptor:	
	New Security Descriptor:		S:ARAI(AU;SAFA;0x1f0116;;;WD)","-","-","-","-","-","-","-","-","-","-","-","-","-","-","-","-","-","-","-","-","-","-","-","-","-","C:\Windows\WinSxS\amd64_microsoft-windows-servicingstack_31bf3856ad364e35_10.0.19041.1220_none_7e21bc567c7ed16b\TiWorker.exe","C:\Windows\WinSxS\amd64_microsoft-windows-servicingstack_31bf3856ad364e35_10.0.19041.1220_none_7e21bc567c7ed16b\TiWorker.exe","TiWorker.exe","TiWorker.exe","1,952","-","-","-","DESKTOP-32EH6N8$","-","-","-",WORKGROUP,"-","-","-","S-1-5-18","DESKTOP-32EH6N8$","DESKTOP-32EH6N8$","-","-","-","-","-",wineventlog,Security,"DESKTOP-32EH6N8","-","-","-","-","-","-","-","-","-","-","-","-","-","-","-","-","-",0x970,"-","-","-","-","-","-","-","-","-","-","-","-","-","-","-","S:ARAI(AU;SAFA;0x1f0116;;;WD)","Everyone :System Audit ([Write Owner, Syncronize, Write DACL, Read Control, Delete])","-","C:\Windows\WinSxS\FileMaps\$$_microsoft.net_assembly_gac_msil_uiautomationtypes_v4.0_4.0.0.0_31bf3856ad364e35_1f12bec8f88f4450.cdf-ms",Security,File,"-","-","-","-","-","-","-","-","-","-","-","-","-","-","-","-","-","-",WORKGROUP,0x3e7,"DESKTOP-32EH6N8$","S-1-5-18","-","-","-","-","-","-","-","-","-","-","-","-","-","-","-","-","-","-","-","-","-","-","-","-","-","-","-","-","-","-","-","-","-","-","-","-","-","-","-","-","-","-","-","-",4907,"Audit Success",0x3e7,"-",Info,4,"6,884","{54849625-5478-4994-a5ba-3e3b0328c30d}","Microsoft-Windows-Security-Auditing",2511,"Audit Policy Change","-","-","-","-","-","-","-","-"
"Oct 25, 2022 @ 04:30:49.639",89roDoQBvD32VbPe22k2,".ds-winlogbeat-8.4.3-2022.10.25-000001","-","a5ecbc19-8015-415f-b934-e32147ae0adb","DESKTOP-32EH6N8","1fb453eb-3944-4767-b034-7e48a04dea76","DESKTOP-32EH6N8",winlogbeat,"8.4.3","1.12.0","audit-setting-changed","iam, configuration",4907,"Oct 25, 2022 @ 04:30:50.647","Oct 25, 2022 @ 04:30:52.333",event,security,success,"Microsoft-Windows-Security-Auditing","-","admin, change","-","-","-","-","-","-","-","-","x86_64","DESKTOP-32EH6N8","45429efd-c10a-4299-8a01-8a10b0cbf1b8","fe80::7959:555c:b4f7:82d3, 192.168.170.20, fe80::f415:e770:257d:42d7, 169.254.66.215","00:0c:29:6e:f6:d9, f8:89:d2:da:70:74","DESKTOP-32EH6N8","19044.1288",windows,"10.0.19041.1288 (WinBuild.160101.0800)","Windows 10 Pro","Windows 10 Pro",windows,windows,"10.0",information,"Auditing settings on object were changed.

Subject:
	Security ID:		S-1-5-18
	Account Name:		DESKTOP-32EH6N8$
	Account Domain:		WORKGROUP
	Logon ID:		0x3E7

Object:
	Object Server:	Security
	Object Type:	File
	Object Name:	C:\Windows\WinSxS\FileMaps\$$_microsoft.net_assembly_gac_msil_windowsbase_v4.0_4.0.0.0_31bf3856ad364e35_5764ca98829cd598.cdf-ms
	Handle ID:	0xd70

Process Information:
	Process ID:	0x7a0
	Process Name:	C:\Windows\WinSxS\amd64_microsoft-windows-servicingstack_31bf3856ad364e35_10.0.19041.1220_none_7e21bc567c7ed16b\TiWorker.exe

Auditing Settings:
	Original Security Descriptor:	
	New Security Descriptor:		S:ARAI(AU;SAFA;0x1f0116;;;WD)","-","-","-","-","-","-","-","-","-","-","-","-","-","-","-","-","-","-","-","-","-","-","-","-","-","C:\Windows\WinSxS\amd64_microsoft-windows-servicingstack_31bf3856ad364e35_10.0.19041.1220_none_7e21bc567c7ed16b\TiWorker.exe","C:\Windows\WinSxS\amd64_microsoft-windows-servicingstack_31bf3856ad364e35_10.0.19041.1220_none_7e21bc567c7ed16b\TiWorker.exe","TiWorker.exe","TiWorker.exe","1,952","-","-","-","DESKTOP-32EH6N8$","-","-","-",WORKGROUP,"-","-","-","S-1-5-18","DESKTOP-32EH6N8$","DESKTOP-32EH6N8$","-","-","-","-","-",wineventlog,Security,"DESKTOP-32EH6N8","-","-","-","-","-","-","-","-","-","-","-","-","-","-","-","-","-",0xd70,"-","-","-","-","-","-","-","-","-","-","-","-","-","-","-","S:ARAI(AU;SAFA;0x1f0116;;;WD)","Everyone :System Audit ([Write Owner, Syncronize, Write DACL, Read Control, Delete])","-","C:\Windows\WinSxS\FileMaps\$$_microsoft.net_assembly_gac_msil_windowsbase_v4.0_4.0.0.0_31bf3856ad364e35_5764ca98829cd598.cdf-ms",Security,File,"-","-","-","-","-","-","-","-","-","-","-","-","-","-","-","-","-","-",WORKGROUP,0x3e7,"DESKTOP-32EH6N8$","S-1-5-18","-","-","-","-","-","-","-","-","-","-","-","-","-","-","-","-","-","-","-","-","-","-","-","-","-","-","-","-","-","-","-","-","-","-","-","-","-","-","-","-","-","-","-","-",4907,"Audit Success",0x3e7,"-",Info,4,"6,884","{54849625-5478-4994-a5ba-3e3b0328c30d}","Microsoft-Windows-Security-Auditing",2510,"Audit Policy Change","-","-","-","-","-","-","-","-"
"Oct 25, 2022 @ 04:30:49.638",8troDoQBvD32VbPe22k2,".ds-winlogbeat-8.4.3-2022.10.25-000001","-","a5ecbc19-8015-415f-b934-e32147ae0adb","DESKTOP-32EH6N8","1fb453eb-3944-4767-b034-7e48a04dea76","DESKTOP-32EH6N8",winlogbeat,"8.4.3","1.12.0","audit-setting-changed","iam, configuration",4907,"Oct 25, 2022 @ 04:30:50.647","Oct 25, 2022 @ 04:30:52.333",event,security,success,"Microsoft-Windows-Security-Auditing","-","admin, change","-","-","-","-","-","-","-","-","x86_64","DESKTOP-32EH6N8","45429efd-c10a-4299-8a01-8a10b0cbf1b8","fe80::7959:555c:b4f7:82d3, 192.168.170.20, fe80::f415:e770:257d:42d7, 169.254.66.215","00:0c:29:6e:f6:d9, f8:89:d2:da:70:74","DESKTOP-32EH6N8","19044.1288",windows,"10.0.19041.1288 (WinBuild.160101.0800)","Windows 10 Pro","Windows 10 Pro",windows,windows,"10.0",information,"Auditing settings on object were changed.

Subject:
	Security ID:		S-1-5-18
	Account Name:		DESKTOP-32EH6N8$
	Account Domain:		WORKGROUP
	Logon ID:		0x3E7

Object:
	Object Server:	Security
	Object Type:	File
	Object Name:	C:\Windows\WinSxS\FileMaps\$$_microsoft.net_framework_v4.0.30319_nativeimages_7f83bd6ed8241f3a.cdf-ms
	Handle ID:	0xdbc

Process Information:
	Process ID:	0x7a0
	Process Name:	C:\Windows\WinSxS\amd64_microsoft-windows-servicingstack_31bf3856ad364e35_10.0.19041.1220_none_7e21bc567c7ed16b\TiWorker.exe

Auditing Settings:
	Original Security Descriptor:	
	New Security Descriptor:		S:ARAI(AU;SAFA;0x1f0116;;;WD)","-","-","-","-","-","-","-","-","-","-","-","-","-","-","-","-","-","-","-","-","-","-","-","-","-","C:\Windows\WinSxS\amd64_microsoft-windows-servicingstack_31bf3856ad364e35_10.0.19041.1220_none_7e21bc567c7ed16b\TiWorker.exe","C:\Windows\WinSxS\amd64_microsoft-windows-servicingstack_31bf3856ad364e35_10.0.19041.1220_none_7e21bc567c7ed16b\TiWorker.exe","TiWorker.exe","TiWorker.exe","1,952","-","-","-","DESKTOP-32EH6N8$","-","-","-",WORKGROUP,"-","-","-","S-1-5-18","DESKTOP-32EH6N8$","DESKTOP-32EH6N8$","-","-","-","-","-",wineventlog,Security,"DESKTOP-32EH6N8","-","-","-","-","-","-","-","-","-","-","-","-","-","-","-","-","-",0xdbc,"-","-","-","-","-","-","-","-","-","-","-","-","-","-","-","S:ARAI(AU;SAFA;0x1f0116;;;WD)","Everyone :System Audit ([Write Owner, Syncronize, Write DACL, Read Control, Delete])","-","C:\Windows\WinSxS\FileMaps\$$_microsoft.net_framework_v4.0.30319_nativeimages_7f83bd6ed8241f3a.cdf-ms",Security,File,"-","-","-","-","-","-","-","-","-","-","-","-","-","-","-","-","-","-",WORKGROUP,0x3e7,"DESKTOP-32EH6N8$","S-1-5-18","-","-","-","-","-","-","-","-","-","-","-","-","-","-","-","-","-","-","-","-","-","-","-","-","-","-","-","-","-","-","-","-","-","-","-","-","-","-","-","-","-","-","-","-",4907,"Audit Success",0x3e7,"-",Info,4,"6,884","{54849625-5478-4994-a5ba-3e3b0328c30d}","Microsoft-Windows-Security-Auditing",2509,"Audit Policy Change","-","-","-","-","-","-","-","-"
"Oct 25, 2022 @ 04:30:49.636",8droDoQBvD32VbPe22k2,".ds-winlogbeat-8.4.3-2022.10.25-000001","-","a5ecbc19-8015-415f-b934-e32147ae0adb","DESKTOP-32EH6N8","1fb453eb-3944-4767-b034-7e48a04dea76","DESKTOP-32EH6N8",winlogbeat,"8.4.3","1.12.0","audit-setting-changed","iam, configuration",4907,"Oct 25, 2022 @ 04:30:50.647","Oct 25, 2022 @ 04:30:52.332",event,security,success,"Microsoft-Windows-Security-Auditing","-","admin, change","-","-","-","-","-","-","-","-","x86_64","DESKTOP-32EH6N8","45429efd-c10a-4299-8a01-8a10b0cbf1b8","fe80::7959:555c:b4f7:82d3, 192.168.170.20, fe80::f415:e770:257d:42d7, 169.254.66.215","00:0c:29:6e:f6:d9, f8:89:d2:da:70:74","DESKTOP-32EH6N8","19044.1288",windows,"10.0.19041.1288 (WinBuild.160101.0800)","Windows 10 Pro","Windows 10 Pro",windows,windows,"10.0",information,"Auditing settings on object were changed.

Subject:
	Security ID:		S-1-5-18
	Account Name:		DESKTOP-32EH6N8$
	Account Domain:		WORKGROUP
	Logon ID:		0x3E7

Object:
	Object Server:	Security
	Object Type:	File
	Object Name:	C:\Windows\WinSxS\FileMaps\$$_microsoft.net_framework_v4.0.30319_wpf_en-us_dc5fd125966afabc.cdf-ms
	Handle ID:	0x970

Process Information:
	Process ID:	0x7a0
	Process Name:	C:\Windows\WinSxS\amd64_microsoft-windows-servicingstack_31bf3856ad364e35_10.0.19041.1220_none_7e21bc567c7ed16b\TiWorker.exe

Auditing Settings:
	Original Security Descriptor:	
	New Security Descriptor:		S:ARAI(AU;SAFA;0x1f0116;;;WD)","-","-","-","-","-","-","-","-","-","-","-","-","-","-","-","-","-","-","-","-","-","-","-","-","-","C:\Windows\WinSxS\amd64_microsoft-windows-servicingstack_31bf3856ad364e35_10.0.19041.1220_none_7e21bc567c7ed16b\TiWorker.exe","C:\Windows\WinSxS\amd64_microsoft-windows-servicingstack_31bf3856ad364e35_10.0.19041.1220_none_7e21bc567c7ed16b\TiWorker.exe","TiWorker.exe","TiWorker.exe","1,952","-","-","-","DESKTOP-32EH6N8$","-","-","-",WORKGROUP,"-","-","-","S-1-5-18","DESKTOP-32EH6N8$","DESKTOP-32EH6N8$","-","-","-","-","-",wineventlog,Security,"DESKTOP-32EH6N8","-","-","-","-","-","-","-","-","-","-","-","-","-","-","-","-","-",0x970,"-","-","-","-","-","-","-","-","-","-","-","-","-","-","-","S:ARAI(AU;SAFA;0x1f0116;;;WD)","Everyone :System Audit ([Write Owner, Syncronize, Write DACL, Read Control, Delete])","-","C:\Windows\WinSxS\FileMaps\$$_microsoft.net_framework_v4.0.30319_wpf_en-us_dc5fd125966afabc.cdf-ms",Security,File,"-","-","-","-","-","-","-","-","-","-","-","-","-","-","-","-","-","-",WORKGROUP,0x3e7,"DESKTOP-32EH6N8$","S-1-5-18","-","-","-","-","-","-","-","-","-","-","-","-","-","-","-","-","-","-","-","-","-","-","-","-","-","-","-","-","-","-","-","-","-","-","-","-","-","-","-","-","-","-","-","-",4907,"Audit Success",0x3e7,"-",Info,4,"6,884","{54849625-5478-4994-a5ba-3e3b0328c30d}","Microsoft-Windows-Security-Auditing",2508,"Audit Policy Change","-","-","-","-","-","-","-","-"
"Oct 25, 2022 @ 04:30:49.634",8NroDoQBvD32VbPe22k2,".ds-winlogbeat-8.4.3-2022.10.25-000001","-","a5ecbc19-8015-415f-b934-e32147ae0adb","DESKTOP-32EH6N8","1fb453eb-3944-4767-b034-7e48a04dea76","DESKTOP-32EH6N8",winlogbeat,"8.4.3","1.12.0","audit-setting-changed","iam, configuration",4907,"Oct 25, 2022 @ 04:30:50.646","Oct 25, 2022 @ 04:30:52.332",event,security,success,"Microsoft-Windows-Security-Auditing","-","admin, change","-","-","-","-","-","-","-","-","x86_64","DESKTOP-32EH6N8","45429efd-c10a-4299-8a01-8a10b0cbf1b8","fe80::7959:555c:b4f7:82d3, 192.168.170.20, fe80::f415:e770:257d:42d7, 169.254.66.215","00:0c:29:6e:f6:d9, f8:89:d2:da:70:74","DESKTOP-32EH6N8","19044.1288",windows,"10.0.19041.1288 (WinBuild.160101.0800)","Windows 10 Pro","Windows 10 Pro",windows,windows,"10.0",information,"Auditing settings on object were changed.

Subject:
	Security ID:		S-1-5-18
	Account Name:		DESKTOP-32EH6N8$
	Account Domain:		WORKGROUP
	Logon ID:		0x3E7

Object:
	Object Server:	Security
	Object Type:	File
	Object Name:	C:\Windows\WinSxS\FileMaps\$$_microsoft.net_framework_v4.0.30319_wpf_fonts_dc62106d96619a3c.cdf-ms
	Handle ID:	0xd70

Process Information:
	Process ID:	0x7a0
	Process Name:	C:\Windows\WinSxS\amd64_microsoft-windows-servicingstack_31bf3856ad364e35_10.0.19041.1220_none_7e21bc567c7ed16b\TiWorker.exe

Auditing Settings:
	Original Security Descriptor:	
	New Security Descriptor:		S:ARAI(AU;SAFA;0x1f0116;;;WD)","-","-","-","-","-","-","-","-","-","-","-","-","-","-","-","-","-","-","-","-","-","-","-","-","-","C:\Windows\WinSxS\amd64_microsoft-windows-servicingstack_31bf3856ad364e35_10.0.19041.1220_none_7e21bc567c7ed16b\TiWorker.exe","C:\Windows\WinSxS\amd64_microsoft-windows-servicingstack_31bf3856ad364e35_10.0.19041.1220_none_7e21bc567c7ed16b\TiWorker.exe","TiWorker.exe","TiWorker.exe","1,952","-","-","-","DESKTOP-32EH6N8$","-","-","-",WORKGROUP,"-","-","-","S-1-5-18","DESKTOP-32EH6N8$","DESKTOP-32EH6N8$","-","-","-","-","-",wineventlog,Security,"DESKTOP-32EH6N8","-","-","-","-","-","-","-","-","-","-","-","-","-","-","-","-","-",0xd70,"-","-","-","-","-","-","-","-","-","-","-","-","-","-","-","S:ARAI(AU;SAFA;0x1f0116;;;WD)","Everyone :System Audit ([Write Owner, Syncronize, Write DACL, Read Control, Delete])","-","C:\Windows\WinSxS\FileMaps\$$_microsoft.net_framework_v4.0.30319_wpf_fonts_dc62106d96619a3c.cdf-ms",Security,File,"-","-","-","-","-","-","-","-","-","-","-","-","-","-","-","-","-","-",WORKGROUP,0x3e7,"DESKTOP-32EH6N8$","S-1-5-18","-","-","-","-","-","-","-","-","-","-","-","-","-","-","-","-","-","-","-","-","-","-","-","-","-","-","-","-","-","-","-","-","-","-","-","-","-","-","-","-","-","-","-","-",4907,"Audit Success",0x3e7,"-",Info,4,480,"{54849625-5478-4994-a5ba-3e3b0328c30d}","Microsoft-Windows-Security-Auditing",2507,"Audit Policy Change","-","-","-","-","-","-","-","-"
"Oct 25, 2022 @ 04:30:49.632",79roDoQBvD32VbPe22k2,".ds-winlogbeat-8.4.3-2022.10.25-000001","-","a5ecbc19-8015-415f-b934-e32147ae0adb","DESKTOP-32EH6N8","1fb453eb-3944-4767-b034-7e48a04dea76","DESKTOP-32EH6N8",winlogbeat,"8.4.3","1.12.0","audit-setting-changed","iam, configuration",4907,"Oct 25, 2022 @ 04:30:50.646","Oct 25, 2022 @ 04:30:52.332",event,security,success,"Microsoft-Windows-Security-Auditing","-","admin, change","-","-","-","-","-","-","-","-","x86_64","DESKTOP-32EH6N8","45429efd-c10a-4299-8a01-8a10b0cbf1b8","fe80::7959:555c:b4f7:82d3, 192.168.170.20, fe80::f415:e770:257d:42d7, 169.254.66.215","00:0c:29:6e:f6:d9, f8:89:d2:da:70:74","DESKTOP-32EH6N8","19044.1288",windows,"10.0.19041.1288 (WinBuild.160101.0800)","Windows 10 Pro","Windows 10 Pro",windows,windows,"10.0",information,"Auditing settings on object were changed.

Subject:
	Security ID:		S-1-5-18
	Account Name:		DESKTOP-32EH6N8$
	Account Domain:		WORKGROUP
	Logon ID:		0x3E7

Object:
	Object Server:	Security
	Object Type:	File
	Object Name:	C:\Windows\WinSxS\FileMaps\$$_microsoft.net_framework_v4.0.30319_wpf_bc1339ef8efa3c4c.cdf-ms
	Handle ID:	0xdbc

Process Information:
	Process ID:	0x7a0
	Process Name:	C:\Windows\WinSxS\amd64_microsoft-windows-servicingstack_31bf3856ad364e35_10.0.19041.1220_none_7e21bc567c7ed16b\TiWorker.exe

Auditing Settings:
	Original Security Descriptor:	
	New Security Descriptor:		S:ARAI(AU;SAFA;0x1f0116;;;WD)","-","-","-","-","-","-","-","-","-","-","-","-","-","-","-","-","-","-","-","-","-","-","-","-","-","C:\Windows\WinSxS\amd64_microsoft-windows-servicingstack_31bf3856ad364e35_10.0.19041.1220_none_7e21bc567c7ed16b\TiWorker.exe","C:\Windows\WinSxS\amd64_microsoft-windows-servicingstack_31bf3856ad364e35_10.0.19041.1220_none_7e21bc567c7ed16b\TiWorker.exe","TiWorker.exe","TiWorker.exe","1,952","-","-","-","DESKTOP-32EH6N8$","-","-","-",WORKGROUP,"-","-","-","S-1-5-18","DESKTOP-32EH6N8$","DESKTOP-32EH6N8$","-","-","-","-","-",wineventlog,Security,"DESKTOP-32EH6N8","-","-","-","-","-","-","-","-","-","-","-","-","-","-","-","-","-",0xdbc,"-","-","-","-","-","-","-","-","-","-","-","-","-","-","-","S:ARAI(AU;SAFA;0x1f0116;;;WD)","Everyone :System Audit ([Write Owner, Syncronize, Write DACL, Read Control, Delete])","-","C:\Windows\WinSxS\FileMaps\$$_microsoft.net_framework_v4.0.30319_wpf_bc1339ef8efa3c4c.cdf-ms",Security,File,"-","-","-","-","-","-","-","-","-","-","-","-","-","-","-","-","-","-",WORKGROUP,0x3e7,"DESKTOP-32EH6N8$","S-1-5-18","-","-","-","-","-","-","-","-","-","-","-","-","-","-","-","-","-","-","-","-","-","-","-","-","-","-","-","-","-","-","-","-","-","-","-","-","-","-","-","-","-","-","-","-",4907,"Audit Success",0x3e7,"-",Info,4,"6,884","{54849625-5478-4994-a5ba-3e3b0328c30d}","Microsoft-Windows-Security-Auditing",2506,"Audit Policy Change","-","-","-","-","-","-","-","-"
"Oct 25, 2022 @ 04:30:49.631",7troDoQBvD32VbPe22k2,".ds-winlogbeat-8.4.3-2022.10.25-000001","-","a5ecbc19-8015-415f-b934-e32147ae0adb","DESKTOP-32EH6N8","1fb453eb-3944-4767-b034-7e48a04dea76","DESKTOP-32EH6N8",winlogbeat,"8.4.3","1.12.0","audit-setting-changed","iam, configuration",4907,"Oct 25, 2022 @ 04:30:50.646","Oct 25, 2022 @ 04:30:52.331",event,security,success,"Microsoft-Windows-Security-Auditing","-","admin, change","-","-","-","-","-","-","-","-","x86_64","DESKTOP-32EH6N8","45429efd-c10a-4299-8a01-8a10b0cbf1b8","fe80::7959:555c:b4f7:82d3, 192.168.170.20, fe80::f415:e770:257d:42d7, 169.254.66.215","00:0c:29:6e:f6:d9, f8:89:d2:da:70:74","DESKTOP-32EH6N8","19044.1288",windows,"10.0.19041.1288 (WinBuild.160101.0800)","Windows 10 Pro","Windows 10 Pro",windows,windows,"10.0",information,"Auditing settings on object were changed.

Subject:
	Security ID:		S-1-5-18
	Account Name:		DESKTOP-32EH6N8$
	Account Domain:		WORKGROUP
	Logon ID:		0x3E7

Object:
	Object Server:	Security
	Object Type:	File
	Object Name:	C:\Windows\WinSxS\FileMaps\$$_microsoft.net_framework_v4.0.30319_c40c7a995ddd757b.cdf-ms
	Handle ID:	0x970

Process Information:
	Process ID:	0x7a0
	Process Name:	C:\Windows\WinSxS\amd64_microsoft-windows-servicingstack_31bf3856ad364e35_10.0.19041.1220_none_7e21bc567c7ed16b\TiWorker.exe

Auditing Settings:
	Original Security Descriptor:	
	New Security Descriptor:		S:ARAI(AU;SAFA;0x1f0116;;;WD)","-","-","-","-","-","-","-","-","-","-","-","-","-","-","-","-","-","-","-","-","-","-","-","-","-","C:\Windows\WinSxS\amd64_microsoft-windows-servicingstack_31bf3856ad364e35_10.0.19041.1220_none_7e21bc567c7ed16b\TiWorker.exe","C:\Windows\WinSxS\amd64_microsoft-windows-servicingstack_31bf3856ad364e35_10.0.19041.1220_none_7e21bc567c7ed16b\TiWorker.exe","TiWorker.exe","TiWorker.exe","1,952","-","-","-","DESKTOP-32EH6N8$","-","-","-",WORKGROUP,"-","-","-","S-1-5-18","DESKTOP-32EH6N8$","DESKTOP-32EH6N8$","-","-","-","-","-",wineventlog,Security,"DESKTOP-32EH6N8","-","-","-","-","-","-","-","-","-","-","-","-","-","-","-","-","-",0x970,"-","-","-","-","-","-","-","-","-","-","-","-","-","-","-","S:ARAI(AU;SAFA;0x1f0116;;;WD)","Everyone :System Audit ([Write Owner, Syncronize, Write DACL, Read Control, Delete])","-","C:\Windows\WinSxS\FileMaps\$$_microsoft.net_framework_v4.0.30319_c40c7a995ddd757b.cdf-ms",Security,File,"-","-","-","-","-","-","-","-","-","-","-","-","-","-","-","-","-","-",WORKGROUP,0x3e7,"DESKTOP-32EH6N8$","S-1-5-18","-","-","-","-","-","-","-","-","-","-","-","-","-","-","-","-","-","-","-","-","-","-","-","-","-","-","-","-","-","-","-","-","-","-","-","-","-","-","-","-","-","-","-","-",4907,"Audit Success",0x3e7,"-",Info,4,"6,884","{54849625-5478-4994-a5ba-3e3b0328c30d}","Microsoft-Windows-Security-Auditing",2505,"Audit Policy Change","-","-","-","-","-","-","-","-"
"Oct 25, 2022 @ 04:30:49.629",7droDoQBvD32VbPe22k2,".ds-winlogbeat-8.4.3-2022.10.25-000001","-","a5ecbc19-8015-415f-b934-e32147ae0adb","DESKTOP-32EH6N8","1fb453eb-3944-4767-b034-7e48a04dea76","DESKTOP-32EH6N8",winlogbeat,"8.4.3","1.12.0","audit-setting-changed","iam, configuration",4907,"Oct 25, 2022 @ 04:30:50.646","Oct 25, 2022 @ 04:30:52.331",event,security,success,"Microsoft-Windows-Security-Auditing","-","admin, change","-","-","-","-","-","-","-","-","x86_64","DESKTOP-32EH6N8","45429efd-c10a-4299-8a01-8a10b0cbf1b8","fe80::7959:555c:b4f7:82d3, 192.168.170.20, fe80::f415:e770:257d:42d7, 169.254.66.215","00:0c:29:6e:f6:d9, f8:89:d2:da:70:74","DESKTOP-32EH6N8","19044.1288",windows,"10.0.19041.1288 (WinBuild.160101.0800)","Windows 10 Pro","Windows 10 Pro",windows,windows,"10.0",information,"Auditing settings on object were changed.

Subject:
	Security ID:		S-1-5-18
	Account Name:		DESKTOP-32EH6N8$
	Account Domain:		WORKGROUP
	Logon ID:		0x3E7

Object:
	Object Server:	Security
	Object Type:	File
	Object Name:	C:\Windows\WinSxS\FileMaps\$$_microsoft.net_framework_83386eac0379231b.cdf-ms
	Handle ID:	0xd70

Process Information:
	Process ID:	0x7a0
	Process Name:	C:\Windows\WinSxS\amd64_microsoft-windows-servicingstack_31bf3856ad364e35_10.0.19041.1220_none_7e21bc567c7ed16b\TiWorker.exe

Auditing Settings:
	Original Security Descriptor:	
	New Security Descriptor:		S:ARAI(AU;SAFA;0x1f0116;;;WD)","-","-","-","-","-","-","-","-","-","-","-","-","-","-","-","-","-","-","-","-","-","-","-","-","-","C:\Windows\WinSxS\amd64_microsoft-windows-servicingstack_31bf3856ad364e35_10.0.19041.1220_none_7e21bc567c7ed16b\TiWorker.exe","C:\Windows\WinSxS\amd64_microsoft-windows-servicingstack_31bf3856ad364e35_10.0.19041.1220_none_7e21bc567c7ed16b\TiWorker.exe","TiWorker.exe","TiWorker.exe","1,952","-","-","-","DESKTOP-32EH6N8$","-","-","-",WORKGROUP,"-","-","-","S-1-5-18","DESKTOP-32EH6N8$","DESKTOP-32EH6N8$","-","-","-","-","-",wineventlog,Security,"DESKTOP-32EH6N8","-","-","-","-","-","-","-","-","-","-","-","-","-","-","-","-","-",0xd70,"-","-","-","-","-","-","-","-","-","-","-","-","-","-","-","S:ARAI(AU;SAFA;0x1f0116;;;WD)","Everyone :System Audit ([Write Owner, Syncronize, Write DACL, Read Control, Delete])","-","C:\Windows\WinSxS\FileMaps\$$_microsoft.net_framework_83386eac0379231b.cdf-ms",Security,File,"-","-","-","-","-","-","-","-","-","-","-","-","-","-","-","-","-","-",WORKGROUP,0x3e7,"DESKTOP-32EH6N8$","S-1-5-18","-","-","-","-","-","-","-","-","-","-","-","-","-","-","-","-","-","-","-","-","-","-","-","-","-","-","-","-","-","-","-","-","-","-","-","-","-","-","-","-","-","-","-","-",4907,"Audit Success",0x3e7,"-",Info,4,"6,884","{54849625-5478-4994-a5ba-3e3b0328c30d}","Microsoft-Windows-Security-Auditing",2504,"Audit Policy Change","-","-","-","-","-","-","-","-"
"Oct 25, 2022 @ 04:30:49.628",7NroDoQBvD32VbPe22k2,".ds-winlogbeat-8.4.3-2022.10.25-000001","-","a5ecbc19-8015-415f-b934-e32147ae0adb","DESKTOP-32EH6N8","1fb453eb-3944-4767-b034-7e48a04dea76","DESKTOP-32EH6N8",winlogbeat,"8.4.3","1.12.0","audit-setting-changed","iam, configuration",4907,"Oct 25, 2022 @ 04:30:50.646","Oct 25, 2022 @ 04:30:52.331",event,security,success,"Microsoft-Windows-Security-Auditing","-","admin, change","-","-","-","-","-","-","-","-","x86_64","DESKTOP-32EH6N8","45429efd-c10a-4299-8a01-8a10b0cbf1b8","fe80::7959:555c:b4f7:82d3, 192.168.170.20, fe80::f415:e770:257d:42d7, 169.254.66.215","00:0c:29:6e:f6:d9, f8:89:d2:da:70:74","DESKTOP-32EH6N8","19044.1288",windows,"10.0.19041.1288 (WinBuild.160101.0800)","Windows 10 Pro","Windows 10 Pro",windows,windows,"10.0",information,"Auditing settings on object were changed.

Subject:
	Security ID:		S-1-5-18
	Account Name:		DESKTOP-32EH6N8$
	Account Domain:		WORKGROUP
	Logon ID:		0x3E7

Object:
	Object Server:	Security
	Object Type:	File
	Object Name:	C:\Windows\WinSxS\FileMaps\$$_microsoft.net_framework64_v4.0.30319_nativeimages_ae465c5139d1dacc.cdf-ms
	Handle ID:	0xdbc

Process Information:
	Process ID:	0x7a0
	Process Name:	C:\Windows\WinSxS\amd64_microsoft-windows-servicingstack_31bf3856ad364e35_10.0.19041.1220_none_7e21bc567c7ed16b\TiWorker.exe

Auditing Settings:
	Original Security Descriptor:	
	New Security Descriptor:		S:ARAI(AU;SAFA;0x1f0116;;;WD)","-","-","-","-","-","-","-","-","-","-","-","-","-","-","-","-","-","-","-","-","-","-","-","-","-","C:\Windows\WinSxS\amd64_microsoft-windows-servicingstack_31bf3856ad364e35_10.0.19041.1220_none_7e21bc567c7ed16b\TiWorker.exe","C:\Windows\WinSxS\amd64_microsoft-windows-servicingstack_31bf3856ad364e35_10.0.19041.1220_none_7e21bc567c7ed16b\TiWorker.exe","TiWorker.exe","TiWorker.exe","1,952","-","-","-","DESKTOP-32EH6N8$","-","-","-",WORKGROUP,"-","-","-","S-1-5-18","DESKTOP-32EH6N8$","DESKTOP-32EH6N8$","-","-","-","-","-",wineventlog,Security,"DESKTOP-32EH6N8","-","-","-","-","-","-","-","-","-","-","-","-","-","-","-","-","-",0xdbc,"-","-","-","-","-","-","-","-","-","-","-","-","-","-","-","S:ARAI(AU;SAFA;0x1f0116;;;WD)","Everyone :System Audit ([Write Owner, Syncronize, Write DACL, Read Control, Delete])","-","C:\Windows\WinSxS\FileMaps\$$_microsoft.net_framework64_v4.0.30319_nativeimages_ae465c5139d1dacc.cdf-ms",Security,File,"-","-","-","-","-","-","-","-","-","-","-","-","-","-","-","-","-","-",WORKGROUP,0x3e7,"DESKTOP-32EH6N8$","S-1-5-18","-","-","-","-","-","-","-","-","-","-","-","-","-","-","-","-","-","-","-","-","-","-","-","-","-","-","-","-","-","-","-","-","-","-","-","-","-","-","-","-","-","-","-","-",4907,"Audit Success",0x3e7,"-",Info,4,"6,884","{54849625-5478-4994-a5ba-3e3b0328c30d}","Microsoft-Windows-Security-Auditing",2503,"Audit Policy Change","-","-","-","-","-","-","-","-"
