853,"Oct 25, 2022 @ 04:22:03.187",DESKTOP-32EH6N8,logged-in-explicit,4648,security,success,Microsoft-Windows-Security-Auditing,-,start,-,-,-,x86_64,DESKTOP-32EH6N8,45429efd-c10a-4299-8a01-8a10b0cbf1b8,"fe80::7959:555c:b4f7:82d3, 192.168.170.20, fe80::f415:e770:257d:42d7, 169.254.66.215","00:0c:29:6e:f6:d9, f8:89:d2:da:70:74",DESKTOP-32EH6N8,19044.1288,windows,10.0.19041.1288 (WinBuild.160101.0800),Windows 10 Pro,Windows 10 Pro,windows,windows,10.0,information,"A logon was attempted using explicit credentials.

Subject:
	Security ID:		S-1-5-18
	Account Name:		DESKTOP-32EH6N8$
	Account Domain:		WORKGROUP
	Logon ID:		0x3E7
	Logon GUID:		{00000000-0000-0000-0000-000000000000}

Account Whose Credentials Were Used:
	Account Name:		UMFD-5
	Account Domain:		Font Driver Host
	Logon GUID:		{00000000-0000-0000-0000-000000000000}

Target Server:
	Target Server Name:	localhost
	Additional Information:	localhost

Process Information:
	Process ID:		0x2424
	Process Name:		C:\Windows\System32\winlogon.exe

Network Information:
	Network Address:	-
	Port:			-

This event is generated when a process attempts to log on an account by explicitly specifying that accounts credentials.  This most commonly occurs in batch-type configurations such as scheduled tasks, or when using the RUNAS command.",-,-,-,-,-,-,-,-,-,-,-,-,C:\Windows\System32\winlogon.exe,C:\Windows\System32\winlogon.exe,winlogon.exe,winlogon.exe,"9,252",-,-,-,"UMFD-5, DESKTOP-32EH6N8$",-,-,-,WORKGROUP,Font Driver Host,UMFD-5,UMFD-5,S-1-5-18,DESKTOP-32EH6N8$,DESKTOP-32EH6N8$,-,-,-,-,{96d05236-e7e2-0002-7b52-d096e2e7d801},wineventlog,Security,DESKTOP-32EH6N8,-,-,-,-,-,-,-,-,-,-,-,-,-,-,-,-,-,-,-,-,-,{00000000-0000-0000-0000-000000000000},-,-,-,-,-,-,-,-,-,WORKGROUP,0x3e7,DESKTOP-32EH6N8$,S-1-5-18,-,Font Driver Host,localhost,-,{00000000-0000-0000-0000-000000000000},-,-,-,-,localhost,-,UMFD-5,-,-,-,-,-,-,-,-,-,-,-,-,-,-,-,-,-,-,-,-,-,4648,Audit Success,0x3e7,-,Info,776,"8,064",{54849625-5478-4994-a5ba-3e3b0328c30d},Microsoft-Windows-Security-Auditing,2324,Logon,-,-,-,-,-,,,,,,,,,,,,,,,,,,,,,,,,,,,,,,,,,,,,,,,,,,,,,,,,,,,,,,,,,
854,"Oct 25, 2022 @ 04:22:03.187",DESKTOP-32EH6N8,logged-in,4624,security,success,Microsoft-Windows-Security-Auditing,-,start,-,-,-,x86_64,DESKTOP-32EH6N8,45429efd-c10a-4299-8a01-8a10b0cbf1b8,"fe80::7959:555c:b4f7:82d3, 192.168.170.20, fe80::f415:e770:257d:42d7, 169.254.66.215","00:0c:29:6e:f6:d9, f8:89:d2:da:70:74",DESKTOP-32EH6N8,19044.1288,windows,10.0.19041.1288 (WinBuild.160101.0800),Windows 10 Pro,Windows 10 Pro,windows,windows,10.0,information,"An account was successfully logged on.

Subject:
	Security ID:		S-1-5-18
	Account Name:		DESKTOP-32EH6N8$
	Account Domain:		WORKGROUP
	Logon ID:		0x3E7

Logon Information:
	Logon Type:		2
	Restricted Admin Mode:	-
	Virtual Account:		Yes
	Elevated Token:		No

Impersonation Level:		Impersonation

New Logon:
	Security ID:		S-1-5-96-0-5
	Account Name:		UMFD-5
	Account Domain:		Font Driver Host
	Logon ID:		0x6B8944
	Linked Logon ID:		0x0
	Network Account Name:	-
	Network Account Domain:	-
	Logon GUID:		{00000000-0000-0000-0000-000000000000}

Process Information:
	Process ID:		0x2424
	Process Name:		C:\Windows\System32\winlogon.exe

Network Information:
	Workstation Name:	-
	Source Network Address:	-
	Source Port:		-

Detailed Authentication Information:
	Logon Process:		Advapi  
	Authentication Package:	Negotiate
	Transited Services:	-
	Package Name (NTLM only):	-
	Key Length:		0

This event is generated when a logon session is created. It is generated on the computer that was accessed.

The subject fields indicate the account on the local system which requested the logon. This is most commonly a service such as the Server service, or a local process such as Winlogon.exe or Services.exe.

The logon type field indicates the kind of logon that occurred. The most common types are 2 (interactive) and 3 (network).

The New Logon fields indicate the account for whom the new logon was created, i.e. the account that was logged on.

The network fields indicate where a remote logon request originated. Workstation name is not always available and may be left blank in some cases.

The impersonation level field indicates the extent to which a process in the logon session can impersonate.

The authentication information fields provide detailed information about this specific logon request.
	- Logon GUID is a unique identifier that can be used to correlate this event with a KDC event.
	- Transited services indicate which intermediate services have participated in this logon request.
	- Package name indicates which sub-protocol was used among the NTLM protocols.
	- Key length indicates the length of the generated session key. This will be 0 if no session key was requested.",-,-,-,-,-,-,-,-,-,-,-,-,C:\Windows\System32\winlogon.exe,C:\Windows\System32\winlogon.exe,winlogon.exe,winlogon.exe,"9,252",-,-,-,"UMFD-5, DESKTOP-32EH6N8$",-,-,-,Font Driver Host,-,-,-,S-1-5-96-0-5,UMFD-5,UMFD-5,-,-,-,-,{96d05236-e7e2-0002-7b52-d096e2e7d801},wineventlog,Security,DESKTOP-32EH6N8,-,Negotiate,-,-,-,-,-,-,-,%%1843,-,-,%%1833,-,-,-,0,-,-,-,-,{00000000-0000-0000-0000-000000000000},Advapi  ,2,-,-,-,-,-,-,-,WORKGROUP,0x3e7,DESKTOP-32EH6N8$,S-1-5-18,-,Font Driver Host,-,0x0,-,0x6b8944,-,-,-,-,-,UMFD-5,S-1-5-96-0-5,-,-,-,%%1842,-,-,-,-,-,-,-,-,-,-,-,-,-,-,-,-,4624,Audit Success,0x3e7,Interactive,Info,776,"8,064",{54849625-5478-4994-a5ba-3e3b0328c30d},Microsoft-Windows-Security-Auditing,2325,Logon,-,-,-,-,2,,,,,,,,,,,,,,,,,,,,,,,,,,,,,,,,,,,,,,,,,,,,,,,,,,,,,,,,,
855,"Oct 25, 2022 @ 04:22:03.020",DESKTOP-32EH6N8,group-membership-enumerated,4798,security,success,Microsoft-Windows-Security-Auditing,-,"user, info",-,-,-,x86_64,DESKTOP-32EH6N8,45429efd-c10a-4299-8a01-8a10b0cbf1b8,"fe80::7959:555c:b4f7:82d3, 192.168.170.20, fe80::f415:e770:257d:42d7, 169.254.66.215","00:0c:29:6e:f6:d9, f8:89:d2:da:70:74",DESKTOP-32EH6N8,19044.1288,windows,10.0.19041.1288 (WinBuild.160101.0800),Windows 10 Pro,Windows 10 Pro,windows,windows,10.0,information,"A user's local group membership was enumerated.

Subject:
	Security ID:		S-1-5-18
	Account Name:		DESKTOP-32EH6N8$
	Account Domain:		WORKGROUP
	Logon ID:		0x3E7

User:
	Security ID:		S-1-5-21-1431998111-292960839-2456834407-500
	Account Name:		Administrator
	Account Domain:		DESKTOP-32EH6N8

Process Information:
	Process ID:		0x684
	Process Name:		C:\Windows\System32\svchost.exe",-,-,-,-,-,-,-,-,-,-,-,-,-,-,-,-,-,-,-,-,"DESKTOP-32EH6N8$, Administrator",-,-,-,WORKGROUP,-,-,-,S-1-5-18,DESKTOP-32EH6N8$,DESKTOP-32EH6N8$,DESKTOP-32EH6N8,S-1-5-21-1431998111-292960839-2456834407-500,Administrator,Administrator,{96d05236-e7e2-0002-7b52-d096e2e7d801},wineventlog,Security,DESKTOP-32EH6N8,-,-,-,0x684,C:\Windows\System32\svchost.exe,-,-,-,-,-,-,-,-,-,-,-,-,-,-,-,-,-,-,-,-,-,-,-,-,-,-,WORKGROUP,0x3e7,DESKTOP-32EH6N8$,S-1-5-18,-,DESKTOP-32EH6N8,-,-,-,-,-,-,-,-,S-1-5-21-1431998111-292960839-2456834407-500,Administrator,-,-,-,-,-,-,-,-,-,-,-,-,-,-,-,-,-,-,-,-,-,4798,Audit Success,0x3e7,-,Info,776,"8,064",{54849625-5478-4994-a5ba-3e3b0328c30d},Microsoft-Windows-Security-Auditing,2319,User Account Management,-,-,-,-,-,,,,,,,,,,,,,,,,,,,,,,,,,,,,,,,,,,,,,,,,,,,,,,,,,,,,,,,,,
856,"Oct 25, 2022 @ 04:22:03.020",DESKTOP-32EH6N8,group-membership-enumerated,4798,security,success,Microsoft-Windows-Security-Auditing,-,"user, info",-,-,-,x86_64,DESKTOP-32EH6N8,45429efd-c10a-4299-8a01-8a10b0cbf1b8,"fe80::7959:555c:b4f7:82d3, 192.168.170.20, fe80::f415:e770:257d:42d7, 169.254.66.215","00:0c:29:6e:f6:d9, f8:89:d2:da:70:74",DESKTOP-32EH6N8,19044.1288,windows,10.0.19041.1288 (WinBuild.160101.0800),Windows 10 Pro,Windows 10 Pro,windows,windows,10.0,information,"A user's local group membership was enumerated.

Subject:
	Security ID:		S-1-5-18
	Account Name:		DESKTOP-32EH6N8$
	Account Domain:		WORKGROUP
	Logon ID:		0x3E7

User:
	Security ID:		S-1-5-21-1431998111-292960839-2456834407-503
	Account Name:		DefaultAccount
	Account Domain:		DESKTOP-32EH6N8

Process Information:
	Process ID:		0x684
	Process Name:		C:\Windows\System32\svchost.exe",-,-,-,-,-,-,-,-,-,-,-,-,-,-,-,-,-,-,-,-,"DESKTOP-32EH6N8$, DefaultAccount",-,-,-,WORKGROUP,-,-,-,S-1-5-18,DESKTOP-32EH6N8$,DESKTOP-32EH6N8$,DESKTOP-32EH6N8,S-1-5-21-1431998111-292960839-2456834407-503,DefaultAccount,DefaultAccount,{96d05236-e7e2-0002-7b52-d096e2e7d801},wineventlog,Security,DESKTOP-32EH6N8,-,-,-,0x684,C:\Windows\System32\svchost.exe,-,-,-,-,-,-,-,-,-,-,-,-,-,-,-,-,-,-,-,-,-,-,-,-,-,-,WORKGROUP,0x3e7,DESKTOP-32EH6N8$,S-1-5-18,-,DESKTOP-32EH6N8,-,-,-,-,-,-,-,-,S-1-5-21-1431998111-292960839-2456834407-503,DefaultAccount,-,-,-,-,-,-,-,-,-,-,-,-,-,-,-,-,-,-,-,-,-,4798,Audit Success,0x3e7,-,Info,776,"8,064",{54849625-5478-4994-a5ba-3e3b0328c30d},Microsoft-Windows-Security-Auditing,2320,User Account Management,-,-,-,-,-,,,,,,,,,,,,,,,,,,,,,,,,,,,,,,,,,,,,,,,,,,,,,,,,,,,,,,,,,
857,"Oct 25, 2022 @ 04:22:03.020",DESKTOP-32EH6N8,group-membership-enumerated,4798,security,success,Microsoft-Windows-Security-Auditing,-,"user, info",-,-,-,x86_64,DESKTOP-32EH6N8,45429efd-c10a-4299-8a01-8a10b0cbf1b8,"fe80::7959:555c:b4f7:82d3, 192.168.170.20, fe80::f415:e770:257d:42d7, 169.254.66.215","00:0c:29:6e:f6:d9, f8:89:d2:da:70:74",DESKTOP-32EH6N8,19044.1288,windows,10.0.19041.1288 (WinBuild.160101.0800),Windows 10 Pro,Windows 10 Pro,windows,windows,10.0,information,"A user's local group membership was enumerated.

Subject:
	Security ID:		S-1-5-18
	Account Name:		DESKTOP-32EH6N8$
	Account Domain:		WORKGROUP
	Logon ID:		0x3E7

User:
	Security ID:		S-1-5-21-1431998111-292960839-2456834407-501
	Account Name:		Guest
	Account Domain:		DESKTOP-32EH6N8

Process Information:
	Process ID:		0x684
	Process Name:		C:\Windows\System32\svchost.exe",-,-,-,-,-,-,-,-,-,-,-,-,-,-,-,-,-,-,-,-,"DESKTOP-32EH6N8$, Guest",-,-,-,WORKGROUP,-,-,-,S-1-5-18,DESKTOP-32EH6N8$,DESKTOP-32EH6N8$,DESKTOP-32EH6N8,S-1-5-21-1431998111-292960839-2456834407-501,Guest,Guest,{96d05236-e7e2-0002-7b52-d096e2e7d801},wineventlog,Security,DESKTOP-32EH6N8,-,-,-,0x684,C:\Windows\System32\svchost.exe,-,-,-,-,-,-,-,-,-,-,-,-,-,-,-,-,-,-,-,-,-,-,-,-,-,-,WORKGROUP,0x3e7,DESKTOP-32EH6N8$,S-1-5-18,-,DESKTOP-32EH6N8,-,-,-,-,-,-,-,-,S-1-5-21-1431998111-292960839-2456834407-501,Guest,-,-,-,-,-,-,-,-,-,-,-,-,-,-,-,-,-,-,-,-,-,4798,Audit Success,0x3e7,-,Info,776,"8,064",{54849625-5478-4994-a5ba-3e3b0328c30d},Microsoft-Windows-Security-Auditing,2321,User Account Management,-,-,-,-,-,,,,,,,,,,,,,,,,,,,,,,,,,,,,,,,,,,,,,,,,,,,,,,,,,,,,,,,,,
858,"Oct 25, 2022 @ 04:22:03.020",DESKTOP-32EH6N8,group-membership-enumerated,4798,security,success,Microsoft-Windows-Security-Auditing,-,"user, info",-,-,-,x86_64,DESKTOP-32EH6N8,45429efd-c10a-4299-8a01-8a10b0cbf1b8,"fe80::7959:555c:b4f7:82d3, 192.168.170.20, fe80::f415:e770:257d:42d7, 169.254.66.215","00:0c:29:6e:f6:d9, f8:89:d2:da:70:74",DESKTOP-32EH6N8,19044.1288,windows,10.0.19041.1288 (WinBuild.160101.0800),Windows 10 Pro,Windows 10 Pro,windows,windows,10.0,information,"A user's local group membership was enumerated.

Subject:
	Security ID:		S-1-5-18
	Account Name:		DESKTOP-32EH6N8$
	Account Domain:		WORKGROUP
	Logon ID:		0x3E7

User:
	Security ID:		S-1-5-21-1431998111-292960839-2456834407-504
	Account Name:		WDAGUtilityAccount
	Account Domain:		DESKTOP-32EH6N8

Process Information:
	Process ID:		0x684
	Process Name:		C:\Windows\System32\svchost.exe",-,-,-,-,-,-,-,-,-,-,-,-,-,-,-,-,-,-,-,-,"DESKTOP-32EH6N8$, WDAGUtilityAccount",-,-,-,WORKGROUP,-,-,-,S-1-5-18,DESKTOP-32EH6N8$,DESKTOP-32EH6N8$,DESKTOP-32EH6N8,S-1-5-21-1431998111-292960839-2456834407-504,WDAGUtilityAccount,WDAGUtilityAccount,{96d05236-e7e2-0002-7b52-d096e2e7d801},wineventlog,Security,DESKTOP-32EH6N8,-,-,-,0x684,C:\Windows\System32\svchost.exe,-,-,-,-,-,-,-,-,-,-,-,-,-,-,-,-,-,-,-,-,-,-,-,-,-,-,WORKGROUP,0x3e7,DESKTOP-32EH6N8$,S-1-5-18,-,DESKTOP-32EH6N8,-,-,-,-,-,-,-,-,S-1-5-21-1431998111-292960839-2456834407-504,WDAGUtilityAccount,-,-,-,-,-,-,-,-,-,-,-,-,-,-,-,-,-,-,-,-,-,4798,Audit Success,0x3e7,-,Info,776,"8,064",{54849625-5478-4994-a5ba-3e3b0328c30d},Microsoft-Windows-Security-Auditing,2322,User Account Management,-,-,-,-,-,,,,,,,,,,,,,,,,,,,,,,,,,,,,,,,,,,,,,,,,,,,,,,,,,,,,,,,,,
859,"Oct 25, 2022 @ 04:22:03.020",DESKTOP-32EH6N8,group-membership-enumerated,4798,security,success,Microsoft-Windows-Security-Auditing,-,"user, info",-,-,-,x86_64,DESKTOP-32EH6N8,45429efd-c10a-4299-8a01-8a10b0cbf1b8,"fe80::7959:555c:b4f7:82d3, 192.168.170.20, fe80::f415:e770:257d:42d7, 169.254.66.215","00:0c:29:6e:f6:d9, f8:89:d2:da:70:74",DESKTOP-32EH6N8,19044.1288,windows,10.0.19041.1288 (WinBuild.160101.0800),Windows 10 Pro,Windows 10 Pro,windows,windows,10.0,information,"A user's local group membership was enumerated.

Subject:
	Security ID:		S-1-5-18
	Account Name:		DESKTOP-32EH6N8$
	Account Domain:		WORKGROUP
	Logon ID:		0x3E7

User:
	Security ID:		S-1-5-21-1431998111-292960839-2456834407-1001
	Account Name:		zhongli
	Account Domain:		DESKTOP-32EH6N8

Process Information:
	Process ID:		0x684
	Process Name:		C:\Windows\System32\svchost.exe",-,-,-,-,-,-,-,-,-,-,-,-,-,-,-,-,-,-,-,-,"DESKTOP-32EH6N8$, zhongli",-,-,-,WORKGROUP,-,-,-,S-1-5-18,DESKTOP-32EH6N8$,DESKTOP-32EH6N8$,DESKTOP-32EH6N8,S-1-5-21-1431998111-292960839-2456834407-1001,zhongli,zhongli,{96d05236-e7e2-0002-7b52-d096e2e7d801},wineventlog,Security,DESKTOP-32EH6N8,-,-,-,0x684,C:\Windows\System32\svchost.exe,-,-,-,-,-,-,-,-,-,-,-,-,-,-,-,-,-,-,-,-,-,-,-,-,-,-,WORKGROUP,0x3e7,DESKTOP-32EH6N8$,S-1-5-18,-,DESKTOP-32EH6N8,-,-,-,-,-,-,-,-,S-1-5-21-1431998111-292960839-2456834407-1001,zhongli,-,-,-,-,-,-,-,-,-,-,-,-,-,-,-,-,-,-,-,-,-,4798,Audit Success,0x3e7,-,Info,776,"8,064",{54849625-5478-4994-a5ba-3e3b0328c30d},Microsoft-Windows-Security-Auditing,2323,User Account Management,-,-,-,-,-,,,,,,,,,,,,,,,,,,,,,,,,,,,,,,,,,,,,,,,,,,,,,,,,,,,,,,,,,
860,"Oct 25, 2022 @ 04:22:03.019",DESKTOP-32EH6N8,WinSqmUserLogoff,7002,-,-,Microsoft-Windows-Winlogon,-,-,-,-,-,x86_64,DESKTOP-32EH6N8,45429efd-c10a-4299-8a01-8a10b0cbf1b8,"fe80::7959:555c:b4f7:82d3, 192.168.170.20, fe80::f415:e770:257d:42d7, 169.254.66.215","00:0c:29:6e:f6:d9, f8:89:d2:da:70:74",DESKTOP-32EH6N8,19044.1288,windows,10.0.19041.1288 (WinBuild.160101.0800),Windows 10 Pro,Windows 10 Pro,windows,windows,10.0,information,User Logoff Notification for Customer Experience Improvement Program,-,-,-,-,-,-,-,-,-,-,-,-,-,-,-,-,-,-,-,-,-,-,-,-,-,-,-,-,-,-,-,-,-,-,-,-,wineventlog,System,DESKTOP-32EH6N8,-,-,-,-,-,-,-,-,-,-,-,-,-,-,-,-,-,-,-,-,-,-,-,-,-,-,-,-,-,-,-,-,-,-,-,4,-,-,-,-,-,-,-,-,-,-,-,-,-,-,S-1-5-21-1431998111-292960839-2456834407-1001,-,-,-,-,-,-,-,-,-,-,-,-,-,-,-,-,-,7002,ms:Telemetry,-,-,Info,"6,340","6,640",{dbe9b383-7cf3-4331-91cc-a3cb16a3b538},Microsoft-Windows-Winlogon,704,WinSqmUserLogoff,NT AUTHORITY,S-1-5-18,SYSTEM,User,-,,,,,,,,,,,,,,,,,,,,,,,,,,,,,,,,,,,,,,,,,,,,,,,,,,,,,,,,,
861,"Oct 25, 2022 @ 04:22:03.013",DESKTOP-32EH6N8,None,6000,-,-,Microsoft-Windows-Winlogon,-,-,-,-,-,x86_64,DESKTOP-32EH6N8,45429efd-c10a-4299-8a01-8a10b0cbf1b8,"fe80::7959:555c:b4f7:82d3, 192.168.170.20, fe80::f415:e770:257d:42d7, 169.254.66.215","00:0c:29:6e:f6:d9, f8:89:d2:da:70:74",DESKTOP-32EH6N8,19044.1288,windows,10.0.19041.1288 (WinBuild.160101.0800),Windows 10 Pro,Windows 10 Pro,windows,windows,10.0,information,The winlogon notification subscriber <SessionEnv> was unavailable to handle a notification event.,-,-,-,-,-,-,-,-,-,-,-,-,-,-,-,-,-,-,-,-,-,-,-,-,-,-,-,-,-,-,-,-,-,-,-,-,wineventlog,Application,DESKTOP-32EH6N8,-,-,D9060000,-,-,-,-,-,-,-,-,-,-,-,-,-,-,-,-,-,-,-,-,-,-,-,-,-,-,-,-,-,-,-,-,-,-,-,-,-,-,-,-,-,-,-,-,-,-,-,-,-,-,SessionEnv,-,-,-,-,-,-,-,-,-,-,-,-,-,-,6000,Classic,-,-,Info,-,-,{DBE9B383-7CF3-4331-91CC-A3CB16A3B538},Microsoft-Windows-Winlogon,535,None,-,-,-,-,-,,,,,,,,,,,,,,,,,,,,,,,,,,,,,,,,,,,,,,,,,,,,,,,,,,,,,,,,,
862,"Oct 25, 2022 @ 04:22:02.997",DESKTOP-32EH6N8,None,6000,-,-,Microsoft-Windows-Winlogon,-,-,-,-,-,x86_64,DESKTOP-32EH6N8,45429efd-c10a-4299-8a01-8a10b0cbf1b8,"fe80::7959:555c:b4f7:82d3, 192.168.170.20, fe80::f415:e770:257d:42d7, 169.254.66.215","00:0c:29:6e:f6:d9, f8:89:d2:da:70:74",DESKTOP-32EH6N8,19044.1288,windows,10.0.19041.1288 (WinBuild.160101.0800),Windows 10 Pro,Windows 10 Pro,windows,windows,10.0,information,The winlogon notification subscriber <WSearch> was unavailable to handle a notification event.,-,-,-,-,-,-,-,-,-,-,-,-,-,-,-,-,-,-,-,-,-,-,-,-,-,-,-,-,-,-,-,-,-,-,-,-,wineventlog,Application,DESKTOP-32EH6N8,-,-,D9060000,-,-,-,-,-,-,-,-,-,-,-,-,-,-,-,-,-,-,-,-,-,-,-,-,-,-,-,-,-,-,-,-,-,-,-,-,-,-,-,-,-,-,-,-,-,-,-,-,-,-,WSearch,-,-,-,-,-,-,-,-,-,-,-,-,-,-,6000,Classic,-,-,Info,-,-,{DBE9B383-7CF3-4331-91CC-A3CB16A3B538},Microsoft-Windows-Winlogon,534,None,-,-,-,-,-,,,,,,,,,,,,,,,,,,,,,,,,,,,,,,,,,,,,,,,,,,,,,,,,,,,,,,,,,
863,"Oct 25, 2022 @ 04:22:02.974",DESKTOP-32EH6N8,logged-out,4647,security,success,Microsoft-Windows-Security-Auditing,-,end,-,-,-,x86_64,DESKTOP-32EH6N8,45429efd-c10a-4299-8a01-8a10b0cbf1b8,"fe80::7959:555c:b4f7:82d3, 192.168.170.20, fe80::f415:e770:257d:42d7, 169.254.66.215","00:0c:29:6e:f6:d9, f8:89:d2:da:70:74",DESKTOP-32EH6N8,19044.1288,windows,10.0.19041.1288 (WinBuild.160101.0800),Windows 10 Pro,Windows 10 Pro,windows,windows,10.0,information,"User initiated logoff:

Subject:
	Security ID:		S-1-5-21-1431998111-292960839-2456834407-1001
	Account Name:		zhongli
	Account Domain:		DESKTOP-32EH6N8
	Logon ID:		0x6337BC

This event is generated when a logoff is initiated. No further user-initiated activity can occur. This event can be interpreted as a logoff event.",-,-,-,-,-,-,-,-,-,-,-,-,-,-,-,-,-,-,-,-,zhongli,-,-,-,DESKTOP-32EH6N8,-,-,-,S-1-5-21-1431998111-292960839-2456834407-1001,zhongli,zhongli,-,-,-,-,{96d05236-e7e2-0002-7b52-d096e2e7d801},wineventlog,Security,DESKTOP-32EH6N8,-,-,-,-,-,-,-,-,-,-,-,-,-,-,-,-,-,-,-,-,-,-,-,-,-,-,-,-,-,-,-,-,-,-,-,-,DESKTOP-32EH6N8,-,-,-,0x6337bc,-,-,-,-,-,zhongli,S-1-5-21-1431998111-292960839-2456834407-1001,-,-,-,-,-,-,-,-,-,-,-,-,-,-,-,-,-,-,-,-,4647,Audit Success,0x6337bc,-,Info,776,"8,064",{54849625-5478-4994-a5ba-3e3b0328c30d},Microsoft-Windows-Security-Auditing,2318,Logoff,-,-,-,-,-,,,,,,,,,,,,,,,,,,,,,,,,,,,,,,,,,,,,,,,,,,,,,,,,,,,,,,,,,
864,"Oct 25, 2022 @ 04:22:00.852",DESKTOP-32EH6N8,group-membership-enumerated,4798,security,success,Microsoft-Windows-Security-Auditing,-,"user, info",-,-,-,x86_64,DESKTOP-32EH6N8,45429efd-c10a-4299-8a01-8a10b0cbf1b8,"fe80::7959:555c:b4f7:82d3, 192.168.170.20, fe80::f415:e770:257d:42d7, 169.254.66.215","00:0c:29:6e:f6:d9, f8:89:d2:da:70:74",DESKTOP-32EH6N8,19044.1288,windows,10.0.19041.1288 (WinBuild.160101.0800),Windows 10 Pro,Windows 10 Pro,windows,windows,10.0,information,"A user's local group membership was enumerated.

Subject:
	Security ID:		S-1-5-21-1431998111-292960839-2456834407-1001
	Account Name:		zhongli
	Account Domain:		DESKTOP-32EH6N8
	Logon ID:		0x6337BC

User:
	Security ID:		S-1-5-21-1431998111-292960839-2456834407-501
	Account Name:		Guest
	Account Domain:		DESKTOP-32EH6N8

Process Information:
	Process ID:		0x11cc
	Process Name:		C:\Windows\System32\RuntimeBroker.exe",-,-,-,-,-,-,-,-,-,-,-,-,-,-,-,-,-,-,-,-,"zhongli, Guest",-,-,-,DESKTOP-32EH6N8,-,-,-,S-1-5-21-1431998111-292960839-2456834407-1001,zhongli,zhongli,DESKTOP-32EH6N8,S-1-5-21-1431998111-292960839-2456834407-501,Guest,Guest,{96d05236-e7e2-0002-7b52-d096e2e7d801},wineventlog,Security,DESKTOP-32EH6N8,-,-,-,0x11cc,C:\Windows\System32\RuntimeBroker.exe,-,-,-,-,-,-,-,-,-,-,-,-,-,-,-,-,-,-,-,-,-,-,-,-,-,-,DESKTOP-32EH6N8,0x6337bc,zhongli,S-1-5-21-1431998111-292960839-2456834407-1001,-,DESKTOP-32EH6N8,-,-,-,-,-,-,-,-,S-1-5-21-1431998111-292960839-2456834407-501,Guest,-,-,-,-,-,-,-,-,-,-,-,-,-,-,-,-,-,-,-,-,-,4798,Audit Success,0x6337bc,-,Info,776,"7,152",{54849625-5478-4994-a5ba-3e3b0328c30d},Microsoft-Windows-Security-Auditing,2317,User Account Management,-,-,-,-,-,,,,,,,,,,,,,,,,,,,,,,,,,,,,,,,,,,,,,,,,,,,,,,,,,,,,,,,,,
865,"Oct 25, 2022 @ 04:22:00.850",DESKTOP-32EH6N8,User Account Management,4797,security,success,Microsoft-Windows-Security-Auditing,-,-,-,-,-,x86_64,DESKTOP-32EH6N8,45429efd-c10a-4299-8a01-8a10b0cbf1b8,"fe80::7959:555c:b4f7:82d3, 192.168.170.20, fe80::f415:e770:257d:42d7, 169.254.66.215","00:0c:29:6e:f6:d9, f8:89:d2:da:70:74",DESKTOP-32EH6N8,19044.1288,windows,10.0.19041.1288 (WinBuild.160101.0800),Windows 10 Pro,Windows 10 Pro,windows,windows,10.0,information,"An attempt was made to query the existence of a blank password for an account.

Subject:
	Security ID:		S-1-5-21-1431998111-292960839-2456834407-1001
	Account Name:		zhongli
	Account Domain:		DESKTOP-32EH6N8
	Logon ID:		0x6337BC

Additional Information:
	Caller Workstation:	DESKTOP-32EH6N8
	Target Account Name:	Guest
	Target Account Domain:	DESKTOP-32EH6N8",-,-,-,-,-,-,-,-,-,-,-,-,-,-,-,-,-,-,-,-,-,-,-,-,-,-,-,-,-,-,-,-,-,-,-,{96d05236-e7e2-0002-7b52-d096e2e7d801},wineventlog,Security,DESKTOP-32EH6N8,-,-,-,-,-,-,-,-,-,-,-,-,-,-,-,-,-,-,-,-,-,-,-,-,-,-,-,-,-,-,-,DESKTOP-32EH6N8,0x6337bc,zhongli,S-1-5-21-1431998111-292960839-2456834407-1001,-,DESKTOP-32EH6N8,-,-,-,-,-,-,-,-,-,Guest,-,-,-,-,-,DESKTOP-32EH6N8,-,-,-,-,-,-,-,-,-,-,-,-,-,-,-,4797,Audit Success,0x6337bc,-,Info,776,"7,152",{54849625-5478-4994-a5ba-3e3b0328c30d},Microsoft-Windows-Security-Auditing,2316,User Account Management,-,-,-,-,-,,,,,,,,,,,,,,,,,,,,,,,,,,,,,,,,,,,,,,,,,,,,,,,,,,,,,,,,,
866,"Oct 25, 2022 @ 04:22:00.834",DESKTOP-32EH6N8,group-membership-enumerated,4798,security,success,Microsoft-Windows-Security-Auditing,-,"user, info",-,-,-,x86_64,DESKTOP-32EH6N8,45429efd-c10a-4299-8a01-8a10b0cbf1b8,"fe80::7959:555c:b4f7:82d3, 192.168.170.20, fe80::f415:e770:257d:42d7, 169.254.66.215","00:0c:29:6e:f6:d9, f8:89:d2:da:70:74",DESKTOP-32EH6N8,19044.1288,windows,10.0.19041.1288 (WinBuild.160101.0800),Windows 10 Pro,Windows 10 Pro,windows,windows,10.0,information,"A user's local group membership was enumerated.

Subject:
	Security ID:		S-1-5-21-1431998111-292960839-2456834407-1001
	Account Name:		zhongli
	Account Domain:		DESKTOP-32EH6N8
	Logon ID:		0x6337BC

User:
	Security ID:		S-1-5-21-1431998111-292960839-2456834407-1001
	Account Name:		zhongli
	Account Domain:		DESKTOP-32EH6N8

Process Information:
	Process ID:		0x11cc
	Process Name:		C:\Windows\System32\RuntimeBroker.exe",-,-,-,-,-,-,-,-,-,-,-,-,-,-,-,-,-,-,-,-,zhongli,-,-,-,DESKTOP-32EH6N8,-,-,-,S-1-5-21-1431998111-292960839-2456834407-1001,zhongli,zhongli,DESKTOP-32EH6N8,S-1-5-21-1431998111-292960839-2456834407-1001,zhongli,zhongli,{96d05236-e7e2-0002-7b52-d096e2e7d801},wineventlog,Security,DESKTOP-32EH6N8,-,-,-,0x11cc,C:\Windows\System32\RuntimeBroker.exe,-,-,-,-,-,-,-,-,-,-,-,-,-,-,-,-,-,-,-,-,-,-,-,-,-,-,DESKTOP-32EH6N8,0x6337bc,zhongli,S-1-5-21-1431998111-292960839-2456834407-1001,-,DESKTOP-32EH6N8,-,-,-,-,-,-,-,-,S-1-5-21-1431998111-292960839-2456834407-1001,zhongli,-,-,-,-,-,-,-,-,-,-,-,-,-,-,-,-,-,-,-,-,-,4798,Audit Success,0x6337bc,-,Info,776,"8,064",{54849625-5478-4994-a5ba-3e3b0328c30d},Microsoft-Windows-Security-Auditing,2315,User Account Management,-,-,-,-,-,,,,,,,,,,,,,,,,,,,,,,,,,,,,,,,,,,,,,,,,,,,,,,,,,,,,,,,,,
867,"Oct 25, 2022 @ 04:22:00.829",DESKTOP-32EH6N8,User Account Management,4797,security,success,Microsoft-Windows-Security-Auditing,-,-,-,-,-,x86_64,DESKTOP-32EH6N8,45429efd-c10a-4299-8a01-8a10b0cbf1b8,"fe80::7959:555c:b4f7:82d3, 192.168.170.20, fe80::f415:e770:257d:42d7, 169.254.66.215","00:0c:29:6e:f6:d9, f8:89:d2:da:70:74",DESKTOP-32EH6N8,19044.1288,windows,10.0.19041.1288 (WinBuild.160101.0800),Windows 10 Pro,Windows 10 Pro,windows,windows,10.0,information,"An attempt was made to query the existence of a blank password for an account.

Subject:
	Security ID:		S-1-5-21-1431998111-292960839-2456834407-1001
	Account Name:		zhongli
	Account Domain:		DESKTOP-32EH6N8
	Logon ID:		0x6337BC

Additional Information:
	Caller Workstation:	DESKTOP-32EH6N8
	Target Account Name:	WDAGUtilityAccount
	Target Account Domain:	DESKTOP-32EH6N8",-,-,-,-,-,-,-,-,-,-,-,-,-,-,-,-,-,-,-,-,-,-,-,-,-,-,-,-,-,-,-,-,-,-,-,{96d05236-e7e2-0002-7b52-d096e2e7d801},wineventlog,Security,DESKTOP-32EH6N8,-,-,-,-,-,-,-,-,-,-,-,-,-,-,-,-,-,-,-,-,-,-,-,-,-,-,-,-,-,-,-,DESKTOP-32EH6N8,0x6337bc,zhongli,S-1-5-21-1431998111-292960839-2456834407-1001,-,DESKTOP-32EH6N8,-,-,-,-,-,-,-,-,-,WDAGUtilityAccount,-,-,-,-,-,DESKTOP-32EH6N8,-,-,-,-,-,-,-,-,-,-,-,-,-,-,-,4797,Audit Success,0x6337bc,-,Info,776,"7,152",{54849625-5478-4994-a5ba-3e3b0328c30d},Microsoft-Windows-Security-Auditing,2314,User Account Management,-,-,-,-,-,,,,,,,,,,,,,,,,,,,,,,,,,,,,,,,,,,,,,,,,,,,,,,,,,,,,,,,,,
868,"Oct 25, 2022 @ 04:22:00.826",DESKTOP-32EH6N8,User Account Management,4797,security,success,Microsoft-Windows-Security-Auditing,-,-,-,-,-,x86_64,DESKTOP-32EH6N8,45429efd-c10a-4299-8a01-8a10b0cbf1b8,"fe80::7959:555c:b4f7:82d3, 192.168.170.20, fe80::f415:e770:257d:42d7, 169.254.66.215","00:0c:29:6e:f6:d9, f8:89:d2:da:70:74",DESKTOP-32EH6N8,19044.1288,windows,10.0.19041.1288 (WinBuild.160101.0800),Windows 10 Pro,Windows 10 Pro,windows,windows,10.0,information,"An attempt was made to query the existence of a blank password for an account.

Subject:
	Security ID:		S-1-5-21-1431998111-292960839-2456834407-1001
	Account Name:		zhongli
	Account Domain:		DESKTOP-32EH6N8
	Logon ID:		0x6337BC

Additional Information:
	Caller Workstation:	DESKTOP-32EH6N8
	Target Account Name:	DefaultAccount
	Target Account Domain:	DESKTOP-32EH6N8",-,-,-,-,-,-,-,-,-,-,-,-,-,-,-,-,-,-,-,-,-,-,-,-,-,-,-,-,-,-,-,-,-,-,-,{96d05236-e7e2-0002-7b52-d096e2e7d801},wineventlog,Security,DESKTOP-32EH6N8,-,-,-,-,-,-,-,-,-,-,-,-,-,-,-,-,-,-,-,-,-,-,-,-,-,-,-,-,-,-,-,DESKTOP-32EH6N8,0x6337bc,zhongli,S-1-5-21-1431998111-292960839-2456834407-1001,-,DESKTOP-32EH6N8,-,-,-,-,-,-,-,-,-,DefaultAccount,-,-,-,-,-,DESKTOP-32EH6N8,-,-,-,-,-,-,-,-,-,-,-,-,-,-,-,4797,Audit Success,0x6337bc,-,Info,776,"8,064",{54849625-5478-4994-a5ba-3e3b0328c30d},Microsoft-Windows-Security-Auditing,2313,User Account Management,-,-,-,-,-,,,,,,,,,,,,,,,,,,,,,,,,,,,,,,,,,,,,,,,,,,,,,,,,,,,,,,,,,
869,"Oct 25, 2022 @ 04:22:00.821",DESKTOP-32EH6N8,User Account Management,4797,security,success,Microsoft-Windows-Security-Auditing,-,-,-,-,-,x86_64,DESKTOP-32EH6N8,45429efd-c10a-4299-8a01-8a10b0cbf1b8,"fe80::7959:555c:b4f7:82d3, 192.168.170.20, fe80::f415:e770:257d:42d7, 169.254.66.215","00:0c:29:6e:f6:d9, f8:89:d2:da:70:74",DESKTOP-32EH6N8,19044.1288,windows,10.0.19041.1288 (WinBuild.160101.0800),Windows 10 Pro,Windows 10 Pro,windows,windows,10.0,information,"An attempt was made to query the existence of a blank password for an account.

Subject:
	Security ID:		S-1-5-21-1431998111-292960839-2456834407-1001
	Account Name:		zhongli
	Account Domain:		DESKTOP-32EH6N8
	Logon ID:		0x6337BC

Additional Information:
	Caller Workstation:	DESKTOP-32EH6N8
	Target Account Name:	Administrator
	Target Account Domain:	DESKTOP-32EH6N8",-,-,-,-,-,-,-,-,-,-,-,-,-,-,-,-,-,-,-,-,-,-,-,-,-,-,-,-,-,-,-,-,-,-,-,{96d05236-e7e2-0002-7b52-d096e2e7d801},wineventlog,Security,DESKTOP-32EH6N8,-,-,-,-,-,-,-,-,-,-,-,-,-,-,-,-,-,-,-,-,-,-,-,-,-,-,-,-,-,-,-,DESKTOP-32EH6N8,0x6337bc,zhongli,S-1-5-21-1431998111-292960839-2456834407-1001,-,DESKTOP-32EH6N8,-,-,-,-,-,-,-,-,-,Administrator,-,-,-,-,-,DESKTOP-32EH6N8,-,-,-,-,-,-,-,-,-,-,-,-,-,-,-,4797,Audit Success,0x6337bc,-,Info,776,"8,064",{54849625-5478-4994-a5ba-3e3b0328c30d},Microsoft-Windows-Security-Auditing,2312,User Account Management,-,-,-,-,-,,,,,,,,,,,,,,,,,,,,,,,,,,,,,,,,,,,,,,,,,,,,,,,,,,,,,,,,,
870,"Oct 25, 2022 @ 04:22:00.819",DESKTOP-32EH6N8,User Account Management,4797,security,success,Microsoft-Windows-Security-Auditing,-,-,-,-,-,x86_64,DESKTOP-32EH6N8,45429efd-c10a-4299-8a01-8a10b0cbf1b8,"fe80::7959:555c:b4f7:82d3, 192.168.170.20, fe80::f415:e770:257d:42d7, 169.254.66.215","00:0c:29:6e:f6:d9, f8:89:d2:da:70:74",DESKTOP-32EH6N8,19044.1288,windows,10.0.19041.1288 (WinBuild.160101.0800),Windows 10 Pro,Windows 10 Pro,windows,windows,10.0,information,"An attempt was made to query the existence of a blank password for an account.

Subject:
	Security ID:		S-1-5-21-1431998111-292960839-2456834407-1001
	Account Name:		zhongli
	Account Domain:		DESKTOP-32EH6N8
	Logon ID:		0x6337BC

Additional Information:
	Caller Workstation:	DESKTOP-32EH6N8
	Target Account Name:	WDAGUtilityAccount
	Target Account Domain:	DESKTOP-32EH6N8",-,-,-,-,-,-,-,-,-,-,-,-,-,-,-,-,-,-,-,-,-,-,-,-,-,-,-,-,-,-,-,-,-,-,-,{96d05236-e7e2-0002-7b52-d096e2e7d801},wineventlog,Security,DESKTOP-32EH6N8,-,-,-,-,-,-,-,-,-,-,-,-,-,-,-,-,-,-,-,-,-,-,-,-,-,-,-,-,-,-,-,DESKTOP-32EH6N8,0x6337bc,zhongli,S-1-5-21-1431998111-292960839-2456834407-1001,-,DESKTOP-32EH6N8,-,-,-,-,-,-,-,-,-,WDAGUtilityAccount,-,-,-,-,-,DESKTOP-32EH6N8,-,-,-,-,-,-,-,-,-,-,-,-,-,-,-,4797,Audit Success,0x6337bc,-,Info,776,"8,064",{54849625-5478-4994-a5ba-3e3b0328c30d},Microsoft-Windows-Security-Auditing,2311,User Account Management,-,-,-,-,-,,,,,,,,,,,,,,,,,,,,,,,,,,,,,,,,,,,,,,,,,,,,,,,,,,,,,,,,,
871,"Oct 25, 2022 @ 04:22:00.818",DESKTOP-32EH6N8,User Account Management,4797,security,success,Microsoft-Windows-Security-Auditing,-,-,-,-,-,x86_64,DESKTOP-32EH6N8,45429efd-c10a-4299-8a01-8a10b0cbf1b8,"fe80::7959:555c:b4f7:82d3, 192.168.170.20, fe80::f415:e770:257d:42d7, 169.254.66.215","00:0c:29:6e:f6:d9, f8:89:d2:da:70:74",DESKTOP-32EH6N8,19044.1288,windows,10.0.19041.1288 (WinBuild.160101.0800),Windows 10 Pro,Windows 10 Pro,windows,windows,10.0,information,"An attempt was made to query the existence of a blank password for an account.

Subject:
	Security ID:		S-1-5-21-1431998111-292960839-2456834407-1001
	Account Name:		zhongli
	Account Domain:		DESKTOP-32EH6N8
	Logon ID:		0x6337BC

Additional Information:
	Caller Workstation:	DESKTOP-32EH6N8
	Target Account Name:	Guest
	Target Account Domain:	DESKTOP-32EH6N8",-,-,-,-,-,-,-,-,-,-,-,-,-,-,-,-,-,-,-,-,-,-,-,-,-,-,-,-,-,-,-,-,-,-,-,{96d05236-e7e2-0002-7b52-d096e2e7d801},wineventlog,Security,DESKTOP-32EH6N8,-,-,-,-,-,-,-,-,-,-,-,-,-,-,-,-,-,-,-,-,-,-,-,-,-,-,-,-,-,-,-,DESKTOP-32EH6N8,0x6337bc,zhongli,S-1-5-21-1431998111-292960839-2456834407-1001,-,DESKTOP-32EH6N8,-,-,-,-,-,-,-,-,-,Guest,-,-,-,-,-,DESKTOP-32EH6N8,-,-,-,-,-,-,-,-,-,-,-,-,-,-,-,4797,Audit Success,0x6337bc,-,Info,776,"8,064",{54849625-5478-4994-a5ba-3e3b0328c30d},Microsoft-Windows-Security-Auditing,2310,User Account Management,-,-,-,-,-,,,,,,,,,,,,,,,,,,,,,,,,,,,,,,,,,,,,,,,,,,,,,,,,,,,,,,,,,
872,"Oct 25, 2022 @ 04:22:00.816",DESKTOP-32EH6N8,User Account Management,4797,security,success,Microsoft-Windows-Security-Auditing,-,-,-,-,-,x86_64,DESKTOP-32EH6N8,45429efd-c10a-4299-8a01-8a10b0cbf1b8,"fe80::7959:555c:b4f7:82d3, 192.168.170.20, fe80::f415:e770:257d:42d7, 169.254.66.215","00:0c:29:6e:f6:d9, f8:89:d2:da:70:74",DESKTOP-32EH6N8,19044.1288,windows,10.0.19041.1288 (WinBuild.160101.0800),Windows 10 Pro,Windows 10 Pro,windows,windows,10.0,information,"An attempt was made to query the existence of a blank password for an account.

Subject:
	Security ID:		S-1-5-21-1431998111-292960839-2456834407-1001
	Account Name:		zhongli
	Account Domain:		DESKTOP-32EH6N8
	Logon ID:		0x6337BC

Additional Information:
	Caller Workstation:	DESKTOP-32EH6N8
	Target Account Name:	DefaultAccount
	Target Account Domain:	DESKTOP-32EH6N8",-,-,-,-,-,-,-,-,-,-,-,-,-,-,-,-,-,-,-,-,-,-,-,-,-,-,-,-,-,-,-,-,-,-,-,{96d05236-e7e2-0002-7b52-d096e2e7d801},wineventlog,Security,DESKTOP-32EH6N8,-,-,-,-,-,-,-,-,-,-,-,-,-,-,-,-,-,-,-,-,-,-,-,-,-,-,-,-,-,-,-,DESKTOP-32EH6N8,0x6337bc,zhongli,S-1-5-21-1431998111-292960839-2456834407-1001,-,DESKTOP-32EH6N8,-,-,-,-,-,-,-,-,-,DefaultAccount,-,-,-,-,-,DESKTOP-32EH6N8,-,-,-,-,-,-,-,-,-,-,-,-,-,-,-,4797,Audit Success,0x6337bc,-,Info,776,"8,064",{54849625-5478-4994-a5ba-3e3b0328c30d},Microsoft-Windows-Security-Auditing,2309,User Account Management,-,-,-,-,-,,,,,,,,,,,,,,,,,,,,,,,,,,,,,,,,,,,,,,,,,,,,,,,,,,,,,,,,,
873,"Oct 25, 2022 @ 04:22:00.815",DESKTOP-32EH6N8,User Account Management,4797,security,success,Microsoft-Windows-Security-Auditing,-,-,-,-,-,x86_64,DESKTOP-32EH6N8,45429efd-c10a-4299-8a01-8a10b0cbf1b8,"fe80::7959:555c:b4f7:82d3, 192.168.170.20, fe80::f415:e770:257d:42d7, 169.254.66.215","00:0c:29:6e:f6:d9, f8:89:d2:da:70:74",DESKTOP-32EH6N8,19044.1288,windows,10.0.19041.1288 (WinBuild.160101.0800),Windows 10 Pro,Windows 10 Pro,windows,windows,10.0,information,"An attempt was made to query the existence of a blank password for an account.

Subject:
	Security ID:		S-1-5-21-1431998111-292960839-2456834407-1001
	Account Name:		zhongli
	Account Domain:		DESKTOP-32EH6N8
	Logon ID:		0x6337BC

Additional Information:
	Caller Workstation:	DESKTOP-32EH6N8
	Target Account Name:	Administrator
	Target Account Domain:	DESKTOP-32EH6N8",-,-,-,-,-,-,-,-,-,-,-,-,-,-,-,-,-,-,-,-,-,-,-,-,-,-,-,-,-,-,-,-,-,-,-,{96d05236-e7e2-0002-7b52-d096e2e7d801},wineventlog,Security,DESKTOP-32EH6N8,-,-,-,-,-,-,-,-,-,-,-,-,-,-,-,-,-,-,-,-,-,-,-,-,-,-,-,-,-,-,-,DESKTOP-32EH6N8,0x6337bc,zhongli,S-1-5-21-1431998111-292960839-2456834407-1001,-,DESKTOP-32EH6N8,-,-,-,-,-,-,-,-,-,Administrator,-,-,-,-,-,DESKTOP-32EH6N8,-,-,-,-,-,-,-,-,-,-,-,-,-,-,-,4797,Audit Success,0x6337bc,-,Info,776,"8,064",{54849625-5478-4994-a5ba-3e3b0328c30d},Microsoft-Windows-Security-Auditing,2308,User Account Management,-,-,-,-,-,,,,,,,,,,,,,,,,,,,,,,,,,,,,,,,,,,,,,,,,,,,,,,,,,,,,,,,,,
874,"Oct 25, 2022 @ 04:21:53.912",DESKTOP-32EH6N8,Engine Lifecycle,403,powershell,-,PowerShell,15,end,-,-,-,x86_64,DESKTOP-32EH6N8,45429efd-c10a-4299-8a01-8a10b0cbf1b8,"fe80::7959:555c:b4f7:82d3, 192.168.170.20, fe80::f415:e770:257d:42d7, 169.254.66.215","00:0c:29:6e:f6:d9, f8:89:d2:da:70:74",DESKTOP-32EH6N8,19044.1288,windows,10.0.19041.1288 (WinBuild.160101.0800),Windows 10 Pro,Windows 10 Pro,windows,windows,10.0,information,"Engine state is changed from Available to Stopped. 

Details: 
	NewEngineState=Stopped
	PreviousEngineState=Available

	SequenceNumber=15

	HostName=ConsoleHost
	HostVersion=5.1.19041.1237
	HostId=a577b73f-ec81-4a98-a5ad-45ed20e047e8
	HostApplication=powershell.exe -ExecutionPolicy Restricted -Command Write-Host 'Final result: 1';
	EngineVersion=5.1.19041.1237
	RunspaceId=e34ef109-ab82-4fde-915f-764d10c252d5
	PipelineId=
	CommandName=
	CommandType=
	ScriptName=
	CommandPath=
	CommandLine=",Stopped,Available,5.1.19041.1237,5.1.19041.1237,-,-,e34ef109-ab82-4fde-915f-764d10c252d5,"powershell.exe, -ExecutionPolicy, Restricted, -Command, Write-Host, 'Final, result:, 1';",8,powershell.exe -ExecutionPolicy Restricted -Command Write-Host 'Final result: 1';,powershell.exe -ExecutionPolicy Restricted -Command Write-Host 'Final result: 1';,a577b73f-ec81-4a98-a5ad-45ed20e047e8,-,-,-,-,-,ConsoleHost,ConsoleHost,-,-,-,-,-,-,-,-,-,-,-,-,-,-,-,-,-,wineventlog,Windows PowerShell,DESKTOP-32EH6N8,-,-,-,-,-,-,-,-,-,-,-,-,-,-,-,-,-,-,-,-,-,-,-,-,-,-,-,-,-,-,-,-,-,-,-,-,-,-,-,-,-,-,-,-,-,-,-,-,-,-,-,-,-,-,-,-,-,-,-,-,-,-,-,-,-,-,-,-,403,Classic,-,-,Info,-,-,-,PowerShell,285,Engine Lifecycle,-,-,-,-,-,,,,,,,,,,,,,,,,,,,,,,,,,,,,,,,,,,,,,,,,,,,,,,,,,,,,,,,,,
875,"Oct 25, 2022 @ 04:21:53.566",DESKTOP-32EH6N8,Engine Lifecycle,400,powershell,-,PowerShell,13,start,-,-,-,x86_64,DESKTOP-32EH6N8,45429efd-c10a-4299-8a01-8a10b0cbf1b8,"fe80::7959:555c:b4f7:82d3, 192.168.170.20, fe80::f415:e770:257d:42d7, 169.254.66.215","00:0c:29:6e:f6:d9, f8:89:d2:da:70:74",DESKTOP-32EH6N8,19044.1288,windows,10.0.19041.1288 (WinBuild.160101.0800),Windows 10 Pro,Windows 10 Pro,windows,windows,10.0,information,"Engine state is changed from None to Available. 

Details: 
	NewEngineState=Available
	PreviousEngineState=None

	SequenceNumber=13

	HostName=ConsoleHost
	HostVersion=5.1.19041.1237
	HostId=a577b73f-ec81-4a98-a5ad-45ed20e047e8
	HostApplication=powershell.exe -ExecutionPolicy Restricted -Command Write-Host 'Final result: 1';
	EngineVersion=5.1.19041.1237
	RunspaceId=e34ef109-ab82-4fde-915f-764d10c252d5
	PipelineId=
	CommandName=
	CommandType=
	ScriptName=
	CommandPath=
	CommandLine=",Available,None,5.1.19041.1237,5.1.19041.1237,-,-,e34ef109-ab82-4fde-915f-764d10c252d5,"powershell.exe, -ExecutionPolicy, Restricted, -Command, Write-Host, 'Final, result:, 1';",8,powershell.exe -ExecutionPolicy Restricted -Command Write-Host 'Final result: 1';,powershell.exe -ExecutionPolicy Restricted -Command Write-Host 'Final result: 1';,a577b73f-ec81-4a98-a5ad-45ed20e047e8,-,-,-,-,-,ConsoleHost,ConsoleHost,-,-,-,-,-,-,-,-,-,-,-,-,-,-,-,-,-,wineventlog,Windows PowerShell,DESKTOP-32EH6N8,-,-,-,-,-,-,-,-,-,-,-,-,-,-,-,-,-,-,-,-,-,-,-,-,-,-,-,-,-,-,-,-,-,-,-,-,-,-,-,-,-,-,-,-,-,-,-,-,-,-,-,-,-,-,-,-,-,-,-,-,-,-,-,-,-,-,-,-,400,Classic,-,-,Info,-,-,-,PowerShell,284,Engine Lifecycle,-,-,-,-,-,,,,,,,,,,,,,,,,,,,,,,,,,,,,,,,,,,,,,,,,,,,,,,,,,,,,,,,,,
876,"Oct 25, 2022 @ 04:21:53.550",DESKTOP-32EH6N8,Provider Lifecycle,600,powershell,-,PowerShell,1,info,-,-,-,x86_64,DESKTOP-32EH6N8,45429efd-c10a-4299-8a01-8a10b0cbf1b8,"fe80::7959:555c:b4f7:82d3, 192.168.170.20, fe80::f415:e770:257d:42d7, 169.254.66.215","00:0c:29:6e:f6:d9, f8:89:d2:da:70:74",DESKTOP-32EH6N8,19044.1288,windows,10.0.19041.1288 (WinBuild.160101.0800),Windows 10 Pro,Windows 10 Pro,windows,windows,10.0,information,"Provider ""Registry"" is Started. 

Details: 
	ProviderName=Registry
	NewProviderState=Started

	SequenceNumber=1

	HostName=ConsoleHost
	HostVersion=5.1.19041.1237
	HostId=a577b73f-ec81-4a98-a5ad-45ed20e047e8
	HostApplication=powershell.exe -ExecutionPolicy Restricted -Command Write-Host 'Final result: 1';
	EngineVersion=
	RunspaceId=
	PipelineId=
	CommandName=
	CommandType=
	ScriptName=
	CommandPath=
	CommandLine=",-,-,-,5.1.19041.1237,Registry,Started,-,"powershell.exe, -ExecutionPolicy, Restricted, -Command, Write-Host, 'Final, result:, 1';",8,powershell.exe -ExecutionPolicy Restricted -Command Write-Host 'Final result: 1';,powershell.exe -ExecutionPolicy Restricted -Command Write-Host 'Final result: 1';,a577b73f-ec81-4a98-a5ad-45ed20e047e8,-,-,-,-,-,ConsoleHost,ConsoleHost,-,-,-,-,-,-,-,-,-,-,-,-,-,-,-,-,-,wineventlog,Windows PowerShell,DESKTOP-32EH6N8,-,-,-,-,-,-,-,-,-,-,-,-,-,-,-,-,-,-,-,-,-,-,-,-,-,-,-,-,-,-,-,-,-,-,-,-,-,-,-,-,-,-,-,-,-,-,-,-,-,-,-,-,-,-,-,-,-,-,-,-,-,-,-,-,-,-,-,-,600,Classic,-,-,Info,-,-,-,PowerShell,278,Provider Lifecycle,-,-,-,-,-,,,,,,,,,,,,,,,,,,,,,,,,,,,,,,,,,,,,,,,,,,,,,,,,,,,,,,,,,
877,"Oct 25, 2022 @ 04:21:53.550",DESKTOP-32EH6N8,Provider Lifecycle,600,powershell,-,PowerShell,3,info,-,-,-,x86_64,DESKTOP-32EH6N8,45429efd-c10a-4299-8a01-8a10b0cbf1b8,"fe80::7959:555c:b4f7:82d3, 192.168.170.20, fe80::f415:e770:257d:42d7, 169.254.66.215","00:0c:29:6e:f6:d9, f8:89:d2:da:70:74",DESKTOP-32EH6N8,19044.1288,windows,10.0.19041.1288 (WinBuild.160101.0800),Windows 10 Pro,Windows 10 Pro,windows,windows,10.0,information,"Provider ""Alias"" is Started. 

Details: 
	ProviderName=Alias
	NewProviderState=Started

	SequenceNumber=3

	HostName=ConsoleHost
	HostVersion=5.1.19041.1237
	HostId=a577b73f-ec81-4a98-a5ad-45ed20e047e8
	HostApplication=powershell.exe -ExecutionPolicy Restricted -Command Write-Host 'Final result: 1';
	EngineVersion=
	RunspaceId=
	PipelineId=
	CommandName=
	CommandType=
	ScriptName=
	CommandPath=
	CommandLine=",-,-,-,5.1.19041.1237,Alias,Started,-,"powershell.exe, -ExecutionPolicy, Restricted, -Command, Write-Host, 'Final, result:, 1';",8,powershell.exe -ExecutionPolicy Restricted -Command Write-Host 'Final result: 1';,powershell.exe -ExecutionPolicy Restricted -Command Write-Host 'Final result: 1';,a577b73f-ec81-4a98-a5ad-45ed20e047e8,-,-,-,-,-,ConsoleHost,ConsoleHost,-,-,-,-,-,-,-,-,-,-,-,-,-,-,-,-,-,wineventlog,Windows PowerShell,DESKTOP-32EH6N8,-,-,-,-,-,-,-,-,-,-,-,-,-,-,-,-,-,-,-,-,-,-,-,-,-,-,-,-,-,-,-,-,-,-,-,-,-,-,-,-,-,-,-,-,-,-,-,-,-,-,-,-,-,-,-,-,-,-,-,-,-,-,-,-,-,-,-,-,600,Classic,-,-,Info,-,-,-,PowerShell,279,Provider Lifecycle,-,-,-,-,-,,,,,,,,,,,,,,,,,,,,,,,,,,,,,,,,,,,,,,,,,,,,,,,,,,,,,,,,,
878,"Oct 25, 2022 @ 04:21:53.550",DESKTOP-32EH6N8,Provider Lifecycle,600,powershell,-,PowerShell,5,info,-,-,-,x86_64,DESKTOP-32EH6N8,45429efd-c10a-4299-8a01-8a10b0cbf1b8,"fe80::7959:555c:b4f7:82d3, 192.168.170.20, fe80::f415:e770:257d:42d7, 169.254.66.215","00:0c:29:6e:f6:d9, f8:89:d2:da:70:74",DESKTOP-32EH6N8,19044.1288,windows,10.0.19041.1288 (WinBuild.160101.0800),Windows 10 Pro,Windows 10 Pro,windows,windows,10.0,information,"Provider ""Environment"" is Started. 

Details: 
	ProviderName=Environment
	NewProviderState=Started

	SequenceNumber=5

	HostName=ConsoleHost
	HostVersion=5.1.19041.1237
	HostId=a577b73f-ec81-4a98-a5ad-45ed20e047e8
	HostApplication=powershell.exe -ExecutionPolicy Restricted -Command Write-Host 'Final result: 1';
	EngineVersion=
	RunspaceId=
	PipelineId=
	CommandName=
	CommandType=
	ScriptName=
	CommandPath=
	CommandLine=",-,-,-,5.1.19041.1237,Environment,Started,-,"powershell.exe, -ExecutionPolicy, Restricted, -Command, Write-Host, 'Final, result:, 1';",8,powershell.exe -ExecutionPolicy Restricted -Command Write-Host 'Final result: 1';,powershell.exe -ExecutionPolicy Restricted -Command Write-Host 'Final result: 1';,a577b73f-ec81-4a98-a5ad-45ed20e047e8,-,-,-,-,-,ConsoleHost,ConsoleHost,-,-,-,-,-,-,-,-,-,-,-,-,-,-,-,-,-,wineventlog,Windows PowerShell,DESKTOP-32EH6N8,-,-,-,-,-,-,-,-,-,-,-,-,-,-,-,-,-,-,-,-,-,-,-,-,-,-,-,-,-,-,-,-,-,-,-,-,-,-,-,-,-,-,-,-,-,-,-,-,-,-,-,-,-,-,-,-,-,-,-,-,-,-,-,-,-,-,-,-,600,Classic,-,-,Info,-,-,-,PowerShell,280,Provider Lifecycle,-,-,-,-,-,,,,,,,,,,,,,,,,,,,,,,,,,,,,,,,,,,,,,,,,,,,,,,,,,,,,,,,,,
879,"Oct 25, 2022 @ 04:21:53.550",DESKTOP-32EH6N8,Provider Lifecycle,600,powershell,-,PowerShell,7,info,-,-,-,x86_64,DESKTOP-32EH6N8,45429efd-c10a-4299-8a01-8a10b0cbf1b8,"fe80::7959:555c:b4f7:82d3, 192.168.170.20, fe80::f415:e770:257d:42d7, 169.254.66.215","00:0c:29:6e:f6:d9, f8:89:d2:da:70:74",DESKTOP-32EH6N8,19044.1288,windows,10.0.19041.1288 (WinBuild.160101.0800),Windows 10 Pro,Windows 10 Pro,windows,windows,10.0,information,"Provider ""FileSystem"" is Started. 

Details: 
	ProviderName=FileSystem
	NewProviderState=Started

	SequenceNumber=7

	HostName=ConsoleHost
	HostVersion=5.1.19041.1237
	HostId=a577b73f-ec81-4a98-a5ad-45ed20e047e8
	HostApplication=powershell.exe -ExecutionPolicy Restricted -Command Write-Host 'Final result: 1';
	EngineVersion=
	RunspaceId=
	PipelineId=
	CommandName=
	CommandType=
	ScriptName=
	CommandPath=
	CommandLine=",-,-,-,5.1.19041.1237,FileSystem,Started,-,"powershell.exe, -ExecutionPolicy, Restricted, -Command, Write-Host, 'Final, result:, 1';",8,powershell.exe -ExecutionPolicy Restricted -Command Write-Host 'Final result: 1';,powershell.exe -ExecutionPolicy Restricted -Command Write-Host 'Final result: 1';,a577b73f-ec81-4a98-a5ad-45ed20e047e8,-,-,-,-,-,ConsoleHost,ConsoleHost,-,-,-,-,-,-,-,-,-,-,-,-,-,-,-,-,-,wineventlog,Windows PowerShell,DESKTOP-32EH6N8,-,-,-,-,-,-,-,-,-,-,-,-,-,-,-,-,-,-,-,-,-,-,-,-,-,-,-,-,-,-,-,-,-,-,-,-,-,-,-,-,-,-,-,-,-,-,-,-,-,-,-,-,-,-,-,-,-,-,-,-,-,-,-,-,-,-,-,-,600,Classic,-,-,Info,-,-,-,PowerShell,281,Provider Lifecycle,-,-,-,-,-,,,,,,,,,,,,,,,,,,,,,,,,,,,,,,,,,,,,,,,,,,,,,,,,,,,,,,,,,
880,"Oct 25, 2022 @ 04:21:53.550",DESKTOP-32EH6N8,Provider Lifecycle,600,powershell,-,PowerShell,9,info,-,-,-,x86_64,DESKTOP-32EH6N8,45429efd-c10a-4299-8a01-8a10b0cbf1b8,"fe80::7959:555c:b4f7:82d3, 192.168.170.20, fe80::f415:e770:257d:42d7, 169.254.66.215","00:0c:29:6e:f6:d9, f8:89:d2:da:70:74",DESKTOP-32EH6N8,19044.1288,windows,10.0.19041.1288 (WinBuild.160101.0800),Windows 10 Pro,Windows 10 Pro,windows,windows,10.0,information,"Provider ""Function"" is Started. 

Details: 
	ProviderName=Function
	NewProviderState=Started

	SequenceNumber=9

	HostName=ConsoleHost
	HostVersion=5.1.19041.1237
	HostId=a577b73f-ec81-4a98-a5ad-45ed20e047e8
	HostApplication=powershell.exe -ExecutionPolicy Restricted -Command Write-Host 'Final result: 1';
	EngineVersion=
	RunspaceId=
	PipelineId=
	CommandName=
	CommandType=
	ScriptName=
	CommandPath=
	CommandLine=",-,-,-,5.1.19041.1237,Function,Started,-,"powershell.exe, -ExecutionPolicy, Restricted, -Command, Write-Host, 'Final, result:, 1';",8,powershell.exe -ExecutionPolicy Restricted -Command Write-Host 'Final result: 1';,powershell.exe -ExecutionPolicy Restricted -Command Write-Host 'Final result: 1';,a577b73f-ec81-4a98-a5ad-45ed20e047e8,-,-,-,-,-,ConsoleHost,ConsoleHost,-,-,-,-,-,-,-,-,-,-,-,-,-,-,-,-,-,wineventlog,Windows PowerShell,DESKTOP-32EH6N8,-,-,-,-,-,-,-,-,-,-,-,-,-,-,-,-,-,-,-,-,-,-,-,-,-,-,-,-,-,-,-,-,-,-,-,-,-,-,-,-,-,-,-,-,-,-,-,-,-,-,-,-,-,-,-,-,-,-,-,-,-,-,-,-,-,-,-,-,600,Classic,-,-,Info,-,-,-,PowerShell,282,Provider Lifecycle,-,-,-,-,-,,,,,,,,,,,,,,,,,,,,,,,,,,,,,,,,,,,,,,,,,,,,,,,,,,,,,,,,,
881,"Oct 25, 2022 @ 04:21:53.550",DESKTOP-32EH6N8,Provider Lifecycle,600,powershell,-,PowerShell,11,info,-,-,-,x86_64,DESKTOP-32EH6N8,45429efd-c10a-4299-8a01-8a10b0cbf1b8,"fe80::7959:555c:b4f7:82d3, 192.168.170.20, fe80::f415:e770:257d:42d7, 169.254.66.215","00:0c:29:6e:f6:d9, f8:89:d2:da:70:74",DESKTOP-32EH6N8,19044.1288,windows,10.0.19041.1288 (WinBuild.160101.0800),Windows 10 Pro,Windows 10 Pro,windows,windows,10.0,information,"Provider ""Variable"" is Started. 

Details: 
	ProviderName=Variable
	NewProviderState=Started

	SequenceNumber=11

	HostName=ConsoleHost
	HostVersion=5.1.19041.1237
	HostId=a577b73f-ec81-4a98-a5ad-45ed20e047e8
	HostApplication=powershell.exe -ExecutionPolicy Restricted -Command Write-Host 'Final result: 1';
	EngineVersion=
	RunspaceId=
	PipelineId=
	CommandName=
	CommandType=
	ScriptName=
	CommandPath=
	CommandLine=",-,-,-,5.1.19041.1237,Variable,Started,-,"powershell.exe, -ExecutionPolicy, Restricted, -Command, Write-Host, 'Final, result:, 1';",8,powershell.exe -ExecutionPolicy Restricted -Command Write-Host 'Final result: 1';,powershell.exe -ExecutionPolicy Restricted -Command Write-Host 'Final result: 1';,a577b73f-ec81-4a98-a5ad-45ed20e047e8,-,-,-,-,-,ConsoleHost,ConsoleHost,-,-,-,-,-,-,-,-,-,-,-,-,-,-,-,-,-,wineventlog,Windows PowerShell,DESKTOP-32EH6N8,-,-,-,-,-,-,-,-,-,-,-,-,-,-,-,-,-,-,-,-,-,-,-,-,-,-,-,-,-,-,-,-,-,-,-,-,-,-,-,-,-,-,-,-,-,-,-,-,-,-,-,-,-,-,-,-,-,-,-,-,-,-,-,-,-,-,-,-,600,Classic,-,-,Info,-,-,-,PowerShell,283,Provider Lifecycle,-,-,-,-,-,,,,,,,,,,,,,,,,,,,,,,,,,,,,,,,,,,,,,,,,,,,,,,,,,,,,,,,,,
882,"Oct 25, 2022 @ 04:21:52.042",DESKTOP-32EH6N8,user-member-enumerated,4799,security,success,Microsoft-Windows-Security-Auditing,-,"group, info",Builtin,S-1-5-32-544,Administrators,x86_64,DESKTOP-32EH6N8,45429efd-c10a-4299-8a01-8a10b0cbf1b8,"fe80::7959:555c:b4f7:82d3, 192.168.170.20, fe80::f415:e770:257d:42d7, 169.254.66.215","00:0c:29:6e:f6:d9, f8:89:d2:da:70:74",DESKTOP-32EH6N8,19044.1288,windows,10.0.19041.1288 (WinBuild.160101.0800),Windows 10 Pro,Windows 10 Pro,windows,windows,10.0,information,"A security-enabled local group membership was enumerated.

Subject:
	Security ID:		S-1-5-21-1431998111-292960839-2456834407-1001
	Account Name:		zhongli
	Account Domain:		DESKTOP-32EH6N8
	Logon ID:		0x6337BC

Group:
	Security ID:		S-1-5-32-544
	Group Name:		Administrators
	Group Domain:		Builtin

Process Information:
	Process ID:		0x824
	Process Name:		C:\Program Files\ESET\ESET Security\egui.exe",-,-,-,-,-,-,-,-,-,-,-,-,-,-,-,-,-,-,-,-,zhongli,-,-,-,DESKTOP-32EH6N8,-,-,-,S-1-5-21-1431998111-292960839-2456834407-1001,zhongli,zhongli,-,-,-,-,{96d05236-e7e2-0002-7b52-d096e2e7d801},wineventlog,Security,DESKTOP-32EH6N8,-,-,-,0x824,C:\Program Files\ESET\ESET Security\egui.exe,-,-,-,-,-,-,-,-,-,-,-,-,-,-,-,-,-,-,-,-,-,-,-,-,-,-,DESKTOP-32EH6N8,0x6337bc,zhongli,S-1-5-21-1431998111-292960839-2456834407-1001,-,Builtin,-,-,-,-,-,-,-,-,S-1-5-32-544,Administrators,-,-,-,-,-,-,-,-,-,-,-,-,-,-,-,-,-,-,-,-,-,4799,Audit Success,0x6337bc,-,Info,776,"8,064",{54849625-5478-4994-a5ba-3e3b0328c30d},Microsoft-Windows-Security-Auditing,2307,Security Group Management,-,-,-,-,-,,,,,,,,,,,,,,,,,,,,,,,,,,,,,,,,,,,,,,,,,,,,,,,,,,,,,,,,,
883,"Oct 25, 2022 @ 04:21:44.181",DESKTOP-32EH6N8,User Account Management,5379,security,success,Microsoft-Windows-Security-Auditing,-,-,-,-,-,x86_64,DESKTOP-32EH6N8,45429efd-c10a-4299-8a01-8a10b0cbf1b8,"fe80::7959:555c:b4f7:82d3, 192.168.170.20, fe80::f415:e770:257d:42d7, 169.254.66.215","00:0c:29:6e:f6:d9, f8:89:d2:da:70:74",DESKTOP-32EH6N8,19044.1288,windows,10.0.19041.1288 (WinBuild.160101.0800),Windows 10 Pro,Windows 10 Pro,windows,windows,10.0,information,"Credential Manager credentials were read.

Subject:
	Security ID:		S-1-5-21-1431998111-292960839-2456834407-1001
	Account Name:		zhongli
	Account Domain:		DESKTOP-32EH6N8
	Logon ID:		0x6337BC
	Read Operation:		Enumerate Credentials

This event occurs when a user performs a read operation on stored credentials in Credential Manager.",-,-,-,-,-,-,-,-,-,-,-,-,-,-,-,-,-,-,-,-,-,-,-,-,-,-,-,-,-,-,-,-,-,-,-,{96d05236-e7e2-0002-7b52-d096e2e7d801},wineventlog,Security,DESKTOP-32EH6N8,-,-,-,-,-,-,8328,0,-,-,-,-,-,-,-,-,-,-,-,-,-,-,-,-,-,-,2022-10-25T11:21:43.7683075Z,-,%%8100,-,3221226021,DESKTOP-32EH6N8,0x6337bc,zhongli,S-1-5-21-1431998111-292960839-2456834407-1001,-,-,-,-,-,-,OneDrive Cached Credential*,-,-,-,-,-,-,-,0,-,-,-,-,-,-,-,-,-,-,-,-,-,-,-,-,-,-,5379,Audit Success,0x6337bc,-,Info,776,"7,152",{54849625-5478-4994-a5ba-3e3b0328c30d},Microsoft-Windows-Security-Auditing,2306,User Account Management,-,-,-,-,-,,,,,,,,,,,,,,,,,,,,,,,,,,,,,,,,,,,,,,,,,,,,,,,,,,,,,,,,,
