202,"Oct 25, 2022 @ 04:30:49.731",DESKTOP-32EH6N8,audit-setting-changed,4907,security,success,Microsoft-Windows-Security-Auditing,-,"admin, change",-,-,-,-,-,-,-,-,x86_64,DESKTOP-32EH6N8,45429efd-c10a-4299-8a01-8a10b0cbf1b8,"fe80::7959:555c:b4f7:82d3, 192.168.170.20, fe80::f415:e770:257d:42d7, 169.254.66.215","00:0c:29:6e:f6:d9, f8:89:d2:da:70:74",DESKTOP-32EH6N8,19044.1288,windows,10.0.19041.1288 (WinBuild.160101.0800),Windows 10 Pro,Windows 10 Pro,windows,windows,10.0,information,"Auditing settings on object were changed.

Subject:
	Security ID:		S-1-5-18
	Account Name:		DESKTOP-32EH6N8$
	Account Domain:		WORKGROUP
	Logon ID:		0x3E7

Object:
	Object Server:	Security
	Object Type:	File
	Object Name:	C:\Windows\Microsoft.NET\Framework\v4.0.30319\Aspnet_perf.dll
	Handle ID:	0x970

Process Information:
	Process ID:	0x7a0
	Process Name:	C:\Windows\WinSxS\amd64_microsoft-windows-servicingstack_31bf3856ad364e35_10.0.19041.1220_none_7e21bc567c7ed16b\TiWorker.exe

Auditing Settings:
	Original Security Descriptor:	S:AINO_ACCESS_CONTROL
	New Security Descriptor:		S:ARAI(AU;SAFA;DCLCRPCRSDWDWO;;;WD)",-,-,-,-,-,-,-,-,-,-,-,-,-,-,-,-,-,-,-,-,-,-,-,-,-,C:\Windows\WinSxS\amd64_microsoft-windows-servicingstack_31bf3856ad364e35_10.0.19041.1220_none_7e21bc567c7ed16b\TiWorker.exe,C:\Windows\WinSxS\amd64_microsoft-windows-servicingstack_31bf3856ad364e35_10.0.19041.1220_none_7e21bc567c7ed16b\TiWorker.exe,TiWorker.exe,TiWorker.exe,"1,952",-,-,-,DESKTOP-32EH6N8$,-,-,-,WORKGROUP,-,-,-,S-1-5-18,DESKTOP-32EH6N8$,DESKTOP-32EH6N8$,-,-,-,-,-,wineventlog,Security,DESKTOP-32EH6N8,-,-,-,-,-,-,-,-,-,-,-,-,-,-,-,-,-,0x970,-,-,-,-,-,-,-,-,-,-,-,-,-,-,-,S:ARAI(AU;SAFA;DCLCRPCRSDWDWO;;;WD),"Everyone :System Audit ([Delete All Child Objects, List Contents, Read All Properties, All Extended Rights, Delete, Modify Permissions, Modify Owner])",-,C:\Windows\Microsoft.NET\Framework\v4.0.30319\Aspnet_perf.dll,Security,File,S:AINO_ACCESS_CONTROL,-,-,-,-,-,-,-,-,-,-,-,-,-,-,-,-,-,WORKGROUP,0x3e7,DESKTOP-32EH6N8$,S-1-5-18,-,-,-,-,-,-,-,-,-,-,-,-,-,-,-,-,-,-,-,-,-,-,-,-,-,-,-,-,-,-,-,-,-,-,-,-,-,-,-,-,-,-,-,-,4907.0,0x3e7,-,Info,4,480,{54849625-5478-4994-a5ba-3e3b0328c30d},Microsoft-Windows-Security-Auditing,2537.0,Audit Policy Change,-,-,-,-,-,-,-,-
203,"Oct 25, 2022 @ 04:30:49.692",DESKTOP-32EH6N8,audit-setting-changed,4907,security,success,Microsoft-Windows-Security-Auditing,-,"admin, change",-,-,-,-,-,-,-,-,x86_64,DESKTOP-32EH6N8,45429efd-c10a-4299-8a01-8a10b0cbf1b8,"fe80::7959:555c:b4f7:82d3, 192.168.170.20, fe80::f415:e770:257d:42d7, 169.254.66.215","00:0c:29:6e:f6:d9, f8:89:d2:da:70:74",DESKTOP-32EH6N8,19044.1288,windows,10.0.19041.1288 (WinBuild.160101.0800),Windows 10 Pro,Windows 10 Pro,windows,windows,10.0,information,"Auditing settings on object were changed.

Subject:
	Security ID:		S-1-5-18
	Account Name:		DESKTOP-32EH6N8$
	Account Domain:		WORKGROUP
	Logon ID:		0x3E7

Object:
	Object Server:	Security
	Object Type:	File
	Object Name:	C:\Windows\WinSxS\FileMaps\$$_microsoft.net_assembly_gac_msil_presentationframework_v4.0_4.0.0.0_31bf3856ad364e35_b57a3b1abb4f9cb2.cdf-ms
	Handle ID:	0xaa0

Process Information:
	Process ID:	0x7a0
	Process Name:	C:\Windows\WinSxS\amd64_microsoft-windows-servicingstack_31bf3856ad364e35_10.0.19041.1220_none_7e21bc567c7ed16b\TiWorker.exe

Auditing Settings:
	Original Security Descriptor:	
	New Security Descriptor:		S:ARAI(AU;SAFA;0x1f0116;;;WD)",-,-,-,-,-,-,-,-,-,-,-,-,-,-,-,-,-,-,-,-,-,-,-,-,-,C:\Windows\WinSxS\amd64_microsoft-windows-servicingstack_31bf3856ad364e35_10.0.19041.1220_none_7e21bc567c7ed16b\TiWorker.exe,C:\Windows\WinSxS\amd64_microsoft-windows-servicingstack_31bf3856ad364e35_10.0.19041.1220_none_7e21bc567c7ed16b\TiWorker.exe,TiWorker.exe,TiWorker.exe,"1,952",-,-,-,DESKTOP-32EH6N8$,-,-,-,WORKGROUP,-,-,-,S-1-5-18,DESKTOP-32EH6N8$,DESKTOP-32EH6N8$,-,-,-,-,-,wineventlog,Security,DESKTOP-32EH6N8,-,-,-,-,-,-,-,-,-,-,-,-,-,-,-,-,-,0xaa0,-,-,-,-,-,-,-,-,-,-,-,-,-,-,-,S:ARAI(AU;SAFA;0x1f0116;;;WD),"Everyone :System Audit ([Write Owner, Syncronize, Write DACL, Read Control, Delete])",-,C:\Windows\WinSxS\FileMaps\$$_microsoft.net_assembly_gac_msil_presentationframework_v4.0_4.0.0.0_31bf3856ad364e35_b57a3b1abb4f9cb2.cdf-ms,Security,File,-,-,-,-,-,-,-,-,-,-,-,-,-,-,-,-,-,-,WORKGROUP,0x3e7,DESKTOP-32EH6N8$,S-1-5-18,-,-,-,-,-,-,-,-,-,-,-,-,-,-,-,-,-,-,-,-,-,-,-,-,-,-,-,-,-,-,-,-,-,-,-,-,-,-,-,-,-,-,-,-,4907.0,0x3e7,-,Info,4,"6,884",{54849625-5478-4994-a5ba-3e3b0328c30d},Microsoft-Windows-Security-Auditing,2536.0,Audit Policy Change,-,-,-,-,-,-,-,-
204,"Oct 25, 2022 @ 04:30:49.689",DESKTOP-32EH6N8,audit-setting-changed,4907,security,success,Microsoft-Windows-Security-Auditing,-,"admin, change",-,-,-,-,-,-,-,-,x86_64,DESKTOP-32EH6N8,45429efd-c10a-4299-8a01-8a10b0cbf1b8,"fe80::7959:555c:b4f7:82d3, 192.168.170.20, fe80::f415:e770:257d:42d7, 169.254.66.215","00:0c:29:6e:f6:d9, f8:89:d2:da:70:74",DESKTOP-32EH6N8,19044.1288,windows,10.0.19041.1288 (WinBuild.160101.0800),Windows 10 Pro,Windows 10 Pro,windows,windows,10.0,information,"Auditing settings on object were changed.

Subject:
	Security ID:		S-1-5-18
	Account Name:		DESKTOP-32EH6N8$
	Account Domain:		WORKGROUP
	Logon ID:		0x3E7

Object:
	Object Server:	Security
	Object Type:	File
	Object Name:	C:\Windows\WinSxS\FileMaps\$$_microsoft.net_assembly_gac_msil_presentationframework-systemdata_v4.0_4.0.0.0_b77a5c561934e089_89b90455552a8828.cdf-ms
	Handle ID:	0x970

Process Information:
	Process ID:	0x7a0
	Process Name:	C:\Windows\WinSxS\amd64_microsoft-windows-servicingstack_31bf3856ad364e35_10.0.19041.1220_none_7e21bc567c7ed16b\TiWorker.exe

Auditing Settings:
	Original Security Descriptor:	
	New Security Descriptor:		S:ARAI(AU;SAFA;0x1f0116;;;WD)",-,-,-,-,-,-,-,-,-,-,-,-,-,-,-,-,-,-,-,-,-,-,-,-,-,C:\Windows\WinSxS\amd64_microsoft-windows-servicingstack_31bf3856ad364e35_10.0.19041.1220_none_7e21bc567c7ed16b\TiWorker.exe,C:\Windows\WinSxS\amd64_microsoft-windows-servicingstack_31bf3856ad364e35_10.0.19041.1220_none_7e21bc567c7ed16b\TiWorker.exe,TiWorker.exe,TiWorker.exe,"1,952",-,-,-,DESKTOP-32EH6N8$,-,-,-,WORKGROUP,-,-,-,S-1-5-18,DESKTOP-32EH6N8$,DESKTOP-32EH6N8$,-,-,-,-,-,wineventlog,Security,DESKTOP-32EH6N8,-,-,-,-,-,-,-,-,-,-,-,-,-,-,-,-,-,0x970,-,-,-,-,-,-,-,-,-,-,-,-,-,-,-,S:ARAI(AU;SAFA;0x1f0116;;;WD),"Everyone :System Audit ([Write Owner, Syncronize, Write DACL, Read Control, Delete])",-,C:\Windows\WinSxS\FileMaps\$$_microsoft.net_assembly_gac_msil_presentationframework-systemdata_v4.0_4.0.0.0_b77a5c561934e089_89b90455552a8828.cdf-ms,Security,File,-,-,-,-,-,-,-,-,-,-,-,-,-,-,-,-,-,-,WORKGROUP,0x3e7,DESKTOP-32EH6N8$,S-1-5-18,-,-,-,-,-,-,-,-,-,-,-,-,-,-,-,-,-,-,-,-,-,-,-,-,-,-,-,-,-,-,-,-,-,-,-,-,-,-,-,-,-,-,-,-,4907.0,0x3e7,-,Info,4,480,{54849625-5478-4994-a5ba-3e3b0328c30d},Microsoft-Windows-Security-Auditing,2535.0,Audit Policy Change,-,-,-,-,-,-,-,-
205,"Oct 25, 2022 @ 04:30:49.688",DESKTOP-32EH6N8,audit-setting-changed,4907,security,success,Microsoft-Windows-Security-Auditing,-,"admin, change",-,-,-,-,-,-,-,-,x86_64,DESKTOP-32EH6N8,45429efd-c10a-4299-8a01-8a10b0cbf1b8,"fe80::7959:555c:b4f7:82d3, 192.168.170.20, fe80::f415:e770:257d:42d7, 169.254.66.215","00:0c:29:6e:f6:d9, f8:89:d2:da:70:74",DESKTOP-32EH6N8,19044.1288,windows,10.0.19041.1288 (WinBuild.160101.0800),Windows 10 Pro,Windows 10 Pro,windows,windows,10.0,information,"Auditing settings on object were changed.

Subject:
	Security ID:		S-1-5-18
	Account Name:		DESKTOP-32EH6N8$
	Account Domain:		WORKGROUP
	Logon ID:		0x3E7

Object:
	Object Server:	Security
	Object Type:	File
	Object Name:	C:\Windows\WinSxS\FileMaps\$$_microsoft.net_assembly_gac_msil_smdiagnostics_v4.0_4.0.0.0_b77a5c561934e089_8a46d250f4d4a9d0.cdf-ms
	Handle ID:	0xdbc

Process Information:
	Process ID:	0x7a0
	Process Name:	C:\Windows\WinSxS\amd64_microsoft-windows-servicingstack_31bf3856ad364e35_10.0.19041.1220_none_7e21bc567c7ed16b\TiWorker.exe

Auditing Settings:
	Original Security Descriptor:	
	New Security Descriptor:		S:ARAI(AU;SAFA;0x1f0116;;;WD)",-,-,-,-,-,-,-,-,-,-,-,-,-,-,-,-,-,-,-,-,-,-,-,-,-,C:\Windows\WinSxS\amd64_microsoft-windows-servicingstack_31bf3856ad364e35_10.0.19041.1220_none_7e21bc567c7ed16b\TiWorker.exe,C:\Windows\WinSxS\amd64_microsoft-windows-servicingstack_31bf3856ad364e35_10.0.19041.1220_none_7e21bc567c7ed16b\TiWorker.exe,TiWorker.exe,TiWorker.exe,"1,952",-,-,-,DESKTOP-32EH6N8$,-,-,-,WORKGROUP,-,-,-,S-1-5-18,DESKTOP-32EH6N8$,DESKTOP-32EH6N8$,-,-,-,-,-,wineventlog,Security,DESKTOP-32EH6N8,-,-,-,-,-,-,-,-,-,-,-,-,-,-,-,-,-,0xdbc,-,-,-,-,-,-,-,-,-,-,-,-,-,-,-,S:ARAI(AU;SAFA;0x1f0116;;;WD),"Everyone :System Audit ([Write Owner, Syncronize, Write DACL, Read Control, Delete])",-,C:\Windows\WinSxS\FileMaps\$$_microsoft.net_assembly_gac_msil_smdiagnostics_v4.0_4.0.0.0_b77a5c561934e089_8a46d250f4d4a9d0.cdf-ms,Security,File,-,-,-,-,-,-,-,-,-,-,-,-,-,-,-,-,-,-,WORKGROUP,0x3e7,DESKTOP-32EH6N8$,S-1-5-18,-,-,-,-,-,-,-,-,-,-,-,-,-,-,-,-,-,-,-,-,-,-,-,-,-,-,-,-,-,-,-,-,-,-,-,-,-,-,-,-,-,-,-,-,4907.0,0x3e7,-,Info,4,480,{54849625-5478-4994-a5ba-3e3b0328c30d},Microsoft-Windows-Security-Auditing,2534.0,Audit Policy Change,-,-,-,-,-,-,-,-
206,"Oct 25, 2022 @ 04:30:49.686",DESKTOP-32EH6N8,audit-setting-changed,4907,security,success,Microsoft-Windows-Security-Auditing,-,"admin, change",-,-,-,-,-,-,-,-,x86_64,DESKTOP-32EH6N8,45429efd-c10a-4299-8a01-8a10b0cbf1b8,"fe80::7959:555c:b4f7:82d3, 192.168.170.20, fe80::f415:e770:257d:42d7, 169.254.66.215","00:0c:29:6e:f6:d9, f8:89:d2:da:70:74",DESKTOP-32EH6N8,19044.1288,windows,10.0.19041.1288 (WinBuild.160101.0800),Windows 10 Pro,Windows 10 Pro,windows,windows,10.0,information,"Auditing settings on object were changed.

Subject:
	Security ID:		S-1-5-18
	Account Name:		DESKTOP-32EH6N8$
	Account Domain:		WORKGROUP
	Logon ID:		0x3E7

Object:
	Object Server:	Security
	Object Type:	File
	Object Name:	C:\Windows\WinSxS\FileMaps\$$_microsoft.net_assembly_gac_msil_system_v4.0_4.0.0.0_b77a5c561934e089_4348a29e5981af79.cdf-ms
	Handle ID:	0xaa0

Process Information:
	Process ID:	0x7a0
	Process Name:	C:\Windows\WinSxS\amd64_microsoft-windows-servicingstack_31bf3856ad364e35_10.0.19041.1220_none_7e21bc567c7ed16b\TiWorker.exe

Auditing Settings:
	Original Security Descriptor:	
	New Security Descriptor:		S:ARAI(AU;SAFA;0x1f0116;;;WD)",-,-,-,-,-,-,-,-,-,-,-,-,-,-,-,-,-,-,-,-,-,-,-,-,-,C:\Windows\WinSxS\amd64_microsoft-windows-servicingstack_31bf3856ad364e35_10.0.19041.1220_none_7e21bc567c7ed16b\TiWorker.exe,C:\Windows\WinSxS\amd64_microsoft-windows-servicingstack_31bf3856ad364e35_10.0.19041.1220_none_7e21bc567c7ed16b\TiWorker.exe,TiWorker.exe,TiWorker.exe,"1,952",-,-,-,DESKTOP-32EH6N8$,-,-,-,WORKGROUP,-,-,-,S-1-5-18,DESKTOP-32EH6N8$,DESKTOP-32EH6N8$,-,-,-,-,-,wineventlog,Security,DESKTOP-32EH6N8,-,-,-,-,-,-,-,-,-,-,-,-,-,-,-,-,-,0xaa0,-,-,-,-,-,-,-,-,-,-,-,-,-,-,-,S:ARAI(AU;SAFA;0x1f0116;;;WD),"Everyone :System Audit ([Write Owner, Syncronize, Write DACL, Read Control, Delete])",-,C:\Windows\WinSxS\FileMaps\$$_microsoft.net_assembly_gac_msil_system_v4.0_4.0.0.0_b77a5c561934e089_4348a29e5981af79.cdf-ms,Security,File,-,-,-,-,-,-,-,-,-,-,-,-,-,-,-,-,-,-,WORKGROUP,0x3e7,DESKTOP-32EH6N8$,S-1-5-18,-,-,-,-,-,-,-,-,-,-,-,-,-,-,-,-,-,-,-,-,-,-,-,-,-,-,-,-,-,-,-,-,-,-,-,-,-,-,-,-,-,-,-,-,4907.0,0x3e7,-,Info,4,480,{54849625-5478-4994-a5ba-3e3b0328c30d},Microsoft-Windows-Security-Auditing,2533.0,Audit Policy Change,-,-,-,-,-,-,-,-
207,"Oct 25, 2022 @ 04:30:49.684",DESKTOP-32EH6N8,audit-setting-changed,4907,security,success,Microsoft-Windows-Security-Auditing,-,"admin, change",-,-,-,-,-,-,-,-,x86_64,DESKTOP-32EH6N8,45429efd-c10a-4299-8a01-8a10b0cbf1b8,"fe80::7959:555c:b4f7:82d3, 192.168.170.20, fe80::f415:e770:257d:42d7, 169.254.66.215","00:0c:29:6e:f6:d9, f8:89:d2:da:70:74",DESKTOP-32EH6N8,19044.1288,windows,10.0.19041.1288 (WinBuild.160101.0800),Windows 10 Pro,Windows 10 Pro,windows,windows,10.0,information,"Auditing settings on object were changed.

Subject:
	Security ID:		S-1-5-18
	Account Name:		DESKTOP-32EH6N8$
	Account Domain:		WORKGROUP
	Logon ID:		0x3E7

Object:
	Object Server:	Security
	Object Type:	File
	Object Name:	C:\Windows\WinSxS\FileMaps\$$_microsoft.net_assembly_gac_msil_system.activities_v4.0_4.0.0.0_31bf3856ad364e35_bdef15cb807505c8.cdf-ms
	Handle ID:	0x970

Process Information:
	Process ID:	0x7a0
	Process Name:	C:\Windows\WinSxS\amd64_microsoft-windows-servicingstack_31bf3856ad364e35_10.0.19041.1220_none_7e21bc567c7ed16b\TiWorker.exe

Auditing Settings:
	Original Security Descriptor:	
	New Security Descriptor:		S:ARAI(AU;SAFA;0x1f0116;;;WD)",-,-,-,-,-,-,-,-,-,-,-,-,-,-,-,-,-,-,-,-,-,-,-,-,-,C:\Windows\WinSxS\amd64_microsoft-windows-servicingstack_31bf3856ad364e35_10.0.19041.1220_none_7e21bc567c7ed16b\TiWorker.exe,C:\Windows\WinSxS\amd64_microsoft-windows-servicingstack_31bf3856ad364e35_10.0.19041.1220_none_7e21bc567c7ed16b\TiWorker.exe,TiWorker.exe,TiWorker.exe,"1,952",-,-,-,DESKTOP-32EH6N8$,-,-,-,WORKGROUP,-,-,-,S-1-5-18,DESKTOP-32EH6N8$,DESKTOP-32EH6N8$,-,-,-,-,-,wineventlog,Security,DESKTOP-32EH6N8,-,-,-,-,-,-,-,-,-,-,-,-,-,-,-,-,-,0x970,-,-,-,-,-,-,-,-,-,-,-,-,-,-,-,S:ARAI(AU;SAFA;0x1f0116;;;WD),"Everyone :System Audit ([Write Owner, Syncronize, Write DACL, Read Control, Delete])",-,C:\Windows\WinSxS\FileMaps\$$_microsoft.net_assembly_gac_msil_system.activities_v4.0_4.0.0.0_31bf3856ad364e35_bdef15cb807505c8.cdf-ms,Security,File,-,-,-,-,-,-,-,-,-,-,-,-,-,-,-,-,-,-,WORKGROUP,0x3e7,DESKTOP-32EH6N8$,S-1-5-18,-,-,-,-,-,-,-,-,-,-,-,-,-,-,-,-,-,-,-,-,-,-,-,-,-,-,-,-,-,-,-,-,-,-,-,-,-,-,-,-,-,-,-,-,4907.0,0x3e7,-,Info,4,480,{54849625-5478-4994-a5ba-3e3b0328c30d},Microsoft-Windows-Security-Auditing,2532.0,Audit Policy Change,-,-,-,-,-,-,-,-
208,"Oct 25, 2022 @ 04:30:49.682",DESKTOP-32EH6N8,audit-setting-changed,4907,security,success,Microsoft-Windows-Security-Auditing,-,"admin, change",-,-,-,-,-,-,-,-,x86_64,DESKTOP-32EH6N8,45429efd-c10a-4299-8a01-8a10b0cbf1b8,"fe80::7959:555c:b4f7:82d3, 192.168.170.20, fe80::f415:e770:257d:42d7, 169.254.66.215","00:0c:29:6e:f6:d9, f8:89:d2:da:70:74",DESKTOP-32EH6N8,19044.1288,windows,10.0.19041.1288 (WinBuild.160101.0800),Windows 10 Pro,Windows 10 Pro,windows,windows,10.0,information,"Auditing settings on object were changed.

Subject:
	Security ID:		S-1-5-18
	Account Name:		DESKTOP-32EH6N8$
	Account Domain:		WORKGROUP
	Logon ID:		0x3E7

Object:
	Object Server:	Security
	Object Type:	File
	Object Name:	C:\Windows\WinSxS\FileMaps\$$_microsoft.net_assembly_gac_msil_system.activities.presentation_v4.0_4.0.0.0_31bf3856ad364e35_3c5a73e0ef416e18.cdf-ms
	Handle ID:	0xdbc

Process Information:
	Process ID:	0x7a0
	Process Name:	C:\Windows\WinSxS\amd64_microsoft-windows-servicingstack_31bf3856ad364e35_10.0.19041.1220_none_7e21bc567c7ed16b\TiWorker.exe

Auditing Settings:
	Original Security Descriptor:	
	New Security Descriptor:		S:ARAI(AU;SAFA;0x1f0116;;;WD)",-,-,-,-,-,-,-,-,-,-,-,-,-,-,-,-,-,-,-,-,-,-,-,-,-,C:\Windows\WinSxS\amd64_microsoft-windows-servicingstack_31bf3856ad364e35_10.0.19041.1220_none_7e21bc567c7ed16b\TiWorker.exe,C:\Windows\WinSxS\amd64_microsoft-windows-servicingstack_31bf3856ad364e35_10.0.19041.1220_none_7e21bc567c7ed16b\TiWorker.exe,TiWorker.exe,TiWorker.exe,"1,952",-,-,-,DESKTOP-32EH6N8$,-,-,-,WORKGROUP,-,-,-,S-1-5-18,DESKTOP-32EH6N8$,DESKTOP-32EH6N8$,-,-,-,-,-,wineventlog,Security,DESKTOP-32EH6N8,-,-,-,-,-,-,-,-,-,-,-,-,-,-,-,-,-,0xdbc,-,-,-,-,-,-,-,-,-,-,-,-,-,-,-,S:ARAI(AU;SAFA;0x1f0116;;;WD),"Everyone :System Audit ([Write Owner, Syncronize, Write DACL, Read Control, Delete])",-,C:\Windows\WinSxS\FileMaps\$$_microsoft.net_assembly_gac_msil_system.activities.presentation_v4.0_4.0.0.0_31bf3856ad364e35_3c5a73e0ef416e18.cdf-ms,Security,File,-,-,-,-,-,-,-,-,-,-,-,-,-,-,-,-,-,-,WORKGROUP,0x3e7,DESKTOP-32EH6N8$,S-1-5-18,-,-,-,-,-,-,-,-,-,-,-,-,-,-,-,-,-,-,-,-,-,-,-,-,-,-,-,-,-,-,-,-,-,-,-,-,-,-,-,-,-,-,-,-,4907.0,0x3e7,-,Info,4,480,{54849625-5478-4994-a5ba-3e3b0328c30d},Microsoft-Windows-Security-Auditing,2531.0,Audit Policy Change,-,-,-,-,-,-,-,-
209,"Oct 25, 2022 @ 04:30:49.680",DESKTOP-32EH6N8,audit-setting-changed,4907,security,success,Microsoft-Windows-Security-Auditing,-,"admin, change",-,-,-,-,-,-,-,-,x86_64,DESKTOP-32EH6N8,45429efd-c10a-4299-8a01-8a10b0cbf1b8,"fe80::7959:555c:b4f7:82d3, 192.168.170.20, fe80::f415:e770:257d:42d7, 169.254.66.215","00:0c:29:6e:f6:d9, f8:89:d2:da:70:74",DESKTOP-32EH6N8,19044.1288,windows,10.0.19041.1288 (WinBuild.160101.0800),Windows 10 Pro,Windows 10 Pro,windows,windows,10.0,information,"Auditing settings on object were changed.

Subject:
	Security ID:		S-1-5-18
	Account Name:		DESKTOP-32EH6N8$
	Account Domain:		WORKGROUP
	Logon ID:		0x3E7

Object:
	Object Server:	Security
	Object Type:	File
	Object Name:	C:\Windows\WinSxS\FileMaps\$$_microsoft.net_assembly_gac_msil_system.core_v4.0_4.0.0.0_b77a5c561934e089_18d3047bb5729e36.cdf-ms
	Handle ID:	0xaa0

Process Information:
	Process ID:	0x7a0
	Process Name:	C:\Windows\WinSxS\amd64_microsoft-windows-servicingstack_31bf3856ad364e35_10.0.19041.1220_none_7e21bc567c7ed16b\TiWorker.exe

Auditing Settings:
	Original Security Descriptor:	
	New Security Descriptor:		S:ARAI(AU;SAFA;0x1f0116;;;WD)",-,-,-,-,-,-,-,-,-,-,-,-,-,-,-,-,-,-,-,-,-,-,-,-,-,C:\Windows\WinSxS\amd64_microsoft-windows-servicingstack_31bf3856ad364e35_10.0.19041.1220_none_7e21bc567c7ed16b\TiWorker.exe,C:\Windows\WinSxS\amd64_microsoft-windows-servicingstack_31bf3856ad364e35_10.0.19041.1220_none_7e21bc567c7ed16b\TiWorker.exe,TiWorker.exe,TiWorker.exe,"1,952",-,-,-,DESKTOP-32EH6N8$,-,-,-,WORKGROUP,-,-,-,S-1-5-18,DESKTOP-32EH6N8$,DESKTOP-32EH6N8$,-,-,-,-,-,wineventlog,Security,DESKTOP-32EH6N8,-,-,-,-,-,-,-,-,-,-,-,-,-,-,-,-,-,0xaa0,-,-,-,-,-,-,-,-,-,-,-,-,-,-,-,S:ARAI(AU;SAFA;0x1f0116;;;WD),"Everyone :System Audit ([Write Owner, Syncronize, Write DACL, Read Control, Delete])",-,C:\Windows\WinSxS\FileMaps\$$_microsoft.net_assembly_gac_msil_system.core_v4.0_4.0.0.0_b77a5c561934e089_18d3047bb5729e36.cdf-ms,Security,File,-,-,-,-,-,-,-,-,-,-,-,-,-,-,-,-,-,-,WORKGROUP,0x3e7,DESKTOP-32EH6N8$,S-1-5-18,-,-,-,-,-,-,-,-,-,-,-,-,-,-,-,-,-,-,-,-,-,-,-,-,-,-,-,-,-,-,-,-,-,-,-,-,-,-,-,-,-,-,-,-,4907.0,0x3e7,-,Info,4,480,{54849625-5478-4994-a5ba-3e3b0328c30d},Microsoft-Windows-Security-Auditing,2530.0,Audit Policy Change,-,-,-,-,-,-,-,-
210,"Oct 25, 2022 @ 04:30:49.678",DESKTOP-32EH6N8,audit-setting-changed,4907,security,success,Microsoft-Windows-Security-Auditing,-,"admin, change",-,-,-,-,-,-,-,-,x86_64,DESKTOP-32EH6N8,45429efd-c10a-4299-8a01-8a10b0cbf1b8,"fe80::7959:555c:b4f7:82d3, 192.168.170.20, fe80::f415:e770:257d:42d7, 169.254.66.215","00:0c:29:6e:f6:d9, f8:89:d2:da:70:74",DESKTOP-32EH6N8,19044.1288,windows,10.0.19041.1288 (WinBuild.160101.0800),Windows 10 Pro,Windows 10 Pro,windows,windows,10.0,information,"Auditing settings on object were changed.

Subject:
	Security ID:		S-1-5-18
	Account Name:		DESKTOP-32EH6N8$
	Account Domain:		WORKGROUP
	Logon ID:		0x3E7

Object:
	Object Server:	Security
	Object Type:	File
	Object Name:	C:\Windows\WinSxS\FileMaps\$$_microsoft.net_assembly_gac_msil_system.directoryservices_v4.0_4.0.0.0_b03f5f7f11d50a3a_8d57c15241d35cfa.cdf-ms
	Handle ID:	0x970

Process Information:
	Process ID:	0x7a0
	Process Name:	C:\Windows\WinSxS\amd64_microsoft-windows-servicingstack_31bf3856ad364e35_10.0.19041.1220_none_7e21bc567c7ed16b\TiWorker.exe

Auditing Settings:
	Original Security Descriptor:	
	New Security Descriptor:		S:ARAI(AU;SAFA;0x1f0116;;;WD)",-,-,-,-,-,-,-,-,-,-,-,-,-,-,-,-,-,-,-,-,-,-,-,-,-,C:\Windows\WinSxS\amd64_microsoft-windows-servicingstack_31bf3856ad364e35_10.0.19041.1220_none_7e21bc567c7ed16b\TiWorker.exe,C:\Windows\WinSxS\amd64_microsoft-windows-servicingstack_31bf3856ad364e35_10.0.19041.1220_none_7e21bc567c7ed16b\TiWorker.exe,TiWorker.exe,TiWorker.exe,"1,952",-,-,-,DESKTOP-32EH6N8$,-,-,-,WORKGROUP,-,-,-,S-1-5-18,DESKTOP-32EH6N8$,DESKTOP-32EH6N8$,-,-,-,-,-,wineventlog,Security,DESKTOP-32EH6N8,-,-,-,-,-,-,-,-,-,-,-,-,-,-,-,-,-,0x970,-,-,-,-,-,-,-,-,-,-,-,-,-,-,-,S:ARAI(AU;SAFA;0x1f0116;;;WD),"Everyone :System Audit ([Write Owner, Syncronize, Write DACL, Read Control, Delete])",-,C:\Windows\WinSxS\FileMaps\$$_microsoft.net_assembly_gac_msil_system.directoryservices_v4.0_4.0.0.0_b03f5f7f11d50a3a_8d57c15241d35cfa.cdf-ms,Security,File,-,-,-,-,-,-,-,-,-,-,-,-,-,-,-,-,-,-,WORKGROUP,0x3e7,DESKTOP-32EH6N8$,S-1-5-18,-,-,-,-,-,-,-,-,-,-,-,-,-,-,-,-,-,-,-,-,-,-,-,-,-,-,-,-,-,-,-,-,-,-,-,-,-,-,-,-,-,-,-,-,4907.0,0x3e7,-,Info,4,480,{54849625-5478-4994-a5ba-3e3b0328c30d},Microsoft-Windows-Security-Auditing,2529.0,Audit Policy Change,-,-,-,-,-,-,-,-
211,"Oct 25, 2022 @ 04:30:49.676",DESKTOP-32EH6N8,audit-setting-changed,4907,security,success,Microsoft-Windows-Security-Auditing,-,"admin, change",-,-,-,-,-,-,-,-,x86_64,DESKTOP-32EH6N8,45429efd-c10a-4299-8a01-8a10b0cbf1b8,"fe80::7959:555c:b4f7:82d3, 192.168.170.20, fe80::f415:e770:257d:42d7, 169.254.66.215","00:0c:29:6e:f6:d9, f8:89:d2:da:70:74",DESKTOP-32EH6N8,19044.1288,windows,10.0.19041.1288 (WinBuild.160101.0800),Windows 10 Pro,Windows 10 Pro,windows,windows,10.0,information,"Auditing settings on object were changed.

Subject:
	Security ID:		S-1-5-18
	Account Name:		DESKTOP-32EH6N8$
	Account Domain:		WORKGROUP
	Logon ID:		0x3E7

Object:
	Object Server:	Security
	Object Type:	File
	Object Name:	C:\Windows\WinSxS\FileMaps\$$_microsoft.net_assembly_gac_msil_system.identitymodel_v4.0_4.0.0.0_b77a5c561934e089_b5d483bcf27e78c2.cdf-ms
	Handle ID:	0xdbc

Process Information:
	Process ID:	0x7a0
	Process Name:	C:\Windows\WinSxS\amd64_microsoft-windows-servicingstack_31bf3856ad364e35_10.0.19041.1220_none_7e21bc567c7ed16b\TiWorker.exe

Auditing Settings:
	Original Security Descriptor:	
	New Security Descriptor:		S:ARAI(AU;SAFA;0x1f0116;;;WD)",-,-,-,-,-,-,-,-,-,-,-,-,-,-,-,-,-,-,-,-,-,-,-,-,-,C:\Windows\WinSxS\amd64_microsoft-windows-servicingstack_31bf3856ad364e35_10.0.19041.1220_none_7e21bc567c7ed16b\TiWorker.exe,C:\Windows\WinSxS\amd64_microsoft-windows-servicingstack_31bf3856ad364e35_10.0.19041.1220_none_7e21bc567c7ed16b\TiWorker.exe,TiWorker.exe,TiWorker.exe,"1,952",-,-,-,DESKTOP-32EH6N8$,-,-,-,WORKGROUP,-,-,-,S-1-5-18,DESKTOP-32EH6N8$,DESKTOP-32EH6N8$,-,-,-,-,-,wineventlog,Security,DESKTOP-32EH6N8,-,-,-,-,-,-,-,-,-,-,-,-,-,-,-,-,-,0xdbc,-,-,-,-,-,-,-,-,-,-,-,-,-,-,-,S:ARAI(AU;SAFA;0x1f0116;;;WD),"Everyone :System Audit ([Write Owner, Syncronize, Write DACL, Read Control, Delete])",-,C:\Windows\WinSxS\FileMaps\$$_microsoft.net_assembly_gac_msil_system.identitymodel_v4.0_4.0.0.0_b77a5c561934e089_b5d483bcf27e78c2.cdf-ms,Security,File,-,-,-,-,-,-,-,-,-,-,-,-,-,-,-,-,-,-,WORKGROUP,0x3e7,DESKTOP-32EH6N8$,S-1-5-18,-,-,-,-,-,-,-,-,-,-,-,-,-,-,-,-,-,-,-,-,-,-,-,-,-,-,-,-,-,-,-,-,-,-,-,-,-,-,-,-,-,-,-,-,4907.0,0x3e7,-,Info,4,480,{54849625-5478-4994-a5ba-3e3b0328c30d},Microsoft-Windows-Security-Auditing,2528.0,Audit Policy Change,-,-,-,-,-,-,-,-
212,"Oct 25, 2022 @ 04:30:49.675",DESKTOP-32EH6N8,audit-setting-changed,4907,security,success,Microsoft-Windows-Security-Auditing,-,"admin, change",-,-,-,-,-,-,-,-,x86_64,DESKTOP-32EH6N8,45429efd-c10a-4299-8a01-8a10b0cbf1b8,"fe80::7959:555c:b4f7:82d3, 192.168.170.20, fe80::f415:e770:257d:42d7, 169.254.66.215","00:0c:29:6e:f6:d9, f8:89:d2:da:70:74",DESKTOP-32EH6N8,19044.1288,windows,10.0.19041.1288 (WinBuild.160101.0800),Windows 10 Pro,Windows 10 Pro,windows,windows,10.0,information,"Auditing settings on object were changed.

Subject:
	Security ID:		S-1-5-18
	Account Name:		DESKTOP-32EH6N8$
	Account Domain:		WORKGROUP
	Logon ID:		0x3E7

Object:
	Object Server:	Security
	Object Type:	File
	Object Name:	C:\Windows\WinSxS\FileMaps\$$_microsoft.net_assembly_gac_msil_system.identitymodel.services_v4.0_4.0.0.0_b77a5c561934e089_9152e5e9cf585ca0.cdf-ms
	Handle ID:	0xaa0

Process Information:
	Process ID:	0x7a0
	Process Name:	C:\Windows\WinSxS\amd64_microsoft-windows-servicingstack_31bf3856ad364e35_10.0.19041.1220_none_7e21bc567c7ed16b\TiWorker.exe

Auditing Settings:
	Original Security Descriptor:	
	New Security Descriptor:		S:ARAI(AU;SAFA;0x1f0116;;;WD)",-,-,-,-,-,-,-,-,-,-,-,-,-,-,-,-,-,-,-,-,-,-,-,-,-,C:\Windows\WinSxS\amd64_microsoft-windows-servicingstack_31bf3856ad364e35_10.0.19041.1220_none_7e21bc567c7ed16b\TiWorker.exe,C:\Windows\WinSxS\amd64_microsoft-windows-servicingstack_31bf3856ad364e35_10.0.19041.1220_none_7e21bc567c7ed16b\TiWorker.exe,TiWorker.exe,TiWorker.exe,"1,952",-,-,-,DESKTOP-32EH6N8$,-,-,-,WORKGROUP,-,-,-,S-1-5-18,DESKTOP-32EH6N8$,DESKTOP-32EH6N8$,-,-,-,-,-,wineventlog,Security,DESKTOP-32EH6N8,-,-,-,-,-,-,-,-,-,-,-,-,-,-,-,-,-,0xaa0,-,-,-,-,-,-,-,-,-,-,-,-,-,-,-,S:ARAI(AU;SAFA;0x1f0116;;;WD),"Everyone :System Audit ([Write Owner, Syncronize, Write DACL, Read Control, Delete])",-,C:\Windows\WinSxS\FileMaps\$$_microsoft.net_assembly_gac_msil_system.identitymodel.services_v4.0_4.0.0.0_b77a5c561934e089_9152e5e9cf585ca0.cdf-ms,Security,File,-,-,-,-,-,-,-,-,-,-,-,-,-,-,-,-,-,-,WORKGROUP,0x3e7,DESKTOP-32EH6N8$,S-1-5-18,-,-,-,-,-,-,-,-,-,-,-,-,-,-,-,-,-,-,-,-,-,-,-,-,-,-,-,-,-,-,-,-,-,-,-,-,-,-,-,-,-,-,-,-,4907.0,0x3e7,-,Info,4,480,{54849625-5478-4994-a5ba-3e3b0328c30d},Microsoft-Windows-Security-Auditing,2527.0,Audit Policy Change,-,-,-,-,-,-,-,-
213,"Oct 25, 2022 @ 04:30:49.673",DESKTOP-32EH6N8,audit-setting-changed,4907,security,success,Microsoft-Windows-Security-Auditing,-,"admin, change",-,-,-,-,-,-,-,-,x86_64,DESKTOP-32EH6N8,45429efd-c10a-4299-8a01-8a10b0cbf1b8,"fe80::7959:555c:b4f7:82d3, 192.168.170.20, fe80::f415:e770:257d:42d7, 169.254.66.215","00:0c:29:6e:f6:d9, f8:89:d2:da:70:74",DESKTOP-32EH6N8,19044.1288,windows,10.0.19041.1288 (WinBuild.160101.0800),Windows 10 Pro,Windows 10 Pro,windows,windows,10.0,information,"Auditing settings on object were changed.

Subject:
	Security ID:		S-1-5-18
	Account Name:		DESKTOP-32EH6N8$
	Account Domain:		WORKGROUP
	Logon ID:		0x3E7

Object:
	Object Server:	Security
	Object Type:	File
	Object Name:	C:\Windows\WinSxS\FileMaps\$$_microsoft.net_assembly_gac_msil_system.management_v4.0_4.0.0.0_b03f5f7f11d50a3a_0458f8d2dd88c1aa.cdf-ms
	Handle ID:	0x970

Process Information:
	Process ID:	0x7a0
	Process Name:	C:\Windows\WinSxS\amd64_microsoft-windows-servicingstack_31bf3856ad364e35_10.0.19041.1220_none_7e21bc567c7ed16b\TiWorker.exe

Auditing Settings:
	Original Security Descriptor:	
	New Security Descriptor:		S:ARAI(AU;SAFA;0x1f0116;;;WD)",-,-,-,-,-,-,-,-,-,-,-,-,-,-,-,-,-,-,-,-,-,-,-,-,-,C:\Windows\WinSxS\amd64_microsoft-windows-servicingstack_31bf3856ad364e35_10.0.19041.1220_none_7e21bc567c7ed16b\TiWorker.exe,C:\Windows\WinSxS\amd64_microsoft-windows-servicingstack_31bf3856ad364e35_10.0.19041.1220_none_7e21bc567c7ed16b\TiWorker.exe,TiWorker.exe,TiWorker.exe,"1,952",-,-,-,DESKTOP-32EH6N8$,-,-,-,WORKGROUP,-,-,-,S-1-5-18,DESKTOP-32EH6N8$,DESKTOP-32EH6N8$,-,-,-,-,-,wineventlog,Security,DESKTOP-32EH6N8,-,-,-,-,-,-,-,-,-,-,-,-,-,-,-,-,-,0x970,-,-,-,-,-,-,-,-,-,-,-,-,-,-,-,S:ARAI(AU;SAFA;0x1f0116;;;WD),"Everyone :System Audit ([Write Owner, Syncronize, Write DACL, Read Control, Delete])",-,C:\Windows\WinSxS\FileMaps\$$_microsoft.net_assembly_gac_msil_system.management_v4.0_4.0.0.0_b03f5f7f11d50a3a_0458f8d2dd88c1aa.cdf-ms,Security,File,-,-,-,-,-,-,-,-,-,-,-,-,-,-,-,-,-,-,WORKGROUP,0x3e7,DESKTOP-32EH6N8$,S-1-5-18,-,-,-,-,-,-,-,-,-,-,-,-,-,-,-,-,-,-,-,-,-,-,-,-,-,-,-,-,-,-,-,-,-,-,-,-,-,-,-,-,-,-,-,-,4907.0,0x3e7,-,Info,4,480,{54849625-5478-4994-a5ba-3e3b0328c30d},Microsoft-Windows-Security-Auditing,2526.0,Audit Policy Change,-,-,-,-,-,-,-,-
214,"Oct 25, 2022 @ 04:30:49.670",DESKTOP-32EH6N8,audit-setting-changed,4907,security,success,Microsoft-Windows-Security-Auditing,-,"admin, change",-,-,-,-,-,-,-,-,x86_64,DESKTOP-32EH6N8,45429efd-c10a-4299-8a01-8a10b0cbf1b8,"fe80::7959:555c:b4f7:82d3, 192.168.170.20, fe80::f415:e770:257d:42d7, 169.254.66.215","00:0c:29:6e:f6:d9, f8:89:d2:da:70:74",DESKTOP-32EH6N8,19044.1288,windows,10.0.19041.1288 (WinBuild.160101.0800),Windows 10 Pro,Windows 10 Pro,windows,windows,10.0,information,"Auditing settings on object were changed.

Subject:
	Security ID:		S-1-5-18
	Account Name:		DESKTOP-32EH6N8$
	Account Domain:		WORKGROUP
	Logon ID:		0x3E7

Object:
	Object Server:	Security
	Object Type:	File
	Object Name:	C:\Windows\WinSxS\FileMaps\$$_microsoft.net_assembly_gac_msil_system.runtime.serialization_v4.0_4.0.0.0_b77a5c561934e089_f6fb5cdd6113e4c9.cdf-ms
	Handle ID:	0xdbc

Process Information:
	Process ID:	0x7a0
	Process Name:	C:\Windows\WinSxS\amd64_microsoft-windows-servicingstack_31bf3856ad364e35_10.0.19041.1220_none_7e21bc567c7ed16b\TiWorker.exe

Auditing Settings:
	Original Security Descriptor:	
	New Security Descriptor:		S:ARAI(AU;SAFA;0x1f0116;;;WD)",-,-,-,-,-,-,-,-,-,-,-,-,-,-,-,-,-,-,-,-,-,-,-,-,-,C:\Windows\WinSxS\amd64_microsoft-windows-servicingstack_31bf3856ad364e35_10.0.19041.1220_none_7e21bc567c7ed16b\TiWorker.exe,C:\Windows\WinSxS\amd64_microsoft-windows-servicingstack_31bf3856ad364e35_10.0.19041.1220_none_7e21bc567c7ed16b\TiWorker.exe,TiWorker.exe,TiWorker.exe,"1,952",-,-,-,DESKTOP-32EH6N8$,-,-,-,WORKGROUP,-,-,-,S-1-5-18,DESKTOP-32EH6N8$,DESKTOP-32EH6N8$,-,-,-,-,-,wineventlog,Security,DESKTOP-32EH6N8,-,-,-,-,-,-,-,-,-,-,-,-,-,-,-,-,-,0xdbc,-,-,-,-,-,-,-,-,-,-,-,-,-,-,-,S:ARAI(AU;SAFA;0x1f0116;;;WD),"Everyone :System Audit ([Write Owner, Syncronize, Write DACL, Read Control, Delete])",-,C:\Windows\WinSxS\FileMaps\$$_microsoft.net_assembly_gac_msil_system.runtime.serialization_v4.0_4.0.0.0_b77a5c561934e089_f6fb5cdd6113e4c9.cdf-ms,Security,File,-,-,-,-,-,-,-,-,-,-,-,-,-,-,-,-,-,-,WORKGROUP,0x3e7,DESKTOP-32EH6N8$,S-1-5-18,-,-,-,-,-,-,-,-,-,-,-,-,-,-,-,-,-,-,-,-,-,-,-,-,-,-,-,-,-,-,-,-,-,-,-,-,-,-,-,-,-,-,-,-,4907.0,0x3e7,-,Info,4,480,{54849625-5478-4994-a5ba-3e3b0328c30d},Microsoft-Windows-Security-Auditing,2525.0,Audit Policy Change,-,-,-,-,-,-,-,-
215,"Oct 25, 2022 @ 04:30:49.668",DESKTOP-32EH6N8,audit-setting-changed,4907,security,success,Microsoft-Windows-Security-Auditing,-,"admin, change",-,-,-,-,-,-,-,-,x86_64,DESKTOP-32EH6N8,45429efd-c10a-4299-8a01-8a10b0cbf1b8,"fe80::7959:555c:b4f7:82d3, 192.168.170.20, fe80::f415:e770:257d:42d7, 169.254.66.215","00:0c:29:6e:f6:d9, f8:89:d2:da:70:74",DESKTOP-32EH6N8,19044.1288,windows,10.0.19041.1288 (WinBuild.160101.0800),Windows 10 Pro,Windows 10 Pro,windows,windows,10.0,information,"Auditing settings on object were changed.

Subject:
	Security ID:		S-1-5-18
	Account Name:		DESKTOP-32EH6N8$
	Account Domain:		WORKGROUP
	Logon ID:		0x3E7

Object:
	Object Server:	Security
	Object Type:	File
	Object Name:	C:\Windows\WinSxS\FileMaps\$$_microsoft.net_assembly_gac_msil_system.servicemodel_v4.0_4.0.0.0_b77a5c561934e089_b63f15dceb7fa3d7.cdf-ms
	Handle ID:	0xaa0

Process Information:
	Process ID:	0x7a0
	Process Name:	C:\Windows\WinSxS\amd64_microsoft-windows-servicingstack_31bf3856ad364e35_10.0.19041.1220_none_7e21bc567c7ed16b\TiWorker.exe

Auditing Settings:
	Original Security Descriptor:	
	New Security Descriptor:		S:ARAI(AU;SAFA;0x1f0116;;;WD)",-,-,-,-,-,-,-,-,-,-,-,-,-,-,-,-,-,-,-,-,-,-,-,-,-,C:\Windows\WinSxS\amd64_microsoft-windows-servicingstack_31bf3856ad364e35_10.0.19041.1220_none_7e21bc567c7ed16b\TiWorker.exe,C:\Windows\WinSxS\amd64_microsoft-windows-servicingstack_31bf3856ad364e35_10.0.19041.1220_none_7e21bc567c7ed16b\TiWorker.exe,TiWorker.exe,TiWorker.exe,"1,952",-,-,-,DESKTOP-32EH6N8$,-,-,-,WORKGROUP,-,-,-,S-1-5-18,DESKTOP-32EH6N8$,DESKTOP-32EH6N8$,-,-,-,-,-,wineventlog,Security,DESKTOP-32EH6N8,-,-,-,-,-,-,-,-,-,-,-,-,-,-,-,-,-,0xaa0,-,-,-,-,-,-,-,-,-,-,-,-,-,-,-,S:ARAI(AU;SAFA;0x1f0116;;;WD),"Everyone :System Audit ([Write Owner, Syncronize, Write DACL, Read Control, Delete])",-,C:\Windows\WinSxS\FileMaps\$$_microsoft.net_assembly_gac_msil_system.servicemodel_v4.0_4.0.0.0_b77a5c561934e089_b63f15dceb7fa3d7.cdf-ms,Security,File,-,-,-,-,-,-,-,-,-,-,-,-,-,-,-,-,-,-,WORKGROUP,0x3e7,DESKTOP-32EH6N8$,S-1-5-18,-,-,-,-,-,-,-,-,-,-,-,-,-,-,-,-,-,-,-,-,-,-,-,-,-,-,-,-,-,-,-,-,-,-,-,-,-,-,-,-,-,-,-,-,4907.0,0x3e7,-,Info,4,480,{54849625-5478-4994-a5ba-3e3b0328c30d},Microsoft-Windows-Security-Auditing,2524.0,Audit Policy Change,-,-,-,-,-,-,-,-
216,"Oct 25, 2022 @ 04:30:49.667",DESKTOP-32EH6N8,audit-setting-changed,4907,security,success,Microsoft-Windows-Security-Auditing,-,"admin, change",-,-,-,-,-,-,-,-,x86_64,DESKTOP-32EH6N8,45429efd-c10a-4299-8a01-8a10b0cbf1b8,"fe80::7959:555c:b4f7:82d3, 192.168.170.20, fe80::f415:e770:257d:42d7, 169.254.66.215","00:0c:29:6e:f6:d9, f8:89:d2:da:70:74",DESKTOP-32EH6N8,19044.1288,windows,10.0.19041.1288 (WinBuild.160101.0800),Windows 10 Pro,Windows 10 Pro,windows,windows,10.0,information,"Auditing settings on object were changed.

Subject:
	Security ID:		S-1-5-18
	Account Name:		DESKTOP-32EH6N8$
	Account Domain:		WORKGROUP
	Logon ID:		0x3E7

Object:
	Object Server:	Security
	Object Type:	File
	Object Name:	C:\Windows\WinSxS\FileMaps\$$_microsoft.net_assembly_gac_msil_system.servicemodel.channels_v4.0_4.0.0.0_31bf3856ad364e35_3b879384d8488ea3.cdf-ms
	Handle ID:	0x970

Process Information:
	Process ID:	0x7a0
	Process Name:	C:\Windows\WinSxS\amd64_microsoft-windows-servicingstack_31bf3856ad364e35_10.0.19041.1220_none_7e21bc567c7ed16b\TiWorker.exe

Auditing Settings:
	Original Security Descriptor:	
	New Security Descriptor:		S:ARAI(AU;SAFA;0x1f0116;;;WD)",-,-,-,-,-,-,-,-,-,-,-,-,-,-,-,-,-,-,-,-,-,-,-,-,-,C:\Windows\WinSxS\amd64_microsoft-windows-servicingstack_31bf3856ad364e35_10.0.19041.1220_none_7e21bc567c7ed16b\TiWorker.exe,C:\Windows\WinSxS\amd64_microsoft-windows-servicingstack_31bf3856ad364e35_10.0.19041.1220_none_7e21bc567c7ed16b\TiWorker.exe,TiWorker.exe,TiWorker.exe,"1,952",-,-,-,DESKTOP-32EH6N8$,-,-,-,WORKGROUP,-,-,-,S-1-5-18,DESKTOP-32EH6N8$,DESKTOP-32EH6N8$,-,-,-,-,-,wineventlog,Security,DESKTOP-32EH6N8,-,-,-,-,-,-,-,-,-,-,-,-,-,-,-,-,-,0x970,-,-,-,-,-,-,-,-,-,-,-,-,-,-,-,S:ARAI(AU;SAFA;0x1f0116;;;WD),"Everyone :System Audit ([Write Owner, Syncronize, Write DACL, Read Control, Delete])",-,C:\Windows\WinSxS\FileMaps\$$_microsoft.net_assembly_gac_msil_system.servicemodel.channels_v4.0_4.0.0.0_31bf3856ad364e35_3b879384d8488ea3.cdf-ms,Security,File,-,-,-,-,-,-,-,-,-,-,-,-,-,-,-,-,-,-,WORKGROUP,0x3e7,DESKTOP-32EH6N8$,S-1-5-18,-,-,-,-,-,-,-,-,-,-,-,-,-,-,-,-,-,-,-,-,-,-,-,-,-,-,-,-,-,-,-,-,-,-,-,-,-,-,-,-,-,-,-,-,4907.0,0x3e7,-,Info,4,480,{54849625-5478-4994-a5ba-3e3b0328c30d},Microsoft-Windows-Security-Auditing,2523.0,Audit Policy Change,-,-,-,-,-,-,-,-
217,"Oct 25, 2022 @ 04:30:49.665",DESKTOP-32EH6N8,audit-setting-changed,4907,security,success,Microsoft-Windows-Security-Auditing,-,"admin, change",-,-,-,-,-,-,-,-,x86_64,DESKTOP-32EH6N8,45429efd-c10a-4299-8a01-8a10b0cbf1b8,"fe80::7959:555c:b4f7:82d3, 192.168.170.20, fe80::f415:e770:257d:42d7, 169.254.66.215","00:0c:29:6e:f6:d9, f8:89:d2:da:70:74",DESKTOP-32EH6N8,19044.1288,windows,10.0.19041.1288 (WinBuild.160101.0800),Windows 10 Pro,Windows 10 Pro,windows,windows,10.0,information,"Auditing settings on object were changed.

Subject:
	Security ID:		S-1-5-18
	Account Name:		DESKTOP-32EH6N8$
	Account Domain:		WORKGROUP
	Logon ID:		0x3E7

Object:
	Object Server:	Security
	Object Type:	File
	Object Name:	C:\Windows\WinSxS\FileMaps\$$_microsoft.net_assembly_gac_msil_system.servicemodel.discovery_v4.0_4.0.0.0_31bf3856ad364e35_77886dd12f6a8907.cdf-ms
	Handle ID:	0xdbc

Process Information:
	Process ID:	0x7a0
	Process Name:	C:\Windows\WinSxS\amd64_microsoft-windows-servicingstack_31bf3856ad364e35_10.0.19041.1220_none_7e21bc567c7ed16b\TiWorker.exe

Auditing Settings:
	Original Security Descriptor:	
	New Security Descriptor:		S:ARAI(AU;SAFA;0x1f0116;;;WD)",-,-,-,-,-,-,-,-,-,-,-,-,-,-,-,-,-,-,-,-,-,-,-,-,-,C:\Windows\WinSxS\amd64_microsoft-windows-servicingstack_31bf3856ad364e35_10.0.19041.1220_none_7e21bc567c7ed16b\TiWorker.exe,C:\Windows\WinSxS\amd64_microsoft-windows-servicingstack_31bf3856ad364e35_10.0.19041.1220_none_7e21bc567c7ed16b\TiWorker.exe,TiWorker.exe,TiWorker.exe,"1,952",-,-,-,DESKTOP-32EH6N8$,-,-,-,WORKGROUP,-,-,-,S-1-5-18,DESKTOP-32EH6N8$,DESKTOP-32EH6N8$,-,-,-,-,-,wineventlog,Security,DESKTOP-32EH6N8,-,-,-,-,-,-,-,-,-,-,-,-,-,-,-,-,-,0xdbc,-,-,-,-,-,-,-,-,-,-,-,-,-,-,-,S:ARAI(AU;SAFA;0x1f0116;;;WD),"Everyone :System Audit ([Write Owner, Syncronize, Write DACL, Read Control, Delete])",-,C:\Windows\WinSxS\FileMaps\$$_microsoft.net_assembly_gac_msil_system.servicemodel.discovery_v4.0_4.0.0.0_31bf3856ad364e35_77886dd12f6a8907.cdf-ms,Security,File,-,-,-,-,-,-,-,-,-,-,-,-,-,-,-,-,-,-,WORKGROUP,0x3e7,DESKTOP-32EH6N8$,S-1-5-18,-,-,-,-,-,-,-,-,-,-,-,-,-,-,-,-,-,-,-,-,-,-,-,-,-,-,-,-,-,-,-,-,-,-,-,-,-,-,-,-,-,-,-,-,4907.0,0x3e7,-,Info,4,480,{54849625-5478-4994-a5ba-3e3b0328c30d},Microsoft-Windows-Security-Auditing,2522.0,Audit Policy Change,-,-,-,-,-,-,-,-
218,"Oct 25, 2022 @ 04:30:49.663",DESKTOP-32EH6N8,audit-setting-changed,4907,security,success,Microsoft-Windows-Security-Auditing,-,"admin, change",-,-,-,-,-,-,-,-,x86_64,DESKTOP-32EH6N8,45429efd-c10a-4299-8a01-8a10b0cbf1b8,"fe80::7959:555c:b4f7:82d3, 192.168.170.20, fe80::f415:e770:257d:42d7, 169.254.66.215","00:0c:29:6e:f6:d9, f8:89:d2:da:70:74",DESKTOP-32EH6N8,19044.1288,windows,10.0.19041.1288 (WinBuild.160101.0800),Windows 10 Pro,Windows 10 Pro,windows,windows,10.0,information,"Auditing settings on object were changed.

Subject:
	Security ID:		S-1-5-18
	Account Name:		DESKTOP-32EH6N8$
	Account Domain:		WORKGROUP
	Logon ID:		0x3E7

Object:
	Object Server:	Security
	Object Type:	File
	Object Name:	C:\Windows\WinSxS\FileMaps\$$_microsoft.net_assembly_gac_msil_system.servicemodel.internals_v4.0_4.0.0.0_31bf3856ad364e35_648841c36e579803.cdf-ms
	Handle ID:	0xaa0

Process Information:
	Process ID:	0x7a0
	Process Name:	C:\Windows\WinSxS\amd64_microsoft-windows-servicingstack_31bf3856ad364e35_10.0.19041.1220_none_7e21bc567c7ed16b\TiWorker.exe

Auditing Settings:
	Original Security Descriptor:	
	New Security Descriptor:		S:ARAI(AU;SAFA;0x1f0116;;;WD)",-,-,-,-,-,-,-,-,-,-,-,-,-,-,-,-,-,-,-,-,-,-,-,-,-,C:\Windows\WinSxS\amd64_microsoft-windows-servicingstack_31bf3856ad364e35_10.0.19041.1220_none_7e21bc567c7ed16b\TiWorker.exe,C:\Windows\WinSxS\amd64_microsoft-windows-servicingstack_31bf3856ad364e35_10.0.19041.1220_none_7e21bc567c7ed16b\TiWorker.exe,TiWorker.exe,TiWorker.exe,"1,952",-,-,-,DESKTOP-32EH6N8$,-,-,-,WORKGROUP,-,-,-,S-1-5-18,DESKTOP-32EH6N8$,DESKTOP-32EH6N8$,-,-,-,-,-,wineventlog,Security,DESKTOP-32EH6N8,-,-,-,-,-,-,-,-,-,-,-,-,-,-,-,-,-,0xaa0,-,-,-,-,-,-,-,-,-,-,-,-,-,-,-,S:ARAI(AU;SAFA;0x1f0116;;;WD),"Everyone :System Audit ([Write Owner, Syncronize, Write DACL, Read Control, Delete])",-,C:\Windows\WinSxS\FileMaps\$$_microsoft.net_assembly_gac_msil_system.servicemodel.internals_v4.0_4.0.0.0_31bf3856ad364e35_648841c36e579803.cdf-ms,Security,File,-,-,-,-,-,-,-,-,-,-,-,-,-,-,-,-,-,-,WORKGROUP,0x3e7,DESKTOP-32EH6N8$,S-1-5-18,-,-,-,-,-,-,-,-,-,-,-,-,-,-,-,-,-,-,-,-,-,-,-,-,-,-,-,-,-,-,-,-,-,-,-,-,-,-,-,-,-,-,-,-,4907.0,0x3e7,-,Info,4,480,{54849625-5478-4994-a5ba-3e3b0328c30d},Microsoft-Windows-Security-Auditing,2521.0,Audit Policy Change,-,-,-,-,-,-,-,-
219,"Oct 25, 2022 @ 04:30:49.661",DESKTOP-32EH6N8,audit-setting-changed,4907,security,success,Microsoft-Windows-Security-Auditing,-,"admin, change",-,-,-,-,-,-,-,-,x86_64,DESKTOP-32EH6N8,45429efd-c10a-4299-8a01-8a10b0cbf1b8,"fe80::7959:555c:b4f7:82d3, 192.168.170.20, fe80::f415:e770:257d:42d7, 169.254.66.215","00:0c:29:6e:f6:d9, f8:89:d2:da:70:74",DESKTOP-32EH6N8,19044.1288,windows,10.0.19041.1288 (WinBuild.160101.0800),Windows 10 Pro,Windows 10 Pro,windows,windows,10.0,information,"Auditing settings on object were changed.

Subject:
	Security ID:		S-1-5-18
	Account Name:		DESKTOP-32EH6N8$
	Account Domain:		WORKGROUP
	Logon ID:		0x3E7

Object:
	Object Server:	Security
	Object Type:	File
	Object Name:	C:\Windows\WinSxS\FileMaps\$$_microsoft.net_assembly_gac_msil_system.servicemodel.washosting_v4.0_4.0.0.0_b77a5c561934e089_fcc9ffe6a33d9e56.cdf-ms
	Handle ID:	0x970

Process Information:
	Process ID:	0x7a0
	Process Name:	C:\Windows\WinSxS\amd64_microsoft-windows-servicingstack_31bf3856ad364e35_10.0.19041.1220_none_7e21bc567c7ed16b\TiWorker.exe

Auditing Settings:
	Original Security Descriptor:	
	New Security Descriptor:		S:ARAI(AU;SAFA;0x1f0116;;;WD)",-,-,-,-,-,-,-,-,-,-,-,-,-,-,-,-,-,-,-,-,-,-,-,-,-,C:\Windows\WinSxS\amd64_microsoft-windows-servicingstack_31bf3856ad364e35_10.0.19041.1220_none_7e21bc567c7ed16b\TiWorker.exe,C:\Windows\WinSxS\amd64_microsoft-windows-servicingstack_31bf3856ad364e35_10.0.19041.1220_none_7e21bc567c7ed16b\TiWorker.exe,TiWorker.exe,TiWorker.exe,"1,952",-,-,-,DESKTOP-32EH6N8$,-,-,-,WORKGROUP,-,-,-,S-1-5-18,DESKTOP-32EH6N8$,DESKTOP-32EH6N8$,-,-,-,-,-,wineventlog,Security,DESKTOP-32EH6N8,-,-,-,-,-,-,-,-,-,-,-,-,-,-,-,-,-,0x970,-,-,-,-,-,-,-,-,-,-,-,-,-,-,-,S:ARAI(AU;SAFA;0x1f0116;;;WD),"Everyone :System Audit ([Write Owner, Syncronize, Write DACL, Read Control, Delete])",-,C:\Windows\WinSxS\FileMaps\$$_microsoft.net_assembly_gac_msil_system.servicemodel.washosting_v4.0_4.0.0.0_b77a5c561934e089_fcc9ffe6a33d9e56.cdf-ms,Security,File,-,-,-,-,-,-,-,-,-,-,-,-,-,-,-,-,-,-,WORKGROUP,0x3e7,DESKTOP-32EH6N8$,S-1-5-18,-,-,-,-,-,-,-,-,-,-,-,-,-,-,-,-,-,-,-,-,-,-,-,-,-,-,-,-,-,-,-,-,-,-,-,-,-,-,-,-,-,-,-,-,4907.0,0x3e7,-,Info,4,480,{54849625-5478-4994-a5ba-3e3b0328c30d},Microsoft-Windows-Security-Auditing,2520.0,Audit Policy Change,-,-,-,-,-,-,-,-
220,"Oct 25, 2022 @ 04:30:49.658",DESKTOP-32EH6N8,audit-setting-changed,4907,security,success,Microsoft-Windows-Security-Auditing,-,"admin, change",-,-,-,-,-,-,-,-,x86_64,DESKTOP-32EH6N8,45429efd-c10a-4299-8a01-8a10b0cbf1b8,"fe80::7959:555c:b4f7:82d3, 192.168.170.20, fe80::f415:e770:257d:42d7, 169.254.66.215","00:0c:29:6e:f6:d9, f8:89:d2:da:70:74",DESKTOP-32EH6N8,19044.1288,windows,10.0.19041.1288 (WinBuild.160101.0800),Windows 10 Pro,Windows 10 Pro,windows,windows,10.0,information,"Auditing settings on object were changed.

Subject:
	Security ID:		S-1-5-18
	Account Name:		DESKTOP-32EH6N8$
	Account Domain:		WORKGROUP
	Logon ID:		0x3E7

Object:
	Object Server:	Security
	Object Type:	File
	Object Name:	C:\Windows\WinSxS\FileMaps\$$_microsoft.net_assembly_gac_msil_system.web.applicationservices_v4.0_4.0.0.0_31bf3856ad364e35_68ccda43ca2f1ddf.cdf-ms
	Handle ID:	0xdbc

Process Information:
	Process ID:	0x7a0
	Process Name:	C:\Windows\WinSxS\amd64_microsoft-windows-servicingstack_31bf3856ad364e35_10.0.19041.1220_none_7e21bc567c7ed16b\TiWorker.exe

Auditing Settings:
	Original Security Descriptor:	
	New Security Descriptor:		S:ARAI(AU;SAFA;0x1f0116;;;WD)",-,-,-,-,-,-,-,-,-,-,-,-,-,-,-,-,-,-,-,-,-,-,-,-,-,C:\Windows\WinSxS\amd64_microsoft-windows-servicingstack_31bf3856ad364e35_10.0.19041.1220_none_7e21bc567c7ed16b\TiWorker.exe,C:\Windows\WinSxS\amd64_microsoft-windows-servicingstack_31bf3856ad364e35_10.0.19041.1220_none_7e21bc567c7ed16b\TiWorker.exe,TiWorker.exe,TiWorker.exe,"1,952",-,-,-,DESKTOP-32EH6N8$,-,-,-,WORKGROUP,-,-,-,S-1-5-18,DESKTOP-32EH6N8$,DESKTOP-32EH6N8$,-,-,-,-,-,wineventlog,Security,DESKTOP-32EH6N8,-,-,-,-,-,-,-,-,-,-,-,-,-,-,-,-,-,0xdbc,-,-,-,-,-,-,-,-,-,-,-,-,-,-,-,S:ARAI(AU;SAFA;0x1f0116;;;WD),"Everyone :System Audit ([Write Owner, Syncronize, Write DACL, Read Control, Delete])",-,C:\Windows\WinSxS\FileMaps\$$_microsoft.net_assembly_gac_msil_system.web.applicationservices_v4.0_4.0.0.0_31bf3856ad364e35_68ccda43ca2f1ddf.cdf-ms,Security,File,-,-,-,-,-,-,-,-,-,-,-,-,-,-,-,-,-,-,WORKGROUP,0x3e7,DESKTOP-32EH6N8$,S-1-5-18,-,-,-,-,-,-,-,-,-,-,-,-,-,-,-,-,-,-,-,-,-,-,-,-,-,-,-,-,-,-,-,-,-,-,-,-,-,-,-,-,-,-,-,-,4907.0,0x3e7,-,Info,4,480,{54849625-5478-4994-a5ba-3e3b0328c30d},Microsoft-Windows-Security-Auditing,2519.0,Audit Policy Change,-,-,-,-,-,-,-,-
221,"Oct 25, 2022 @ 04:30:49.655",DESKTOP-32EH6N8,audit-setting-changed,4907,security,success,Microsoft-Windows-Security-Auditing,-,"admin, change",-,-,-,-,-,-,-,-,x86_64,DESKTOP-32EH6N8,45429efd-c10a-4299-8a01-8a10b0cbf1b8,"fe80::7959:555c:b4f7:82d3, 192.168.170.20, fe80::f415:e770:257d:42d7, 169.254.66.215","00:0c:29:6e:f6:d9, f8:89:d2:da:70:74",DESKTOP-32EH6N8,19044.1288,windows,10.0.19041.1288 (WinBuild.160101.0800),Windows 10 Pro,Windows 10 Pro,windows,windows,10.0,information,"Auditing settings on object were changed.

Subject:
	Security ID:		S-1-5-18
	Account Name:		DESKTOP-32EH6N8$
	Account Domain:		WORKGROUP
	Logon ID:		0x3E7

Object:
	Object Server:	Security
	Object Type:	File
	Object Name:	C:\Windows\WinSxS\FileMaps\$$_microsoft.net_assembly_gac_msil_system.web.extensions_v4.0_4.0.0.0_31bf3856ad364e35_472dc08bcbe9e0cb.cdf-ms
	Handle ID:	0xaa0

Process Information:
	Process ID:	0x7a0
	Process Name:	C:\Windows\WinSxS\amd64_microsoft-windows-servicingstack_31bf3856ad364e35_10.0.19041.1220_none_7e21bc567c7ed16b\TiWorker.exe

Auditing Settings:
	Original Security Descriptor:	
	New Security Descriptor:		S:ARAI(AU;SAFA;0x1f0116;;;WD)",-,-,-,-,-,-,-,-,-,-,-,-,-,-,-,-,-,-,-,-,-,-,-,-,-,C:\Windows\WinSxS\amd64_microsoft-windows-servicingstack_31bf3856ad364e35_10.0.19041.1220_none_7e21bc567c7ed16b\TiWorker.exe,C:\Windows\WinSxS\amd64_microsoft-windows-servicingstack_31bf3856ad364e35_10.0.19041.1220_none_7e21bc567c7ed16b\TiWorker.exe,TiWorker.exe,TiWorker.exe,"1,952",-,-,-,DESKTOP-32EH6N8$,-,-,-,WORKGROUP,-,-,-,S-1-5-18,DESKTOP-32EH6N8$,DESKTOP-32EH6N8$,-,-,-,-,-,wineventlog,Security,DESKTOP-32EH6N8,-,-,-,-,-,-,-,-,-,-,-,-,-,-,-,-,-,0xaa0,-,-,-,-,-,-,-,-,-,-,-,-,-,-,-,S:ARAI(AU;SAFA;0x1f0116;;;WD),"Everyone :System Audit ([Write Owner, Syncronize, Write DACL, Read Control, Delete])",-,C:\Windows\WinSxS\FileMaps\$$_microsoft.net_assembly_gac_msil_system.web.extensions_v4.0_4.0.0.0_31bf3856ad364e35_472dc08bcbe9e0cb.cdf-ms,Security,File,-,-,-,-,-,-,-,-,-,-,-,-,-,-,-,-,-,-,WORKGROUP,0x3e7,DESKTOP-32EH6N8$,S-1-5-18,-,-,-,-,-,-,-,-,-,-,-,-,-,-,-,-,-,-,-,-,-,-,-,-,-,-,-,-,-,-,-,-,-,-,-,-,-,-,-,-,-,-,-,-,4907.0,0x3e7,-,Info,4,480,{54849625-5478-4994-a5ba-3e3b0328c30d},Microsoft-Windows-Security-Auditing,2518.0,Audit Policy Change,-,-,-,-,-,-,-,-
222,"Oct 25, 2022 @ 04:30:49.653",DESKTOP-32EH6N8,audit-setting-changed,4907,security,success,Microsoft-Windows-Security-Auditing,-,"admin, change",-,-,-,-,-,-,-,-,x86_64,DESKTOP-32EH6N8,45429efd-c10a-4299-8a01-8a10b0cbf1b8,"fe80::7959:555c:b4f7:82d3, 192.168.170.20, fe80::f415:e770:257d:42d7, 169.254.66.215","00:0c:29:6e:f6:d9, f8:89:d2:da:70:74",DESKTOP-32EH6N8,19044.1288,windows,10.0.19041.1288 (WinBuild.160101.0800),Windows 10 Pro,Windows 10 Pro,windows,windows,10.0,information,"Auditing settings on object were changed.

Subject:
	Security ID:		S-1-5-18
	Account Name:		DESKTOP-32EH6N8$
	Account Domain:		WORKGROUP
	Logon ID:		0x3E7

Object:
	Object Server:	Security
	Object Type:	File
	Object Name:	C:\Windows\WinSxS\FileMaps\$$_microsoft.net_assembly_gac_msil_system.windows.controls.ribbon_v4.0_4.0.0.0_b77a5c561934e089_f0c023acb7bafe74.cdf-ms
	Handle ID:	0x970

Process Information:
	Process ID:	0x7a0
	Process Name:	C:\Windows\WinSxS\amd64_microsoft-windows-servicingstack_31bf3856ad364e35_10.0.19041.1220_none_7e21bc567c7ed16b\TiWorker.exe

Auditing Settings:
	Original Security Descriptor:	
	New Security Descriptor:		S:ARAI(AU;SAFA;0x1f0116;;;WD)",-,-,-,-,-,-,-,-,-,-,-,-,-,-,-,-,-,-,-,-,-,-,-,-,-,C:\Windows\WinSxS\amd64_microsoft-windows-servicingstack_31bf3856ad364e35_10.0.19041.1220_none_7e21bc567c7ed16b\TiWorker.exe,C:\Windows\WinSxS\amd64_microsoft-windows-servicingstack_31bf3856ad364e35_10.0.19041.1220_none_7e21bc567c7ed16b\TiWorker.exe,TiWorker.exe,TiWorker.exe,"1,952",-,-,-,DESKTOP-32EH6N8$,-,-,-,WORKGROUP,-,-,-,S-1-5-18,DESKTOP-32EH6N8$,DESKTOP-32EH6N8$,-,-,-,-,-,wineventlog,Security,DESKTOP-32EH6N8,-,-,-,-,-,-,-,-,-,-,-,-,-,-,-,-,-,0x970,-,-,-,-,-,-,-,-,-,-,-,-,-,-,-,S:ARAI(AU;SAFA;0x1f0116;;;WD),"Everyone :System Audit ([Write Owner, Syncronize, Write DACL, Read Control, Delete])",-,C:\Windows\WinSxS\FileMaps\$$_microsoft.net_assembly_gac_msil_system.windows.controls.ribbon_v4.0_4.0.0.0_b77a5c561934e089_f0c023acb7bafe74.cdf-ms,Security,File,-,-,-,-,-,-,-,-,-,-,-,-,-,-,-,-,-,-,WORKGROUP,0x3e7,DESKTOP-32EH6N8$,S-1-5-18,-,-,-,-,-,-,-,-,-,-,-,-,-,-,-,-,-,-,-,-,-,-,-,-,-,-,-,-,-,-,-,-,-,-,-,-,-,-,-,-,-,-,-,-,4907.0,0x3e7,-,Info,4,"6,884",{54849625-5478-4994-a5ba-3e3b0328c30d},Microsoft-Windows-Security-Auditing,2517.0,Audit Policy Change,-,-,-,-,-,-,-,-
