441,"Oct 25, 2022 @ 04:26:21.263",DESKTOP-32EH6N8,Other System Events,5059,security,success,Microsoft-Windows-Security-Auditing,-,-,-,-,-,-,-,-,-,-,x86_64,DESKTOP-32EH6N8,45429efd-c10a-4299-8a01-8a10b0cbf1b8,"fe80::7959:555c:b4f7:82d3, 192.168.170.20, fe80::f415:e770:257d:42d7, 169.254.66.215","00:0c:29:6e:f6:d9, f8:89:d2:da:70:74",DESKTOP-32EH6N8,19044.1288,windows,10.0.19041.1288 (WinBuild.160101.0800),Windows 10 Pro,Windows 10 Pro,windows,windows,10.0,information,"Key migration operation.

Subject:
	Security ID:		S-1-5-21-1431998111-292960839-2456834407-1001
	Account Name:		zhongli
	Account Domain:		DESKTOP-32EH6N8
	Logon ID:		0xDCF07B

Process Information:
	Process ID:		5336
	Process Creation Time:	2022-10-25T11:26:21.219555300Z

Cryptographic Parameters:
	Provider Name:	Microsoft Software Key Storage Provider
	Algorithm Name:	ECDSA_P256
	Key Name:	Microsoft Connected Devices Platform device certificate
	Key Type:	User key.

Additional Information:
	Operation:	Export of persistent cryptographic key.
	Return Code:	0x0",-,-,-,-,-,-,-,-,-,-,-,-,-,-,-,-,-,-,-,-,-,-,-,-,-,-,-,-,-,-,-,-,-,-,-,-,-,-,-,-,-,-,-,-,-,-,-,-,{96d05236-e7e2-0002-7b52-d096e2e7d801},wineventlog,Security,DESKTOP-32EH6N8,-,ECDSA_P256,-,-,-,-,-,2022-10-25T11:26:21.2195553Z,5336,-,-,-,-,-,-,-,-,-,-,-,-,-,-,-,-,-,Microsoft Connected Devices Platform device certificate,%%2500,-,-,-,-,-,-,-,-,-,-,-,-,-,%%2464,-,-,-,-,-,-,-,Microsoft Software Key Storage Provider,-,-,-,0x0,-,-,-,DESKTOP-32EH6N8,0xdcf07b,zhongli,S-1-5-21-1431998111-292960839-2456834407-1001,-,-,-,-,-,-,-,-,-,-,-,-,-,-,-,-,-,-,-,-,-,-,-,-,-,-,-,-,-,-,-,-,-,-,-,-,-,-,-,-,-,-,-,-,5059.0,0xdcf07b,-,Info,776,"8,124",{54849625-5478-4994-a5ba-3e3b0328c30d},Microsoft-Windows-Security-Auditing,2448.0,Other System Events,-,-,-,-,-,-,-,1
442,"Oct 25, 2022 @ 04:26:21.262",DESKTOP-32EH6N8,System Integrity,5061,security,success,Microsoft-Windows-Security-Auditing,-,-,-,-,-,-,-,-,-,-,x86_64,DESKTOP-32EH6N8,45429efd-c10a-4299-8a01-8a10b0cbf1b8,"fe80::7959:555c:b4f7:82d3, 192.168.170.20, fe80::f415:e770:257d:42d7, 169.254.66.215","00:0c:29:6e:f6:d9, f8:89:d2:da:70:74",DESKTOP-32EH6N8,19044.1288,windows,10.0.19041.1288 (WinBuild.160101.0800),Windows 10 Pro,Windows 10 Pro,windows,windows,10.0,information,"Cryptographic operation.

Subject:
	Security ID:		S-1-5-21-1431998111-292960839-2456834407-1001
	Account Name:		zhongli
	Account Domain:		DESKTOP-32EH6N8
	Logon ID:		0xDCF07B

Cryptographic Parameters:
	Provider Name:	Microsoft Software Key Storage Provider
	Algorithm Name:	ECDSA_P256
	Key Name:	Microsoft Connected Devices Platform device certificate
	Key Type:	User key.

Cryptographic Operation:
	Operation:	Open Key.
	Return Code:	0x0",-,-,-,-,-,-,-,-,-,-,-,-,-,-,-,-,-,-,-,-,-,-,-,-,-,-,-,-,-,-,-,-,-,-,-,-,-,-,-,-,-,-,-,-,-,-,-,-,{96d05236-e7e2-0002-7b52-d096e2e7d801},wineventlog,Security,DESKTOP-32EH6N8,-,ECDSA_P256,-,-,-,-,-,-,-,-,-,-,-,-,-,-,-,-,-,-,-,-,-,-,-,-,Microsoft Connected Devices Platform device certificate,%%2500,-,-,-,-,-,-,-,-,-,-,-,-,-,%%2480,-,-,-,-,-,-,-,Microsoft Software Key Storage Provider,-,-,-,0x0,-,-,-,DESKTOP-32EH6N8,0xdcf07b,zhongli,S-1-5-21-1431998111-292960839-2456834407-1001,-,-,-,-,-,-,-,-,-,-,-,-,-,-,-,-,-,-,-,-,-,-,-,-,-,-,-,-,-,-,-,-,-,-,-,-,-,-,-,-,-,-,-,-,5061.0,0xdcf07b,-,Info,776,"8,124",{54849625-5478-4994-a5ba-3e3b0328c30d},Microsoft-Windows-Security-Auditing,2447.0,System Integrity,-,-,-,-,-,-,-,-
443,"Oct 25, 2022 @ 04:26:21.259",DESKTOP-32EH6N8,logged-in-explicit,4648,security,success,Microsoft-Windows-Security-Auditing,-,start,-,-,-,-,-,-,-,-,x86_64,DESKTOP-32EH6N8,45429efd-c10a-4299-8a01-8a10b0cbf1b8,"fe80::7959:555c:b4f7:82d3, 192.168.170.20, fe80::f415:e770:257d:42d7, 169.254.66.215","00:0c:29:6e:f6:d9, f8:89:d2:da:70:74",DESKTOP-32EH6N8,19044.1288,windows,10.0.19041.1288 (WinBuild.160101.0800),Windows 10 Pro,Windows 10 Pro,windows,windows,10.0,information,"A logon was attempted using explicit credentials.

Subject:
	Security ID:		S-1-5-18
	Account Name:		DESKTOP-32EH6N8$
	Account Domain:		WORKGROUP
	Logon ID:		0x3E7
	Logon GUID:		{00000000-0000-0000-0000-000000000000}

Account Whose Credentials Were Used:
	Account Name:		zhongli
	Account Domain:		DESKTOP-32EH6N8
	Logon GUID:		{00000000-0000-0000-0000-000000000000}

Target Server:
	Target Server Name:	localhost
	Additional Information:	localhost

Process Information:
	Process ID:		0x530
	Process Name:		C:\Windows\System32\svchost.exe

Network Information:
	Network Address:	-
	Port:			-

This event is generated when a process attempts to log on an account by explicitly specifying that accounts credentials.  This most commonly occurs in batch-type configurations such as scheduled tasks, or when using the RUNAS command.",-,-,-,-,-,-,-,-,-,-,-,-,-,-,-,-,-,-,-,-,-,-,-,-,-,C:\Windows\System32\svchost.exe,C:\Windows\System32\svchost.exe,svchost.exe,svchost.exe,"1,328",-,-,-,"zhongli, DESKTOP-32EH6N8$",-,-,-,WORKGROUP,DESKTOP-32EH6N8,zhongli,zhongli,S-1-5-18,DESKTOP-32EH6N8$,DESKTOP-32EH6N8$,-,-,-,-,{96d05236-e7e2-0002-7b52-d096e2e7d801},wineventlog,Security,DESKTOP-32EH6N8,-,-,-,-,-,-,-,-,-,-,-,-,-,-,-,-,-,-,-,-,-,-,-,-,-,-,-,-,-,-,{00000000-0000-0000-0000-000000000000},-,-,-,-,-,-,-,-,-,-,-,-,-,-,-,-,-,-,-,-,-,-,-,-,-,-,WORKGROUP,0x3e7,DESKTOP-32EH6N8$,S-1-5-18,-,DESKTOP-32EH6N8,localhost,-,{00000000-0000-0000-0000-000000000000},-,-,-,-,localhost,-,zhongli,-,-,-,-,-,-,-,-,-,-,-,-,-,-,-,-,-,-,-,-,-,-,-,-,-,-,-,-,-,-,-,-,4648.0,0x3e7,-,Info,776,"7,152",{54849625-5478-4994-a5ba-3e3b0328c30d},Microsoft-Windows-Security-Auditing,2444.0,Logon,-,-,-,-,-,-,-,-
444,"Oct 25, 2022 @ 04:26:21.259",DESKTOP-32EH6N8,logged-in,4624,security,success,Microsoft-Windows-Security-Auditing,-,start,-,-,-,-,-,-,-,-,x86_64,DESKTOP-32EH6N8,45429efd-c10a-4299-8a01-8a10b0cbf1b8,"fe80::7959:555c:b4f7:82d3, 192.168.170.20, fe80::f415:e770:257d:42d7, 169.254.66.215","00:0c:29:6e:f6:d9, f8:89:d2:da:70:74",DESKTOP-32EH6N8,19044.1288,windows,10.0.19041.1288 (WinBuild.160101.0800),Windows 10 Pro,Windows 10 Pro,windows,windows,10.0,information,"An account was successfully logged on.

Subject:
	Security ID:		S-1-5-18
	Account Name:		DESKTOP-32EH6N8$
	Account Domain:		WORKGROUP
	Logon ID:		0x3E7

Logon Information:
	Logon Type:		4
	Restricted Admin Mode:	-
	Virtual Account:		No
	Elevated Token:		Yes

Impersonation Level:		Impersonation

New Logon:
	Security ID:		S-1-5-21-1431998111-292960839-2456834407-1001
	Account Name:		zhongli
	Account Domain:		DESKTOP-32EH6N8
	Logon ID:		0xDD2952
	Linked Logon ID:		0x0
	Network Account Name:	-
	Network Account Domain:	-
	Logon GUID:		{00000000-0000-0000-0000-000000000000}

Process Information:
	Process ID:		0x530
	Process Name:		C:\Windows\System32\svchost.exe

Network Information:
	Workstation Name:	DESKTOP-32EH6N8
	Source Network Address:	-
	Source Port:		-

Detailed Authentication Information:
	Logon Process:		Advapi  
	Authentication Package:	Negotiate
	Transited Services:	-
	Package Name (NTLM only):	-
	Key Length:		0

This event is generated when a logon session is created. It is generated on the computer that was accessed.

The subject fields indicate the account on the local system which requested the logon. This is most commonly a service such as the Server service, or a local process such as Winlogon.exe or Services.exe.

The logon type field indicates the kind of logon that occurred. The most common types are 2 (interactive) and 3 (network).

The New Logon fields indicate the account for whom the new logon was created, i.e. the account that was logged on.

The network fields indicate where a remote logon request originated. Workstation name is not always available and may be left blank in some cases.

The impersonation level field indicates the extent to which a process in the logon session can impersonate.

The authentication information fields provide detailed information about this specific logon request.
	- Logon GUID is a unique identifier that can be used to correlate this event with a KDC event.
	- Transited services indicate which intermediate services have participated in this logon request.
	- Package name indicates which sub-protocol was used among the NTLM protocols.
	- Key length indicates the length of the generated session key. This will be 0 if no session key was requested.",-,-,-,-,-,-,-,-,-,-,-,-,-,-,-,-,-,-,-,-,-,-,-,-,-,C:\Windows\System32\svchost.exe,C:\Windows\System32\svchost.exe,svchost.exe,svchost.exe,"1,328",-,-,-,"zhongli, DESKTOP-32EH6N8$",DESKTOP-32EH6N8,-,-,DESKTOP-32EH6N8,-,-,-,S-1-5-21-1431998111-292960839-2456834407-1001,zhongli,zhongli,-,-,-,-,{96d05236-e7e2-0002-7b52-d096e2e7d801},wineventlog,Security,DESKTOP-32EH6N8,-,-,Negotiate,-,-,-,-,-,-,-,-,-,-,-,%%1842,-,-,-,-,-,-,%%1833,-,-,-,0,-,-,-,-,{00000000-0000-0000-0000-000000000000},Advapi  ,4,-,-,-,-,-,-,-,-,-,-,-,-,-,-,-,-,-,-,-,-,-,-,-,-,WORKGROUP,0x3e7,DESKTOP-32EH6N8$,S-1-5-18,-,DESKTOP-32EH6N8,-,0x0,-,0xdd2952,-,-,-,-,-,zhongli,S-1-5-21-1431998111-292960839-2456834407-1001,-,-,-,-,-,-,%%1843,-,-,-,-,-,-,-,-,-,-,-,-,-,-,-,-,-,-,-,-,-,-,-,-,4624.0,0x3e7,Batch,Info,776,"7,152",{54849625-5478-4994-a5ba-3e3b0328c30d},Microsoft-Windows-Security-Auditing,2445.0,Logon,-,-,-,-,-,-,-,2
445,"Oct 25, 2022 @ 04:26:21.259",DESKTOP-32EH6N8,logged-in-special,4672,security,success,Microsoft-Windows-Security-Auditing,-,admin,-,-,-,-,-,-,-,-,x86_64,DESKTOP-32EH6N8,45429efd-c10a-4299-8a01-8a10b0cbf1b8,"fe80::7959:555c:b4f7:82d3, 192.168.170.20, fe80::f415:e770:257d:42d7, 169.254.66.215","00:0c:29:6e:f6:d9, f8:89:d2:da:70:74",DESKTOP-32EH6N8,19044.1288,windows,10.0.19041.1288 (WinBuild.160101.0800),Windows 10 Pro,Windows 10 Pro,windows,windows,10.0,information,"Special privileges assigned to new logon.

Subject:
	Security ID:		S-1-5-21-1431998111-292960839-2456834407-1001
	Account Name:		zhongli
	Account Domain:		DESKTOP-32EH6N8
	Logon ID:		0xDD2952

Privileges:		SeSecurityPrivilege
			SeTakeOwnershipPrivilege
			SeLoadDriverPrivilege
			SeBackupPrivilege
			SeRestorePrivilege
			SeDebugPrivilege
			SeSystemEnvironmentPrivilege
			SeImpersonatePrivilege
			SeDelegateSessionUserImpersonatePrivilege",-,-,-,-,-,-,-,-,-,-,-,-,-,-,-,-,-,-,-,-,-,-,-,-,-,-,-,-,-,-,-,-,-,zhongli,-,-,-,DESKTOP-32EH6N8,-,-,-,S-1-5-21-1431998111-292960839-2456834407-1001,zhongli,zhongli,-,-,-,-,{96d05236-e7e2-0002-7b52-d096e2e7d801},wineventlog,Security,DESKTOP-32EH6N8,-,-,-,-,-,-,-,-,-,-,-,-,-,-,-,-,-,-,-,-,-,-,-,-,-,-,-,-,-,-,-,-,-,-,-,-,-,-,-,-,-,-,-,"SeSecurityPrivilege, SeTakeOwnershipPrivilege, SeLoadDriverPrivilege, SeBackupPrivilege, SeRestorePrivilege, SeDebugPrivilege, SeSystemEnvironmentPrivilege, SeImpersonatePrivilege, SeDelegateSessionUserImpersonatePrivilege",-,-,-,-,-,-,-,-,-,-,-,-,-,DESKTOP-32EH6N8,0xdd2952,zhongli,S-1-5-21-1431998111-292960839-2456834407-1001,-,-,-,-,-,-,-,-,-,-,-,-,-,-,-,-,-,-,-,-,-,-,-,-,-,-,-,-,-,-,-,-,-,-,-,-,-,-,-,-,-,-,-,-,4672.0,0xdd2952,-,Info,776,"7,152",{54849625-5478-4994-a5ba-3e3b0328c30d},Microsoft-Windows-Security-Auditing,2446.0,Special Logon,-,-,-,-,-,-,-,-
446,"Oct 25, 2022 @ 04:26:21.258",DESKTOP-32EH6N8,Other System Events,5058,security,success,Microsoft-Windows-Security-Auditing,-,-,-,-,-,-,-,-,-,-,x86_64,DESKTOP-32EH6N8,45429efd-c10a-4299-8a01-8a10b0cbf1b8,"fe80::7959:555c:b4f7:82d3, 192.168.170.20, fe80::f415:e770:257d:42d7, 169.254.66.215","00:0c:29:6e:f6:d9, f8:89:d2:da:70:74",DESKTOP-32EH6N8,19044.1288,windows,10.0.19041.1288 (WinBuild.160101.0800),Windows 10 Pro,Windows 10 Pro,windows,windows,10.0,information,"Key file operation.

Subject:
	Security ID:		S-1-5-21-1431998111-292960839-2456834407-1001
	Account Name:		zhongli
	Account Domain:		DESKTOP-32EH6N8
	Logon ID:		0xDCF07B

Process Information:
	Process ID:		5336
	Process Creation Time:	2022-10-25T11:26:21.219555300Z

Cryptographic Parameters:
	Provider Name:	Microsoft Software Key Storage Provider
	Algorithm Name:	UNKNOWN
	Key Name:	Microsoft Connected Devices Platform device certificate
	Key Type:	User key.

Key File Operation Information:
	File Path:	C:\Users\zhongli\AppData\Roaming\Microsoft\Crypto\Keys\de7cf8a7901d2ad13e5c67c29e5d1662_45429efd-c10a-4299-8a01-8a10b0cbf1b8
	Operation:	Read persisted key from file.
	Return Code:	0x0",-,-,-,-,-,-,-,-,-,-,-,-,-,-,-,-,-,-,-,-,-,-,-,-,-,-,-,-,-,-,-,-,-,-,-,-,-,-,-,-,-,-,-,-,-,-,-,-,{96d05236-e7e2-0002-7b52-d096e2e7d801},wineventlog,Security,DESKTOP-32EH6N8,-,UNKNOWN,-,-,-,-,-,2022-10-25T11:26:21.2195553Z,5336,-,-,-,-,-,-,-,-,-,-,-,-,-,-,-,C:\Users\zhongli\AppData\Roaming\Microsoft\Crypto\Keys\de7cf8a7901d2ad13e5c67c29e5d1662_45429efd-c10a-4299-8a01-8a10b0cbf1b8,-,Microsoft Connected Devices Platform device certificate,%%2500,-,-,-,-,-,-,-,-,-,-,-,-,-,%%2458,-,-,-,-,-,-,-,Microsoft Software Key Storage Provider,-,-,-,0x0,-,-,-,DESKTOP-32EH6N8,0xdcf07b,zhongli,S-1-5-21-1431998111-292960839-2456834407-1001,-,-,-,-,-,-,-,-,-,-,-,-,-,-,-,-,-,-,-,-,-,-,-,-,-,-,-,-,-,-,-,-,-,-,-,-,-,-,-,-,-,-,-,-,5058.0,0xdcf07b,-,Info,776,"8,124",{54849625-5478-4994-a5ba-3e3b0328c30d},Microsoft-Windows-Security-Auditing,2443.0,Other System Events,-,-,-,-,-,-,-,1
447,"Oct 25, 2022 @ 04:26:21.213",DESKTOP-32EH6N8,None,6000,-,-,Microsoft-Windows-Winlogon,-,-,-,-,-,-,-,-,-,-,x86_64,DESKTOP-32EH6N8,45429efd-c10a-4299-8a01-8a10b0cbf1b8,"fe80::7959:555c:b4f7:82d3, 192.168.170.20, fe80::f415:e770:257d:42d7, 169.254.66.215","00:0c:29:6e:f6:d9, f8:89:d2:da:70:74",DESKTOP-32EH6N8,19044.1288,windows,10.0.19041.1288 (WinBuild.160101.0800),Windows 10 Pro,Windows 10 Pro,windows,windows,10.0,information,The winlogon notification subscriber <SessionEnv> was unavailable to handle a notification event.,-,-,-,-,-,-,-,-,-,-,-,-,-,-,-,-,-,-,-,-,-,-,-,-,-,-,-,-,-,-,-,-,-,-,-,-,-,-,-,-,-,-,-,-,-,-,-,-,-,wineventlog,Application,DESKTOP-32EH6N8,-,-,-,D9060000,-,-,-,-,-,-,-,-,-,-,-,-,-,-,-,-,-,-,-,-,-,-,-,-,-,-,-,-,-,-,-,-,-,-,-,-,-,-,-,-,-,-,-,-,-,-,-,-,-,-,-,-,-,-,-,-,-,-,-,-,-,-,-,-,-,-,-,-,-,-,-,-,-,-,-,-,-,-,-,SessionEnv,-,-,-,-,-,-,-,-,-,-,-,-,-,-,-,-,-,-,-,-,-,6000.0,-,-,Info,-,-,{DBE9B383-7CF3-4331-91CC-A3CB16A3B538},Microsoft-Windows-Winlogon,562.0,None,-,-,-,-,-,-,-,-
448,"Oct 25, 2022 @ 04:26:21.173",DESKTOP-32EH6N8,WinSqmUserLogin,7001,-,-,Microsoft-Windows-Winlogon,-,-,-,-,-,-,-,-,-,-,x86_64,DESKTOP-32EH6N8,45429efd-c10a-4299-8a01-8a10b0cbf1b8,"fe80::7959:555c:b4f7:82d3, 192.168.170.20, fe80::f415:e770:257d:42d7, 169.254.66.215","00:0c:29:6e:f6:d9, f8:89:d2:da:70:74",DESKTOP-32EH6N8,19044.1288,windows,10.0.19041.1288 (WinBuild.160101.0800),Windows 10 Pro,Windows 10 Pro,windows,windows,10.0,information,User Logon Notification for Customer Experience Improvement Program,-,-,-,-,-,-,-,-,-,-,-,-,-,-,-,-,-,-,-,-,-,-,-,-,-,-,-,-,-,-,-,-,-,-,-,-,-,-,-,-,-,-,-,-,-,-,-,-,-,wineventlog,System,DESKTOP-32EH6N8,-,-,-,-,-,-,-,-,-,-,-,-,-,-,-,-,-,-,-,-,-,-,-,-,-,-,-,-,-,-,-,-,-,-,-,-,-,-,-,-,-,-,-,-,-,-,-,-,-,-,-,-,-,-,-,-,-,-,-,-,-,7,-,-,-,-,-,-,-,-,-,-,-,-,-,-,-,-,-,S-1-5-21-1431998111-292960839-2456834407-1001,-,-,-,-,-,-,-,-,-,-,-,-,-,-,-,-,-,-,-,-,-,-,-,-,-,7001.0,-,-,Info,"10,388","10,200",{dbe9b383-7cf3-4331-91cc-a3cb16a3b538},Microsoft-Windows-Winlogon,926.0,WinSqmUserLogin,NT AUTHORITY,S-1-5-18,SYSTEM,User,-,-,-,-
449,"Oct 25, 2022 @ 04:26:21.168",DESKTOP-32EH6N8,logged-in-explicit,4648,security,success,Microsoft-Windows-Security-Auditing,-,start,-,-,-,-,-,-,-,-,x86_64,DESKTOP-32EH6N8,45429efd-c10a-4299-8a01-8a10b0cbf1b8,"fe80::7959:555c:b4f7:82d3, 192.168.170.20, fe80::f415:e770:257d:42d7, 169.254.66.215","00:0c:29:6e:f6:d9, f8:89:d2:da:70:74",DESKTOP-32EH6N8,19044.1288,windows,10.0.19041.1288 (WinBuild.160101.0800),Windows 10 Pro,Windows 10 Pro,windows,windows,10.0,information,"A logon was attempted using explicit credentials.

Subject:
	Security ID:		S-1-5-18
	Account Name:		DESKTOP-32EH6N8$
	Account Domain:		WORKGROUP
	Logon ID:		0x3E7
	Logon GUID:		{00000000-0000-0000-0000-000000000000}

Account Whose Credentials Were Used:
	Account Name:		zhongli
	Account Domain:		DESKTOP-32EH6N8
	Logon GUID:		{00000000-0000-0000-0000-000000000000}

Target Server:
	Target Server Name:	localhost
	Additional Information:	localhost

Process Information:
	Process ID:		0x684
	Process Name:		C:\Windows\System32\svchost.exe

Network Information:
	Network Address:	127.0.0.1
	Port:			0

This event is generated when a process attempts to log on an account by explicitly specifying that accounts credentials.  This most commonly occurs in batch-type configurations such as scheduled tasks, or when using the RUNAS command.",-,-,-,-,-,-,-,-,-,-,-,-,-,-,-,-,-,-,-,-,-,-,-,-,-,C:\Windows\System32\svchost.exe,C:\Windows\System32\svchost.exe,svchost.exe,svchost.exe,"1,668",-,-,127.0.0.1,"zhongli, DESKTOP-32EH6N8$",-,127.0.0.1,0,WORKGROUP,DESKTOP-32EH6N8,zhongli,zhongli,S-1-5-18,DESKTOP-32EH6N8$,DESKTOP-32EH6N8$,-,-,-,-,{96d05236-e7e2-0002-7b52-d096e2e7d801},wineventlog,Security,DESKTOP-32EH6N8,-,-,-,-,-,-,-,-,-,-,-,-,-,-,-,-,-,-,-,-,-,-,-,-,-,-,-,-,-,-,{00000000-0000-0000-0000-000000000000},-,-,-,-,-,-,-,-,-,-,-,-,-,-,-,-,-,-,-,-,-,-,-,-,-,-,WORKGROUP,0x3e7,DESKTOP-32EH6N8$,S-1-5-18,-,DESKTOP-32EH6N8,localhost,-,{00000000-0000-0000-0000-000000000000},-,-,-,-,localhost,-,zhongli,-,-,-,-,-,-,-,-,-,-,-,-,-,-,-,-,-,-,-,-,-,-,-,-,-,-,-,-,-,-,-,-,4648.0,0x3e7,-,Info,776,"7,152",{54849625-5478-4994-a5ba-3e3b0328c30d},Microsoft-Windows-Security-Auditing,2439.0,Logon,-,-,-,-,-,-,-,-
450,"Oct 25, 2022 @ 04:26:21.168",DESKTOP-32EH6N8,logged-in,4624,security,success,Microsoft-Windows-Security-Auditing,-,start,-,-,-,-,-,-,-,-,x86_64,DESKTOP-32EH6N8,45429efd-c10a-4299-8a01-8a10b0cbf1b8,"fe80::7959:555c:b4f7:82d3, 192.168.170.20, fe80::f415:e770:257d:42d7, 169.254.66.215","00:0c:29:6e:f6:d9, f8:89:d2:da:70:74",DESKTOP-32EH6N8,19044.1288,windows,10.0.19041.1288 (WinBuild.160101.0800),Windows 10 Pro,Windows 10 Pro,windows,windows,10.0,information,"An account was successfully logged on.

Subject:
	Security ID:		S-1-5-18
	Account Name:		DESKTOP-32EH6N8$
	Account Domain:		WORKGROUP
	Logon ID:		0x3E7

Logon Information:
	Logon Type:		2
	Restricted Admin Mode:	-
	Virtual Account:		No
	Elevated Token:		Yes

Impersonation Level:		Impersonation

New Logon:
	Security ID:		S-1-5-21-1431998111-292960839-2456834407-1001
	Account Name:		zhongli
	Account Domain:		DESKTOP-32EH6N8
	Logon ID:		0xDCF05D
	Linked Logon ID:		0xDCF07B
	Network Account Name:	-
	Network Account Domain:	-
	Logon GUID:		{00000000-0000-0000-0000-000000000000}

Process Information:
	Process ID:		0x684
	Process Name:		C:\Windows\System32\svchost.exe

Network Information:
	Workstation Name:	DESKTOP-32EH6N8
	Source Network Address:	127.0.0.1
	Source Port:		0

Detailed Authentication Information:
	Logon Process:		User32 
	Authentication Package:	Negotiate
	Transited Services:	-
	Package Name (NTLM only):	-
	Key Length:		0

This event is generated when a logon session is created. It is generated on the computer that was accessed.

The subject fields indicate the account on the local system which requested the logon. This is most commonly a service such as the Server service, or a local process such as Winlogon.exe or Services.exe.

The logon type field indicates the kind of logon that occurred. The most common types are 2 (interactive) and 3 (network).

The New Logon fields indicate the account for whom the new logon was created, i.e. the account that was logged on.

The network fields indicate where a remote logon request originated. Workstation name is not always available and may be left blank in some cases.

The impersonation level field indicates the extent to which a process in the logon session can impersonate.

The authentication information fields provide detailed information about this specific logon request.
	- Logon GUID is a unique identifier that can be used to correlate this event with a KDC event.
	- Transited services indicate which intermediate services have participated in this logon request.
	- Package name indicates which sub-protocol was used among the NTLM protocols.
	- Key length indicates the length of the generated session key. This will be 0 if no session key was requested.",-,-,-,-,-,-,-,-,-,-,-,-,-,-,-,-,-,-,-,-,-,-,-,-,-,C:\Windows\System32\svchost.exe,C:\Windows\System32\svchost.exe,svchost.exe,svchost.exe,"1,668",-,-,127.0.0.1,"zhongli, DESKTOP-32EH6N8$",DESKTOP-32EH6N8,127.0.0.1,0,DESKTOP-32EH6N8,-,-,-,S-1-5-21-1431998111-292960839-2456834407-1001,zhongli,zhongli,-,-,-,-,{96d05236-e7e2-0002-7b52-d096e2e7d801},wineventlog,Security,DESKTOP-32EH6N8,-,-,Negotiate,-,-,-,-,-,-,-,-,-,-,-,%%1842,-,-,-,-,-,-,%%1833,-,-,-,0,-,-,-,-,{00000000-0000-0000-0000-000000000000},User32 ,2,-,-,-,-,-,-,-,-,-,-,-,-,-,-,-,-,-,-,-,-,-,-,-,-,WORKGROUP,0x3e7,DESKTOP-32EH6N8$,S-1-5-18,-,DESKTOP-32EH6N8,-,0xdcf07b,-,0xdcf05d,-,-,-,-,-,zhongli,S-1-5-21-1431998111-292960839-2456834407-1001,-,-,-,-,-,-,%%1843,-,-,-,-,-,-,-,-,-,-,-,-,-,-,-,-,-,-,-,-,-,-,-,-,4624.0,0x3e7,Interactive,Info,776,"7,152",{54849625-5478-4994-a5ba-3e3b0328c30d},Microsoft-Windows-Security-Auditing,2440.0,Logon,-,-,-,-,-,-,-,2
451,"Oct 25, 2022 @ 04:26:21.168",DESKTOP-32EH6N8,logged-in,4624,security,success,Microsoft-Windows-Security-Auditing,-,start,-,-,-,-,-,-,-,-,x86_64,DESKTOP-32EH6N8,45429efd-c10a-4299-8a01-8a10b0cbf1b8,"fe80::7959:555c:b4f7:82d3, 192.168.170.20, fe80::f415:e770:257d:42d7, 169.254.66.215","00:0c:29:6e:f6:d9, f8:89:d2:da:70:74",DESKTOP-32EH6N8,19044.1288,windows,10.0.19041.1288 (WinBuild.160101.0800),Windows 10 Pro,Windows 10 Pro,windows,windows,10.0,information,"An account was successfully logged on.

Subject:
	Security ID:		S-1-5-18
	Account Name:		DESKTOP-32EH6N8$
	Account Domain:		WORKGROUP
	Logon ID:		0x3E7

Logon Information:
	Logon Type:		2
	Restricted Admin Mode:	-
	Virtual Account:		No
	Elevated Token:		No

Impersonation Level:		Impersonation

New Logon:
	Security ID:		S-1-5-21-1431998111-292960839-2456834407-1001
	Account Name:		zhongli
	Account Domain:		DESKTOP-32EH6N8
	Logon ID:		0xDCF07B
	Linked Logon ID:		0xDCF05D
	Network Account Name:	-
	Network Account Domain:	-
	Logon GUID:		{00000000-0000-0000-0000-000000000000}

Process Information:
	Process ID:		0x684
	Process Name:		C:\Windows\System32\svchost.exe

Network Information:
	Workstation Name:	DESKTOP-32EH6N8
	Source Network Address:	127.0.0.1
	Source Port:		0

Detailed Authentication Information:
	Logon Process:		User32 
	Authentication Package:	Negotiate
	Transited Services:	-
	Package Name (NTLM only):	-
	Key Length:		0

This event is generated when a logon session is created. It is generated on the computer that was accessed.

The subject fields indicate the account on the local system which requested the logon. This is most commonly a service such as the Server service, or a local process such as Winlogon.exe or Services.exe.

The logon type field indicates the kind of logon that occurred. The most common types are 2 (interactive) and 3 (network).

The New Logon fields indicate the account for whom the new logon was created, i.e. the account that was logged on.

The network fields indicate where a remote logon request originated. Workstation name is not always available and may be left blank in some cases.

The impersonation level field indicates the extent to which a process in the logon session can impersonate.

The authentication information fields provide detailed information about this specific logon request.
	- Logon GUID is a unique identifier that can be used to correlate this event with a KDC event.
	- Transited services indicate which intermediate services have participated in this logon request.
	- Package name indicates which sub-protocol was used among the NTLM protocols.
	- Key length indicates the length of the generated session key. This will be 0 if no session key was requested.",-,-,-,-,-,-,-,-,-,-,-,-,-,-,-,-,-,-,-,-,-,-,-,-,-,C:\Windows\System32\svchost.exe,C:\Windows\System32\svchost.exe,svchost.exe,svchost.exe,"1,668",-,-,127.0.0.1,"zhongli, DESKTOP-32EH6N8$",DESKTOP-32EH6N8,127.0.0.1,0,DESKTOP-32EH6N8,-,-,-,S-1-5-21-1431998111-292960839-2456834407-1001,zhongli,zhongli,-,-,-,-,{96d05236-e7e2-0002-7b52-d096e2e7d801},wineventlog,Security,DESKTOP-32EH6N8,-,-,Negotiate,-,-,-,-,-,-,-,-,-,-,-,%%1843,-,-,-,-,-,-,%%1833,-,-,-,0,-,-,-,-,{00000000-0000-0000-0000-000000000000},User32 ,2,-,-,-,-,-,-,-,-,-,-,-,-,-,-,-,-,-,-,-,-,-,-,-,-,WORKGROUP,0x3e7,DESKTOP-32EH6N8$,S-1-5-18,-,DESKTOP-32EH6N8,-,0xdcf05d,-,0xdcf07b,-,-,-,-,-,zhongli,S-1-5-21-1431998111-292960839-2456834407-1001,-,-,-,-,-,-,%%1843,-,-,-,-,-,-,-,-,-,-,-,-,-,-,-,-,-,-,-,-,-,-,-,-,4624.0,0x3e7,Interactive,Info,776,"7,152",{54849625-5478-4994-a5ba-3e3b0328c30d},Microsoft-Windows-Security-Auditing,2441.0,Logon,-,-,-,-,-,-,-,2
452,"Oct 25, 2022 @ 04:26:21.168",DESKTOP-32EH6N8,logged-in-special,4672,security,success,Microsoft-Windows-Security-Auditing,-,admin,-,-,-,-,-,-,-,-,x86_64,DESKTOP-32EH6N8,45429efd-c10a-4299-8a01-8a10b0cbf1b8,"fe80::7959:555c:b4f7:82d3, 192.168.170.20, fe80::f415:e770:257d:42d7, 169.254.66.215","00:0c:29:6e:f6:d9, f8:89:d2:da:70:74",DESKTOP-32EH6N8,19044.1288,windows,10.0.19041.1288 (WinBuild.160101.0800),Windows 10 Pro,Windows 10 Pro,windows,windows,10.0,information,"Special privileges assigned to new logon.

Subject:
	Security ID:		S-1-5-21-1431998111-292960839-2456834407-1001
	Account Name:		zhongli
	Account Domain:		DESKTOP-32EH6N8
	Logon ID:		0xDCF05D

Privileges:		SeSecurityPrivilege
			SeTakeOwnershipPrivilege
			SeLoadDriverPrivilege
			SeBackupPrivilege
			SeRestorePrivilege
			SeDebugPrivilege
			SeSystemEnvironmentPrivilege
			SeImpersonatePrivilege
			SeDelegateSessionUserImpersonatePrivilege",-,-,-,-,-,-,-,-,-,-,-,-,-,-,-,-,-,-,-,-,-,-,-,-,-,-,-,-,-,-,-,-,-,zhongli,-,-,-,DESKTOP-32EH6N8,-,-,-,S-1-5-21-1431998111-292960839-2456834407-1001,zhongli,zhongli,-,-,-,-,{96d05236-e7e2-0002-7b52-d096e2e7d801},wineventlog,Security,DESKTOP-32EH6N8,-,-,-,-,-,-,-,-,-,-,-,-,-,-,-,-,-,-,-,-,-,-,-,-,-,-,-,-,-,-,-,-,-,-,-,-,-,-,-,-,-,-,-,"SeSecurityPrivilege, SeTakeOwnershipPrivilege, SeLoadDriverPrivilege, SeBackupPrivilege, SeRestorePrivilege, SeDebugPrivilege, SeSystemEnvironmentPrivilege, SeImpersonatePrivilege, SeDelegateSessionUserImpersonatePrivilege",-,-,-,-,-,-,-,-,-,-,-,-,-,DESKTOP-32EH6N8,0xdcf05d,zhongli,S-1-5-21-1431998111-292960839-2456834407-1001,-,-,-,-,-,-,-,-,-,-,-,-,-,-,-,-,-,-,-,-,-,-,-,-,-,-,-,-,-,-,-,-,-,-,-,-,-,-,-,-,-,-,-,-,4672.0,0xdcf05d,-,Info,776,"7,152",{54849625-5478-4994-a5ba-3e3b0328c30d},Microsoft-Windows-Security-Auditing,2442.0,Special Logon,-,-,-,-,-,-,-,-
453,"Oct 25, 2022 @ 04:26:21.166",DESKTOP-32EH6N8,None,6003,-,-,Microsoft-Windows-Winlogon,-,-,-,-,-,-,-,-,-,-,x86_64,DESKTOP-32EH6N8,45429efd-c10a-4299-8a01-8a10b0cbf1b8,"fe80::7959:555c:b4f7:82d3, 192.168.170.20, fe80::f415:e770:257d:42d7, 169.254.66.215","00:0c:29:6e:f6:d9, f8:89:d2:da:70:74",DESKTOP-32EH6N8,19044.1288,windows,10.0.19041.1288 (WinBuild.160101.0800),Windows 10 Pro,Windows 10 Pro,windows,windows,10.0,information,The winlogon notification subscriber <SessionEnv> was unavailable to handle a critical notification event.,-,-,-,-,-,-,-,-,-,-,-,-,-,-,-,-,-,-,-,-,-,-,-,-,-,-,-,-,-,-,-,-,-,-,-,-,-,-,-,-,-,-,-,-,-,-,-,-,-,wineventlog,Application,DESKTOP-32EH6N8,-,-,-,D9060000,-,-,-,-,-,-,-,-,-,-,-,-,-,-,-,-,-,-,-,-,-,-,-,-,-,-,-,-,-,-,-,-,-,-,-,-,-,-,-,-,-,-,-,-,-,-,-,-,-,-,-,-,-,-,-,-,-,-,-,-,-,-,-,-,-,-,-,-,-,-,-,-,-,-,-,-,-,-,-,SessionEnv,-,-,-,-,-,-,-,-,-,-,-,-,-,-,-,-,-,-,-,-,-,6003.0,-,-,Info,-,-,{DBE9B383-7CF3-4331-91CC-A3CB16A3B538},Microsoft-Windows-Winlogon,561.0,None,-,-,-,-,-,-,-,-
454,"Oct 25, 2022 @ 04:26:19.587",DESKTOP-32EH6N8,logged-out,4634,security,success,Microsoft-Windows-Security-Auditing,-,end,-,-,-,-,-,-,-,-,x86_64,DESKTOP-32EH6N8,45429efd-c10a-4299-8a01-8a10b0cbf1b8,"fe80::7959:555c:b4f7:82d3, 192.168.170.20, fe80::f415:e770:257d:42d7, 169.254.66.215","00:0c:29:6e:f6:d9, f8:89:d2:da:70:74",DESKTOP-32EH6N8,19044.1288,windows,10.0.19041.1288 (WinBuild.160101.0800),Windows 10 Pro,Windows 10 Pro,windows,windows,10.0,information,"An account was logged off.

Subject:
	Security ID:		S-1-5-90-0-6
	Account Name:		DWM-6
	Account Domain:		Window Manager
	Logon ID:		0xB22F21

Logon Type:			2

This event is generated when a logon session is destroyed. It may be positively correlated with a logon event using the Logon ID value. Logon IDs are only unique between reboots on the same computer.",-,-,-,-,-,-,-,-,-,-,-,-,-,-,-,-,-,-,-,-,-,-,-,-,-,-,-,-,-,-,-,-,-,DWM-6,-,-,-,Window Manager,-,-,-,S-1-5-90-0-6,DWM-6,DWM-6,-,-,-,-,-,wineventlog,Security,DESKTOP-32EH6N8,-,-,-,-,-,-,-,-,-,-,-,-,-,-,-,-,-,-,-,-,-,-,-,-,-,-,-,-,-,-,-,-,2,-,-,-,-,-,-,-,-,-,-,-,-,-,-,-,-,-,-,-,-,-,-,-,-,-,-,-,-,-,Window Manager,-,-,-,0xb22f21,-,-,-,-,-,DWM-6,S-1-5-90-0-6,-,-,-,-,-,-,-,-,-,-,-,-,-,-,-,-,-,-,-,-,-,-,-,-,-,-,-,-,-,-,-,4634.0,0xb22f21,Interactive,Info,776,848,{54849625-5478-4994-a5ba-3e3b0328c30d},Microsoft-Windows-Security-Auditing,2437.0,Logoff,-,-,-,-,-,-,-,-
455,"Oct 25, 2022 @ 04:26:19.587",DESKTOP-32EH6N8,logged-out,4634,security,success,Microsoft-Windows-Security-Auditing,-,end,-,-,-,-,-,-,-,-,x86_64,DESKTOP-32EH6N8,45429efd-c10a-4299-8a01-8a10b0cbf1b8,"fe80::7959:555c:b4f7:82d3, 192.168.170.20, fe80::f415:e770:257d:42d7, 169.254.66.215","00:0c:29:6e:f6:d9, f8:89:d2:da:70:74",DESKTOP-32EH6N8,19044.1288,windows,10.0.19041.1288 (WinBuild.160101.0800),Windows 10 Pro,Windows 10 Pro,windows,windows,10.0,information,"An account was logged off.

Subject:
	Security ID:		S-1-5-90-0-6
	Account Name:		DWM-6
	Account Domain:		Window Manager
	Logon ID:		0xB22EEF

Logon Type:			2

This event is generated when a logon session is destroyed. It may be positively correlated with a logon event using the Logon ID value. Logon IDs are only unique between reboots on the same computer.",-,-,-,-,-,-,-,-,-,-,-,-,-,-,-,-,-,-,-,-,-,-,-,-,-,-,-,-,-,-,-,-,-,DWM-6,-,-,-,Window Manager,-,-,-,S-1-5-90-0-6,DWM-6,DWM-6,-,-,-,-,-,wineventlog,Security,DESKTOP-32EH6N8,-,-,-,-,-,-,-,-,-,-,-,-,-,-,-,-,-,-,-,-,-,-,-,-,-,-,-,-,-,-,-,-,2,-,-,-,-,-,-,-,-,-,-,-,-,-,-,-,-,-,-,-,-,-,-,-,-,-,-,-,-,-,Window Manager,-,-,-,0xb22eef,-,-,-,-,-,DWM-6,S-1-5-90-0-6,-,-,-,-,-,-,-,-,-,-,-,-,-,-,-,-,-,-,-,-,-,-,-,-,-,-,-,-,-,-,-,4634.0,0xb22eef,Interactive,Info,776,848,{54849625-5478-4994-a5ba-3e3b0328c30d},Microsoft-Windows-Security-Auditing,2438.0,Logoff,-,-,-,-,-,-,-,-
456,"Oct 25, 2022 @ 04:26:18.540",DESKTOP-32EH6N8,Windows Update Agent,43,-,-,Microsoft-Windows-WindowsUpdateClient,-,-,-,-,-,-,-,-,-,-,x86_64,DESKTOP-32EH6N8,45429efd-c10a-4299-8a01-8a10b0cbf1b8,"fe80::7959:555c:b4f7:82d3, 192.168.170.20, fe80::f415:e770:257d:42d7, 169.254.66.215","00:0c:29:6e:f6:d9, f8:89:d2:da:70:74",DESKTOP-32EH6N8,19044.1288,windows,10.0.19041.1288 (WinBuild.160101.0800),Windows 10 Pro,Windows 10 Pro,windows,windows,10.0,information,Installation Started: Windows has started installing the following update: Windows Malicious Software Removal Tool x64 - v5.106 (KB890830),-,-,-,-,-,-,-,-,-,-,-,-,-,-,-,-,-,-,-,-,-,-,-,-,-,-,-,-,-,-,-,-,-,-,-,-,-,-,-,-,-,-,-,-,-,-,-,-,-,wineventlog,System,DESKTOP-32EH6N8,-,-,-,-,-,-,-,-,-,-,-,-,-,-,-,-,-,-,-,-,-,-,-,-,-,-,-,-,-,-,-,-,-,-,-,-,-,-,-,-,-,-,-,-,-,-,-,-,-,-,-,-,-,-,-,-,-,-,-,-,-,-,-,-,-,-,-,-,-,-,-,-,-,-,-,-,-,-,-,-,-,-,-,-,-,-,-,-,-,-,-,-,-,-,-,-,-,-,-,-,-,-,{fcc60465-497b-4395-b714-4699cef797ca},200,Windows Malicious Software Removal Tool x64 - v5.106 (KB890830),43.0,-,-,Installation,"2,828","7,864",{945a8954-c147-4acd-923f-40c45405a658},Microsoft-Windows-WindowsUpdateClient,925.0,Windows Update Agent,NT AUTHORITY,S-1-5-18,SYSTEM,User,-,-,-,1
457,"Oct 25, 2022 @ 04:26:18.377",DESKTOP-32EH6N8,group-membership-enumerated,4798,security,success,Microsoft-Windows-Security-Auditing,-,"user, info",-,-,-,-,-,-,-,-,x86_64,DESKTOP-32EH6N8,45429efd-c10a-4299-8a01-8a10b0cbf1b8,"fe80::7959:555c:b4f7:82d3, 192.168.170.20, fe80::f415:e770:257d:42d7, 169.254.66.215","00:0c:29:6e:f6:d9, f8:89:d2:da:70:74",DESKTOP-32EH6N8,19044.1288,windows,10.0.19041.1288 (WinBuild.160101.0800),Windows 10 Pro,Windows 10 Pro,windows,windows,10.0,information,"A user's local group membership was enumerated.

Subject:
	Security ID:		S-1-5-18
	Account Name:		DESKTOP-32EH6N8$
	Account Domain:		WORKGROUP
	Logon ID:		0x3E7

User:
	Security ID:		S-1-5-21-1431998111-292960839-2456834407-1001
	Account Name:		zhongli
	Account Domain:		DESKTOP-32EH6N8

Process Information:
	Process ID:		0x28f0
	Process Name:		C:\Windows\System32\LogonUI.exe",-,-,-,-,-,-,-,-,-,-,-,-,-,-,-,-,-,-,-,-,-,-,-,-,-,-,-,-,-,-,-,-,-,"DESKTOP-32EH6N8$, zhongli",-,-,-,WORKGROUP,-,-,-,S-1-5-18,DESKTOP-32EH6N8$,DESKTOP-32EH6N8$,DESKTOP-32EH6N8,S-1-5-21-1431998111-292960839-2456834407-1001,zhongli,zhongli,{96d05236-e7e2-0002-7b52-d096e2e7d801},wineventlog,Security,DESKTOP-32EH6N8,-,-,-,-,0x28f0,C:\Windows\System32\LogonUI.exe,-,-,-,-,-,-,-,-,-,-,-,-,-,-,-,-,-,-,-,-,-,-,-,-,-,-,-,-,-,-,-,-,-,-,-,-,-,-,-,-,-,-,-,-,-,-,-,-,-,-,-,WORKGROUP,0x3e7,DESKTOP-32EH6N8$,S-1-5-18,-,DESKTOP-32EH6N8,-,-,-,-,-,-,-,-,S-1-5-21-1431998111-292960839-2456834407-1001,zhongli,-,-,-,-,-,-,-,-,-,-,-,-,-,-,-,-,-,-,-,-,-,-,-,-,-,-,-,-,-,-,-,-,4798.0,0x3e7,-,Info,776,"7,152",{54849625-5478-4994-a5ba-3e3b0328c30d},Microsoft-Windows-Security-Auditing,2436.0,User Account Management,-,-,-,-,-,-,-,-
458,"Oct 25, 2022 @ 04:26:18.276",DESKTOP-32EH6N8,None,9027,-,-,Desktop Window Manager,-,-,-,-,-,-,-,-,-,-,x86_64,DESKTOP-32EH6N8,45429efd-c10a-4299-8a01-8a10b0cbf1b8,"fe80::7959:555c:b4f7:82d3, 192.168.170.20, fe80::f415:e770:257d:42d7, 169.254.66.215","00:0c:29:6e:f6:d9, f8:89:d2:da:70:74",DESKTOP-32EH6N8,19044.1288,windows,10.0.19041.1288 (WinBuild.160101.0800),Windows 10 Pro,Windows 10 Pro,windows,windows,10.0,information,The Desktop Window Manager has registered the session port.,-,-,-,-,-,-,-,-,-,-,-,-,-,-,-,-,-,-,-,-,-,-,-,-,-,-,-,-,-,-,-,-,-,-,-,-,-,-,-,-,-,-,-,-,-,-,-,-,-,wineventlog,Application,DESKTOP-32EH6N8,-,-,-,-,-,-,-,-,-,-,-,-,-,-,-,-,-,-,-,-,-,-,-,-,-,-,-,-,-,-,-,-,-,-,-,-,-,-,-,-,-,-,-,-,-,-,-,-,-,-,-,-,-,-,-,-,-,-,-,-,-,-,-,-,-,-,-,-,-,-,-,-,-,-,-,-,-,-,-,-,-,-,-,-,-,-,-,-,-,-,-,-,-,-,-,-,-,-,-,-,-,-,-,-,-,9027.0,-,-,Info,-,-,-,Desktop Window Manager,560.0,None,-,-,-,-,-,-,-,-
459,"Oct 25, 2022 @ 04:26:18.276",DESKTOP-32EH6N8,logged-out,4634,security,success,Microsoft-Windows-Security-Auditing,-,end,-,-,-,-,-,-,-,-,x86_64,DESKTOP-32EH6N8,45429efd-c10a-4299-8a01-8a10b0cbf1b8,"fe80::7959:555c:b4f7:82d3, 192.168.170.20, fe80::f415:e770:257d:42d7, 169.254.66.215","00:0c:29:6e:f6:d9, f8:89:d2:da:70:74",DESKTOP-32EH6N8,19044.1288,windows,10.0.19041.1288 (WinBuild.160101.0800),Windows 10 Pro,Windows 10 Pro,windows,windows,10.0,information,"An account was logged off.

Subject:
	Security ID:		S-1-5-96-0-6
	Account Name:		UMFD-6
	Account Domain:		Font Driver Host
	Logon ID:		0xB22210

Logon Type:			2

This event is generated when a logon session is destroyed. It may be positively correlated with a logon event using the Logon ID value. Logon IDs are only unique between reboots on the same computer.",-,-,-,-,-,-,-,-,-,-,-,-,-,-,-,-,-,-,-,-,-,-,-,-,-,-,-,-,-,-,-,-,-,UMFD-6,-,-,-,Font Driver Host,-,-,-,S-1-5-96-0-6,UMFD-6,UMFD-6,-,-,-,-,-,wineventlog,Security,DESKTOP-32EH6N8,-,-,-,-,-,-,-,-,-,-,-,-,-,-,-,-,-,-,-,-,-,-,-,-,-,-,-,-,-,-,-,-,2,-,-,-,-,-,-,-,-,-,-,-,-,-,-,-,-,-,-,-,-,-,-,-,-,-,-,-,-,-,Font Driver Host,-,-,-,0xb22210,-,-,-,-,-,UMFD-6,S-1-5-96-0-6,-,-,-,-,-,-,-,-,-,-,-,-,-,-,-,-,-,-,-,-,-,-,-,-,-,-,-,-,-,-,-,4634.0,0xb22210,Interactive,Info,776,848,{54849625-5478-4994-a5ba-3e3b0328c30d},Microsoft-Windows-Security-Auditing,2435.0,Logoff,-,-,-,-,-,-,-,-
460,"Oct 25, 2022 @ 04:26:18.229",DESKTOP-32EH6N8,None,16394,-,-,Microsoft-Windows-Security-SPP,-,-,-,-,-,-,-,-,-,-,x86_64,DESKTOP-32EH6N8,45429efd-c10a-4299-8a01-8a10b0cbf1b8,"fe80::7959:555c:b4f7:82d3, 192.168.170.20, fe80::f415:e770:257d:42d7, 169.254.66.215","00:0c:29:6e:f6:d9, f8:89:d2:da:70:74",DESKTOP-32EH6N8,19044.1288,windows,10.0.19041.1288 (WinBuild.160101.0800),Windows 10 Pro,Windows 10 Pro,windows,windows,10.0,information,Offline downlevel migration succeeded.,-,-,-,-,-,-,-,-,-,-,-,-,-,-,-,-,-,-,-,-,-,-,-,-,-,-,-,-,-,-,-,-,-,-,-,-,-,-,-,-,-,-,-,-,-,-,-,-,-,wineventlog,Application,DESKTOP-32EH6N8,-,-,-,-,-,-,-,-,-,-,-,-,-,-,-,-,-,-,-,-,-,-,-,-,-,-,-,-,-,-,-,-,-,-,-,-,-,-,-,-,-,-,-,-,-,-,-,-,-,-,-,-,-,-,-,-,-,-,-,-,-,-,-,-,-,-,-,-,-,-,-,-,-,-,-,-,-,-,-,-,-,-,-,-,-,-,-,-,-,-,-,-,-,-,-,-,-,-,-,-,-,-,-,-,-,16394.0,-,-,Info,-,-,{E23B33B0-C8C9-472C-A5F9-F2BDFEA0F156},Microsoft-Windows-Security-SPP,559.0,None,-,-,-,-,-,-,-,-
461,"Oct 25, 2022 @ 04:26:18.198",DESKTOP-32EH6N8,logged-in-explicit,4648,security,success,Microsoft-Windows-Security-Auditing,-,start,-,-,-,-,-,-,-,-,x86_64,DESKTOP-32EH6N8,45429efd-c10a-4299-8a01-8a10b0cbf1b8,"fe80::7959:555c:b4f7:82d3, 192.168.170.20, fe80::f415:e770:257d:42d7, 169.254.66.215","00:0c:29:6e:f6:d9, f8:89:d2:da:70:74",DESKTOP-32EH6N8,19044.1288,windows,10.0.19041.1288 (WinBuild.160101.0800),Windows 10 Pro,Windows 10 Pro,windows,windows,10.0,information,"A logon was attempted using explicit credentials.

Subject:
	Security ID:		S-1-5-18
	Account Name:		DESKTOP-32EH6N8$
	Account Domain:		WORKGROUP
	Logon ID:		0x3E7
	Logon GUID:		{00000000-0000-0000-0000-000000000000}

Account Whose Credentials Were Used:
	Account Name:		DWM-7
	Account Domain:		Window Manager
	Logon GUID:		{00000000-0000-0000-0000-000000000000}

Target Server:
	Target Server Name:	localhost
	Additional Information:	localhost

Process Information:
	Process ID:		0x2894
	Process Name:		C:\Windows\System32\winlogon.exe

Network Information:
	Network Address:	-
	Port:			-

This event is generated when a process attempts to log on an account by explicitly specifying that accounts credentials.  This most commonly occurs in batch-type configurations such as scheduled tasks, or when using the RUNAS command.",-,-,-,-,-,-,-,-,-,-,-,-,-,-,-,-,-,-,-,-,-,-,-,-,-,C:\Windows\System32\winlogon.exe,C:\Windows\System32\winlogon.exe,winlogon.exe,winlogon.exe,"10,388",-,-,-,"DWM-7, DESKTOP-32EH6N8$",-,-,-,WORKGROUP,Window Manager,DWM-7,DWM-7,S-1-5-18,DESKTOP-32EH6N8$,DESKTOP-32EH6N8$,-,-,-,-,{96d05236-e7e2-0002-7b52-d096e2e7d801},wineventlog,Security,DESKTOP-32EH6N8,-,-,-,-,-,-,-,-,-,-,-,-,-,-,-,-,-,-,-,-,-,-,-,-,-,-,-,-,-,-,{00000000-0000-0000-0000-000000000000},-,-,-,-,-,-,-,-,-,-,-,-,-,-,-,-,-,-,-,-,-,-,-,-,-,-,WORKGROUP,0x3e7,DESKTOP-32EH6N8$,S-1-5-18,-,Window Manager,localhost,-,{00000000-0000-0000-0000-000000000000},-,-,-,-,localhost,-,DWM-7,-,-,-,-,-,-,-,-,-,-,-,-,-,-,-,-,-,-,-,-,-,-,-,-,-,-,-,-,-,-,-,-,4648.0,0x3e7,-,Info,776,848,{54849625-5478-4994-a5ba-3e3b0328c30d},Microsoft-Windows-Security-Auditing,2430.0,Logon,-,-,-,-,-,-,-,-
462,"Oct 25, 2022 @ 04:26:18.198",DESKTOP-32EH6N8,logged-in,4624,security,success,Microsoft-Windows-Security-Auditing,-,start,-,-,-,-,-,-,-,-,x86_64,DESKTOP-32EH6N8,45429efd-c10a-4299-8a01-8a10b0cbf1b8,"fe80::7959:555c:b4f7:82d3, 192.168.170.20, fe80::f415:e770:257d:42d7, 169.254.66.215","00:0c:29:6e:f6:d9, f8:89:d2:da:70:74",DESKTOP-32EH6N8,19044.1288,windows,10.0.19041.1288 (WinBuild.160101.0800),Windows 10 Pro,Windows 10 Pro,windows,windows,10.0,information,"An account was successfully logged on.

Subject:
	Security ID:		S-1-5-18
	Account Name:		DESKTOP-32EH6N8$
	Account Domain:		WORKGROUP
	Logon ID:		0x3E7

Logon Information:
	Logon Type:		2
	Restricted Admin Mode:	-
	Virtual Account:		Yes
	Elevated Token:		Yes

Impersonation Level:		Impersonation

New Logon:
	Security ID:		S-1-5-90-0-7
	Account Name:		DWM-7
	Account Domain:		Window Manager
	Logon ID:		0xDC8744
	Linked Logon ID:		0xDC8780
	Network Account Name:	-
	Network Account Domain:	-
	Logon GUID:		{00000000-0000-0000-0000-000000000000}

Process Information:
	Process ID:		0x2894
	Process Name:		C:\Windows\System32\winlogon.exe

Network Information:
	Workstation Name:	-
	Source Network Address:	-
	Source Port:		-

Detailed Authentication Information:
	Logon Process:		Advapi  
	Authentication Package:	Negotiate
	Transited Services:	-
	Package Name (NTLM only):	-
	Key Length:		0

This event is generated when a logon session is created. It is generated on the computer that was accessed.

The subject fields indicate the account on the local system which requested the logon. This is most commonly a service such as the Server service, or a local process such as Winlogon.exe or Services.exe.

The logon type field indicates the kind of logon that occurred. The most common types are 2 (interactive) and 3 (network).

The New Logon fields indicate the account for whom the new logon was created, i.e. the account that was logged on.

The network fields indicate where a remote logon request originated. Workstation name is not always available and may be left blank in some cases.

The impersonation level field indicates the extent to which a process in the logon session can impersonate.

The authentication information fields provide detailed information about this specific logon request.
	- Logon GUID is a unique identifier that can be used to correlate this event with a KDC event.
	- Transited services indicate which intermediate services have participated in this logon request.
	- Package name indicates which sub-protocol was used among the NTLM protocols.
	- Key length indicates the length of the generated session key. This will be 0 if no session key was requested.",-,-,-,-,-,-,-,-,-,-,-,-,-,-,-,-,-,-,-,-,-,-,-,-,-,C:\Windows\System32\winlogon.exe,C:\Windows\System32\winlogon.exe,winlogon.exe,winlogon.exe,"10,388",-,-,-,"DWM-7, DESKTOP-32EH6N8$",-,-,-,Window Manager,-,-,-,S-1-5-90-0-7,DWM-7,DWM-7,-,-,-,-,{96d05236-e7e2-0002-7b52-d096e2e7d801},wineventlog,Security,DESKTOP-32EH6N8,-,-,Negotiate,-,-,-,-,-,-,-,-,-,-,-,%%1842,-,-,-,-,-,-,%%1833,-,-,-,0,-,-,-,-,{00000000-0000-0000-0000-000000000000},Advapi  ,2,-,-,-,-,-,-,-,-,-,-,-,-,-,-,-,-,-,-,-,-,-,-,-,-,WORKGROUP,0x3e7,DESKTOP-32EH6N8$,S-1-5-18,-,Window Manager,-,0xdc8780,-,0xdc8744,-,-,-,-,-,DWM-7,S-1-5-90-0-7,-,-,-,-,-,-,%%1842,-,-,-,-,-,-,-,-,-,-,-,-,-,-,-,-,-,-,-,-,-,-,-,-,4624.0,0x3e7,Interactive,Info,776,848,{54849625-5478-4994-a5ba-3e3b0328c30d},Microsoft-Windows-Security-Auditing,2431.0,Logon,-,-,-,-,-,-,-,2
463,"Oct 25, 2022 @ 04:26:18.198",DESKTOP-32EH6N8,logged-in,4624,security,success,Microsoft-Windows-Security-Auditing,-,start,-,-,-,-,-,-,-,-,x86_64,DESKTOP-32EH6N8,45429efd-c10a-4299-8a01-8a10b0cbf1b8,"fe80::7959:555c:b4f7:82d3, 192.168.170.20, fe80::f415:e770:257d:42d7, 169.254.66.215","00:0c:29:6e:f6:d9, f8:89:d2:da:70:74",DESKTOP-32EH6N8,19044.1288,windows,10.0.19041.1288 (WinBuild.160101.0800),Windows 10 Pro,Windows 10 Pro,windows,windows,10.0,information,"An account was successfully logged on.

Subject:
	Security ID:		S-1-5-18
	Account Name:		DESKTOP-32EH6N8$
	Account Domain:		WORKGROUP
	Logon ID:		0x3E7

Logon Information:
	Logon Type:		2
	Restricted Admin Mode:	-
	Virtual Account:		Yes
	Elevated Token:		No

Impersonation Level:		Impersonation

New Logon:
	Security ID:		S-1-5-90-0-7
	Account Name:		DWM-7
	Account Domain:		Window Manager
	Logon ID:		0xDC8780
	Linked Logon ID:		0xDC8744
	Network Account Name:	-
	Network Account Domain:	-
	Logon GUID:		{00000000-0000-0000-0000-000000000000}

Process Information:
	Process ID:		0x2894
	Process Name:		C:\Windows\System32\winlogon.exe

Network Information:
	Workstation Name:	-
	Source Network Address:	-
	Source Port:		-

Detailed Authentication Information:
	Logon Process:		Advapi  
	Authentication Package:	Negotiate
	Transited Services:	-
	Package Name (NTLM only):	-
	Key Length:		0

This event is generated when a logon session is created. It is generated on the computer that was accessed.

The subject fields indicate the account on the local system which requested the logon. This is most commonly a service such as the Server service, or a local process such as Winlogon.exe or Services.exe.

The logon type field indicates the kind of logon that occurred. The most common types are 2 (interactive) and 3 (network).

The New Logon fields indicate the account for whom the new logon was created, i.e. the account that was logged on.

The network fields indicate where a remote logon request originated. Workstation name is not always available and may be left blank in some cases.

The impersonation level field indicates the extent to which a process in the logon session can impersonate.

The authentication information fields provide detailed information about this specific logon request.
	- Logon GUID is a unique identifier that can be used to correlate this event with a KDC event.
	- Transited services indicate which intermediate services have participated in this logon request.
	- Package name indicates which sub-protocol was used among the NTLM protocols.
	- Key length indicates the length of the generated session key. This will be 0 if no session key was requested.",-,-,-,-,-,-,-,-,-,-,-,-,-,-,-,-,-,-,-,-,-,-,-,-,-,C:\Windows\System32\winlogon.exe,C:\Windows\System32\winlogon.exe,winlogon.exe,winlogon.exe,"10,388",-,-,-,"DWM-7, DESKTOP-32EH6N8$",-,-,-,Window Manager,-,-,-,S-1-5-90-0-7,DWM-7,DWM-7,-,-,-,-,{96d05236-e7e2-0002-7b52-d096e2e7d801},wineventlog,Security,DESKTOP-32EH6N8,-,-,Negotiate,-,-,-,-,-,-,-,-,-,-,-,%%1843,-,-,-,-,-,-,%%1833,-,-,-,0,-,-,-,-,{00000000-0000-0000-0000-000000000000},Advapi  ,2,-,-,-,-,-,-,-,-,-,-,-,-,-,-,-,-,-,-,-,-,-,-,-,-,WORKGROUP,0x3e7,DESKTOP-32EH6N8$,S-1-5-18,-,Window Manager,-,0xdc8744,-,0xdc8780,-,-,-,-,-,DWM-7,S-1-5-90-0-7,-,-,-,-,-,-,%%1842,-,-,-,-,-,-,-,-,-,-,-,-,-,-,-,-,-,-,-,-,-,-,-,-,4624.0,0x3e7,Interactive,Info,776,848,{54849625-5478-4994-a5ba-3e3b0328c30d},Microsoft-Windows-Security-Auditing,2432.0,Logon,-,-,-,-,-,-,-,2
464,"Oct 25, 2022 @ 04:26:18.198",DESKTOP-32EH6N8,logged-in-special,4672,security,success,Microsoft-Windows-Security-Auditing,-,admin,-,-,-,-,-,-,-,-,x86_64,DESKTOP-32EH6N8,45429efd-c10a-4299-8a01-8a10b0cbf1b8,"fe80::7959:555c:b4f7:82d3, 192.168.170.20, fe80::f415:e770:257d:42d7, 169.254.66.215","00:0c:29:6e:f6:d9, f8:89:d2:da:70:74",DESKTOP-32EH6N8,19044.1288,windows,10.0.19041.1288 (WinBuild.160101.0800),Windows 10 Pro,Windows 10 Pro,windows,windows,10.0,information,"Special privileges assigned to new logon.

Subject:
	Security ID:		S-1-5-90-0-7
	Account Name:		DWM-7
	Account Domain:		Window Manager
	Logon ID:		0xDC8744

Privileges:		SeAssignPrimaryTokenPrivilege
			SeAuditPrivilege
			SeImpersonatePrivilege",-,-,-,-,-,-,-,-,-,-,-,-,-,-,-,-,-,-,-,-,-,-,-,-,-,-,-,-,-,-,-,-,-,DWM-7,-,-,-,Window Manager,-,-,-,S-1-5-90-0-7,DWM-7,DWM-7,-,-,-,-,{96d05236-e7e2-0002-7b52-d096e2e7d801},wineventlog,Security,DESKTOP-32EH6N8,-,-,-,-,-,-,-,-,-,-,-,-,-,-,-,-,-,-,-,-,-,-,-,-,-,-,-,-,-,-,-,-,-,-,-,-,-,-,-,-,-,-,-,"SeAssignPrimaryTokenPrivilege, SeAuditPrivilege, SeImpersonatePrivilege",-,-,-,-,-,-,-,-,-,-,-,-,-,Window Manager,0xdc8744,DWM-7,S-1-5-90-0-7,-,-,-,-,-,-,-,-,-,-,-,-,-,-,-,-,-,-,-,-,-,-,-,-,-,-,-,-,-,-,-,-,-,-,-,-,-,-,-,-,-,-,-,-,4672.0,0xdc8744,-,Info,776,848,{54849625-5478-4994-a5ba-3e3b0328c30d},Microsoft-Windows-Security-Auditing,2433.0,Special Logon,-,-,-,-,-,-,-,-
465,"Oct 25, 2022 @ 04:26:18.198",DESKTOP-32EH6N8,logged-in-special,4672,security,success,Microsoft-Windows-Security-Auditing,-,admin,-,-,-,-,-,-,-,-,x86_64,DESKTOP-32EH6N8,45429efd-c10a-4299-8a01-8a10b0cbf1b8,"fe80::7959:555c:b4f7:82d3, 192.168.170.20, fe80::f415:e770:257d:42d7, 169.254.66.215","00:0c:29:6e:f6:d9, f8:89:d2:da:70:74",DESKTOP-32EH6N8,19044.1288,windows,10.0.19041.1288 (WinBuild.160101.0800),Windows 10 Pro,Windows 10 Pro,windows,windows,10.0,information,"Special privileges assigned to new logon.

Subject:
	Security ID:		S-1-5-90-0-7
	Account Name:		DWM-7
	Account Domain:		Window Manager
	Logon ID:		0xDC8780

Privileges:		SeAssignPrimaryTokenPrivilege
			SeAuditPrivilege",-,-,-,-,-,-,-,-,-,-,-,-,-,-,-,-,-,-,-,-,-,-,-,-,-,-,-,-,-,-,-,-,-,DWM-7,-,-,-,Window Manager,-,-,-,S-1-5-90-0-7,DWM-7,DWM-7,-,-,-,-,{96d05236-e7e2-0002-7b52-d096e2e7d801},wineventlog,Security,DESKTOP-32EH6N8,-,-,-,-,-,-,-,-,-,-,-,-,-,-,-,-,-,-,-,-,-,-,-,-,-,-,-,-,-,-,-,-,-,-,-,-,-,-,-,-,-,-,-,"SeAssignPrimaryTokenPrivilege, SeAuditPrivilege",-,-,-,-,-,-,-,-,-,-,-,-,-,Window Manager,0xdc8780,DWM-7,S-1-5-90-0-7,-,-,-,-,-,-,-,-,-,-,-,-,-,-,-,-,-,-,-,-,-,-,-,-,-,-,-,-,-,-,-,-,-,-,-,-,-,-,-,-,-,-,-,-,4672.0,0xdc8780,-,Info,776,848,{54849625-5478-4994-a5ba-3e3b0328c30d},Microsoft-Windows-Security-Auditing,2434.0,Special Logon,-,-,-,-,-,-,-,-
