275,"Oct 25, 2022 @ 04:28:09.042",DESKTOP-32EH6N8,None,16,-,-,Microsoft-Windows-Kernel-General,-,-,-,-,-,-,-,-,-,-,x86_64,DESKTOP-32EH6N8,45429efd-c10a-4299-8a01-8a10b0cbf1b8,"fe80::7959:555c:b4f7:82d3, 192.168.170.20, fe80::f415:e770:257d:42d7, 169.254.66.215","00:0c:29:6e:f6:d9, f8:89:d2:da:70:74",DESKTOP-32EH6N8,19044.1288,windows,10.0.19041.1288 (WinBuild.160101.0800),Windows 10 Pro,Windows 10 Pro,windows,windows,10.0,information,The access history in hive \??\C:\ProgramData\Microsoft\Windows\AppRepository\Packages\Microsoft.WindowsSoundRecorder_10.2103.28.0_x64__8wekyb3d8bbwe\ActivationStore.dat was cleared updating 0 keys and creating 0 modified pages.,-,-,-,-,-,-,-,-,-,-,-,-,-,-,-,-,-,-,-,-,-,-,-,-,-,-,-,-,-,-,-,-,-,-,-,-,-,-,-,-,-,-,-,-,-,-,-,-,-,wineventlog,System,DESKTOP-32EH6N8,-,-,-,-,-,-,-,-,-,-,-,-,-,0,-,-,-,-,\??\C:\ProgramData\Microsoft\Windows\AppRepository\Packages\Microsoft.WindowsSoundRecorder_10.2103.28.0_x64__8wekyb3d8bbwe\ActivationStore.dat,142,-,-,-,-,-,-,-,-,0,-,-,-,-,-,-,-,-,-,-,-,-,-,-,-,-,-,-,-,-,-,-,-,-,-,-,-,-,-,-,-,-,-,-,-,-,-,-,-,-,-,-,-,-,-,-,-,-,-,-,-,-,-,-,-,-,-,-,-,-,-,-,-,-,-,-,-,-,-,-,-,-,-,-,-,-,16.0,-,-,Info,"7,516","10,024",{a68ca8b7-004f-d7b6-a698-07e2de0f1f5d},Microsoft-Windows-Kernel-General,1044.0,None,NT AUTHORITY,S-1-5-18,SYSTEM,User,-,-,-,-
276,"Oct 25, 2022 @ 04:28:08.826",DESKTOP-32EH6N8,logged-in,4624,security,success,Microsoft-Windows-Security-Auditing,-,start,-,-,-,-,-,-,-,-,x86_64,DESKTOP-32EH6N8,45429efd-c10a-4299-8a01-8a10b0cbf1b8,"fe80::7959:555c:b4f7:82d3, 192.168.170.20, fe80::f415:e770:257d:42d7, 169.254.66.215","00:0c:29:6e:f6:d9, f8:89:d2:da:70:74",DESKTOP-32EH6N8,19044.1288,windows,10.0.19041.1288 (WinBuild.160101.0800),Windows 10 Pro,Windows 10 Pro,windows,windows,10.0,information,"An account was successfully logged on.

Subject:
	Security ID:		S-1-5-18
	Account Name:		DESKTOP-32EH6N8$
	Account Domain:		WORKGROUP
	Logon ID:		0x3E7

Logon Information:
	Logon Type:		5
	Restricted Admin Mode:	-
	Virtual Account:		No
	Elevated Token:		Yes

Impersonation Level:		Impersonation

New Logon:
	Security ID:		S-1-5-18
	Account Name:		SYSTEM
	Account Domain:		NT AUTHORITY
	Logon ID:		0x3E7
	Linked Logon ID:		0x0
	Network Account Name:	-
	Network Account Domain:	-
	Logon GUID:		{00000000-0000-0000-0000-000000000000}

Process Information:
	Process ID:		0x2f0
	Process Name:		C:\Windows\System32\services.exe

Network Information:
	Workstation Name:	-
	Source Network Address:	-
	Source Port:		-

Detailed Authentication Information:
	Logon Process:		Advapi  
	Authentication Package:	Negotiate
	Transited Services:	-
	Package Name (NTLM only):	-
	Key Length:		0

This event is generated when a logon session is created. It is generated on the computer that was accessed.

The subject fields indicate the account on the local system which requested the logon. This is most commonly a service such as the Server service, or a local process such as Winlogon.exe or Services.exe.

The logon type field indicates the kind of logon that occurred. The most common types are 2 (interactive) and 3 (network).

The New Logon fields indicate the account for whom the new logon was created, i.e. the account that was logged on.

The network fields indicate where a remote logon request originated. Workstation name is not always available and may be left blank in some cases.

The impersonation level field indicates the extent to which a process in the logon session can impersonate.

The authentication information fields provide detailed information about this specific logon request.
	- Logon GUID is a unique identifier that can be used to correlate this event with a KDC event.
	- Transited services indicate which intermediate services have participated in this logon request.
	- Package name indicates which sub-protocol was used among the NTLM protocols.
	- Key length indicates the length of the generated session key. This will be 0 if no session key was requested.",-,-,-,-,-,-,-,-,-,-,-,-,-,-,-,-,-,-,-,-,-,-,-,-,-,C:\Windows\System32\services.exe,C:\Windows\System32\services.exe,services.exe,services.exe,752,-,-,-,"SYSTEM, DESKTOP-32EH6N8$",-,-,-,NT AUTHORITY,-,-,-,S-1-5-18,SYSTEM,SYSTEM,-,-,-,-,{96d05236-e7e2-0002-7b52-d096e2e7d801},wineventlog,Security,DESKTOP-32EH6N8,-,-,Negotiate,-,-,-,-,-,-,-,-,-,-,-,%%1842,-,-,-,-,-,-,%%1833,-,-,-,0,-,-,-,-,{00000000-0000-0000-0000-000000000000},Advapi  ,5,-,-,-,-,-,-,-,-,-,-,-,-,-,-,-,-,-,-,-,-,-,-,-,-,WORKGROUP,0x3e7,DESKTOP-32EH6N8$,S-1-5-18,-,NT AUTHORITY,-,0x0,-,0x3e7,-,-,-,-,-,SYSTEM,S-1-5-18,-,-,-,-,-,-,%%1843,-,-,-,-,-,-,-,-,-,-,-,-,-,-,-,-,-,-,-,-,-,-,-,-,4624.0,0x3e7,Service,Info,776,"8,124",{54849625-5478-4994-a5ba-3e3b0328c30d},Microsoft-Windows-Security-Auditing,2481.0,Logon,-,-,-,-,-,-,-,2
277,"Oct 25, 2022 @ 04:28:08.826",DESKTOP-32EH6N8,logged-in-special,4672,security,success,Microsoft-Windows-Security-Auditing,-,admin,-,-,-,-,-,-,-,-,x86_64,DESKTOP-32EH6N8,45429efd-c10a-4299-8a01-8a10b0cbf1b8,"fe80::7959:555c:b4f7:82d3, 192.168.170.20, fe80::f415:e770:257d:42d7, 169.254.66.215","00:0c:29:6e:f6:d9, f8:89:d2:da:70:74",DESKTOP-32EH6N8,19044.1288,windows,10.0.19041.1288 (WinBuild.160101.0800),Windows 10 Pro,Windows 10 Pro,windows,windows,10.0,information,"Special privileges assigned to new logon.

Subject:
	Security ID:		S-1-5-18
	Account Name:		SYSTEM
	Account Domain:		NT AUTHORITY
	Logon ID:		0x3E7

Privileges:		SeAssignPrimaryTokenPrivilege
			SeTcbPrivilege
			SeSecurityPrivilege
			SeTakeOwnershipPrivilege
			SeLoadDriverPrivilege
			SeBackupPrivilege
			SeRestorePrivilege
			SeDebugPrivilege
			SeAuditPrivilege
			SeSystemEnvironmentPrivilege
			SeImpersonatePrivilege
			SeDelegateSessionUserImpersonatePrivilege",-,-,-,-,-,-,-,-,-,-,-,-,-,-,-,-,-,-,-,-,-,-,-,-,-,-,-,-,-,-,-,-,-,SYSTEM,-,-,-,NT AUTHORITY,-,-,-,S-1-5-18,SYSTEM,SYSTEM,-,-,-,-,{96d05236-e7e2-0002-7b52-d096e2e7d801},wineventlog,Security,DESKTOP-32EH6N8,-,-,-,-,-,-,-,-,-,-,-,-,-,-,-,-,-,-,-,-,-,-,-,-,-,-,-,-,-,-,-,-,-,-,-,-,-,-,-,-,-,-,-,"SeAssignPrimaryTokenPrivilege, SeTcbPrivilege, SeSecurityPrivilege, SeTakeOwnershipPrivilege, SeLoadDriverPrivilege, SeBackupPrivilege, SeRestorePrivilege, SeDebugPrivilege, SeAuditPrivilege, SeSystemEnvironmentPrivilege, SeImpersonatePrivilege, SeDelegateSessionUserImpersonatePrivilege",-,-,-,-,-,-,-,-,-,-,-,-,-,NT AUTHORITY,0x3e7,SYSTEM,S-1-5-18,-,-,-,-,-,-,-,-,-,-,-,-,-,-,-,-,-,-,-,-,-,-,-,-,-,-,-,-,-,-,-,-,-,-,-,-,-,-,-,-,-,-,-,-,4672.0,0x3e7,-,Info,776,"8,124",{54849625-5478-4994-a5ba-3e3b0328c30d},Microsoft-Windows-Security-Auditing,2482.0,Special Logon,-,-,-,-,-,-,-,-
278,"Oct 25, 2022 @ 04:28:08.434",DESKTOP-32EH6N8,None,16,-,-,Microsoft-Windows-Kernel-General,-,-,-,-,-,-,-,-,-,-,x86_64,DESKTOP-32EH6N8,45429efd-c10a-4299-8a01-8a10b0cbf1b8,"fe80::7959:555c:b4f7:82d3, 192.168.170.20, fe80::f415:e770:257d:42d7, 169.254.66.215","00:0c:29:6e:f6:d9, f8:89:d2:da:70:74",DESKTOP-32EH6N8,19044.1288,windows,10.0.19041.1288 (WinBuild.160101.0800),Windows 10 Pro,Windows 10 Pro,windows,windows,10.0,information,The access history in hive \??\C:\Users\zhongli\AppData\Local\Packages\Microsoft.Office.OneNote_8wekyb3d8bbwe\Settings\settings.dat was cleared updating 3 keys and creating 1 modified pages.,-,-,-,-,-,-,-,-,-,-,-,-,-,-,-,-,-,-,-,-,-,-,-,-,-,-,-,-,-,-,-,-,-,-,-,-,-,-,-,-,-,-,-,-,-,-,-,-,-,wineventlog,System,DESKTOP-32EH6N8,-,-,-,-,-,-,-,-,-,-,-,-,-,1,-,-,-,-,\??\C:\Users\zhongli\AppData\Local\Packages\Microsoft.Office.OneNote_8wekyb3d8bbwe\Settings\settings.dat,104,-,-,-,-,-,-,-,-,3,-,-,-,-,-,-,-,-,-,-,-,-,-,-,-,-,-,-,-,-,-,-,-,-,-,-,-,-,-,-,-,-,-,-,-,-,-,-,-,-,-,-,-,-,-,-,-,-,-,-,-,-,-,-,-,-,-,-,-,-,-,-,-,-,-,-,-,-,-,-,-,-,-,-,-,-,16.0,-,-,Info,"7,516","10,232",{a68ca8b7-004f-d7b6-a698-07e2de0f1f5d},Microsoft-Windows-Kernel-General,1043.0,None,DESKTOP-32EH6N8,S-1-5-21-1431998111-292960839-2456834407-1001,zhongli,User,-,-,-,-
279,"Oct 25, 2022 @ 04:28:08.266",DESKTOP-32EH6N8,Windows Update Agent,43,-,-,Microsoft-Windows-WindowsUpdateClient,-,-,-,-,-,-,-,-,-,-,x86_64,DESKTOP-32EH6N8,45429efd-c10a-4299-8a01-8a10b0cbf1b8,"fe80::7959:555c:b4f7:82d3, 192.168.170.20, fe80::f415:e770:257d:42d7, 169.254.66.215","00:0c:29:6e:f6:d9, f8:89:d2:da:70:74",DESKTOP-32EH6N8,19044.1288,windows,10.0.19041.1288 (WinBuild.160101.0800),Windows 10 Pro,Windows 10 Pro,windows,windows,10.0,information,Installation Started: Windows has started installing the following update: 9WZDNCRFHVJL-MICROSOFT.OFFICE.ONENOTE,-,-,-,-,-,-,-,-,-,-,-,-,-,-,-,-,-,-,-,-,-,-,-,-,-,-,-,-,-,-,-,-,-,-,-,-,-,-,-,-,-,-,-,-,-,-,-,-,-,wineventlog,System,DESKTOP-32EH6N8,-,-,-,-,-,-,-,-,-,-,-,-,-,-,-,-,-,-,-,-,-,-,-,-,-,-,-,-,-,-,-,-,-,-,-,-,-,-,-,-,-,-,-,-,-,-,-,-,-,-,-,-,-,-,-,-,-,-,-,-,-,-,-,-,-,-,-,-,-,-,-,-,-,-,-,-,-,-,-,-,-,-,-,-,-,-,-,-,-,-,-,-,-,-,-,-,-,-,-,-,-,-,{43ce8834-d8e2-411b-8962-887a6d3a90c7},1,9WZDNCRFHVJL-MICROSOFT.OFFICE.ONENOTE,43.0,-,-,Installation,"2,828","7,328",{945a8954-c147-4acd-923f-40c45405a658},Microsoft-Windows-WindowsUpdateClient,1042.0,Windows Update Agent,NT AUTHORITY,S-1-5-18,SYSTEM,User,-,-,-,1
280,"Oct 25, 2022 @ 04:28:07.320",DESKTOP-32EH6N8,None,16,-,-,Microsoft-Windows-Kernel-General,-,-,-,-,-,-,-,-,-,-,x86_64,DESKTOP-32EH6N8,45429efd-c10a-4299-8a01-8a10b0cbf1b8,"fe80::7959:555c:b4f7:82d3, 192.168.170.20, fe80::f415:e770:257d:42d7, 169.254.66.215","00:0c:29:6e:f6:d9, f8:89:d2:da:70:74",DESKTOP-32EH6N8,19044.1288,windows,10.0.19041.1288 (WinBuild.160101.0800),Windows 10 Pro,Windows 10 Pro,windows,windows,10.0,information,The access history in hive \??\C:\ProgramData\Microsoft\Windows\AppRepository\Packages\Microsoft.Office.OneNote_16001.14326.21146.0_x64__8wekyb3d8bbwe\ActivationStore.dat was cleared updating 0 keys and creating 0 modified pages.,-,-,-,-,-,-,-,-,-,-,-,-,-,-,-,-,-,-,-,-,-,-,-,-,-,-,-,-,-,-,-,-,-,-,-,-,-,-,-,-,-,-,-,-,-,-,-,-,-,wineventlog,System,DESKTOP-32EH6N8,-,-,-,-,-,-,-,-,-,-,-,-,-,0,-,-,-,-,\??\C:\ProgramData\Microsoft\Windows\AppRepository\Packages\Microsoft.Office.OneNote_16001.14326.21146.0_x64__8wekyb3d8bbwe\ActivationStore.dat,143,-,-,-,-,-,-,-,-,0,-,-,-,-,-,-,-,-,-,-,-,-,-,-,-,-,-,-,-,-,-,-,-,-,-,-,-,-,-,-,-,-,-,-,-,-,-,-,-,-,-,-,-,-,-,-,-,-,-,-,-,-,-,-,-,-,-,-,-,-,-,-,-,-,-,-,-,-,-,-,-,-,-,-,-,-,16.0,-,-,Info,"7,516","7,072",{a68ca8b7-004f-d7b6-a698-07e2de0f1f5d},Microsoft-Windows-Kernel-General,1041.0,None,NT AUTHORITY,S-1-5-18,SYSTEM,User,-,-,-,-
281,"Oct 25, 2022 @ 04:28:07.309",DESKTOP-32EH6N8,Windows Update Agent,44,-,-,Microsoft-Windows-WindowsUpdateClient,-,-,-,-,-,-,-,-,-,-,x86_64,DESKTOP-32EH6N8,45429efd-c10a-4299-8a01-8a10b0cbf1b8,"fe80::7959:555c:b4f7:82d3, 192.168.170.20, fe80::f415:e770:257d:42d7, 169.254.66.215","00:0c:29:6e:f6:d9, f8:89:d2:da:70:74",DESKTOP-32EH6N8,19044.1288,windows,10.0.19041.1288 (WinBuild.160101.0800),Windows 10 Pro,Windows 10 Pro,windows,windows,10.0,information,Windows Update started downloading an update.,-,-,-,-,-,-,-,-,-,-,-,-,-,-,-,-,-,-,-,-,-,-,-,-,-,-,-,-,-,-,-,-,-,-,-,-,-,-,-,-,-,-,-,-,-,-,-,-,-,wineventlog,System,DESKTOP-32EH6N8,-,-,-,-,-,-,-,-,-,-,-,-,-,-,-,-,-,-,-,-,-,-,-,-,-,-,-,-,-,-,-,-,-,-,-,-,-,-,-,-,-,-,-,-,-,-,-,-,-,-,-,-,-,-,-,-,-,-,-,-,-,-,-,-,-,-,-,-,-,-,-,-,-,-,-,-,-,-,-,-,-,-,-,-,-,-,-,-,-,-,-,-,-,-,-,-,-,-,-,-,-,-,{43ce8834-d8e2-411b-8962-887a6d3a90c7},1,9WZDNCRFHVJL-MICROSOFT.OFFICE.ONENOTE,44.0,-,-,Download,"2,828","9,552",{945a8954-c147-4acd-923f-40c45405a658},Microsoft-Windows-WindowsUpdateClient,1037.0,Windows Update Agent,NT AUTHORITY,S-1-5-18,SYSTEM,User,-,-,-,1
282,"Oct 25, 2022 @ 04:28:07.309",DESKTOP-32EH6N8,Windows Update Agent,44,-,-,Microsoft-Windows-WindowsUpdateClient,-,-,-,-,-,-,-,-,-,-,x86_64,DESKTOP-32EH6N8,45429efd-c10a-4299-8a01-8a10b0cbf1b8,"fe80::7959:555c:b4f7:82d3, 192.168.170.20, fe80::f415:e770:257d:42d7, 169.254.66.215","00:0c:29:6e:f6:d9, f8:89:d2:da:70:74",DESKTOP-32EH6N8,19044.1288,windows,10.0.19041.1288 (WinBuild.160101.0800),Windows 10 Pro,Windows 10 Pro,windows,windows,10.0,information,Windows Update started downloading an update.,-,-,-,-,-,-,-,-,-,-,-,-,-,-,-,-,-,-,-,-,-,-,-,-,-,-,-,-,-,-,-,-,-,-,-,-,-,-,-,-,-,-,-,-,-,-,-,-,-,wineventlog,System,DESKTOP-32EH6N8,-,-,-,-,-,-,-,-,-,-,-,-,-,-,-,-,-,-,-,-,-,-,-,-,-,-,-,-,-,-,-,-,-,-,-,-,-,-,-,-,-,-,-,-,-,-,-,-,-,-,-,-,-,-,-,-,-,-,-,-,-,-,-,-,-,-,-,-,-,-,-,-,-,-,-,-,-,-,-,-,-,-,-,-,-,-,-,-,-,-,-,-,-,-,-,-,-,-,-,-,-,-,{d82f41c1-893a-4a90-ac94-8f83da52a274},1,9NBLGGH3FRZM-Microsoft.VCLibs.140.00,44.0,-,-,Download,"2,828","9,552",{945a8954-c147-4acd-923f-40c45405a658},Microsoft-Windows-WindowsUpdateClient,1038.0,Windows Update Agent,NT AUTHORITY,S-1-5-18,SYSTEM,User,-,-,-,1
283,"Oct 25, 2022 @ 04:28:07.309",DESKTOP-32EH6N8,Windows Update Agent,44,-,-,Microsoft-Windows-WindowsUpdateClient,-,-,-,-,-,-,-,-,-,-,x86_64,DESKTOP-32EH6N8,45429efd-c10a-4299-8a01-8a10b0cbf1b8,"fe80::7959:555c:b4f7:82d3, 192.168.170.20, fe80::f415:e770:257d:42d7, 169.254.66.215","00:0c:29:6e:f6:d9, f8:89:d2:da:70:74",DESKTOP-32EH6N8,19044.1288,windows,10.0.19041.1288 (WinBuild.160101.0800),Windows 10 Pro,Windows 10 Pro,windows,windows,10.0,information,Windows Update started downloading an update.,-,-,-,-,-,-,-,-,-,-,-,-,-,-,-,-,-,-,-,-,-,-,-,-,-,-,-,-,-,-,-,-,-,-,-,-,-,-,-,-,-,-,-,-,-,-,-,-,-,wineventlog,System,DESKTOP-32EH6N8,-,-,-,-,-,-,-,-,-,-,-,-,-,-,-,-,-,-,-,-,-,-,-,-,-,-,-,-,-,-,-,-,-,-,-,-,-,-,-,-,-,-,-,-,-,-,-,-,-,-,-,-,-,-,-,-,-,-,-,-,-,-,-,-,-,-,-,-,-,-,-,-,-,-,-,-,-,-,-,-,-,-,-,-,-,-,-,-,-,-,-,-,-,-,-,-,-,-,-,-,-,-,{b34f488c-7eb5-489e-8d93-a30096b87664},1,9NBLGGH4RV3K-Microsoft.VCLibs.140.00.UWPDesktop,44.0,-,-,Download,"2,828","9,552",{945a8954-c147-4acd-923f-40c45405a658},Microsoft-Windows-WindowsUpdateClient,1039.0,Windows Update Agent,NT AUTHORITY,S-1-5-18,SYSTEM,User,-,-,-,1
284,"Oct 25, 2022 @ 04:28:07.309",DESKTOP-32EH6N8,Windows Update Agent,44,-,-,Microsoft-Windows-WindowsUpdateClient,-,-,-,-,-,-,-,-,-,-,x86_64,DESKTOP-32EH6N8,45429efd-c10a-4299-8a01-8a10b0cbf1b8,"fe80::7959:555c:b4f7:82d3, 192.168.170.20, fe80::f415:e770:257d:42d7, 169.254.66.215","00:0c:29:6e:f6:d9, f8:89:d2:da:70:74",DESKTOP-32EH6N8,19044.1288,windows,10.0.19041.1288 (WinBuild.160101.0800),Windows 10 Pro,Windows 10 Pro,windows,windows,10.0,information,Windows Update started downloading an update.,-,-,-,-,-,-,-,-,-,-,-,-,-,-,-,-,-,-,-,-,-,-,-,-,-,-,-,-,-,-,-,-,-,-,-,-,-,-,-,-,-,-,-,-,-,-,-,-,-,wineventlog,System,DESKTOP-32EH6N8,-,-,-,-,-,-,-,-,-,-,-,-,-,-,-,-,-,-,-,-,-,-,-,-,-,-,-,-,-,-,-,-,-,-,-,-,-,-,-,-,-,-,-,-,-,-,-,-,-,-,-,-,-,-,-,-,-,-,-,-,-,-,-,-,-,-,-,-,-,-,-,-,-,-,-,-,-,-,-,-,-,-,-,-,-,-,-,-,-,-,-,-,-,-,-,-,-,-,-,-,-,-,{7f18a5fb-1500-40d2-a7a1-ea867ceefdfe},1,9WZDNCRFJBD8-Microsoft.XboxApp,44.0,-,-,Download,"2,828","9,552",{945a8954-c147-4acd-923f-40c45405a658},Microsoft-Windows-WindowsUpdateClient,1040.0,Windows Update Agent,NT AUTHORITY,S-1-5-18,SYSTEM,User,-,-,-,1
285,"Oct 25, 2022 @ 04:28:05.009",DESKTOP-32EH6N8,Windows Update Agent,44,-,-,Microsoft-Windows-WindowsUpdateClient,-,-,-,-,-,-,-,-,-,-,x86_64,DESKTOP-32EH6N8,45429efd-c10a-4299-8a01-8a10b0cbf1b8,"fe80::7959:555c:b4f7:82d3, 192.168.170.20, fe80::f415:e770:257d:42d7, 169.254.66.215","00:0c:29:6e:f6:d9, f8:89:d2:da:70:74",DESKTOP-32EH6N8,19044.1288,windows,10.0.19041.1288 (WinBuild.160101.0800),Windows 10 Pro,Windows 10 Pro,windows,windows,10.0,information,Windows Update started downloading an update.,-,-,-,-,-,-,-,-,-,-,-,-,-,-,-,-,-,-,-,-,-,-,-,-,-,-,-,-,-,-,-,-,-,-,-,-,-,-,-,-,-,-,-,-,-,-,-,-,-,wineventlog,System,DESKTOP-32EH6N8,-,-,-,-,-,-,-,-,-,-,-,-,-,-,-,-,-,-,-,-,-,-,-,-,-,-,-,-,-,-,-,-,-,-,-,-,-,-,-,-,-,-,-,-,-,-,-,-,-,-,-,-,-,-,-,-,-,-,-,-,-,-,-,-,-,-,-,-,-,-,-,-,-,-,-,-,-,-,-,-,-,-,-,-,-,-,-,-,-,-,-,-,-,-,-,-,-,-,-,-,-,-,{43ce8834-d8e2-411b-8962-887a6d3a90c7},1,9WZDNCRFHVJL-MICROSOFT.OFFICE.ONENOTE,44.0,-,-,Download,"2,828","9,552",{945a8954-c147-4acd-923f-40c45405a658},Microsoft-Windows-WindowsUpdateClient,1034.0,Windows Update Agent,NT AUTHORITY,S-1-5-18,SYSTEM,User,-,-,-,1
286,"Oct 25, 2022 @ 04:28:05.009",DESKTOP-32EH6N8,Windows Update Agent,44,-,-,Microsoft-Windows-WindowsUpdateClient,-,-,-,-,-,-,-,-,-,-,x86_64,DESKTOP-32EH6N8,45429efd-c10a-4299-8a01-8a10b0cbf1b8,"fe80::7959:555c:b4f7:82d3, 192.168.170.20, fe80::f415:e770:257d:42d7, 169.254.66.215","00:0c:29:6e:f6:d9, f8:89:d2:da:70:74",DESKTOP-32EH6N8,19044.1288,windows,10.0.19041.1288 (WinBuild.160101.0800),Windows 10 Pro,Windows 10 Pro,windows,windows,10.0,information,Windows Update started downloading an update.,-,-,-,-,-,-,-,-,-,-,-,-,-,-,-,-,-,-,-,-,-,-,-,-,-,-,-,-,-,-,-,-,-,-,-,-,-,-,-,-,-,-,-,-,-,-,-,-,-,wineventlog,System,DESKTOP-32EH6N8,-,-,-,-,-,-,-,-,-,-,-,-,-,-,-,-,-,-,-,-,-,-,-,-,-,-,-,-,-,-,-,-,-,-,-,-,-,-,-,-,-,-,-,-,-,-,-,-,-,-,-,-,-,-,-,-,-,-,-,-,-,-,-,-,-,-,-,-,-,-,-,-,-,-,-,-,-,-,-,-,-,-,-,-,-,-,-,-,-,-,-,-,-,-,-,-,-,-,-,-,-,-,{d82f41c1-893a-4a90-ac94-8f83da52a274},1,9NBLGGH3FRZM-Microsoft.VCLibs.140.00,44.0,-,-,Download,"2,828","9,552",{945a8954-c147-4acd-923f-40c45405a658},Microsoft-Windows-WindowsUpdateClient,1035.0,Windows Update Agent,NT AUTHORITY,S-1-5-18,SYSTEM,User,-,-,-,1
287,"Oct 25, 2022 @ 04:28:05.009",DESKTOP-32EH6N8,Windows Update Agent,44,-,-,Microsoft-Windows-WindowsUpdateClient,-,-,-,-,-,-,-,-,-,-,x86_64,DESKTOP-32EH6N8,45429efd-c10a-4299-8a01-8a10b0cbf1b8,"fe80::7959:555c:b4f7:82d3, 192.168.170.20, fe80::f415:e770:257d:42d7, 169.254.66.215","00:0c:29:6e:f6:d9, f8:89:d2:da:70:74",DESKTOP-32EH6N8,19044.1288,windows,10.0.19041.1288 (WinBuild.160101.0800),Windows 10 Pro,Windows 10 Pro,windows,windows,10.0,information,Windows Update started downloading an update.,-,-,-,-,-,-,-,-,-,-,-,-,-,-,-,-,-,-,-,-,-,-,-,-,-,-,-,-,-,-,-,-,-,-,-,-,-,-,-,-,-,-,-,-,-,-,-,-,-,wineventlog,System,DESKTOP-32EH6N8,-,-,-,-,-,-,-,-,-,-,-,-,-,-,-,-,-,-,-,-,-,-,-,-,-,-,-,-,-,-,-,-,-,-,-,-,-,-,-,-,-,-,-,-,-,-,-,-,-,-,-,-,-,-,-,-,-,-,-,-,-,-,-,-,-,-,-,-,-,-,-,-,-,-,-,-,-,-,-,-,-,-,-,-,-,-,-,-,-,-,-,-,-,-,-,-,-,-,-,-,-,-,{b34f488c-7eb5-489e-8d93-a30096b87664},1,9NBLGGH4RV3K-Microsoft.VCLibs.140.00.UWPDesktop,44.0,-,-,Download,"2,828","9,552",{945a8954-c147-4acd-923f-40c45405a658},Microsoft-Windows-WindowsUpdateClient,1036.0,Windows Update Agent,NT AUTHORITY,S-1-5-18,SYSTEM,User,-,-,-,1
288,"Oct 25, 2022 @ 04:28:02.112",DESKTOP-32EH6N8,Windows Update Agent,44,-,-,Microsoft-Windows-WindowsUpdateClient,-,-,-,-,-,-,-,-,-,-,x86_64,DESKTOP-32EH6N8,45429efd-c10a-4299-8a01-8a10b0cbf1b8,"fe80::7959:555c:b4f7:82d3, 192.168.170.20, fe80::f415:e770:257d:42d7, 169.254.66.215","00:0c:29:6e:f6:d9, f8:89:d2:da:70:74",DESKTOP-32EH6N8,19044.1288,windows,10.0.19041.1288 (WinBuild.160101.0800),Windows 10 Pro,Windows 10 Pro,windows,windows,10.0,information,Windows Update started downloading an update.,-,-,-,-,-,-,-,-,-,-,-,-,-,-,-,-,-,-,-,-,-,-,-,-,-,-,-,-,-,-,-,-,-,-,-,-,-,-,-,-,-,-,-,-,-,-,-,-,-,wineventlog,System,DESKTOP-32EH6N8,-,-,-,-,-,-,-,-,-,-,-,-,-,-,-,-,-,-,-,-,-,-,-,-,-,-,-,-,-,-,-,-,-,-,-,-,-,-,-,-,-,-,-,-,-,-,-,-,-,-,-,-,-,-,-,-,-,-,-,-,-,-,-,-,-,-,-,-,-,-,-,-,-,-,-,-,-,-,-,-,-,-,-,-,-,-,-,-,-,-,-,-,-,-,-,-,-,-,-,-,-,-,{43ce8834-d8e2-411b-8962-887a6d3a90c7},1,9WZDNCRFHVJL-MICROSOFT.OFFICE.ONENOTE,44.0,-,-,Download,"2,828","9,552",{945a8954-c147-4acd-923f-40c45405a658},Microsoft-Windows-WindowsUpdateClient,1030.0,Windows Update Agent,NT AUTHORITY,S-1-5-18,SYSTEM,User,-,-,-,1
289,"Oct 25, 2022 @ 04:28:02.112",DESKTOP-32EH6N8,Windows Update Agent,44,-,-,Microsoft-Windows-WindowsUpdateClient,-,-,-,-,-,-,-,-,-,-,x86_64,DESKTOP-32EH6N8,45429efd-c10a-4299-8a01-8a10b0cbf1b8,"fe80::7959:555c:b4f7:82d3, 192.168.170.20, fe80::f415:e770:257d:42d7, 169.254.66.215","00:0c:29:6e:f6:d9, f8:89:d2:da:70:74",DESKTOP-32EH6N8,19044.1288,windows,10.0.19041.1288 (WinBuild.160101.0800),Windows 10 Pro,Windows 10 Pro,windows,windows,10.0,information,Windows Update started downloading an update.,-,-,-,-,-,-,-,-,-,-,-,-,-,-,-,-,-,-,-,-,-,-,-,-,-,-,-,-,-,-,-,-,-,-,-,-,-,-,-,-,-,-,-,-,-,-,-,-,-,wineventlog,System,DESKTOP-32EH6N8,-,-,-,-,-,-,-,-,-,-,-,-,-,-,-,-,-,-,-,-,-,-,-,-,-,-,-,-,-,-,-,-,-,-,-,-,-,-,-,-,-,-,-,-,-,-,-,-,-,-,-,-,-,-,-,-,-,-,-,-,-,-,-,-,-,-,-,-,-,-,-,-,-,-,-,-,-,-,-,-,-,-,-,-,-,-,-,-,-,-,-,-,-,-,-,-,-,-,-,-,-,-,{d82f41c1-893a-4a90-ac94-8f83da52a274},1,9NBLGGH3FRZM-Microsoft.VCLibs.140.00,44.0,-,-,Download,"2,828","9,552",{945a8954-c147-4acd-923f-40c45405a658},Microsoft-Windows-WindowsUpdateClient,1031.0,Windows Update Agent,NT AUTHORITY,S-1-5-18,SYSTEM,User,-,-,-,1
290,"Oct 25, 2022 @ 04:28:02.112",DESKTOP-32EH6N8,Windows Update Agent,44,-,-,Microsoft-Windows-WindowsUpdateClient,-,-,-,-,-,-,-,-,-,-,x86_64,DESKTOP-32EH6N8,45429efd-c10a-4299-8a01-8a10b0cbf1b8,"fe80::7959:555c:b4f7:82d3, 192.168.170.20, fe80::f415:e770:257d:42d7, 169.254.66.215","00:0c:29:6e:f6:d9, f8:89:d2:da:70:74",DESKTOP-32EH6N8,19044.1288,windows,10.0.19041.1288 (WinBuild.160101.0800),Windows 10 Pro,Windows 10 Pro,windows,windows,10.0,information,Windows Update started downloading an update.,-,-,-,-,-,-,-,-,-,-,-,-,-,-,-,-,-,-,-,-,-,-,-,-,-,-,-,-,-,-,-,-,-,-,-,-,-,-,-,-,-,-,-,-,-,-,-,-,-,wineventlog,System,DESKTOP-32EH6N8,-,-,-,-,-,-,-,-,-,-,-,-,-,-,-,-,-,-,-,-,-,-,-,-,-,-,-,-,-,-,-,-,-,-,-,-,-,-,-,-,-,-,-,-,-,-,-,-,-,-,-,-,-,-,-,-,-,-,-,-,-,-,-,-,-,-,-,-,-,-,-,-,-,-,-,-,-,-,-,-,-,-,-,-,-,-,-,-,-,-,-,-,-,-,-,-,-,-,-,-,-,-,{43ce8834-d8e2-411b-8962-887a6d3a90c7},1,9WZDNCRFHVJL-MICROSOFT.OFFICE.ONENOTE,44.0,-,-,Download,"2,828","9,552",{945a8954-c147-4acd-923f-40c45405a658},Microsoft-Windows-WindowsUpdateClient,1032.0,Windows Update Agent,NT AUTHORITY,S-1-5-18,SYSTEM,User,-,-,-,1
291,"Oct 25, 2022 @ 04:28:02.112",DESKTOP-32EH6N8,Windows Update Agent,44,-,-,Microsoft-Windows-WindowsUpdateClient,-,-,-,-,-,-,-,-,-,-,x86_64,DESKTOP-32EH6N8,45429efd-c10a-4299-8a01-8a10b0cbf1b8,"fe80::7959:555c:b4f7:82d3, 192.168.170.20, fe80::f415:e770:257d:42d7, 169.254.66.215","00:0c:29:6e:f6:d9, f8:89:d2:da:70:74",DESKTOP-32EH6N8,19044.1288,windows,10.0.19041.1288 (WinBuild.160101.0800),Windows 10 Pro,Windows 10 Pro,windows,windows,10.0,information,Windows Update started downloading an update.,-,-,-,-,-,-,-,-,-,-,-,-,-,-,-,-,-,-,-,-,-,-,-,-,-,-,-,-,-,-,-,-,-,-,-,-,-,-,-,-,-,-,-,-,-,-,-,-,-,wineventlog,System,DESKTOP-32EH6N8,-,-,-,-,-,-,-,-,-,-,-,-,-,-,-,-,-,-,-,-,-,-,-,-,-,-,-,-,-,-,-,-,-,-,-,-,-,-,-,-,-,-,-,-,-,-,-,-,-,-,-,-,-,-,-,-,-,-,-,-,-,-,-,-,-,-,-,-,-,-,-,-,-,-,-,-,-,-,-,-,-,-,-,-,-,-,-,-,-,-,-,-,-,-,-,-,-,-,-,-,-,-,{d82f41c1-893a-4a90-ac94-8f83da52a274},1,9NBLGGH3FRZM-Microsoft.VCLibs.140.00,44.0,-,-,Download,"2,828","9,552",{945a8954-c147-4acd-923f-40c45405a658},Microsoft-Windows-WindowsUpdateClient,1033.0,Windows Update Agent,NT AUTHORITY,S-1-5-18,SYSTEM,User,-,-,-,1
292,"Oct 25, 2022 @ 04:28:01.149",DESKTOP-32EH6N8,Windows Update Agent,44,-,-,Microsoft-Windows-WindowsUpdateClient,-,-,-,-,-,-,-,-,-,-,x86_64,DESKTOP-32EH6N8,45429efd-c10a-4299-8a01-8a10b0cbf1b8,"fe80::7959:555c:b4f7:82d3, 192.168.170.20, fe80::f415:e770:257d:42d7, 169.254.66.215","00:0c:29:6e:f6:d9, f8:89:d2:da:70:74",DESKTOP-32EH6N8,19044.1288,windows,10.0.19041.1288 (WinBuild.160101.0800),Windows 10 Pro,Windows 10 Pro,windows,windows,10.0,information,Windows Update started downloading an update.,-,-,-,-,-,-,-,-,-,-,-,-,-,-,-,-,-,-,-,-,-,-,-,-,-,-,-,-,-,-,-,-,-,-,-,-,-,-,-,-,-,-,-,-,-,-,-,-,-,wineventlog,System,DESKTOP-32EH6N8,-,-,-,-,-,-,-,-,-,-,-,-,-,-,-,-,-,-,-,-,-,-,-,-,-,-,-,-,-,-,-,-,-,-,-,-,-,-,-,-,-,-,-,-,-,-,-,-,-,-,-,-,-,-,-,-,-,-,-,-,-,-,-,-,-,-,-,-,-,-,-,-,-,-,-,-,-,-,-,-,-,-,-,-,-,-,-,-,-,-,-,-,-,-,-,-,-,-,-,-,-,-,{3c209796-523b-410f-a0b5-9c7df78138dc},1,9PKRS2FVRWBT-Microsoft.UI.Xaml.2.3,44.0,-,-,Download,"2,828","9,552",{945a8954-c147-4acd-923f-40c45405a658},Microsoft-Windows-WindowsUpdateClient,1028.0,Windows Update Agent,NT AUTHORITY,S-1-5-18,SYSTEM,User,-,-,-,1
293,"Oct 25, 2022 @ 04:28:01.149",DESKTOP-32EH6N8,Windows Update Agent,44,-,-,Microsoft-Windows-WindowsUpdateClient,-,-,-,-,-,-,-,-,-,-,x86_64,DESKTOP-32EH6N8,45429efd-c10a-4299-8a01-8a10b0cbf1b8,"fe80::7959:555c:b4f7:82d3, 192.168.170.20, fe80::f415:e770:257d:42d7, 169.254.66.215","00:0c:29:6e:f6:d9, f8:89:d2:da:70:74",DESKTOP-32EH6N8,19044.1288,windows,10.0.19041.1288 (WinBuild.160101.0800),Windows 10 Pro,Windows 10 Pro,windows,windows,10.0,information,Windows Update started downloading an update.,-,-,-,-,-,-,-,-,-,-,-,-,-,-,-,-,-,-,-,-,-,-,-,-,-,-,-,-,-,-,-,-,-,-,-,-,-,-,-,-,-,-,-,-,-,-,-,-,-,wineventlog,System,DESKTOP-32EH6N8,-,-,-,-,-,-,-,-,-,-,-,-,-,-,-,-,-,-,-,-,-,-,-,-,-,-,-,-,-,-,-,-,-,-,-,-,-,-,-,-,-,-,-,-,-,-,-,-,-,-,-,-,-,-,-,-,-,-,-,-,-,-,-,-,-,-,-,-,-,-,-,-,-,-,-,-,-,-,-,-,-,-,-,-,-,-,-,-,-,-,-,-,-,-,-,-,-,-,-,-,-,-,{3c209796-523b-410f-a0b5-9c7df78138dc},1,9PKRS2FVRWBT-Microsoft.UI.Xaml.2.3,44.0,-,-,Download,"2,828","9,552",{945a8954-c147-4acd-923f-40c45405a658},Microsoft-Windows-WindowsUpdateClient,1029.0,Windows Update Agent,NT AUTHORITY,S-1-5-18,SYSTEM,User,-,-,-,1
294,"Oct 25, 2022 @ 04:27:59.754",DESKTOP-32EH6N8,Windows Update Agent,19,-,-,Microsoft-Windows-WindowsUpdateClient,-,-,-,-,-,-,-,-,-,-,x86_64,DESKTOP-32EH6N8,45429efd-c10a-4299-8a01-8a10b0cbf1b8,"fe80::7959:555c:b4f7:82d3, 192.168.170.20, fe80::f415:e770:257d:42d7, 169.254.66.215","00:0c:29:6e:f6:d9, f8:89:d2:da:70:74",DESKTOP-32EH6N8,19044.1288,windows,10.0.19041.1288 (WinBuild.160101.0800),Windows 10 Pro,Windows 10 Pro,windows,windows,10.0,information,Installation Successful: Windows successfully installed the following update: 9WZDNCRFJ3PT-MICROSOFT.ZUNEMUSIC,-,-,-,-,-,-,-,-,-,-,-,-,-,-,-,-,-,-,-,-,-,-,-,-,-,-,-,-,-,-,-,-,-,-,-,-,-,-,-,-,-,-,-,-,-,-,-,-,{96d05236-e7e2-0000-fb90-d096e2e7d801},wineventlog,System,DESKTOP-32EH6N8,-,-,-,-,-,-,-,-,-,-,-,-,-,-,-,-,-,-,-,-,-,-,-,-,-,-,-,-,-,-,-,-,-,-,-,-,-,-,-,-,-,-,-,-,-,-,-,-,-,-,-,-,-,-,-,-,-,-,-,-,-,-,-,-,-,-,-,-,-,-,-,-,-,-,-,-,-,-,-,-,-,-,-,-,-,-,-,-,-,-,-,-,-,-,-,-,-,-,-,-,-,{855e8a7c-ecb4-4ca3-b045-1dfa50104289},{512dd127-46fb-4dab-833e-a0ec7616d20e},1,9WZDNCRFJ3PT-MICROSOFT.ZUNEMUSIC,19.0,-,-,Installation,"2,828","7,464",{945a8954-c147-4acd-923f-40c45405a658},Microsoft-Windows-WindowsUpdateClient,1027.0,Windows Update Agent,NT AUTHORITY,S-1-5-18,SYSTEM,User,-,-,-,1
295,"Oct 25, 2022 @ 04:27:59.341",DESKTOP-32EH6N8,None,16,-,-,Microsoft-Windows-Kernel-General,-,-,-,-,-,-,-,-,-,-,x86_64,DESKTOP-32EH6N8,45429efd-c10a-4299-8a01-8a10b0cbf1b8,"fe80::7959:555c:b4f7:82d3, 192.168.170.20, fe80::f415:e770:257d:42d7, 169.254.66.215","00:0c:29:6e:f6:d9, f8:89:d2:da:70:74",DESKTOP-32EH6N8,19044.1288,windows,10.0.19041.1288 (WinBuild.160101.0800),Windows 10 Pro,Windows 10 Pro,windows,windows,10.0,information,The access history in hive \??\C:\Users\zhongli\AppData\Local\Packages\Microsoft.ZuneMusic_8wekyb3d8bbwe\Settings\settings.dat was cleared updating 3 keys and creating 1 modified pages.,-,-,-,-,-,-,-,-,-,-,-,-,-,-,-,-,-,-,-,-,-,-,-,-,-,-,-,-,-,-,-,-,-,-,-,-,-,-,-,-,-,-,-,-,-,-,-,-,-,wineventlog,System,DESKTOP-32EH6N8,-,-,-,-,-,-,-,-,-,-,-,-,-,1,-,-,-,-,\??\C:\Users\zhongli\AppData\Local\Packages\Microsoft.ZuneMusic_8wekyb3d8bbwe\Settings\settings.dat,99,-,-,-,-,-,-,-,-,3,-,-,-,-,-,-,-,-,-,-,-,-,-,-,-,-,-,-,-,-,-,-,-,-,-,-,-,-,-,-,-,-,-,-,-,-,-,-,-,-,-,-,-,-,-,-,-,-,-,-,-,-,-,-,-,-,-,-,-,-,-,-,-,-,-,-,-,-,-,-,-,-,-,-,-,-,16.0,-,-,Info,"7,516","10,232",{a68ca8b7-004f-d7b6-a698-07e2de0f1f5d},Microsoft-Windows-Kernel-General,1026.0,None,DESKTOP-32EH6N8,S-1-5-21-1431998111-292960839-2456834407-1001,zhongli,User,-,-,-,-
296,"Oct 25, 2022 @ 04:27:59.227",DESKTOP-32EH6N8,Windows Update Agent,44,-,-,Microsoft-Windows-WindowsUpdateClient,-,-,-,-,-,-,-,-,-,-,x86_64,DESKTOP-32EH6N8,45429efd-c10a-4299-8a01-8a10b0cbf1b8,"fe80::7959:555c:b4f7:82d3, 192.168.170.20, fe80::f415:e770:257d:42d7, 169.254.66.215","00:0c:29:6e:f6:d9, f8:89:d2:da:70:74",DESKTOP-32EH6N8,19044.1288,windows,10.0.19041.1288 (WinBuild.160101.0800),Windows 10 Pro,Windows 10 Pro,windows,windows,10.0,information,Windows Update started downloading an update.,-,-,-,-,-,-,-,-,-,-,-,-,-,-,-,-,-,-,-,-,-,-,-,-,-,-,-,-,-,-,-,-,-,-,-,-,-,-,-,-,-,-,-,-,-,-,-,-,-,wineventlog,System,DESKTOP-32EH6N8,-,-,-,-,-,-,-,-,-,-,-,-,-,-,-,-,-,-,-,-,-,-,-,-,-,-,-,-,-,-,-,-,-,-,-,-,-,-,-,-,-,-,-,-,-,-,-,-,-,-,-,-,-,-,-,-,-,-,-,-,-,-,-,-,-,-,-,-,-,-,-,-,-,-,-,-,-,-,-,-,-,-,-,-,-,-,-,-,-,-,-,-,-,-,-,-,-,-,-,-,-,-,{d82f41c1-893a-4a90-ac94-8f83da52a274},1,9NBLGGH3FRZM-Microsoft.VCLibs.140.00,44.0,-,-,Download,"2,828","7,464",{945a8954-c147-4acd-923f-40c45405a658},Microsoft-Windows-WindowsUpdateClient,1023.0,Windows Update Agent,NT AUTHORITY,S-1-5-18,SYSTEM,User,-,-,-,1
297,"Oct 25, 2022 @ 04:27:59.227",DESKTOP-32EH6N8,Windows Update Agent,44,-,-,Microsoft-Windows-WindowsUpdateClient,-,-,-,-,-,-,-,-,-,-,x86_64,DESKTOP-32EH6N8,45429efd-c10a-4299-8a01-8a10b0cbf1b8,"fe80::7959:555c:b4f7:82d3, 192.168.170.20, fe80::f415:e770:257d:42d7, 169.254.66.215","00:0c:29:6e:f6:d9, f8:89:d2:da:70:74",DESKTOP-32EH6N8,19044.1288,windows,10.0.19041.1288 (WinBuild.160101.0800),Windows 10 Pro,Windows 10 Pro,windows,windows,10.0,information,Windows Update started downloading an update.,-,-,-,-,-,-,-,-,-,-,-,-,-,-,-,-,-,-,-,-,-,-,-,-,-,-,-,-,-,-,-,-,-,-,-,-,-,-,-,-,-,-,-,-,-,-,-,-,-,wineventlog,System,DESKTOP-32EH6N8,-,-,-,-,-,-,-,-,-,-,-,-,-,-,-,-,-,-,-,-,-,-,-,-,-,-,-,-,-,-,-,-,-,-,-,-,-,-,-,-,-,-,-,-,-,-,-,-,-,-,-,-,-,-,-,-,-,-,-,-,-,-,-,-,-,-,-,-,-,-,-,-,-,-,-,-,-,-,-,-,-,-,-,-,-,-,-,-,-,-,-,-,-,-,-,-,-,-,-,-,-,-,{d82f41c1-893a-4a90-ac94-8f83da52a274},1,9NBLGGH3FRZM-Microsoft.VCLibs.140.00,44.0,-,-,Download,"2,828","7,464",{945a8954-c147-4acd-923f-40c45405a658},Microsoft-Windows-WindowsUpdateClient,1024.0,Windows Update Agent,NT AUTHORITY,S-1-5-18,SYSTEM,User,-,-,-,1
298,"Oct 25, 2022 @ 04:27:59.227",DESKTOP-32EH6N8,Windows Update Agent,43,-,-,Microsoft-Windows-WindowsUpdateClient,-,-,-,-,-,-,-,-,-,-,x86_64,DESKTOP-32EH6N8,45429efd-c10a-4299-8a01-8a10b0cbf1b8,"fe80::7959:555c:b4f7:82d3, 192.168.170.20, fe80::f415:e770:257d:42d7, 169.254.66.215","00:0c:29:6e:f6:d9, f8:89:d2:da:70:74",DESKTOP-32EH6N8,19044.1288,windows,10.0.19041.1288 (WinBuild.160101.0800),Windows 10 Pro,Windows 10 Pro,windows,windows,10.0,information,Installation Started: Windows has started installing the following update: 9WZDNCRFJ3PT-MICROSOFT.ZUNEMUSIC,-,-,-,-,-,-,-,-,-,-,-,-,-,-,-,-,-,-,-,-,-,-,-,-,-,-,-,-,-,-,-,-,-,-,-,-,-,-,-,-,-,-,-,-,-,-,-,-,-,wineventlog,System,DESKTOP-32EH6N8,-,-,-,-,-,-,-,-,-,-,-,-,-,-,-,-,-,-,-,-,-,-,-,-,-,-,-,-,-,-,-,-,-,-,-,-,-,-,-,-,-,-,-,-,-,-,-,-,-,-,-,-,-,-,-,-,-,-,-,-,-,-,-,-,-,-,-,-,-,-,-,-,-,-,-,-,-,-,-,-,-,-,-,-,-,-,-,-,-,-,-,-,-,-,-,-,-,-,-,-,-,-,{512dd127-46fb-4dab-833e-a0ec7616d20e},1,9WZDNCRFJ3PT-MICROSOFT.ZUNEMUSIC,43.0,-,-,Installation,"2,828","7,464",{945a8954-c147-4acd-923f-40c45405a658},Microsoft-Windows-WindowsUpdateClient,1025.0,Windows Update Agent,NT AUTHORITY,S-1-5-18,SYSTEM,User,-,-,-,1
299,"Oct 25, 2022 @ 04:27:58.197",DESKTOP-32EH6N8,Windows Update Agent,19,-,-,Microsoft-Windows-WindowsUpdateClient,-,-,-,-,-,-,-,-,-,-,x86_64,DESKTOP-32EH6N8,45429efd-c10a-4299-8a01-8a10b0cbf1b8,"fe80::7959:555c:b4f7:82d3, 192.168.170.20, fe80::f415:e770:257d:42d7, 169.254.66.215","00:0c:29:6e:f6:d9, f8:89:d2:da:70:74",DESKTOP-32EH6N8,19044.1288,windows,10.0.19041.1288 (WinBuild.160101.0800),Windows 10 Pro,Windows 10 Pro,windows,windows,10.0,information,Installation Successful: Windows successfully installed the following update: 9NBLGGH5FV99-Microsoft.MSPaint,-,-,-,-,-,-,-,-,-,-,-,-,-,-,-,-,-,-,-,-,-,-,-,-,-,-,-,-,-,-,-,-,-,-,-,-,-,-,-,-,-,-,-,-,-,-,-,-,{96d05236-e7e2-0000-dd90-d096e2e7d801},wineventlog,System,DESKTOP-32EH6N8,-,-,-,-,-,-,-,-,-,-,-,-,-,-,-,-,-,-,-,-,-,-,-,-,-,-,-,-,-,-,-,-,-,-,-,-,-,-,-,-,-,-,-,-,-,-,-,-,-,-,-,-,-,-,-,-,-,-,-,-,-,-,-,-,-,-,-,-,-,-,-,-,-,-,-,-,-,-,-,-,-,-,-,-,-,-,-,-,-,-,-,-,-,-,-,-,-,-,-,-,-,{855e8a7c-ecb4-4ca3-b045-1dfa50104289},{06edc54b-4724-4e5d-903d-5abec05117e8},1,9NBLGGH5FV99-Microsoft.MSPaint,19.0,-,-,Installation,"2,828","5,828",{945a8954-c147-4acd-923f-40c45405a658},Microsoft-Windows-WindowsUpdateClient,1022.0,Windows Update Agent,NT AUTHORITY,S-1-5-18,SYSTEM,User,-,-,-,1
300,"Oct 25, 2022 @ 04:27:58.142",DESKTOP-32EH6N8,None,16,-,-,Microsoft-Windows-Kernel-General,-,-,-,-,-,-,-,-,-,-,x86_64,DESKTOP-32EH6N8,45429efd-c10a-4299-8a01-8a10b0cbf1b8,"fe80::7959:555c:b4f7:82d3, 192.168.170.20, fe80::f415:e770:257d:42d7, 169.254.66.215","00:0c:29:6e:f6:d9, f8:89:d2:da:70:74",DESKTOP-32EH6N8,19044.1288,windows,10.0.19041.1288 (WinBuild.160101.0800),Windows 10 Pro,Windows 10 Pro,windows,windows,10.0,information,The access history in hive \??\C:\ProgramData\Microsoft\Windows\AppRepository\Packages\Microsoft.ZuneMusic_10.22031.10091.0_x64__8wekyb3d8bbwe\ActivationStore.dat was cleared updating 0 keys and creating 0 modified pages.,-,-,-,-,-,-,-,-,-,-,-,-,-,-,-,-,-,-,-,-,-,-,-,-,-,-,-,-,-,-,-,-,-,-,-,-,-,-,-,-,-,-,-,-,-,-,-,-,-,wineventlog,System,DESKTOP-32EH6N8,-,-,-,-,-,-,-,-,-,-,-,-,-,0,-,-,-,-,\??\C:\ProgramData\Microsoft\Windows\AppRepository\Packages\Microsoft.ZuneMusic_10.22031.10091.0_x64__8wekyb3d8bbwe\ActivationStore.dat,135,-,-,-,-,-,-,-,-,0,-,-,-,-,-,-,-,-,-,-,-,-,-,-,-,-,-,-,-,-,-,-,-,-,-,-,-,-,-,-,-,-,-,-,-,-,-,-,-,-,-,-,-,-,-,-,-,-,-,-,-,-,-,-,-,-,-,-,-,-,-,-,-,-,-,-,-,-,-,-,-,-,-,-,-,-,16.0,-,-,Info,"7,516","10,232",{a68ca8b7-004f-d7b6-a698-07e2de0f1f5d},Microsoft-Windows-Kernel-General,1021.0,None,NT AUTHORITY,S-1-5-18,SYSTEM,User,-,-,-,-
301,"Oct 25, 2022 @ 04:27:57.773",DESKTOP-32EH6N8,None,16,-,-,Microsoft-Windows-Kernel-General,-,-,-,-,-,-,-,-,-,-,x86_64,DESKTOP-32EH6N8,45429efd-c10a-4299-8a01-8a10b0cbf1b8,"fe80::7959:555c:b4f7:82d3, 192.168.170.20, fe80::f415:e770:257d:42d7, 169.254.66.215","00:0c:29:6e:f6:d9, f8:89:d2:da:70:74",DESKTOP-32EH6N8,19044.1288,windows,10.0.19041.1288 (WinBuild.160101.0800),Windows 10 Pro,Windows 10 Pro,windows,windows,10.0,information,The access history in hive \??\C:\Users\zhongli\AppData\Local\Packages\Microsoft.MSPaint_8wekyb3d8bbwe\Settings\settings.dat was cleared updating 3 keys and creating 1 modified pages.,-,-,-,-,-,-,-,-,-,-,-,-,-,-,-,-,-,-,-,-,-,-,-,-,-,-,-,-,-,-,-,-,-,-,-,-,-,-,-,-,-,-,-,-,-,-,-,-,-,wineventlog,System,DESKTOP-32EH6N8,-,-,-,-,-,-,-,-,-,-,-,-,-,1,-,-,-,-,\??\C:\Users\zhongli\AppData\Local\Packages\Microsoft.MSPaint_8wekyb3d8bbwe\Settings\settings.dat,97,-,-,-,-,-,-,-,-,3,-,-,-,-,-,-,-,-,-,-,-,-,-,-,-,-,-,-,-,-,-,-,-,-,-,-,-,-,-,-,-,-,-,-,-,-,-,-,-,-,-,-,-,-,-,-,-,-,-,-,-,-,-,-,-,-,-,-,-,-,-,-,-,-,-,-,-,-,-,-,-,-,-,-,-,-,16.0,-,-,Info,"7,516","7,072",{a68ca8b7-004f-d7b6-a698-07e2de0f1f5d},Microsoft-Windows-Kernel-General,1020.0,None,DESKTOP-32EH6N8,S-1-5-21-1431998111-292960839-2456834407-1001,zhongli,User,-,-,-,-
302,"Oct 25, 2022 @ 04:27:57.631",DESKTOP-32EH6N8,Windows Update Agent,43,-,-,Microsoft-Windows-WindowsUpdateClient,-,-,-,-,-,-,-,-,-,-,x86_64,DESKTOP-32EH6N8,45429efd-c10a-4299-8a01-8a10b0cbf1b8,"fe80::7959:555c:b4f7:82d3, 192.168.170.20, fe80::f415:e770:257d:42d7, 169.254.66.215","00:0c:29:6e:f6:d9, f8:89:d2:da:70:74",DESKTOP-32EH6N8,19044.1288,windows,10.0.19041.1288 (WinBuild.160101.0800),Windows 10 Pro,Windows 10 Pro,windows,windows,10.0,information,Installation Started: Windows has started installing the following update: 9NBLGGH5FV99-Microsoft.MSPaint,-,-,-,-,-,-,-,-,-,-,-,-,-,-,-,-,-,-,-,-,-,-,-,-,-,-,-,-,-,-,-,-,-,-,-,-,-,-,-,-,-,-,-,-,-,-,-,-,{96d05236-e7e2-0007-456d-d096e2e7d801},wineventlog,System,DESKTOP-32EH6N8,-,-,-,-,-,-,-,-,-,-,-,-,-,-,-,-,-,-,-,-,-,-,-,-,-,-,-,-,-,-,-,-,-,-,-,-,-,-,-,-,-,-,-,-,-,-,-,-,-,-,-,-,-,-,-,-,-,-,-,-,-,-,-,-,-,-,-,-,-,-,-,-,-,-,-,-,-,-,-,-,-,-,-,-,-,-,-,-,-,-,-,-,-,-,-,-,-,-,-,-,-,-,{06edc54b-4724-4e5d-903d-5abec05117e8},1,9NBLGGH5FV99-Microsoft.MSPaint,43.0,-,-,Installation,"2,828","5,828",{945a8954-c147-4acd-923f-40c45405a658},Microsoft-Windows-WindowsUpdateClient,1019.0,Windows Update Agent,NT AUTHORITY,S-1-5-18,SYSTEM,User,-,-,-,1
303,"Oct 25, 2022 @ 04:27:57.612",DESKTOP-32EH6N8,Windows Update Agent,19,-,-,Microsoft-Windows-WindowsUpdateClient,-,-,-,-,-,-,-,-,-,-,x86_64,DESKTOP-32EH6N8,45429efd-c10a-4299-8a01-8a10b0cbf1b8,"fe80::7959:555c:b4f7:82d3, 192.168.170.20, fe80::f415:e770:257d:42d7, 169.254.66.215","00:0c:29:6e:f6:d9, f8:89:d2:da:70:74",DESKTOP-32EH6N8,19044.1288,windows,10.0.19041.1288 (WinBuild.160101.0800),Windows 10 Pro,Windows 10 Pro,windows,windows,10.0,information,Installation Successful: Windows successfully installed the following update: 9N00JJ7S3L39-Microsoft.UI.Xaml.2.0,-,-,-,-,-,-,-,-,-,-,-,-,-,-,-,-,-,-,-,-,-,-,-,-,-,-,-,-,-,-,-,-,-,-,-,-,-,-,-,-,-,-,-,-,-,-,-,-,{96d05236-e7e2-0007-456d-d096e2e7d801},wineventlog,System,DESKTOP-32EH6N8,-,-,-,-,-,-,-,-,-,-,-,-,-,-,-,-,-,-,-,-,-,-,-,-,-,-,-,-,-,-,-,-,-,-,-,-,-,-,-,-,-,-,-,-,-,-,-,-,-,-,-,-,-,-,-,-,-,-,-,-,-,-,-,-,-,-,-,-,-,-,-,-,-,-,-,-,-,-,-,-,-,-,-,-,-,-,-,-,-,-,-,-,-,-,-,-,-,-,-,-,-,{855e8a7c-ecb4-4ca3-b045-1dfa50104289},{337a3b79-2ca8-4d9c-a597-c4e2d8e95852},1,9N00JJ7S3L39-Microsoft.UI.Xaml.2.0,19.0,-,-,Installation,"2,828","5,828",{945a8954-c147-4acd-923f-40c45405a658},Microsoft-Windows-WindowsUpdateClient,1018.0,Windows Update Agent,NT AUTHORITY,S-1-5-18,SYSTEM,User,-,-,-,1
304,"Oct 25, 2022 @ 04:27:57.403",DESKTOP-32EH6N8,Windows Update Agent,43,-,-,Microsoft-Windows-WindowsUpdateClient,-,-,-,-,-,-,-,-,-,-,x86_64,DESKTOP-32EH6N8,45429efd-c10a-4299-8a01-8a10b0cbf1b8,"fe80::7959:555c:b4f7:82d3, 192.168.170.20, fe80::f415:e770:257d:42d7, 169.254.66.215","00:0c:29:6e:f6:d9, f8:89:d2:da:70:74",DESKTOP-32EH6N8,19044.1288,windows,10.0.19041.1288 (WinBuild.160101.0800),Windows 10 Pro,Windows 10 Pro,windows,windows,10.0,information,Installation Started: Windows has started installing the following update: 9N00JJ7S3L39-Microsoft.UI.Xaml.2.0,-,-,-,-,-,-,-,-,-,-,-,-,-,-,-,-,-,-,-,-,-,-,-,-,-,-,-,-,-,-,-,-,-,-,-,-,-,-,-,-,-,-,-,-,-,-,-,-,-,wineventlog,System,DESKTOP-32EH6N8,-,-,-,-,-,-,-,-,-,-,-,-,-,-,-,-,-,-,-,-,-,-,-,-,-,-,-,-,-,-,-,-,-,-,-,-,-,-,-,-,-,-,-,-,-,-,-,-,-,-,-,-,-,-,-,-,-,-,-,-,-,-,-,-,-,-,-,-,-,-,-,-,-,-,-,-,-,-,-,-,-,-,-,-,-,-,-,-,-,-,-,-,-,-,-,-,-,-,-,-,-,-,{337a3b79-2ca8-4d9c-a597-c4e2d8e95852},1,9N00JJ7S3L39-Microsoft.UI.Xaml.2.0,43.0,-,-,Installation,"2,828","5,828",{945a8954-c147-4acd-923f-40c45405a658},Microsoft-Windows-WindowsUpdateClient,1017.0,Windows Update Agent,NT AUTHORITY,S-1-5-18,SYSTEM,User,-,-,-,1
305,"Oct 25, 2022 @ 04:27:56.369",DESKTOP-32EH6N8,Windows Update Agent,44,-,-,Microsoft-Windows-WindowsUpdateClient,-,-,-,-,-,-,-,-,-,-,x86_64,DESKTOP-32EH6N8,45429efd-c10a-4299-8a01-8a10b0cbf1b8,"fe80::7959:555c:b4f7:82d3, 192.168.170.20, fe80::f415:e770:257d:42d7, 169.254.66.215","00:0c:29:6e:f6:d9, f8:89:d2:da:70:74",DESKTOP-32EH6N8,19044.1288,windows,10.0.19041.1288 (WinBuild.160101.0800),Windows 10 Pro,Windows 10 Pro,windows,windows,10.0,information,Windows Update started downloading an update.,-,-,-,-,-,-,-,-,-,-,-,-,-,-,-,-,-,-,-,-,-,-,-,-,-,-,-,-,-,-,-,-,-,-,-,-,-,-,-,-,-,-,-,-,-,-,-,-,-,wineventlog,System,DESKTOP-32EH6N8,-,-,-,-,-,-,-,-,-,-,-,-,-,-,-,-,-,-,-,-,-,-,-,-,-,-,-,-,-,-,-,-,-,-,-,-,-,-,-,-,-,-,-,-,-,-,-,-,-,-,-,-,-,-,-,-,-,-,-,-,-,-,-,-,-,-,-,-,-,-,-,-,-,-,-,-,-,-,-,-,-,-,-,-,-,-,-,-,-,-,-,-,-,-,-,-,-,-,-,-,-,-,{5b23cc34-97ff-441e-92e8-4712ad9d0774},1,9MTW6RN84LVM-Microsoft.NET.Native.Runtime.1.7,44.0,-,-,Download,"2,828","9,552",{945a8954-c147-4acd-923f-40c45405a658},Microsoft-Windows-WindowsUpdateClient,1016.0,Windows Update Agent,NT AUTHORITY,S-1-5-18,SYSTEM,User,-,-,-,1
306,"Oct 25, 2022 @ 04:27:49.867",DESKTOP-32EH6N8,None,16,-,-,Microsoft-Windows-Kernel-General,-,-,-,-,-,-,-,-,-,-,x86_64,DESKTOP-32EH6N8,45429efd-c10a-4299-8a01-8a10b0cbf1b8,"fe80::7959:555c:b4f7:82d3, 192.168.170.20, fe80::f415:e770:257d:42d7, 169.254.66.215","00:0c:29:6e:f6:d9, f8:89:d2:da:70:74",DESKTOP-32EH6N8,19044.1288,windows,10.0.19041.1288 (WinBuild.160101.0800),Windows 10 Pro,Windows 10 Pro,windows,windows,10.0,information,The access history in hive \??\C:\ProgramData\Microsoft\Windows\AppRepository\Packages\Microsoft.MSPaint_6.2203.1037.0_x64__8wekyb3d8bbwe\ActivationStore.dat was cleared updating 0 keys and creating 0 modified pages.,-,-,-,-,-,-,-,-,-,-,-,-,-,-,-,-,-,-,-,-,-,-,-,-,-,-,-,-,-,-,-,-,-,-,-,-,-,-,-,-,-,-,-,-,-,-,-,-,-,wineventlog,System,DESKTOP-32EH6N8,-,-,-,-,-,-,-,-,-,-,-,-,-,0,-,-,-,-,\??\C:\ProgramData\Microsoft\Windows\AppRepository\Packages\Microsoft.MSPaint_6.2203.1037.0_x64__8wekyb3d8bbwe\ActivationStore.dat,130,-,-,-,-,-,-,-,-,0,-,-,-,-,-,-,-,-,-,-,-,-,-,-,-,-,-,-,-,-,-,-,-,-,-,-,-,-,-,-,-,-,-,-,-,-,-,-,-,-,-,-,-,-,-,-,-,-,-,-,-,-,-,-,-,-,-,-,-,-,-,-,-,-,-,-,-,-,-,-,-,-,-,-,-,-,16.0,-,-,Info,"7,516","7,072",{a68ca8b7-004f-d7b6-a698-07e2de0f1f5d},Microsoft-Windows-Kernel-General,1015.0,None,NT AUTHORITY,S-1-5-18,SYSTEM,User,-,-,-,-
307,"Oct 25, 2022 @ 04:27:46.505",DESKTOP-32EH6N8,logged-in-special,4672,security,success,Microsoft-Windows-Security-Auditing,-,admin,-,-,-,-,-,-,-,-,x86_64,DESKTOP-32EH6N8,45429efd-c10a-4299-8a01-8a10b0cbf1b8,"fe80::7959:555c:b4f7:82d3, 192.168.170.20, fe80::f415:e770:257d:42d7, 169.254.66.215","00:0c:29:6e:f6:d9, f8:89:d2:da:70:74",DESKTOP-32EH6N8,19044.1288,windows,10.0.19041.1288 (WinBuild.160101.0800),Windows 10 Pro,Windows 10 Pro,windows,windows,10.0,information,"Special privileges assigned to new logon.

Subject:
	Security ID:		S-1-5-18
	Account Name:		SYSTEM
	Account Domain:		NT AUTHORITY
	Logon ID:		0x3E7

Privileges:		SeAssignPrimaryTokenPrivilege
			SeTcbPrivilege
			SeSecurityPrivilege
			SeTakeOwnershipPrivilege
			SeLoadDriverPrivilege
			SeBackupPrivilege
			SeRestorePrivilege
			SeDebugPrivilege
			SeAuditPrivilege
			SeSystemEnvironmentPrivilege
			SeImpersonatePrivilege
			SeDelegateSessionUserImpersonatePrivilege",-,-,-,-,-,-,-,-,-,-,-,-,-,-,-,-,-,-,-,-,-,-,-,-,-,-,-,-,-,-,-,-,-,SYSTEM,-,-,-,NT AUTHORITY,-,-,-,S-1-5-18,SYSTEM,SYSTEM,-,-,-,-,{96d05236-e7e2-0002-7b52-d096e2e7d801},wineventlog,Security,DESKTOP-32EH6N8,-,-,-,-,-,-,-,-,-,-,-,-,-,-,-,-,-,-,-,-,-,-,-,-,-,-,-,-,-,-,-,-,-,-,-,-,-,-,-,-,-,-,-,"SeAssignPrimaryTokenPrivilege, SeTcbPrivilege, SeSecurityPrivilege, SeTakeOwnershipPrivilege, SeLoadDriverPrivilege, SeBackupPrivilege, SeRestorePrivilege, SeDebugPrivilege, SeAuditPrivilege, SeSystemEnvironmentPrivilege, SeImpersonatePrivilege, SeDelegateSessionUserImpersonatePrivilege",-,-,-,-,-,-,-,-,-,-,-,-,-,NT AUTHORITY,0x3e7,SYSTEM,S-1-5-18,-,-,-,-,-,-,-,-,-,-,-,-,-,-,-,-,-,-,-,-,-,-,-,-,-,-,-,-,-,-,-,-,-,-,-,-,-,-,-,-,-,-,-,-,4672.0,0x3e7,-,Info,776,"8,124",{54849625-5478-4994-a5ba-3e3b0328c30d},Microsoft-Windows-Security-Auditing,2480.0,Special Logon,-,-,-,-,-,-,-,-
308,"Oct 25, 2022 @ 04:27:46.504",DESKTOP-32EH6N8,logged-in,4624,security,success,Microsoft-Windows-Security-Auditing,-,start,-,-,-,-,-,-,-,-,x86_64,DESKTOP-32EH6N8,45429efd-c10a-4299-8a01-8a10b0cbf1b8,"fe80::7959:555c:b4f7:82d3, 192.168.170.20, fe80::f415:e770:257d:42d7, 169.254.66.215","00:0c:29:6e:f6:d9, f8:89:d2:da:70:74",DESKTOP-32EH6N8,19044.1288,windows,10.0.19041.1288 (WinBuild.160101.0800),Windows 10 Pro,Windows 10 Pro,windows,windows,10.0,information,"An account was successfully logged on.

Subject:
	Security ID:		S-1-5-18
	Account Name:		DESKTOP-32EH6N8$
	Account Domain:		WORKGROUP
	Logon ID:		0x3E7

Logon Information:
	Logon Type:		5
	Restricted Admin Mode:	-
	Virtual Account:		No
	Elevated Token:		Yes

Impersonation Level:		Impersonation

New Logon:
	Security ID:		S-1-5-18
	Account Name:		SYSTEM
	Account Domain:		NT AUTHORITY
	Logon ID:		0x3E7
	Linked Logon ID:		0x0
	Network Account Name:	-
	Network Account Domain:	-
	Logon GUID:		{00000000-0000-0000-0000-000000000000}

Process Information:
	Process ID:		0x2f0
	Process Name:		C:\Windows\System32\services.exe

Network Information:
	Workstation Name:	-
	Source Network Address:	-
	Source Port:		-

Detailed Authentication Information:
	Logon Process:		Advapi  
	Authentication Package:	Negotiate
	Transited Services:	-
	Package Name (NTLM only):	-
	Key Length:		0

This event is generated when a logon session is created. It is generated on the computer that was accessed.

The subject fields indicate the account on the local system which requested the logon. This is most commonly a service such as the Server service, or a local process such as Winlogon.exe or Services.exe.

The logon type field indicates the kind of logon that occurred. The most common types are 2 (interactive) and 3 (network).

The New Logon fields indicate the account for whom the new logon was created, i.e. the account that was logged on.

The network fields indicate where a remote logon request originated. Workstation name is not always available and may be left blank in some cases.

The impersonation level field indicates the extent to which a process in the logon session can impersonate.

The authentication information fields provide detailed information about this specific logon request.
	- Logon GUID is a unique identifier that can be used to correlate this event with a KDC event.
	- Transited services indicate which intermediate services have participated in this logon request.
	- Package name indicates which sub-protocol was used among the NTLM protocols.
	- Key length indicates the length of the generated session key. This will be 0 if no session key was requested.",-,-,-,-,-,-,-,-,-,-,-,-,-,-,-,-,-,-,-,-,-,-,-,-,-,C:\Windows\System32\services.exe,C:\Windows\System32\services.exe,services.exe,services.exe,752,-,-,-,"SYSTEM, DESKTOP-32EH6N8$",-,-,-,NT AUTHORITY,-,-,-,S-1-5-18,SYSTEM,SYSTEM,-,-,-,-,{96d05236-e7e2-0002-7b52-d096e2e7d801},wineventlog,Security,DESKTOP-32EH6N8,-,-,Negotiate,-,-,-,-,-,-,-,-,-,-,-,%%1842,-,-,-,-,-,-,%%1833,-,-,-,0,-,-,-,-,{00000000-0000-0000-0000-000000000000},Advapi  ,5,-,-,-,-,-,-,-,-,-,-,-,-,-,-,-,-,-,-,-,-,-,-,-,-,WORKGROUP,0x3e7,DESKTOP-32EH6N8$,S-1-5-18,-,NT AUTHORITY,-,0x0,-,0x3e7,-,-,-,-,-,SYSTEM,S-1-5-18,-,-,-,-,-,-,%%1843,-,-,-,-,-,-,-,-,-,-,-,-,-,-,-,-,-,-,-,-,-,-,-,-,4624.0,0x3e7,Service,Info,776,"8,124",{54849625-5478-4994-a5ba-3e3b0328c30d},Microsoft-Windows-Security-Auditing,2479.0,Logon,-,-,-,-,-,-,-,2
309,"Oct 25, 2022 @ 04:27:46.402",DESKTOP-32EH6N8,Windows Update Agent,44,-,-,Microsoft-Windows-WindowsUpdateClient,-,-,-,-,-,-,-,-,-,-,x86_64,DESKTOP-32EH6N8,45429efd-c10a-4299-8a01-8a10b0cbf1b8,"fe80::7959:555c:b4f7:82d3, 192.168.170.20, fe80::f415:e770:257d:42d7, 169.254.66.215","00:0c:29:6e:f6:d9, f8:89:d2:da:70:74",DESKTOP-32EH6N8,19044.1288,windows,10.0.19041.1288 (WinBuild.160101.0800),Windows 10 Pro,Windows 10 Pro,windows,windows,10.0,information,Windows Update started downloading an update.,-,-,-,-,-,-,-,-,-,-,-,-,-,-,-,-,-,-,-,-,-,-,-,-,-,-,-,-,-,-,-,-,-,-,-,-,-,-,-,-,-,-,-,-,-,-,-,-,-,wineventlog,System,DESKTOP-32EH6N8,-,-,-,-,-,-,-,-,-,-,-,-,-,-,-,-,-,-,-,-,-,-,-,-,-,-,-,-,-,-,-,-,-,-,-,-,-,-,-,-,-,-,-,-,-,-,-,-,-,-,-,-,-,-,-,-,-,-,-,-,-,-,-,-,-,-,-,-,-,-,-,-,-,-,-,-,-,-,-,-,-,-,-,-,-,-,-,-,-,-,-,-,-,-,-,-,-,-,-,-,-,-,{06edc54b-4724-4e5d-903d-5abec05117e8},1,9NBLGGH5FV99-Microsoft.MSPaint,44.0,-,-,Download,"2,828","9,612",{945a8954-c147-4acd-923f-40c45405a658},Microsoft-Windows-WindowsUpdateClient,1011.0,Windows Update Agent,NT AUTHORITY,S-1-5-18,SYSTEM,User,-,-,-,1
310,"Oct 25, 2022 @ 04:27:46.402",DESKTOP-32EH6N8,Windows Update Agent,44,-,-,Microsoft-Windows-WindowsUpdateClient,-,-,-,-,-,-,-,-,-,-,x86_64,DESKTOP-32EH6N8,45429efd-c10a-4299-8a01-8a10b0cbf1b8,"fe80::7959:555c:b4f7:82d3, 192.168.170.20, fe80::f415:e770:257d:42d7, 169.254.66.215","00:0c:29:6e:f6:d9, f8:89:d2:da:70:74",DESKTOP-32EH6N8,19044.1288,windows,10.0.19041.1288 (WinBuild.160101.0800),Windows 10 Pro,Windows 10 Pro,windows,windows,10.0,information,Windows Update started downloading an update.,-,-,-,-,-,-,-,-,-,-,-,-,-,-,-,-,-,-,-,-,-,-,-,-,-,-,-,-,-,-,-,-,-,-,-,-,-,-,-,-,-,-,-,-,-,-,-,-,-,wineventlog,System,DESKTOP-32EH6N8,-,-,-,-,-,-,-,-,-,-,-,-,-,-,-,-,-,-,-,-,-,-,-,-,-,-,-,-,-,-,-,-,-,-,-,-,-,-,-,-,-,-,-,-,-,-,-,-,-,-,-,-,-,-,-,-,-,-,-,-,-,-,-,-,-,-,-,-,-,-,-,-,-,-,-,-,-,-,-,-,-,-,-,-,-,-,-,-,-,-,-,-,-,-,-,-,-,-,-,-,-,-,{d82f41c1-893a-4a90-ac94-8f83da52a274},1,9NBLGGH3FRZM-Microsoft.VCLibs.140.00,44.0,-,-,Download,"2,828","9,612",{945a8954-c147-4acd-923f-40c45405a658},Microsoft-Windows-WindowsUpdateClient,1012.0,Windows Update Agent,NT AUTHORITY,S-1-5-18,SYSTEM,User,-,-,-,1
311,"Oct 25, 2022 @ 04:27:46.402",DESKTOP-32EH6N8,Windows Update Agent,44,-,-,Microsoft-Windows-WindowsUpdateClient,-,-,-,-,-,-,-,-,-,-,x86_64,DESKTOP-32EH6N8,45429efd-c10a-4299-8a01-8a10b0cbf1b8,"fe80::7959:555c:b4f7:82d3, 192.168.170.20, fe80::f415:e770:257d:42d7, 169.254.66.215","00:0c:29:6e:f6:d9, f8:89:d2:da:70:74",DESKTOP-32EH6N8,19044.1288,windows,10.0.19041.1288 (WinBuild.160101.0800),Windows 10 Pro,Windows 10 Pro,windows,windows,10.0,information,Windows Update started downloading an update.,-,-,-,-,-,-,-,-,-,-,-,-,-,-,-,-,-,-,-,-,-,-,-,-,-,-,-,-,-,-,-,-,-,-,-,-,-,-,-,-,-,-,-,-,-,-,-,-,-,wineventlog,System,DESKTOP-32EH6N8,-,-,-,-,-,-,-,-,-,-,-,-,-,-,-,-,-,-,-,-,-,-,-,-,-,-,-,-,-,-,-,-,-,-,-,-,-,-,-,-,-,-,-,-,-,-,-,-,-,-,-,-,-,-,-,-,-,-,-,-,-,-,-,-,-,-,-,-,-,-,-,-,-,-,-,-,-,-,-,-,-,-,-,-,-,-,-,-,-,-,-,-,-,-,-,-,-,-,-,-,-,-,{512dd127-46fb-4dab-833e-a0ec7616d20e},1,9WZDNCRFJ3PT-MICROSOFT.ZUNEMUSIC,44.0,-,-,Download,"2,828","9,612",{945a8954-c147-4acd-923f-40c45405a658},Microsoft-Windows-WindowsUpdateClient,1013.0,Windows Update Agent,NT AUTHORITY,S-1-5-18,SYSTEM,User,-,-,-,1
