898,"Oct 25, 2022 @ 04:21:30.313",DESKTOP-32EH6N8,logged-in,4624,security,success,Microsoft-Windows-Security-Auditing,-,start,-,-,-,x86_64,DESKTOP-32EH6N8,45429efd-c10a-4299-8a01-8a10b0cbf1b8,"fe80::7959:555c:b4f7:82d3, 192.168.170.20, fe80::f415:e770:257d:42d7, 169.254.66.215","00:0c:29:6e:f6:d9, f8:89:d2:da:70:74",DESKTOP-32EH6N8,19044.1288,windows,10.0.19041.1288 (WinBuild.160101.0800),Windows 10 Pro,Windows 10 Pro,windows,windows,10.0,information,"An account was successfully logged on.

Subject:
	Security ID:		S-1-5-18
	Account Name:		DESKTOP-32EH6N8$
	Account Domain:		WORKGROUP
	Logon ID:		0x3E7

Logon Information:
	Logon Type:		4
	Restricted Admin Mode:	-
	Virtual Account:		No
	Elevated Token:		Yes

Impersonation Level:		Impersonation

New Logon:
	Security ID:		S-1-5-21-1431998111-292960839-2456834407-1001
	Account Name:		zhongli
	Account Domain:		DESKTOP-32EH6N8
	Logon ID:		0x6363B4
	Linked Logon ID:		0x0
	Network Account Name:	-
	Network Account Domain:	-
	Logon GUID:		{00000000-0000-0000-0000-000000000000}

Process Information:
	Process ID:		0x530
	Process Name:		C:\Windows\System32\svchost.exe

Network Information:
	Workstation Name:	DESKTOP-32EH6N8
	Source Network Address:	-
	Source Port:		-

Detailed Authentication Information:
	Logon Process:		Advapi  
	Authentication Package:	Negotiate
	Transited Services:	-
	Package Name (NTLM only):	-
	Key Length:		0

This event is generated when a logon session is created. It is generated on the computer that was accessed.

The subject fields indicate the account on the local system which requested the logon. This is most commonly a service such as the Server service, or a local process such as Winlogon.exe or Services.exe.

The logon type field indicates the kind of logon that occurred. The most common types are 2 (interactive) and 3 (network).

The New Logon fields indicate the account for whom the new logon was created, i.e. the account that was logged on.

The network fields indicate where a remote logon request originated. Workstation name is not always available and may be left blank in some cases.

The impersonation level field indicates the extent to which a process in the logon session can impersonate.

The authentication information fields provide detailed information about this specific logon request.
	- Logon GUID is a unique identifier that can be used to correlate this event with a KDC event.
	- Transited services indicate which intermediate services have participated in this logon request.
	- Package name indicates which sub-protocol was used among the NTLM protocols.
	- Key length indicates the length of the generated session key. This will be 0 if no session key was requested.",-,-,-,-,-,-,-,-,-,-,-,-,C:\Windows\System32\svchost.exe,C:\Windows\System32\svchost.exe,svchost.exe,svchost.exe,"1,328",-,-,-,"zhongli, DESKTOP-32EH6N8$",DESKTOP-32EH6N8,-,-,DESKTOP-32EH6N8,-,-,-,S-1-5-21-1431998111-292960839-2456834407-1001,zhongli,zhongli,-,-,-,-,{96d05236-e7e2-0002-7b52-d096e2e7d801},wineventlog,Security,DESKTOP-32EH6N8,-,Negotiate,-,-,-,-,-,-,-,%%1842,-,-,%%1833,-,-,-,0,-,-,-,-,{00000000-0000-0000-0000-000000000000},Advapi  ,4,-,-,-,-,-,-,-,WORKGROUP,0x3e7,DESKTOP-32EH6N8$,S-1-5-18,-,DESKTOP-32EH6N8,-,0x0,-,0x6363b4,-,-,-,-,-,zhongli,S-1-5-21-1431998111-292960839-2456834407-1001,-,-,-,%%1843,-,-,-,-,-,-,-,-,-,-,-,-,-,-,-,-,4624,Audit Success,0x3e7,Batch,Info,776,"2,568",{54849625-5478-4994-a5ba-3e3b0328c30d},Microsoft-Windows-Security-Auditing,2296,Logon,-,-,-,-,2,,,,,,,,,,,,,,,,,,,,,,,,,,,,,,,,,,,,,,,,,,,,,,,,,,,,,,,,,
899,"Oct 25, 2022 @ 04:21:30.313",DESKTOP-32EH6N8,logged-in-special,4672,security,success,Microsoft-Windows-Security-Auditing,-,admin,-,-,-,x86_64,DESKTOP-32EH6N8,45429efd-c10a-4299-8a01-8a10b0cbf1b8,"fe80::7959:555c:b4f7:82d3, 192.168.170.20, fe80::f415:e770:257d:42d7, 169.254.66.215","00:0c:29:6e:f6:d9, f8:89:d2:da:70:74",DESKTOP-32EH6N8,19044.1288,windows,10.0.19041.1288 (WinBuild.160101.0800),Windows 10 Pro,Windows 10 Pro,windows,windows,10.0,information,"Special privileges assigned to new logon.

Subject:
	Security ID:		S-1-5-21-1431998111-292960839-2456834407-1001
	Account Name:		zhongli
	Account Domain:		DESKTOP-32EH6N8
	Logon ID:		0x6363B4

Privileges:		SeSecurityPrivilege
			SeTakeOwnershipPrivilege
			SeLoadDriverPrivilege
			SeBackupPrivilege
			SeRestorePrivilege
			SeDebugPrivilege
			SeSystemEnvironmentPrivilege
			SeImpersonatePrivilege
			SeDelegateSessionUserImpersonatePrivilege",-,-,-,-,-,-,-,-,-,-,-,-,-,-,-,-,-,-,-,-,zhongli,-,-,-,DESKTOP-32EH6N8,-,-,-,S-1-5-21-1431998111-292960839-2456834407-1001,zhongli,zhongli,-,-,-,-,{96d05236-e7e2-0002-7b52-d096e2e7d801},wineventlog,Security,DESKTOP-32EH6N8,-,-,-,-,-,-,-,-,-,-,-,-,-,-,-,-,-,-,-,-,-,-,-,-,-,"SeSecurityPrivilege, SeTakeOwnershipPrivilege, SeLoadDriverPrivilege, SeBackupPrivilege, SeRestorePrivilege, SeDebugPrivilege, SeSystemEnvironmentPrivilege, SeImpersonatePrivilege, SeDelegateSessionUserImpersonatePrivilege",-,-,-,-,-,DESKTOP-32EH6N8,0x6363b4,zhongli,S-1-5-21-1431998111-292960839-2456834407-1001,-,-,-,-,-,-,-,-,-,-,-,-,-,-,-,-,-,-,-,-,-,-,-,-,-,-,-,-,-,-,-,-,-,4672,Audit Success,0x6363b4,-,Info,776,"2,568",{54849625-5478-4994-a5ba-3e3b0328c30d},Microsoft-Windows-Security-Auditing,2297,Special Logon,-,-,-,-,-,,,,,,,,,,,,,,,,,,,,,,,,,,,,,,,,,,,,,,,,,,,,,,,,,,,,,,,,,
900,"Oct 25, 2022 @ 04:21:30.253",DESKTOP-32EH6N8,None,6000,-,-,Microsoft-Windows-Winlogon,-,-,-,-,-,x86_64,DESKTOP-32EH6N8,45429efd-c10a-4299-8a01-8a10b0cbf1b8,"fe80::7959:555c:b4f7:82d3, 192.168.170.20, fe80::f415:e770:257d:42d7, 169.254.66.215","00:0c:29:6e:f6:d9, f8:89:d2:da:70:74",DESKTOP-32EH6N8,19044.1288,windows,10.0.19041.1288 (WinBuild.160101.0800),Windows 10 Pro,Windows 10 Pro,windows,windows,10.0,information,The winlogon notification subscriber <SessionEnv> was unavailable to handle a notification event.,-,-,-,-,-,-,-,-,-,-,-,-,-,-,-,-,-,-,-,-,-,-,-,-,-,-,-,-,-,-,-,-,-,-,-,-,wineventlog,Application,DESKTOP-32EH6N8,-,-,D9060000,-,-,-,-,-,-,-,-,-,-,-,-,-,-,-,-,-,-,-,-,-,-,-,-,-,-,-,-,-,-,-,-,-,-,-,-,-,-,-,-,-,-,-,-,-,-,-,-,-,-,SessionEnv,-,-,-,-,-,-,-,-,-,-,-,-,-,-,6000,Classic,-,-,Info,-,-,{DBE9B383-7CF3-4331-91CC-A3CB16A3B538},Microsoft-Windows-Winlogon,530,None,-,-,-,-,-,,,,,,,,,,,,,,,,,,,,,,,,,,,,,,,,,,,,,,,,,,,,,,,,,,,,,,,,,
901,"Oct 25, 2022 @ 04:21:30.205",DESKTOP-32EH6N8,WinSqmUserLogin,7001,-,-,Microsoft-Windows-Winlogon,-,-,-,-,-,x86_64,DESKTOP-32EH6N8,45429efd-c10a-4299-8a01-8a10b0cbf1b8,"fe80::7959:555c:b4f7:82d3, 192.168.170.20, fe80::f415:e770:257d:42d7, 169.254.66.215","00:0c:29:6e:f6:d9, f8:89:d2:da:70:74",DESKTOP-32EH6N8,19044.1288,windows,10.0.19041.1288 (WinBuild.160101.0800),Windows 10 Pro,Windows 10 Pro,windows,windows,10.0,information,User Logon Notification for Customer Experience Improvement Program,-,-,-,-,-,-,-,-,-,-,-,-,-,-,-,-,-,-,-,-,-,-,-,-,-,-,-,-,-,-,-,-,-,-,-,-,wineventlog,System,DESKTOP-32EH6N8,-,-,-,-,-,-,-,-,-,-,-,-,-,-,-,-,-,-,-,-,-,-,-,-,-,-,-,-,-,-,-,-,-,-,-,4,-,-,-,-,-,-,-,-,-,-,-,-,-,-,S-1-5-21-1431998111-292960839-2456834407-1001,-,-,-,-,-,-,-,-,-,-,-,-,-,-,-,-,-,7001,ms:Telemetry,-,-,Info,"6,340","6,640",{dbe9b383-7cf3-4331-91cc-a3cb16a3b538},Microsoft-Windows-Winlogon,701,WinSqmUserLogin,NT AUTHORITY,S-1-5-18,SYSTEM,User,-,,,,,,,,,,,,,,,,,,,,,,,,,,,,,,,,,,,,,,,,,,,,,,,,,,,,,,,,,
902,"Oct 25, 2022 @ 04:21:30.198",DESKTOP-32EH6N8,logged-in-explicit,4648,security,success,Microsoft-Windows-Security-Auditing,-,start,-,-,-,x86_64,DESKTOP-32EH6N8,45429efd-c10a-4299-8a01-8a10b0cbf1b8,"fe80::7959:555c:b4f7:82d3, 192.168.170.20, fe80::f415:e770:257d:42d7, 169.254.66.215","00:0c:29:6e:f6:d9, f8:89:d2:da:70:74",DESKTOP-32EH6N8,19044.1288,windows,10.0.19041.1288 (WinBuild.160101.0800),Windows 10 Pro,Windows 10 Pro,windows,windows,10.0,information,"A logon was attempted using explicit credentials.

Subject:
	Security ID:		S-1-5-18
	Account Name:		DESKTOP-32EH6N8$
	Account Domain:		WORKGROUP
	Logon ID:		0x3E7
	Logon GUID:		{00000000-0000-0000-0000-000000000000}

Account Whose Credentials Were Used:
	Account Name:		zhongli
	Account Domain:		DESKTOP-32EH6N8
	Logon GUID:		{00000000-0000-0000-0000-000000000000}

Target Server:
	Target Server Name:	localhost
	Additional Information:	localhost

Process Information:
	Process ID:		0x684
	Process Name:		C:\Windows\System32\svchost.exe

Network Information:
	Network Address:	127.0.0.1
	Port:			0

This event is generated when a process attempts to log on an account by explicitly specifying that accounts credentials.  This most commonly occurs in batch-type configurations such as scheduled tasks, or when using the RUNAS command.",-,-,-,-,-,-,-,-,-,-,-,-,C:\Windows\System32\svchost.exe,C:\Windows\System32\svchost.exe,svchost.exe,svchost.exe,"1,668",-,-,127.0.0.1,"zhongli, DESKTOP-32EH6N8$",-,127.0.0.1,0,WORKGROUP,DESKTOP-32EH6N8,zhongli,zhongli,S-1-5-18,DESKTOP-32EH6N8$,DESKTOP-32EH6N8$,-,-,-,-,{96d05236-e7e2-0002-7b52-d096e2e7d801},wineventlog,Security,DESKTOP-32EH6N8,-,-,-,-,-,-,-,-,-,-,-,-,-,-,-,-,-,-,-,-,-,{00000000-0000-0000-0000-000000000000},-,-,-,-,-,-,-,-,-,WORKGROUP,0x3e7,DESKTOP-32EH6N8$,S-1-5-18,-,DESKTOP-32EH6N8,localhost,-,{00000000-0000-0000-0000-000000000000},-,-,-,-,localhost,-,zhongli,-,-,-,-,-,-,-,-,-,-,-,-,-,-,-,-,-,-,-,-,-,4648,Audit Success,0x3e7,-,Info,776,"8,124",{54849625-5478-4994-a5ba-3e3b0328c30d},Microsoft-Windows-Security-Auditing,2291,Logon,-,-,-,-,-,,,,,,,,,,,,,,,,,,,,,,,,,,,,,,,,,,,,,,,,,,,,,,,,,,,,,,,,,
903,"Oct 25, 2022 @ 04:21:30.198",DESKTOP-32EH6N8,logged-in,4624,security,success,Microsoft-Windows-Security-Auditing,-,start,-,-,-,x86_64,DESKTOP-32EH6N8,45429efd-c10a-4299-8a01-8a10b0cbf1b8,"fe80::7959:555c:b4f7:82d3, 192.168.170.20, fe80::f415:e770:257d:42d7, 169.254.66.215","00:0c:29:6e:f6:d9, f8:89:d2:da:70:74",DESKTOP-32EH6N8,19044.1288,windows,10.0.19041.1288 (WinBuild.160101.0800),Windows 10 Pro,Windows 10 Pro,windows,windows,10.0,information,"An account was successfully logged on.

Subject:
	Security ID:		S-1-5-18
	Account Name:		DESKTOP-32EH6N8$
	Account Domain:		WORKGROUP
	Logon ID:		0x3E7

Logon Information:
	Logon Type:		2
	Restricted Admin Mode:	-
	Virtual Account:		No
	Elevated Token:		Yes

Impersonation Level:		Impersonation

New Logon:
	Security ID:		S-1-5-21-1431998111-292960839-2456834407-1001
	Account Name:		zhongli
	Account Domain:		DESKTOP-32EH6N8
	Logon ID:		0x63379D
	Linked Logon ID:		0x6337BC
	Network Account Name:	-
	Network Account Domain:	-
	Logon GUID:		{00000000-0000-0000-0000-000000000000}

Process Information:
	Process ID:		0x684
	Process Name:		C:\Windows\System32\svchost.exe

Network Information:
	Workstation Name:	DESKTOP-32EH6N8
	Source Network Address:	127.0.0.1
	Source Port:		0

Detailed Authentication Information:
	Logon Process:		User32 
	Authentication Package:	Negotiate
	Transited Services:	-
	Package Name (NTLM only):	-
	Key Length:		0

This event is generated when a logon session is created. It is generated on the computer that was accessed.

The subject fields indicate the account on the local system which requested the logon. This is most commonly a service such as the Server service, or a local process such as Winlogon.exe or Services.exe.

The logon type field indicates the kind of logon that occurred. The most common types are 2 (interactive) and 3 (network).

The New Logon fields indicate the account for whom the new logon was created, i.e. the account that was logged on.

The network fields indicate where a remote logon request originated. Workstation name is not always available and may be left blank in some cases.

The impersonation level field indicates the extent to which a process in the logon session can impersonate.

The authentication information fields provide detailed information about this specific logon request.
	- Logon GUID is a unique identifier that can be used to correlate this event with a KDC event.
	- Transited services indicate which intermediate services have participated in this logon request.
	- Package name indicates which sub-protocol was used among the NTLM protocols.
	- Key length indicates the length of the generated session key. This will be 0 if no session key was requested.",-,-,-,-,-,-,-,-,-,-,-,-,C:\Windows\System32\svchost.exe,C:\Windows\System32\svchost.exe,svchost.exe,svchost.exe,"1,668",-,-,127.0.0.1,"zhongli, DESKTOP-32EH6N8$",DESKTOP-32EH6N8,127.0.0.1,0,DESKTOP-32EH6N8,-,-,-,S-1-5-21-1431998111-292960839-2456834407-1001,zhongli,zhongli,-,-,-,-,{96d05236-e7e2-0002-7b52-d096e2e7d801},wineventlog,Security,DESKTOP-32EH6N8,-,Negotiate,-,-,-,-,-,-,-,%%1842,-,-,%%1833,-,-,-,0,-,-,-,-,{00000000-0000-0000-0000-000000000000},User32 ,2,-,-,-,-,-,-,-,WORKGROUP,0x3e7,DESKTOP-32EH6N8$,S-1-5-18,-,DESKTOP-32EH6N8,-,0x6337bc,-,0x63379d,-,-,-,-,-,zhongli,S-1-5-21-1431998111-292960839-2456834407-1001,-,-,-,%%1843,-,-,-,-,-,-,-,-,-,-,-,-,-,-,-,-,4624,Audit Success,0x3e7,Interactive,Info,776,"8,124",{54849625-5478-4994-a5ba-3e3b0328c30d},Microsoft-Windows-Security-Auditing,2292,Logon,-,-,-,-,2,,,,,,,,,,,,,,,,,,,,,,,,,,,,,,,,,,,,,,,,,,,,,,,,,,,,,,,,,
904,"Oct 25, 2022 @ 04:21:30.198",DESKTOP-32EH6N8,logged-in,4624,security,success,Microsoft-Windows-Security-Auditing,-,start,-,-,-,x86_64,DESKTOP-32EH6N8,45429efd-c10a-4299-8a01-8a10b0cbf1b8,"fe80::7959:555c:b4f7:82d3, 192.168.170.20, fe80::f415:e770:257d:42d7, 169.254.66.215","00:0c:29:6e:f6:d9, f8:89:d2:da:70:74",DESKTOP-32EH6N8,19044.1288,windows,10.0.19041.1288 (WinBuild.160101.0800),Windows 10 Pro,Windows 10 Pro,windows,windows,10.0,information,"An account was successfully logged on.

Subject:
	Security ID:		S-1-5-18
	Account Name:		DESKTOP-32EH6N8$
	Account Domain:		WORKGROUP
	Logon ID:		0x3E7

Logon Information:
	Logon Type:		2
	Restricted Admin Mode:	-
	Virtual Account:		No
	Elevated Token:		No

Impersonation Level:		Impersonation

New Logon:
	Security ID:		S-1-5-21-1431998111-292960839-2456834407-1001
	Account Name:		zhongli
	Account Domain:		DESKTOP-32EH6N8
	Logon ID:		0x6337BC
	Linked Logon ID:		0x63379D
	Network Account Name:	-
	Network Account Domain:	-
	Logon GUID:		{00000000-0000-0000-0000-000000000000}

Process Information:
	Process ID:		0x684
	Process Name:		C:\Windows\System32\svchost.exe

Network Information:
	Workstation Name:	DESKTOP-32EH6N8
	Source Network Address:	127.0.0.1
	Source Port:		0

Detailed Authentication Information:
	Logon Process:		User32 
	Authentication Package:	Negotiate
	Transited Services:	-
	Package Name (NTLM only):	-
	Key Length:		0

This event is generated when a logon session is created. It is generated on the computer that was accessed.

The subject fields indicate the account on the local system which requested the logon. This is most commonly a service such as the Server service, or a local process such as Winlogon.exe or Services.exe.

The logon type field indicates the kind of logon that occurred. The most common types are 2 (interactive) and 3 (network).

The New Logon fields indicate the account for whom the new logon was created, i.e. the account that was logged on.

The network fields indicate where a remote logon request originated. Workstation name is not always available and may be left blank in some cases.

The impersonation level field indicates the extent to which a process in the logon session can impersonate.

The authentication information fields provide detailed information about this specific logon request.
	- Logon GUID is a unique identifier that can be used to correlate this event with a KDC event.
	- Transited services indicate which intermediate services have participated in this logon request.
	- Package name indicates which sub-protocol was used among the NTLM protocols.
	- Key length indicates the length of the generated session key. This will be 0 if no session key was requested.",-,-,-,-,-,-,-,-,-,-,-,-,C:\Windows\System32\svchost.exe,C:\Windows\System32\svchost.exe,svchost.exe,svchost.exe,"1,668",-,-,127.0.0.1,"zhongli, DESKTOP-32EH6N8$",DESKTOP-32EH6N8,127.0.0.1,0,DESKTOP-32EH6N8,-,-,-,S-1-5-21-1431998111-292960839-2456834407-1001,zhongli,zhongli,-,-,-,-,{96d05236-e7e2-0002-7b52-d096e2e7d801},wineventlog,Security,DESKTOP-32EH6N8,-,Negotiate,-,-,-,-,-,-,-,%%1843,-,-,%%1833,-,-,-,0,-,-,-,-,{00000000-0000-0000-0000-000000000000},User32 ,2,-,-,-,-,-,-,-,WORKGROUP,0x3e7,DESKTOP-32EH6N8$,S-1-5-18,-,DESKTOP-32EH6N8,-,0x63379d,-,0x6337bc,-,-,-,-,-,zhongli,S-1-5-21-1431998111-292960839-2456834407-1001,-,-,-,%%1843,-,-,-,-,-,-,-,-,-,-,-,-,-,-,-,-,4624,Audit Success,0x3e7,Interactive,Info,776,"8,124",{54849625-5478-4994-a5ba-3e3b0328c30d},Microsoft-Windows-Security-Auditing,2293,Logon,-,-,-,-,2,,,,,,,,,,,,,,,,,,,,,,,,,,,,,,,,,,,,,,,,,,,,,,,,,,,,,,,,,
905,"Oct 25, 2022 @ 04:21:30.198",DESKTOP-32EH6N8,logged-in-special,4672,security,success,Microsoft-Windows-Security-Auditing,-,admin,-,-,-,x86_64,DESKTOP-32EH6N8,45429efd-c10a-4299-8a01-8a10b0cbf1b8,"fe80::7959:555c:b4f7:82d3, 192.168.170.20, fe80::f415:e770:257d:42d7, 169.254.66.215","00:0c:29:6e:f6:d9, f8:89:d2:da:70:74",DESKTOP-32EH6N8,19044.1288,windows,10.0.19041.1288 (WinBuild.160101.0800),Windows 10 Pro,Windows 10 Pro,windows,windows,10.0,information,"Special privileges assigned to new logon.

Subject:
	Security ID:		S-1-5-21-1431998111-292960839-2456834407-1001
	Account Name:		zhongli
	Account Domain:		DESKTOP-32EH6N8
	Logon ID:		0x63379D

Privileges:		SeSecurityPrivilege
			SeTakeOwnershipPrivilege
			SeLoadDriverPrivilege
			SeBackupPrivilege
			SeRestorePrivilege
			SeDebugPrivilege
			SeSystemEnvironmentPrivilege
			SeImpersonatePrivilege
			SeDelegateSessionUserImpersonatePrivilege",-,-,-,-,-,-,-,-,-,-,-,-,-,-,-,-,-,-,-,-,zhongli,-,-,-,DESKTOP-32EH6N8,-,-,-,S-1-5-21-1431998111-292960839-2456834407-1001,zhongli,zhongli,-,-,-,-,{96d05236-e7e2-0002-7b52-d096e2e7d801},wineventlog,Security,DESKTOP-32EH6N8,-,-,-,-,-,-,-,-,-,-,-,-,-,-,-,-,-,-,-,-,-,-,-,-,-,"SeSecurityPrivilege, SeTakeOwnershipPrivilege, SeLoadDriverPrivilege, SeBackupPrivilege, SeRestorePrivilege, SeDebugPrivilege, SeSystemEnvironmentPrivilege, SeImpersonatePrivilege, SeDelegateSessionUserImpersonatePrivilege",-,-,-,-,-,DESKTOP-32EH6N8,0x63379d,zhongli,S-1-5-21-1431998111-292960839-2456834407-1001,-,-,-,-,-,-,-,-,-,-,-,-,-,-,-,-,-,-,-,-,-,-,-,-,-,-,-,-,-,-,-,-,-,4672,Audit Success,0x63379d,-,Info,776,"8,124",{54849625-5478-4994-a5ba-3e3b0328c30d},Microsoft-Windows-Security-Auditing,2294,Special Logon,-,-,-,-,-,,,,,,,,,,,,,,,,,,,,,,,,,,,,,,,,,,,,,,,,,,,,,,,,,,,,,,,,,
906,"Oct 25, 2022 @ 04:21:30.191",DESKTOP-32EH6N8,None,6003,-,-,Microsoft-Windows-Winlogon,-,-,-,-,-,x86_64,DESKTOP-32EH6N8,45429efd-c10a-4299-8a01-8a10b0cbf1b8,"fe80::7959:555c:b4f7:82d3, 192.168.170.20, fe80::f415:e770:257d:42d7, 169.254.66.215","00:0c:29:6e:f6:d9, f8:89:d2:da:70:74",DESKTOP-32EH6N8,19044.1288,windows,10.0.19041.1288 (WinBuild.160101.0800),Windows 10 Pro,Windows 10 Pro,windows,windows,10.0,information,The winlogon notification subscriber <SessionEnv> was unavailable to handle a critical notification event.,-,-,-,-,-,-,-,-,-,-,-,-,-,-,-,-,-,-,-,-,-,-,-,-,-,-,-,-,-,-,-,-,-,-,-,-,wineventlog,Application,DESKTOP-32EH6N8,-,-,D9060000,-,-,-,-,-,-,-,-,-,-,-,-,-,-,-,-,-,-,-,-,-,-,-,-,-,-,-,-,-,-,-,-,-,-,-,-,-,-,-,-,-,-,-,-,-,-,-,-,-,-,SessionEnv,-,-,-,-,-,-,-,-,-,-,-,-,-,-,6003,Classic,-,-,Info,-,-,{DBE9B383-7CF3-4331-91CC-A3CB16A3B538},Microsoft-Windows-Winlogon,529,None,-,-,-,-,-,,,,,,,,,,,,,,,,,,,,,,,,,,,,,,,,,,,,,,,,,,,,,,,,,,,,,,,,,
907,"Oct 25, 2022 @ 04:21:28.037",DESKTOP-32EH6N8,None,7040,-,-,Service Control Manager,-,-,-,-,-,x86_64,DESKTOP-32EH6N8,45429efd-c10a-4299-8a01-8a10b0cbf1b8,"fe80::7959:555c:b4f7:82d3, 192.168.170.20, fe80::f415:e770:257d:42d7, 169.254.66.215","00:0c:29:6e:f6:d9, f8:89:d2:da:70:74",DESKTOP-32EH6N8,19044.1288,windows,10.0.19041.1288 (WinBuild.160101.0800),Windows 10 Pro,Windows 10 Pro,windows,windows,10.0,information,The start type of the Windows Modules Installer service was changed from auto start to demand start.,-,-,-,-,-,-,-,-,-,-,-,-,-,-,-,-,-,-,-,-,-,-,-,-,-,-,-,-,-,-,-,-,-,-,-,-,wineventlog,System,DESKTOP-32EH6N8,-,-,-,-,-,-,-,-,-,-,-,-,-,-,-,-,-,-,-,-,-,-,-,-,-,-,-,-,-,-,-,-,-,-,-,-,-,-,-,-,-,-,-,-,-,-,-,-,-,-,-,-,-,Windows Modules Installer,-,-,auto start,demand start,TrustedInstaller,-,-,-,-,-,-,-,-,-,7040,Classic,-,-,Info,752,"1,840",{555908d1-a6d7-4695-8e1e-26931d2012f4},Service Control Manager,700,None,NT AUTHORITY,S-1-5-18,SYSTEM,User,-,,,,,,,,,,,,,,,,,,,,,,,,,,,,,,,,,,,,,,,,,,,,,,,,,,,,,,,,,
908,"Oct 25, 2022 @ 04:21:20.591",DESKTOP-32EH6N8,None,7040,-,-,Service Control Manager,-,-,-,-,-,x86_64,DESKTOP-32EH6N8,45429efd-c10a-4299-8a01-8a10b0cbf1b8,"fe80::7959:555c:b4f7:82d3, 192.168.170.20, fe80::f415:e770:257d:42d7, 169.254.66.215","00:0c:29:6e:f6:d9, f8:89:d2:da:70:74",DESKTOP-32EH6N8,19044.1288,windows,10.0.19041.1288 (WinBuild.160101.0800),Windows 10 Pro,Windows 10 Pro,windows,windows,10.0,information,The start type of the Windows Modules Installer service was changed from demand start to auto start.,-,-,-,-,-,-,-,-,-,-,-,-,-,-,-,-,-,-,-,-,-,-,-,-,-,-,-,-,-,-,-,-,-,-,-,-,wineventlog,System,DESKTOP-32EH6N8,-,-,-,-,-,-,-,-,-,-,-,-,-,-,-,-,-,-,-,-,-,-,-,-,-,-,-,-,-,-,-,-,-,-,-,-,-,-,-,-,-,-,-,-,-,-,-,-,-,-,-,-,-,Windows Modules Installer,-,-,demand start,auto start,TrustedInstaller,-,-,-,-,-,-,-,-,-,7040,Classic,-,-,Info,752,"1,840",{555908d1-a6d7-4695-8e1e-26931d2012f4},Service Control Manager,699,None,NT AUTHORITY,S-1-5-18,SYSTEM,User,-,,,,,,,,,,,,,,,,,,,,,,,,,,,,,,,,,,,,,,,,,,,,,,,,,,,,,,,,,
909,"Oct 25, 2022 @ 04:21:09.956",DESKTOP-32EH6N8,Windows Update Agent,44,-,-,Microsoft-Windows-WindowsUpdateClient,-,-,-,-,-,x86_64,DESKTOP-32EH6N8,45429efd-c10a-4299-8a01-8a10b0cbf1b8,"fe80::7959:555c:b4f7:82d3, 192.168.170.20, fe80::f415:e770:257d:42d7, 169.254.66.215","00:0c:29:6e:f6:d9, f8:89:d2:da:70:74",DESKTOP-32EH6N8,19044.1288,windows,10.0.19041.1288 (WinBuild.160101.0800),Windows 10 Pro,Windows 10 Pro,windows,windows,10.0,information,Windows Update started downloading an update.,-,-,-,-,-,-,-,-,-,-,-,-,-,-,-,-,-,-,-,-,-,-,-,-,-,-,-,-,-,-,-,-,-,-,-,-,wineventlog,System,DESKTOP-32EH6N8,-,-,-,-,-,-,-,-,-,-,-,-,-,-,-,-,-,-,-,-,-,-,-,-,-,-,-,-,-,-,-,-,-,-,-,-,-,-,-,-,-,-,-,-,-,-,-,-,-,-,-,-,-,-,-,-,-,-,-,-,-,-,-,-,-,{fcc60465-497b-4395-b714-4699cef797ca},200,Windows Malicious Software Removal Tool x64 - v5.106 (KB890830),44,"Download, Started",-,-,Download,"2,828","9,552",{945a8954-c147-4acd-923f-40c45405a658},Microsoft-Windows-WindowsUpdateClient,695,Windows Update Agent,NT AUTHORITY,S-1-5-18,SYSTEM,User,1,,,,,,,,,,,,,,,,,,,,,,,,,,,,,,,,,,,,,,,,,,,,,,,,,,,,,,,,,
910,"Oct 25, 2022 @ 04:21:09.956",DESKTOP-32EH6N8,Windows Update Agent,44,-,-,Microsoft-Windows-WindowsUpdateClient,-,-,-,-,-,x86_64,DESKTOP-32EH6N8,45429efd-c10a-4299-8a01-8a10b0cbf1b8,"fe80::7959:555c:b4f7:82d3, 192.168.170.20, fe80::f415:e770:257d:42d7, 169.254.66.215","00:0c:29:6e:f6:d9, f8:89:d2:da:70:74",DESKTOP-32EH6N8,19044.1288,windows,10.0.19041.1288 (WinBuild.160101.0800),Windows 10 Pro,Windows 10 Pro,windows,windows,10.0,information,Windows Update started downloading an update.,-,-,-,-,-,-,-,-,-,-,-,-,-,-,-,-,-,-,-,-,-,-,-,-,-,-,-,-,-,-,-,-,-,-,-,-,wineventlog,System,DESKTOP-32EH6N8,-,-,-,-,-,-,-,-,-,-,-,-,-,-,-,-,-,-,-,-,-,-,-,-,-,-,-,-,-,-,-,-,-,-,-,-,-,-,-,-,-,-,-,-,-,-,-,-,-,-,-,-,-,-,-,-,-,-,-,-,-,-,-,-,-,{96c2a1b7-901d-4b81-8dcd-5c261fd9b5a8},200,"2022-10 Cumulative Update for .NET Framework 3.5, 4.8 and 4.8.1 for Windows 10 Version 21H2 for x64 (KB5018545)",44,"Download, Started",-,-,Download,"2,828","9,552",{945a8954-c147-4acd-923f-40c45405a658},Microsoft-Windows-WindowsUpdateClient,696,Windows Update Agent,NT AUTHORITY,S-1-5-18,SYSTEM,User,1,,,,,,,,,,,,,,,,,,,,,,,,,,,,,,,,,,,,,,,,,,,,,,,,,,,,,,,,,
911,"Oct 25, 2022 @ 04:21:09.956",DESKTOP-32EH6N8,Windows Update Agent,44,-,-,Microsoft-Windows-WindowsUpdateClient,-,-,-,-,-,x86_64,DESKTOP-32EH6N8,45429efd-c10a-4299-8a01-8a10b0cbf1b8,"fe80::7959:555c:b4f7:82d3, 192.168.170.20, fe80::f415:e770:257d:42d7, 169.254.66.215","00:0c:29:6e:f6:d9, f8:89:d2:da:70:74",DESKTOP-32EH6N8,19044.1288,windows,10.0.19041.1288 (WinBuild.160101.0800),Windows 10 Pro,Windows 10 Pro,windows,windows,10.0,information,Windows Update started downloading an update.,-,-,-,-,-,-,-,-,-,-,-,-,-,-,-,-,-,-,-,-,-,-,-,-,-,-,-,-,-,-,-,-,-,-,-,-,wineventlog,System,DESKTOP-32EH6N8,-,-,-,-,-,-,-,-,-,-,-,-,-,-,-,-,-,-,-,-,-,-,-,-,-,-,-,-,-,-,-,-,-,-,-,-,-,-,-,-,-,-,-,-,-,-,-,-,-,-,-,-,-,-,-,-,-,-,-,-,-,-,-,-,-,{a329b681-ce8c-431d-99f7-052e2901adcb},1,2022-04 Update for Windows 10 Version 21H2 for x64-based Systems (KB4023057),44,"Download, Started",-,-,Download,"2,828","9,552",{945a8954-c147-4acd-923f-40c45405a658},Microsoft-Windows-WindowsUpdateClient,697,Windows Update Agent,NT AUTHORITY,S-1-5-18,SYSTEM,User,1,,,,,,,,,,,,,,,,,,,,,,,,,,,,,,,,,,,,,,,,,,,,,,,,,,,,,,,,,
912,"Oct 25, 2022 @ 04:21:09.956",DESKTOP-32EH6N8,Windows Update Agent,44,-,-,Microsoft-Windows-WindowsUpdateClient,-,-,-,-,-,x86_64,DESKTOP-32EH6N8,45429efd-c10a-4299-8a01-8a10b0cbf1b8,"fe80::7959:555c:b4f7:82d3, 192.168.170.20, fe80::f415:e770:257d:42d7, 169.254.66.215","00:0c:29:6e:f6:d9, f8:89:d2:da:70:74",DESKTOP-32EH6N8,19044.1288,windows,10.0.19041.1288 (WinBuild.160101.0800),Windows 10 Pro,Windows 10 Pro,windows,windows,10.0,information,Windows Update started downloading an update.,-,-,-,-,-,-,-,-,-,-,-,-,-,-,-,-,-,-,-,-,-,-,-,-,-,-,-,-,-,-,-,-,-,-,-,-,wineventlog,System,DESKTOP-32EH6N8,-,-,-,-,-,-,-,-,-,-,-,-,-,-,-,-,-,-,-,-,-,-,-,-,-,-,-,-,-,-,-,-,-,-,-,-,-,-,-,-,-,-,-,-,-,-,-,-,-,-,-,-,-,-,-,-,-,-,-,-,-,-,-,-,-,{5816c0c6-042c-481b-945b-f729e74b9917},1,2022-10 Cumulative Update for Windows 10 Version 21H2 for x64-based Systems (KB5018410),44,"Download, Started",-,-,Download,"2,828","9,552",{945a8954-c147-4acd-923f-40c45405a658},Microsoft-Windows-WindowsUpdateClient,698,Windows Update Agent,NT AUTHORITY,S-1-5-18,SYSTEM,User,1,,,,,,,,,,,,,,,,,,,,,,,,,,,,,,,,,,,,,,,,,,,,,,,,,,,,,,,,,
913,"Oct 25, 2022 @ 04:21:09.949",DESKTOP-32EH6N8,Windows Update Agent,44,-,-,Microsoft-Windows-WindowsUpdateClient,-,-,-,-,-,x86_64,DESKTOP-32EH6N8,45429efd-c10a-4299-8a01-8a10b0cbf1b8,"fe80::7959:555c:b4f7:82d3, 192.168.170.20, fe80::f415:e770:257d:42d7, 169.254.66.215","00:0c:29:6e:f6:d9, f8:89:d2:da:70:74",DESKTOP-32EH6N8,19044.1288,windows,10.0.19041.1288 (WinBuild.160101.0800),Windows 10 Pro,Windows 10 Pro,windows,windows,10.0,information,Windows Update started downloading an update.,-,-,-,-,-,-,-,-,-,-,-,-,-,-,-,-,-,-,-,-,-,-,-,-,-,-,-,-,-,-,-,-,-,-,-,-,wineventlog,System,DESKTOP-32EH6N8,-,-,-,-,-,-,-,-,-,-,-,-,-,-,-,-,-,-,-,-,-,-,-,-,-,-,-,-,-,-,-,-,-,-,-,-,-,-,-,-,-,-,-,-,-,-,-,-,-,-,-,-,-,-,-,-,-,-,-,-,-,-,-,-,-,{9151c073-854c-474e-8e4c-3b7b067824b1},200,2022-04 Update for Windows 10 Version 21H2 for x64-based Systems (KB5005463),44,"Download, Started",-,-,Download,"2,828","9,552",{945a8954-c147-4acd-923f-40c45405a658},Microsoft-Windows-WindowsUpdateClient,694,Windows Update Agent,NT AUTHORITY,S-1-5-18,SYSTEM,User,1,,,,,,,,,,,,,,,,,,,,,,,,,,,,,,,,,,,,,,,,,,,,,,,,,,,,,,,,,
914,"Oct 25, 2022 @ 04:21:03.803",DESKTOP-32EH6N8,None,0,-,-,edgeupdate,-,-,-,-,-,x86_64,DESKTOP-32EH6N8,45429efd-c10a-4299-8a01-8a10b0cbf1b8,"fe80::7959:555c:b4f7:82d3, 192.168.170.20, fe80::f415:e770:257d:42d7, 169.254.66.215","00:0c:29:6e:f6:d9, f8:89:d2:da:70:74",DESKTOP-32EH6N8,19044.1288,windows,10.0.19041.1288 (WinBuild.160101.0800),Windows 10 Pro,Windows 10 Pro,windows,windows,10.0,information,Service stopped.,-,-,-,-,-,-,-,-,-,-,-,-,-,-,-,-,-,-,-,-,-,-,-,-,-,-,-,-,-,-,-,-,-,-,-,-,wineventlog,Application,DESKTOP-32EH6N8,-,-,-,-,-,-,-,-,-,-,-,-,-,-,-,-,-,-,-,-,-,-,-,-,-,-,-,-,-,-,-,-,-,-,-,-,-,-,-,-,-,-,-,-,-,-,-,-,-,-,-,-,-,Service stopped,-,-,-,-,-,-,-,-,-,-,-,-,-,-,0,Classic,-,-,Info,-,-,-,edgeupdate,528,None,-,-,-,-,-,,,,,,,,,,,,,,,,,,,,,,,,,,,,,,,,,,,,,,,,,,,,,,,,,,,,,,,,,
915,"Oct 25, 2022 @ 04:21:02.070",DESKTOP-32EH6N8,Engine Lifecycle,403,powershell,-,PowerShell,21,end,-,-,-,x86_64,DESKTOP-32EH6N8,45429efd-c10a-4299-8a01-8a10b0cbf1b8,"fe80::7959:555c:b4f7:82d3, 192.168.170.20, fe80::f415:e770:257d:42d7, 169.254.66.215","00:0c:29:6e:f6:d9, f8:89:d2:da:70:74",DESKTOP-32EH6N8,19044.1288,windows,10.0.19041.1288 (WinBuild.160101.0800),Windows 10 Pro,Windows 10 Pro,windows,windows,10.0,information,"Engine state is changed from Available to Stopped. 

Details: 
	NewEngineState=Stopped
	PreviousEngineState=Available

	SequenceNumber=21

	HostName=PSRunspace-Host
	HostVersion=0.5.0.27
	HostId=5e46281f-c7d2-44bf-8aca-1c29c4287929
	HostApplication=c:\backup\backup.exe
	EngineVersion=5.1.19041.1237
	RunspaceId=eb3a986f-b365-4c00-b60d-5a16fda224f2
	PipelineId=
	CommandName=
	CommandType=
	ScriptName=
	CommandPath=
	CommandLine=",Stopped,Available,5.1.19041.1237,0.5.0.27,-,-,eb3a986f-b365-4c00-b60d-5a16fda224f2,c:\backup\backup.exe,1,c:\backup\backup.exe,c:\backup\backup.exe,5e46281f-c7d2-44bf-8aca-1c29c4287929,-,-,-,-,-,PSRunspace-Host,PSRunspace-Host,-,-,-,-,-,-,-,-,-,-,-,-,-,-,-,-,-,wineventlog,Windows PowerShell,DESKTOP-32EH6N8,-,-,-,-,-,-,-,-,-,-,-,-,-,-,-,-,-,-,-,-,-,-,-,-,-,-,-,-,-,-,-,-,-,-,-,-,-,-,-,-,-,-,-,-,-,-,-,-,-,-,-,-,-,-,-,-,-,-,-,-,-,-,-,-,-,-,-,-,403,Classic,-,-,Info,-,-,-,PowerShell,277,Engine Lifecycle,-,-,-,-,-,,,,,,,,,,,,,,,,,,,,,,,,,,,,,,,,,,,,,,,,,,,,,,,,,,,,,,,,,
916,"Oct 25, 2022 @ 04:21:01.590",DESKTOP-32EH6N8,User Account Management,5379,security,success,Microsoft-Windows-Security-Auditing,-,-,-,-,-,x86_64,DESKTOP-32EH6N8,45429efd-c10a-4299-8a01-8a10b0cbf1b8,"fe80::7959:555c:b4f7:82d3, 192.168.170.20, fe80::f415:e770:257d:42d7, 169.254.66.215","00:0c:29:6e:f6:d9, f8:89:d2:da:70:74",DESKTOP-32EH6N8,19044.1288,windows,10.0.19041.1288 (WinBuild.160101.0800),Windows 10 Pro,Windows 10 Pro,windows,windows,10.0,information,"Credential Manager credentials were read.

Subject:
	Security ID:		S-1-5-18
	Account Name:		DESKTOP-32EH6N8$
	Account Domain:		WORKGROUP
	Logon ID:		0x3E7
	Read Operation:		Enumerate Credentials

This event occurs when a user performs a read operation on stored credentials in Credential Manager.",-,-,-,-,-,-,-,-,-,-,-,-,-,-,-,-,-,-,-,-,-,-,-,-,-,-,-,-,-,-,-,-,-,-,-,{96d05236-e7e2-0002-7b52-d096e2e7d801},wineventlog,Security,DESKTOP-32EH6N8,-,-,-,-,-,-,8112,0,-,-,-,-,-,-,-,-,-,-,-,-,-,-,-,-,-,-,2022-10-24T20:58:17.0878638Z,-,%%8100,-,3221226021,WORKGROUP,0x3e7,DESKTOP-32EH6N8$,S-1-5-18,-,-,-,-,-,-,MicrosoftAccount:user=02tkxiccqyhxonsl,-,-,-,-,-,-,-,0,-,-,-,-,-,-,-,-,-,-,-,-,-,-,-,-,-,-,5379,Audit Success,0x3e7,-,Info,776,"8,064",{54849625-5478-4994-a5ba-3e3b0328c30d},Microsoft-Windows-Security-Auditing,2289,User Account Management,-,-,-,-,-,,,,,,,,,,,,,,,,,,,,,,,,,,,,,,,,,,,,,,,,,,,,,,,,,,,,,,,,,
917,"Oct 25, 2022 @ 04:21:01.590",DESKTOP-32EH6N8,User Account Management,5379,security,success,Microsoft-Windows-Security-Auditing,-,-,-,-,-,x86_64,DESKTOP-32EH6N8,45429efd-c10a-4299-8a01-8a10b0cbf1b8,"fe80::7959:555c:b4f7:82d3, 192.168.170.20, fe80::f415:e770:257d:42d7, 169.254.66.215","00:0c:29:6e:f6:d9, f8:89:d2:da:70:74",DESKTOP-32EH6N8,19044.1288,windows,10.0.19041.1288 (WinBuild.160101.0800),Windows 10 Pro,Windows 10 Pro,windows,windows,10.0,information,"Credential Manager credentials were read.

Subject:
	Security ID:		S-1-5-18
	Account Name:		DESKTOP-32EH6N8$
	Account Domain:		WORKGROUP
	Logon ID:		0x3E7
	Read Operation:		Enumerate Credentials

This event occurs when a user performs a read operation on stored credentials in Credential Manager.",-,-,-,-,-,-,-,-,-,-,-,-,-,-,-,-,-,-,-,-,-,-,-,-,-,-,-,-,-,-,-,-,-,-,-,{96d05236-e7e2-0002-7b52-d096e2e7d801},wineventlog,Security,DESKTOP-32EH6N8,-,-,-,-,-,-,8112,0,-,-,-,-,-,-,-,-,-,-,-,-,-,-,-,-,-,-,2022-10-24T20:58:17.0878638Z,-,%%8100,-,3221226021,WORKGROUP,0x3e7,DESKTOP-32EH6N8$,S-1-5-18,-,-,-,-,-,-,MicrosoftAccount:user=02tkxiccqyhxonsl,-,-,-,-,-,-,-,0,-,-,-,-,-,-,-,-,-,-,-,-,-,-,-,-,-,-,5379,Audit Success,0x3e7,-,Info,776,"8,064",{54849625-5478-4994-a5ba-3e3b0328c30d},Microsoft-Windows-Security-Auditing,2290,User Account Management,-,-,-,-,-,,,,,,,,,,,,,,,,,,,,,,,,,,,,,,,,,,,,,,,,,,,,,,,,,,,,,,,,,
918,"Oct 25, 2022 @ 04:21:01.588",DESKTOP-32EH6N8,User Account Management,5379,security,success,Microsoft-Windows-Security-Auditing,-,-,-,-,-,x86_64,DESKTOP-32EH6N8,45429efd-c10a-4299-8a01-8a10b0cbf1b8,"fe80::7959:555c:b4f7:82d3, 192.168.170.20, fe80::f415:e770:257d:42d7, 169.254.66.215","00:0c:29:6e:f6:d9, f8:89:d2:da:70:74",DESKTOP-32EH6N8,19044.1288,windows,10.0.19041.1288 (WinBuild.160101.0800),Windows 10 Pro,Windows 10 Pro,windows,windows,10.0,information,"Credential Manager credentials were read.

Subject:
	Security ID:		S-1-5-18
	Account Name:		DESKTOP-32EH6N8$
	Account Domain:		WORKGROUP
	Logon ID:		0x3E7
	Read Operation:		Enumerate Credentials

This event occurs when a user performs a read operation on stored credentials in Credential Manager.",-,-,-,-,-,-,-,-,-,-,-,-,-,-,-,-,-,-,-,-,-,-,-,-,-,-,-,-,-,-,-,-,-,-,-,{96d05236-e7e2-0002-7b52-d096e2e7d801},wineventlog,Security,DESKTOP-32EH6N8,-,-,-,-,-,-,8112,0,-,-,-,-,-,-,-,-,-,-,-,-,-,-,-,-,-,-,2022-10-24T20:58:17.0878638Z,-,%%8100,-,3221226021,WORKGROUP,0x3e7,DESKTOP-32EH6N8$,S-1-5-18,-,-,-,-,-,-,MicrosoftAccount:user=02tkxiccqyhxonsl,-,-,-,-,-,-,-,0,-,-,-,-,-,-,-,-,-,-,-,-,-,-,-,-,-,-,5379,Audit Success,0x3e7,-,Info,776,"8,064",{54849625-5478-4994-a5ba-3e3b0328c30d},Microsoft-Windows-Security-Auditing,2288,User Account Management,-,-,-,-,-,,,,,,,,,,,,,,,,,,,,,,,,,,,,,,,,,,,,,,,,,,,,,,,,,,,,,,,,,
919,"Oct 25, 2022 @ 04:21:01.587",DESKTOP-32EH6N8,User Account Management,5379,security,success,Microsoft-Windows-Security-Auditing,-,-,-,-,-,x86_64,DESKTOP-32EH6N8,45429efd-c10a-4299-8a01-8a10b0cbf1b8,"fe80::7959:555c:b4f7:82d3, 192.168.170.20, fe80::f415:e770:257d:42d7, 169.254.66.215","00:0c:29:6e:f6:d9, f8:89:d2:da:70:74",DESKTOP-32EH6N8,19044.1288,windows,10.0.19041.1288 (WinBuild.160101.0800),Windows 10 Pro,Windows 10 Pro,windows,windows,10.0,information,"Credential Manager credentials were read.

Subject:
	Security ID:		S-1-5-18
	Account Name:		DESKTOP-32EH6N8$
	Account Domain:		WORKGROUP
	Logon ID:		0x3E7
	Read Operation:		Enumerate Credentials

This event occurs when a user performs a read operation on stored credentials in Credential Manager.",-,-,-,-,-,-,-,-,-,-,-,-,-,-,-,-,-,-,-,-,-,-,-,-,-,-,-,-,-,-,-,-,-,-,-,{96d05236-e7e2-0002-7b52-d096e2e7d801},wineventlog,Security,DESKTOP-32EH6N8,-,-,-,-,-,-,8112,0,-,-,-,-,-,-,-,-,-,-,-,-,-,-,-,-,-,-,2022-10-24T20:58:17.0878638Z,-,%%8100,-,3221226021,WORKGROUP,0x3e7,DESKTOP-32EH6N8$,S-1-5-18,-,-,-,-,-,-,MicrosoftAccount:user=02tkxiccqyhxonsl,-,-,-,-,-,-,-,0,-,-,-,-,-,-,-,-,-,-,-,-,-,-,-,-,-,-,5379,Audit Success,0x3e7,-,Info,776,"8,064",{54849625-5478-4994-a5ba-3e3b0328c30d},Microsoft-Windows-Security-Auditing,2287,User Account Management,-,-,-,-,-,,,,,,,,,,,,,,,,,,,,,,,,,,,,,,,,,,,,,,,,,,,,,,,,,,,,,,,,,
920,"Oct 25, 2022 @ 04:21:01.351",DESKTOP-32EH6N8,User Account Management,5379,security,success,Microsoft-Windows-Security-Auditing,-,-,-,-,-,x86_64,DESKTOP-32EH6N8,45429efd-c10a-4299-8a01-8a10b0cbf1b8,"fe80::7959:555c:b4f7:82d3, 192.168.170.20, fe80::f415:e770:257d:42d7, 169.254.66.215","00:0c:29:6e:f6:d9, f8:89:d2:da:70:74",DESKTOP-32EH6N8,19044.1288,windows,10.0.19041.1288 (WinBuild.160101.0800),Windows 10 Pro,Windows 10 Pro,windows,windows,10.0,information,"Credential Manager credentials were read.

Subject:
	Security ID:		S-1-5-18
	Account Name:		DESKTOP-32EH6N8$
	Account Domain:		WORKGROUP
	Logon ID:		0x3E7
	Read Operation:		Enumerate Credentials

This event occurs when a user performs a read operation on stored credentials in Credential Manager.",-,-,-,-,-,-,-,-,-,-,-,-,-,-,-,-,-,-,-,-,-,-,-,-,-,-,-,-,-,-,-,-,-,-,-,{96d05236-e7e2-0002-7b52-d096e2e7d801},wineventlog,Security,DESKTOP-32EH6N8,-,-,-,-,-,-,8112,0,-,-,-,-,-,-,-,-,-,-,-,-,-,-,-,-,-,-,2022-10-24T20:58:17.0878638Z,-,%%8100,-,3221226021,WORKGROUP,0x3e7,DESKTOP-32EH6N8$,S-1-5-18,-,-,-,-,-,-,WindowsLive:(cert):name=02tkxiccqyhxonsl;serviceuri=*,-,-,-,-,-,-,-,0,-,-,-,-,-,-,-,-,-,-,-,-,-,-,-,-,-,-,5379,Audit Success,0x3e7,-,Info,776,"8,064",{54849625-5478-4994-a5ba-3e3b0328c30d},Microsoft-Windows-Security-Auditing,2286,User Account Management,-,-,-,-,-,,,,,,,,,,,,,,,,,,,,,,,,,,,,,,,,,,,,,,,,,,,,,,,,,,,,,,,,,
921,"Oct 25, 2022 @ 04:21:01.350",DESKTOP-32EH6N8,User Account Management,5379,security,success,Microsoft-Windows-Security-Auditing,-,-,-,-,-,x86_64,DESKTOP-32EH6N8,45429efd-c10a-4299-8a01-8a10b0cbf1b8,"fe80::7959:555c:b4f7:82d3, 192.168.170.20, fe80::f415:e770:257d:42d7, 169.254.66.215","00:0c:29:6e:f6:d9, f8:89:d2:da:70:74",DESKTOP-32EH6N8,19044.1288,windows,10.0.19041.1288 (WinBuild.160101.0800),Windows 10 Pro,Windows 10 Pro,windows,windows,10.0,information,"Credential Manager credentials were read.

Subject:
	Security ID:		S-1-5-18
	Account Name:		DESKTOP-32EH6N8$
	Account Domain:		WORKGROUP
	Logon ID:		0x3E7
	Read Operation:		Enumerate Credentials

This event occurs when a user performs a read operation on stored credentials in Credential Manager.",-,-,-,-,-,-,-,-,-,-,-,-,-,-,-,-,-,-,-,-,-,-,-,-,-,-,-,-,-,-,-,-,-,-,-,{96d05236-e7e2-0002-7b52-d096e2e7d801},wineventlog,Security,DESKTOP-32EH6N8,-,-,-,-,-,-,8112,0,-,-,-,-,-,-,-,-,-,-,-,-,-,-,-,-,-,-,2022-10-24T20:58:17.0878638Z,-,%%8100,-,3221226021,WORKGROUP,0x3e7,DESKTOP-32EH6N8$,S-1-5-18,-,-,-,-,-,-,MicrosoftAccount:user=02tkxiccqyhxonsl,-,-,-,-,-,-,-,0,-,-,-,-,-,-,-,-,-,-,-,-,-,-,-,-,-,-,5379,Audit Success,0x3e7,-,Info,776,"8,064",{54849625-5478-4994-a5ba-3e3b0328c30d},Microsoft-Windows-Security-Auditing,2284,User Account Management,-,-,-,-,-,,,,,,,,,,,,,,,,,,,,,,,,,,,,,,,,,,,,,,,,,,,,,,,,,,,,,,,,,
