769,"Oct 25, 2022 @ 04:23:04.396",DESKTOP-32EH6N8,Windows Update Agent,43,-,-,Microsoft-Windows-WindowsUpdateClient,-,-,-,-,-,x86_64,DESKTOP-32EH6N8,45429efd-c10a-4299-8a01-8a10b0cbf1b8,"fe80::7959:555c:b4f7:82d3, 192.168.170.20, fe80::f415:e770:257d:42d7, 169.254.66.215","00:0c:29:6e:f6:d9, f8:89:d2:da:70:74",DESKTOP-32EH6N8,19044.1288,windows,10.0.19041.1288 (WinBuild.160101.0800),Windows 10 Pro,Windows 10 Pro,windows,windows,10.0,information,Installation Started: Windows has started installing the following update: 9PG2DK419DRG-Microsoft.WebpImageExtension,-,-,-,-,-,-,-,-,-,-,-,-,-,-,-,-,-,-,-,-,-,-,-,-,-,-,-,-,-,-,-,-,-,-,-,-,wineventlog,System,DESKTOP-32EH6N8,-,-,-,-,-,-,-,-,-,-,-,-,-,-,-,-,-,-,-,-,-,-,-,-,-,-,-,-,-,-,-,-,-,-,-,-,-,-,-,-,-,-,-,-,-,-,-,-,-,-,-,-,-,-,-,-,-,-,-,-,-,-,-,-,-,{e1f049c8-c46b-4beb-90a5-59c1148593e4},1,9PG2DK419DRG-Microsoft.WebpImageExtension,43,"Installation, Started",-,-,Installation,"2,828","4,596",{945a8954-c147-4acd-923f-40c45405a658},Microsoft-Windows-WindowsUpdateClient,744,Windows Update Agent,NT AUTHORITY,S-1-5-18,SYSTEM,User,1,,,,,,,,,,,,,,,,,,,,,,,,,,,,,,,,,,,,,,,,,,,,,,,,,,,,,,,,,
770,"Oct 25, 2022 @ 04:23:03.993",DESKTOP-32EH6N8,Windows Update Agent,44,-,-,Microsoft-Windows-WindowsUpdateClient,-,-,-,-,-,x86_64,DESKTOP-32EH6N8,45429efd-c10a-4299-8a01-8a10b0cbf1b8,"fe80::7959:555c:b4f7:82d3, 192.168.170.20, fe80::f415:e770:257d:42d7, 169.254.66.215","00:0c:29:6e:f6:d9, f8:89:d2:da:70:74",DESKTOP-32EH6N8,19044.1288,windows,10.0.19041.1288 (WinBuild.160101.0800),Windows 10 Pro,Windows 10 Pro,windows,windows,10.0,information,Windows Update started downloading an update.,-,-,-,-,-,-,-,-,-,-,-,-,-,-,-,-,-,-,-,-,-,-,-,-,-,-,-,-,-,-,-,-,-,-,-,-,wineventlog,System,DESKTOP-32EH6N8,-,-,-,-,-,-,-,-,-,-,-,-,-,-,-,-,-,-,-,-,-,-,-,-,-,-,-,-,-,-,-,-,-,-,-,-,-,-,-,-,-,-,-,-,-,-,-,-,-,-,-,-,-,-,-,-,-,-,-,-,-,-,-,-,-,{89d67c93-0628-4aa9-a651-85f294d8c0b4},1,9PB1PFTHHM15-Microsoft.UI.Xaml.2.4,44,"Download, Started",-,-,Download,"2,828","9,552",{945a8954-c147-4acd-923f-40c45405a658},Microsoft-Windows-WindowsUpdateClient,742,Windows Update Agent,NT AUTHORITY,S-1-5-18,SYSTEM,User,1,,,,,,,,,,,,,,,,,,,,,,,,,,,,,,,,,,,,,,,,,,,,,,,,,,,,,,,,,
771,"Oct 25, 2022 @ 04:23:03.993",DESKTOP-32EH6N8,Windows Update Agent,44,-,-,Microsoft-Windows-WindowsUpdateClient,-,-,-,-,-,x86_64,DESKTOP-32EH6N8,45429efd-c10a-4299-8a01-8a10b0cbf1b8,"fe80::7959:555c:b4f7:82d3, 192.168.170.20, fe80::f415:e770:257d:42d7, 169.254.66.215","00:0c:29:6e:f6:d9, f8:89:d2:da:70:74",DESKTOP-32EH6N8,19044.1288,windows,10.0.19041.1288 (WinBuild.160101.0800),Windows 10 Pro,Windows 10 Pro,windows,windows,10.0,information,Windows Update started downloading an update.,-,-,-,-,-,-,-,-,-,-,-,-,-,-,-,-,-,-,-,-,-,-,-,-,-,-,-,-,-,-,-,-,-,-,-,-,wineventlog,System,DESKTOP-32EH6N8,-,-,-,-,-,-,-,-,-,-,-,-,-,-,-,-,-,-,-,-,-,-,-,-,-,-,-,-,-,-,-,-,-,-,-,-,-,-,-,-,-,-,-,-,-,-,-,-,-,-,-,-,-,-,-,-,-,-,-,-,-,-,-,-,-,{6f84e08f-e2c0-417a-926a-e23dace58b7b},1,9P5VK8KZB5QZ-Microsoft.UI.Xaml.2.7,44,"Download, Started",-,-,Download,"2,828","9,552",{945a8954-c147-4acd-923f-40c45405a658},Microsoft-Windows-WindowsUpdateClient,743,Windows Update Agent,NT AUTHORITY,S-1-5-18,SYSTEM,User,1,,,,,,,,,,,,,,,,,,,,,,,,,,,,,,,,,,,,,,,,,,,,,,,,,,,,,,,,,
772,"Oct 25, 2022 @ 04:23:02.381",DESKTOP-32EH6N8,Windows Update Agent,44,-,-,Microsoft-Windows-WindowsUpdateClient,-,-,-,-,-,x86_64,DESKTOP-32EH6N8,45429efd-c10a-4299-8a01-8a10b0cbf1b8,"fe80::7959:555c:b4f7:82d3, 192.168.170.20, fe80::f415:e770:257d:42d7, 169.254.66.215","00:0c:29:6e:f6:d9, f8:89:d2:da:70:74",DESKTOP-32EH6N8,19044.1288,windows,10.0.19041.1288 (WinBuild.160101.0800),Windows 10 Pro,Windows 10 Pro,windows,windows,10.0,information,Windows Update started downloading an update.,-,-,-,-,-,-,-,-,-,-,-,-,-,-,-,-,-,-,-,-,-,-,-,-,-,-,-,-,-,-,-,-,-,-,-,-,wineventlog,System,DESKTOP-32EH6N8,-,-,-,-,-,-,-,-,-,-,-,-,-,-,-,-,-,-,-,-,-,-,-,-,-,-,-,-,-,-,-,-,-,-,-,-,-,-,-,-,-,-,-,-,-,-,-,-,-,-,-,-,-,-,-,-,-,-,-,-,-,-,-,-,-,{b34f488c-7eb5-489e-8d93-a30096b87664},1,9NBLGGH4RV3K-Microsoft.VCLibs.140.00.UWPDesktop,44,"Download, Started",-,-,Download,"2,828","9,552",{945a8954-c147-4acd-923f-40c45405a658},Microsoft-Windows-WindowsUpdateClient,740,Windows Update Agent,NT AUTHORITY,S-1-5-18,SYSTEM,User,1,,,,,,,,,,,,,,,,,,,,,,,,,,,,,,,,,,,,,,,,,,,,,,,,,,,,,,,,,
773,"Oct 25, 2022 @ 04:23:02.381",DESKTOP-32EH6N8,Windows Update Agent,44,-,-,Microsoft-Windows-WindowsUpdateClient,-,-,-,-,-,x86_64,DESKTOP-32EH6N8,45429efd-c10a-4299-8a01-8a10b0cbf1b8,"fe80::7959:555c:b4f7:82d3, 192.168.170.20, fe80::f415:e770:257d:42d7, 169.254.66.215","00:0c:29:6e:f6:d9, f8:89:d2:da:70:74",DESKTOP-32EH6N8,19044.1288,windows,10.0.19041.1288 (WinBuild.160101.0800),Windows 10 Pro,Windows 10 Pro,windows,windows,10.0,information,Windows Update started downloading an update.,-,-,-,-,-,-,-,-,-,-,-,-,-,-,-,-,-,-,-,-,-,-,-,-,-,-,-,-,-,-,-,-,-,-,-,-,wineventlog,System,DESKTOP-32EH6N8,-,-,-,-,-,-,-,-,-,-,-,-,-,-,-,-,-,-,-,-,-,-,-,-,-,-,-,-,-,-,-,-,-,-,-,-,-,-,-,-,-,-,-,-,-,-,-,-,-,-,-,-,-,-,-,-,-,-,-,-,-,-,-,-,-,{89d67c93-0628-4aa9-a651-85f294d8c0b4},1,9PB1PFTHHM15-Microsoft.UI.Xaml.2.4,44,"Download, Started",-,-,Download,"2,828","9,552",{945a8954-c147-4acd-923f-40c45405a658},Microsoft-Windows-WindowsUpdateClient,741,Windows Update Agent,NT AUTHORITY,S-1-5-18,SYSTEM,User,1,,,,,,,,,,,,,,,,,,,,,,,,,,,,,,,,,,,,,,,,,,,,,,,,,,,,,,,,,
774,"Oct 25, 2022 @ 04:23:00.286",DESKTOP-32EH6N8,Windows Update Agent,19,-,-,Microsoft-Windows-WindowsUpdateClient,-,-,-,-,-,x86_64,DESKTOP-32EH6N8,45429efd-c10a-4299-8a01-8a10b0cbf1b8,"fe80::7959:555c:b4f7:82d3, 192.168.170.20, fe80::f415:e770:257d:42d7, 169.254.66.215","00:0c:29:6e:f6:d9, f8:89:d2:da:70:74",DESKTOP-32EH6N8,19044.1288,windows,10.0.19041.1288 (WinBuild.160101.0800),Windows 10 Pro,Windows 10 Pro,windows,windows,10.0,information,Installation Successful: Windows successfully installed the following update: 9PMMSR1CGPWG-Microsoft.HEIFImageExtension,-,-,-,-,-,-,-,-,-,-,-,-,-,-,-,-,-,-,-,-,-,-,-,-,-,-,-,-,-,-,-,-,-,-,-,{96d05236-e7e2-0000-ee8a-d096e2e7d801},wineventlog,System,DESKTOP-32EH6N8,-,-,-,-,-,-,-,-,-,-,-,-,-,-,-,-,-,-,-,-,-,-,-,-,-,-,-,-,-,-,-,-,-,-,-,-,-,-,-,-,-,-,-,-,-,-,-,-,-,-,-,-,-,-,-,-,-,-,-,-,-,-,-,-,{855e8a7c-ecb4-4ca3-b045-1dfa50104289},{156b1999-29d4-4fc1-8008-71d550ac4c41},1,9PMMSR1CGPWG-Microsoft.HEIFImageExtension,19,"Installation, Success",-,-,Installation,"2,828","9,548",{945a8954-c147-4acd-923f-40c45405a658},Microsoft-Windows-WindowsUpdateClient,739,Windows Update Agent,NT AUTHORITY,S-1-5-18,SYSTEM,User,1,,,,,,,,,,,,,,,,,,,,,,,,,,,,,,,,,,,,,,,,,,,,,,,,,,,,,,,,,
775,"Oct 25, 2022 @ 04:23:00.137",DESKTOP-32EH6N8,None,16,-,-,Microsoft-Windows-Kernel-General,-,-,-,-,-,x86_64,DESKTOP-32EH6N8,45429efd-c10a-4299-8a01-8a10b0cbf1b8,"fe80::7959:555c:b4f7:82d3, 192.168.170.20, fe80::f415:e770:257d:42d7, 169.254.66.215","00:0c:29:6e:f6:d9, f8:89:d2:da:70:74",DESKTOP-32EH6N8,19044.1288,windows,10.0.19041.1288 (WinBuild.160101.0800),Windows 10 Pro,Windows 10 Pro,windows,windows,10.0,information,The access history in hive \??\C:\Users\zhongli\AppData\Local\Packages\Microsoft.HEIFImageExtension_8wekyb3d8bbwe\Settings\settings.dat was cleared updating 3 keys and creating 1 modified pages.,-,-,-,-,-,-,-,-,-,-,-,-,-,-,-,-,-,-,-,-,-,-,-,-,-,-,-,-,-,-,-,-,-,-,-,-,wineventlog,System,DESKTOP-32EH6N8,-,-,-,-,-,-,-,-,1,-,\??\C:\Users\zhongli\AppData\Local\Packages\Microsoft.HEIFImageExtension_8wekyb3d8bbwe\Settings\settings.dat,108,-,-,-,-,-,-,-,3,-,-,-,-,-,-,-,-,-,-,-,-,-,-,-,-,-,-,-,-,-,-,-,-,-,-,-,-,-,-,-,-,-,-,-,-,-,-,-,-,-,-,-,-,-,-,-,-,16,-,-,-,Info,"7,516","10,024",{a68ca8b7-004f-d7b6-a698-07e2de0f1f5d},Microsoft-Windows-Kernel-General,738,None,DESKTOP-32EH6N8,S-1-5-21-1431998111-292960839-2456834407-1001,zhongli,User,-,,,,,,,,,,,,,,,,,,,,,,,,,,,,,,,,,,,,,,,,,,,,,,,,,,,,,,,,,
776,"Oct 25, 2022 @ 04:23:00.068",DESKTOP-32EH6N8,Windows Update Agent,43,-,-,Microsoft-Windows-WindowsUpdateClient,-,-,-,-,-,x86_64,DESKTOP-32EH6N8,45429efd-c10a-4299-8a01-8a10b0cbf1b8,"fe80::7959:555c:b4f7:82d3, 192.168.170.20, fe80::f415:e770:257d:42d7, 169.254.66.215","00:0c:29:6e:f6:d9, f8:89:d2:da:70:74",DESKTOP-32EH6N8,19044.1288,windows,10.0.19041.1288 (WinBuild.160101.0800),Windows 10 Pro,Windows 10 Pro,windows,windows,10.0,information,Installation Started: Windows has started installing the following update: 9PMMSR1CGPWG-Microsoft.HEIFImageExtension,-,-,-,-,-,-,-,-,-,-,-,-,-,-,-,-,-,-,-,-,-,-,-,-,-,-,-,-,-,-,-,-,-,-,-,-,wineventlog,System,DESKTOP-32EH6N8,-,-,-,-,-,-,-,-,-,-,-,-,-,-,-,-,-,-,-,-,-,-,-,-,-,-,-,-,-,-,-,-,-,-,-,-,-,-,-,-,-,-,-,-,-,-,-,-,-,-,-,-,-,-,-,-,-,-,-,-,-,-,-,-,-,{156b1999-29d4-4fc1-8008-71d550ac4c41},1,9PMMSR1CGPWG-Microsoft.HEIFImageExtension,43,"Installation, Started",-,-,Installation,"2,828","9,548",{945a8954-c147-4acd-923f-40c45405a658},Microsoft-Windows-WindowsUpdateClient,737,Windows Update Agent,NT AUTHORITY,S-1-5-18,SYSTEM,User,1,,,,,,,,,,,,,,,,,,,,,,,,,,,,,,,,,,,,,,,,,,,,,,,,,,,,,,,,,
777,"Oct 25, 2022 @ 04:22:59.922",DESKTOP-32EH6N8,Windows Update Agent,19,-,-,Microsoft-Windows-WindowsUpdateClient,-,-,-,-,-,x86_64,DESKTOP-32EH6N8,45429efd-c10a-4299-8a01-8a10b0cbf1b8,"fe80::7959:555c:b4f7:82d3, 192.168.170.20, fe80::f415:e770:257d:42d7, 169.254.66.215","00:0c:29:6e:f6:d9, f8:89:d2:da:70:74",DESKTOP-32EH6N8,19044.1288,windows,10.0.19041.1288 (WinBuild.160101.0800),Windows 10 Pro,Windows 10 Pro,windows,windows,10.0,information,Installation Successful: Windows successfully installed the following update: 9WZDNCRD29V9-MICROSOFT.MICROSOFTOFFICEHUB,-,-,-,-,-,-,-,-,-,-,-,-,-,-,-,-,-,-,-,-,-,-,-,-,-,-,-,-,-,-,-,-,-,-,-,{96d05236-e7e2-0004-9d5f-d096e2e7d801},wineventlog,System,DESKTOP-32EH6N8,-,-,-,-,-,-,-,-,-,-,-,-,-,-,-,-,-,-,-,-,-,-,-,-,-,-,-,-,-,-,-,-,-,-,-,-,-,-,-,-,-,-,-,-,-,-,-,-,-,-,-,-,-,-,-,-,-,-,-,-,-,-,-,-,{855e8a7c-ecb4-4ca3-b045-1dfa50104289},{8799a3c8-84dd-4a8d-aa29-b39b7b59400c},1,9WZDNCRD29V9-MICROSOFT.MICROSOFTOFFICEHUB,19,"Installation, Success",-,-,Installation,"2,828",476,{945a8954-c147-4acd-923f-40c45405a658},Microsoft-Windows-WindowsUpdateClient,736,Windows Update Agent,NT AUTHORITY,S-1-5-18,SYSTEM,User,1,,,,,,,,,,,,,,,,,,,,,,,,,,,,,,,,,,,,,,,,,,,,,,,,,,,,,,,,,
778,"Oct 25, 2022 @ 04:22:59.229",DESKTOP-32EH6N8,Windows Update Agent,43,-,-,Microsoft-Windows-WindowsUpdateClient,-,-,-,-,-,x86_64,DESKTOP-32EH6N8,45429efd-c10a-4299-8a01-8a10b0cbf1b8,"fe80::7959:555c:b4f7:82d3, 192.168.170.20, fe80::f415:e770:257d:42d7, 169.254.66.215","00:0c:29:6e:f6:d9, f8:89:d2:da:70:74",DESKTOP-32EH6N8,19044.1288,windows,10.0.19041.1288 (WinBuild.160101.0800),Windows 10 Pro,Windows 10 Pro,windows,windows,10.0,information,Installation Started: Windows has started installing the following update: 9WZDNCRD29V9-MICROSOFT.MICROSOFTOFFICEHUB,-,-,-,-,-,-,-,-,-,-,-,-,-,-,-,-,-,-,-,-,-,-,-,-,-,-,-,-,-,-,-,-,-,-,-,{96d05236-e7e2-0001-df6c-d096e2e7d801},wineventlog,System,DESKTOP-32EH6N8,-,-,-,-,-,-,-,-,-,-,-,-,-,-,-,-,-,-,-,-,-,-,-,-,-,-,-,-,-,-,-,-,-,-,-,-,-,-,-,-,-,-,-,-,-,-,-,-,-,-,-,-,-,-,-,-,-,-,-,-,-,-,-,-,-,{8799a3c8-84dd-4a8d-aa29-b39b7b59400c},1,9WZDNCRD29V9-MICROSOFT.MICROSOFTOFFICEHUB,43,"Installation, Started",-,-,Installation,"2,828",476,{945a8954-c147-4acd-923f-40c45405a658},Microsoft-Windows-WindowsUpdateClient,735,Windows Update Agent,NT AUTHORITY,S-1-5-18,SYSTEM,User,1,,,,,,,,,,,,,,,,,,,,,,,,,,,,,,,,,,,,,,,,,,,,,,,,,,,,,,,,,
779,"Oct 25, 2022 @ 04:22:59.200",DESKTOP-32EH6N8,Windows Update Agent,19,-,-,Microsoft-Windows-WindowsUpdateClient,-,-,-,-,-,x86_64,DESKTOP-32EH6N8,45429efd-c10a-4299-8a01-8a10b0cbf1b8,"fe80::7959:555c:b4f7:82d3, 192.168.170.20, fe80::f415:e770:257d:42d7, 169.254.66.215","00:0c:29:6e:f6:d9, f8:89:d2:da:70:74",DESKTOP-32EH6N8,19044.1288,windows,10.0.19041.1288 (WinBuild.160101.0800),Windows 10 Pro,Windows 10 Pro,windows,windows,10.0,information,Installation Successful: Windows successfully installed the following update: 9NBLGGH4RV3K-Microsoft.VCLibs.140.00.UWPDesktop,-,-,-,-,-,-,-,-,-,-,-,-,-,-,-,-,-,-,-,-,-,-,-,-,-,-,-,-,-,-,-,-,-,-,-,{96d05236-e7e2-0001-df6c-d096e2e7d801},wineventlog,System,DESKTOP-32EH6N8,-,-,-,-,-,-,-,-,-,-,-,-,-,-,-,-,-,-,-,-,-,-,-,-,-,-,-,-,-,-,-,-,-,-,-,-,-,-,-,-,-,-,-,-,-,-,-,-,-,-,-,-,-,-,-,-,-,-,-,-,-,-,-,-,{855e8a7c-ecb4-4ca3-b045-1dfa50104289},{b34f488c-7eb5-489e-8d93-a30096b87664},1,9NBLGGH4RV3K-Microsoft.VCLibs.140.00.UWPDesktop,19,"Installation, Success",-,-,Installation,"2,828",476,{945a8954-c147-4acd-923f-40c45405a658},Microsoft-Windows-WindowsUpdateClient,734,Windows Update Agent,NT AUTHORITY,S-1-5-18,SYSTEM,User,1,,,,,,,,,,,,,,,,,,,,,,,,,,,,,,,,,,,,,,,,,,,,,,,,,,,,,,,,,
780,"Oct 25, 2022 @ 04:22:58.798",DESKTOP-32EH6N8,Windows Update Agent,44,-,-,Microsoft-Windows-WindowsUpdateClient,-,-,-,-,-,x86_64,DESKTOP-32EH6N8,45429efd-c10a-4299-8a01-8a10b0cbf1b8,"fe80::7959:555c:b4f7:82d3, 192.168.170.20, fe80::f415:e770:257d:42d7, 169.254.66.215","00:0c:29:6e:f6:d9, f8:89:d2:da:70:74",DESKTOP-32EH6N8,19044.1288,windows,10.0.19041.1288 (WinBuild.160101.0800),Windows 10 Pro,Windows 10 Pro,windows,windows,10.0,information,Windows Update started downloading an update.,-,-,-,-,-,-,-,-,-,-,-,-,-,-,-,-,-,-,-,-,-,-,-,-,-,-,-,-,-,-,-,-,-,-,-,-,wineventlog,System,DESKTOP-32EH6N8,-,-,-,-,-,-,-,-,-,-,-,-,-,-,-,-,-,-,-,-,-,-,-,-,-,-,-,-,-,-,-,-,-,-,-,-,-,-,-,-,-,-,-,-,-,-,-,-,-,-,-,-,-,-,-,-,-,-,-,-,-,-,-,-,-,{e1f049c8-c46b-4beb-90a5-59c1148593e4},1,9PG2DK419DRG-Microsoft.WebpImageExtension,44,"Download, Started",-,-,Download,"2,828",476,{945a8954-c147-4acd-923f-40c45405a658},Microsoft-Windows-WindowsUpdateClient,732,Windows Update Agent,NT AUTHORITY,S-1-5-18,SYSTEM,User,1,,,,,,,,,,,,,,,,,,,,,,,,,,,,,,,,,,,,,,,,,,,,,,,,,,,,,,,,,
781,"Oct 25, 2022 @ 04:22:58.798",DESKTOP-32EH6N8,Windows Update Agent,43,-,-,Microsoft-Windows-WindowsUpdateClient,-,-,-,-,-,x86_64,DESKTOP-32EH6N8,45429efd-c10a-4299-8a01-8a10b0cbf1b8,"fe80::7959:555c:b4f7:82d3, 192.168.170.20, fe80::f415:e770:257d:42d7, 169.254.66.215","00:0c:29:6e:f6:d9, f8:89:d2:da:70:74",DESKTOP-32EH6N8,19044.1288,windows,10.0.19041.1288 (WinBuild.160101.0800),Windows 10 Pro,Windows 10 Pro,windows,windows,10.0,information,Installation Started: Windows has started installing the following update: 9NBLGGH4RV3K-Microsoft.VCLibs.140.00.UWPDesktop,-,-,-,-,-,-,-,-,-,-,-,-,-,-,-,-,-,-,-,-,-,-,-,-,-,-,-,-,-,-,-,-,-,-,-,-,wineventlog,System,DESKTOP-32EH6N8,-,-,-,-,-,-,-,-,-,-,-,-,-,-,-,-,-,-,-,-,-,-,-,-,-,-,-,-,-,-,-,-,-,-,-,-,-,-,-,-,-,-,-,-,-,-,-,-,-,-,-,-,-,-,-,-,-,-,-,-,-,-,-,-,-,{b34f488c-7eb5-489e-8d93-a30096b87664},1,9NBLGGH4RV3K-Microsoft.VCLibs.140.00.UWPDesktop,43,"Installation, Started",-,-,Installation,"2,828",476,{945a8954-c147-4acd-923f-40c45405a658},Microsoft-Windows-WindowsUpdateClient,733,Windows Update Agent,NT AUTHORITY,S-1-5-18,SYSTEM,User,1,,,,,,,,,,,,,,,,,,,,,,,,,,,,,,,,,,,,,,,,,,,,,,,,,,,,,,,,,
782,"Oct 25, 2022 @ 04:22:58.125",DESKTOP-32EH6N8,None,16,-,-,Microsoft-Windows-Kernel-General,-,-,-,-,-,x86_64,DESKTOP-32EH6N8,45429efd-c10a-4299-8a01-8a10b0cbf1b8,"fe80::7959:555c:b4f7:82d3, 192.168.170.20, fe80::f415:e770:257d:42d7, 169.254.66.215","00:0c:29:6e:f6:d9, f8:89:d2:da:70:74",DESKTOP-32EH6N8,19044.1288,windows,10.0.19041.1288 (WinBuild.160101.0800),Windows 10 Pro,Windows 10 Pro,windows,windows,10.0,information,The access history in hive \??\C:\ProgramData\Microsoft\Windows\AppRepository\Packages\Microsoft.MicrosoftOfficeHub_18.2209.1071.0_x64__8wekyb3d8bbwe\ActivationStore.dat was cleared updating 0 keys and creating 0 modified pages.,-,-,-,-,-,-,-,-,-,-,-,-,-,-,-,-,-,-,-,-,-,-,-,-,-,-,-,-,-,-,-,-,-,-,-,-,wineventlog,System,DESKTOP-32EH6N8,-,-,-,-,-,-,-,-,0,-,\??\C:\ProgramData\Microsoft\Windows\AppRepository\Packages\Microsoft.MicrosoftOfficeHub_18.2209.1071.0_x64__8wekyb3d8bbwe\ActivationStore.dat,142,-,-,-,-,-,-,-,0,-,-,-,-,-,-,-,-,-,-,-,-,-,-,-,-,-,-,-,-,-,-,-,-,-,-,-,-,-,-,-,-,-,-,-,-,-,-,-,-,-,-,-,-,-,-,-,-,16,-,-,-,Info,"7,516","10,024",{a68ca8b7-004f-d7b6-a698-07e2de0f1f5d},Microsoft-Windows-Kernel-General,731,None,NT AUTHORITY,S-1-5-18,SYSTEM,User,-,,,,,,,,,,,,,,,,,,,,,,,,,,,,,,,,,,,,,,,,,,,,,,,,,,,,,,,,,
783,"Oct 25, 2022 @ 04:22:55.624",DESKTOP-32EH6N8,Windows Update Agent,19,-,-,Microsoft-Windows-WindowsUpdateClient,-,-,-,-,-,x86_64,DESKTOP-32EH6N8,45429efd-c10a-4299-8a01-8a10b0cbf1b8,"fe80::7959:555c:b4f7:82d3, 192.168.170.20, fe80::f415:e770:257d:42d7, 169.254.66.215","00:0c:29:6e:f6:d9, f8:89:d2:da:70:74",DESKTOP-32EH6N8,19044.1288,windows,10.0.19041.1288 (WinBuild.160101.0800),Windows 10 Pro,Windows 10 Pro,windows,windows,10.0,information,Installation Successful: Windows successfully installed the following update: 9WZDNCRFHVN5-MICROSOFT.WINDOWSCALCULATOR,-,-,-,-,-,-,-,-,-,-,-,-,-,-,-,-,-,-,-,-,-,-,-,-,-,-,-,-,-,-,-,-,-,-,-,{96d05236-e7e2-0000-dd8a-d096e2e7d801},wineventlog,System,DESKTOP-32EH6N8,-,-,-,-,-,-,-,-,-,-,-,-,-,-,-,-,-,-,-,-,-,-,-,-,-,-,-,-,-,-,-,-,-,-,-,-,-,-,-,-,-,-,-,-,-,-,-,-,-,-,-,-,-,-,-,-,-,-,-,-,-,-,-,-,{855e8a7c-ecb4-4ca3-b045-1dfa50104289},{fffd4e59-cdcb-4aa3-a006-3a74176eb66b},1,9WZDNCRFHVN5-MICROSOFT.WINDOWSCALCULATOR,19,"Installation, Success",-,-,Installation,"2,828","4,936",{945a8954-c147-4acd-923f-40c45405a658},Microsoft-Windows-WindowsUpdateClient,730,Windows Update Agent,NT AUTHORITY,S-1-5-18,SYSTEM,User,1,,,,,,,,,,,,,,,,,,,,,,,,,,,,,,,,,,,,,,,,,,,,,,,,,,,,,,,,,
784,"Oct 25, 2022 @ 04:22:55.078",DESKTOP-32EH6N8,None,16,-,-,Microsoft-Windows-Kernel-General,-,-,-,-,-,x86_64,DESKTOP-32EH6N8,45429efd-c10a-4299-8a01-8a10b0cbf1b8,"fe80::7959:555c:b4f7:82d3, 192.168.170.20, fe80::f415:e770:257d:42d7, 169.254.66.215","00:0c:29:6e:f6:d9, f8:89:d2:da:70:74",DESKTOP-32EH6N8,19044.1288,windows,10.0.19041.1288 (WinBuild.160101.0800),Windows 10 Pro,Windows 10 Pro,windows,windows,10.0,information,The access history in hive \??\C:\Users\zhongli\AppData\Local\Packages\Microsoft.WindowsCalculator_8wekyb3d8bbwe\Settings\settings.dat was cleared updating 3 keys and creating 1 modified pages.,-,-,-,-,-,-,-,-,-,-,-,-,-,-,-,-,-,-,-,-,-,-,-,-,-,-,-,-,-,-,-,-,-,-,-,-,wineventlog,System,DESKTOP-32EH6N8,-,-,-,-,-,-,-,-,1,-,\??\C:\Users\zhongli\AppData\Local\Packages\Microsoft.WindowsCalculator_8wekyb3d8bbwe\Settings\settings.dat,107,-,-,-,-,-,-,-,3,-,-,-,-,-,-,-,-,-,-,-,-,-,-,-,-,-,-,-,-,-,-,-,-,-,-,-,-,-,-,-,-,-,-,-,-,-,-,-,-,-,-,-,-,-,-,-,-,16,-,-,-,Info,"7,516","10,232",{a68ca8b7-004f-d7b6-a698-07e2de0f1f5d},Microsoft-Windows-Kernel-General,729,None,DESKTOP-32EH6N8,S-1-5-21-1431998111-292960839-2456834407-1001,zhongli,User,-,,,,,,,,,,,,,,,,,,,,,,,,,,,,,,,,,,,,,,,,,,,,,,,,,,,,,,,,,
785,"Oct 25, 2022 @ 04:22:54.920",DESKTOP-32EH6N8,Windows Update Agent,43,-,-,Microsoft-Windows-WindowsUpdateClient,-,-,-,-,-,x86_64,DESKTOP-32EH6N8,45429efd-c10a-4299-8a01-8a10b0cbf1b8,"fe80::7959:555c:b4f7:82d3, 192.168.170.20, fe80::f415:e770:257d:42d7, 169.254.66.215","00:0c:29:6e:f6:d9, f8:89:d2:da:70:74",DESKTOP-32EH6N8,19044.1288,windows,10.0.19041.1288 (WinBuild.160101.0800),Windows 10 Pro,Windows 10 Pro,windows,windows,10.0,information,Installation Started: Windows has started installing the following update: 9WZDNCRFHVN5-MICROSOFT.WINDOWSCALCULATOR,-,-,-,-,-,-,-,-,-,-,-,-,-,-,-,-,-,-,-,-,-,-,-,-,-,-,-,-,-,-,-,-,-,-,-,{96d05236-e7e2-0006-145d-d096e2e7d801},wineventlog,System,DESKTOP-32EH6N8,-,-,-,-,-,-,-,-,-,-,-,-,-,-,-,-,-,-,-,-,-,-,-,-,-,-,-,-,-,-,-,-,-,-,-,-,-,-,-,-,-,-,-,-,-,-,-,-,-,-,-,-,-,-,-,-,-,-,-,-,-,-,-,-,-,{fffd4e59-cdcb-4aa3-a006-3a74176eb66b},1,9WZDNCRFHVN5-MICROSOFT.WINDOWSCALCULATOR,43,"Installation, Started",-,-,Installation,"2,828","4,936",{945a8954-c147-4acd-923f-40c45405a658},Microsoft-Windows-WindowsUpdateClient,728,Windows Update Agent,NT AUTHORITY,S-1-5-18,SYSTEM,User,1,,,,,,,,,,,,,,,,,,,,,,,,,,,,,,,,,,,,,,,,,,,,,,,,,,,,,,,,,
786,"Oct 25, 2022 @ 04:22:54.904",DESKTOP-32EH6N8,Windows Update Agent,44,-,-,Microsoft-Windows-WindowsUpdateClient,-,-,-,-,-,x86_64,DESKTOP-32EH6N8,45429efd-c10a-4299-8a01-8a10b0cbf1b8,"fe80::7959:555c:b4f7:82d3, 192.168.170.20, fe80::f415:e770:257d:42d7, 169.254.66.215","00:0c:29:6e:f6:d9, f8:89:d2:da:70:74",DESKTOP-32EH6N8,19044.1288,windows,10.0.19041.1288 (WinBuild.160101.0800),Windows 10 Pro,Windows 10 Pro,windows,windows,10.0,information,Windows Update started downloading an update.,-,-,-,-,-,-,-,-,-,-,-,-,-,-,-,-,-,-,-,-,-,-,-,-,-,-,-,-,-,-,-,-,-,-,-,{96d05236-e7e2-0006-145d-d096e2e7d801},wineventlog,System,DESKTOP-32EH6N8,-,-,-,-,-,-,-,-,-,-,-,-,-,-,-,-,-,-,-,-,-,-,-,-,-,-,-,-,-,-,-,-,-,-,-,-,-,-,-,-,-,-,-,-,-,-,-,-,-,-,-,-,-,-,-,-,-,-,-,-,-,-,-,-,-,{156b1999-29d4-4fc1-8008-71d550ac4c41},1,9PMMSR1CGPWG-Microsoft.HEIFImageExtension,44,"Download, Started",-,-,Download,"2,828","4,936",{945a8954-c147-4acd-923f-40c45405a658},Microsoft-Windows-WindowsUpdateClient,726,Windows Update Agent,NT AUTHORITY,S-1-5-18,SYSTEM,User,1,,,,,,,,,,,,,,,,,,,,,,,,,,,,,,,,,,,,,,,,,,,,,,,,,,,,,,,,,
787,"Oct 25, 2022 @ 04:22:54.904",DESKTOP-32EH6N8,Windows Update Agent,19,-,-,Microsoft-Windows-WindowsUpdateClient,-,-,-,-,-,x86_64,DESKTOP-32EH6N8,45429efd-c10a-4299-8a01-8a10b0cbf1b8,"fe80::7959:555c:b4f7:82d3, 192.168.170.20, fe80::f415:e770:257d:42d7, 169.254.66.215","00:0c:29:6e:f6:d9, f8:89:d2:da:70:74",DESKTOP-32EH6N8,19044.1288,windows,10.0.19041.1288 (WinBuild.160101.0800),Windows 10 Pro,Windows 10 Pro,windows,windows,10.0,information,Installation Successful: Windows successfully installed the following update: 9NBLGGH3FRZM-Microsoft.VCLibs.140.00,-,-,-,-,-,-,-,-,-,-,-,-,-,-,-,-,-,-,-,-,-,-,-,-,-,-,-,-,-,-,-,-,-,-,-,{96d05236-e7e2-0006-145d-d096e2e7d801},wineventlog,System,DESKTOP-32EH6N8,-,-,-,-,-,-,-,-,-,-,-,-,-,-,-,-,-,-,-,-,-,-,-,-,-,-,-,-,-,-,-,-,-,-,-,-,-,-,-,-,-,-,-,-,-,-,-,-,-,-,-,-,-,-,-,-,-,-,-,-,-,-,-,-,{855e8a7c-ecb4-4ca3-b045-1dfa50104289},{d82f41c1-893a-4a90-ac94-8f83da52a274},1,9NBLGGH3FRZM-Microsoft.VCLibs.140.00,19,"Installation, Success",-,-,Installation,"2,828","4,936",{945a8954-c147-4acd-923f-40c45405a658},Microsoft-Windows-WindowsUpdateClient,727,Windows Update Agent,NT AUTHORITY,S-1-5-18,SYSTEM,User,1,,,,,,,,,,,,,,,,,,,,,,,,,,,,,,,,,,,,,,,,,,,,,,,,,,,,,,,,,
788,"Oct 25, 2022 @ 04:22:54.078",DESKTOP-32EH6N8,Windows Update Agent,43,-,-,Microsoft-Windows-WindowsUpdateClient,-,-,-,-,-,x86_64,DESKTOP-32EH6N8,45429efd-c10a-4299-8a01-8a10b0cbf1b8,"fe80::7959:555c:b4f7:82d3, 192.168.170.20, fe80::f415:e770:257d:42d7, 169.254.66.215","00:0c:29:6e:f6:d9, f8:89:d2:da:70:74",DESKTOP-32EH6N8,19044.1288,windows,10.0.19041.1288 (WinBuild.160101.0800),Windows 10 Pro,Windows 10 Pro,windows,windows,10.0,information,Installation Started: Windows has started installing the following update: 9NBLGGH3FRZM-Microsoft.VCLibs.140.00,-,-,-,-,-,-,-,-,-,-,-,-,-,-,-,-,-,-,-,-,-,-,-,-,-,-,-,-,-,-,-,-,-,-,-,{96d05236-e7e2-0000-c98a-d096e2e7d801},wineventlog,System,DESKTOP-32EH6N8,-,-,-,-,-,-,-,-,-,-,-,-,-,-,-,-,-,-,-,-,-,-,-,-,-,-,-,-,-,-,-,-,-,-,-,-,-,-,-,-,-,-,-,-,-,-,-,-,-,-,-,-,-,-,-,-,-,-,-,-,-,-,-,-,-,{d82f41c1-893a-4a90-ac94-8f83da52a274},1,9NBLGGH3FRZM-Microsoft.VCLibs.140.00,43,"Installation, Started",-,-,Installation,"2,828","4,936",{945a8954-c147-4acd-923f-40c45405a658},Microsoft-Windows-WindowsUpdateClient,725,Windows Update Agent,NT AUTHORITY,S-1-5-18,SYSTEM,User,1,,,,,,,,,,,,,,,,,,,,,,,,,,,,,,,,,,,,,,,,,,,,,,,,,,,,,,,,,
789,"Oct 25, 2022 @ 04:22:54.060",DESKTOP-32EH6N8,Windows Update Agent,19,-,-,Microsoft-Windows-WindowsUpdateClient,-,-,-,-,-,x86_64,DESKTOP-32EH6N8,45429efd-c10a-4299-8a01-8a10b0cbf1b8,"fe80::7959:555c:b4f7:82d3, 192.168.170.20, fe80::f415:e770:257d:42d7, 169.254.66.215","00:0c:29:6e:f6:d9, f8:89:d2:da:70:74",DESKTOP-32EH6N8,19044.1288,windows,10.0.19041.1288 (WinBuild.160101.0800),Windows 10 Pro,Windows 10 Pro,windows,windows,10.0,information,Installation Successful: Windows successfully installed the following update: 9PB1PFTHHM15-Microsoft.UI.Xaml.2.4,-,-,-,-,-,-,-,-,-,-,-,-,-,-,-,-,-,-,-,-,-,-,-,-,-,-,-,-,-,-,-,-,-,-,-,{96d05236-e7e2-0000-c98a-d096e2e7d801},wineventlog,System,DESKTOP-32EH6N8,-,-,-,-,-,-,-,-,-,-,-,-,-,-,-,-,-,-,-,-,-,-,-,-,-,-,-,-,-,-,-,-,-,-,-,-,-,-,-,-,-,-,-,-,-,-,-,-,-,-,-,-,-,-,-,-,-,-,-,-,-,-,-,-,{855e8a7c-ecb4-4ca3-b045-1dfa50104289},{89d67c93-0628-4aa9-a651-85f294d8c0b4},1,9PB1PFTHHM15-Microsoft.UI.Xaml.2.4,19,"Installation, Success",-,-,Installation,"2,828","4,936",{945a8954-c147-4acd-923f-40c45405a658},Microsoft-Windows-WindowsUpdateClient,724,Windows Update Agent,NT AUTHORITY,S-1-5-18,SYSTEM,User,1,,,,,,,,,,,,,,,,,,,,,,,,,,,,,,,,,,,,,,,,,,,,,,,,,,,,,,,,,
790,"Oct 25, 2022 @ 04:22:53.771",DESKTOP-32EH6N8,Windows Update Agent,43,-,-,Microsoft-Windows-WindowsUpdateClient,-,-,-,-,-,x86_64,DESKTOP-32EH6N8,45429efd-c10a-4299-8a01-8a10b0cbf1b8,"fe80::7959:555c:b4f7:82d3, 192.168.170.20, fe80::f415:e770:257d:42d7, 169.254.66.215","00:0c:29:6e:f6:d9, f8:89:d2:da:70:74",DESKTOP-32EH6N8,19044.1288,windows,10.0.19041.1288 (WinBuild.160101.0800),Windows 10 Pro,Windows 10 Pro,windows,windows,10.0,information,Installation Started: Windows has started installing the following update: 9PB1PFTHHM15-Microsoft.UI.Xaml.2.4,-,-,-,-,-,-,-,-,-,-,-,-,-,-,-,-,-,-,-,-,-,-,-,-,-,-,-,-,-,-,-,-,-,-,-,-,wineventlog,System,DESKTOP-32EH6N8,-,-,-,-,-,-,-,-,-,-,-,-,-,-,-,-,-,-,-,-,-,-,-,-,-,-,-,-,-,-,-,-,-,-,-,-,-,-,-,-,-,-,-,-,-,-,-,-,-,-,-,-,-,-,-,-,-,-,-,-,-,-,-,-,-,{89d67c93-0628-4aa9-a651-85f294d8c0b4},1,9PB1PFTHHM15-Microsoft.UI.Xaml.2.4,43,"Installation, Started",-,-,Installation,"2,828","4,936",{945a8954-c147-4acd-923f-40c45405a658},Microsoft-Windows-WindowsUpdateClient,723,Windows Update Agent,NT AUTHORITY,S-1-5-18,SYSTEM,User,1,,,,,,,,,,,,,,,,,,,,,,,,,,,,,,,,,,,,,,,,,,,,,,,,,,,,,,,,,
791,"Oct 25, 2022 @ 04:22:52.495",DESKTOP-32EH6N8,None,16,-,-,Microsoft-Windows-Kernel-General,-,-,-,-,-,x86_64,DESKTOP-32EH6N8,45429efd-c10a-4299-8a01-8a10b0cbf1b8,"fe80::7959:555c:b4f7:82d3, 192.168.170.20, fe80::f415:e770:257d:42d7, 169.254.66.215","00:0c:29:6e:f6:d9, f8:89:d2:da:70:74",DESKTOP-32EH6N8,19044.1288,windows,10.0.19041.1288 (WinBuild.160101.0800),Windows 10 Pro,Windows 10 Pro,windows,windows,10.0,information,The access history in hive \??\C:\ProgramData\Microsoft\Windows\AppRepository\Packages\Microsoft.WindowsCalculator_10.2103.8.0_x64__8wekyb3d8bbwe\ActivationStore.dat was cleared updating 0 keys and creating 0 modified pages.,-,-,-,-,-,-,-,-,-,-,-,-,-,-,-,-,-,-,-,-,-,-,-,-,-,-,-,-,-,-,-,-,-,-,-,-,wineventlog,System,DESKTOP-32EH6N8,-,-,-,-,-,-,-,-,0,-,\??\C:\ProgramData\Microsoft\Windows\AppRepository\Packages\Microsoft.WindowsCalculator_10.2103.8.0_x64__8wekyb3d8bbwe\ActivationStore.dat,138,-,-,-,-,-,-,-,0,-,-,-,-,-,-,-,-,-,-,-,-,-,-,-,-,-,-,-,-,-,-,-,-,-,-,-,-,-,-,-,-,-,-,-,-,-,-,-,-,-,-,-,-,-,-,-,-,16,-,-,-,Info,"7,516","10,232",{a68ca8b7-004f-d7b6-a698-07e2de0f1f5d},Microsoft-Windows-Kernel-General,722,None,NT AUTHORITY,S-1-5-18,SYSTEM,User,-,,,,,,,,,,,,,,,,,,,,,,,,,,,,,,,,,,,,,,,,,,,,,,,,,,,,,,,,,
792,"Oct 25, 2022 @ 04:22:52.187",DESKTOP-32EH6N8,Windows Update Agent,44,-,-,Microsoft-Windows-WindowsUpdateClient,-,-,-,-,-,x86_64,DESKTOP-32EH6N8,45429efd-c10a-4299-8a01-8a10b0cbf1b8,"fe80::7959:555c:b4f7:82d3, 192.168.170.20, fe80::f415:e770:257d:42d7, 169.254.66.215","00:0c:29:6e:f6:d9, f8:89:d2:da:70:74",DESKTOP-32EH6N8,19044.1288,windows,10.0.19041.1288 (WinBuild.160101.0800),Windows 10 Pro,Windows 10 Pro,windows,windows,10.0,information,Windows Update started downloading an update.,-,-,-,-,-,-,-,-,-,-,-,-,-,-,-,-,-,-,-,-,-,-,-,-,-,-,-,-,-,-,-,-,-,-,-,-,wineventlog,System,DESKTOP-32EH6N8,-,-,-,-,-,-,-,-,-,-,-,-,-,-,-,-,-,-,-,-,-,-,-,-,-,-,-,-,-,-,-,-,-,-,-,-,-,-,-,-,-,-,-,-,-,-,-,-,-,-,-,-,-,-,-,-,-,-,-,-,-,-,-,-,-,{fffd4e59-cdcb-4aa3-a006-3a74176eb66b},1,9WZDNCRFHVN5-MICROSOFT.WINDOWSCALCULATOR,44,"Download, Started",-,-,Download,"2,828","9,552",{945a8954-c147-4acd-923f-40c45405a658},Microsoft-Windows-WindowsUpdateClient,719,Windows Update Agent,NT AUTHORITY,S-1-5-18,SYSTEM,User,1,,,,,,,,,,,,,,,,,,,,,,,,,,,,,,,,,,,,,,,,,,,,,,,,,,,,,,,,,
793,"Oct 25, 2022 @ 04:22:52.187",DESKTOP-32EH6N8,Windows Update Agent,44,-,-,Microsoft-Windows-WindowsUpdateClient,-,-,-,-,-,x86_64,DESKTOP-32EH6N8,45429efd-c10a-4299-8a01-8a10b0cbf1b8,"fe80::7959:555c:b4f7:82d3, 192.168.170.20, fe80::f415:e770:257d:42d7, 169.254.66.215","00:0c:29:6e:f6:d9, f8:89:d2:da:70:74",DESKTOP-32EH6N8,19044.1288,windows,10.0.19041.1288 (WinBuild.160101.0800),Windows 10 Pro,Windows 10 Pro,windows,windows,10.0,information,Windows Update started downloading an update.,-,-,-,-,-,-,-,-,-,-,-,-,-,-,-,-,-,-,-,-,-,-,-,-,-,-,-,-,-,-,-,-,-,-,-,-,wineventlog,System,DESKTOP-32EH6N8,-,-,-,-,-,-,-,-,-,-,-,-,-,-,-,-,-,-,-,-,-,-,-,-,-,-,-,-,-,-,-,-,-,-,-,-,-,-,-,-,-,-,-,-,-,-,-,-,-,-,-,-,-,-,-,-,-,-,-,-,-,-,-,-,-,{d82f41c1-893a-4a90-ac94-8f83da52a274},1,9NBLGGH3FRZM-Microsoft.VCLibs.140.00,44,"Download, Started",-,-,Download,"2,828","9,552",{945a8954-c147-4acd-923f-40c45405a658},Microsoft-Windows-WindowsUpdateClient,720,Windows Update Agent,NT AUTHORITY,S-1-5-18,SYSTEM,User,1,,,,,,,,,,,,,,,,,,,,,,,,,,,,,,,,,,,,,,,,,,,,,,,,,,,,,,,,,
794,"Oct 25, 2022 @ 04:22:52.187",DESKTOP-32EH6N8,Windows Update Agent,44,-,-,Microsoft-Windows-WindowsUpdateClient,-,-,-,-,-,x86_64,DESKTOP-32EH6N8,45429efd-c10a-4299-8a01-8a10b0cbf1b8,"fe80::7959:555c:b4f7:82d3, 192.168.170.20, fe80::f415:e770:257d:42d7, 169.254.66.215","00:0c:29:6e:f6:d9, f8:89:d2:da:70:74",DESKTOP-32EH6N8,19044.1288,windows,10.0.19041.1288 (WinBuild.160101.0800),Windows 10 Pro,Windows 10 Pro,windows,windows,10.0,information,Windows Update started downloading an update.,-,-,-,-,-,-,-,-,-,-,-,-,-,-,-,-,-,-,-,-,-,-,-,-,-,-,-,-,-,-,-,-,-,-,-,-,wineventlog,System,DESKTOP-32EH6N8,-,-,-,-,-,-,-,-,-,-,-,-,-,-,-,-,-,-,-,-,-,-,-,-,-,-,-,-,-,-,-,-,-,-,-,-,-,-,-,-,-,-,-,-,-,-,-,-,-,-,-,-,-,-,-,-,-,-,-,-,-,-,-,-,-,{8799a3c8-84dd-4a8d-aa29-b39b7b59400c},1,9WZDNCRD29V9-MICROSOFT.MICROSOFTOFFICEHUB,44,"Download, Started",-,-,Download,"2,828","9,552",{945a8954-c147-4acd-923f-40c45405a658},Microsoft-Windows-WindowsUpdateClient,721,Windows Update Agent,NT AUTHORITY,S-1-5-18,SYSTEM,User,1,,,,,,,,,,,,,,,,,,,,,,,,,,,,,,,,,,,,,,,,,,,,,,,,,,,,,,,,,
795,"Oct 25, 2022 @ 04:22:51.687",DESKTOP-32EH6N8,Windows Update Agent,44,-,-,Microsoft-Windows-WindowsUpdateClient,-,-,-,-,-,x86_64,DESKTOP-32EH6N8,45429efd-c10a-4299-8a01-8a10b0cbf1b8,"fe80::7959:555c:b4f7:82d3, 192.168.170.20, fe80::f415:e770:257d:42d7, 169.254.66.215","00:0c:29:6e:f6:d9, f8:89:d2:da:70:74",DESKTOP-32EH6N8,19044.1288,windows,10.0.19041.1288 (WinBuild.160101.0800),Windows 10 Pro,Windows 10 Pro,windows,windows,10.0,information,Windows Update started downloading an update.,-,-,-,-,-,-,-,-,-,-,-,-,-,-,-,-,-,-,-,-,-,-,-,-,-,-,-,-,-,-,-,-,-,-,-,-,wineventlog,System,DESKTOP-32EH6N8,-,-,-,-,-,-,-,-,-,-,-,-,-,-,-,-,-,-,-,-,-,-,-,-,-,-,-,-,-,-,-,-,-,-,-,-,-,-,-,-,-,-,-,-,-,-,-,-,-,-,-,-,-,-,-,-,-,-,-,-,-,-,-,-,-,{fffd4e59-cdcb-4aa3-a006-3a74176eb66b},1,9WZDNCRFHVN5-MICROSOFT.WINDOWSCALCULATOR,44,"Download, Started",-,-,Download,"2,828","9,552",{945a8954-c147-4acd-923f-40c45405a658},Microsoft-Windows-WindowsUpdateClient,717,Windows Update Agent,NT AUTHORITY,S-1-5-18,SYSTEM,User,1,,,,,,,,,,,,,,,,,,,,,,,,,,,,,,,,,,,,,,,,,,,,,,,,,,,,,,,,,
796,"Oct 25, 2022 @ 04:22:51.687",DESKTOP-32EH6N8,Windows Update Agent,44,-,-,Microsoft-Windows-WindowsUpdateClient,-,-,-,-,-,x86_64,DESKTOP-32EH6N8,45429efd-c10a-4299-8a01-8a10b0cbf1b8,"fe80::7959:555c:b4f7:82d3, 192.168.170.20, fe80::f415:e770:257d:42d7, 169.254.66.215","00:0c:29:6e:f6:d9, f8:89:d2:da:70:74",DESKTOP-32EH6N8,19044.1288,windows,10.0.19041.1288 (WinBuild.160101.0800),Windows 10 Pro,Windows 10 Pro,windows,windows,10.0,information,Windows Update started downloading an update.,-,-,-,-,-,-,-,-,-,-,-,-,-,-,-,-,-,-,-,-,-,-,-,-,-,-,-,-,-,-,-,-,-,-,-,-,wineventlog,System,DESKTOP-32EH6N8,-,-,-,-,-,-,-,-,-,-,-,-,-,-,-,-,-,-,-,-,-,-,-,-,-,-,-,-,-,-,-,-,-,-,-,-,-,-,-,-,-,-,-,-,-,-,-,-,-,-,-,-,-,-,-,-,-,-,-,-,-,-,-,-,-,{8799a3c8-84dd-4a8d-aa29-b39b7b59400c},1,9WZDNCRD29V9-MICROSOFT.MICROSOFTOFFICEHUB,44,"Download, Started",-,-,Download,"2,828","9,552",{945a8954-c147-4acd-923f-40c45405a658},Microsoft-Windows-WindowsUpdateClient,718,Windows Update Agent,NT AUTHORITY,S-1-5-18,SYSTEM,User,1,,,,,,,,,,,,,,,,,,,,,,,,,,,,,,,,,,,,,,,,,,,,,,,,,,,,,,,,,
797,"Oct 25, 2022 @ 04:22:48.202",DESKTOP-32EH6N8,Windows Update Agent,44,-,-,Microsoft-Windows-WindowsUpdateClient,-,-,-,-,-,x86_64,DESKTOP-32EH6N8,45429efd-c10a-4299-8a01-8a10b0cbf1b8,"fe80::7959:555c:b4f7:82d3, 192.168.170.20, fe80::f415:e770:257d:42d7, 169.254.66.215","00:0c:29:6e:f6:d9, f8:89:d2:da:70:74",DESKTOP-32EH6N8,19044.1288,windows,10.0.19041.1288 (WinBuild.160101.0800),Windows 10 Pro,Windows 10 Pro,windows,windows,10.0,information,Windows Update started downloading an update.,-,-,-,-,-,-,-,-,-,-,-,-,-,-,-,-,-,-,-,-,-,-,-,-,-,-,-,-,-,-,-,-,-,-,-,-,wineventlog,System,DESKTOP-32EH6N8,-,-,-,-,-,-,-,-,-,-,-,-,-,-,-,-,-,-,-,-,-,-,-,-,-,-,-,-,-,-,-,-,-,-,-,-,-,-,-,-,-,-,-,-,-,-,-,-,-,-,-,-,-,-,-,-,-,-,-,-,-,-,-,-,-,{2bfc90df-c5e5-4c06-b503-16647503bf6a},1,9MW2LKJ0TPJF-Microsoft.NET.Native.Framework.2.2,44,"Download, Started",-,-,Download,"2,828","9,552",{945a8954-c147-4acd-923f-40c45405a658},Microsoft-Windows-WindowsUpdateClient,715,Windows Update Agent,NT AUTHORITY,S-1-5-18,SYSTEM,User,1,,,,,,,,,,,,,,,,,,,,,,,,,,,,,,,,,,,,,,,,,,,,,,,,,,,,,,,,,
798,"Oct 25, 2022 @ 04:22:48.202",DESKTOP-32EH6N8,Windows Update Agent,44,-,-,Microsoft-Windows-WindowsUpdateClient,-,-,-,-,-,x86_64,DESKTOP-32EH6N8,45429efd-c10a-4299-8a01-8a10b0cbf1b8,"fe80::7959:555c:b4f7:82d3, 192.168.170.20, fe80::f415:e770:257d:42d7, 169.254.66.215","00:0c:29:6e:f6:d9, f8:89:d2:da:70:74",DESKTOP-32EH6N8,19044.1288,windows,10.0.19041.1288 (WinBuild.160101.0800),Windows 10 Pro,Windows 10 Pro,windows,windows,10.0,information,Windows Update started downloading an update.,-,-,-,-,-,-,-,-,-,-,-,-,-,-,-,-,-,-,-,-,-,-,-,-,-,-,-,-,-,-,-,-,-,-,-,-,wineventlog,System,DESKTOP-32EH6N8,-,-,-,-,-,-,-,-,-,-,-,-,-,-,-,-,-,-,-,-,-,-,-,-,-,-,-,-,-,-,-,-,-,-,-,-,-,-,-,-,-,-,-,-,-,-,-,-,-,-,-,-,-,-,-,-,-,-,-,-,-,-,-,-,-,{d82f41c1-893a-4a90-ac94-8f83da52a274},1,9NBLGGH3FRZM-Microsoft.VCLibs.140.00,44,"Download, Started",-,-,Download,"2,828","9,552",{945a8954-c147-4acd-923f-40c45405a658},Microsoft-Windows-WindowsUpdateClient,716,Windows Update Agent,NT AUTHORITY,S-1-5-18,SYSTEM,User,1,,,,,,,,,,,,,,,,,,,,,,,,,,,,,,,,,,,,,,,,,,,,,,,,,,,,,,,,,
799,"Oct 25, 2022 @ 04:22:45.074",DESKTOP-32EH6N8,Windows Update Agent,44,-,-,Microsoft-Windows-WindowsUpdateClient,-,-,-,-,-,x86_64,DESKTOP-32EH6N8,45429efd-c10a-4299-8a01-8a10b0cbf1b8,"fe80::7959:555c:b4f7:82d3, 192.168.170.20, fe80::f415:e770:257d:42d7, 169.254.66.215","00:0c:29:6e:f6:d9, f8:89:d2:da:70:74",DESKTOP-32EH6N8,19044.1288,windows,10.0.19041.1288 (WinBuild.160101.0800),Windows 10 Pro,Windows 10 Pro,windows,windows,10.0,information,Windows Update started downloading an update.,-,-,-,-,-,-,-,-,-,-,-,-,-,-,-,-,-,-,-,-,-,-,-,-,-,-,-,-,-,-,-,-,-,-,-,-,wineventlog,System,DESKTOP-32EH6N8,-,-,-,-,-,-,-,-,-,-,-,-,-,-,-,-,-,-,-,-,-,-,-,-,-,-,-,-,-,-,-,-,-,-,-,-,-,-,-,-,-,-,-,-,-,-,-,-,-,-,-,-,-,-,-,-,-,-,-,-,-,-,-,-,-,{d82f41c1-893a-4a90-ac94-8f83da52a274},1,9NBLGGH3FRZM-Microsoft.VCLibs.140.00,44,"Download, Started",-,-,Download,"2,828","9,552",{945a8954-c147-4acd-923f-40c45405a658},Microsoft-Windows-WindowsUpdateClient,713,Windows Update Agent,NT AUTHORITY,S-1-5-18,SYSTEM,User,1,,,,,,,,,,,,,,,,,,,,,,,,,,,,,,,,,,,,,,,,,,,,,,,,,,,,,,,,,
800,"Oct 25, 2022 @ 04:22:45.074",DESKTOP-32EH6N8,Windows Update Agent,44,-,-,Microsoft-Windows-WindowsUpdateClient,-,-,-,-,-,x86_64,DESKTOP-32EH6N8,45429efd-c10a-4299-8a01-8a10b0cbf1b8,"fe80::7959:555c:b4f7:82d3, 192.168.170.20, fe80::f415:e770:257d:42d7, 169.254.66.215","00:0c:29:6e:f6:d9, f8:89:d2:da:70:74",DESKTOP-32EH6N8,19044.1288,windows,10.0.19041.1288 (WinBuild.160101.0800),Windows 10 Pro,Windows 10 Pro,windows,windows,10.0,information,Windows Update started downloading an update.,-,-,-,-,-,-,-,-,-,-,-,-,-,-,-,-,-,-,-,-,-,-,-,-,-,-,-,-,-,-,-,-,-,-,-,-,wineventlog,System,DESKTOP-32EH6N8,-,-,-,-,-,-,-,-,-,-,-,-,-,-,-,-,-,-,-,-,-,-,-,-,-,-,-,-,-,-,-,-,-,-,-,-,-,-,-,-,-,-,-,-,-,-,-,-,-,-,-,-,-,-,-,-,-,-,-,-,-,-,-,-,-,{b34f488c-7eb5-489e-8d93-a30096b87664},1,9NBLGGH4RV3K-Microsoft.VCLibs.140.00.UWPDesktop,44,"Download, Started",-,-,Download,"2,828","9,552",{945a8954-c147-4acd-923f-40c45405a658},Microsoft-Windows-WindowsUpdateClient,714,Windows Update Agent,NT AUTHORITY,S-1-5-18,SYSTEM,User,1,,,,,,,,,,,,,,,,,,,,,,,,,,,,,,,,,,,,,,,,,,,,,,,,,,,,,,,,,
801,"Oct 25, 2022 @ 04:22:43.215",DESKTOP-32EH6N8,None,16,-,-,Microsoft-Windows-Kernel-General,-,-,-,-,-,x86_64,DESKTOP-32EH6N8,45429efd-c10a-4299-8a01-8a10b0cbf1b8,"fe80::7959:555c:b4f7:82d3, 192.168.170.20, fe80::f415:e770:257d:42d7, 169.254.66.215","00:0c:29:6e:f6:d9, f8:89:d2:da:70:74",DESKTOP-32EH6N8,19044.1288,windows,10.0.19041.1288 (WinBuild.160101.0800),Windows 10 Pro,Windows 10 Pro,windows,windows,10.0,information,The access history in hive \??\C:\ProgramData\Microsoft\Windows\AppRepository\Packages\Microsoft.UI.Xaml.2.4_2.42007.9001.0_x86__8wekyb3d8bbwe\ActivationStore.dat was cleared updating 0 keys and creating 0 modified pages.,-,-,-,-,-,-,-,-,-,-,-,-,-,-,-,-,-,-,-,-,-,-,-,-,-,-,-,-,-,-,-,-,-,-,-,-,wineventlog,System,DESKTOP-32EH6N8,-,-,-,-,-,-,-,-,0,-,\??\C:\ProgramData\Microsoft\Windows\AppRepository\Packages\Microsoft.UI.Xaml.2.4_2.42007.9001.0_x86__8wekyb3d8bbwe\ActivationStore.dat,135,-,-,-,-,-,-,-,0,-,-,-,-,-,-,-,-,-,-,-,-,-,-,-,-,-,-,-,-,-,-,-,-,-,-,-,-,-,-,-,-,-,-,-,-,-,-,-,-,-,-,-,-,-,-,-,-,16,-,-,-,Info,"7,516","10,024",{a68ca8b7-004f-d7b6-a698-07e2de0f1f5d},Microsoft-Windows-Kernel-General,712,None,NT AUTHORITY,S-1-5-18,SYSTEM,User,-,,,,,,,,,,,,,,,,,,,,,,,,,,,,,,,,,,,,,,,,,,,,,,,,,,,,,,,,,
802,"Oct 25, 2022 @ 04:22:41.221",DESKTOP-32EH6N8,None,16,-,-,Microsoft-Windows-Kernel-General,-,-,-,-,-,x86_64,DESKTOP-32EH6N8,45429efd-c10a-4299-8a01-8a10b0cbf1b8,"fe80::7959:555c:b4f7:82d3, 192.168.170.20, fe80::f415:e770:257d:42d7, 169.254.66.215","00:0c:29:6e:f6:d9, f8:89:d2:da:70:74",DESKTOP-32EH6N8,19044.1288,windows,10.0.19041.1288 (WinBuild.160101.0800),Windows 10 Pro,Windows 10 Pro,windows,windows,10.0,information,The access history in hive \??\C:\ProgramData\Microsoft\Windows\AppRepository\Packages\Microsoft.UI.Xaml.2.4_2.42007.9001.0_x64__8wekyb3d8bbwe\ActivationStore.dat was cleared updating 0 keys and creating 0 modified pages.,-,-,-,-,-,-,-,-,-,-,-,-,-,-,-,-,-,-,-,-,-,-,-,-,-,-,-,-,-,-,-,-,-,-,-,-,wineventlog,System,DESKTOP-32EH6N8,-,-,-,-,-,-,-,-,0,-,\??\C:\ProgramData\Microsoft\Windows\AppRepository\Packages\Microsoft.UI.Xaml.2.4_2.42007.9001.0_x64__8wekyb3d8bbwe\ActivationStore.dat,135,-,-,-,-,-,-,-,0,-,-,-,-,-,-,-,-,-,-,-,-,-,-,-,-,-,-,-,-,-,-,-,-,-,-,-,-,-,-,-,-,-,-,-,-,-,-,-,-,-,-,-,-,-,-,-,-,16,-,-,-,Info,"7,516","10,024",{a68ca8b7-004f-d7b6-a698-07e2de0f1f5d},Microsoft-Windows-Kernel-General,711,None,NT AUTHORITY,S-1-5-18,SYSTEM,User,-,,,,,,,,,,,,,,,,,,,,,,,,,,,,,,,,,,,,,,,,,,,,,,,,,,,,,,,,,
803,"Oct 25, 2022 @ 04:22:38.120",DESKTOP-32EH6N8,Windows Update Agent,44,-,-,Microsoft-Windows-WindowsUpdateClient,-,-,-,-,-,x86_64,DESKTOP-32EH6N8,45429efd-c10a-4299-8a01-8a10b0cbf1b8,"fe80::7959:555c:b4f7:82d3, 192.168.170.20, fe80::f415:e770:257d:42d7, 169.254.66.215","00:0c:29:6e:f6:d9, f8:89:d2:da:70:74",DESKTOP-32EH6N8,19044.1288,windows,10.0.19041.1288 (WinBuild.160101.0800),Windows 10 Pro,Windows 10 Pro,windows,windows,10.0,information,Windows Update started downloading an update.,-,-,-,-,-,-,-,-,-,-,-,-,-,-,-,-,-,-,-,-,-,-,-,-,-,-,-,-,-,-,-,-,-,-,-,-,wineventlog,System,DESKTOP-32EH6N8,-,-,-,-,-,-,-,-,-,-,-,-,-,-,-,-,-,-,-,-,-,-,-,-,-,-,-,-,-,-,-,-,-,-,-,-,-,-,-,-,-,-,-,-,-,-,-,-,-,-,-,-,-,-,-,-,-,-,-,-,-,-,-,-,-,{d82f41c1-893a-4a90-ac94-8f83da52a274},1,9NBLGGH3FRZM-Microsoft.VCLibs.140.00,44,"Download, Started",-,-,Download,"2,828","9,552",{945a8954-c147-4acd-923f-40c45405a658},Microsoft-Windows-WindowsUpdateClient,708,Windows Update Agent,NT AUTHORITY,S-1-5-18,SYSTEM,User,1,,,,,,,,,,,,,,,,,,,,,,,,,,,,,,,,,,,,,,,,,,,,,,,,,,,,,,,,,
804,"Oct 25, 2022 @ 04:22:38.120",DESKTOP-32EH6N8,Windows Update Agent,44,-,-,Microsoft-Windows-WindowsUpdateClient,-,-,-,-,-,x86_64,DESKTOP-32EH6N8,45429efd-c10a-4299-8a01-8a10b0cbf1b8,"fe80::7959:555c:b4f7:82d3, 192.168.170.20, fe80::f415:e770:257d:42d7, 169.254.66.215","00:0c:29:6e:f6:d9, f8:89:d2:da:70:74",DESKTOP-32EH6N8,19044.1288,windows,10.0.19041.1288 (WinBuild.160101.0800),Windows 10 Pro,Windows 10 Pro,windows,windows,10.0,information,Windows Update started downloading an update.,-,-,-,-,-,-,-,-,-,-,-,-,-,-,-,-,-,-,-,-,-,-,-,-,-,-,-,-,-,-,-,-,-,-,-,-,wineventlog,System,DESKTOP-32EH6N8,-,-,-,-,-,-,-,-,-,-,-,-,-,-,-,-,-,-,-,-,-,-,-,-,-,-,-,-,-,-,-,-,-,-,-,-,-,-,-,-,-,-,-,-,-,-,-,-,-,-,-,-,-,-,-,-,-,-,-,-,-,-,-,-,-,{78d00b8d-c973-4e6d-bab8-6d829f76fb3d},1,9PLL735RFDSM-Microsoft.NET.Native.Runtime.2.2,44,"Download, Started",-,-,Download,"2,828","9,552",{945a8954-c147-4acd-923f-40c45405a658},Microsoft-Windows-WindowsUpdateClient,709,Windows Update Agent,NT AUTHORITY,S-1-5-18,SYSTEM,User,1,,,,,,,,,,,,,,,,,,,,,,,,,,,,,,,,,,,,,,,,,,,,,,,,,,,,,,,,,
805,"Oct 25, 2022 @ 04:22:38.120",DESKTOP-32EH6N8,Windows Update Agent,44,-,-,Microsoft-Windows-WindowsUpdateClient,-,-,-,-,-,x86_64,DESKTOP-32EH6N8,45429efd-c10a-4299-8a01-8a10b0cbf1b8,"fe80::7959:555c:b4f7:82d3, 192.168.170.20, fe80::f415:e770:257d:42d7, 169.254.66.215","00:0c:29:6e:f6:d9, f8:89:d2:da:70:74",DESKTOP-32EH6N8,19044.1288,windows,10.0.19041.1288 (WinBuild.160101.0800),Windows 10 Pro,Windows 10 Pro,windows,windows,10.0,information,Windows Update started downloading an update.,-,-,-,-,-,-,-,-,-,-,-,-,-,-,-,-,-,-,-,-,-,-,-,-,-,-,-,-,-,-,-,-,-,-,-,-,wineventlog,System,DESKTOP-32EH6N8,-,-,-,-,-,-,-,-,-,-,-,-,-,-,-,-,-,-,-,-,-,-,-,-,-,-,-,-,-,-,-,-,-,-,-,-,-,-,-,-,-,-,-,-,-,-,-,-,-,-,-,-,-,-,-,-,-,-,-,-,-,-,-,-,-,{89d67c93-0628-4aa9-a651-85f294d8c0b4},1,9PB1PFTHHM15-Microsoft.UI.Xaml.2.4,44,"Download, Started",-,-,Download,"2,828","9,552",{945a8954-c147-4acd-923f-40c45405a658},Microsoft-Windows-WindowsUpdateClient,710,Windows Update Agent,NT AUTHORITY,S-1-5-18,SYSTEM,User,1,,,,,,,,,,,,,,,,,,,,,,,,,,,,,,,,,,,,,,,,,,,,,,,,,,,,,,,,,
806,"Oct 25, 2022 @ 04:22:34.012",DESKTOP-32EH6N8,user-member-enumerated,4799,security,success,Microsoft-Windows-Security-Auditing,-,"group, info",Builtin,S-1-5-32-544,Administrators,x86_64,DESKTOP-32EH6N8,45429efd-c10a-4299-8a01-8a10b0cbf1b8,"fe80::7959:555c:b4f7:82d3, 192.168.170.20, fe80::f415:e770:257d:42d7, 169.254.66.215","00:0c:29:6e:f6:d9, f8:89:d2:da:70:74",DESKTOP-32EH6N8,19044.1288,windows,10.0.19041.1288 (WinBuild.160101.0800),Windows 10 Pro,Windows 10 Pro,windows,windows,10.0,information,"A security-enabled local group membership was enumerated.

Subject:
	Security ID:		S-1-5-21-1431998111-292960839-2456834407-1001
	Account Name:		zhongli
	Account Domain:		DESKTOP-32EH6N8
	Logon ID:		0x6E66E9

Group:
	Security ID:		S-1-5-32-544
	Group Name:		Administrators
	Group Domain:		Builtin

Process Information:
	Process ID:		0x216c
	Process Name:		C:\Program Files\ESET\ESET Security\egui.exe",-,-,-,-,-,-,-,-,-,-,-,-,-,-,-,-,-,-,-,-,zhongli,-,-,-,DESKTOP-32EH6N8,-,-,-,S-1-5-21-1431998111-292960839-2456834407-1001,zhongli,zhongli,-,-,-,-,{96d05236-e7e2-0002-7b52-d096e2e7d801},wineventlog,Security,DESKTOP-32EH6N8,-,-,-,0x216c,C:\Program Files\ESET\ESET Security\egui.exe,-,-,-,-,-,-,-,-,-,-,-,-,-,-,-,-,-,-,-,-,-,-,-,-,-,-,DESKTOP-32EH6N8,0x6e66e9,zhongli,S-1-5-21-1431998111-292960839-2456834407-1001,-,Builtin,-,-,-,-,-,-,-,-,S-1-5-32-544,Administrators,-,-,-,-,-,-,-,-,-,-,-,-,-,-,-,-,-,-,-,-,-,4799,Audit Success,0x6e66e9,-,Info,776,"8,064",{54849625-5478-4994-a5ba-3e3b0328c30d},Microsoft-Windows-Security-Auditing,2353,Security Group Management,-,-,-,-,-,,,,,,,,,,,,,,,,,,,,,,,,,,,,,,,,,,,,,,,,,,,,,,,,,,,,,,,,,
807,"Oct 25, 2022 @ 04:22:26.154",DESKTOP-32EH6N8,User Account Management,5379,security,success,Microsoft-Windows-Security-Auditing,-,-,-,-,-,x86_64,DESKTOP-32EH6N8,45429efd-c10a-4299-8a01-8a10b0cbf1b8,"fe80::7959:555c:b4f7:82d3, 192.168.170.20, fe80::f415:e770:257d:42d7, 169.254.66.215","00:0c:29:6e:f6:d9, f8:89:d2:da:70:74",DESKTOP-32EH6N8,19044.1288,windows,10.0.19041.1288 (WinBuild.160101.0800),Windows 10 Pro,Windows 10 Pro,windows,windows,10.0,information,"Credential Manager credentials were read.

Subject:
	Security ID:		S-1-5-21-1431998111-292960839-2456834407-1001
	Account Name:		zhongli
	Account Domain:		DESKTOP-32EH6N8
	Logon ID:		0x6E66E9
	Read Operation:		Enumerate Credentials

This event occurs when a user performs a read operation on stored credentials in Credential Manager.",-,-,-,-,-,-,-,-,-,-,-,-,-,-,-,-,-,-,-,-,-,-,-,-,-,-,-,-,-,-,-,-,-,-,-,{96d05236-e7e2-0002-7b52-d096e2e7d801},wineventlog,Security,DESKTOP-32EH6N8,-,-,-,-,-,-,7228,0,-,-,-,-,-,-,-,-,-,-,-,-,-,-,-,-,-,-,2022-10-25T11:22:25.8411558Z,-,%%8100,-,3221226021,DESKTOP-32EH6N8,0x6e66e9,zhongli,S-1-5-21-1431998111-292960839-2456834407-1001,-,-,-,-,-,-,OneDrive Cached Credential*,-,-,-,-,-,-,-,0,-,-,-,-,-,-,-,-,-,-,-,-,-,-,-,-,-,-,5379,Audit Success,0x6e66e9,-,Info,776,"8,124",{54849625-5478-4994-a5ba-3e3b0328c30d},Microsoft-Windows-Security-Auditing,2352,User Account Management,-,-,-,-,-,,,,,,,,,,,,,,,,,,,,,,,,,,,,,,,,,,,,,,,,,,,,,,,,,,,,,,,,,
808,"Oct 25, 2022 @ 04:22:26.116",DESKTOP-32EH6N8,User Account Management,5379,security,success,Microsoft-Windows-Security-Auditing,-,-,-,-,-,x86_64,DESKTOP-32EH6N8,45429efd-c10a-4299-8a01-8a10b0cbf1b8,"fe80::7959:555c:b4f7:82d3, 192.168.170.20, fe80::f415:e770:257d:42d7, 169.254.66.215","00:0c:29:6e:f6:d9, f8:89:d2:da:70:74",DESKTOP-32EH6N8,19044.1288,windows,10.0.19041.1288 (WinBuild.160101.0800),Windows 10 Pro,Windows 10 Pro,windows,windows,10.0,information,"Credential Manager credentials were read.

Subject:
	Security ID:		S-1-5-21-1431998111-292960839-2456834407-1001
	Account Name:		zhongli
	Account Domain:		DESKTOP-32EH6N8
	Logon ID:		0x6E66E9
	Read Operation:		Enumerate Credentials

This event occurs when a user performs a read operation on stored credentials in Credential Manager.",-,-,-,-,-,-,-,-,-,-,-,-,-,-,-,-,-,-,-,-,-,-,-,-,-,-,-,-,-,-,-,-,-,-,-,{96d05236-e7e2-0002-7b52-d096e2e7d801},wineventlog,Security,DESKTOP-32EH6N8,-,-,-,-,-,-,7228,0,-,-,-,-,-,-,-,-,-,-,-,-,-,-,-,-,-,-,2022-10-25T11:22:25.8411558Z,-,%%8100,-,3221226021,DESKTOP-32EH6N8,0x6e66e9,zhongli,S-1-5-21-1431998111-292960839-2456834407-1001,-,-,-,-,-,-,OneDrive Cached Credential,-,-,-,-,-,-,-,0,-,-,-,-,-,-,-,-,-,-,-,-,-,-,-,-,-,-,5379,Audit Success,0x6e66e9,-,Info,776,"8,124",{54849625-5478-4994-a5ba-3e3b0328c30d},Microsoft-Windows-Security-Auditing,2351,User Account Management,-,-,-,-,-,,,,,,,,,,,,,,,,,,,,,,,,,,,,,,,,,,,,,,,,,,,,,,,,,,,,,,,,,
809,"Oct 25, 2022 @ 04:22:14.642",DESKTOP-32EH6N8,logged-out,4634,security,success,Microsoft-Windows-Security-Auditing,-,end,-,-,-,x86_64,DESKTOP-32EH6N8,45429efd-c10a-4299-8a01-8a10b0cbf1b8,"fe80::7959:555c:b4f7:82d3, 192.168.170.20, fe80::f415:e770:257d:42d7, 169.254.66.215","00:0c:29:6e:f6:d9, f8:89:d2:da:70:74",DESKTOP-32EH6N8,19044.1288,windows,10.0.19041.1288 (WinBuild.160101.0800),Windows 10 Pro,Windows 10 Pro,windows,windows,10.0,information,"An account was logged off.

Subject:
	Security ID:		S-1-5-21-1431998111-292960839-2456834407-1001
	Account Name:		zhongli
	Account Domain:		DESKTOP-32EH6N8
	Logon ID:		0x6E9F59

Logon Type:			4

This event is generated when a logon session is destroyed. It may be positively correlated with a logon event using the Logon ID value. Logon IDs are only unique between reboots on the same computer.",-,-,-,-,-,-,-,-,-,-,-,-,-,-,-,-,-,-,-,-,zhongli,-,-,-,DESKTOP-32EH6N8,-,-,-,S-1-5-21-1431998111-292960839-2456834407-1001,zhongli,zhongli,-,-,-,-,-,wineventlog,Security,DESKTOP-32EH6N8,-,-,-,-,-,-,-,-,-,-,-,-,-,-,-,-,-,-,-,-,-,-,-,4,-,-,-,-,-,-,-,-,-,-,-,-,DESKTOP-32EH6N8,-,-,-,0x6e9f59,-,-,-,-,-,zhongli,S-1-5-21-1431998111-292960839-2456834407-1001,-,-,-,-,-,-,-,-,-,-,-,-,-,-,-,-,-,-,-,-,4634,Audit Success,0x6e9f59,Batch,Info,776,"2,568",{54849625-5478-4994-a5ba-3e3b0328c30d},Microsoft-Windows-Security-Auditing,2350,Logoff,-,-,-,-,-,,,,,,,,,,,,,,,,,,,,,,,,,,,,,,,,,,,,,,,,,,,,,,,,,,,,,,,,,
810,"Oct 25, 2022 @ 04:22:14.599",DESKTOP-32EH6N8,Engine Lifecycle,403,powershell,-,PowerShell,21,end,-,-,-,x86_64,DESKTOP-32EH6N8,45429efd-c10a-4299-8a01-8a10b0cbf1b8,"fe80::7959:555c:b4f7:82d3, 192.168.170.20, fe80::f415:e770:257d:42d7, 169.254.66.215","00:0c:29:6e:f6:d9, f8:89:d2:da:70:74",DESKTOP-32EH6N8,19044.1288,windows,10.0.19041.1288 (WinBuild.160101.0800),Windows 10 Pro,Windows 10 Pro,windows,windows,10.0,information,"Engine state is changed from Available to Stopped. 

Details: 
	NewEngineState=Stopped
	PreviousEngineState=Available

	SequenceNumber=21

	HostName=PSRunspace-Host
	HostVersion=0.5.0.27
	HostId=720d49e7-1a83-4a88-90b0-264eaf1eb018
	HostApplication=backup.exe
	EngineVersion=5.1.19041.1237
	RunspaceId=54b2ee3e-a5cb-4af4-a772-18b995229ff3
	PipelineId=
	CommandName=
	CommandType=
	ScriptName=
	CommandPath=
	CommandLine=",Stopped,Available,5.1.19041.1237,0.5.0.27,-,-,54b2ee3e-a5cb-4af4-a772-18b995229ff3,backup.exe,1,backup.exe,backup.exe,720d49e7-1a83-4a88-90b0-264eaf1eb018,-,-,-,-,-,PSRunspace-Host,PSRunspace-Host,-,-,-,-,-,-,-,-,-,-,-,-,-,-,-,-,-,wineventlog,Windows PowerShell,DESKTOP-32EH6N8,-,-,-,-,-,-,-,-,-,-,-,-,-,-,-,-,-,-,-,-,-,-,-,-,-,-,-,-,-,-,-,-,-,-,-,-,-,-,-,-,-,-,-,-,-,-,-,-,-,-,-,-,-,-,-,-,-,-,-,-,-,-,-,-,-,-,-,-,403,Classic,-,-,Info,-,-,-,PowerShell,295,Engine Lifecycle,-,-,-,-,-,,,,,,,,,,,,,,,,,,,,,,,,,,,,,,,,,,,,,,,,,,,,,,,,,,,,,,,,,
