27,"Oct 25, 2022 @ 04:38:21.419",DESKTOP-32EH6N8,logged-in,4624,security,success,Microsoft-Windows-Security-Auditing,-,start,-,-,-,-,-,-,-,-,x86_64,DESKTOP-32EH6N8,45429efd-c10a-4299-8a01-8a10b0cbf1b8,"fe80::7959:555c:b4f7:82d3, 192.168.170.20, fe80::f415:e770:257d:42d7, 169.254.66.215","00:0c:29:6e:f6:d9, f8:89:d2:da:70:74",DESKTOP-32EH6N8,19044.1288,windows,10.0.19041.1288 (WinBuild.160101.0800),Windows 10 Pro,Windows 10 Pro,windows,windows,10.0,information,"An account was successfully logged on.

Subject:
	Security ID:		S-1-5-18
	Account Name:		DESKTOP-32EH6N8$
	Account Domain:		WORKGROUP
	Logon ID:		0x3E7

Logon Information:
	Logon Type:		5
	Restricted Admin Mode:	-
	Virtual Account:		No
	Elevated Token:		Yes

Impersonation Level:		Impersonation

New Logon:
	Security ID:		S-1-5-18
	Account Name:		SYSTEM
	Account Domain:		NT AUTHORITY
	Logon ID:		0x3E7
	Linked Logon ID:		0x0
	Network Account Name:	-
	Network Account Domain:	-
	Logon GUID:		{00000000-0000-0000-0000-000000000000}

Process Information:
	Process ID:		0x2f0
	Process Name:		C:\Windows\System32\services.exe

Network Information:
	Workstation Name:	-
	Source Network Address:	-
	Source Port:		-

Detailed Authentication Information:
	Logon Process:		Advapi  
	Authentication Package:	Negotiate
	Transited Services:	-
	Package Name (NTLM only):	-
	Key Length:		0

This event is generated when a logon session is created. It is generated on the computer that was accessed.

The subject fields indicate the account on the local system which requested the logon. This is most commonly a service such as the Server service, or a local process such as Winlogon.exe or Services.exe.

The logon type field indicates the kind of logon that occurred. The most common types are 2 (interactive) and 3 (network).

The New Logon fields indicate the account for whom the new logon was created, i.e. the account that was logged on.

The network fields indicate where a remote logon request originated. Workstation name is not always available and may be left blank in some cases.

The impersonation level field indicates the extent to which a process in the logon session can impersonate.

The authentication information fields provide detailed information about this specific logon request.
	- Logon GUID is a unique identifier that can be used to correlate this event with a KDC event.
	- Transited services indicate which intermediate services have participated in this logon request.
	- Package name indicates which sub-protocol was used among the NTLM protocols.
	- Key length indicates the length of the generated session key. This will be 0 if no session key was requested.",-,-,-,-,-,-,-,-,-,-,-,-,-,-,-,-,-,-,-,-,-,-,-,-,-,C:\Windows\System32\services.exe,C:\Windows\System32\services.exe,services.exe,services.exe,752,-,-,-,"SYSTEM, DESKTOP-32EH6N8$",-,-,-,NT AUTHORITY,-,-,-,S-1-5-18,SYSTEM,SYSTEM,-,-,-,-,{96d05236-e7e2-0002-7b52-d096e2e7d801},wineventlog,Security,DESKTOP-32EH6N8,-,-,Negotiate,-,-,-,-,-,-,-,-,-,-,-,%%1842,-,-,-,-,-,-,%%1833,-,-,-,0,-,-,-,-,{00000000-0000-0000-0000-000000000000},Advapi  ,5,-,-,-,-,-,-,-,-,-,-,-,-,-,-,-,-,-,-,-,-,-,-,-,-,WORKGROUP,0x3e7,DESKTOP-32EH6N8$,S-1-5-18,-,NT AUTHORITY,-,0x0,-,0x3e7,-,-,-,-,-,SYSTEM,S-1-5-18,-,-,-,-,-,-,%%1843,-,-,-,-,-,-,-,-,-,-,-,-,-,-,-,-,-,-,-,-,-,-,-,-,4624.0,0x3e7,Service,Info,776,"10,068",{54849625-5478-4994-a5ba-3e3b0328c30d},Microsoft-Windows-Security-Auditing,2656.0,Logon,-,-,-,-,-,-,-,2
28,"Oct 25, 2022 @ 04:38:21.419",DESKTOP-32EH6N8,logged-in-special,4672,security,success,Microsoft-Windows-Security-Auditing,-,admin,-,-,-,-,-,-,-,-,x86_64,DESKTOP-32EH6N8,45429efd-c10a-4299-8a01-8a10b0cbf1b8,"fe80::7959:555c:b4f7:82d3, 192.168.170.20, fe80::f415:e770:257d:42d7, 169.254.66.215","00:0c:29:6e:f6:d9, f8:89:d2:da:70:74",DESKTOP-32EH6N8,19044.1288,windows,10.0.19041.1288 (WinBuild.160101.0800),Windows 10 Pro,Windows 10 Pro,windows,windows,10.0,information,"Special privileges assigned to new logon.

Subject:
	Security ID:		S-1-5-18
	Account Name:		SYSTEM
	Account Domain:		NT AUTHORITY
	Logon ID:		0x3E7

Privileges:		SeAssignPrimaryTokenPrivilege
			SeTcbPrivilege
			SeSecurityPrivilege
			SeTakeOwnershipPrivilege
			SeLoadDriverPrivilege
			SeBackupPrivilege
			SeRestorePrivilege
			SeDebugPrivilege
			SeAuditPrivilege
			SeSystemEnvironmentPrivilege
			SeImpersonatePrivilege
			SeDelegateSessionUserImpersonatePrivilege",-,-,-,-,-,-,-,-,-,-,-,-,-,-,-,-,-,-,-,-,-,-,-,-,-,-,-,-,-,-,-,-,-,SYSTEM,-,-,-,NT AUTHORITY,-,-,-,S-1-5-18,SYSTEM,SYSTEM,-,-,-,-,{96d05236-e7e2-0002-7b52-d096e2e7d801},wineventlog,Security,DESKTOP-32EH6N8,-,-,-,-,-,-,-,-,-,-,-,-,-,-,-,-,-,-,-,-,-,-,-,-,-,-,-,-,-,-,-,-,-,-,-,-,-,-,-,-,-,-,-,"SeAssignPrimaryTokenPrivilege, SeTcbPrivilege, SeSecurityPrivilege, SeTakeOwnershipPrivilege, SeLoadDriverPrivilege, SeBackupPrivilege, SeRestorePrivilege, SeDebugPrivilege, SeAuditPrivilege, SeSystemEnvironmentPrivilege, SeImpersonatePrivilege, SeDelegateSessionUserImpersonatePrivilege",-,-,-,-,-,-,-,-,-,-,-,-,-,NT AUTHORITY,0x3e7,SYSTEM,S-1-5-18,-,-,-,-,-,-,-,-,-,-,-,-,-,-,-,-,-,-,-,-,-,-,-,-,-,-,-,-,-,-,-,-,-,-,-,-,-,-,-,-,-,-,-,-,4672.0,0x3e7,-,Info,776,"10,068",{54849625-5478-4994-a5ba-3e3b0328c30d},Microsoft-Windows-Security-Auditing,2657.0,Special Logon,-,-,-,-,-,-,-,-
29,"Oct 25, 2022 @ 04:38:21.418",DESKTOP-32EH6N8,user-member-enumerated,4799,security,success,Microsoft-Windows-Security-Auditing,-,"group, info",-,-,-,-,-,Builtin,S-1-5-32-551,Backup Operators,x86_64,DESKTOP-32EH6N8,45429efd-c10a-4299-8a01-8a10b0cbf1b8,"fe80::7959:555c:b4f7:82d3, 192.168.170.20, fe80::f415:e770:257d:42d7, 169.254.66.215","00:0c:29:6e:f6:d9, f8:89:d2:da:70:74",DESKTOP-32EH6N8,19044.1288,windows,10.0.19041.1288 (WinBuild.160101.0800),Windows 10 Pro,Windows 10 Pro,windows,windows,10.0,information,"A security-enabled local group membership was enumerated.

Subject:
	Security ID:		S-1-5-18
	Account Name:		DESKTOP-32EH6N8$
	Account Domain:		WORKGROUP
	Logon ID:		0x3E7

Group:
	Security ID:		S-1-5-32-551
	Group Name:		Backup Operators
	Group Domain:		Builtin

Process Information:
	Process ID:		0x7b0
	Process Name:		C:\Windows\System32\VSSVC.exe",-,-,-,-,-,-,-,-,-,-,-,-,-,-,-,-,-,-,-,-,-,-,-,-,-,-,-,-,-,-,-,-,-,DESKTOP-32EH6N8$,-,-,-,WORKGROUP,-,-,-,S-1-5-18,DESKTOP-32EH6N8$,DESKTOP-32EH6N8$,-,-,-,-,{96d05236-e7e2-0002-7b52-d096e2e7d801},wineventlog,Security,DESKTOP-32EH6N8,-,-,-,-,0x7b0,C:\Windows\System32\VSSVC.exe,-,-,-,-,-,-,-,-,-,-,-,-,-,-,-,-,-,-,-,-,-,-,-,-,-,-,-,-,-,-,-,-,-,-,-,-,-,-,-,-,-,-,-,-,-,-,-,-,-,-,-,WORKGROUP,0x3e7,DESKTOP-32EH6N8$,S-1-5-18,-,Builtin,-,-,-,-,-,-,-,-,S-1-5-32-551,Backup Operators,-,-,-,-,-,-,-,-,-,-,-,-,-,-,-,-,-,-,-,-,-,-,-,-,-,-,-,-,-,-,-,-,4799.0,0x3e7,-,Info,776,"10,068",{54849625-5478-4994-a5ba-3e3b0328c30d},Microsoft-Windows-Security-Auditing,2655.0,Security Group Management,-,-,-,-,-,-,-,-
30,"Oct 25, 2022 @ 04:38:21.417",DESKTOP-32EH6N8,user-member-enumerated,4799,security,success,Microsoft-Windows-Security-Auditing,-,"group, info",-,-,-,-,-,Builtin,S-1-5-32-544,Administrators,x86_64,DESKTOP-32EH6N8,45429efd-c10a-4299-8a01-8a10b0cbf1b8,"fe80::7959:555c:b4f7:82d3, 192.168.170.20, fe80::f415:e770:257d:42d7, 169.254.66.215","00:0c:29:6e:f6:d9, f8:89:d2:da:70:74",DESKTOP-32EH6N8,19044.1288,windows,10.0.19041.1288 (WinBuild.160101.0800),Windows 10 Pro,Windows 10 Pro,windows,windows,10.0,information,"A security-enabled local group membership was enumerated.

Subject:
	Security ID:		S-1-5-18
	Account Name:		DESKTOP-32EH6N8$
	Account Domain:		WORKGROUP
	Logon ID:		0x3E7

Group:
	Security ID:		S-1-5-32-544
	Group Name:		Administrators
	Group Domain:		Builtin

Process Information:
	Process ID:		0x7b0
	Process Name:		C:\Windows\System32\VSSVC.exe",-,-,-,-,-,-,-,-,-,-,-,-,-,-,-,-,-,-,-,-,-,-,-,-,-,-,-,-,-,-,-,-,-,DESKTOP-32EH6N8$,-,-,-,WORKGROUP,-,-,-,S-1-5-18,DESKTOP-32EH6N8$,DESKTOP-32EH6N8$,-,-,-,-,{96d05236-e7e2-0002-7b52-d096e2e7d801},wineventlog,Security,DESKTOP-32EH6N8,-,-,-,-,0x7b0,C:\Windows\System32\VSSVC.exe,-,-,-,-,-,-,-,-,-,-,-,-,-,-,-,-,-,-,-,-,-,-,-,-,-,-,-,-,-,-,-,-,-,-,-,-,-,-,-,-,-,-,-,-,-,-,-,-,-,-,-,WORKGROUP,0x3e7,DESKTOP-32EH6N8$,S-1-5-18,-,Builtin,-,-,-,-,-,-,-,-,S-1-5-32-544,Administrators,-,-,-,-,-,-,-,-,-,-,-,-,-,-,-,-,-,-,-,-,-,-,-,-,-,-,-,-,-,-,-,-,4799.0,0x3e7,-,Info,776,"10,068",{54849625-5478-4994-a5ba-3e3b0328c30d},Microsoft-Windows-Security-Auditing,2654.0,Security Group Management,-,-,-,-,-,-,-,-
31,"Oct 25, 2022 @ 04:38:21.394",DESKTOP-32EH6N8,logged-in,4624,security,success,Microsoft-Windows-Security-Auditing,-,start,-,-,-,-,-,-,-,-,x86_64,DESKTOP-32EH6N8,45429efd-c10a-4299-8a01-8a10b0cbf1b8,"fe80::7959:555c:b4f7:82d3, 192.168.170.20, fe80::f415:e770:257d:42d7, 169.254.66.215","00:0c:29:6e:f6:d9, f8:89:d2:da:70:74",DESKTOP-32EH6N8,19044.1288,windows,10.0.19041.1288 (WinBuild.160101.0800),Windows 10 Pro,Windows 10 Pro,windows,windows,10.0,information,"An account was successfully logged on.

Subject:
	Security ID:		S-1-5-18
	Account Name:		DESKTOP-32EH6N8$
	Account Domain:		WORKGROUP
	Logon ID:		0x3E7

Logon Information:
	Logon Type:		5
	Restricted Admin Mode:	-
	Virtual Account:		No
	Elevated Token:		Yes

Impersonation Level:		Impersonation

New Logon:
	Security ID:		S-1-5-18
	Account Name:		SYSTEM
	Account Domain:		NT AUTHORITY
	Logon ID:		0x3E7
	Linked Logon ID:		0x0
	Network Account Name:	-
	Network Account Domain:	-
	Logon GUID:		{00000000-0000-0000-0000-000000000000}

Process Information:
	Process ID:		0x2f0
	Process Name:		C:\Windows\System32\services.exe

Network Information:
	Workstation Name:	-
	Source Network Address:	-
	Source Port:		-

Detailed Authentication Information:
	Logon Process:		Advapi  
	Authentication Package:	Negotiate
	Transited Services:	-
	Package Name (NTLM only):	-
	Key Length:		0

This event is generated when a logon session is created. It is generated on the computer that was accessed.

The subject fields indicate the account on the local system which requested the logon. This is most commonly a service such as the Server service, or a local process such as Winlogon.exe or Services.exe.

The logon type field indicates the kind of logon that occurred. The most common types are 2 (interactive) and 3 (network).

The New Logon fields indicate the account for whom the new logon was created, i.e. the account that was logged on.

The network fields indicate where a remote logon request originated. Workstation name is not always available and may be left blank in some cases.

The impersonation level field indicates the extent to which a process in the logon session can impersonate.

The authentication information fields provide detailed information about this specific logon request.
	- Logon GUID is a unique identifier that can be used to correlate this event with a KDC event.
	- Transited services indicate which intermediate services have participated in this logon request.
	- Package name indicates which sub-protocol was used among the NTLM protocols.
	- Key length indicates the length of the generated session key. This will be 0 if no session key was requested.",-,-,-,-,-,-,-,-,-,-,-,-,-,-,-,-,-,-,-,-,-,-,-,-,-,C:\Windows\System32\services.exe,C:\Windows\System32\services.exe,services.exe,services.exe,752,-,-,-,"SYSTEM, DESKTOP-32EH6N8$",-,-,-,NT AUTHORITY,-,-,-,S-1-5-18,SYSTEM,SYSTEM,-,-,-,-,{96d05236-e7e2-0002-7b52-d096e2e7d801},wineventlog,Security,DESKTOP-32EH6N8,-,-,Negotiate,-,-,-,-,-,-,-,-,-,-,-,%%1842,-,-,-,-,-,-,%%1833,-,-,-,0,-,-,-,-,{00000000-0000-0000-0000-000000000000},Advapi  ,5,-,-,-,-,-,-,-,-,-,-,-,-,-,-,-,-,-,-,-,-,-,-,-,-,WORKGROUP,0x3e7,DESKTOP-32EH6N8$,S-1-5-18,-,NT AUTHORITY,-,0x0,-,0x3e7,-,-,-,-,-,SYSTEM,S-1-5-18,-,-,-,-,-,-,%%1843,-,-,-,-,-,-,-,-,-,-,-,-,-,-,-,-,-,-,-,-,-,-,-,-,4624.0,0x3e7,Service,Info,776,"10,068",{54849625-5478-4994-a5ba-3e3b0328c30d},Microsoft-Windows-Security-Auditing,2652.0,Logon,-,-,-,-,-,-,-,2
32,"Oct 25, 2022 @ 04:38:21.394",DESKTOP-32EH6N8,logged-in-special,4672,security,success,Microsoft-Windows-Security-Auditing,-,admin,-,-,-,-,-,-,-,-,x86_64,DESKTOP-32EH6N8,45429efd-c10a-4299-8a01-8a10b0cbf1b8,"fe80::7959:555c:b4f7:82d3, 192.168.170.20, fe80::f415:e770:257d:42d7, 169.254.66.215","00:0c:29:6e:f6:d9, f8:89:d2:da:70:74",DESKTOP-32EH6N8,19044.1288,windows,10.0.19041.1288 (WinBuild.160101.0800),Windows 10 Pro,Windows 10 Pro,windows,windows,10.0,information,"Special privileges assigned to new logon.

Subject:
	Security ID:		S-1-5-18
	Account Name:		SYSTEM
	Account Domain:		NT AUTHORITY
	Logon ID:		0x3E7

Privileges:		SeAssignPrimaryTokenPrivilege
			SeTcbPrivilege
			SeSecurityPrivilege
			SeTakeOwnershipPrivilege
			SeLoadDriverPrivilege
			SeBackupPrivilege
			SeRestorePrivilege
			SeDebugPrivilege
			SeAuditPrivilege
			SeSystemEnvironmentPrivilege
			SeImpersonatePrivilege
			SeDelegateSessionUserImpersonatePrivilege",-,-,-,-,-,-,-,-,-,-,-,-,-,-,-,-,-,-,-,-,-,-,-,-,-,-,-,-,-,-,-,-,-,SYSTEM,-,-,-,NT AUTHORITY,-,-,-,S-1-5-18,SYSTEM,SYSTEM,-,-,-,-,{96d05236-e7e2-0002-7b52-d096e2e7d801},wineventlog,Security,DESKTOP-32EH6N8,-,-,-,-,-,-,-,-,-,-,-,-,-,-,-,-,-,-,-,-,-,-,-,-,-,-,-,-,-,-,-,-,-,-,-,-,-,-,-,-,-,-,-,"SeAssignPrimaryTokenPrivilege, SeTcbPrivilege, SeSecurityPrivilege, SeTakeOwnershipPrivilege, SeLoadDriverPrivilege, SeBackupPrivilege, SeRestorePrivilege, SeDebugPrivilege, SeAuditPrivilege, SeSystemEnvironmentPrivilege, SeImpersonatePrivilege, SeDelegateSessionUserImpersonatePrivilege",-,-,-,-,-,-,-,-,-,-,-,-,-,NT AUTHORITY,0x3e7,SYSTEM,S-1-5-18,-,-,-,-,-,-,-,-,-,-,-,-,-,-,-,-,-,-,-,-,-,-,-,-,-,-,-,-,-,-,-,-,-,-,-,-,-,-,-,-,-,-,-,-,4672.0,0x3e7,-,Info,776,"10,068",{54849625-5478-4994-a5ba-3e3b0328c30d},Microsoft-Windows-Security-Auditing,2653.0,Special Logon,-,-,-,-,-,-,-,-
33,"Oct 25, 2022 @ 04:36:57.674",DESKTOP-32EH6N8,None,1001,-,-,Windows Error Reporting,-,-,-,-,-,-,-,-,-,-,x86_64,DESKTOP-32EH6N8,45429efd-c10a-4299-8a01-8a10b0cbf1b8,"fe80::7959:555c:b4f7:82d3, 192.168.170.20, fe80::f415:e770:257d:42d7, 169.254.66.215","00:0c:29:6e:f6:d9, f8:89:d2:da:70:74",DESKTOP-32EH6N8,19044.1288,windows,10.0.19041.1288 (WinBuild.160101.0800),Windows 10 Pro,Windows 10 Pro,windows,windows,10.0,information,"Fault bucket 2242178912029544707, type 5
Event Name: RADAR_PRE_LEAK_64
Response: Not available
Cab Id: 0

Problem signature:
P1: TiWorker.exe
P2: 10.0.19041.1940
P3: 10.0.19044.2.0.0
P4: 
P5: 
P6: 
P7: 
P8: 
P9: 
P10: 

Attached files:
\\?\C:\Users\zhongli\AppData\Local\Temp\RDR804B.tmp\empty.txt
\\?\C:\ProgramData\Microsoft\Windows\WER\Temp\WER804C.tmp.WERInternalMetadata.xml
\\?\C:\ProgramData\Microsoft\Windows\WER\Temp\WER805D.tmp.xml
\\?\C:\ProgramData\Microsoft\Windows\WER\Temp\WER805A.tmp.csv
\\?\C:\ProgramData\Microsoft\Windows\WER\Temp\WER806A.tmp.txt

These files may be available here:


Analysis symbol: 
Rechecking for solution: 0
Report Id: 267f1c7c-8f89-428e-b30f-46af63f5a340
Report Status: 268435456
Hashed bucket: 75c32ce0ef8780e86f1dd1d746649103
Cab Guid: 0",-,-,-,-,-,-,-,-,-,-,-,-,-,-,-,-,-,-,-,-,-,-,-,-,-,-,-,-,-,-,-,-,-,-,-,-,-,-,-,-,-,-,-,-,-,-,-,-,-,wineventlog,Application,DESKTOP-32EH6N8,-,-,-,-,-,-,-,-,-,-,-,-,-,-,-,-,-,-,-,-,-,-,-,-,-,-,-,-,-,-,-,-,-,-,-,-,-,-,-,-,-,-,-,-,-,-,-,-,-,-,-,-,-,-,-,-,-,-,-,-,-,-,-,-,-,-,-,-,-,-,-,-,-,-,-,-,-,-,-,-,-,-,-,2242178912029544707,-,-,"
\\?\C:\Users\zhongli\AppData\Local\Temp\RDR804B.tmp\empty.txt
\\?\C:\ProgramData\Microsoft\Windows\WER\Temp\WER804C.tmp.WERInternalMetadata.xml
\\?\C:\ProgramData\Microsoft\Windows\WER\Temp\WER805D.tmp.xml
\\?\C:\ProgramData\Microsoft\Windows\WER\Temp\WER805A.tmp.csv
\\?\C:\ProgramData\Microsoft\Windows\WER\Temp\WER806A.tmp.txt",-,0,5,267f1c7c-8f89-428e-b30f-46af63f5a340,268435456,75c32ce0ef8780e86f1dd1d746649103,0,RADAR_PRE_LEAK_64,Not available,0,TiWorker.exe,10.0.19041.1940,10.0.19044.2.0.0,-,-,-,-,-,1001.0,-,-,Info,-,-,-,Windows Error Reporting,582.0,None,-,-,-,-,-,-,-,-
34,"Oct 25, 2022 @ 04:36:40.799",DESKTOP-32EH6N8,logged-in,4624,security,success,Microsoft-Windows-Security-Auditing,-,start,-,-,-,-,-,-,-,-,x86_64,DESKTOP-32EH6N8,45429efd-c10a-4299-8a01-8a10b0cbf1b8,"fe80::7959:555c:b4f7:82d3, 192.168.170.20, fe80::f415:e770:257d:42d7, 169.254.66.215","00:0c:29:6e:f6:d9, f8:89:d2:da:70:74",DESKTOP-32EH6N8,19044.1288,windows,10.0.19041.1288 (WinBuild.160101.0800),Windows 10 Pro,Windows 10 Pro,windows,windows,10.0,information,"An account was successfully logged on.

Subject:
	Security ID:		S-1-5-18
	Account Name:		DESKTOP-32EH6N8$
	Account Domain:		WORKGROUP
	Logon ID:		0x3E7

Logon Information:
	Logon Type:		5
	Restricted Admin Mode:	-
	Virtual Account:		No
	Elevated Token:		Yes

Impersonation Level:		Impersonation

New Logon:
	Security ID:		S-1-5-18
	Account Name:		SYSTEM
	Account Domain:		NT AUTHORITY
	Logon ID:		0x3E7
	Linked Logon ID:		0x0
	Network Account Name:	-
	Network Account Domain:	-
	Logon GUID:		{00000000-0000-0000-0000-000000000000}

Process Information:
	Process ID:		0x2f0
	Process Name:		C:\Windows\System32\services.exe

Network Information:
	Workstation Name:	-
	Source Network Address:	-
	Source Port:		-

Detailed Authentication Information:
	Logon Process:		Advapi  
	Authentication Package:	Negotiate
	Transited Services:	-
	Package Name (NTLM only):	-
	Key Length:		0

This event is generated when a logon session is created. It is generated on the computer that was accessed.

The subject fields indicate the account on the local system which requested the logon. This is most commonly a service such as the Server service, or a local process such as Winlogon.exe or Services.exe.

The logon type field indicates the kind of logon that occurred. The most common types are 2 (interactive) and 3 (network).

The New Logon fields indicate the account for whom the new logon was created, i.e. the account that was logged on.

The network fields indicate where a remote logon request originated. Workstation name is not always available and may be left blank in some cases.

The impersonation level field indicates the extent to which a process in the logon session can impersonate.

The authentication information fields provide detailed information about this specific logon request.
	- Logon GUID is a unique identifier that can be used to correlate this event with a KDC event.
	- Transited services indicate which intermediate services have participated in this logon request.
	- Package name indicates which sub-protocol was used among the NTLM protocols.
	- Key length indicates the length of the generated session key. This will be 0 if no session key was requested.",-,-,-,-,-,-,-,-,-,-,-,-,-,-,-,-,-,-,-,-,-,-,-,-,-,C:\Windows\System32\services.exe,C:\Windows\System32\services.exe,services.exe,services.exe,752,-,-,-,"SYSTEM, DESKTOP-32EH6N8$",-,-,-,NT AUTHORITY,-,-,-,S-1-5-18,SYSTEM,SYSTEM,-,-,-,-,{96d05236-e7e2-0002-7b52-d096e2e7d801},wineventlog,Security,DESKTOP-32EH6N8,-,-,Negotiate,-,-,-,-,-,-,-,-,-,-,-,%%1842,-,-,-,-,-,-,%%1833,-,-,-,0,-,-,-,-,{00000000-0000-0000-0000-000000000000},Advapi  ,5,-,-,-,-,-,-,-,-,-,-,-,-,-,-,-,-,-,-,-,-,-,-,-,-,WORKGROUP,0x3e7,DESKTOP-32EH6N8$,S-1-5-18,-,NT AUTHORITY,-,0x0,-,0x3e7,-,-,-,-,-,SYSTEM,S-1-5-18,-,-,-,-,-,-,%%1843,-,-,-,-,-,-,-,-,-,-,-,-,-,-,-,-,-,-,-,-,-,-,-,-,4624.0,0x3e7,Service,Info,776,848,{54849625-5478-4994-a5ba-3e3b0328c30d},Microsoft-Windows-Security-Auditing,2650.0,Logon,-,-,-,-,-,-,-,2
35,"Oct 25, 2022 @ 04:36:40.799",DESKTOP-32EH6N8,logged-in-special,4672,security,success,Microsoft-Windows-Security-Auditing,-,admin,-,-,-,-,-,-,-,-,x86_64,DESKTOP-32EH6N8,45429efd-c10a-4299-8a01-8a10b0cbf1b8,"fe80::7959:555c:b4f7:82d3, 192.168.170.20, fe80::f415:e770:257d:42d7, 169.254.66.215","00:0c:29:6e:f6:d9, f8:89:d2:da:70:74",DESKTOP-32EH6N8,19044.1288,windows,10.0.19041.1288 (WinBuild.160101.0800),Windows 10 Pro,Windows 10 Pro,windows,windows,10.0,information,"Special privileges assigned to new logon.

Subject:
	Security ID:		S-1-5-18
	Account Name:		SYSTEM
	Account Domain:		NT AUTHORITY
	Logon ID:		0x3E7

Privileges:		SeAssignPrimaryTokenPrivilege
			SeTcbPrivilege
			SeSecurityPrivilege
			SeTakeOwnershipPrivilege
			SeLoadDriverPrivilege
			SeBackupPrivilege
			SeRestorePrivilege
			SeDebugPrivilege
			SeAuditPrivilege
			SeSystemEnvironmentPrivilege
			SeImpersonatePrivilege
			SeDelegateSessionUserImpersonatePrivilege",-,-,-,-,-,-,-,-,-,-,-,-,-,-,-,-,-,-,-,-,-,-,-,-,-,-,-,-,-,-,-,-,-,SYSTEM,-,-,-,NT AUTHORITY,-,-,-,S-1-5-18,SYSTEM,SYSTEM,-,-,-,-,{96d05236-e7e2-0002-7b52-d096e2e7d801},wineventlog,Security,DESKTOP-32EH6N8,-,-,-,-,-,-,-,-,-,-,-,-,-,-,-,-,-,-,-,-,-,-,-,-,-,-,-,-,-,-,-,-,-,-,-,-,-,-,-,-,-,-,-,"SeAssignPrimaryTokenPrivilege, SeTcbPrivilege, SeSecurityPrivilege, SeTakeOwnershipPrivilege, SeLoadDriverPrivilege, SeBackupPrivilege, SeRestorePrivilege, SeDebugPrivilege, SeAuditPrivilege, SeSystemEnvironmentPrivilege, SeImpersonatePrivilege, SeDelegateSessionUserImpersonatePrivilege",-,-,-,-,-,-,-,-,-,-,-,-,-,NT AUTHORITY,0x3e7,SYSTEM,S-1-5-18,-,-,-,-,-,-,-,-,-,-,-,-,-,-,-,-,-,-,-,-,-,-,-,-,-,-,-,-,-,-,-,-,-,-,-,-,-,-,-,-,-,-,-,-,4672.0,0x3e7,-,Info,776,848,{54849625-5478-4994-a5ba-3e3b0328c30d},Microsoft-Windows-Security-Auditing,2651.0,Special Logon,-,-,-,-,-,-,-,-
36,"Oct 25, 2022 @ 04:36:30.797",DESKTOP-32EH6N8,logged-in,4624,security,success,Microsoft-Windows-Security-Auditing,-,start,-,-,-,-,-,-,-,-,x86_64,DESKTOP-32EH6N8,45429efd-c10a-4299-8a01-8a10b0cbf1b8,"fe80::7959:555c:b4f7:82d3, 192.168.170.20, fe80::f415:e770:257d:42d7, 169.254.66.215","00:0c:29:6e:f6:d9, f8:89:d2:da:70:74",DESKTOP-32EH6N8,19044.1288,windows,10.0.19041.1288 (WinBuild.160101.0800),Windows 10 Pro,Windows 10 Pro,windows,windows,10.0,information,"An account was successfully logged on.

Subject:
	Security ID:		S-1-5-18
	Account Name:		DESKTOP-32EH6N8$
	Account Domain:		WORKGROUP
	Logon ID:		0x3E7

Logon Information:
	Logon Type:		5
	Restricted Admin Mode:	-
	Virtual Account:		No
	Elevated Token:		Yes

Impersonation Level:		Impersonation

New Logon:
	Security ID:		S-1-5-18
	Account Name:		SYSTEM
	Account Domain:		NT AUTHORITY
	Logon ID:		0x3E7
	Linked Logon ID:		0x0
	Network Account Name:	-
	Network Account Domain:	-
	Logon GUID:		{00000000-0000-0000-0000-000000000000}

Process Information:
	Process ID:		0x2f0
	Process Name:		C:\Windows\System32\services.exe

Network Information:
	Workstation Name:	-
	Source Network Address:	-
	Source Port:		-

Detailed Authentication Information:
	Logon Process:		Advapi  
	Authentication Package:	Negotiate
	Transited Services:	-
	Package Name (NTLM only):	-
	Key Length:		0

This event is generated when a logon session is created. It is generated on the computer that was accessed.

The subject fields indicate the account on the local system which requested the logon. This is most commonly a service such as the Server service, or a local process such as Winlogon.exe or Services.exe.

The logon type field indicates the kind of logon that occurred. The most common types are 2 (interactive) and 3 (network).

The New Logon fields indicate the account for whom the new logon was created, i.e. the account that was logged on.

The network fields indicate where a remote logon request originated. Workstation name is not always available and may be left blank in some cases.

The impersonation level field indicates the extent to which a process in the logon session can impersonate.

The authentication information fields provide detailed information about this specific logon request.
	- Logon GUID is a unique identifier that can be used to correlate this event with a KDC event.
	- Transited services indicate which intermediate services have participated in this logon request.
	- Package name indicates which sub-protocol was used among the NTLM protocols.
	- Key length indicates the length of the generated session key. This will be 0 if no session key was requested.",-,-,-,-,-,-,-,-,-,-,-,-,-,-,-,-,-,-,-,-,-,-,-,-,-,C:\Windows\System32\services.exe,C:\Windows\System32\services.exe,services.exe,services.exe,752,-,-,-,"SYSTEM, DESKTOP-32EH6N8$",-,-,-,NT AUTHORITY,-,-,-,S-1-5-18,SYSTEM,SYSTEM,-,-,-,-,{96d05236-e7e2-0002-7b52-d096e2e7d801},wineventlog,Security,DESKTOP-32EH6N8,-,-,Negotiate,-,-,-,-,-,-,-,-,-,-,-,%%1842,-,-,-,-,-,-,%%1833,-,-,-,0,-,-,-,-,{00000000-0000-0000-0000-000000000000},Advapi  ,5,-,-,-,-,-,-,-,-,-,-,-,-,-,-,-,-,-,-,-,-,-,-,-,-,WORKGROUP,0x3e7,DESKTOP-32EH6N8$,S-1-5-18,-,NT AUTHORITY,-,0x0,-,0x3e7,-,-,-,-,-,SYSTEM,S-1-5-18,-,-,-,-,-,-,%%1843,-,-,-,-,-,-,-,-,-,-,-,-,-,-,-,-,-,-,-,-,-,-,-,-,4624.0,0x3e7,Service,Info,776,"10,068",{54849625-5478-4994-a5ba-3e3b0328c30d},Microsoft-Windows-Security-Auditing,2648.0,Logon,-,-,-,-,-,-,-,2
37,"Oct 25, 2022 @ 04:36:30.797",DESKTOP-32EH6N8,logged-in-special,4672,security,success,Microsoft-Windows-Security-Auditing,-,admin,-,-,-,-,-,-,-,-,x86_64,DESKTOP-32EH6N8,45429efd-c10a-4299-8a01-8a10b0cbf1b8,"fe80::7959:555c:b4f7:82d3, 192.168.170.20, fe80::f415:e770:257d:42d7, 169.254.66.215","00:0c:29:6e:f6:d9, f8:89:d2:da:70:74",DESKTOP-32EH6N8,19044.1288,windows,10.0.19041.1288 (WinBuild.160101.0800),Windows 10 Pro,Windows 10 Pro,windows,windows,10.0,information,"Special privileges assigned to new logon.

Subject:
	Security ID:		S-1-5-18
	Account Name:		SYSTEM
	Account Domain:		NT AUTHORITY
	Logon ID:		0x3E7

Privileges:		SeAssignPrimaryTokenPrivilege
			SeTcbPrivilege
			SeSecurityPrivilege
			SeTakeOwnershipPrivilege
			SeLoadDriverPrivilege
			SeBackupPrivilege
			SeRestorePrivilege
			SeDebugPrivilege
			SeAuditPrivilege
			SeSystemEnvironmentPrivilege
			SeImpersonatePrivilege
			SeDelegateSessionUserImpersonatePrivilege",-,-,-,-,-,-,-,-,-,-,-,-,-,-,-,-,-,-,-,-,-,-,-,-,-,-,-,-,-,-,-,-,-,SYSTEM,-,-,-,NT AUTHORITY,-,-,-,S-1-5-18,SYSTEM,SYSTEM,-,-,-,-,{96d05236-e7e2-0002-7b52-d096e2e7d801},wineventlog,Security,DESKTOP-32EH6N8,-,-,-,-,-,-,-,-,-,-,-,-,-,-,-,-,-,-,-,-,-,-,-,-,-,-,-,-,-,-,-,-,-,-,-,-,-,-,-,-,-,-,-,"SeAssignPrimaryTokenPrivilege, SeTcbPrivilege, SeSecurityPrivilege, SeTakeOwnershipPrivilege, SeLoadDriverPrivilege, SeBackupPrivilege, SeRestorePrivilege, SeDebugPrivilege, SeAuditPrivilege, SeSystemEnvironmentPrivilege, SeImpersonatePrivilege, SeDelegateSessionUserImpersonatePrivilege",-,-,-,-,-,-,-,-,-,-,-,-,-,NT AUTHORITY,0x3e7,SYSTEM,S-1-5-18,-,-,-,-,-,-,-,-,-,-,-,-,-,-,-,-,-,-,-,-,-,-,-,-,-,-,-,-,-,-,-,-,-,-,-,-,-,-,-,-,-,-,-,-,4672.0,0x3e7,-,Info,776,"10,068",{54849625-5478-4994-a5ba-3e3b0328c30d},Microsoft-Windows-Security-Auditing,2649.0,Special Logon,-,-,-,-,-,-,-,-
38,"Oct 25, 2022 @ 04:35:57.369",DESKTOP-32EH6N8,Engine Lifecycle,403,powershell,-,PowerShell,19,end,-,-,-,-,-,-,-,-,x86_64,DESKTOP-32EH6N8,45429efd-c10a-4299-8a01-8a10b0cbf1b8,"fe80::7959:555c:b4f7:82d3, 192.168.170.20, fe80::f415:e770:257d:42d7, 169.254.66.215","00:0c:29:6e:f6:d9, f8:89:d2:da:70:74",DESKTOP-32EH6N8,19044.1288,windows,10.0.19041.1288 (WinBuild.160101.0800),Windows 10 Pro,Windows 10 Pro,windows,windows,10.0,information,"Engine state is changed from Available to Stopped. 

Details: 
	NewEngineState=Stopped
	PreviousEngineState=Available

	SequenceNumber=19

	HostName=ConsoleHost
	HostVersion=5.1.19041.1237
	HostId=6a48ad1f-a337-4099-8934-c29e134d04a3
	HostApplication=powershell .\encrypt.ps1 -key B5KyIru7em96jpU0l9cIkKPAOV0fs52khTlay13kp3P=
	EngineVersion=5.1.19041.1237
	RunspaceId=725da9ed-1097-4ef8-af57-8d25402ac907
	PipelineId=
	CommandName=
	CommandType=
	ScriptName=
	CommandPath=
	CommandLine=",-,-,-,-,-,-,-,Stopped,Available,5.1.19041.1237,-,-,-,-,5.1.19041.1237,-,-,725da9ed-1097-4ef8-af57-8d25402ac907,-,-,"powershell, .\encrypt.ps1, -key, B5KyIru7em96jpU0l9cIkKPAOV0fs52khTlay13kp3P=",4,powershell .\encrypt.ps1 -key B5KyIru7em96jpU0l9cIkKPAOV0fs52khTlay13kp3P=,powershell .\encrypt.ps1 -key B5KyIru7em96jpU0l9cIkKPAOV0fs52khTlay13kp3P=,6a48ad1f-a337-4099-8934-c29e134d04a3,-,-,-,-,-,ConsoleHost,ConsoleHost,-,-,-,-,-,-,-,-,-,-,-,-,-,-,-,-,-,wineventlog,Windows PowerShell,DESKTOP-32EH6N8,-,-,-,-,-,-,-,-,-,-,-,-,-,-,-,-,-,-,-,-,-,-,-,-,-,-,-,-,-,-,-,-,-,-,-,-,-,-,-,-,-,-,-,-,-,-,-,-,-,-,-,-,-,-,-,-,-,-,-,-,-,-,-,-,-,-,-,-,-,-,-,-,-,-,-,-,-,-,-,-,-,-,-,-,-,-,-,-,-,-,-,-,-,-,-,-,-,-,-,-,-,-,-,-,-,403.0,-,-,Info,-,-,-,PowerShell,353.0,Engine Lifecycle,-,-,-,-,-,-,-,-
39,"Oct 25, 2022 @ 04:35:57.009",DESKTOP-32EH6N8,Provider Lifecycle,600,powershell,-,PowerShell,17,info,-,-,-,-,-,-,-,-,x86_64,DESKTOP-32EH6N8,45429efd-c10a-4299-8a01-8a10b0cbf1b8,"fe80::7959:555c:b4f7:82d3, 192.168.170.20, fe80::f415:e770:257d:42d7, 169.254.66.215","00:0c:29:6e:f6:d9, f8:89:d2:da:70:74",DESKTOP-32EH6N8,19044.1288,windows,10.0.19041.1288 (WinBuild.160101.0800),Windows 10 Pro,Windows 10 Pro,windows,windows,10.0,information,"Provider ""Certificate"" is Started. 

Details: 
	ProviderName=Certificate
	NewProviderState=Started

	SequenceNumber=17

	HostName=ConsoleHost
	HostVersion=5.1.19041.1237
	HostId=6a48ad1f-a337-4099-8934-c29e134d04a3
	HostApplication=powershell .\encrypt.ps1 -key B5KyIru7em96jpU0l9cIkKPAOV0fs52khTlay13kp3P=
	EngineVersion=5.1.19041.1237
	RunspaceId=725da9ed-1097-4ef8-af57-8d25402ac907
	PipelineId=11
	CommandName=
	CommandType=
	ScriptName=
	CommandPath=
	CommandLine=",-,-,-,-,-,-,-,-,-,5.1.19041.1237,-,-,-,11,5.1.19041.1237,Certificate,Started,725da9ed-1097-4ef8-af57-8d25402ac907,-,-,"powershell, .\encrypt.ps1, -key, B5KyIru7em96jpU0l9cIkKPAOV0fs52khTlay13kp3P=",4,powershell .\encrypt.ps1 -key B5KyIru7em96jpU0l9cIkKPAOV0fs52khTlay13kp3P=,powershell .\encrypt.ps1 -key B5KyIru7em96jpU0l9cIkKPAOV0fs52khTlay13kp3P=,6a48ad1f-a337-4099-8934-c29e134d04a3,-,-,-,-,-,ConsoleHost,ConsoleHost,-,-,-,-,-,-,-,-,-,-,-,-,-,-,-,-,-,wineventlog,Windows PowerShell,DESKTOP-32EH6N8,-,-,-,-,-,-,-,-,-,-,-,-,-,-,-,-,-,-,-,-,-,-,-,-,-,-,-,-,-,-,-,-,-,-,-,-,-,-,-,-,-,-,-,-,-,-,-,-,-,-,-,-,-,-,-,-,-,-,-,-,-,-,-,-,-,-,-,-,-,-,-,-,-,-,-,-,-,-,-,-,-,-,-,-,-,-,-,-,-,-,-,-,-,-,-,-,-,-,-,-,-,-,-,-,-,600.0,-,-,Info,-,-,-,PowerShell,352.0,Provider Lifecycle,-,-,-,-,-,-,-,-
40,"Oct 25, 2022 @ 04:35:55.555",DESKTOP-32EH6N8,Executing Pipeline,4103,powershell,-,Microsoft-Windows-PowerShell,16,info,C:\Users\zhongli\Downloads\ransom,ps1,encrypt.ps1,C:\Users\zhongli\Downloads\ransom\encrypt.ps1,C:\Users\zhongli\Downloads\ransom\encrypt.ps1,-,-,-,x86_64,DESKTOP-32EH6N8,45429efd-c10a-4299-8a01-8a10b0cbf1b8,"fe80::7959:555c:b4f7:82d3, 192.168.170.20, fe80::f415:e770:257d:42d7, 169.254.66.215","00:0c:29:6e:f6:d9, f8:89:d2:da:70:74",DESKTOP-32EH6N8,19044.1288,windows,10.0.19041.1288 (WinBuild.160101.0800),Windows 10 Pro,Windows 10 Pro,windows,windows,10.0,information,"CommandInvocation(Add-Type): ""Add-Type""
ParameterBinding(Add-Type): name=""TypeDefinition""; value=""using System.Runtime.InteropServices; 
namespace Win32{ 
    
     public class Wallpaper{ 
        [DllImport(""user32.dll"", CharSet=CharSet.Auto)] 
         static extern int SystemParametersInfo (int uAction , int uParam , string lpvParam , int fuWinIni) ; 
         
         public static void SetWallpaper(string thePath){ 
            SystemParametersInfo(20,0,thePath,3); 
         }
    }
 } ""


Context:
        Severity = Informational
        Host Name = ConsoleHost
        Host Version = 5.1.19041.1237
        Host ID = 6a48ad1f-a337-4099-8934-c29e134d04a3
        Host Application = powershell .\encrypt.ps1 -key B5KyIru7em96jpU0l9cIkKPAOV0fs52khTlay13kp3P=
        Engine Version = 5.1.19041.1237
        Runspace ID = 725da9ed-1097-4ef8-af57-8d25402ac907
        Pipeline ID = 1
        Command Name = Add-Type
        Command Type = Cmdlet
        Script Name = C:\Users\zhongli\Downloads\ransom\encrypt.ps1
        Command Path = 
        Sequence Number = 16
        User = WORKGROUP\SYSTEM
        Connected User = 
        Shell ID = Microsoft.PowerShell


User Data:","""TypeDefinition""","Add-Type, Add-Type","CommandInvocation, ParameterBinding","""Add-Type"", ""using System.Runtime.InteropServices; , namespace Win32{ ,     ,      public class Wallpaper{ ,         [DllImport(""user32.dll"", CharSet=CharSet.Auto)] ,          static extern int SystemParametersInfo (int uAction , int uParam , string lpvParam , int fuWinIni) ; ,          ,          public static void SetWallpaper(string thePath){ ,             SystemParametersInfo(20,0,thePath,3); ,          },     },  } """,Add-Type,Cmdlet,-,-,-,5.1.19041.1237,-,-,Microsoft.PowerShell,1,5.1.19041.1237,-,-,725da9ed-1097-4ef8-af57-8d25402ac907,-,-,"powershell, .\encrypt.ps1, -key, B5KyIru7em96jpU0l9cIkKPAOV0fs52khTlay13kp3P=",4,powershell .\encrypt.ps1 -key B5KyIru7em96jpU0l9cIkKPAOV0fs52khTlay13kp3P=,powershell .\encrypt.ps1 -key B5KyIru7em96jpU0l9cIkKPAOV0fs52khTlay13kp3P=,6a48ad1f-a337-4099-8934-c29e134d04a3,-,-,-,-,-,ConsoleHost,ConsoleHost,-,SYSTEM,-,-,-,WORKGROUP,-,-,-,S-1-5-18,SYSTEM,SYSTEM,-,-,-,-,{96d05236-e7e2-0007-996e-d096e2e7d801},wineventlog,Microsoft-Windows-PowerShell/Operational,DESKTOP-32EH6N8,-,-,-,-,-,-,-,-,-,-,-,-,-,-,-,-,-,-,-,-,-,-,-,-,-,-,-,-,-,-,-,-,-,-,-,-,-,-,-,-,-,-,-,-,-,-,-,-,-,-,-,-,-,-,-,-,-,-,-,-,-,-,-,-,-,-,-,-,-,-,-,-,-,-,-,-,-,-,-,-,-,-,-,-,-,-,-,-,-,-,-,-,-,-,-,-,-,-,-,-,-,-,-,-,-,4103.0,-,-,To be used when operation is just executing a method,"5,032","10,568",{a0c1853b-5c40-4b15-8766-3cf1c58f985a},Microsoft-Windows-PowerShell,88.0,Executing Pipeline,NT AUTHORITY,S-1-5-18,SYSTEM,User,-,-,-,1
41,"Oct 25, 2022 @ 04:35:55.549",DESKTOP-32EH6N8,Pipeline Execution Details,800,powershell,-,PowerShell,15,info,C:\Users\zhongli\Downloads\ransom,ps1,encrypt.ps1,C:\Users\zhongli\Downloads\ransom\encrypt.ps1,C:\Users\zhongli\Downloads\ransom\encrypt.ps1,-,-,-,x86_64,DESKTOP-32EH6N8,45429efd-c10a-4299-8a01-8a10b0cbf1b8,"fe80::7959:555c:b4f7:82d3, 192.168.170.20, fe80::f415:e770:257d:42d7, 169.254.66.215","00:0c:29:6e:f6:d9, f8:89:d2:da:70:74",DESKTOP-32EH6N8,19044.1288,windows,10.0.19041.1288 (WinBuild.160101.0800),Windows 10 Pro,Windows 10 Pro,windows,windows,10.0,information,"Pipeline execution details for command line: add-type $code 
. 

Context Information: 
	DetailSequence=1
	DetailTotal=1

	SequenceNumber=15

	UserId=WORKGROUP\SYSTEM
	HostName=ConsoleHost
	HostVersion=5.1.19041.1237
	HostId=6a48ad1f-a337-4099-8934-c29e134d04a3
	HostApplication=powershell .\encrypt.ps1 -key B5KyIru7em96jpU0l9cIkKPAOV0fs52khTlay13kp3P=
	EngineVersion=5.1.19041.1237
	RunspaceId=725da9ed-1097-4ef8-af57-8d25402ac907
	PipelineId=1
	ScriptName=C:\Users\zhongli\Downloads\ransom\encrypt.ps1
	CommandLine=add-type $code 
 

Details: 
CommandInvocation(Add-Type): ""Add-Type""
ParameterBinding(Add-Type): name=""TypeDefinition""; value=""using System.Runtime.InteropServices; 
namespace Win32{ 
    
     public class Wallpaper{ 
        [DllImport(""user32.dll"", CharSet=CharSet.Auto)] 
         static extern int SystemParametersInfo (int uAction , int uParam , string lpvParam , int fuWinIni) ; 
         
         public static void SetWallpaper(string thePath){ 
            SystemParametersInfo(20,0,thePath,3); 
         }
    }
 } ""","""TypeDefinition""","Add-Type, Add-Type","CommandInvocation, ParameterBinding","""Add-Type"", ""using System.Runtime.InteropServices; , namespace Win32{ ,     ,      public class Wallpaper{ ,         [DllImport(""user32.dll"", CharSet=CharSet.Auto)] ,          static extern int SystemParametersInfo (int uAction , int uParam , string lpvParam , int fuWinIni) ; ,          ,          public static void SetWallpaper(string thePath){ ,             SystemParametersInfo(20,0,thePath,3); ,          },     },  } """,-,-,add-type $code ,-,-,5.1.19041.1237,-,-,-,1,5.1.19041.1237,-,-,725da9ed-1097-4ef8-af57-8d25402ac907,1,1,"powershell, .\encrypt.ps1, -key, B5KyIru7em96jpU0l9cIkKPAOV0fs52khTlay13kp3P=",4,powershell .\encrypt.ps1 -key B5KyIru7em96jpU0l9cIkKPAOV0fs52khTlay13kp3P=,powershell .\encrypt.ps1 -key B5KyIru7em96jpU0l9cIkKPAOV0fs52khTlay13kp3P=,6a48ad1f-a337-4099-8934-c29e134d04a3,-,-,-,-,-,ConsoleHost,ConsoleHost,-,SYSTEM,-,-,-,WORKGROUP,-,-,-,-,SYSTEM,SYSTEM,-,-,-,-,-,wineventlog,Windows PowerShell,DESKTOP-32EH6N8,-,-,-,-,-,-,-,-,-,-,-,-,-,-,-,-,-,-,-,-,-,-,-,-,-,-,-,-,-,-,-,-,-,-,-,-,-,-,-,-,-,-,-,-,-,-,-,-,-,-,-,-,-,-,-,-,-,-,-,-,-,-,-,-,-,-,-,-,-,-,-,-,-,-,-,-,-,-,-,-,-,-,-,-,-,-,-,-,-,-,-,-,-,-,-,-,-,-,-,-,-,-,-,-,-,800.0,-,-,Info,-,-,-,PowerShell,351.0,Pipeline Execution Details,-,-,-,-,-,-,-,-
