82,"Oct 25, 2022 @ 04:30:59.790",DESKTOP-32EH6N8,audit-setting-changed,4907,security,success,Microsoft-Windows-Security-Auditing,-,"admin, change",-,-,-,-,-,-,-,-,x86_64,DESKTOP-32EH6N8,45429efd-c10a-4299-8a01-8a10b0cbf1b8,"fe80::7959:555c:b4f7:82d3, 192.168.170.20, fe80::f415:e770:257d:42d7, 169.254.66.215","00:0c:29:6e:f6:d9, f8:89:d2:da:70:74",DESKTOP-32EH6N8,19044.1288,windows,10.0.19041.1288 (WinBuild.160101.0800),Windows 10 Pro,Windows 10 Pro,windows,windows,10.0,information,"Auditing settings on object were changed.

Subject:
	Security ID:		S-1-5-18
	Account Name:		DESKTOP-32EH6N8$
	Account Domain:		WORKGROUP
	Logon ID:		0x3E7

Object:
	Object Server:	Security
	Object Type:	File
	Object Name:	C:\Windows\WinSxS\FileMaps\$$_logs_cbs_10a752bcbbaee88b.cdf-ms
	Handle ID:	0xa10

Process Information:
	Process ID:	0x7a0
	Process Name:	C:\Windows\WinSxS\amd64_microsoft-windows-servicingstack_31bf3856ad364e35_10.0.19041.1220_none_7e21bc567c7ed16b\TiWorker.exe

Auditing Settings:
	Original Security Descriptor:	
	New Security Descriptor:		S:ARAI(AU;SAFA;0x1f0116;;;WD)",-,-,-,-,-,-,-,-,-,-,-,-,-,-,-,-,-,-,-,-,-,-,-,-,-,C:\Windows\WinSxS\amd64_microsoft-windows-servicingstack_31bf3856ad364e35_10.0.19041.1220_none_7e21bc567c7ed16b\TiWorker.exe,C:\Windows\WinSxS\amd64_microsoft-windows-servicingstack_31bf3856ad364e35_10.0.19041.1220_none_7e21bc567c7ed16b\TiWorker.exe,TiWorker.exe,TiWorker.exe,"1,952",-,-,-,DESKTOP-32EH6N8$,-,-,-,WORKGROUP,-,-,-,S-1-5-18,DESKTOP-32EH6N8$,DESKTOP-32EH6N8$,-,-,-,-,-,wineventlog,Security,DESKTOP-32EH6N8,-,-,-,-,-,-,-,-,-,-,-,-,-,-,-,-,-,0xa10,-,-,-,-,-,-,-,-,-,-,-,-,-,-,-,S:ARAI(AU;SAFA;0x1f0116;;;WD),"Everyone :System Audit ([Write Owner, Syncronize, Write DACL, Read Control, Delete])",-,C:\Windows\WinSxS\FileMaps\$$_logs_cbs_10a752bcbbaee88b.cdf-ms,Security,File,-,-,-,-,-,-,-,-,-,-,-,-,-,-,-,-,-,-,WORKGROUP,0x3e7,DESKTOP-32EH6N8$,S-1-5-18,-,-,-,-,-,-,-,-,-,-,-,-,-,-,-,-,-,-,-,-,-,-,-,-,-,-,-,-,-,-,-,-,-,-,-,-,-,-,-,-,-,-,-,-,4907.0,0x3e7,-,Info,4,"4,224",{54849625-5478-4994-a5ba-3e3b0328c30d},Microsoft-Windows-Security-Auditing,2639.0,Audit Policy Change,-,-,-,-,-,-,-,-
83,"Oct 25, 2022 @ 04:30:59.788",DESKTOP-32EH6N8,audit-setting-changed,4907,security,success,Microsoft-Windows-Security-Auditing,-,"admin, change",-,-,-,-,-,-,-,-,x86_64,DESKTOP-32EH6N8,45429efd-c10a-4299-8a01-8a10b0cbf1b8,"fe80::7959:555c:b4f7:82d3, 192.168.170.20, fe80::f415:e770:257d:42d7, 169.254.66.215","00:0c:29:6e:f6:d9, f8:89:d2:da:70:74",DESKTOP-32EH6N8,19044.1288,windows,10.0.19041.1288 (WinBuild.160101.0800),Windows 10 Pro,Windows 10 Pro,windows,windows,10.0,information,"Auditing settings on object were changed.

Subject:
	Security ID:		S-1-5-18
	Account Name:		DESKTOP-32EH6N8$
	Account Domain:		WORKGROUP
	Logon ID:		0x3E7

Object:
	Object Server:	Security
	Object Type:	File
	Object Name:	C:\Windows\WinSxS\FileMaps\$$_servicing_packages_46c20bc5f833cc43.cdf-ms
	Handle ID:	0x8d8

Process Information:
	Process ID:	0x7a0
	Process Name:	C:\Windows\WinSxS\amd64_microsoft-windows-servicingstack_31bf3856ad364e35_10.0.19041.1220_none_7e21bc567c7ed16b\TiWorker.exe

Auditing Settings:
	Original Security Descriptor:	
	New Security Descriptor:		S:ARAI(AU;SAFA;0x1f0116;;;WD)",-,-,-,-,-,-,-,-,-,-,-,-,-,-,-,-,-,-,-,-,-,-,-,-,-,C:\Windows\WinSxS\amd64_microsoft-windows-servicingstack_31bf3856ad364e35_10.0.19041.1220_none_7e21bc567c7ed16b\TiWorker.exe,C:\Windows\WinSxS\amd64_microsoft-windows-servicingstack_31bf3856ad364e35_10.0.19041.1220_none_7e21bc567c7ed16b\TiWorker.exe,TiWorker.exe,TiWorker.exe,"1,952",-,-,-,DESKTOP-32EH6N8$,-,-,-,WORKGROUP,-,-,-,S-1-5-18,DESKTOP-32EH6N8$,DESKTOP-32EH6N8$,-,-,-,-,-,wineventlog,Security,DESKTOP-32EH6N8,-,-,-,-,-,-,-,-,-,-,-,-,-,-,-,-,-,0x8d8,-,-,-,-,-,-,-,-,-,-,-,-,-,-,-,S:ARAI(AU;SAFA;0x1f0116;;;WD),"Everyone :System Audit ([Write Owner, Syncronize, Write DACL, Read Control, Delete])",-,C:\Windows\WinSxS\FileMaps\$$_servicing_packages_46c20bc5f833cc43.cdf-ms,Security,File,-,-,-,-,-,-,-,-,-,-,-,-,-,-,-,-,-,-,WORKGROUP,0x3e7,DESKTOP-32EH6N8$,S-1-5-18,-,-,-,-,-,-,-,-,-,-,-,-,-,-,-,-,-,-,-,-,-,-,-,-,-,-,-,-,-,-,-,-,-,-,-,-,-,-,-,-,-,-,-,-,4907.0,0x3e7,-,Info,4,"4,224",{54849625-5478-4994-a5ba-3e3b0328c30d},Microsoft-Windows-Security-Auditing,2638.0,Audit Policy Change,-,-,-,-,-,-,-,-
84,"Oct 25, 2022 @ 04:30:59.787",DESKTOP-32EH6N8,audit-setting-changed,4907,security,success,Microsoft-Windows-Security-Auditing,-,"admin, change",-,-,-,-,-,-,-,-,x86_64,DESKTOP-32EH6N8,45429efd-c10a-4299-8a01-8a10b0cbf1b8,"fe80::7959:555c:b4f7:82d3, 192.168.170.20, fe80::f415:e770:257d:42d7, 169.254.66.215","00:0c:29:6e:f6:d9, f8:89:d2:da:70:74",DESKTOP-32EH6N8,19044.1288,windows,10.0.19041.1288 (WinBuild.160101.0800),Windows 10 Pro,Windows 10 Pro,windows,windows,10.0,information,"Auditing settings on object were changed.

Subject:
	Security ID:		S-1-5-18
	Account Name:		DESKTOP-32EH6N8$
	Account Domain:		WORKGROUP
	Logon ID:		0x3E7

Object:
	Object Server:	Security
	Object Type:	File
	Object Name:	C:\Windows\WinSxS\FileMaps\$$_servicing_sessions_5591aee9e2456a35.cdf-ms
	Handle ID:	0xb30

Process Information:
	Process ID:	0x7a0
	Process Name:	C:\Windows\WinSxS\amd64_microsoft-windows-servicingstack_31bf3856ad364e35_10.0.19041.1220_none_7e21bc567c7ed16b\TiWorker.exe

Auditing Settings:
	Original Security Descriptor:	
	New Security Descriptor:		S:ARAI(AU;SAFA;0x1f0116;;;WD)",-,-,-,-,-,-,-,-,-,-,-,-,-,-,-,-,-,-,-,-,-,-,-,-,-,C:\Windows\WinSxS\amd64_microsoft-windows-servicingstack_31bf3856ad364e35_10.0.19041.1220_none_7e21bc567c7ed16b\TiWorker.exe,C:\Windows\WinSxS\amd64_microsoft-windows-servicingstack_31bf3856ad364e35_10.0.19041.1220_none_7e21bc567c7ed16b\TiWorker.exe,TiWorker.exe,TiWorker.exe,"1,952",-,-,-,DESKTOP-32EH6N8$,-,-,-,WORKGROUP,-,-,-,S-1-5-18,DESKTOP-32EH6N8$,DESKTOP-32EH6N8$,-,-,-,-,-,wineventlog,Security,DESKTOP-32EH6N8,-,-,-,-,-,-,-,-,-,-,-,-,-,-,-,-,-,0xb30,-,-,-,-,-,-,-,-,-,-,-,-,-,-,-,S:ARAI(AU;SAFA;0x1f0116;;;WD),"Everyone :System Audit ([Write Owner, Syncronize, Write DACL, Read Control, Delete])",-,C:\Windows\WinSxS\FileMaps\$$_servicing_sessions_5591aee9e2456a35.cdf-ms,Security,File,-,-,-,-,-,-,-,-,-,-,-,-,-,-,-,-,-,-,WORKGROUP,0x3e7,DESKTOP-32EH6N8$,S-1-5-18,-,-,-,-,-,-,-,-,-,-,-,-,-,-,-,-,-,-,-,-,-,-,-,-,-,-,-,-,-,-,-,-,-,-,-,-,-,-,-,-,-,-,-,-,4907.0,0x3e7,-,Info,4,"4,224",{54849625-5478-4994-a5ba-3e3b0328c30d},Microsoft-Windows-Security-Auditing,2637.0,Audit Policy Change,-,-,-,-,-,-,-,-
85,"Oct 25, 2022 @ 04:30:59.785",DESKTOP-32EH6N8,audit-setting-changed,4907,security,success,Microsoft-Windows-Security-Auditing,-,"admin, change",-,-,-,-,-,-,-,-,x86_64,DESKTOP-32EH6N8,45429efd-c10a-4299-8a01-8a10b0cbf1b8,"fe80::7959:555c:b4f7:82d3, 192.168.170.20, fe80::f415:e770:257d:42d7, 169.254.66.215","00:0c:29:6e:f6:d9, f8:89:d2:da:70:74",DESKTOP-32EH6N8,19044.1288,windows,10.0.19041.1288 (WinBuild.160101.0800),Windows 10 Pro,Windows 10 Pro,windows,windows,10.0,information,"Auditing settings on object were changed.

Subject:
	Security ID:		S-1-5-18
	Account Name:		DESKTOP-32EH6N8$
	Account Domain:		WORKGROUP
	Logon ID:		0x3E7

Object:
	Object Server:	Security
	Object Type:	File
	Object Name:	C:\Windows\WinSxS\FileMaps\$$_servicing_sqm_51d9d5f9de5a2fa5.cdf-ms
	Handle ID:	0xa10

Process Information:
	Process ID:	0x7a0
	Process Name:	C:\Windows\WinSxS\amd64_microsoft-windows-servicingstack_31bf3856ad364e35_10.0.19041.1220_none_7e21bc567c7ed16b\TiWorker.exe

Auditing Settings:
	Original Security Descriptor:	
	New Security Descriptor:		S:ARAI(AU;SAFA;0x1f0116;;;WD)",-,-,-,-,-,-,-,-,-,-,-,-,-,-,-,-,-,-,-,-,-,-,-,-,-,C:\Windows\WinSxS\amd64_microsoft-windows-servicingstack_31bf3856ad364e35_10.0.19041.1220_none_7e21bc567c7ed16b\TiWorker.exe,C:\Windows\WinSxS\amd64_microsoft-windows-servicingstack_31bf3856ad364e35_10.0.19041.1220_none_7e21bc567c7ed16b\TiWorker.exe,TiWorker.exe,TiWorker.exe,"1,952",-,-,-,DESKTOP-32EH6N8$,-,-,-,WORKGROUP,-,-,-,S-1-5-18,DESKTOP-32EH6N8$,DESKTOP-32EH6N8$,-,-,-,-,-,wineventlog,Security,DESKTOP-32EH6N8,-,-,-,-,-,-,-,-,-,-,-,-,-,-,-,-,-,0xa10,-,-,-,-,-,-,-,-,-,-,-,-,-,-,-,S:ARAI(AU;SAFA;0x1f0116;;;WD),"Everyone :System Audit ([Write Owner, Syncronize, Write DACL, Read Control, Delete])",-,C:\Windows\WinSxS\FileMaps\$$_servicing_sqm_51d9d5f9de5a2fa5.cdf-ms,Security,File,-,-,-,-,-,-,-,-,-,-,-,-,-,-,-,-,-,-,WORKGROUP,0x3e7,DESKTOP-32EH6N8$,S-1-5-18,-,-,-,-,-,-,-,-,-,-,-,-,-,-,-,-,-,-,-,-,-,-,-,-,-,-,-,-,-,-,-,-,-,-,-,-,-,-,-,-,-,-,-,-,4907.0,0x3e7,-,Info,4,"4,224",{54849625-5478-4994-a5ba-3e3b0328c30d},Microsoft-Windows-Security-Auditing,2636.0,Audit Policy Change,-,-,-,-,-,-,-,-
86,"Oct 25, 2022 @ 04:30:59.783",DESKTOP-32EH6N8,audit-setting-changed,4907,security,success,Microsoft-Windows-Security-Auditing,-,"admin, change",-,-,-,-,-,-,-,-,x86_64,DESKTOP-32EH6N8,45429efd-c10a-4299-8a01-8a10b0cbf1b8,"fe80::7959:555c:b4f7:82d3, 192.168.170.20, fe80::f415:e770:257d:42d7, 169.254.66.215","00:0c:29:6e:f6:d9, f8:89:d2:da:70:74",DESKTOP-32EH6N8,19044.1288,windows,10.0.19041.1288 (WinBuild.160101.0800),Windows 10 Pro,Windows 10 Pro,windows,windows,10.0,information,"Auditing settings on object were changed.

Subject:
	Security ID:		S-1-5-18
	Account Name:		DESKTOP-32EH6N8$
	Account Domain:		WORKGROUP
	Logon ID:		0x3E7

Object:
	Object Server:	Security
	Object Type:	File
	Object Name:	C:\Windows\WinSxS\FileMaps\$$_servicing_version_10.0.19041.1940_887f3eab8d1c69fa.cdf-ms
	Handle ID:	0xb30

Process Information:
	Process ID:	0x7a0
	Process Name:	C:\Windows\WinSxS\amd64_microsoft-windows-servicingstack_31bf3856ad364e35_10.0.19041.1220_none_7e21bc567c7ed16b\TiWorker.exe

Auditing Settings:
	Original Security Descriptor:	
	New Security Descriptor:		S:ARAI(AU;SAFA;0x1f0116;;;WD)",-,-,-,-,-,-,-,-,-,-,-,-,-,-,-,-,-,-,-,-,-,-,-,-,-,C:\Windows\WinSxS\amd64_microsoft-windows-servicingstack_31bf3856ad364e35_10.0.19041.1220_none_7e21bc567c7ed16b\TiWorker.exe,C:\Windows\WinSxS\amd64_microsoft-windows-servicingstack_31bf3856ad364e35_10.0.19041.1220_none_7e21bc567c7ed16b\TiWorker.exe,TiWorker.exe,TiWorker.exe,"1,952",-,-,-,DESKTOP-32EH6N8$,-,-,-,WORKGROUP,-,-,-,S-1-5-18,DESKTOP-32EH6N8$,DESKTOP-32EH6N8$,-,-,-,-,-,wineventlog,Security,DESKTOP-32EH6N8,-,-,-,-,-,-,-,-,-,-,-,-,-,-,-,-,-,0xb30,-,-,-,-,-,-,-,-,-,-,-,-,-,-,-,S:ARAI(AU;SAFA;0x1f0116;;;WD),"Everyone :System Audit ([Write Owner, Syncronize, Write DACL, Read Control, Delete])",-,C:\Windows\WinSxS\FileMaps\$$_servicing_version_10.0.19041.1940_887f3eab8d1c69fa.cdf-ms,Security,File,-,-,-,-,-,-,-,-,-,-,-,-,-,-,-,-,-,-,WORKGROUP,0x3e7,DESKTOP-32EH6N8$,S-1-5-18,-,-,-,-,-,-,-,-,-,-,-,-,-,-,-,-,-,-,-,-,-,-,-,-,-,-,-,-,-,-,-,-,-,-,-,-,-,-,-,-,-,-,-,-,4907.0,0x3e7,-,Info,4,"4,224",{54849625-5478-4994-a5ba-3e3b0328c30d},Microsoft-Windows-Security-Auditing,2635.0,Audit Policy Change,-,-,-,-,-,-,-,-
87,"Oct 25, 2022 @ 04:30:59.781",DESKTOP-32EH6N8,audit-setting-changed,4907,security,success,Microsoft-Windows-Security-Auditing,-,"admin, change",-,-,-,-,-,-,-,-,x86_64,DESKTOP-32EH6N8,45429efd-c10a-4299-8a01-8a10b0cbf1b8,"fe80::7959:555c:b4f7:82d3, 192.168.170.20, fe80::f415:e770:257d:42d7, 169.254.66.215","00:0c:29:6e:f6:d9, f8:89:d2:da:70:74",DESKTOP-32EH6N8,19044.1288,windows,10.0.19041.1288 (WinBuild.160101.0800),Windows 10 Pro,Windows 10 Pro,windows,windows,10.0,information,"Auditing settings on object were changed.

Subject:
	Security ID:		S-1-5-18
	Account Name:		DESKTOP-32EH6N8$
	Account Domain:		WORKGROUP
	Logon ID:		0x3E7

Object:
	Object Server:	Security
	Object Type:	File
	Object Name:	C:\Windows\WinSxS\FileMaps\$$_servicing_fc2045b9046cc796.cdf-ms
	Handle ID:	0xb30

Process Information:
	Process ID:	0x7a0
	Process Name:	C:\Windows\WinSxS\amd64_microsoft-windows-servicingstack_31bf3856ad364e35_10.0.19041.1220_none_7e21bc567c7ed16b\TiWorker.exe

Auditing Settings:
	Original Security Descriptor:	
	New Security Descriptor:		S:ARAI(AU;SAFA;0x1f0116;;;WD)",-,-,-,-,-,-,-,-,-,-,-,-,-,-,-,-,-,-,-,-,-,-,-,-,-,C:\Windows\WinSxS\amd64_microsoft-windows-servicingstack_31bf3856ad364e35_10.0.19041.1220_none_7e21bc567c7ed16b\TiWorker.exe,C:\Windows\WinSxS\amd64_microsoft-windows-servicingstack_31bf3856ad364e35_10.0.19041.1220_none_7e21bc567c7ed16b\TiWorker.exe,TiWorker.exe,TiWorker.exe,"1,952",-,-,-,DESKTOP-32EH6N8$,-,-,-,WORKGROUP,-,-,-,S-1-5-18,DESKTOP-32EH6N8$,DESKTOP-32EH6N8$,-,-,-,-,-,wineventlog,Security,DESKTOP-32EH6N8,-,-,-,-,-,-,-,-,-,-,-,-,-,-,-,-,-,0xb30,-,-,-,-,-,-,-,-,-,-,-,-,-,-,-,S:ARAI(AU;SAFA;0x1f0116;;;WD),"Everyone :System Audit ([Write Owner, Syncronize, Write DACL, Read Control, Delete])",-,C:\Windows\WinSxS\FileMaps\$$_servicing_fc2045b9046cc796.cdf-ms,Security,File,-,-,-,-,-,-,-,-,-,-,-,-,-,-,-,-,-,-,WORKGROUP,0x3e7,DESKTOP-32EH6N8$,S-1-5-18,-,-,-,-,-,-,-,-,-,-,-,-,-,-,-,-,-,-,-,-,-,-,-,-,-,-,-,-,-,-,-,-,-,-,-,-,-,-,-,-,-,-,-,-,4907.0,0x3e7,-,Info,4,"4,224",{54849625-5478-4994-a5ba-3e3b0328c30d},Microsoft-Windows-Security-Auditing,2634.0,Audit Policy Change,-,-,-,-,-,-,-,-
88,"Oct 25, 2022 @ 04:30:59.780",DESKTOP-32EH6N8,audit-setting-changed,4907,security,success,Microsoft-Windows-Security-Auditing,-,"admin, change",-,-,-,-,-,-,-,-,x86_64,DESKTOP-32EH6N8,45429efd-c10a-4299-8a01-8a10b0cbf1b8,"fe80::7959:555c:b4f7:82d3, 192.168.170.20, fe80::f415:e770:257d:42d7, 169.254.66.215","00:0c:29:6e:f6:d9, f8:89:d2:da:70:74",DESKTOP-32EH6N8,19044.1288,windows,10.0.19041.1288 (WinBuild.160101.0800),Windows 10 Pro,Windows 10 Pro,windows,windows,10.0,information,"Auditing settings on object were changed.

Subject:
	Security ID:		S-1-5-18
	Account Name:		DESKTOP-32EH6N8$
	Account Domain:		WORKGROUP
	Logon ID:		0x3E7

Object:
	Object Server:	Security
	Object Type:	File
	Object Name:	C:\Windows\WinSxS\FileMaps\$$_system32_advancedinstallers_dfe2cf200b391371.cdf-ms
	Handle ID:	0xd40

Process Information:
	Process ID:	0x7a0
	Process Name:	C:\Windows\WinSxS\amd64_microsoft-windows-servicingstack_31bf3856ad364e35_10.0.19041.1220_none_7e21bc567c7ed16b\TiWorker.exe

Auditing Settings:
	Original Security Descriptor:	
	New Security Descriptor:		S:ARAI(AU;SAFA;0x1f0116;;;WD)",-,-,-,-,-,-,-,-,-,-,-,-,-,-,-,-,-,-,-,-,-,-,-,-,-,C:\Windows\WinSxS\amd64_microsoft-windows-servicingstack_31bf3856ad364e35_10.0.19041.1220_none_7e21bc567c7ed16b\TiWorker.exe,C:\Windows\WinSxS\amd64_microsoft-windows-servicingstack_31bf3856ad364e35_10.0.19041.1220_none_7e21bc567c7ed16b\TiWorker.exe,TiWorker.exe,TiWorker.exe,"1,952",-,-,-,DESKTOP-32EH6N8$,-,-,-,WORKGROUP,-,-,-,S-1-5-18,DESKTOP-32EH6N8$,DESKTOP-32EH6N8$,-,-,-,-,-,wineventlog,Security,DESKTOP-32EH6N8,-,-,-,-,-,-,-,-,-,-,-,-,-,-,-,-,-,0xd40,-,-,-,-,-,-,-,-,-,-,-,-,-,-,-,S:ARAI(AU;SAFA;0x1f0116;;;WD),"Everyone :System Audit ([Write Owner, Syncronize, Write DACL, Read Control, Delete])",-,C:\Windows\WinSxS\FileMaps\$$_system32_advancedinstallers_dfe2cf200b391371.cdf-ms,Security,File,-,-,-,-,-,-,-,-,-,-,-,-,-,-,-,-,-,-,WORKGROUP,0x3e7,DESKTOP-32EH6N8$,S-1-5-18,-,-,-,-,-,-,-,-,-,-,-,-,-,-,-,-,-,-,-,-,-,-,-,-,-,-,-,-,-,-,-,-,-,-,-,-,-,-,-,-,-,-,-,-,4907.0,0x3e7,-,Info,4,"4,224",{54849625-5478-4994-a5ba-3e3b0328c30d},Microsoft-Windows-Security-Auditing,2633.0,Audit Policy Change,-,-,-,-,-,-,-,-
89,"Oct 25, 2022 @ 04:30:59.778",DESKTOP-32EH6N8,audit-setting-changed,4907,security,success,Microsoft-Windows-Security-Auditing,-,"admin, change",-,-,-,-,-,-,-,-,x86_64,DESKTOP-32EH6N8,45429efd-c10a-4299-8a01-8a10b0cbf1b8,"fe80::7959:555c:b4f7:82d3, 192.168.170.20, fe80::f415:e770:257d:42d7, 169.254.66.215","00:0c:29:6e:f6:d9, f8:89:d2:da:70:74",DESKTOP-32EH6N8,19044.1288,windows,10.0.19041.1288 (WinBuild.160101.0800),Windows 10 Pro,Windows 10 Pro,windows,windows,10.0,information,"Auditing settings on object were changed.

Subject:
	Security ID:		S-1-5-18
	Account Name:		DESKTOP-32EH6N8$
	Account Domain:		WORKGROUP
	Logon ID:		0x3E7

Object:
	Object Server:	Security
	Object Type:	File
	Object Name:	C:\Windows\WinSxS\FileMaps\$$_system32_21f9a9c4a2f8b514.cdf-ms
	Handle ID:	0xa10

Process Information:
	Process ID:	0x7a0
	Process Name:	C:\Windows\WinSxS\amd64_microsoft-windows-servicingstack_31bf3856ad364e35_10.0.19041.1220_none_7e21bc567c7ed16b\TiWorker.exe

Auditing Settings:
	Original Security Descriptor:	
	New Security Descriptor:		S:ARAI(AU;SAFA;0x1f0116;;;WD)",-,-,-,-,-,-,-,-,-,-,-,-,-,-,-,-,-,-,-,-,-,-,-,-,-,C:\Windows\WinSxS\amd64_microsoft-windows-servicingstack_31bf3856ad364e35_10.0.19041.1220_none_7e21bc567c7ed16b\TiWorker.exe,C:\Windows\WinSxS\amd64_microsoft-windows-servicingstack_31bf3856ad364e35_10.0.19041.1220_none_7e21bc567c7ed16b\TiWorker.exe,TiWorker.exe,TiWorker.exe,"1,952",-,-,-,DESKTOP-32EH6N8$,-,-,-,WORKGROUP,-,-,-,S-1-5-18,DESKTOP-32EH6N8$,DESKTOP-32EH6N8$,-,-,-,-,-,wineventlog,Security,DESKTOP-32EH6N8,-,-,-,-,-,-,-,-,-,-,-,-,-,-,-,-,-,0xa10,-,-,-,-,-,-,-,-,-,-,-,-,-,-,-,S:ARAI(AU;SAFA;0x1f0116;;;WD),"Everyone :System Audit ([Write Owner, Syncronize, Write DACL, Read Control, Delete])",-,C:\Windows\WinSxS\FileMaps\$$_system32_21f9a9c4a2f8b514.cdf-ms,Security,File,-,-,-,-,-,-,-,-,-,-,-,-,-,-,-,-,-,-,WORKGROUP,0x3e7,DESKTOP-32EH6N8$,S-1-5-18,-,-,-,-,-,-,-,-,-,-,-,-,-,-,-,-,-,-,-,-,-,-,-,-,-,-,-,-,-,-,-,-,-,-,-,-,-,-,-,-,-,-,-,-,4907.0,0x3e7,-,Info,4,"4,224",{54849625-5478-4994-a5ba-3e3b0328c30d},Microsoft-Windows-Security-Auditing,2632.0,Audit Policy Change,-,-,-,-,-,-,-,-
90,"Oct 25, 2022 @ 04:30:59.776",DESKTOP-32EH6N8,audit-setting-changed,4907,security,success,Microsoft-Windows-Security-Auditing,-,"admin, change",-,-,-,-,-,-,-,-,x86_64,DESKTOP-32EH6N8,45429efd-c10a-4299-8a01-8a10b0cbf1b8,"fe80::7959:555c:b4f7:82d3, 192.168.170.20, fe80::f415:e770:257d:42d7, 169.254.66.215","00:0c:29:6e:f6:d9, f8:89:d2:da:70:74",DESKTOP-32EH6N8,19044.1288,windows,10.0.19041.1288 (WinBuild.160101.0800),Windows 10 Pro,Windows 10 Pro,windows,windows,10.0,information,"Auditing settings on object were changed.

Subject:
	Security ID:		S-1-5-18
	Account Name:		DESKTOP-32EH6N8$
	Account Domain:		WORKGROUP
	Logon ID:		0x3E7

Object:
	Object Server:	Security
	Object Type:	File
	Object Name:	C:\Windows\WinSxS\FileMaps\$$_syswow64_advancedinstallers_0c6bb4866bff02f7.cdf-ms
	Handle ID:	0xb30

Process Information:
	Process ID:	0x7a0
	Process Name:	C:\Windows\WinSxS\amd64_microsoft-windows-servicingstack_31bf3856ad364e35_10.0.19041.1220_none_7e21bc567c7ed16b\TiWorker.exe

Auditing Settings:
	Original Security Descriptor:	
	New Security Descriptor:		S:ARAI(AU;SAFA;0x1f0116;;;WD)",-,-,-,-,-,-,-,-,-,-,-,-,-,-,-,-,-,-,-,-,-,-,-,-,-,C:\Windows\WinSxS\amd64_microsoft-windows-servicingstack_31bf3856ad364e35_10.0.19041.1220_none_7e21bc567c7ed16b\TiWorker.exe,C:\Windows\WinSxS\amd64_microsoft-windows-servicingstack_31bf3856ad364e35_10.0.19041.1220_none_7e21bc567c7ed16b\TiWorker.exe,TiWorker.exe,TiWorker.exe,"1,952",-,-,-,DESKTOP-32EH6N8$,-,-,-,WORKGROUP,-,-,-,S-1-5-18,DESKTOP-32EH6N8$,DESKTOP-32EH6N8$,-,-,-,-,-,wineventlog,Security,DESKTOP-32EH6N8,-,-,-,-,-,-,-,-,-,-,-,-,-,-,-,-,-,0xb30,-,-,-,-,-,-,-,-,-,-,-,-,-,-,-,S:ARAI(AU;SAFA;0x1f0116;;;WD),"Everyone :System Audit ([Write Owner, Syncronize, Write DACL, Read Control, Delete])",-,C:\Windows\WinSxS\FileMaps\$$_syswow64_advancedinstallers_0c6bb4866bff02f7.cdf-ms,Security,File,-,-,-,-,-,-,-,-,-,-,-,-,-,-,-,-,-,-,WORKGROUP,0x3e7,DESKTOP-32EH6N8$,S-1-5-18,-,-,-,-,-,-,-,-,-,-,-,-,-,-,-,-,-,-,-,-,-,-,-,-,-,-,-,-,-,-,-,-,-,-,-,-,-,-,-,-,-,-,-,-,4907.0,0x3e7,-,Info,4,"4,224",{54849625-5478-4994-a5ba-3e3b0328c30d},Microsoft-Windows-Security-Auditing,2631.0,Audit Policy Change,-,-,-,-,-,-,-,-
91,"Oct 25, 2022 @ 04:30:59.775",DESKTOP-32EH6N8,audit-setting-changed,4907,security,success,Microsoft-Windows-Security-Auditing,-,"admin, change",-,-,-,-,-,-,-,-,x86_64,DESKTOP-32EH6N8,45429efd-c10a-4299-8a01-8a10b0cbf1b8,"fe80::7959:555c:b4f7:82d3, 192.168.170.20, fe80::f415:e770:257d:42d7, 169.254.66.215","00:0c:29:6e:f6:d9, f8:89:d2:da:70:74",DESKTOP-32EH6N8,19044.1288,windows,10.0.19041.1288 (WinBuild.160101.0800),Windows 10 Pro,Windows 10 Pro,windows,windows,10.0,information,"Auditing settings on object were changed.

Subject:
	Security ID:		S-1-5-18
	Account Name:		DESKTOP-32EH6N8$
	Account Domain:		WORKGROUP
	Logon ID:		0x3E7

Object:
	Object Server:	Security
	Object Type:	File
	Object Name:	C:\Windows\WinSxS\FileMaps\$$_syswow64_21ffbdd2a2dd92e0.cdf-ms
	Handle ID:	0xd40

Process Information:
	Process ID:	0x7a0
	Process Name:	C:\Windows\WinSxS\amd64_microsoft-windows-servicingstack_31bf3856ad364e35_10.0.19041.1220_none_7e21bc567c7ed16b\TiWorker.exe

Auditing Settings:
	Original Security Descriptor:	
	New Security Descriptor:		S:ARAI(AU;SAFA;0x1f0116;;;WD)",-,-,-,-,-,-,-,-,-,-,-,-,-,-,-,-,-,-,-,-,-,-,-,-,-,C:\Windows\WinSxS\amd64_microsoft-windows-servicingstack_31bf3856ad364e35_10.0.19041.1220_none_7e21bc567c7ed16b\TiWorker.exe,C:\Windows\WinSxS\amd64_microsoft-windows-servicingstack_31bf3856ad364e35_10.0.19041.1220_none_7e21bc567c7ed16b\TiWorker.exe,TiWorker.exe,TiWorker.exe,"1,952",-,-,-,DESKTOP-32EH6N8$,-,-,-,WORKGROUP,-,-,-,S-1-5-18,DESKTOP-32EH6N8$,DESKTOP-32EH6N8$,-,-,-,-,-,wineventlog,Security,DESKTOP-32EH6N8,-,-,-,-,-,-,-,-,-,-,-,-,-,-,-,-,-,0xd40,-,-,-,-,-,-,-,-,-,-,-,-,-,-,-,S:ARAI(AU;SAFA;0x1f0116;;;WD),"Everyone :System Audit ([Write Owner, Syncronize, Write DACL, Read Control, Delete])",-,C:\Windows\WinSxS\FileMaps\$$_syswow64_21ffbdd2a2dd92e0.cdf-ms,Security,File,-,-,-,-,-,-,-,-,-,-,-,-,-,-,-,-,-,-,WORKGROUP,0x3e7,DESKTOP-32EH6N8$,S-1-5-18,-,-,-,-,-,-,-,-,-,-,-,-,-,-,-,-,-,-,-,-,-,-,-,-,-,-,-,-,-,-,-,-,-,-,-,-,-,-,-,-,-,-,-,-,4907.0,0x3e7,-,Info,4,"4,224",{54849625-5478-4994-a5ba-3e3b0328c30d},Microsoft-Windows-Security-Auditing,2630.0,Audit Policy Change,-,-,-,-,-,-,-,-
92,"Oct 25, 2022 @ 04:30:59.773",DESKTOP-32EH6N8,audit-setting-changed,4907,security,success,Microsoft-Windows-Security-Auditing,-,"admin, change",-,-,-,-,-,-,-,-,x86_64,DESKTOP-32EH6N8,45429efd-c10a-4299-8a01-8a10b0cbf1b8,"fe80::7959:555c:b4f7:82d3, 192.168.170.20, fe80::f415:e770:257d:42d7, 169.254.66.215","00:0c:29:6e:f6:d9, f8:89:d2:da:70:74",DESKTOP-32EH6N8,19044.1288,windows,10.0.19041.1288 (WinBuild.160101.0800),Windows 10 Pro,Windows 10 Pro,windows,windows,10.0,information,"Auditing settings on object were changed.

Subject:
	Security ID:		S-1-5-18
	Account Name:		DESKTOP-32EH6N8$
	Account Domain:		WORKGROUP
	Logon ID:		0x3E7

Object:
	Object Server:	Security
	Object Type:	File
	Object Name:	C:\Windows\WinSxS\FileMaps\$$.cdf-ms
	Handle ID:	0xa10

Process Information:
	Process ID:	0x7a0
	Process Name:	C:\Windows\WinSxS\amd64_microsoft-windows-servicingstack_31bf3856ad364e35_10.0.19041.1220_none_7e21bc567c7ed16b\TiWorker.exe

Auditing Settings:
	Original Security Descriptor:	
	New Security Descriptor:		S:ARAI(AU;SAFA;0x1f0116;;;WD)",-,-,-,-,-,-,-,-,-,-,-,-,-,-,-,-,-,-,-,-,-,-,-,-,-,C:\Windows\WinSxS\amd64_microsoft-windows-servicingstack_31bf3856ad364e35_10.0.19041.1220_none_7e21bc567c7ed16b\TiWorker.exe,C:\Windows\WinSxS\amd64_microsoft-windows-servicingstack_31bf3856ad364e35_10.0.19041.1220_none_7e21bc567c7ed16b\TiWorker.exe,TiWorker.exe,TiWorker.exe,"1,952",-,-,-,DESKTOP-32EH6N8$,-,-,-,WORKGROUP,-,-,-,S-1-5-18,DESKTOP-32EH6N8$,DESKTOP-32EH6N8$,-,-,-,-,-,wineventlog,Security,DESKTOP-32EH6N8,-,-,-,-,-,-,-,-,-,-,-,-,-,-,-,-,-,0xa10,-,-,-,-,-,-,-,-,-,-,-,-,-,-,-,S:ARAI(AU;SAFA;0x1f0116;;;WD),"Everyone :System Audit ([Write Owner, Syncronize, Write DACL, Read Control, Delete])",-,C:\Windows\WinSxS\FileMaps\$$.cdf-ms,Security,File,-,-,-,-,-,-,-,-,-,-,-,-,-,-,-,-,-,-,WORKGROUP,0x3e7,DESKTOP-32EH6N8$,S-1-5-18,-,-,-,-,-,-,-,-,-,-,-,-,-,-,-,-,-,-,-,-,-,-,-,-,-,-,-,-,-,-,-,-,-,-,-,-,-,-,-,-,-,-,-,-,4907.0,0x3e7,-,Info,4,"4,224",{54849625-5478-4994-a5ba-3e3b0328c30d},Microsoft-Windows-Security-Auditing,2629.0,Audit Policy Change,-,-,-,-,-,-,-,-
93,"Oct 25, 2022 @ 04:30:59.772",DESKTOP-32EH6N8,audit-setting-changed,4907,security,success,Microsoft-Windows-Security-Auditing,-,"admin, change",-,-,-,-,-,-,-,-,x86_64,DESKTOP-32EH6N8,45429efd-c10a-4299-8a01-8a10b0cbf1b8,"fe80::7959:555c:b4f7:82d3, 192.168.170.20, fe80::f415:e770:257d:42d7, 169.254.66.215","00:0c:29:6e:f6:d9, f8:89:d2:da:70:74",DESKTOP-32EH6N8,19044.1288,windows,10.0.19041.1288 (WinBuild.160101.0800),Windows 10 Pro,Windows 10 Pro,windows,windows,10.0,information,"Auditing settings on object were changed.

Subject:
	Security ID:		S-1-5-18
	Account Name:		DESKTOP-32EH6N8$
	Account Domain:		WORKGROUP
	Logon ID:		0x3E7

Object:
	Object Server:	Security
	Object Type:	File
	Object Name:	C:\Windows\WinSxS\FileMaps\_0000000000000000.cdf-ms
	Handle ID:	0xb30

Process Information:
	Process ID:	0x7a0
	Process Name:	C:\Windows\WinSxS\amd64_microsoft-windows-servicingstack_31bf3856ad364e35_10.0.19041.1220_none_7e21bc567c7ed16b\TiWorker.exe

Auditing Settings:
	Original Security Descriptor:	
	New Security Descriptor:		S:ARAI(AU;SAFA;0x1f0116;;;WD)",-,-,-,-,-,-,-,-,-,-,-,-,-,-,-,-,-,-,-,-,-,-,-,-,-,C:\Windows\WinSxS\amd64_microsoft-windows-servicingstack_31bf3856ad364e35_10.0.19041.1220_none_7e21bc567c7ed16b\TiWorker.exe,C:\Windows\WinSxS\amd64_microsoft-windows-servicingstack_31bf3856ad364e35_10.0.19041.1220_none_7e21bc567c7ed16b\TiWorker.exe,TiWorker.exe,TiWorker.exe,"1,952",-,-,-,DESKTOP-32EH6N8$,-,-,-,WORKGROUP,-,-,-,S-1-5-18,DESKTOP-32EH6N8$,DESKTOP-32EH6N8$,-,-,-,-,-,wineventlog,Security,DESKTOP-32EH6N8,-,-,-,-,-,-,-,-,-,-,-,-,-,-,-,-,-,0xb30,-,-,-,-,-,-,-,-,-,-,-,-,-,-,-,S:ARAI(AU;SAFA;0x1f0116;;;WD),"Everyone :System Audit ([Write Owner, Syncronize, Write DACL, Read Control, Delete])",-,C:\Windows\WinSxS\FileMaps\_0000000000000000.cdf-ms,Security,File,-,-,-,-,-,-,-,-,-,-,-,-,-,-,-,-,-,-,WORKGROUP,0x3e7,DESKTOP-32EH6N8$,S-1-5-18,-,-,-,-,-,-,-,-,-,-,-,-,-,-,-,-,-,-,-,-,-,-,-,-,-,-,-,-,-,-,-,-,-,-,-,-,-,-,-,-,-,-,-,-,4907.0,0x3e7,-,Info,4,"4,224",{54849625-5478-4994-a5ba-3e3b0328c30d},Microsoft-Windows-Security-Auditing,2628.0,Audit Policy Change,-,-,-,-,-,-,-,-
94,"Oct 25, 2022 @ 04:30:55.630",DESKTOP-32EH6N8,None,7040,-,-,Service Control Manager,-,-,-,-,-,-,-,-,-,-,x86_64,DESKTOP-32EH6N8,45429efd-c10a-4299-8a01-8a10b0cbf1b8,"fe80::7959:555c:b4f7:82d3, 192.168.170.20, fe80::f415:e770:257d:42d7, 169.254.66.215","00:0c:29:6e:f6:d9, f8:89:d2:da:70:74",DESKTOP-32EH6N8,19044.1288,windows,10.0.19041.1288 (WinBuild.160101.0800),Windows 10 Pro,Windows 10 Pro,windows,windows,10.0,information,The start type of the Windows Modules Installer service was changed from demand start to auto start.,-,-,-,-,-,-,-,-,-,-,-,-,-,-,-,-,-,-,-,-,-,-,-,-,-,-,-,-,-,-,-,-,-,-,-,-,-,-,-,-,-,-,-,-,-,-,-,-,-,wineventlog,System,DESKTOP-32EH6N8,-,-,-,-,-,-,-,-,-,-,-,-,-,-,-,-,-,-,-,-,-,-,-,-,-,-,-,-,-,-,-,-,-,-,-,-,-,-,-,-,-,-,-,-,-,-,-,-,-,-,-,-,-,-,-,-,-,-,-,-,-,-,-,-,-,-,-,-,-,-,-,-,-,-,-,-,-,-,-,-,-,-,-,Windows Modules Installer,-,-,-,-,-,demand start,-,-,-,-,auto start,TrustedInstaller,-,-,-,-,-,-,-,-,-,7040.0,-,-,Info,752,"1,840",{555908d1-a6d7-4695-8e1e-26931d2012f4},Service Control Manager,1070.0,None,NT AUTHORITY,S-1-5-18,SYSTEM,User,-,-,-,-
95,"Oct 25, 2022 @ 04:30:53.571",DESKTOP-32EH6N8,Windows Update Agent,43,-,-,Microsoft-Windows-WindowsUpdateClient,-,-,-,-,-,-,-,-,-,-,x86_64,DESKTOP-32EH6N8,45429efd-c10a-4299-8a01-8a10b0cbf1b8,"fe80::7959:555c:b4f7:82d3, 192.168.170.20, fe80::f415:e770:257d:42d7, 169.254.66.215","00:0c:29:6e:f6:d9, f8:89:d2:da:70:74",DESKTOP-32EH6N8,19044.1288,windows,10.0.19041.1288 (WinBuild.160101.0800),Windows 10 Pro,Windows 10 Pro,windows,windows,10.0,information,Installation Started: Windows has started installing the following update: 2022-10 Cumulative Update for Windows 10 Version 21H2 for x64-based Systems (KB5018410),-,-,-,-,-,-,-,-,-,-,-,-,-,-,-,-,-,-,-,-,-,-,-,-,-,-,-,-,-,-,-,-,-,-,-,-,-,-,-,-,-,-,-,-,-,-,-,-,-,wineventlog,System,DESKTOP-32EH6N8,-,-,-,-,-,-,-,-,-,-,-,-,-,-,-,-,-,-,-,-,-,-,-,-,-,-,-,-,-,-,-,-,-,-,-,-,-,-,-,-,-,-,-,-,-,-,-,-,-,-,-,-,-,-,-,-,-,-,-,-,-,-,-,-,-,-,-,-,-,-,-,-,-,-,-,-,-,-,-,-,-,-,-,-,-,-,-,-,-,-,-,-,-,-,-,-,-,-,-,-,-,-,{5816c0c6-042c-481b-945b-f729e74b9917},1,2022-10 Cumulative Update for Windows 10 Version 21H2 for x64-based Systems (KB5018410),43.0,-,-,Installation,"2,828","4,972",{945a8954-c147-4acd-923f-40c45405a658},Microsoft-Windows-WindowsUpdateClient,1069.0,Windows Update Agent,NT AUTHORITY,S-1-5-18,SYSTEM,User,-,-,-,1
96,"Oct 25, 2022 @ 04:30:52.803",DESKTOP-32EH6N8,Windows Update Agent,19,-,-,Microsoft-Windows-WindowsUpdateClient,-,-,-,-,-,-,-,-,-,-,x86_64,DESKTOP-32EH6N8,45429efd-c10a-4299-8a01-8a10b0cbf1b8,"fe80::7959:555c:b4f7:82d3, 192.168.170.20, fe80::f415:e770:257d:42d7, 169.254.66.215","00:0c:29:6e:f6:d9, f8:89:d2:da:70:74",DESKTOP-32EH6N8,19044.1288,windows,10.0.19041.1288 (WinBuild.160101.0800),Windows 10 Pro,Windows 10 Pro,windows,windows,10.0,information,Installation Successful: Windows successfully installed the following update: 2022-04 Update for Windows 10 Version 21H2 for x64-based Systems (KB4023057),-,-,-,-,-,-,-,-,-,-,-,-,-,-,-,-,-,-,-,-,-,-,-,-,-,-,-,-,-,-,-,-,-,-,-,-,-,-,-,-,-,-,-,-,-,-,-,-,-,wineventlog,System,DESKTOP-32EH6N8,-,-,-,-,-,-,-,-,-,-,-,-,-,-,-,-,-,-,-,-,-,-,-,-,-,-,-,-,-,-,-,-,-,-,-,-,-,-,-,-,-,-,-,-,-,-,-,-,-,-,-,-,-,-,-,-,-,-,-,-,-,-,-,-,-,-,-,-,-,-,-,-,-,-,-,-,-,-,-,-,-,-,-,-,-,-,-,-,-,-,-,-,-,-,-,-,-,-,-,-,-,{8b24b027-1dee-babb-9a95-3517dfb9c552},{a329b681-ce8c-431d-99f7-052e2901adcb},1,2022-04 Update for Windows 10 Version 21H2 for x64-based Systems (KB4023057),19.0,-,-,Installation,"2,828","5,024",{945a8954-c147-4acd-923f-40c45405a658},Microsoft-Windows-WindowsUpdateClient,1068.0,Windows Update Agent,NT AUTHORITY,S-1-5-18,SYSTEM,User,-,-,-,1
97,"Oct 25, 2022 @ 04:30:52.763",DESKTOP-32EH6N8,None,1042,-,-,MsiInstaller,-,-,-,-,-,-,-,-,-,-,x86_64,DESKTOP-32EH6N8,45429efd-c10a-4299-8a01-8a10b0cbf1b8,"fe80::7959:555c:b4f7:82d3, 192.168.170.20, fe80::f415:e770:257d:42d7, 169.254.66.215","00:0c:29:6e:f6:d9, f8:89:d2:da:70:74",DESKTOP-32EH6N8,19044.1288,windows,10.0.19041.1288 (WinBuild.160101.0800),Windows 10 Pro,Windows 10 Pro,windows,windows,10.0,information,Ending a Windows Installer transaction: C:\Windows\TEMP\1091EF24-F584-42BD-A6C1-ED4CB055FE5D\UpdHealthTools.msi. Client Process Id: 4260.,-,-,-,-,-,-,-,-,-,-,-,-,-,-,-,-,-,-,-,-,-,-,-,-,-,-,-,-,-,-,-,-,-,-,-,-,-,-,-,-,-,-,-,-,-,-,-,-,-,wineventlog,Application,DESKTOP-32EH6N8,-,-,-,-,-,-,-,-,-,-,-,-,-,-,-,-,-,-,-,-,-,-,-,-,-,-,-,-,-,-,-,-,-,-,-,-,-,-,-,-,-,-,-,-,-,-,-,-,-,-,-,-,-,-,-,-,-,-,-,-,-,-,-,-,-,-,-,-,-,-,-,-,-,-,-,-,-,-,-,-,-,-,-,C:\Windows\TEMP\1091EF24-F584-42BD-A6C1-ED4CB055FE5D\UpdHealthTools.msi,-,-,-,-,-,4260,-,-,-,-,(NULL),(NULL),(NULL),(NULL),-,-,-,-,-,-,-,1042.0,-,-,Info,-,-,-,MsiInstaller,575.0,None,NT AUTHORITY,S-1-5-18,SYSTEM,User,-,-,-,-
98,"Oct 25, 2022 @ 04:30:52.756",DESKTOP-32EH6N8,None,10001,-,-,Microsoft-Windows-RestartManager,-,-,-,-,-,-,-,-,-,-,x86_64,DESKTOP-32EH6N8,45429efd-c10a-4299-8a01-8a10b0cbf1b8,"fe80::7959:555c:b4f7:82d3, 192.168.170.20, fe80::f415:e770:257d:42d7, 169.254.66.215","00:0c:29:6e:f6:d9, f8:89:d2:da:70:74",DESKTOP-32EH6N8,19044.1288,windows,10.0.19041.1288 (WinBuild.160101.0800),Windows 10 Pro,Windows 10 Pro,windows,windows,10.0,information,Ending session 0 started 2022-10-25T11:30:52.491906500Z.,-,-,-,-,-,-,-,-,-,-,-,-,-,-,-,-,-,-,-,-,-,-,-,-,-,-,-,-,-,-,-,-,-,-,-,-,-,-,-,-,-,-,-,-,-,-,-,-,-,wineventlog,Application,DESKTOP-32EH6N8,-,-,-,-,-,-,-,-,-,-,-,-,-,-,-,-,-,-,-,-,-,-,-,-,-,-,-,-,-,-,-,-,-,-,-,-,-,-,-,-,-,-,-,-,-,-,-,-,-,-,-,-,-,-,-,-,-,-,-,-,-,-,-,-,-,-,-,-,-,-,-,-,-,-,-,-,-,-,-,-,-,-,-,-,-,-,-,-,-,-,-,-,-,-,-,-,-,-,-,-,-,-,-,-,-,10001.0,-,-,Info,"1,196","7,440",{0888e5ef-9b98-4695-979d-e92ce4247224},Microsoft-Windows-RestartManager,576.0,None,NT AUTHORITY,S-1-5-18,SYSTEM,User,0,2022-10-25T11:30:52.4919065Z,RmSessionEvent,-
99,"Oct 25, 2022 @ 04:30:52.742",DESKTOP-32EH6N8,None,11707,-,-,MsiInstaller,-,-,-,-,-,-,-,-,-,-,x86_64,DESKTOP-32EH6N8,45429efd-c10a-4299-8a01-8a10b0cbf1b8,"fe80::7959:555c:b4f7:82d3, 192.168.170.20, fe80::f415:e770:257d:42d7, 169.254.66.215","00:0c:29:6e:f6:d9, f8:89:d2:da:70:74",DESKTOP-32EH6N8,19044.1288,windows,10.0.19041.1288 (WinBuild.160101.0800),Windows 10 Pro,Windows 10 Pro,windows,windows,10.0,information,Product: Microsoft Update Health Tools -- Installation completed successfully.,-,-,-,-,-,-,-,-,-,-,-,-,-,-,-,-,-,-,-,-,-,-,-,-,-,-,-,-,-,-,-,-,-,-,-,-,-,-,-,-,-,-,-,-,-,-,-,-,-,wineventlog,Application,DESKTOP-32EH6N8,-,-,-,7B37423146434435322D384636422D344631322D413134332D3336314541333946354537437D,-,-,-,-,-,-,-,-,-,-,-,-,-,-,-,-,-,-,-,-,-,-,-,-,-,-,-,-,-,-,-,-,-,-,-,-,-,-,-,-,-,-,-,-,-,-,-,-,-,-,-,-,-,-,-,-,-,-,-,-,-,-,-,-,-,-,-,-,-,-,-,-,-,-,-,-,-,-,-,Product: Microsoft Update Health Tools -- Installation completed successfully.,-,-,-,-,-,(NULL),-,-,-,-,(NULL),(NULL),(NULL),(NULL),-,-,-,-,-,-,-,11707.0,-,-,Info,-,-,-,MsiInstaller,573.0,None,NT AUTHORITY,S-1-5-18,SYSTEM,User,-,-,-,-
100,"Oct 25, 2022 @ 04:30:52.742",DESKTOP-32EH6N8,None,1033,-,-,MsiInstaller,-,-,-,-,-,-,-,-,-,-,x86_64,DESKTOP-32EH6N8,45429efd-c10a-4299-8a01-8a10b0cbf1b8,"fe80::7959:555c:b4f7:82d3, 192.168.170.20, fe80::f415:e770:257d:42d7, 169.254.66.215","00:0c:29:6e:f6:d9, f8:89:d2:da:70:74",DESKTOP-32EH6N8,19044.1288,windows,10.0.19041.1288 (WinBuild.160101.0800),Windows 10 Pro,Windows 10 Pro,windows,windows,10.0,information,Windows Installer installed the product. Product Name: Microsoft Update Health Tools. Product Version: 3.67.0.0. Product Language: 0. Manufacturer: Microsoft Corporation. Installation success or error status: 0.,-,-,-,-,-,-,-,-,-,-,-,-,-,-,-,-,-,-,-,-,-,-,-,-,-,-,-,-,-,-,-,-,-,-,-,-,-,-,-,-,-,-,-,-,-,-,-,-,-,wineventlog,Application,DESKTOP-32EH6N8,-,-,-,7B37423146434435322D384636422D344631322D413134332D3336314541333946354537437D3030303035333733666461356532323261613439663261393864353562623538353631373030303030303030,-,-,-,-,-,-,-,-,-,-,-,-,-,-,-,-,-,-,-,-,-,-,-,-,-,-,-,-,-,-,-,-,-,-,-,-,-,-,-,-,-,-,-,-,-,-,-,-,-,-,-,-,-,-,-,-,-,-,-,-,-,-,-,-,-,-,-,-,-,-,-,-,-,-,-,-,-,-,-,Microsoft Update Health Tools,-,-,-,-,-,3.67.0.0,-,-,-,-,0,0,Microsoft Corporation,(NULL),-,-,-,-,-,-,-,1033.0,-,-,Info,-,-,-,MsiInstaller,574.0,None,NT AUTHORITY,S-1-5-18,SYSTEM,User,-,-,-,-
101,"Oct 25, 2022 @ 04:30:52.682",DESKTOP-32EH6N8,None,7045,-,-,Service Control Manager,-,-,-,-,-,-,-,-,-,-,x86_64,DESKTOP-32EH6N8,45429efd-c10a-4299-8a01-8a10b0cbf1b8,"fe80::7959:555c:b4f7:82d3, 192.168.170.20, fe80::f415:e770:257d:42d7, 169.254.66.215","00:0c:29:6e:f6:d9, f8:89:d2:da:70:74",DESKTOP-32EH6N8,19044.1288,windows,10.0.19041.1288 (WinBuild.160101.0800),Windows 10 Pro,Windows 10 Pro,windows,windows,10.0,information,"A service was installed in the system.

Service Name:  Microsoft Update Health Service
Service File Name:  ""C:\Program Files\Microsoft Update Health Tools\uhssvc.exe""
Service Type:  user mode service
Service Start Type:  disabled
Service Account:  LocalSystem",-,-,-,-,-,-,-,-,-,-,-,-,-,-,-,-,-,-,-,-,-,-,-,-,-,-,-,-,-,-,-,-,-,-,-,-,-,-,-,-,-,-,-,-,-,-,-,-,-,wineventlog,System,DESKTOP-32EH6N8,LocalSystem,-,-,-,-,-,-,-,-,-,-,-,-,-,-,-,-,-,-,-,"""C:\Program Files\Microsoft Update Health Tools\uhssvc.exe""",-,-,-,-,-,-,-,-,-,-,-,-,-,-,-,-,-,-,-,-,-,-,-,-,-,-,-,-,-,-,-,-,-,Microsoft Update Health Service,user mode service,disabled,-,-,-,-,-,-,-,-,-,-,-,-,-,-,-,-,-,-,-,-,-,-,-,-,-,-,-,-,-,-,-,-,-,-,-,-,-,-,-,-,-,-,-,-,-,-,-,-,7045.0,-,-,Info,752,"5,580",{555908d1-a6d7-4695-8e1e-26931d2012f4},Service Control Manager,1067.0,None,NT AUTHORITY,S-1-5-18,SYSTEM,User,-,-,-,-
102,"Oct 25, 2022 @ 04:30:52.501",DESKTOP-32EH6N8,None,10000,-,-,Microsoft-Windows-RestartManager,-,-,-,-,-,-,-,-,-,-,x86_64,DESKTOP-32EH6N8,45429efd-c10a-4299-8a01-8a10b0cbf1b8,"fe80::7959:555c:b4f7:82d3, 192.168.170.20, fe80::f415:e770:257d:42d7, 169.254.66.215","00:0c:29:6e:f6:d9, f8:89:d2:da:70:74",DESKTOP-32EH6N8,19044.1288,windows,10.0.19041.1288 (WinBuild.160101.0800),Windows 10 Pro,Windows 10 Pro,windows,windows,10.0,information,Starting session 0 - 2022-10-25T11:30:52.491906500Z.,-,-,-,-,-,-,-,-,-,-,-,-,-,-,-,-,-,-,-,-,-,-,-,-,-,-,-,-,-,-,-,-,-,-,-,-,-,-,-,-,-,-,-,-,-,-,-,-,-,wineventlog,Application,DESKTOP-32EH6N8,-,-,-,-,-,-,-,-,-,-,-,-,-,-,-,-,-,-,-,-,-,-,-,-,-,-,-,-,-,-,-,-,-,-,-,-,-,-,-,-,-,-,-,-,-,-,-,-,-,-,-,-,-,-,-,-,-,-,-,-,-,-,-,-,-,-,-,-,-,-,-,-,-,-,-,-,-,-,-,-,-,-,-,-,-,-,-,-,-,-,-,-,-,-,-,-,-,-,-,-,-,-,-,-,-,10000.0,-,-,Info,"1,196","5,376",{0888e5ef-9b98-4695-979d-e92ce4247224},Microsoft-Windows-RestartManager,572.0,None,NT AUTHORITY,S-1-5-18,SYSTEM,User,0,2022-10-25T11:30:52.4919065Z,RmSessionEvent,-
103,"Oct 25, 2022 @ 04:30:52.464",DESKTOP-32EH6N8,None,1040,-,-,MsiInstaller,-,-,-,-,-,-,-,-,-,-,x86_64,DESKTOP-32EH6N8,45429efd-c10a-4299-8a01-8a10b0cbf1b8,"fe80::7959:555c:b4f7:82d3, 192.168.170.20, fe80::f415:e770:257d:42d7, 169.254.66.215","00:0c:29:6e:f6:d9, f8:89:d2:da:70:74",DESKTOP-32EH6N8,19044.1288,windows,10.0.19041.1288 (WinBuild.160101.0800),Windows 10 Pro,Windows 10 Pro,windows,windows,10.0,information,Beginning a Windows Installer transaction: C:\Windows\TEMP\1091EF24-F584-42BD-A6C1-ED4CB055FE5D\UpdHealthTools.msi. Client Process Id: 4260.,-,-,-,-,-,-,-,-,-,-,-,-,-,-,-,-,-,-,-,-,-,-,-,-,-,-,-,-,-,-,-,-,-,-,-,-,-,-,-,-,-,-,-,-,-,-,-,-,-,wineventlog,Application,DESKTOP-32EH6N8,-,-,-,-,-,-,-,-,-,-,-,-,-,-,-,-,-,-,-,-,-,-,-,-,-,-,-,-,-,-,-,-,-,-,-,-,-,-,-,-,-,-,-,-,-,-,-,-,-,-,-,-,-,-,-,-,-,-,-,-,-,-,-,-,-,-,-,-,-,-,-,-,-,-,-,-,-,-,-,-,-,-,-,C:\Windows\TEMP\1091EF24-F584-42BD-A6C1-ED4CB055FE5D\UpdHealthTools.msi,-,-,-,-,-,4260,-,-,-,-,(NULL),(NULL),(NULL),(NULL),-,-,-,-,-,-,-,1040.0,-,-,Info,-,-,-,MsiInstaller,571.0,None,NT AUTHORITY,S-1-5-18,SYSTEM,User,-,-,-,-
104,"Oct 25, 2022 @ 04:30:52.442",DESKTOP-32EH6N8,logged-in,4624,security,success,Microsoft-Windows-Security-Auditing,-,start,-,-,-,-,-,-,-,-,x86_64,DESKTOP-32EH6N8,45429efd-c10a-4299-8a01-8a10b0cbf1b8,"fe80::7959:555c:b4f7:82d3, 192.168.170.20, fe80::f415:e770:257d:42d7, 169.254.66.215","00:0c:29:6e:f6:d9, f8:89:d2:da:70:74",DESKTOP-32EH6N8,19044.1288,windows,10.0.19041.1288 (WinBuild.160101.0800),Windows 10 Pro,Windows 10 Pro,windows,windows,10.0,information,"An account was successfully logged on.

Subject:
	Security ID:		S-1-5-18
	Account Name:		DESKTOP-32EH6N8$
	Account Domain:		WORKGROUP
	Logon ID:		0x3E7

Logon Information:
	Logon Type:		5
	Restricted Admin Mode:	-
	Virtual Account:		No
	Elevated Token:		Yes

Impersonation Level:		Impersonation

New Logon:
	Security ID:		S-1-5-18
	Account Name:		SYSTEM
	Account Domain:		NT AUTHORITY
	Logon ID:		0x3E7
	Linked Logon ID:		0x0
	Network Account Name:	-
	Network Account Domain:	-
	Logon GUID:		{00000000-0000-0000-0000-000000000000}

Process Information:
	Process ID:		0x2f0
	Process Name:		C:\Windows\System32\services.exe

Network Information:
	Workstation Name:	-
	Source Network Address:	-
	Source Port:		-

Detailed Authentication Information:
	Logon Process:		Advapi  
	Authentication Package:	Negotiate
	Transited Services:	-
	Package Name (NTLM only):	-
	Key Length:		0

This event is generated when a logon session is created. It is generated on the computer that was accessed.

The subject fields indicate the account on the local system which requested the logon. This is most commonly a service such as the Server service, or a local process such as Winlogon.exe or Services.exe.

The logon type field indicates the kind of logon that occurred. The most common types are 2 (interactive) and 3 (network).

The New Logon fields indicate the account for whom the new logon was created, i.e. the account that was logged on.

The network fields indicate where a remote logon request originated. Workstation name is not always available and may be left blank in some cases.

The impersonation level field indicates the extent to which a process in the logon session can impersonate.

The authentication information fields provide detailed information about this specific logon request.
	- Logon GUID is a unique identifier that can be used to correlate this event with a KDC event.
	- Transited services indicate which intermediate services have participated in this logon request.
	- Package name indicates which sub-protocol was used among the NTLM protocols.
	- Key length indicates the length of the generated session key. This will be 0 if no session key was requested.",-,-,-,-,-,-,-,-,-,-,-,-,-,-,-,-,-,-,-,-,-,-,-,-,-,C:\Windows\System32\services.exe,C:\Windows\System32\services.exe,services.exe,services.exe,752,-,-,-,"SYSTEM, DESKTOP-32EH6N8$",-,-,-,NT AUTHORITY,-,-,-,S-1-5-18,SYSTEM,SYSTEM,-,-,-,-,{96d05236-e7e2-0002-7b52-d096e2e7d801},wineventlog,Security,DESKTOP-32EH6N8,-,-,Negotiate,-,-,-,-,-,-,-,-,-,-,-,%%1842,-,-,-,-,-,-,%%1833,-,-,-,0,-,-,-,-,{00000000-0000-0000-0000-000000000000},Advapi  ,5,-,-,-,-,-,-,-,-,-,-,-,-,-,-,-,-,-,-,-,-,-,-,-,-,WORKGROUP,0x3e7,DESKTOP-32EH6N8$,S-1-5-18,-,NT AUTHORITY,-,0x0,-,0x3e7,-,-,-,-,-,SYSTEM,S-1-5-18,-,-,-,-,-,-,%%1843,-,-,-,-,-,-,-,-,-,-,-,-,-,-,-,-,-,-,-,-,-,-,-,-,4624.0,0x3e7,Service,Info,776,"10,068",{54849625-5478-4994-a5ba-3e3b0328c30d},Microsoft-Windows-Security-Auditing,2626.0,Logon,-,-,-,-,-,-,-,2
105,"Oct 25, 2022 @ 04:30:52.442",DESKTOP-32EH6N8,logged-in-special,4672,security,success,Microsoft-Windows-Security-Auditing,-,admin,-,-,-,-,-,-,-,-,x86_64,DESKTOP-32EH6N8,45429efd-c10a-4299-8a01-8a10b0cbf1b8,"fe80::7959:555c:b4f7:82d3, 192.168.170.20, fe80::f415:e770:257d:42d7, 169.254.66.215","00:0c:29:6e:f6:d9, f8:89:d2:da:70:74",DESKTOP-32EH6N8,19044.1288,windows,10.0.19041.1288 (WinBuild.160101.0800),Windows 10 Pro,Windows 10 Pro,windows,windows,10.0,information,"Special privileges assigned to new logon.

Subject:
	Security ID:		S-1-5-18
	Account Name:		SYSTEM
	Account Domain:		NT AUTHORITY
	Logon ID:		0x3E7

Privileges:		SeAssignPrimaryTokenPrivilege
			SeTcbPrivilege
			SeSecurityPrivilege
			SeTakeOwnershipPrivilege
			SeLoadDriverPrivilege
			SeBackupPrivilege
			SeRestorePrivilege
			SeDebugPrivilege
			SeAuditPrivilege
			SeSystemEnvironmentPrivilege
			SeImpersonatePrivilege
			SeDelegateSessionUserImpersonatePrivilege",-,-,-,-,-,-,-,-,-,-,-,-,-,-,-,-,-,-,-,-,-,-,-,-,-,-,-,-,-,-,-,-,-,SYSTEM,-,-,-,NT AUTHORITY,-,-,-,S-1-5-18,SYSTEM,SYSTEM,-,-,-,-,{96d05236-e7e2-0002-7b52-d096e2e7d801},wineventlog,Security,DESKTOP-32EH6N8,-,-,-,-,-,-,-,-,-,-,-,-,-,-,-,-,-,-,-,-,-,-,-,-,-,-,-,-,-,-,-,-,-,-,-,-,-,-,-,-,-,-,-,"SeAssignPrimaryTokenPrivilege, SeTcbPrivilege, SeSecurityPrivilege, SeTakeOwnershipPrivilege, SeLoadDriverPrivilege, SeBackupPrivilege, SeRestorePrivilege, SeDebugPrivilege, SeAuditPrivilege, SeSystemEnvironmentPrivilege, SeImpersonatePrivilege, SeDelegateSessionUserImpersonatePrivilege",-,-,-,-,-,-,-,-,-,-,-,-,-,NT AUTHORITY,0x3e7,SYSTEM,S-1-5-18,-,-,-,-,-,-,-,-,-,-,-,-,-,-,-,-,-,-,-,-,-,-,-,-,-,-,-,-,-,-,-,-,-,-,-,-,-,-,-,-,-,-,-,-,4672.0,0x3e7,-,Info,776,"10,068",{54849625-5478-4994-a5ba-3e3b0328c30d},Microsoft-Windows-Security-Auditing,2627.0,Special Logon,-,-,-,-,-,-,-,-
106,"Oct 25, 2022 @ 04:30:51.016",DESKTOP-32EH6N8,Windows Update Agent,43,-,-,Microsoft-Windows-WindowsUpdateClient,-,-,-,-,-,-,-,-,-,-,x86_64,DESKTOP-32EH6N8,45429efd-c10a-4299-8a01-8a10b0cbf1b8,"fe80::7959:555c:b4f7:82d3, 192.168.170.20, fe80::f415:e770:257d:42d7, 169.254.66.215","00:0c:29:6e:f6:d9, f8:89:d2:da:70:74",DESKTOP-32EH6N8,19044.1288,windows,10.0.19041.1288 (WinBuild.160101.0800),Windows 10 Pro,Windows 10 Pro,windows,windows,10.0,information,Installation Started: Windows has started installing the following update: 2022-04 Update for Windows 10 Version 21H2 for x64-based Systems (KB4023057),-,-,-,-,-,-,-,-,-,-,-,-,-,-,-,-,-,-,-,-,-,-,-,-,-,-,-,-,-,-,-,-,-,-,-,-,-,-,-,-,-,-,-,-,-,-,-,-,-,wineventlog,System,DESKTOP-32EH6N8,-,-,-,-,-,-,-,-,-,-,-,-,-,-,-,-,-,-,-,-,-,-,-,-,-,-,-,-,-,-,-,-,-,-,-,-,-,-,-,-,-,-,-,-,-,-,-,-,-,-,-,-,-,-,-,-,-,-,-,-,-,-,-,-,-,-,-,-,-,-,-,-,-,-,-,-,-,-,-,-,-,-,-,-,-,-,-,-,-,-,-,-,-,-,-,-,-,-,-,-,-,-,{a329b681-ce8c-431d-99f7-052e2901adcb},1,2022-04 Update for Windows 10 Version 21H2 for x64-based Systems (KB4023057),43.0,-,-,Installation,"2,828","5,024",{945a8954-c147-4acd-923f-40c45405a658},Microsoft-Windows-WindowsUpdateClient,1066.0,Windows Update Agent,NT AUTHORITY,S-1-5-18,SYSTEM,User,-,-,-,1
107,"Oct 25, 2022 @ 04:30:50.832",DESKTOP-32EH6N8,TimeZoneInformationRefresh,24,-,-,Microsoft-Windows-Kernel-General,-,-,-,-,-,-,-,-,-,-,x86_64,DESKTOP-32EH6N8,45429efd-c10a-4299-8a01-8a10b0cbf1b8,"fe80::7959:555c:b4f7:82d3, 192.168.170.20, fe80::f415:e770:257d:42d7, 169.254.66.215","00:0c:29:6e:f6:d9, f8:89:d2:da:70:74",DESKTOP-32EH6N8,19044.1288,windows,10.0.19041.1288 (WinBuild.160101.0800),Windows 10 Pro,Windows 10 Pro,windows,windows,10.0,information,The time zone information was refreshed with exit reason 0. Current time zone bias is 420.,-,-,-,-,-,-,-,-,-,-,-,-,-,-,-,-,-,-,-,-,-,-,-,-,-,-,-,-,-,-,-,-,-,-,-,-,-,-,-,-,-,-,-,-,-,-,-,-,-,wineventlog,System,DESKTOP-32EH6N8,-,-,-,-,-,-,-,-,-,-,420,-,2,-,-,0,0,-,-,-,-,-,-,-,-,-,-,-,-,-,-,-,-,-,-,-,-,-,-,-,-,-,-,-,-,-,-,-,-,-,-,-,-,-,-,-,-,-,-,-,-,-,-,-,-,-,-,-,-,-,-,-,-,-,-,-,0,-,-,-,-,-,-,-,-,-,-,-,-,-,-,-,-,-,-,-,-,-,-,-,-,-,-,-,-,24.0,-,-,Info,"9,312","5,680",{a68ca8b7-004f-d7b6-a698-07e2de0f1f5d},Microsoft-Windows-Kernel-General,1064.0,TimeZoneInformationRefresh,NT AUTHORITY,S-1-5-19,LOCAL SERVICE,Well Known Group,-,-,-,-
108,"Oct 25, 2022 @ 04:30:50.832",DESKTOP-32EH6N8,SystemTimeChange,1,-,-,Microsoft-Windows-Kernel-General,-,-,-,-,-,-,-,-,-,-,x86_64,DESKTOP-32EH6N8,45429efd-c10a-4299-8a01-8a10b0cbf1b8,"fe80::7959:555c:b4f7:82d3, 192.168.170.20, fe80::f415:e770:257d:42d7, 169.254.66.215","00:0c:29:6e:f6:d9, f8:89:d2:da:70:74",DESKTOP-32EH6N8,19044.1288,windows,10.0.19041.1288 (WinBuild.160101.0800),Windows 10 Pro,Windows 10 Pro,windows,windows,10.0,information,"The system time has changed to 2022-10-25T11:30:50.831522600Z from 2022-10-25T11:30:50.830998000Z.

Change Reason: An application or system component changed the time.
Process: '\Device\HarddiskVolume3\Windows\System32\svchost.exe' (PID 9312).",-,-,-,-,-,-,-,-,-,-,-,-,-,-,-,-,-,-,-,-,-,-,-,-,-,-,-,-,-,-,-,-,-,-,-,-,-,-,-,-,-,-,-,-,-,-,-,-,-,wineventlog,System,DESKTOP-32EH6N8,-,-,-,-,-,-,-,-,-,-,-,-,-,-,-,-,-,-,-,-,-,-,-,-,-,-,-,-,-,-,-,-,-,-,-,2022-10-25T11:30:50.8315226Z,-,-,-,-,2022-10-25T11:30:50.8309980Z,-,-,-,-,9312,-,\Device\HarddiskVolume3\Windows\System32\svchost.exe,-,-,-,1,-,-,-,-,-,-,-,-,-,-,-,-,-,-,-,-,-,-,-,-,-,-,-,-,-,-,-,-,-,-,-,-,-,-,-,-,-,-,-,-,-,-,-,-,-,-,-,-,-,-,-,-,-,1.0,-,-,Info,"9,312","5,680",{a68ca8b7-004f-d7b6-a698-07e2de0f1f5d},Microsoft-Windows-Kernel-General,1065.0,SystemTimeChange,NT AUTHORITY,S-1-5-19,LOCAL SERVICE,Well Known Group,-,-,-,2
109,"Oct 25, 2022 @ 04:30:50.832",DESKTOP-32EH6N8,system-time-changed,4616,security,success,Microsoft-Windows-Security-Auditing,-,change,-,-,-,-,-,-,-,-,x86_64,DESKTOP-32EH6N8,45429efd-c10a-4299-8a01-8a10b0cbf1b8,"fe80::7959:555c:b4f7:82d3, 192.168.170.20, fe80::f415:e770:257d:42d7, 169.254.66.215","00:0c:29:6e:f6:d9, f8:89:d2:da:70:74",DESKTOP-32EH6N8,19044.1288,windows,10.0.19041.1288 (WinBuild.160101.0800),Windows 10 Pro,Windows 10 Pro,windows,windows,10.0,information,"The system time was changed.

Subject:
	Security ID:		S-1-5-19
	Account Name:		LOCAL SERVICE
	Account Domain:		NT AUTHORITY
	Logon ID:		0x3E5

Process Information:
	Process ID:	0x2460
	Name:		C:\Windows\System32\svchost.exe

Previous Time:		2022-10-25T11:30:50.830998000Z
New Time:		2022-10-25T11:30:50.831522600Z

This event is generated when the system time is changed. It is normal for the Windows Time Service, which runs with System privilege, to change the system time on a regular basis. Other system time changes may be indicative of attempts to tamper with the computer.",-,-,-,-,-,-,-,-,-,-,-,-,-,-,-,-,-,-,-,-,-,-,-,-,-,-,-,-,-,-,-,-,-,-,-,-,-,-,-,-,-,-,-,-,-,-,-,-,-,wineventlog,Security,DESKTOP-32EH6N8,-,-,-,-,-,-,-,-,-,-,-,-,-,-,-,-,-,-,-,-,-,-,-,-,-,-,-,-,-,-,-,-,-,-,-,2022-10-25T11:30:50.8315226Z,-,-,-,-,-,-,2022-10-25T11:30:50.8309980Z,-,-,-,0x2460,C:\Windows\System32\svchost.exe,-,-,-,-,-,-,-,-,-,NT AUTHORITY,0x3e5,LOCAL SERVICE,S-1-5-19,-,-,-,-,-,-,-,-,-,-,-,-,-,-,-,-,-,-,-,-,-,-,-,-,-,-,-,-,-,-,-,-,-,-,-,-,-,-,-,-,-,-,-,-,4616.0,0x3e5,-,Info,4,"2,060",{54849625-5478-4994-a5ba-3e3b0328c30d},Microsoft-Windows-Security-Auditing,2625.0,Security State Change,-,-,-,-,-,-,-,1
110,"Oct 25, 2022 @ 04:30:50.831",DESKTOP-32EH6N8,None,35,-,-,Microsoft-Windows-Time-Service,-,-,-,-,-,-,-,-,-,-,x86_64,DESKTOP-32EH6N8,45429efd-c10a-4299-8a01-8a10b0cbf1b8,"fe80::7959:555c:b4f7:82d3, 192.168.170.20, fe80::f415:e770:257d:42d7, 169.254.66.215","00:0c:29:6e:f6:d9, f8:89:d2:da:70:74",DESKTOP-32EH6N8,19044.1288,windows,10.0.19041.1288 (WinBuild.160101.0800),Windows 10 Pro,Windows 10 Pro,windows,windows,10.0,information,"The time service is now synchronizing the system time with the time source time.windows.com,0x9 (ntp.m|0x9|0.0.0.0:123->52.148.114.188:123) with reference id 3161625652. Current local stratum number is 4.",-,-,-,-,-,-,-,-,-,-,-,-,-,-,-,-,-,-,-,-,-,-,-,-,-,-,-,-,-,-,-,-,-,-,-,-,-,-,-,-,-,-,-,-,-,-,-,-,-,wineventlog,System,DESKTOP-32EH6N8,-,-,-,-,-,-,-,-,-,-,-,4,-,-,-,-,-,-,-,-,-,-,-,-,-,-,-,-,-,-,-,-,-,-,-,-,-,-,-,-,-,-,-,-,-,-,-,-,-,-,-,-,-,-,-,-,-,-,-,-,-,-,-,-,-,-,-,-,-,-,-,-,-,-,"time.windows.com,0x9 (ntp.m|0x9|0.0.0.0:123->52.148.114.188:123)",3161625652,-,-,-,-,-,-,-,-,-,-,-,-,-,-,-,-,-,-,-,-,-,-,-,-,-,-,-,-,-,35.0,-,-,Info,"9,312","5,852",{06edcfeb-0fd0-4e53-acca-a6f8bbf81bcb},Microsoft-Windows-Time-Service,1063.0,None,NT AUTHORITY,S-1-5-19,LOCAL SERVICE,Well Known Group,-,-,-,-
