158,"Oct 25, 2022 @ 04:30:49.796",DESKTOP-32EH6N8,audit-setting-changed,4907,security,success,Microsoft-Windows-Security-Auditing,-,"admin, change",-,-,-,-,-,-,-,-,x86_64,DESKTOP-32EH6N8,45429efd-c10a-4299-8a01-8a10b0cbf1b8,"fe80::7959:555c:b4f7:82d3, 192.168.170.20, fe80::f415:e770:257d:42d7, 169.254.66.215","00:0c:29:6e:f6:d9, f8:89:d2:da:70:74",DESKTOP-32EH6N8,19044.1288,windows,10.0.19041.1288 (WinBuild.160101.0800),Windows 10 Pro,Windows 10 Pro,windows,windows,10.0,information,"Auditing settings on object were changed.

Subject:
	Security ID:		S-1-5-18
	Account Name:		DESKTOP-32EH6N8$
	Account Domain:		WORKGROUP
	Logon ID:		0x3E7

Object:
	Object Server:	Security
	Object Type:	File
	Object Name:	C:\Windows\Microsoft.NET\Framework\v4.0.30319\WPF\UIAutomationClientsideProviders.dll
	Handle ID:	0xda8

Process Information:
	Process ID:	0x7a0
	Process Name:	C:\Windows\WinSxS\amd64_microsoft-windows-servicingstack_31bf3856ad364e35_10.0.19041.1220_none_7e21bc567c7ed16b\TiWorker.exe

Auditing Settings:
	Original Security Descriptor:	S:AINO_ACCESS_CONTROL
	New Security Descriptor:		S:ARAI(AU;SAFA;DCLCRPCRSDWDWO;;;WD)",-,-,-,-,-,-,-,-,-,-,-,-,-,-,-,-,-,-,-,-,-,-,-,-,-,C:\Windows\WinSxS\amd64_microsoft-windows-servicingstack_31bf3856ad364e35_10.0.19041.1220_none_7e21bc567c7ed16b\TiWorker.exe,C:\Windows\WinSxS\amd64_microsoft-windows-servicingstack_31bf3856ad364e35_10.0.19041.1220_none_7e21bc567c7ed16b\TiWorker.exe,TiWorker.exe,TiWorker.exe,"1,952",-,-,-,DESKTOP-32EH6N8$,-,-,-,WORKGROUP,-,-,-,S-1-5-18,DESKTOP-32EH6N8$,DESKTOP-32EH6N8$,-,-,-,-,-,wineventlog,Security,DESKTOP-32EH6N8,-,-,-,-,-,-,-,-,-,-,-,-,-,-,-,-,-,0xda8,-,-,-,-,-,-,-,-,-,-,-,-,-,-,-,S:ARAI(AU;SAFA;DCLCRPCRSDWDWO;;;WD),"Everyone :System Audit ([Delete All Child Objects, List Contents, Read All Properties, All Extended Rights, Delete, Modify Permissions, Modify Owner])",-,C:\Windows\Microsoft.NET\Framework\v4.0.30319\WPF\UIAutomationClientsideProviders.dll,Security,File,S:AINO_ACCESS_CONTROL,-,-,-,-,-,-,-,-,-,-,-,-,-,-,-,-,-,WORKGROUP,0x3e7,DESKTOP-32EH6N8$,S-1-5-18,-,-,-,-,-,-,-,-,-,-,-,-,-,-,-,-,-,-,-,-,-,-,-,-,-,-,-,-,-,-,-,-,-,-,-,-,-,-,-,-,-,-,-,-,4907.0,0x3e7,-,Info,4,332,{54849625-5478-4994-a5ba-3e3b0328c30d},Microsoft-Windows-Security-Auditing,2581.0,Audit Policy Change,-,-,-,-,-,-,-,-
159,"Oct 25, 2022 @ 04:30:49.795",DESKTOP-32EH6N8,audit-setting-changed,4907,security,success,Microsoft-Windows-Security-Auditing,-,"admin, change",-,-,-,-,-,-,-,-,x86_64,DESKTOP-32EH6N8,45429efd-c10a-4299-8a01-8a10b0cbf1b8,"fe80::7959:555c:b4f7:82d3, 192.168.170.20, fe80::f415:e770:257d:42d7, 169.254.66.215","00:0c:29:6e:f6:d9, f8:89:d2:da:70:74",DESKTOP-32EH6N8,19044.1288,windows,10.0.19041.1288 (WinBuild.160101.0800),Windows 10 Pro,Windows 10 Pro,windows,windows,10.0,information,"Auditing settings on object were changed.

Subject:
	Security ID:		S-1-5-18
	Account Name:		DESKTOP-32EH6N8$
	Account Domain:		WORKGROUP
	Logon ID:		0x3E7

Object:
	Object Server:	Security
	Object Type:	File
	Object Name:	C:\Windows\Microsoft.NET\Framework\v4.0.30319\WPF\System.Windows.Controls.Ribbon.dll
	Handle ID:	0xdac

Process Information:
	Process ID:	0x7a0
	Process Name:	C:\Windows\WinSxS\amd64_microsoft-windows-servicingstack_31bf3856ad364e35_10.0.19041.1220_none_7e21bc567c7ed16b\TiWorker.exe

Auditing Settings:
	Original Security Descriptor:	S:AINO_ACCESS_CONTROL
	New Security Descriptor:		S:ARAI(AU;SAFA;DCLCRPCRSDWDWO;;;WD)",-,-,-,-,-,-,-,-,-,-,-,-,-,-,-,-,-,-,-,-,-,-,-,-,-,C:\Windows\WinSxS\amd64_microsoft-windows-servicingstack_31bf3856ad364e35_10.0.19041.1220_none_7e21bc567c7ed16b\TiWorker.exe,C:\Windows\WinSxS\amd64_microsoft-windows-servicingstack_31bf3856ad364e35_10.0.19041.1220_none_7e21bc567c7ed16b\TiWorker.exe,TiWorker.exe,TiWorker.exe,"1,952",-,-,-,DESKTOP-32EH6N8$,-,-,-,WORKGROUP,-,-,-,S-1-5-18,DESKTOP-32EH6N8$,DESKTOP-32EH6N8$,-,-,-,-,-,wineventlog,Security,DESKTOP-32EH6N8,-,-,-,-,-,-,-,-,-,-,-,-,-,-,-,-,-,0xdac,-,-,-,-,-,-,-,-,-,-,-,-,-,-,-,S:ARAI(AU;SAFA;DCLCRPCRSDWDWO;;;WD),"Everyone :System Audit ([Delete All Child Objects, List Contents, Read All Properties, All Extended Rights, Delete, Modify Permissions, Modify Owner])",-,C:\Windows\Microsoft.NET\Framework\v4.0.30319\WPF\System.Windows.Controls.Ribbon.dll,Security,File,S:AINO_ACCESS_CONTROL,-,-,-,-,-,-,-,-,-,-,-,-,-,-,-,-,-,WORKGROUP,0x3e7,DESKTOP-32EH6N8$,S-1-5-18,-,-,-,-,-,-,-,-,-,-,-,-,-,-,-,-,-,-,-,-,-,-,-,-,-,-,-,-,-,-,-,-,-,-,-,-,-,-,-,-,-,-,-,-,4907.0,0x3e7,-,Info,4,332,{54849625-5478-4994-a5ba-3e3b0328c30d},Microsoft-Windows-Security-Auditing,2579.0,Audit Policy Change,-,-,-,-,-,-,-,-
160,"Oct 25, 2022 @ 04:30:49.795",DESKTOP-32EH6N8,audit-setting-changed,4907,security,success,Microsoft-Windows-Security-Auditing,-,"admin, change",-,-,-,-,-,-,-,-,x86_64,DESKTOP-32EH6N8,45429efd-c10a-4299-8a01-8a10b0cbf1b8,"fe80::7959:555c:b4f7:82d3, 192.168.170.20, fe80::f415:e770:257d:42d7, 169.254.66.215","00:0c:29:6e:f6:d9, f8:89:d2:da:70:74",DESKTOP-32EH6N8,19044.1288,windows,10.0.19041.1288 (WinBuild.160101.0800),Windows 10 Pro,Windows 10 Pro,windows,windows,10.0,information,"Auditing settings on object were changed.

Subject:
	Security ID:		S-1-5-18
	Account Name:		DESKTOP-32EH6N8$
	Account Domain:		WORKGROUP
	Logon ID:		0x3E7

Object:
	Object Server:	Security
	Object Type:	File
	Object Name:	C:\Windows\Microsoft.NET\Framework\v4.0.30319\WPF\UIAutomationClient.dll
	Handle ID:	0xd98

Process Information:
	Process ID:	0x7a0
	Process Name:	C:\Windows\WinSxS\amd64_microsoft-windows-servicingstack_31bf3856ad364e35_10.0.19041.1220_none_7e21bc567c7ed16b\TiWorker.exe

Auditing Settings:
	Original Security Descriptor:	S:AINO_ACCESS_CONTROL
	New Security Descriptor:		S:ARAI(AU;SAFA;DCLCRPCRSDWDWO;;;WD)",-,-,-,-,-,-,-,-,-,-,-,-,-,-,-,-,-,-,-,-,-,-,-,-,-,C:\Windows\WinSxS\amd64_microsoft-windows-servicingstack_31bf3856ad364e35_10.0.19041.1220_none_7e21bc567c7ed16b\TiWorker.exe,C:\Windows\WinSxS\amd64_microsoft-windows-servicingstack_31bf3856ad364e35_10.0.19041.1220_none_7e21bc567c7ed16b\TiWorker.exe,TiWorker.exe,TiWorker.exe,"1,952",-,-,-,DESKTOP-32EH6N8$,-,-,-,WORKGROUP,-,-,-,S-1-5-18,DESKTOP-32EH6N8$,DESKTOP-32EH6N8$,-,-,-,-,-,wineventlog,Security,DESKTOP-32EH6N8,-,-,-,-,-,-,-,-,-,-,-,-,-,-,-,-,-,0xd98,-,-,-,-,-,-,-,-,-,-,-,-,-,-,-,S:ARAI(AU;SAFA;DCLCRPCRSDWDWO;;;WD),"Everyone :System Audit ([Delete All Child Objects, List Contents, Read All Properties, All Extended Rights, Delete, Modify Permissions, Modify Owner])",-,C:\Windows\Microsoft.NET\Framework\v4.0.30319\WPF\UIAutomationClient.dll,Security,File,S:AINO_ACCESS_CONTROL,-,-,-,-,-,-,-,-,-,-,-,-,-,-,-,-,-,WORKGROUP,0x3e7,DESKTOP-32EH6N8$,S-1-5-18,-,-,-,-,-,-,-,-,-,-,-,-,-,-,-,-,-,-,-,-,-,-,-,-,-,-,-,-,-,-,-,-,-,-,-,-,-,-,-,-,-,-,-,-,4907.0,0x3e7,-,Info,4,332,{54849625-5478-4994-a5ba-3e3b0328c30d},Microsoft-Windows-Security-Auditing,2580.0,Audit Policy Change,-,-,-,-,-,-,-,-
161,"Oct 25, 2022 @ 04:30:49.794",DESKTOP-32EH6N8,audit-setting-changed,4907,security,success,Microsoft-Windows-Security-Auditing,-,"admin, change",-,-,-,-,-,-,-,-,x86_64,DESKTOP-32EH6N8,45429efd-c10a-4299-8a01-8a10b0cbf1b8,"fe80::7959:555c:b4f7:82d3, 192.168.170.20, fe80::f415:e770:257d:42d7, 169.254.66.215","00:0c:29:6e:f6:d9, f8:89:d2:da:70:74",DESKTOP-32EH6N8,19044.1288,windows,10.0.19041.1288 (WinBuild.160101.0800),Windows 10 Pro,Windows 10 Pro,windows,windows,10.0,information,"Auditing settings on object were changed.

Subject:
	Security ID:		S-1-5-18
	Account Name:		DESKTOP-32EH6N8$
	Account Domain:		WORKGROUP
	Logon ID:		0x3E7

Object:
	Object Server:	Security
	Object Type:	File
	Object Name:	C:\Windows\Microsoft.NET\Framework\v4.0.30319\WPF\PresentationNative_v0400.dll
	Handle ID:	0xda8

Process Information:
	Process ID:	0x7a0
	Process Name:	C:\Windows\WinSxS\amd64_microsoft-windows-servicingstack_31bf3856ad364e35_10.0.19041.1220_none_7e21bc567c7ed16b\TiWorker.exe

Auditing Settings:
	Original Security Descriptor:	S:AINO_ACCESS_CONTROL
	New Security Descriptor:		S:ARAI(AU;SAFA;DCLCRPCRSDWDWO;;;WD)",-,-,-,-,-,-,-,-,-,-,-,-,-,-,-,-,-,-,-,-,-,-,-,-,-,C:\Windows\WinSxS\amd64_microsoft-windows-servicingstack_31bf3856ad364e35_10.0.19041.1220_none_7e21bc567c7ed16b\TiWorker.exe,C:\Windows\WinSxS\amd64_microsoft-windows-servicingstack_31bf3856ad364e35_10.0.19041.1220_none_7e21bc567c7ed16b\TiWorker.exe,TiWorker.exe,TiWorker.exe,"1,952",-,-,-,DESKTOP-32EH6N8$,-,-,-,WORKGROUP,-,-,-,S-1-5-18,DESKTOP-32EH6N8$,DESKTOP-32EH6N8$,-,-,-,-,-,wineventlog,Security,DESKTOP-32EH6N8,-,-,-,-,-,-,-,-,-,-,-,-,-,-,-,-,-,0xda8,-,-,-,-,-,-,-,-,-,-,-,-,-,-,-,S:ARAI(AU;SAFA;DCLCRPCRSDWDWO;;;WD),"Everyone :System Audit ([Delete All Child Objects, List Contents, Read All Properties, All Extended Rights, Delete, Modify Permissions, Modify Owner])",-,C:\Windows\Microsoft.NET\Framework\v4.0.30319\WPF\PresentationNative_v0400.dll,Security,File,S:AINO_ACCESS_CONTROL,-,-,-,-,-,-,-,-,-,-,-,-,-,-,-,-,-,WORKGROUP,0x3e7,DESKTOP-32EH6N8$,S-1-5-18,-,-,-,-,-,-,-,-,-,-,-,-,-,-,-,-,-,-,-,-,-,-,-,-,-,-,-,-,-,-,-,-,-,-,-,-,-,-,-,-,-,-,-,-,4907.0,0x3e7,-,Info,4,332,{54849625-5478-4994-a5ba-3e3b0328c30d},Microsoft-Windows-Security-Auditing,2578.0,Audit Policy Change,-,-,-,-,-,-,-,-
162,"Oct 25, 2022 @ 04:30:49.792",DESKTOP-32EH6N8,audit-setting-changed,4907,security,success,Microsoft-Windows-Security-Auditing,-,"admin, change",-,-,-,-,-,-,-,-,x86_64,DESKTOP-32EH6N8,45429efd-c10a-4299-8a01-8a10b0cbf1b8,"fe80::7959:555c:b4f7:82d3, 192.168.170.20, fe80::f415:e770:257d:42d7, 169.254.66.215","00:0c:29:6e:f6:d9, f8:89:d2:da:70:74",DESKTOP-32EH6N8,19044.1288,windows,10.0.19041.1288 (WinBuild.160101.0800),Windows 10 Pro,Windows 10 Pro,windows,windows,10.0,information,"Auditing settings on object were changed.

Subject:
	Security ID:		S-1-5-18
	Account Name:		DESKTOP-32EH6N8$
	Account Domain:		WORKGROUP
	Logon ID:		0x3E7

Object:
	Object Server:	Security
	Object Type:	File
	Object Name:	C:\Windows\Microsoft.NET\Framework\v4.0.30319\WPF\PresentationHost_v0400.dll
	Handle ID:	0xd98

Process Information:
	Process ID:	0x7a0
	Process Name:	C:\Windows\WinSxS\amd64_microsoft-windows-servicingstack_31bf3856ad364e35_10.0.19041.1220_none_7e21bc567c7ed16b\TiWorker.exe

Auditing Settings:
	Original Security Descriptor:	S:AINO_ACCESS_CONTROL
	New Security Descriptor:		S:ARAI(AU;SAFA;DCLCRPCRSDWDWO;;;WD)",-,-,-,-,-,-,-,-,-,-,-,-,-,-,-,-,-,-,-,-,-,-,-,-,-,C:\Windows\WinSxS\amd64_microsoft-windows-servicingstack_31bf3856ad364e35_10.0.19041.1220_none_7e21bc567c7ed16b\TiWorker.exe,C:\Windows\WinSxS\amd64_microsoft-windows-servicingstack_31bf3856ad364e35_10.0.19041.1220_none_7e21bc567c7ed16b\TiWorker.exe,TiWorker.exe,TiWorker.exe,"1,952",-,-,-,DESKTOP-32EH6N8$,-,-,-,WORKGROUP,-,-,-,S-1-5-18,DESKTOP-32EH6N8$,DESKTOP-32EH6N8$,-,-,-,-,-,wineventlog,Security,DESKTOP-32EH6N8,-,-,-,-,-,-,-,-,-,-,-,-,-,-,-,-,-,0xd98,-,-,-,-,-,-,-,-,-,-,-,-,-,-,-,S:ARAI(AU;SAFA;DCLCRPCRSDWDWO;;;WD),"Everyone :System Audit ([Delete All Child Objects, List Contents, Read All Properties, All Extended Rights, Delete, Modify Permissions, Modify Owner])",-,C:\Windows\Microsoft.NET\Framework\v4.0.30319\WPF\PresentationHost_v0400.dll,Security,File,S:AINO_ACCESS_CONTROL,-,-,-,-,-,-,-,-,-,-,-,-,-,-,-,-,-,WORKGROUP,0x3e7,DESKTOP-32EH6N8$,S-1-5-18,-,-,-,-,-,-,-,-,-,-,-,-,-,-,-,-,-,-,-,-,-,-,-,-,-,-,-,-,-,-,-,-,-,-,-,-,-,-,-,-,-,-,-,-,4907.0,0x3e7,-,Info,4,332,{54849625-5478-4994-a5ba-3e3b0328c30d},Microsoft-Windows-Security-Auditing,2577.0,Audit Policy Change,-,-,-,-,-,-,-,-
163,"Oct 25, 2022 @ 04:30:49.790",DESKTOP-32EH6N8,audit-setting-changed,4907,security,success,Microsoft-Windows-Security-Auditing,-,"admin, change",-,-,-,-,-,-,-,-,x86_64,DESKTOP-32EH6N8,45429efd-c10a-4299-8a01-8a10b0cbf1b8,"fe80::7959:555c:b4f7:82d3, 192.168.170.20, fe80::f415:e770:257d:42d7, 169.254.66.215","00:0c:29:6e:f6:d9, f8:89:d2:da:70:74",DESKTOP-32EH6N8,19044.1288,windows,10.0.19041.1288 (WinBuild.160101.0800),Windows 10 Pro,Windows 10 Pro,windows,windows,10.0,information,"Auditing settings on object were changed.

Subject:
	Security ID:		S-1-5-18
	Account Name:		DESKTOP-32EH6N8$
	Account Domain:		WORKGROUP
	Logon ID:		0x3E7

Object:
	Object Server:	Security
	Object Type:	File
	Object Name:	C:\Windows\Microsoft.NET\Framework\v4.0.30319\WPF\PresentationFramework.dll
	Handle ID:	0xdac

Process Information:
	Process ID:	0x7a0
	Process Name:	C:\Windows\WinSxS\amd64_microsoft-windows-servicingstack_31bf3856ad364e35_10.0.19041.1220_none_7e21bc567c7ed16b\TiWorker.exe

Auditing Settings:
	Original Security Descriptor:	S:AINO_ACCESS_CONTROL
	New Security Descriptor:		S:ARAI(AU;SAFA;DCLCRPCRSDWDWO;;;WD)",-,-,-,-,-,-,-,-,-,-,-,-,-,-,-,-,-,-,-,-,-,-,-,-,-,C:\Windows\WinSxS\amd64_microsoft-windows-servicingstack_31bf3856ad364e35_10.0.19041.1220_none_7e21bc567c7ed16b\TiWorker.exe,C:\Windows\WinSxS\amd64_microsoft-windows-servicingstack_31bf3856ad364e35_10.0.19041.1220_none_7e21bc567c7ed16b\TiWorker.exe,TiWorker.exe,TiWorker.exe,"1,952",-,-,-,DESKTOP-32EH6N8$,-,-,-,WORKGROUP,-,-,-,S-1-5-18,DESKTOP-32EH6N8$,DESKTOP-32EH6N8$,-,-,-,-,-,wineventlog,Security,DESKTOP-32EH6N8,-,-,-,-,-,-,-,-,-,-,-,-,-,-,-,-,-,0xdac,-,-,-,-,-,-,-,-,-,-,-,-,-,-,-,S:ARAI(AU;SAFA;DCLCRPCRSDWDWO;;;WD),"Everyone :System Audit ([Delete All Child Objects, List Contents, Read All Properties, All Extended Rights, Delete, Modify Permissions, Modify Owner])",-,C:\Windows\Microsoft.NET\Framework\v4.0.30319\WPF\PresentationFramework.dll,Security,File,S:AINO_ACCESS_CONTROL,-,-,-,-,-,-,-,-,-,-,-,-,-,-,-,-,-,WORKGROUP,0x3e7,DESKTOP-32EH6N8$,S-1-5-18,-,-,-,-,-,-,-,-,-,-,-,-,-,-,-,-,-,-,-,-,-,-,-,-,-,-,-,-,-,-,-,-,-,-,-,-,-,-,-,-,-,-,-,-,4907.0,0x3e7,-,Info,4,332,{54849625-5478-4994-a5ba-3e3b0328c30d},Microsoft-Windows-Security-Auditing,2576.0,Audit Policy Change,-,-,-,-,-,-,-,-
164,"Oct 25, 2022 @ 04:30:49.789",DESKTOP-32EH6N8,audit-setting-changed,4907,security,success,Microsoft-Windows-Security-Auditing,-,"admin, change",-,-,-,-,-,-,-,-,x86_64,DESKTOP-32EH6N8,45429efd-c10a-4299-8a01-8a10b0cbf1b8,"fe80::7959:555c:b4f7:82d3, 192.168.170.20, fe80::f415:e770:257d:42d7, 169.254.66.215","00:0c:29:6e:f6:d9, f8:89:d2:da:70:74",DESKTOP-32EH6N8,19044.1288,windows,10.0.19041.1288 (WinBuild.160101.0800),Windows 10 Pro,Windows 10 Pro,windows,windows,10.0,information,"Auditing settings on object were changed.

Subject:
	Security ID:		S-1-5-18
	Account Name:		DESKTOP-32EH6N8$
	Account Domain:		WORKGROUP
	Logon ID:		0x3E7

Object:
	Object Server:	Security
	Object Type:	File
	Object Name:	C:\Windows\Microsoft.NET\Framework\v4.0.30319\WPF\PresentationFramework-SystemData.dll
	Handle ID:	0xda8

Process Information:
	Process ID:	0x7a0
	Process Name:	C:\Windows\WinSxS\amd64_microsoft-windows-servicingstack_31bf3856ad364e35_10.0.19041.1220_none_7e21bc567c7ed16b\TiWorker.exe

Auditing Settings:
	Original Security Descriptor:	S:AINO_ACCESS_CONTROL
	New Security Descriptor:		S:ARAI(AU;SAFA;DCLCRPCRSDWDWO;;;WD)",-,-,-,-,-,-,-,-,-,-,-,-,-,-,-,-,-,-,-,-,-,-,-,-,-,C:\Windows\WinSxS\amd64_microsoft-windows-servicingstack_31bf3856ad364e35_10.0.19041.1220_none_7e21bc567c7ed16b\TiWorker.exe,C:\Windows\WinSxS\amd64_microsoft-windows-servicingstack_31bf3856ad364e35_10.0.19041.1220_none_7e21bc567c7ed16b\TiWorker.exe,TiWorker.exe,TiWorker.exe,"1,952",-,-,-,DESKTOP-32EH6N8$,-,-,-,WORKGROUP,-,-,-,S-1-5-18,DESKTOP-32EH6N8$,DESKTOP-32EH6N8$,-,-,-,-,-,wineventlog,Security,DESKTOP-32EH6N8,-,-,-,-,-,-,-,-,-,-,-,-,-,-,-,-,-,0xda8,-,-,-,-,-,-,-,-,-,-,-,-,-,-,-,S:ARAI(AU;SAFA;DCLCRPCRSDWDWO;;;WD),"Everyone :System Audit ([Delete All Child Objects, List Contents, Read All Properties, All Extended Rights, Delete, Modify Permissions, Modify Owner])",-,C:\Windows\Microsoft.NET\Framework\v4.0.30319\WPF\PresentationFramework-SystemData.dll,Security,File,S:AINO_ACCESS_CONTROL,-,-,-,-,-,-,-,-,-,-,-,-,-,-,-,-,-,WORKGROUP,0x3e7,DESKTOP-32EH6N8$,S-1-5-18,-,-,-,-,-,-,-,-,-,-,-,-,-,-,-,-,-,-,-,-,-,-,-,-,-,-,-,-,-,-,-,-,-,-,-,-,-,-,-,-,-,-,-,-,4907.0,0x3e7,-,Info,4,332,{54849625-5478-4994-a5ba-3e3b0328c30d},Microsoft-Windows-Security-Auditing,2575.0,Audit Policy Change,-,-,-,-,-,-,-,-
165,"Oct 25, 2022 @ 04:30:49.788",DESKTOP-32EH6N8,audit-setting-changed,4907,security,success,Microsoft-Windows-Security-Auditing,-,"admin, change",-,-,-,-,-,-,-,-,x86_64,DESKTOP-32EH6N8,45429efd-c10a-4299-8a01-8a10b0cbf1b8,"fe80::7959:555c:b4f7:82d3, 192.168.170.20, fe80::f415:e770:257d:42d7, 169.254.66.215","00:0c:29:6e:f6:d9, f8:89:d2:da:70:74",DESKTOP-32EH6N8,19044.1288,windows,10.0.19041.1288 (WinBuild.160101.0800),Windows 10 Pro,Windows 10 Pro,windows,windows,10.0,information,"Auditing settings on object were changed.

Subject:
	Security ID:		S-1-5-18
	Account Name:		DESKTOP-32EH6N8$
	Account Domain:		WORKGROUP
	Logon ID:		0x3E7

Object:
	Object Server:	Security
	Object Type:	File
	Object Name:	C:\Windows\Microsoft.NET\Framework\v4.0.30319\WPF\PresentationCore.dll
	Handle ID:	0xd98

Process Information:
	Process ID:	0x7a0
	Process Name:	C:\Windows\WinSxS\amd64_microsoft-windows-servicingstack_31bf3856ad364e35_10.0.19041.1220_none_7e21bc567c7ed16b\TiWorker.exe

Auditing Settings:
	Original Security Descriptor:	S:AINO_ACCESS_CONTROL
	New Security Descriptor:		S:ARAI(AU;SAFA;DCLCRPCRSDWDWO;;;WD)",-,-,-,-,-,-,-,-,-,-,-,-,-,-,-,-,-,-,-,-,-,-,-,-,-,C:\Windows\WinSxS\amd64_microsoft-windows-servicingstack_31bf3856ad364e35_10.0.19041.1220_none_7e21bc567c7ed16b\TiWorker.exe,C:\Windows\WinSxS\amd64_microsoft-windows-servicingstack_31bf3856ad364e35_10.0.19041.1220_none_7e21bc567c7ed16b\TiWorker.exe,TiWorker.exe,TiWorker.exe,"1,952",-,-,-,DESKTOP-32EH6N8$,-,-,-,WORKGROUP,-,-,-,S-1-5-18,DESKTOP-32EH6N8$,DESKTOP-32EH6N8$,-,-,-,-,-,wineventlog,Security,DESKTOP-32EH6N8,-,-,-,-,-,-,-,-,-,-,-,-,-,-,-,-,-,0xd98,-,-,-,-,-,-,-,-,-,-,-,-,-,-,-,S:ARAI(AU;SAFA;DCLCRPCRSDWDWO;;;WD),"Everyone :System Audit ([Delete All Child Objects, List Contents, Read All Properties, All Extended Rights, Delete, Modify Permissions, Modify Owner])",-,C:\Windows\Microsoft.NET\Framework\v4.0.30319\WPF\PresentationCore.dll,Security,File,S:AINO_ACCESS_CONTROL,-,-,-,-,-,-,-,-,-,-,-,-,-,-,-,-,-,WORKGROUP,0x3e7,DESKTOP-32EH6N8$,S-1-5-18,-,-,-,-,-,-,-,-,-,-,-,-,-,-,-,-,-,-,-,-,-,-,-,-,-,-,-,-,-,-,-,-,-,-,-,-,-,-,-,-,-,-,-,-,4907.0,0x3e7,-,Info,4,332,{54849625-5478-4994-a5ba-3e3b0328c30d},Microsoft-Windows-Security-Auditing,2574.0,Audit Policy Change,-,-,-,-,-,-,-,-
166,"Oct 25, 2022 @ 04:30:49.786",DESKTOP-32EH6N8,audit-setting-changed,4907,security,success,Microsoft-Windows-Security-Auditing,-,"admin, change",-,-,-,-,-,-,-,-,x86_64,DESKTOP-32EH6N8,45429efd-c10a-4299-8a01-8a10b0cbf1b8,"fe80::7959:555c:b4f7:82d3, 192.168.170.20, fe80::f415:e770:257d:42d7, 169.254.66.215","00:0c:29:6e:f6:d9, f8:89:d2:da:70:74",DESKTOP-32EH6N8,19044.1288,windows,10.0.19041.1288 (WinBuild.160101.0800),Windows 10 Pro,Windows 10 Pro,windows,windows,10.0,information,"Auditing settings on object were changed.

Subject:
	Security ID:		S-1-5-18
	Account Name:		DESKTOP-32EH6N8$
	Account Domain:		WORKGROUP
	Logon ID:		0x3E7

Object:
	Object Server:	Security
	Object Type:	File
	Object Name:	C:\Windows\Microsoft.NET\Framework\v4.0.30319\WPF\PenIMC_v0400.dll
	Handle ID:	0xdac

Process Information:
	Process ID:	0x7a0
	Process Name:	C:\Windows\WinSxS\amd64_microsoft-windows-servicingstack_31bf3856ad364e35_10.0.19041.1220_none_7e21bc567c7ed16b\TiWorker.exe

Auditing Settings:
	Original Security Descriptor:	S:AINO_ACCESS_CONTROL
	New Security Descriptor:		S:ARAI(AU;SAFA;DCLCRPCRSDWDWO;;;WD)",-,-,-,-,-,-,-,-,-,-,-,-,-,-,-,-,-,-,-,-,-,-,-,-,-,C:\Windows\WinSxS\amd64_microsoft-windows-servicingstack_31bf3856ad364e35_10.0.19041.1220_none_7e21bc567c7ed16b\TiWorker.exe,C:\Windows\WinSxS\amd64_microsoft-windows-servicingstack_31bf3856ad364e35_10.0.19041.1220_none_7e21bc567c7ed16b\TiWorker.exe,TiWorker.exe,TiWorker.exe,"1,952",-,-,-,DESKTOP-32EH6N8$,-,-,-,WORKGROUP,-,-,-,S-1-5-18,DESKTOP-32EH6N8$,DESKTOP-32EH6N8$,-,-,-,-,-,wineventlog,Security,DESKTOP-32EH6N8,-,-,-,-,-,-,-,-,-,-,-,-,-,-,-,-,-,0xdac,-,-,-,-,-,-,-,-,-,-,-,-,-,-,-,S:ARAI(AU;SAFA;DCLCRPCRSDWDWO;;;WD),"Everyone :System Audit ([Delete All Child Objects, List Contents, Read All Properties, All Extended Rights, Delete, Modify Permissions, Modify Owner])",-,C:\Windows\Microsoft.NET\Framework\v4.0.30319\WPF\PenIMC_v0400.dll,Security,File,S:AINO_ACCESS_CONTROL,-,-,-,-,-,-,-,-,-,-,-,-,-,-,-,-,-,WORKGROUP,0x3e7,DESKTOP-32EH6N8$,S-1-5-18,-,-,-,-,-,-,-,-,-,-,-,-,-,-,-,-,-,-,-,-,-,-,-,-,-,-,-,-,-,-,-,-,-,-,-,-,-,-,-,-,-,-,-,-,4907.0,0x3e7,-,Info,4,332,{54849625-5478-4994-a5ba-3e3b0328c30d},Microsoft-Windows-Security-Auditing,2573.0,Audit Policy Change,-,-,-,-,-,-,-,-
167,"Oct 25, 2022 @ 04:30:49.784",DESKTOP-32EH6N8,audit-setting-changed,4907,security,success,Microsoft-Windows-Security-Auditing,-,"admin, change",-,-,-,-,-,-,-,-,x86_64,DESKTOP-32EH6N8,45429efd-c10a-4299-8a01-8a10b0cbf1b8,"fe80::7959:555c:b4f7:82d3, 192.168.170.20, fe80::f415:e770:257d:42d7, 169.254.66.215","00:0c:29:6e:f6:d9, f8:89:d2:da:70:74",DESKTOP-32EH6N8,19044.1288,windows,10.0.19041.1288 (WinBuild.160101.0800),Windows 10 Pro,Windows 10 Pro,windows,windows,10.0,information,"Auditing settings on object were changed.

Subject:
	Security ID:		S-1-5-18
	Account Name:		DESKTOP-32EH6N8$
	Account Domain:		WORKGROUP
	Logon ID:		0x3E7

Object:
	Object Server:	Security
	Object Type:	File
	Object Name:	C:\Windows\Microsoft.NET\Framework\v4.0.30319\WPF\PenIMC2_v0400.dll
	Handle ID:	0xda8

Process Information:
	Process ID:	0x7a0
	Process Name:	C:\Windows\WinSxS\amd64_microsoft-windows-servicingstack_31bf3856ad364e35_10.0.19041.1220_none_7e21bc567c7ed16b\TiWorker.exe

Auditing Settings:
	Original Security Descriptor:	S:AINO_ACCESS_CONTROL
	New Security Descriptor:		S:ARAI(AU;SAFA;DCLCRPCRSDWDWO;;;WD)",-,-,-,-,-,-,-,-,-,-,-,-,-,-,-,-,-,-,-,-,-,-,-,-,-,C:\Windows\WinSxS\amd64_microsoft-windows-servicingstack_31bf3856ad364e35_10.0.19041.1220_none_7e21bc567c7ed16b\TiWorker.exe,C:\Windows\WinSxS\amd64_microsoft-windows-servicingstack_31bf3856ad364e35_10.0.19041.1220_none_7e21bc567c7ed16b\TiWorker.exe,TiWorker.exe,TiWorker.exe,"1,952",-,-,-,DESKTOP-32EH6N8$,-,-,-,WORKGROUP,-,-,-,S-1-5-18,DESKTOP-32EH6N8$,DESKTOP-32EH6N8$,-,-,-,-,-,wineventlog,Security,DESKTOP-32EH6N8,-,-,-,-,-,-,-,-,-,-,-,-,-,-,-,-,-,0xda8,-,-,-,-,-,-,-,-,-,-,-,-,-,-,-,S:ARAI(AU;SAFA;DCLCRPCRSDWDWO;;;WD),"Everyone :System Audit ([Delete All Child Objects, List Contents, Read All Properties, All Extended Rights, Delete, Modify Permissions, Modify Owner])",-,C:\Windows\Microsoft.NET\Framework\v4.0.30319\WPF\PenIMC2_v0400.dll,Security,File,S:AINO_ACCESS_CONTROL,-,-,-,-,-,-,-,-,-,-,-,-,-,-,-,-,-,WORKGROUP,0x3e7,DESKTOP-32EH6N8$,S-1-5-18,-,-,-,-,-,-,-,-,-,-,-,-,-,-,-,-,-,-,-,-,-,-,-,-,-,-,-,-,-,-,-,-,-,-,-,-,-,-,-,-,-,-,-,-,4907.0,0x3e7,-,Info,4,332,{54849625-5478-4994-a5ba-3e3b0328c30d},Microsoft-Windows-Security-Auditing,2572.0,Audit Policy Change,-,-,-,-,-,-,-,-
168,"Oct 25, 2022 @ 04:30:49.782",DESKTOP-32EH6N8,audit-setting-changed,4907,security,success,Microsoft-Windows-Security-Auditing,-,"admin, change",-,-,-,-,-,-,-,-,x86_64,DESKTOP-32EH6N8,45429efd-c10a-4299-8a01-8a10b0cbf1b8,"fe80::7959:555c:b4f7:82d3, 192.168.170.20, fe80::f415:e770:257d:42d7, 169.254.66.215","00:0c:29:6e:f6:d9, f8:89:d2:da:70:74",DESKTOP-32EH6N8,19044.1288,windows,10.0.19041.1288 (WinBuild.160101.0800),Windows 10 Pro,Windows 10 Pro,windows,windows,10.0,information,"Auditing settings on object were changed.

Subject:
	Security ID:		S-1-5-18
	Account Name:		DESKTOP-32EH6N8$
	Account Domain:		WORKGROUP
	Logon ID:		0x3E7

Object:
	Object Server:	Security
	Object Type:	File
	Object Name:	C:\Windows\Microsoft.NET\Framework\v4.0.30319\WPF\PenIMC.dll
	Handle ID:	0xd98

Process Information:
	Process ID:	0x7a0
	Process Name:	C:\Windows\WinSxS\amd64_microsoft-windows-servicingstack_31bf3856ad364e35_10.0.19041.1220_none_7e21bc567c7ed16b\TiWorker.exe

Auditing Settings:
	Original Security Descriptor:	S:AINO_ACCESS_CONTROL
	New Security Descriptor:		S:ARAI(AU;SAFA;DCLCRPCRSDWDWO;;;WD)",-,-,-,-,-,-,-,-,-,-,-,-,-,-,-,-,-,-,-,-,-,-,-,-,-,C:\Windows\WinSxS\amd64_microsoft-windows-servicingstack_31bf3856ad364e35_10.0.19041.1220_none_7e21bc567c7ed16b\TiWorker.exe,C:\Windows\WinSxS\amd64_microsoft-windows-servicingstack_31bf3856ad364e35_10.0.19041.1220_none_7e21bc567c7ed16b\TiWorker.exe,TiWorker.exe,TiWorker.exe,"1,952",-,-,-,DESKTOP-32EH6N8$,-,-,-,WORKGROUP,-,-,-,S-1-5-18,DESKTOP-32EH6N8$,DESKTOP-32EH6N8$,-,-,-,-,-,wineventlog,Security,DESKTOP-32EH6N8,-,-,-,-,-,-,-,-,-,-,-,-,-,-,-,-,-,0xd98,-,-,-,-,-,-,-,-,-,-,-,-,-,-,-,S:ARAI(AU;SAFA;DCLCRPCRSDWDWO;;;WD),"Everyone :System Audit ([Delete All Child Objects, List Contents, Read All Properties, All Extended Rights, Delete, Modify Permissions, Modify Owner])",-,C:\Windows\Microsoft.NET\Framework\v4.0.30319\WPF\PenIMC.dll,Security,File,S:AINO_ACCESS_CONTROL,-,-,-,-,-,-,-,-,-,-,-,-,-,-,-,-,-,WORKGROUP,0x3e7,DESKTOP-32EH6N8$,S-1-5-18,-,-,-,-,-,-,-,-,-,-,-,-,-,-,-,-,-,-,-,-,-,-,-,-,-,-,-,-,-,-,-,-,-,-,-,-,-,-,-,-,-,-,-,-,4907.0,0x3e7,-,Info,4,332,{54849625-5478-4994-a5ba-3e3b0328c30d},Microsoft-Windows-Security-Auditing,2571.0,Audit Policy Change,-,-,-,-,-,-,-,-
169,"Oct 25, 2022 @ 04:30:49.780",DESKTOP-32EH6N8,audit-setting-changed,4907,security,success,Microsoft-Windows-Security-Auditing,-,"admin, change",-,-,-,-,-,-,-,-,x86_64,DESKTOP-32EH6N8,45429efd-c10a-4299-8a01-8a10b0cbf1b8,"fe80::7959:555c:b4f7:82d3, 192.168.170.20, fe80::f415:e770:257d:42d7, 169.254.66.215","00:0c:29:6e:f6:d9, f8:89:d2:da:70:74",DESKTOP-32EH6N8,19044.1288,windows,10.0.19041.1288 (WinBuild.160101.0800),Windows 10 Pro,Windows 10 Pro,windows,windows,10.0,information,"Auditing settings on object were changed.

Subject:
	Security ID:		S-1-5-18
	Account Name:		DESKTOP-32EH6N8$
	Account Domain:		WORKGROUP
	Logon ID:		0x3E7

Object:
	Object Server:	Security
	Object Type:	File
	Object Name:	C:\Windows\Microsoft.NET\Framework\v4.0.30319\NativeImages\mscorlib.ni.dll
	Handle ID:	0xda4

Process Information:
	Process ID:	0x7a0
	Process Name:	C:\Windows\WinSxS\amd64_microsoft-windows-servicingstack_31bf3856ad364e35_10.0.19041.1220_none_7e21bc567c7ed16b\TiWorker.exe

Auditing Settings:
	Original Security Descriptor:	S:AINO_ACCESS_CONTROL
	New Security Descriptor:		S:ARAI(AU;SAFA;DCLCRPCRSDWDWO;;;WD)",-,-,-,-,-,-,-,-,-,-,-,-,-,-,-,-,-,-,-,-,-,-,-,-,-,C:\Windows\WinSxS\amd64_microsoft-windows-servicingstack_31bf3856ad364e35_10.0.19041.1220_none_7e21bc567c7ed16b\TiWorker.exe,C:\Windows\WinSxS\amd64_microsoft-windows-servicingstack_31bf3856ad364e35_10.0.19041.1220_none_7e21bc567c7ed16b\TiWorker.exe,TiWorker.exe,TiWorker.exe,"1,952",-,-,-,DESKTOP-32EH6N8$,-,-,-,WORKGROUP,-,-,-,S-1-5-18,DESKTOP-32EH6N8$,DESKTOP-32EH6N8$,-,-,-,-,-,wineventlog,Security,DESKTOP-32EH6N8,-,-,-,-,-,-,-,-,-,-,-,-,-,-,-,-,-,0xda4,-,-,-,-,-,-,-,-,-,-,-,-,-,-,-,S:ARAI(AU;SAFA;DCLCRPCRSDWDWO;;;WD),"Everyone :System Audit ([Delete All Child Objects, List Contents, Read All Properties, All Extended Rights, Delete, Modify Permissions, Modify Owner])",-,C:\Windows\Microsoft.NET\Framework\v4.0.30319\NativeImages\mscorlib.ni.dll,Security,File,S:AINO_ACCESS_CONTROL,-,-,-,-,-,-,-,-,-,-,-,-,-,-,-,-,-,WORKGROUP,0x3e7,DESKTOP-32EH6N8$,S-1-5-18,-,-,-,-,-,-,-,-,-,-,-,-,-,-,-,-,-,-,-,-,-,-,-,-,-,-,-,-,-,-,-,-,-,-,-,-,-,-,-,-,-,-,-,-,4907.0,0x3e7,-,Info,4,480,{54849625-5478-4994-a5ba-3e3b0328c30d},Microsoft-Windows-Security-Auditing,2570.0,Audit Policy Change,-,-,-,-,-,-,-,-
170,"Oct 25, 2022 @ 04:30:49.778",DESKTOP-32EH6N8,audit-setting-changed,4907,security,success,Microsoft-Windows-Security-Auditing,-,"admin, change",-,-,-,-,-,-,-,-,x86_64,DESKTOP-32EH6N8,45429efd-c10a-4299-8a01-8a10b0cbf1b8,"fe80::7959:555c:b4f7:82d3, 192.168.170.20, fe80::f415:e770:257d:42d7, 169.254.66.215","00:0c:29:6e:f6:d9, f8:89:d2:da:70:74",DESKTOP-32EH6N8,19044.1288,windows,10.0.19041.1288 (WinBuild.160101.0800),Windows 10 Pro,Windows 10 Pro,windows,windows,10.0,information,"Auditing settings on object were changed.

Subject:
	Security ID:		S-1-5-18
	Account Name:		DESKTOP-32EH6N8$
	Account Domain:		WORKGROUP
	Logon ID:		0x3E7

Object:
	Object Server:	Security
	Object Type:	File
	Object Name:	C:\Windows\Microsoft.NET\Framework\v4.0.30319\webengine4.dll
	Handle ID:	0x970

Process Information:
	Process ID:	0x7a0
	Process Name:	C:\Windows\WinSxS\amd64_microsoft-windows-servicingstack_31bf3856ad364e35_10.0.19041.1220_none_7e21bc567c7ed16b\TiWorker.exe

Auditing Settings:
	Original Security Descriptor:	S:AINO_ACCESS_CONTROL
	New Security Descriptor:		S:ARAI(AU;SAFA;DCLCRPCRSDWDWO;;;WD)",-,-,-,-,-,-,-,-,-,-,-,-,-,-,-,-,-,-,-,-,-,-,-,-,-,C:\Windows\WinSxS\amd64_microsoft-windows-servicingstack_31bf3856ad364e35_10.0.19041.1220_none_7e21bc567c7ed16b\TiWorker.exe,C:\Windows\WinSxS\amd64_microsoft-windows-servicingstack_31bf3856ad364e35_10.0.19041.1220_none_7e21bc567c7ed16b\TiWorker.exe,TiWorker.exe,TiWorker.exe,"1,952",-,-,-,DESKTOP-32EH6N8$,-,-,-,WORKGROUP,-,-,-,S-1-5-18,DESKTOP-32EH6N8$,DESKTOP-32EH6N8$,-,-,-,-,-,wineventlog,Security,DESKTOP-32EH6N8,-,-,-,-,-,-,-,-,-,-,-,-,-,-,-,-,-,0x970,-,-,-,-,-,-,-,-,-,-,-,-,-,-,-,S:ARAI(AU;SAFA;DCLCRPCRSDWDWO;;;WD),"Everyone :System Audit ([Delete All Child Objects, List Contents, Read All Properties, All Extended Rights, Delete, Modify Permissions, Modify Owner])",-,C:\Windows\Microsoft.NET\Framework\v4.0.30319\webengine4.dll,Security,File,S:AINO_ACCESS_CONTROL,-,-,-,-,-,-,-,-,-,-,-,-,-,-,-,-,-,WORKGROUP,0x3e7,DESKTOP-32EH6N8$,S-1-5-18,-,-,-,-,-,-,-,-,-,-,-,-,-,-,-,-,-,-,-,-,-,-,-,-,-,-,-,-,-,-,-,-,-,-,-,-,-,-,-,-,-,-,-,-,4907.0,0x3e7,-,Info,4,480,{54849625-5478-4994-a5ba-3e3b0328c30d},Microsoft-Windows-Security-Auditing,2569.0,Audit Policy Change,-,-,-,-,-,-,-,-
171,"Oct 25, 2022 @ 04:30:49.776",DESKTOP-32EH6N8,audit-setting-changed,4907,security,success,Microsoft-Windows-Security-Auditing,-,"admin, change",-,-,-,-,-,-,-,-,x86_64,DESKTOP-32EH6N8,45429efd-c10a-4299-8a01-8a10b0cbf1b8,"fe80::7959:555c:b4f7:82d3, 192.168.170.20, fe80::f415:e770:257d:42d7, 169.254.66.215","00:0c:29:6e:f6:d9, f8:89:d2:da:70:74",DESKTOP-32EH6N8,19044.1288,windows,10.0.19041.1288 (WinBuild.160101.0800),Windows 10 Pro,Windows 10 Pro,windows,windows,10.0,information,"Auditing settings on object were changed.

Subject:
	Security ID:		S-1-5-18
	Account Name:		DESKTOP-32EH6N8$
	Account Domain:		WORKGROUP
	Logon ID:		0x3E7

Object:
	Object Server:	Security
	Object Type:	File
	Object Name:	C:\Windows\Microsoft.NET\Framework\v4.0.30319\webengine.dll
	Handle ID:	0xda4

Process Information:
	Process ID:	0x7a0
	Process Name:	C:\Windows\WinSxS\amd64_microsoft-windows-servicingstack_31bf3856ad364e35_10.0.19041.1220_none_7e21bc567c7ed16b\TiWorker.exe

Auditing Settings:
	Original Security Descriptor:	S:AINO_ACCESS_CONTROL
	New Security Descriptor:		S:ARAI(AU;SAFA;DCLCRPCRSDWDWO;;;WD)",-,-,-,-,-,-,-,-,-,-,-,-,-,-,-,-,-,-,-,-,-,-,-,-,-,C:\Windows\WinSxS\amd64_microsoft-windows-servicingstack_31bf3856ad364e35_10.0.19041.1220_none_7e21bc567c7ed16b\TiWorker.exe,C:\Windows\WinSxS\amd64_microsoft-windows-servicingstack_31bf3856ad364e35_10.0.19041.1220_none_7e21bc567c7ed16b\TiWorker.exe,TiWorker.exe,TiWorker.exe,"1,952",-,-,-,DESKTOP-32EH6N8$,-,-,-,WORKGROUP,-,-,-,S-1-5-18,DESKTOP-32EH6N8$,DESKTOP-32EH6N8$,-,-,-,-,-,wineventlog,Security,DESKTOP-32EH6N8,-,-,-,-,-,-,-,-,-,-,-,-,-,-,-,-,-,0xda4,-,-,-,-,-,-,-,-,-,-,-,-,-,-,-,S:ARAI(AU;SAFA;DCLCRPCRSDWDWO;;;WD),"Everyone :System Audit ([Delete All Child Objects, List Contents, Read All Properties, All Extended Rights, Delete, Modify Permissions, Modify Owner])",-,C:\Windows\Microsoft.NET\Framework\v4.0.30319\webengine.dll,Security,File,S:AINO_ACCESS_CONTROL,-,-,-,-,-,-,-,-,-,-,-,-,-,-,-,-,-,WORKGROUP,0x3e7,DESKTOP-32EH6N8$,S-1-5-18,-,-,-,-,-,-,-,-,-,-,-,-,-,-,-,-,-,-,-,-,-,-,-,-,-,-,-,-,-,-,-,-,-,-,-,-,-,-,-,-,-,-,-,-,4907.0,0x3e7,-,Info,4,480,{54849625-5478-4994-a5ba-3e3b0328c30d},Microsoft-Windows-Security-Auditing,2568.0,Audit Policy Change,-,-,-,-,-,-,-,-
172,"Oct 25, 2022 @ 04:30:49.775",DESKTOP-32EH6N8,audit-setting-changed,4907,security,success,Microsoft-Windows-Security-Auditing,-,"admin, change",-,-,-,-,-,-,-,-,x86_64,DESKTOP-32EH6N8,45429efd-c10a-4299-8a01-8a10b0cbf1b8,"fe80::7959:555c:b4f7:82d3, 192.168.170.20, fe80::f415:e770:257d:42d7, 169.254.66.215","00:0c:29:6e:f6:d9, f8:89:d2:da:70:74",DESKTOP-32EH6N8,19044.1288,windows,10.0.19041.1288 (WinBuild.160101.0800),Windows 10 Pro,Windows 10 Pro,windows,windows,10.0,information,"Auditing settings on object were changed.

Subject:
	Security ID:		S-1-5-18
	Account Name:		DESKTOP-32EH6N8$
	Account Domain:		WORKGROUP
	Logon ID:		0x3E7

Object:
	Object Server:	Security
	Object Type:	File
	Object Name:	C:\Windows\Microsoft.NET\Framework\v4.0.30319\System.Xaml.dll
	Handle ID:	0xdac

Process Information:
	Process ID:	0x7a0
	Process Name:	C:\Windows\WinSxS\amd64_microsoft-windows-servicingstack_31bf3856ad364e35_10.0.19041.1220_none_7e21bc567c7ed16b\TiWorker.exe

Auditing Settings:
	Original Security Descriptor:	S:AINO_ACCESS_CONTROL
	New Security Descriptor:		S:ARAI(AU;SAFA;DCLCRPCRSDWDWO;;;WD)",-,-,-,-,-,-,-,-,-,-,-,-,-,-,-,-,-,-,-,-,-,-,-,-,-,C:\Windows\WinSxS\amd64_microsoft-windows-servicingstack_31bf3856ad364e35_10.0.19041.1220_none_7e21bc567c7ed16b\TiWorker.exe,C:\Windows\WinSxS\amd64_microsoft-windows-servicingstack_31bf3856ad364e35_10.0.19041.1220_none_7e21bc567c7ed16b\TiWorker.exe,TiWorker.exe,TiWorker.exe,"1,952",-,-,-,DESKTOP-32EH6N8$,-,-,-,WORKGROUP,-,-,-,S-1-5-18,DESKTOP-32EH6N8$,DESKTOP-32EH6N8$,-,-,-,-,-,wineventlog,Security,DESKTOP-32EH6N8,-,-,-,-,-,-,-,-,-,-,-,-,-,-,-,-,-,0xdac,-,-,-,-,-,-,-,-,-,-,-,-,-,-,-,S:ARAI(AU;SAFA;DCLCRPCRSDWDWO;;;WD),"Everyone :System Audit ([Delete All Child Objects, List Contents, Read All Properties, All Extended Rights, Delete, Modify Permissions, Modify Owner])",-,C:\Windows\Microsoft.NET\Framework\v4.0.30319\System.Xaml.dll,Security,File,S:AINO_ACCESS_CONTROL,-,-,-,-,-,-,-,-,-,-,-,-,-,-,-,-,-,WORKGROUP,0x3e7,DESKTOP-32EH6N8$,S-1-5-18,-,-,-,-,-,-,-,-,-,-,-,-,-,-,-,-,-,-,-,-,-,-,-,-,-,-,-,-,-,-,-,-,-,-,-,-,-,-,-,-,-,-,-,-,4907.0,0x3e7,-,Info,4,480,{54849625-5478-4994-a5ba-3e3b0328c30d},Microsoft-Windows-Security-Auditing,2567.0,Audit Policy Change,-,-,-,-,-,-,-,-
173,"Oct 25, 2022 @ 04:30:49.774",DESKTOP-32EH6N8,audit-setting-changed,4907,security,success,Microsoft-Windows-Security-Auditing,-,"admin, change",-,-,-,-,-,-,-,-,x86_64,DESKTOP-32EH6N8,45429efd-c10a-4299-8a01-8a10b0cbf1b8,"fe80::7959:555c:b4f7:82d3, 192.168.170.20, fe80::f415:e770:257d:42d7, 169.254.66.215","00:0c:29:6e:f6:d9, f8:89:d2:da:70:74",DESKTOP-32EH6N8,19044.1288,windows,10.0.19041.1288 (WinBuild.160101.0800),Windows 10 Pro,Windows 10 Pro,windows,windows,10.0,information,"Auditing settings on object were changed.

Subject:
	Security ID:		S-1-5-18
	Account Name:		DESKTOP-32EH6N8$
	Account Domain:		WORKGROUP
	Logon ID:		0x3E7

Object:
	Object Server:	Security
	Object Type:	File
	Object Name:	C:\Windows\Microsoft.NET\Framework\v4.0.30319\System.Windows.Forms.dll
	Handle ID:	0x970

Process Information:
	Process ID:	0x7a0
	Process Name:	C:\Windows\WinSxS\amd64_microsoft-windows-servicingstack_31bf3856ad364e35_10.0.19041.1220_none_7e21bc567c7ed16b\TiWorker.exe

Auditing Settings:
	Original Security Descriptor:	S:AINO_ACCESS_CONTROL
	New Security Descriptor:		S:ARAI(AU;SAFA;DCLCRPCRSDWDWO;;;WD)",-,-,-,-,-,-,-,-,-,-,-,-,-,-,-,-,-,-,-,-,-,-,-,-,-,C:\Windows\WinSxS\amd64_microsoft-windows-servicingstack_31bf3856ad364e35_10.0.19041.1220_none_7e21bc567c7ed16b\TiWorker.exe,C:\Windows\WinSxS\amd64_microsoft-windows-servicingstack_31bf3856ad364e35_10.0.19041.1220_none_7e21bc567c7ed16b\TiWorker.exe,TiWorker.exe,TiWorker.exe,"1,952",-,-,-,DESKTOP-32EH6N8$,-,-,-,WORKGROUP,-,-,-,S-1-5-18,DESKTOP-32EH6N8$,DESKTOP-32EH6N8$,-,-,-,-,-,wineventlog,Security,DESKTOP-32EH6N8,-,-,-,-,-,-,-,-,-,-,-,-,-,-,-,-,-,0x970,-,-,-,-,-,-,-,-,-,-,-,-,-,-,-,S:ARAI(AU;SAFA;DCLCRPCRSDWDWO;;;WD),"Everyone :System Audit ([Delete All Child Objects, List Contents, Read All Properties, All Extended Rights, Delete, Modify Permissions, Modify Owner])",-,C:\Windows\Microsoft.NET\Framework\v4.0.30319\System.Windows.Forms.dll,Security,File,S:AINO_ACCESS_CONTROL,-,-,-,-,-,-,-,-,-,-,-,-,-,-,-,-,-,WORKGROUP,0x3e7,DESKTOP-32EH6N8$,S-1-5-18,-,-,-,-,-,-,-,-,-,-,-,-,-,-,-,-,-,-,-,-,-,-,-,-,-,-,-,-,-,-,-,-,-,-,-,-,-,-,-,-,-,-,-,-,4907.0,0x3e7,-,Info,4,480,{54849625-5478-4994-a5ba-3e3b0328c30d},Microsoft-Windows-Security-Auditing,2566.0,Audit Policy Change,-,-,-,-,-,-,-,-
174,"Oct 25, 2022 @ 04:30:49.773",DESKTOP-32EH6N8,audit-setting-changed,4907,security,success,Microsoft-Windows-Security-Auditing,-,"admin, change",-,-,-,-,-,-,-,-,x86_64,DESKTOP-32EH6N8,45429efd-c10a-4299-8a01-8a10b0cbf1b8,"fe80::7959:555c:b4f7:82d3, 192.168.170.20, fe80::f415:e770:257d:42d7, 169.254.66.215","00:0c:29:6e:f6:d9, f8:89:d2:da:70:74",DESKTOP-32EH6N8,19044.1288,windows,10.0.19041.1288 (WinBuild.160101.0800),Windows 10 Pro,Windows 10 Pro,windows,windows,10.0,information,"Auditing settings on object were changed.

Subject:
	Security ID:		S-1-5-18
	Account Name:		DESKTOP-32EH6N8$
	Account Domain:		WORKGROUP
	Logon ID:		0x3E7

Object:
	Object Server:	Security
	Object Type:	File
	Object Name:	C:\Windows\Microsoft.NET\Framework\v4.0.30319\System.Web.dll
	Handle ID:	0xdac

Process Information:
	Process ID:	0x7a0
	Process Name:	C:\Windows\WinSxS\amd64_microsoft-windows-servicingstack_31bf3856ad364e35_10.0.19041.1220_none_7e21bc567c7ed16b\TiWorker.exe

Auditing Settings:
	Original Security Descriptor:	S:AINO_ACCESS_CONTROL
	New Security Descriptor:		S:ARAI(AU;SAFA;DCLCRPCRSDWDWO;;;WD)",-,-,-,-,-,-,-,-,-,-,-,-,-,-,-,-,-,-,-,-,-,-,-,-,-,C:\Windows\WinSxS\amd64_microsoft-windows-servicingstack_31bf3856ad364e35_10.0.19041.1220_none_7e21bc567c7ed16b\TiWorker.exe,C:\Windows\WinSxS\amd64_microsoft-windows-servicingstack_31bf3856ad364e35_10.0.19041.1220_none_7e21bc567c7ed16b\TiWorker.exe,TiWorker.exe,TiWorker.exe,"1,952",-,-,-,DESKTOP-32EH6N8$,-,-,-,WORKGROUP,-,-,-,S-1-5-18,DESKTOP-32EH6N8$,DESKTOP-32EH6N8$,-,-,-,-,-,wineventlog,Security,DESKTOP-32EH6N8,-,-,-,-,-,-,-,-,-,-,-,-,-,-,-,-,-,0xdac,-,-,-,-,-,-,-,-,-,-,-,-,-,-,-,S:ARAI(AU;SAFA;DCLCRPCRSDWDWO;;;WD),"Everyone :System Audit ([Delete All Child Objects, List Contents, Read All Properties, All Extended Rights, Delete, Modify Permissions, Modify Owner])",-,C:\Windows\Microsoft.NET\Framework\v4.0.30319\System.Web.dll,Security,File,S:AINO_ACCESS_CONTROL,-,-,-,-,-,-,-,-,-,-,-,-,-,-,-,-,-,WORKGROUP,0x3e7,DESKTOP-32EH6N8$,S-1-5-18,-,-,-,-,-,-,-,-,-,-,-,-,-,-,-,-,-,-,-,-,-,-,-,-,-,-,-,-,-,-,-,-,-,-,-,-,-,-,-,-,-,-,-,-,4907.0,0x3e7,-,Info,4,480,{54849625-5478-4994-a5ba-3e3b0328c30d},Microsoft-Windows-Security-Auditing,2564.0,Audit Policy Change,-,-,-,-,-,-,-,-
175,"Oct 25, 2022 @ 04:30:49.773",DESKTOP-32EH6N8,audit-setting-changed,4907,security,success,Microsoft-Windows-Security-Auditing,-,"admin, change",-,-,-,-,-,-,-,-,x86_64,DESKTOP-32EH6N8,45429efd-c10a-4299-8a01-8a10b0cbf1b8,"fe80::7959:555c:b4f7:82d3, 192.168.170.20, fe80::f415:e770:257d:42d7, 169.254.66.215","00:0c:29:6e:f6:d9, f8:89:d2:da:70:74",DESKTOP-32EH6N8,19044.1288,windows,10.0.19041.1288 (WinBuild.160101.0800),Windows 10 Pro,Windows 10 Pro,windows,windows,10.0,information,"Auditing settings on object were changed.

Subject:
	Security ID:		S-1-5-18
	Account Name:		DESKTOP-32EH6N8$
	Account Domain:		WORKGROUP
	Logon ID:		0x3E7

Object:
	Object Server:	Security
	Object Type:	File
	Object Name:	C:\Windows\Microsoft.NET\Framework\v4.0.30319\System.Web.Extensions.dll
	Handle ID:	0xda4

Process Information:
	Process ID:	0x7a0
	Process Name:	C:\Windows\WinSxS\amd64_microsoft-windows-servicingstack_31bf3856ad364e35_10.0.19041.1220_none_7e21bc567c7ed16b\TiWorker.exe

Auditing Settings:
	Original Security Descriptor:	S:AINO_ACCESS_CONTROL
	New Security Descriptor:		S:ARAI(AU;SAFA;DCLCRPCRSDWDWO;;;WD)",-,-,-,-,-,-,-,-,-,-,-,-,-,-,-,-,-,-,-,-,-,-,-,-,-,C:\Windows\WinSxS\amd64_microsoft-windows-servicingstack_31bf3856ad364e35_10.0.19041.1220_none_7e21bc567c7ed16b\TiWorker.exe,C:\Windows\WinSxS\amd64_microsoft-windows-servicingstack_31bf3856ad364e35_10.0.19041.1220_none_7e21bc567c7ed16b\TiWorker.exe,TiWorker.exe,TiWorker.exe,"1,952",-,-,-,DESKTOP-32EH6N8$,-,-,-,WORKGROUP,-,-,-,S-1-5-18,DESKTOP-32EH6N8$,DESKTOP-32EH6N8$,-,-,-,-,-,wineventlog,Security,DESKTOP-32EH6N8,-,-,-,-,-,-,-,-,-,-,-,-,-,-,-,-,-,0xda4,-,-,-,-,-,-,-,-,-,-,-,-,-,-,-,S:ARAI(AU;SAFA;DCLCRPCRSDWDWO;;;WD),"Everyone :System Audit ([Delete All Child Objects, List Contents, Read All Properties, All Extended Rights, Delete, Modify Permissions, Modify Owner])",-,C:\Windows\Microsoft.NET\Framework\v4.0.30319\System.Web.Extensions.dll,Security,File,S:AINO_ACCESS_CONTROL,-,-,-,-,-,-,-,-,-,-,-,-,-,-,-,-,-,WORKGROUP,0x3e7,DESKTOP-32EH6N8$,S-1-5-18,-,-,-,-,-,-,-,-,-,-,-,-,-,-,-,-,-,-,-,-,-,-,-,-,-,-,-,-,-,-,-,-,-,-,-,-,-,-,-,-,-,-,-,-,4907.0,0x3e7,-,Info,4,480,{54849625-5478-4994-a5ba-3e3b0328c30d},Microsoft-Windows-Security-Auditing,2565.0,Audit Policy Change,-,-,-,-,-,-,-,-
176,"Oct 25, 2022 @ 04:30:49.770",DESKTOP-32EH6N8,audit-setting-changed,4907,security,success,Microsoft-Windows-Security-Auditing,-,"admin, change",-,-,-,-,-,-,-,-,x86_64,DESKTOP-32EH6N8,45429efd-c10a-4299-8a01-8a10b0cbf1b8,"fe80::7959:555c:b4f7:82d3, 192.168.170.20, fe80::f415:e770:257d:42d7, 169.254.66.215","00:0c:29:6e:f6:d9, f8:89:d2:da:70:74",DESKTOP-32EH6N8,19044.1288,windows,10.0.19041.1288 (WinBuild.160101.0800),Windows 10 Pro,Windows 10 Pro,windows,windows,10.0,information,"Auditing settings on object were changed.

Subject:
	Security ID:		S-1-5-18
	Account Name:		DESKTOP-32EH6N8$
	Account Domain:		WORKGROUP
	Logon ID:		0x3E7

Object:
	Object Server:	Security
	Object Type:	File
	Object Name:	C:\Windows\Microsoft.NET\Framework\v4.0.30319\System.Web.ApplicationServices.dll
	Handle ID:	0x970

Process Information:
	Process ID:	0x7a0
	Process Name:	C:\Windows\WinSxS\amd64_microsoft-windows-servicingstack_31bf3856ad364e35_10.0.19041.1220_none_7e21bc567c7ed16b\TiWorker.exe

Auditing Settings:
	Original Security Descriptor:	S:AINO_ACCESS_CONTROL
	New Security Descriptor:		S:ARAI(AU;SAFA;DCLCRPCRSDWDWO;;;WD)",-,-,-,-,-,-,-,-,-,-,-,-,-,-,-,-,-,-,-,-,-,-,-,-,-,C:\Windows\WinSxS\amd64_microsoft-windows-servicingstack_31bf3856ad364e35_10.0.19041.1220_none_7e21bc567c7ed16b\TiWorker.exe,C:\Windows\WinSxS\amd64_microsoft-windows-servicingstack_31bf3856ad364e35_10.0.19041.1220_none_7e21bc567c7ed16b\TiWorker.exe,TiWorker.exe,TiWorker.exe,"1,952",-,-,-,DESKTOP-32EH6N8$,-,-,-,WORKGROUP,-,-,-,S-1-5-18,DESKTOP-32EH6N8$,DESKTOP-32EH6N8$,-,-,-,-,-,wineventlog,Security,DESKTOP-32EH6N8,-,-,-,-,-,-,-,-,-,-,-,-,-,-,-,-,-,0x970,-,-,-,-,-,-,-,-,-,-,-,-,-,-,-,S:ARAI(AU;SAFA;DCLCRPCRSDWDWO;;;WD),"Everyone :System Audit ([Delete All Child Objects, List Contents, Read All Properties, All Extended Rights, Delete, Modify Permissions, Modify Owner])",-,C:\Windows\Microsoft.NET\Framework\v4.0.30319\System.Web.ApplicationServices.dll,Security,File,S:AINO_ACCESS_CONTROL,-,-,-,-,-,-,-,-,-,-,-,-,-,-,-,-,-,WORKGROUP,0x3e7,DESKTOP-32EH6N8$,S-1-5-18,-,-,-,-,-,-,-,-,-,-,-,-,-,-,-,-,-,-,-,-,-,-,-,-,-,-,-,-,-,-,-,-,-,-,-,-,-,-,-,-,-,-,-,-,4907.0,0x3e7,-,Info,4,480,{54849625-5478-4994-a5ba-3e3b0328c30d},Microsoft-Windows-Security-Auditing,2563.0,Audit Policy Change,-,-,-,-,-,-,-,-
177,"Oct 25, 2022 @ 04:30:49.769",DESKTOP-32EH6N8,audit-setting-changed,4907,security,success,Microsoft-Windows-Security-Auditing,-,"admin, change",-,-,-,-,-,-,-,-,x86_64,DESKTOP-32EH6N8,45429efd-c10a-4299-8a01-8a10b0cbf1b8,"fe80::7959:555c:b4f7:82d3, 192.168.170.20, fe80::f415:e770:257d:42d7, 169.254.66.215","00:0c:29:6e:f6:d9, f8:89:d2:da:70:74",DESKTOP-32EH6N8,19044.1288,windows,10.0.19041.1288 (WinBuild.160101.0800),Windows 10 Pro,Windows 10 Pro,windows,windows,10.0,information,"Auditing settings on object were changed.

Subject:
	Security ID:		S-1-5-18
	Account Name:		DESKTOP-32EH6N8$
	Account Domain:		WORKGROUP
	Logon ID:		0x3E7

Object:
	Object Server:	Security
	Object Type:	File
	Object Name:	C:\Windows\Microsoft.NET\Framework\v4.0.30319\System.ServiceModel.Internals.dll
	Handle ID:	0xdac

Process Information:
	Process ID:	0x7a0
	Process Name:	C:\Windows\WinSxS\amd64_microsoft-windows-servicingstack_31bf3856ad364e35_10.0.19041.1220_none_7e21bc567c7ed16b\TiWorker.exe

Auditing Settings:
	Original Security Descriptor:	S:AINO_ACCESS_CONTROL
	New Security Descriptor:		S:ARAI(AU;SAFA;DCLCRPCRSDWDWO;;;WD)",-,-,-,-,-,-,-,-,-,-,-,-,-,-,-,-,-,-,-,-,-,-,-,-,-,C:\Windows\WinSxS\amd64_microsoft-windows-servicingstack_31bf3856ad364e35_10.0.19041.1220_none_7e21bc567c7ed16b\TiWorker.exe,C:\Windows\WinSxS\amd64_microsoft-windows-servicingstack_31bf3856ad364e35_10.0.19041.1220_none_7e21bc567c7ed16b\TiWorker.exe,TiWorker.exe,TiWorker.exe,"1,952",-,-,-,DESKTOP-32EH6N8$,-,-,-,WORKGROUP,-,-,-,S-1-5-18,DESKTOP-32EH6N8$,DESKTOP-32EH6N8$,-,-,-,-,-,wineventlog,Security,DESKTOP-32EH6N8,-,-,-,-,-,-,-,-,-,-,-,-,-,-,-,-,-,0xdac,-,-,-,-,-,-,-,-,-,-,-,-,-,-,-,S:ARAI(AU;SAFA;DCLCRPCRSDWDWO;;;WD),"Everyone :System Audit ([Delete All Child Objects, List Contents, Read All Properties, All Extended Rights, Delete, Modify Permissions, Modify Owner])",-,C:\Windows\Microsoft.NET\Framework\v4.0.30319\System.ServiceModel.Internals.dll,Security,File,S:AINO_ACCESS_CONTROL,-,-,-,-,-,-,-,-,-,-,-,-,-,-,-,-,-,WORKGROUP,0x3e7,DESKTOP-32EH6N8$,S-1-5-18,-,-,-,-,-,-,-,-,-,-,-,-,-,-,-,-,-,-,-,-,-,-,-,-,-,-,-,-,-,-,-,-,-,-,-,-,-,-,-,-,-,-,-,-,4907.0,0x3e7,-,Info,4,480,{54849625-5478-4994-a5ba-3e3b0328c30d},Microsoft-Windows-Security-Auditing,2561.0,Audit Policy Change,-,-,-,-,-,-,-,-
178,"Oct 25, 2022 @ 04:30:49.769",DESKTOP-32EH6N8,audit-setting-changed,4907,security,success,Microsoft-Windows-Security-Auditing,-,"admin, change",-,-,-,-,-,-,-,-,x86_64,DESKTOP-32EH6N8,45429efd-c10a-4299-8a01-8a10b0cbf1b8,"fe80::7959:555c:b4f7:82d3, 192.168.170.20, fe80::f415:e770:257d:42d7, 169.254.66.215","00:0c:29:6e:f6:d9, f8:89:d2:da:70:74",DESKTOP-32EH6N8,19044.1288,windows,10.0.19041.1288 (WinBuild.160101.0800),Windows 10 Pro,Windows 10 Pro,windows,windows,10.0,information,"Auditing settings on object were changed.

Subject:
	Security ID:		S-1-5-18
	Account Name:		DESKTOP-32EH6N8$
	Account Domain:		WORKGROUP
	Logon ID:		0x3E7

Object:
	Object Server:	Security
	Object Type:	File
	Object Name:	C:\Windows\Microsoft.NET\Framework\v4.0.30319\System.ServiceModel.WasHosting.dll
	Handle ID:	0xda4

Process Information:
	Process ID:	0x7a0
	Process Name:	C:\Windows\WinSxS\amd64_microsoft-windows-servicingstack_31bf3856ad364e35_10.0.19041.1220_none_7e21bc567c7ed16b\TiWorker.exe

Auditing Settings:
	Original Security Descriptor:	S:AINO_ACCESS_CONTROL
	New Security Descriptor:		S:ARAI(AU;SAFA;DCLCRPCRSDWDWO;;;WD)",-,-,-,-,-,-,-,-,-,-,-,-,-,-,-,-,-,-,-,-,-,-,-,-,-,C:\Windows\WinSxS\amd64_microsoft-windows-servicingstack_31bf3856ad364e35_10.0.19041.1220_none_7e21bc567c7ed16b\TiWorker.exe,C:\Windows\WinSxS\amd64_microsoft-windows-servicingstack_31bf3856ad364e35_10.0.19041.1220_none_7e21bc567c7ed16b\TiWorker.exe,TiWorker.exe,TiWorker.exe,"1,952",-,-,-,DESKTOP-32EH6N8$,-,-,-,WORKGROUP,-,-,-,S-1-5-18,DESKTOP-32EH6N8$,DESKTOP-32EH6N8$,-,-,-,-,-,wineventlog,Security,DESKTOP-32EH6N8,-,-,-,-,-,-,-,-,-,-,-,-,-,-,-,-,-,0xda4,-,-,-,-,-,-,-,-,-,-,-,-,-,-,-,S:ARAI(AU;SAFA;DCLCRPCRSDWDWO;;;WD),"Everyone :System Audit ([Delete All Child Objects, List Contents, Read All Properties, All Extended Rights, Delete, Modify Permissions, Modify Owner])",-,C:\Windows\Microsoft.NET\Framework\v4.0.30319\System.ServiceModel.WasHosting.dll,Security,File,S:AINO_ACCESS_CONTROL,-,-,-,-,-,-,-,-,-,-,-,-,-,-,-,-,-,WORKGROUP,0x3e7,DESKTOP-32EH6N8$,S-1-5-18,-,-,-,-,-,-,-,-,-,-,-,-,-,-,-,-,-,-,-,-,-,-,-,-,-,-,-,-,-,-,-,-,-,-,-,-,-,-,-,-,-,-,-,-,4907.0,0x3e7,-,Info,4,480,{54849625-5478-4994-a5ba-3e3b0328c30d},Microsoft-Windows-Security-Auditing,2562.0,Audit Policy Change,-,-,-,-,-,-,-,-
179,"Oct 25, 2022 @ 04:30:49.768",DESKTOP-32EH6N8,audit-setting-changed,4907,security,success,Microsoft-Windows-Security-Auditing,-,"admin, change",-,-,-,-,-,-,-,-,x86_64,DESKTOP-32EH6N8,45429efd-c10a-4299-8a01-8a10b0cbf1b8,"fe80::7959:555c:b4f7:82d3, 192.168.170.20, fe80::f415:e770:257d:42d7, 169.254.66.215","00:0c:29:6e:f6:d9, f8:89:d2:da:70:74",DESKTOP-32EH6N8,19044.1288,windows,10.0.19041.1288 (WinBuild.160101.0800),Windows 10 Pro,Windows 10 Pro,windows,windows,10.0,information,"Auditing settings on object were changed.

Subject:
	Security ID:		S-1-5-18
	Account Name:		DESKTOP-32EH6N8$
	Account Domain:		WORKGROUP
	Logon ID:		0x3E7

Object:
	Object Server:	Security
	Object Type:	File
	Object Name:	C:\Windows\Microsoft.NET\Framework\v4.0.30319\System.ServiceModel.Discovery.dll
	Handle ID:	0xda4

Process Information:
	Process ID:	0x7a0
	Process Name:	C:\Windows\WinSxS\amd64_microsoft-windows-servicingstack_31bf3856ad364e35_10.0.19041.1220_none_7e21bc567c7ed16b\TiWorker.exe

Auditing Settings:
	Original Security Descriptor:	S:AINO_ACCESS_CONTROL
	New Security Descriptor:		S:ARAI(AU;SAFA;DCLCRPCRSDWDWO;;;WD)",-,-,-,-,-,-,-,-,-,-,-,-,-,-,-,-,-,-,-,-,-,-,-,-,-,C:\Windows\WinSxS\amd64_microsoft-windows-servicingstack_31bf3856ad364e35_10.0.19041.1220_none_7e21bc567c7ed16b\TiWorker.exe,C:\Windows\WinSxS\amd64_microsoft-windows-servicingstack_31bf3856ad364e35_10.0.19041.1220_none_7e21bc567c7ed16b\TiWorker.exe,TiWorker.exe,TiWorker.exe,"1,952",-,-,-,DESKTOP-32EH6N8$,-,-,-,WORKGROUP,-,-,-,S-1-5-18,DESKTOP-32EH6N8$,DESKTOP-32EH6N8$,-,-,-,-,-,wineventlog,Security,DESKTOP-32EH6N8,-,-,-,-,-,-,-,-,-,-,-,-,-,-,-,-,-,0xda4,-,-,-,-,-,-,-,-,-,-,-,-,-,-,-,S:ARAI(AU;SAFA;DCLCRPCRSDWDWO;;;WD),"Everyone :System Audit ([Delete All Child Objects, List Contents, Read All Properties, All Extended Rights, Delete, Modify Permissions, Modify Owner])",-,C:\Windows\Microsoft.NET\Framework\v4.0.30319\System.ServiceModel.Discovery.dll,Security,File,S:AINO_ACCESS_CONTROL,-,-,-,-,-,-,-,-,-,-,-,-,-,-,-,-,-,WORKGROUP,0x3e7,DESKTOP-32EH6N8$,S-1-5-18,-,-,-,-,-,-,-,-,-,-,-,-,-,-,-,-,-,-,-,-,-,-,-,-,-,-,-,-,-,-,-,-,-,-,-,-,-,-,-,-,-,-,-,-,4907.0,0x3e7,-,Info,4,480,{54849625-5478-4994-a5ba-3e3b0328c30d},Microsoft-Windows-Security-Auditing,2559.0,Audit Policy Change,-,-,-,-,-,-,-,-
