"Oct 23, 2022 @ 01:44:28.676",SEXQAIQBHC0TB3lJ9pgD,".ds-winlogbeat-8.2.3-2022.10.22-000001","-","c2c04a29-9d47-4de5-86f6-5958b0d4222c",victim,"b15c43c7-63a1-423e-901b-f1acc6401711",victim,winlogbeat,"8.2.3","-","-","-","-","-","-","-","1.12.0","Process Create (rule: ProcessCreate)",process,1,"Oct 23, 2022 @ 01:50:08.820","Oct 23, 2022 @ 01:50:05.313",event,sysmon,"-","Microsoft-Windows-Sysmon","-",start,"-","-","-","-","-","x86_64",victim,"461f0bd2-c182-413a-8a41-2a8e4accb4a9","fe80::4959:93ba:69a6:522d, 10.0.2.15, fe80::91a8:3d9e:36ba:f548, 172.19.96.10","08:00:27:7c:f3:ae, 08:00:27:22:f7:3c",victim,"19044.1889",windows,"10.0.19041.1889 (WinBuild.160101.0800)","Windows 10 Enterprise Evaluation","Windows 10 Enterprise Evaluation",windows,windows,"10.0",information,"Process Create:
RuleName: -
UtcTime: 2022-10-22 17:44:28.676
ProcessGuid: {461f0bd2-2bfc-6354-7900-000000001e00}
ProcessId: 5852
Image: C:\Program Files (x86)\Microsoft\Edge\Application\msedge.exe
FileVersion: 106.0.1370.52
Description: Microsoft Edge
Product: Microsoft Edge
Company: Microsoft Corporation
OriginalFileName: msedge.exe
CommandLine: ""C:\Program Files (x86)\Microsoft\Edge\Application\msedge.exe"" --type=utility --utility-sub-type=data_decoder.mojom.DataDecoderService --lang=en-US --service-sandbox-type=service --mojo-platform-channel-handle=4284 --field-trial-handle=2056,i,5493541093201038350,16130002037060351643,131072 /prefetch:8
CurrentDirectory: C:\Program Files (x86)\Microsoft\Edge\Application\106.0.1370.52\
User: VICTIM\Patricia Goh
LogonGuid: {461f0bd2-2bde-6354-1787-040000000000}
LogonId: 0x48717
TerminalSessionId: 1
IntegrityLevel: Low
Hashes: MD5=989EA45A2622F79475C56299E9EDBC0C,SHA256=163801C311DAF2FAC7B2DEA0996AD03DDB16DBA13A0AC25D85878B0587F84D44,IMPHASH=82F187E22098B6CC42EB6250BA0FA1DA
ParentProcessGuid: {461f0bd2-2bf8-6354-6f00-000000001e00}
ParentProcessId: 4364
ParentImage: C:\Program Files (x86)\Microsoft\Edge\Application\msedge.exe
ParentCommandLine: ""C:\Program Files (x86)\Microsoft\Edge\Application\msedge.exe"" --no-startup-window --win-session-start /prefetch:5
ParentUser: VICTIM\Patricia Goh","-","-","-","-","-","-","-","-","-","-","-","-","C:\Program Files (x86)\Microsoft\Edge\Application\msedge.exe, --type=utility, --utility-sub-type=data_decoder.mojom.DataDecoderService, --lang=en-US, --service-sandbox-type=service, --mojo-platform-channel-handle=4284, --field-trial-handle=2056,i,5493541093201038350,16130002037060351643,131072, /prefetch:8",8,"""C:\Program Files (x86)\Microsoft\Edge\Application\msedge.exe"" --type=utility --utility-sub-type=data_decoder.mojom.DataDecoderService --lang=en-US --service-sandbox-type=service --mojo-platform-channel-handle=4284 --field-trial-handle=2056,i,5493541093201038350,16130002037060351643,131072 /prefetch:8","""C:\Program Files (x86)\Microsoft\Edge\Application\msedge.exe"" --type=utility --utility-sub-type=data_decoder.mojom.DataDecoderService --lang=en-US --service-sandbox-type=service --mojo-platform-channel-handle=4284 --field-trial-handle=2056,i,5493541093201038350,16130002037060351643,131072 /prefetch:8","{461f0bd2-2bfc-6354-7900-000000001e00}","C:\Program Files (x86)\Microsoft\Edge\Application\msedge.exe","C:\Program Files (x86)\Microsoft\Edge\Application\msedge.exe",989ea45a2622f79475c56299e9edbc0c,163801c311daf2fac7b2dea0996ad03ddb16dba13a0ac25d85878b0587f84d44,"msedge.exe","msedge.exe","C:\Program Files (x86)\Microsoft\Edge\Application\msedge.exe, --no-startup-window, --win-session-start, /prefetch:5",4,"""C:\Program Files (x86)\Microsoft\Edge\Application\msedge.exe"" --no-startup-window --win-session-start /prefetch:5","""C:\Program Files (x86)\Microsoft\Edge\Application\msedge.exe"" --no-startup-window --win-session-start /prefetch:5","{461f0bd2-2bf8-6354-6f00-000000001e00}","C:\Program Files (x86)\Microsoft\Edge\Application\msedge.exe","C:\Program Files (x86)\Microsoft\Edge\Application\msedge.exe","msedge.exe","msedge.exe",4364,"Microsoft Corporation","Microsoft Edge","106.0.1370.52",82f187e22098b6cc42eb6250ba0fa1da,"msedge.exe","Microsoft Edge",5852,"-","-","C:\Program Files (x86)\Microsoft\Edge\Application\106.0.1370.52\","C:\Program Files (x86)\Microsoft\Edge\Application\106.0.1370.52\","-","-","-","-","-","-","163801c311daf2fac7b2dea0996ad03ddb16dba13a0ac25d85878b0587f84d44, 989ea45a2622f79475c56299e9edbc0c, 82f187e22098b6cc42eb6250ba0fa1da","-","-","Patricia Goh","-","-",VICTIM,"-","S-1-5-18","Patricia Goh","Patricia Goh","-",wineventlog,"Microsoft-Windows-Sysmon/Operational",victim,"Microsoft Corporation","-","Microsoft Edge","-","106.0.1370.52",Low,"{461f0bd2-2bde-6354-1787-040000000000}",0x48717,"-","VICTIM\Patricia Goh","-","Microsoft Edge","-","-","-","-","-","-","-","-",1,"-",1,"-","-",Info,"2,276","2,512","{5770385f-c22a-43e0-bf4c-06f5698ffbd9}","Microsoft-Windows-Sysmon",4844,"Process Create (rule: ProcessCreate)","NT AUTHORITY","S-1-5-18",SYSTEM,User,5
"Oct 23, 2022 @ 01:44:28.664",R0XQAIQBHC0TB3lJ9pgD,".ds-winlogbeat-8.2.3-2022.10.22-000001","-","c2c04a29-9d47-4de5-86f6-5958b0d4222c",victim,"b15c43c7-63a1-423e-901b-f1acc6401711",victim,winlogbeat,"8.2.3","-","-","-","-","-","-","-","1.12.0","Process Create (rule: ProcessCreate)",process,1,"Oct 23, 2022 @ 01:50:08.820","Oct 23, 2022 @ 01:50:05.312",event,sysmon,"-","Microsoft-Windows-Sysmon","-",start,"-","-","-","-","-","x86_64",victim,"461f0bd2-c182-413a-8a41-2a8e4accb4a9","fe80::4959:93ba:69a6:522d, 10.0.2.15, fe80::91a8:3d9e:36ba:f548, 172.19.96.10","08:00:27:7c:f3:ae, 08:00:27:22:f7:3c",victim,"19044.1889",windows,"10.0.19041.1889 (WinBuild.160101.0800)","Windows 10 Enterprise Evaluation","Windows 10 Enterprise Evaluation",windows,windows,"10.0",information,"Process Create:
RuleName: -
UtcTime: 2022-10-22 17:44:28.664
ProcessGuid: {461f0bd2-2bfc-6354-7800-000000001e00}
ProcessId: 5844
Image: C:\Program Files (x86)\Microsoft\Edge\Application\msedge.exe
FileVersion: 106.0.1370.52
Description: Microsoft Edge
Product: Microsoft Edge
Company: Microsoft Corporation
OriginalFileName: msedge.exe
CommandLine: ""C:\Program Files (x86)\Microsoft\Edge\Application\msedge.exe"" --type=utility --utility-sub-type=data_decoder.mojom.DataDecoderService --lang=en-US --service-sandbox-type=service --mojo-platform-channel-handle=4256 --field-trial-handle=2056,i,5493541093201038350,16130002037060351643,131072 /prefetch:8
CurrentDirectory: C:\Program Files (x86)\Microsoft\Edge\Application\106.0.1370.52\
User: VICTIM\Patricia Goh
LogonGuid: {461f0bd2-2bde-6354-1787-040000000000}
LogonId: 0x48717
TerminalSessionId: 1
IntegrityLevel: Low
Hashes: MD5=989EA45A2622F79475C56299E9EDBC0C,SHA256=163801C311DAF2FAC7B2DEA0996AD03DDB16DBA13A0AC25D85878B0587F84D44,IMPHASH=82F187E22098B6CC42EB6250BA0FA1DA
ParentProcessGuid: {461f0bd2-2bf8-6354-6f00-000000001e00}
ParentProcessId: 4364
ParentImage: C:\Program Files (x86)\Microsoft\Edge\Application\msedge.exe
ParentCommandLine: ""C:\Program Files (x86)\Microsoft\Edge\Application\msedge.exe"" --no-startup-window --win-session-start /prefetch:5
ParentUser: VICTIM\Patricia Goh","-","-","-","-","-","-","-","-","-","-","-","-","C:\Program Files (x86)\Microsoft\Edge\Application\msedge.exe, --type=utility, --utility-sub-type=data_decoder.mojom.DataDecoderService, --lang=en-US, --service-sandbox-type=service, --mojo-platform-channel-handle=4256, --field-trial-handle=2056,i,5493541093201038350,16130002037060351643,131072, /prefetch:8",8,"""C:\Program Files (x86)\Microsoft\Edge\Application\msedge.exe"" --type=utility --utility-sub-type=data_decoder.mojom.DataDecoderService --lang=en-US --service-sandbox-type=service --mojo-platform-channel-handle=4256 --field-trial-handle=2056,i,5493541093201038350,16130002037060351643,131072 /prefetch:8","""C:\Program Files (x86)\Microsoft\Edge\Application\msedge.exe"" --type=utility --utility-sub-type=data_decoder.mojom.DataDecoderService --lang=en-US --service-sandbox-type=service --mojo-platform-channel-handle=4256 --field-trial-handle=2056,i,5493541093201038350,16130002037060351643,131072 /prefetch:8","{461f0bd2-2bfc-6354-7800-000000001e00}","C:\Program Files (x86)\Microsoft\Edge\Application\msedge.exe","C:\Program Files (x86)\Microsoft\Edge\Application\msedge.exe",989ea45a2622f79475c56299e9edbc0c,163801c311daf2fac7b2dea0996ad03ddb16dba13a0ac25d85878b0587f84d44,"msedge.exe","msedge.exe","C:\Program Files (x86)\Microsoft\Edge\Application\msedge.exe, --no-startup-window, --win-session-start, /prefetch:5",4,"""C:\Program Files (x86)\Microsoft\Edge\Application\msedge.exe"" --no-startup-window --win-session-start /prefetch:5","""C:\Program Files (x86)\Microsoft\Edge\Application\msedge.exe"" --no-startup-window --win-session-start /prefetch:5","{461f0bd2-2bf8-6354-6f00-000000001e00}","C:\Program Files (x86)\Microsoft\Edge\Application\msedge.exe","C:\Program Files (x86)\Microsoft\Edge\Application\msedge.exe","msedge.exe","msedge.exe",4364,"Microsoft Corporation","Microsoft Edge","106.0.1370.52",82f187e22098b6cc42eb6250ba0fa1da,"msedge.exe","Microsoft Edge",5844,"-","-","C:\Program Files (x86)\Microsoft\Edge\Application\106.0.1370.52\","C:\Program Files (x86)\Microsoft\Edge\Application\106.0.1370.52\","-","-","-","-","-","-","163801c311daf2fac7b2dea0996ad03ddb16dba13a0ac25d85878b0587f84d44, 989ea45a2622f79475c56299e9edbc0c, 82f187e22098b6cc42eb6250ba0fa1da","-","-","Patricia Goh","-","-",VICTIM,"-","S-1-5-18","Patricia Goh","Patricia Goh","-",wineventlog,"Microsoft-Windows-Sysmon/Operational",victim,"Microsoft Corporation","-","Microsoft Edge","-","106.0.1370.52",Low,"{461f0bd2-2bde-6354-1787-040000000000}",0x48717,"-","VICTIM\Patricia Goh","-","Microsoft Edge","-","-","-","-","-","-","-","-",1,"-",1,"-","-",Info,"2,276","2,512","{5770385f-c22a-43e0-bf4c-06f5698ffbd9}","Microsoft-Windows-Sysmon",4843,"Process Create (rule: ProcessCreate)","NT AUTHORITY","S-1-5-18",SYSTEM,User,5
"Oct 23, 2022 @ 01:44:27.840",RkXQAIQBHC0TB3lJ9pgD,".ds-winlogbeat-8.2.3-2022.10.22-000001","-","c2c04a29-9d47-4de5-86f6-5958b0d4222c",victim,"b15c43c7-63a1-423e-901b-f1acc6401711",victim,winlogbeat,"8.2.3","-","-","-","-","-","-","-","1.12.0","Process Create (rule: ProcessCreate)",process,1,"Oct 23, 2022 @ 01:50:08.819","Oct 23, 2022 @ 01:50:05.312",event,sysmon,"-","Microsoft-Windows-Sysmon","-",start,"-","-","-","-","-","x86_64",victim,"461f0bd2-c182-413a-8a41-2a8e4accb4a9","fe80::4959:93ba:69a6:522d, 10.0.2.15, fe80::91a8:3d9e:36ba:f548, 172.19.96.10","08:00:27:7c:f3:ae, 08:00:27:22:f7:3c",victim,"19044.1889",windows,"10.0.19041.1889 (WinBuild.160101.0800)","Windows 10 Enterprise Evaluation","Windows 10 Enterprise Evaluation",windows,windows,"10.0",information,"Process Create:
RuleName: -
UtcTime: 2022-10-22 17:44:27.840
ProcessGuid: {461f0bd2-2bfb-6354-7500-000000001e00}
ProcessId: 5608
Image: C:\Program Files (x86)\Microsoft\Edge\Application\106.0.1370.52\identity_helper.exe
FileVersion: 106.0.1370.52
Description: PWA Identity Proxy Host
Product: Microsoft Edge
Company: Microsoft Corporation
OriginalFileName: identity_helper.exe
CommandLine: ""C:\Program Files (x86)\Microsoft\Edge\Application\106.0.1370.52\identity_helper.exe"" --type=utility --utility-sub-type=winrt_app_id.mojom.WinrtAppIdService --lang=en-US --service-sandbox-type=none --mojo-platform-channel-handle=3144 --field-trial-handle=2056,i,5493541093201038350,16130002037060351643,131072 /prefetch:8
CurrentDirectory: C:\Program Files (x86)\Microsoft\Edge\Application\106.0.1370.52\
User: VICTIM\Patricia Goh
LogonGuid: {461f0bd2-2bde-6354-1787-040000000000}
LogonId: 0x48717
TerminalSessionId: 1
IntegrityLevel: High
Hashes: MD5=ECADD6642E49FEAC3F3B038F5A2C6432,SHA256=B32DAEF4F46AC58D95D1CC5D1201D6890991908D6889A85ECC7DBECDD18D3D96,IMPHASH=B9B1C3D57C07EFF51318AFD5131CBD82
ParentProcessGuid: {461f0bd2-2bf8-6354-6f00-000000001e00}
ParentProcessId: 4364
ParentImage: C:\Program Files (x86)\Microsoft\Edge\Application\msedge.exe
ParentCommandLine: ""C:\Program Files (x86)\Microsoft\Edge\Application\msedge.exe"" --no-startup-window --win-session-start /prefetch:5
ParentUser: VICTIM\Patricia Goh","-","-","-","-","-","-","-","-","-","-","-","-","C:\Program Files (x86)\Microsoft\Edge\Application\106.0.1370.52\identity_helper.exe, --type=utility, --utility-sub-type=winrt_app_id.mojom.WinrtAppIdService, --lang=en-US, --service-sandbox-type=none, --mojo-platform-channel-handle=3144, --field-trial-handle=2056,i,5493541093201038350,16130002037060351643,131072, /prefetch:8",8,"""C:\Program Files (x86)\Microsoft\Edge\Application\106.0.1370.52\identity_helper.exe"" --type=utility --utility-sub-type=winrt_app_id.mojom.WinrtAppIdService --lang=en-US --service-sandbox-type=none --mojo-platform-channel-handle=3144 --field-trial-handle=2056,i,5493541093201038350,16130002037060351643,131072 /prefetch:8","""C:\Program Files (x86)\Microsoft\Edge\Application\106.0.1370.52\identity_helper.exe"" --type=utility --utility-sub-type=winrt_app_id.mojom.WinrtAppIdService --lang=en-US --service-sandbox-type=none --mojo-platform-channel-handle=3144 --field-trial-handle=2056,i,5493541093201038350,16130002037060351643,131072 /prefetch:8","{461f0bd2-2bfb-6354-7500-000000001e00}","C:\Program Files (x86)\Microsoft\Edge\Application\106.0.1370.52\identity_helper.exe","C:\Program Files (x86)\Microsoft\Edge\Application\106.0.1370.52\identity_helper.exe",ecadd6642e49feac3f3b038f5a2c6432,b32daef4f46ac58d95d1cc5d1201d6890991908d6889a85ecc7dbecdd18d3d96,"identity_helper.exe","identity_helper.exe","C:\Program Files (x86)\Microsoft\Edge\Application\msedge.exe, --no-startup-window, --win-session-start, /prefetch:5",4,"""C:\Program Files (x86)\Microsoft\Edge\Application\msedge.exe"" --no-startup-window --win-session-start /prefetch:5","""C:\Program Files (x86)\Microsoft\Edge\Application\msedge.exe"" --no-startup-window --win-session-start /prefetch:5","{461f0bd2-2bf8-6354-6f00-000000001e00}","C:\Program Files (x86)\Microsoft\Edge\Application\msedge.exe","C:\Program Files (x86)\Microsoft\Edge\Application\msedge.exe","msedge.exe","msedge.exe",4364,"Microsoft Corporation","PWA Identity Proxy Host","106.0.1370.52",b9b1c3d57c07eff51318afd5131cbd82,"identity_helper.exe","Microsoft Edge",5608,"-","-","C:\Program Files (x86)\Microsoft\Edge\Application\106.0.1370.52\","C:\Program Files (x86)\Microsoft\Edge\Application\106.0.1370.52\","-","-","-","-","-","-","b32daef4f46ac58d95d1cc5d1201d6890991908d6889a85ecc7dbecdd18d3d96, ecadd6642e49feac3f3b038f5a2c6432, b9b1c3d57c07eff51318afd5131cbd82","-","-","Patricia Goh","-","-",VICTIM,"-","S-1-5-18","Patricia Goh","Patricia Goh","-",wineventlog,"Microsoft-Windows-Sysmon/Operational",victim,"Microsoft Corporation","-","PWA Identity Proxy Host","-","106.0.1370.52",High,"{461f0bd2-2bde-6354-1787-040000000000}",0x48717,"-","VICTIM\Patricia Goh","-","Microsoft Edge","-","-","-","-","-","-","-","-",1,"-",1,"-","-",Info,"2,276","2,512","{5770385f-c22a-43e0-bf4c-06f5698ffbd9}","Microsoft-Windows-Sysmon",4842,"Process Create (rule: ProcessCreate)","NT AUTHORITY","S-1-5-18",SYSTEM,User,5
"Oct 23, 2022 @ 01:44:27.340",SUXQAIQBHC0TB3lJ9pgD,".ds-winlogbeat-8.2.3-2022.10.22-000001","-","c2c04a29-9d47-4de5-86f6-5958b0d4222c",victim,"b15c43c7-63a1-423e-901b-f1acc6401711",victim,winlogbeat,"8.2.3","-","-",wpad,"-","-","-","-","1.12.0","Dns query (rule: DnsQuery)",network,22,"Oct 23, 2022 @ 01:50:08.820","Oct 23, 2022 @ 01:50:05.313",event,sysmon,"-","Microsoft-Windows-Sysmon","-","connection, protocol, info","-","-","-","-","-","x86_64",victim,"461f0bd2-c182-413a-8a41-2a8e4accb4a9","fe80::4959:93ba:69a6:522d, 10.0.2.15, fe80::91a8:3d9e:36ba:f548, 172.19.96.10","08:00:27:7c:f3:ae, 08:00:27:22:f7:3c",victim,"19044.1889",windows,"10.0.19041.1889 (WinBuild.160101.0800)","Windows 10 Enterprise Evaluation","Windows 10 Enterprise Evaluation",windows,windows,"10.0",information,"Dns query:
RuleName: -
UtcTime: 2022-10-22 17:44:27.340
ProcessGuid: {461f0bd2-2bfa-6354-7200-000000001e00}
ProcessId: 5376
QueryName: wpad
QueryStatus: 9003
QueryResults: -
Image: C:\Program Files (x86)\Microsoft\Edge\Application\msedge.exe
User: VICTIM\Patricia Goh",dns,"-","-","-","-","-","-","-","-","-","-","-","-","-","-","-","{461f0bd2-2bfa-6354-7200-000000001e00}","C:\Program Files (x86)\Microsoft\Edge\Application\msedge.exe","C:\Program Files (x86)\Microsoft\Edge\Application\msedge.exe","-","-","msedge.exe","msedge.exe","-","-","-","-","-","-","-","-","-","-","-","-","-","-","-","-",5376,"-","-","-","-","-","-","-","-","-","-","-",wpad,"-","Patricia Goh","-","DNS_ERROR_RCODE_NAME_ERROR",VICTIM,"-","S-1-5-18","Patricia Goh","Patricia Goh","-",wineventlog,"Microsoft-Windows-Sysmon/Operational",victim,"-","-","-","-","-","-","-","-","-","-","-","-","-","-","-","-","-","-","-","-","-","-",22,"-","-",Info,"2,276","2,984","{5770385f-c22a-43e0-bf4c-06f5698ffbd9}","Microsoft-Windows-Sysmon",4845,"Dns query (rule: DnsQuery)","NT AUTHORITY","S-1-5-18",SYSTEM,User,5
"Oct 23, 2022 @ 01:44:27.260",RUXQAIQBHC0TB3lJ9pgD,".ds-winlogbeat-8.2.3-2022.10.22-000001","-","c2c04a29-9d47-4de5-86f6-5958b0d4222c",victim,"b15c43c7-63a1-423e-901b-f1acc6401711",victim,winlogbeat,"8.2.3","-","-","-","-","-","-","-","1.12.0","Process Create (rule: ProcessCreate)",process,1,"Oct 23, 2022 @ 01:50:08.819","Oct 23, 2022 @ 01:50:05.312",event,sysmon,"-","Microsoft-Windows-Sysmon","-",start,"-","-","-","-","-","x86_64",victim,"461f0bd2-c182-413a-8a41-2a8e4accb4a9","fe80::4959:93ba:69a6:522d, 10.0.2.15, fe80::91a8:3d9e:36ba:f548, 172.19.96.10","08:00:27:7c:f3:ae, 08:00:27:22:f7:3c",victim,"19044.1889",windows,"10.0.19041.1889 (WinBuild.160101.0800)","Windows 10 Enterprise Evaluation","Windows 10 Enterprise Evaluation",windows,windows,"10.0",information,"Process Create:
RuleName: -
UtcTime: 2022-10-22 17:44:27.260
ProcessGuid: {461f0bd2-2bfb-6354-7400-000000001e00}
ProcessId: 5452
Image: C:\Program Files (x86)\Microsoft\Edge\Application\106.0.1370.52\identity_helper.exe
FileVersion: 106.0.1370.52
Description: PWA Identity Proxy Host
Product: Microsoft Edge
Company: Microsoft Corporation
OriginalFileName: identity_helper.exe
CommandLine: ""C:\Program Files (x86)\Microsoft\Edge\Application\106.0.1370.52\identity_helper.exe"" --type=utility --utility-sub-type=winrt_app_id.mojom.WinrtAppIdService --lang=en-US --service-sandbox-type=none --mojo-platform-channel-handle=3144 --field-trial-handle=2056,i,5493541093201038350,16130002037060351643,131072 /prefetch:8
CurrentDirectory: C:\Program Files (x86)\Microsoft\Edge\Application\106.0.1370.52\
User: VICTIM\Patricia Goh
LogonGuid: {461f0bd2-2bde-6354-1787-040000000000}
LogonId: 0x48717
TerminalSessionId: 1
IntegrityLevel: High
Hashes: MD5=ECADD6642E49FEAC3F3B038F5A2C6432,SHA256=B32DAEF4F46AC58D95D1CC5D1201D6890991908D6889A85ECC7DBECDD18D3D96,IMPHASH=B9B1C3D57C07EFF51318AFD5131CBD82
ParentProcessGuid: {461f0bd2-2bf8-6354-6f00-000000001e00}
ParentProcessId: 4364
ParentImage: C:\Program Files (x86)\Microsoft\Edge\Application\msedge.exe
ParentCommandLine: ""C:\Program Files (x86)\Microsoft\Edge\Application\msedge.exe"" --no-startup-window --win-session-start /prefetch:5
ParentUser: VICTIM\Patricia Goh","-","-","-","-","-","-","-","-","-","-","-","-","C:\Program Files (x86)\Microsoft\Edge\Application\106.0.1370.52\identity_helper.exe, --type=utility, --utility-sub-type=winrt_app_id.mojom.WinrtAppIdService, --lang=en-US, --service-sandbox-type=none, --mojo-platform-channel-handle=3144, --field-trial-handle=2056,i,5493541093201038350,16130002037060351643,131072, /prefetch:8",8,"""C:\Program Files (x86)\Microsoft\Edge\Application\106.0.1370.52\identity_helper.exe"" --type=utility --utility-sub-type=winrt_app_id.mojom.WinrtAppIdService --lang=en-US --service-sandbox-type=none --mojo-platform-channel-handle=3144 --field-trial-handle=2056,i,5493541093201038350,16130002037060351643,131072 /prefetch:8","""C:\Program Files (x86)\Microsoft\Edge\Application\106.0.1370.52\identity_helper.exe"" --type=utility --utility-sub-type=winrt_app_id.mojom.WinrtAppIdService --lang=en-US --service-sandbox-type=none --mojo-platform-channel-handle=3144 --field-trial-handle=2056,i,5493541093201038350,16130002037060351643,131072 /prefetch:8","{461f0bd2-2bfb-6354-7400-000000001e00}","C:\Program Files (x86)\Microsoft\Edge\Application\106.0.1370.52\identity_helper.exe","C:\Program Files (x86)\Microsoft\Edge\Application\106.0.1370.52\identity_helper.exe",ecadd6642e49feac3f3b038f5a2c6432,b32daef4f46ac58d95d1cc5d1201d6890991908d6889a85ecc7dbecdd18d3d96,"identity_helper.exe","identity_helper.exe","C:\Program Files (x86)\Microsoft\Edge\Application\msedge.exe, --no-startup-window, --win-session-start, /prefetch:5",4,"""C:\Program Files (x86)\Microsoft\Edge\Application\msedge.exe"" --no-startup-window --win-session-start /prefetch:5","""C:\Program Files (x86)\Microsoft\Edge\Application\msedge.exe"" --no-startup-window --win-session-start /prefetch:5","{461f0bd2-2bf8-6354-6f00-000000001e00}","C:\Program Files (x86)\Microsoft\Edge\Application\msedge.exe","C:\Program Files (x86)\Microsoft\Edge\Application\msedge.exe","msedge.exe","msedge.exe",4364,"Microsoft Corporation","PWA Identity Proxy Host","106.0.1370.52",b9b1c3d57c07eff51318afd5131cbd82,"identity_helper.exe","Microsoft Edge",5452,"-","-","C:\Program Files (x86)\Microsoft\Edge\Application\106.0.1370.52\","C:\Program Files (x86)\Microsoft\Edge\Application\106.0.1370.52\","-","-","-","-","-","-","b32daef4f46ac58d95d1cc5d1201d6890991908d6889a85ecc7dbecdd18d3d96, ecadd6642e49feac3f3b038f5a2c6432, b9b1c3d57c07eff51318afd5131cbd82","-","-","Patricia Goh","-","-",VICTIM,"-","S-1-5-18","Patricia Goh","Patricia Goh","-",wineventlog,"Microsoft-Windows-Sysmon/Operational",victim,"Microsoft Corporation","-","PWA Identity Proxy Host","-","106.0.1370.52",High,"{461f0bd2-2bde-6354-1787-040000000000}",0x48717,"-","VICTIM\Patricia Goh","-","Microsoft Edge","-","-","-","-","-","-","-","-",1,"-",1,"-","-",Info,"2,276","2,512","{5770385f-c22a-43e0-bf4c-06f5698ffbd9}","Microsoft-Windows-Sysmon",4841,"Process Create (rule: ProcessCreate)","NT AUTHORITY","S-1-5-18",SYSTEM,User,5
"Oct 23, 2022 @ 01:44:26.919",REXQAIQBHC0TB3lJ9pgD,".ds-winlogbeat-8.2.3-2022.10.22-000001","-","c2c04a29-9d47-4de5-86f6-5958b0d4222c",victim,"b15c43c7-63a1-423e-901b-f1acc6401711",victim,winlogbeat,"8.2.3","-","-","-","-","-","-","-","1.12.0","Process Create (rule: ProcessCreate)",process,1,"Oct 23, 2022 @ 01:50:08.819","Oct 23, 2022 @ 01:50:05.311",event,sysmon,"-","Microsoft-Windows-Sysmon","-",start,"-","-","-","-","-","x86_64",victim,"461f0bd2-c182-413a-8a41-2a8e4accb4a9","fe80::4959:93ba:69a6:522d, 10.0.2.15, fe80::91a8:3d9e:36ba:f548, 172.19.96.10","08:00:27:7c:f3:ae, 08:00:27:22:f7:3c",victim,"19044.1889",windows,"10.0.19041.1889 (WinBuild.160101.0800)","Windows 10 Enterprise Evaluation","Windows 10 Enterprise Evaluation",windows,windows,"10.0",information,"Process Create:
RuleName: -
UtcTime: 2022-10-22 17:44:26.919
ProcessGuid: {461f0bd2-2bfa-6354-7300-000000001e00}
ProcessId: 5384
Image: C:\Program Files (x86)\Microsoft\Edge\Application\msedge.exe
FileVersion: 106.0.1370.52
Description: Microsoft Edge
Product: Microsoft Edge
Company: Microsoft Corporation
OriginalFileName: msedge.exe
CommandLine: ""C:\Program Files (x86)\Microsoft\Edge\Application\msedge.exe"" --type=utility --utility-sub-type=storage.mojom.StorageService --lang=en-US --service-sandbox-type=utility --mojo-platform-channel-handle=2476 --field-trial-handle=2056,i,5493541093201038350,16130002037060351643,131072 /prefetch:8
CurrentDirectory: C:\Program Files (x86)\Microsoft\Edge\Application\106.0.1370.52\
User: VICTIM\Patricia Goh
LogonGuid: {461f0bd2-2bde-6354-1787-040000000000}
LogonId: 0x48717
TerminalSessionId: 1
IntegrityLevel: Low
Hashes: MD5=989EA45A2622F79475C56299E9EDBC0C,SHA256=163801C311DAF2FAC7B2DEA0996AD03DDB16DBA13A0AC25D85878B0587F84D44,IMPHASH=82F187E22098B6CC42EB6250BA0FA1DA
ParentProcessGuid: {461f0bd2-2bf8-6354-6f00-000000001e00}
ParentProcessId: 4364
ParentImage: C:\Program Files (x86)\Microsoft\Edge\Application\msedge.exe
ParentCommandLine: ""C:\Program Files (x86)\Microsoft\Edge\Application\msedge.exe"" --no-startup-window --win-session-start /prefetch:5
ParentUser: VICTIM\Patricia Goh","-","-","-","-","-","-","-","-","-","-","-","-","C:\Program Files (x86)\Microsoft\Edge\Application\msedge.exe, --type=utility, --utility-sub-type=storage.mojom.StorageService, --lang=en-US, --service-sandbox-type=utility, --mojo-platform-channel-handle=2476, --field-trial-handle=2056,i,5493541093201038350,16130002037060351643,131072, /prefetch:8",8,"""C:\Program Files (x86)\Microsoft\Edge\Application\msedge.exe"" --type=utility --utility-sub-type=storage.mojom.StorageService --lang=en-US --service-sandbox-type=utility --mojo-platform-channel-handle=2476 --field-trial-handle=2056,i,5493541093201038350,16130002037060351643,131072 /prefetch:8","""C:\Program Files (x86)\Microsoft\Edge\Application\msedge.exe"" --type=utility --utility-sub-type=storage.mojom.StorageService --lang=en-US --service-sandbox-type=utility --mojo-platform-channel-handle=2476 --field-trial-handle=2056,i,5493541093201038350,16130002037060351643,131072 /prefetch:8","{461f0bd2-2bfa-6354-7300-000000001e00}","C:\Program Files (x86)\Microsoft\Edge\Application\msedge.exe","C:\Program Files (x86)\Microsoft\Edge\Application\msedge.exe",989ea45a2622f79475c56299e9edbc0c,163801c311daf2fac7b2dea0996ad03ddb16dba13a0ac25d85878b0587f84d44,"msedge.exe","msedge.exe","C:\Program Files (x86)\Microsoft\Edge\Application\msedge.exe, --no-startup-window, --win-session-start, /prefetch:5",4,"""C:\Program Files (x86)\Microsoft\Edge\Application\msedge.exe"" --no-startup-window --win-session-start /prefetch:5","""C:\Program Files (x86)\Microsoft\Edge\Application\msedge.exe"" --no-startup-window --win-session-start /prefetch:5","{461f0bd2-2bf8-6354-6f00-000000001e00}","C:\Program Files (x86)\Microsoft\Edge\Application\msedge.exe","C:\Program Files (x86)\Microsoft\Edge\Application\msedge.exe","msedge.exe","msedge.exe",4364,"Microsoft Corporation","Microsoft Edge","106.0.1370.52",82f187e22098b6cc42eb6250ba0fa1da,"msedge.exe","Microsoft Edge",5384,"-","-","C:\Program Files (x86)\Microsoft\Edge\Application\106.0.1370.52\","C:\Program Files (x86)\Microsoft\Edge\Application\106.0.1370.52\","-","-","-","-","-","-","163801c311daf2fac7b2dea0996ad03ddb16dba13a0ac25d85878b0587f84d44, 989ea45a2622f79475c56299e9edbc0c, 82f187e22098b6cc42eb6250ba0fa1da","-","-","Patricia Goh","-","-",VICTIM,"-","S-1-5-18","Patricia Goh","Patricia Goh","-",wineventlog,"Microsoft-Windows-Sysmon/Operational",victim,"Microsoft Corporation","-","Microsoft Edge","-","106.0.1370.52",Low,"{461f0bd2-2bde-6354-1787-040000000000}",0x48717,"-","VICTIM\Patricia Goh","-","Microsoft Edge","-","-","-","-","-","-","-","-",1,"-",1,"-","-",Info,"2,276","2,512","{5770385f-c22a-43e0-bf4c-06f5698ffbd9}","Microsoft-Windows-Sysmon",4840,"Process Create (rule: ProcessCreate)","NT AUTHORITY","S-1-5-18",SYSTEM,User,5
"Oct 23, 2022 @ 01:44:26.794",Q0XQAIQBHC0TB3lJ9pgD,".ds-winlogbeat-8.2.3-2022.10.22-000001","-","c2c04a29-9d47-4de5-86f6-5958b0d4222c",victim,"b15c43c7-63a1-423e-901b-f1acc6401711",victim,winlogbeat,"8.2.3","-","-","-","-","-","-","-","1.12.0","Process Create (rule: ProcessCreate)",process,1,"Oct 23, 2022 @ 01:50:08.819","Oct 23, 2022 @ 01:50:05.311",event,sysmon,"-","Microsoft-Windows-Sysmon","-",start,"-","-","-","-","-","x86_64",victim,"461f0bd2-c182-413a-8a41-2a8e4accb4a9","fe80::4959:93ba:69a6:522d, 10.0.2.15, fe80::91a8:3d9e:36ba:f548, 172.19.96.10","08:00:27:7c:f3:ae, 08:00:27:22:f7:3c",victim,"19044.1889",windows,"10.0.19041.1889 (WinBuild.160101.0800)","Windows 10 Enterprise Evaluation","Windows 10 Enterprise Evaluation",windows,windows,"10.0",information,"Process Create:
RuleName: -
UtcTime: 2022-10-22 17:44:26.794
ProcessGuid: {461f0bd2-2bfa-6354-7200-000000001e00}
ProcessId: 5376
Image: C:\Program Files (x86)\Microsoft\Edge\Application\msedge.exe
FileVersion: 106.0.1370.52
Description: Microsoft Edge
Product: Microsoft Edge
Company: Microsoft Corporation
OriginalFileName: msedge.exe
CommandLine: ""C:\Program Files (x86)\Microsoft\Edge\Application\msedge.exe"" --type=utility --utility-sub-type=network.mojom.NetworkService --lang=en-US --service-sandbox-type=none --mojo-platform-channel-handle=1988 --field-trial-handle=2056,i,5493541093201038350,16130002037060351643,131072 /prefetch:3
CurrentDirectory: C:\Program Files (x86)\Microsoft\Edge\Application\106.0.1370.52\
User: VICTIM\Patricia Goh
LogonGuid: {461f0bd2-2bde-6354-1787-040000000000}
LogonId: 0x48717
TerminalSessionId: 1
IntegrityLevel: High
Hashes: MD5=989EA45A2622F79475C56299E9EDBC0C,SHA256=163801C311DAF2FAC7B2DEA0996AD03DDB16DBA13A0AC25D85878B0587F84D44,IMPHASH=82F187E22098B6CC42EB6250BA0FA1DA
ParentProcessGuid: {461f0bd2-2bf8-6354-6f00-000000001e00}
ParentProcessId: 4364
ParentImage: C:\Program Files (x86)\Microsoft\Edge\Application\msedge.exe
ParentCommandLine: ""C:\Program Files (x86)\Microsoft\Edge\Application\msedge.exe"" --no-startup-window --win-session-start /prefetch:5
ParentUser: VICTIM\Patricia Goh","-","-","-","-","-","-","-","-","-","-","-","-","C:\Program Files (x86)\Microsoft\Edge\Application\msedge.exe, --type=utility, --utility-sub-type=network.mojom.NetworkService, --lang=en-US, --service-sandbox-type=none, --mojo-platform-channel-handle=1988, --field-trial-handle=2056,i,5493541093201038350,16130002037060351643,131072, /prefetch:3",8,"""C:\Program Files (x86)\Microsoft\Edge\Application\msedge.exe"" --type=utility --utility-sub-type=network.mojom.NetworkService --lang=en-US --service-sandbox-type=none --mojo-platform-channel-handle=1988 --field-trial-handle=2056,i,5493541093201038350,16130002037060351643,131072 /prefetch:3","""C:\Program Files (x86)\Microsoft\Edge\Application\msedge.exe"" --type=utility --utility-sub-type=network.mojom.NetworkService --lang=en-US --service-sandbox-type=none --mojo-platform-channel-handle=1988 --field-trial-handle=2056,i,5493541093201038350,16130002037060351643,131072 /prefetch:3","{461f0bd2-2bfa-6354-7200-000000001e00}","C:\Program Files (x86)\Microsoft\Edge\Application\msedge.exe","C:\Program Files (x86)\Microsoft\Edge\Application\msedge.exe",989ea45a2622f79475c56299e9edbc0c,163801c311daf2fac7b2dea0996ad03ddb16dba13a0ac25d85878b0587f84d44,"msedge.exe","msedge.exe","C:\Program Files (x86)\Microsoft\Edge\Application\msedge.exe, --no-startup-window, --win-session-start, /prefetch:5",4,"""C:\Program Files (x86)\Microsoft\Edge\Application\msedge.exe"" --no-startup-window --win-session-start /prefetch:5","""C:\Program Files (x86)\Microsoft\Edge\Application\msedge.exe"" --no-startup-window --win-session-start /prefetch:5","{461f0bd2-2bf8-6354-6f00-000000001e00}","C:\Program Files (x86)\Microsoft\Edge\Application\msedge.exe","C:\Program Files (x86)\Microsoft\Edge\Application\msedge.exe","msedge.exe","msedge.exe",4364,"Microsoft Corporation","Microsoft Edge","106.0.1370.52",82f187e22098b6cc42eb6250ba0fa1da,"msedge.exe","Microsoft Edge",5376,"-","-","C:\Program Files (x86)\Microsoft\Edge\Application\106.0.1370.52\","C:\Program Files (x86)\Microsoft\Edge\Application\106.0.1370.52\","-","-","-","-","-","-","163801c311daf2fac7b2dea0996ad03ddb16dba13a0ac25d85878b0587f84d44, 989ea45a2622f79475c56299e9edbc0c, 82f187e22098b6cc42eb6250ba0fa1da","-","-","Patricia Goh","-","-",VICTIM,"-","S-1-5-18","Patricia Goh","Patricia Goh","-",wineventlog,"Microsoft-Windows-Sysmon/Operational",victim,"Microsoft Corporation","-","Microsoft Edge","-","106.0.1370.52",High,"{461f0bd2-2bde-6354-1787-040000000000}",0x48717,"-","VICTIM\Patricia Goh","-","Microsoft Edge","-","-","-","-","-","-","-","-",1,"-",1,"-","-",Info,"2,276","2,512","{5770385f-c22a-43e0-bf4c-06f5698ffbd9}","Microsoft-Windows-Sysmon",4839,"Process Create (rule: ProcessCreate)","NT AUTHORITY","S-1-5-18",SYSTEM,User,5
"Oct 23, 2022 @ 01:44:26.779",QkXQAIQBHC0TB3lJ9pgD,".ds-winlogbeat-8.2.3-2022.10.22-000001","-","c2c04a29-9d47-4de5-86f6-5958b0d4222c",victim,"b15c43c7-63a1-423e-901b-f1acc6401711",victim,winlogbeat,"8.2.3","-","-","-","-","-","-","-","1.12.0","Process Create (rule: ProcessCreate)",process,1,"Oct 23, 2022 @ 01:50:08.819","Oct 23, 2022 @ 01:50:05.310",event,sysmon,"-","Microsoft-Windows-Sysmon","-",start,"-","-","-","-","-","x86_64",victim,"461f0bd2-c182-413a-8a41-2a8e4accb4a9","fe80::4959:93ba:69a6:522d, 10.0.2.15, fe80::91a8:3d9e:36ba:f548, 172.19.96.10","08:00:27:7c:f3:ae, 08:00:27:22:f7:3c",victim,"19044.1889",windows,"10.0.19041.1889 (WinBuild.160101.0800)","Windows 10 Enterprise Evaluation","Windows 10 Enterprise Evaluation",windows,windows,"10.0",information,"Process Create:
RuleName: -
UtcTime: 2022-10-22 17:44:26.779
ProcessGuid: {461f0bd2-2bfa-6354-7100-000000001e00}
ProcessId: 5368
Image: C:\Program Files (x86)\Microsoft\Edge\Application\msedge.exe
FileVersion: 106.0.1370.52
Description: Microsoft Edge
Product: Microsoft Edge
Company: Microsoft Corporation
OriginalFileName: msedge.exe
CommandLine: ""C:\Program Files (x86)\Microsoft\Edge\Application\msedge.exe"" --type=gpu-process --gpu-preferences=UAAAAAAAAADgAAAYAAAAAAAAAAAAAAAAAABgAAAAAAAwAAAAAAAAAAAAAAAQAAAAAAAAAAAAAAAAAAAAAAAAAEgAAAAAAAAASAAAAAAAAAAYAAAAAgAAABAAAAAAAAAAGAAAAAAAAAAQAAAAAAAAAAAAAAAOAAAAEAAAAAAAAAABAAAADgAAAAgAAAAAAAAACAAAAAAAAAA= --mojo-platform-channel-handle=1812 --field-trial-handle=2056,i,5493541093201038350,16130002037060351643,131072 /prefetch:2
CurrentDirectory: C:\Program Files (x86)\Microsoft\Edge\Application\106.0.1370.52\
User: VICTIM\Patricia Goh
LogonGuid: {461f0bd2-2bde-6354-1787-040000000000}
LogonId: 0x48717
TerminalSessionId: 1
IntegrityLevel: Low
Hashes: MD5=989EA45A2622F79475C56299E9EDBC0C,SHA256=163801C311DAF2FAC7B2DEA0996AD03DDB16DBA13A0AC25D85878B0587F84D44,IMPHASH=82F187E22098B6CC42EB6250BA0FA1DA
ParentProcessGuid: {461f0bd2-2bf8-6354-6f00-000000001e00}
ParentProcessId: 4364
ParentImage: C:\Program Files (x86)\Microsoft\Edge\Application\msedge.exe
ParentCommandLine: ""C:\Program Files (x86)\Microsoft\Edge\Application\msedge.exe"" --no-startup-window --win-session-start /prefetch:5
ParentUser: VICTIM\Patricia Goh","-","-","-","-","-","-","-","-","-","-","-","-","C:\Program Files (x86)\Microsoft\Edge\Application\msedge.exe, --type=gpu-process, --gpu-preferences=UAAAAAAAAADgAAAYAAAAAAAAAAAAAAAAAABgAAAAAAAwAAAAAAAAAAAAAAAQAAAAAAAAAAAAAAAAAAAAAAAAAEgAAAAAAAAASAAAAAAAAAAYAAAAAgAAABAAAAAAAAAAGAAAAAAAAAAQAAAAAAAAAAAAAAAOAAAAEAAAAAAAAAABAAAADgAAAAgAAAAAAAAACAAAAAAAAAA=, --mojo-platform-channel-handle=1812, --field-trial-handle=2056,i,5493541093201038350,16130002037060351643,131072, /prefetch:2",6,"""C:\Program Files (x86)\Microsoft\Edge\Application\msedge.exe"" --type=gpu-process --gpu-preferences=UAAAAAAAAADgAAAYAAAAAAAAAAAAAAAAAABgAAAAAAAwAAAAAAAAAAAAAAAQAAAAAAAAAAAAAAAAAAAAAAAAAEgAAAAAAAAASAAAAAAAAAAYAAAAAgAAABAAAAAAAAAAGAAAAAAAAAAQAAAAAAAAAAAAAAAOAAAAEAAAAAAAAAABAAAADgAAAAgAAAAAAAAACAAAAAAAAAA= --mojo-platform-channel-handle=1812 --field-trial-handle=2056,i,5493541093201038350,16130002037060351643,131072 /prefetch:2","""C:\Program Files (x86)\Microsoft\Edge\Application\msedge.exe"" --type=gpu-process --gpu-preferences=UAAAAAAAAADgAAAYAAAAAAAAAAAAAAAAAABgAAAAAAAwAAAAAAAAAAAAAAAQAAAAAAAAAAAAAAAAAAAAAAAAAEgAAAAAAAAASAAAAAAAAAAYAAAAAgAAABAAAAAAAAAAGAAAAAAAAAAQAAAAAAAAAAAAAAAOAAAAEAAAAAAAAAABAAAADgAAAAgAAAAAAAAACAAAAAAAAAA= --mojo-platform-channel-handle=1812 --field-trial-handle=2056,i,5493541093201038350,16130002037060351643,131072 /prefetch:2","{461f0bd2-2bfa-6354-7100-000000001e00}","C:\Program Files (x86)\Microsoft\Edge\Application\msedge.exe","C:\Program Files (x86)\Microsoft\Edge\Application\msedge.exe",989ea45a2622f79475c56299e9edbc0c,163801c311daf2fac7b2dea0996ad03ddb16dba13a0ac25d85878b0587f84d44,"msedge.exe","msedge.exe","C:\Program Files (x86)\Microsoft\Edge\Application\msedge.exe, --no-startup-window, --win-session-start, /prefetch:5",4,"""C:\Program Files (x86)\Microsoft\Edge\Application\msedge.exe"" --no-startup-window --win-session-start /prefetch:5","""C:\Program Files (x86)\Microsoft\Edge\Application\msedge.exe"" --no-startup-window --win-session-start /prefetch:5","{461f0bd2-2bf8-6354-6f00-000000001e00}","C:\Program Files (x86)\Microsoft\Edge\Application\msedge.exe","C:\Program Files (x86)\Microsoft\Edge\Application\msedge.exe","msedge.exe","msedge.exe",4364,"Microsoft Corporation","Microsoft Edge","106.0.1370.52",82f187e22098b6cc42eb6250ba0fa1da,"msedge.exe","Microsoft Edge",5368,"-","-","C:\Program Files (x86)\Microsoft\Edge\Application\106.0.1370.52\","C:\Program Files (x86)\Microsoft\Edge\Application\106.0.1370.52\","-","-","-","-","-","-","163801c311daf2fac7b2dea0996ad03ddb16dba13a0ac25d85878b0587f84d44, 989ea45a2622f79475c56299e9edbc0c, 82f187e22098b6cc42eb6250ba0fa1da","-","-","Patricia Goh","-","-",VICTIM,"-","S-1-5-18","Patricia Goh","Patricia Goh","-",wineventlog,"Microsoft-Windows-Sysmon/Operational",victim,"Microsoft Corporation","-","Microsoft Edge","-","106.0.1370.52",Low,"{461f0bd2-2bde-6354-1787-040000000000}",0x48717,"-","VICTIM\Patricia Goh","-","Microsoft Edge","-","-","-","-","-","-","-","-",1,"-",1,"-","-",Info,"2,276","2,512","{5770385f-c22a-43e0-bf4c-06f5698ffbd9}","Microsoft-Windows-Sysmon",4838,"Process Create (rule: ProcessCreate)","NT AUTHORITY","S-1-5-18",SYSTEM,User,5
"Oct 23, 2022 @ 01:44:24.844",G0XQAIQBHC0TB3lJ9ZjY,".ds-winlogbeat-8.2.3-2022.10.22-000001","-","c2c04a29-9d47-4de5-86f6-5958b0d4222c",victim,"b15c43c7-63a1-423e-901b-f1acc6401711",victim,winlogbeat,"8.2.3","-","-","-","-","-","-","-","1.12.0","Process Create (rule: ProcessCreate)",process,1,"Oct 23, 2022 @ 01:50:08.818","Oct 23, 2022 @ 01:50:05.271",event,sysmon,"-","Microsoft-Windows-Sysmon","-",start,"-","-","-","-","-","x86_64",victim,"461f0bd2-c182-413a-8a41-2a8e4accb4a9","fe80::4959:93ba:69a6:522d, 10.0.2.15, fe80::91a8:3d9e:36ba:f548, 172.19.96.10","08:00:27:7c:f3:ae, 08:00:27:22:f7:3c",victim,"19044.1889",windows,"10.0.19041.1889 (WinBuild.160101.0800)","Windows 10 Enterprise Evaluation","Windows 10 Enterprise Evaluation",windows,windows,"10.0",information,"Process Create:
RuleName: -
UtcTime: 2022-10-22 17:44:24.844
ProcessGuid: {461f0bd2-2bf8-6354-7000-000000001e00}
ProcessId: 5124
Image: C:\Program Files (x86)\Microsoft\Edge\Application\msedge.exe
FileVersion: 106.0.1370.52
Description: Microsoft Edge
Product: Microsoft Edge
Company: Microsoft Corporation
OriginalFileName: msedge.exe
CommandLine: ""C:\Program Files (x86)\Microsoft\Edge\Application\msedge.exe"" --type=crashpad-handler ""--user-data-dir=C:\Users\Patricia Goh\AppData\Local\Microsoft\Edge\User Data"" /prefetch:7 --monitor-self-annotation=ptype=crashpad-handler ""--database=C:\Users\Patricia Goh\AppData\Local\Microsoft\Edge\User Data\Crashpad"" --annotation=IsOfficialBuild=1 --annotation=channel= --annotation=chromium-version=106.0.5249.119 ""--annotation=exe=C:\Program Files (x86)\Microsoft\Edge\Application\msedge.exe"" --annotation=plat=Win64 ""--annotation=prod=Microsoft Edge"" --annotation=ver=106.0.1370.52 --initial-client-data=0x100,0x104,0x108,0xdc,0x118,0x7ffde6256e08,0x7ffde6256e18,0x7ffde6256e28
CurrentDirectory: C:\Program Files (x86)\Microsoft\Edge\Application\
User: VICTIM\Patricia Goh
LogonGuid: {461f0bd2-2bde-6354-1787-040000000000}
LogonId: 0x48717
TerminalSessionId: 1
IntegrityLevel: High
Hashes: MD5=989EA45A2622F79475C56299E9EDBC0C,SHA256=163801C311DAF2FAC7B2DEA0996AD03DDB16DBA13A0AC25D85878B0587F84D44,IMPHASH=82F187E22098B6CC42EB6250BA0FA1DA
ParentProcessGuid: {461f0bd2-2bf8-6354-6f00-000000001e00}
ParentProcessId: 4364
ParentImage: C:\Program Files (x86)\Microsoft\Edge\Application\msedge.exe
ParentCommandLine: ""C:\Program Files (x86)\Microsoft\Edge\Application\msedge.exe"" --no-startup-window --win-session-start /prefetch:5
ParentUser: VICTIM\Patricia Goh","-","-","-","-","-","-","-","-","-","-","-","-","C:\Program Files (x86)\Microsoft\Edge\Application\msedge.exe, --type=crashpad-handler, --user-data-dir=C:\Users\Patricia Goh\AppData\Local\Microsoft\Edge\User Data, /prefetch:7, --monitor-self-annotation=ptype=crashpad-handler, --database=C:\Users\Patricia Goh\AppData\Local\Microsoft\Edge\User Data\Crashpad, --annotation=IsOfficialBuild=1, --annotation=channel=, --annotation=chromium-version=106.0.5249.119, --annotation=exe=C:\Program Files (x86)\Microsoft\Edge\Application\msedge.exe, --annotation=plat=Win64, --annotation=prod=Microsoft Edge, --annotation=ver=106.0.1370.52, --initial-client-data=0x100,0x104,0x108,0xdc,0x118,0x7ffde6256e08,0x7ffde6256e18,0x7ffde6256e28",14,"""C:\Program Files (x86)\Microsoft\Edge\Application\msedge.exe"" --type=crashpad-handler ""--user-data-dir=C:\Users\Patricia Goh\AppData\Local\Microsoft\Edge\User Data"" /prefetch:7 --monitor-self-annotation=ptype=crashpad-handler ""--database=C:\Users\Patricia Goh\AppData\Local\Microsoft\Edge\User Data\Crashpad"" --annotation=IsOfficialBuild=1 --annotation=channel= --annotation=chromium-version=106.0.5249.119 ""--annotation=exe=C:\Program Files (x86)\Microsoft\Edge\Application\msedge.exe"" --annotation=plat=Win64 ""--annotation=prod=Microsoft Edge"" --annotation=ver=106.0.1370.52 --initial-client-data=0x100,0x104,0x108,0xdc,0x118,0x7ffde6256e08,0x7ffde6256e18,0x7ffde6256e28","""C:\Program Files (x86)\Microsoft\Edge\Application\msedge.exe"" --type=crashpad-handler ""--user-data-dir=C:\Users\Patricia Goh\AppData\Local\Microsoft\Edge\User Data"" /prefetch:7 --monitor-self-annotation=ptype=crashpad-handler ""--database=C:\Users\Patricia Goh\AppData\Local\Microsoft\Edge\User Data\Crashpad"" --annotation=IsOfficialBuild=1 --annotation=channel= --annotation=chromium-version=106.0.5249.119 ""--annotation=exe=C:\Program Files (x86)\Microsoft\Edge\Application\msedge.exe"" --annotation=plat=Win64 ""--annotation=prod=Microsoft Edge"" --annotation=ver=106.0.1370.52 --initial-client-data=0x100,0x104,0x108,0xdc,0x118,0x7ffde6256e08,0x7ffde6256e18,0x7ffde6256e28","{461f0bd2-2bf8-6354-7000-000000001e00}","C:\Program Files (x86)\Microsoft\Edge\Application\msedge.exe","C:\Program Files (x86)\Microsoft\Edge\Application\msedge.exe",989ea45a2622f79475c56299e9edbc0c,163801c311daf2fac7b2dea0996ad03ddb16dba13a0ac25d85878b0587f84d44,"msedge.exe","msedge.exe","C:\Program Files (x86)\Microsoft\Edge\Application\msedge.exe, --no-startup-window, --win-session-start, /prefetch:5",4,"""C:\Program Files (x86)\Microsoft\Edge\Application\msedge.exe"" --no-startup-window --win-session-start /prefetch:5","""C:\Program Files (x86)\Microsoft\Edge\Application\msedge.exe"" --no-startup-window --win-session-start /prefetch:5","{461f0bd2-2bf8-6354-6f00-000000001e00}","C:\Program Files (x86)\Microsoft\Edge\Application\msedge.exe","C:\Program Files (x86)\Microsoft\Edge\Application\msedge.exe","msedge.exe","msedge.exe",4364,"Microsoft Corporation","Microsoft Edge","106.0.1370.52",82f187e22098b6cc42eb6250ba0fa1da,"msedge.exe","Microsoft Edge",5124,"-","-","C:\Program Files (x86)\Microsoft\Edge\Application\","C:\Program Files (x86)\Microsoft\Edge\Application\","-","-","-","-","-","-","163801c311daf2fac7b2dea0996ad03ddb16dba13a0ac25d85878b0587f84d44, 989ea45a2622f79475c56299e9edbc0c, 82f187e22098b6cc42eb6250ba0fa1da","-","-","Patricia Goh","-","-",VICTIM,"-","S-1-5-18","Patricia Goh","Patricia Goh","-",wineventlog,"Microsoft-Windows-Sysmon/Operational",victim,"Microsoft Corporation","-","Microsoft Edge","-","106.0.1370.52",High,"{461f0bd2-2bde-6354-1787-040000000000}",0x48717,"-","VICTIM\Patricia Goh","-","Microsoft Edge","-","-","-","-","-","-","-","-",1,"-",1,"-","-",Info,"2,276","2,512","{5770385f-c22a-43e0-bf4c-06f5698ffbd9}","Microsoft-Windows-Sysmon",4799,"Process Create (rule: ProcessCreate)","NT AUTHORITY","S-1-5-18",SYSTEM,User,5
"Oct 23, 2022 @ 01:44:24.192",GkXQAIQBHC0TB3lJ9ZjY,".ds-winlogbeat-8.2.3-2022.10.22-000001","-","c2c04a29-9d47-4de5-86f6-5958b0d4222c",victim,"b15c43c7-63a1-423e-901b-f1acc6401711",victim,winlogbeat,"8.2.3","-","-","-","-","-","-","-","1.12.0","Process Create (rule: ProcessCreate)",process,1,"Oct 23, 2022 @ 01:50:08.818","Oct 23, 2022 @ 01:50:05.271",event,sysmon,"-","Microsoft-Windows-Sysmon","-",start,"-","-","-","-","-","x86_64",victim,"461f0bd2-c182-413a-8a41-2a8e4accb4a9","fe80::4959:93ba:69a6:522d, 10.0.2.15, fe80::91a8:3d9e:36ba:f548, 172.19.96.10","08:00:27:7c:f3:ae, 08:00:27:22:f7:3c",victim,"19044.1889",windows,"10.0.19041.1889 (WinBuild.160101.0800)","Windows 10 Enterprise Evaluation","Windows 10 Enterprise Evaluation",windows,windows,"10.0",information,"Process Create:
RuleName: -
UtcTime: 2022-10-22 17:44:24.192
ProcessGuid: {461f0bd2-2bf8-6354-6f00-000000001e00}
ProcessId: 4364
Image: C:\Program Files (x86)\Microsoft\Edge\Application\msedge.exe
FileVersion: 106.0.1370.52
Description: Microsoft Edge
Product: Microsoft Edge
Company: Microsoft Corporation
OriginalFileName: msedge.exe
CommandLine: ""C:\Program Files (x86)\Microsoft\Edge\Application\msedge.exe"" --no-startup-window --win-session-start /prefetch:5
CurrentDirectory: C:\Windows\system32\
User: VICTIM\Patricia Goh
LogonGuid: {461f0bd2-2bde-6354-1787-040000000000}
LogonId: 0x48717
TerminalSessionId: 1
IntegrityLevel: High
Hashes: MD5=989EA45A2622F79475C56299E9EDBC0C,SHA256=163801C311DAF2FAC7B2DEA0996AD03DDB16DBA13A0AC25D85878B0587F84D44,IMPHASH=82F187E22098B6CC42EB6250BA0FA1DA
ParentProcessGuid: {461f0bd2-2be4-6354-5d00-000000001e00}
ParentProcessId: 3332
ParentImage: C:\Windows\explorer.exe
ParentCommandLine: C:\Windows\Explorer.EXE
ParentUser: VICTIM\Patricia Goh","-","-","-","-","-","-","-","-","-","-","-","-","C:\Program Files (x86)\Microsoft\Edge\Application\msedge.exe, --no-startup-window, --win-session-start, /prefetch:5",4,"""C:\Program Files (x86)\Microsoft\Edge\Application\msedge.exe"" --no-startup-window --win-session-start /prefetch:5","""C:\Program Files (x86)\Microsoft\Edge\Application\msedge.exe"" --no-startup-window --win-session-start /prefetch:5","{461f0bd2-2bf8-6354-6f00-000000001e00}","C:\Program Files (x86)\Microsoft\Edge\Application\msedge.exe","C:\Program Files (x86)\Microsoft\Edge\Application\msedge.exe",989ea45a2622f79475c56299e9edbc0c,163801c311daf2fac7b2dea0996ad03ddb16dba13a0ac25d85878b0587f84d44,"msedge.exe","msedge.exe","C:\Windows\Explorer.EXE",1,"C:\Windows\Explorer.EXE","C:\Windows\Explorer.EXE","{461f0bd2-2be4-6354-5d00-000000001e00}","C:\Windows\explorer.exe","C:\Windows\explorer.exe","explorer.exe","explorer.exe",3332,"Microsoft Corporation","Microsoft Edge","106.0.1370.52",82f187e22098b6cc42eb6250ba0fa1da,"msedge.exe","Microsoft Edge",4364,"-","-","C:\Windows\system32\","C:\Windows\system32\","-","-","-","-","-","-","163801c311daf2fac7b2dea0996ad03ddb16dba13a0ac25d85878b0587f84d44, 989ea45a2622f79475c56299e9edbc0c, 82f187e22098b6cc42eb6250ba0fa1da","-","-","Patricia Goh","-","-",VICTIM,"-","S-1-5-18","Patricia Goh","Patricia Goh","-",wineventlog,"Microsoft-Windows-Sysmon/Operational",victim,"Microsoft Corporation","-","Microsoft Edge","-","106.0.1370.52",High,"{461f0bd2-2bde-6354-1787-040000000000}",0x48717,"-","VICTIM\Patricia Goh","-","Microsoft Edge","-","-","-","-","-","-","-","-",1,"-",1,"-","-",Info,"2,276","2,512","{5770385f-c22a-43e0-bf4c-06f5698ffbd9}","Microsoft-Windows-Sysmon",4798,"Process Create (rule: ProcessCreate)","NT AUTHORITY","S-1-5-18",SYSTEM,User,5
