"Oct 23, 2022 @ 01:50:32.702",U0XTAIQBHC0TB3lJ2ZqO,".ds-winlogbeat-8.2.3-2022.10.22-000001","-","25051d08-9df1-4629-b2c6-d1eeb5aa9cfd",victim,"b15c43c7-63a1-423e-901b-f1acc6401711",victim,winlogbeat,"8.2.3","-","-","-","-","-","-","-","1.12.0","File created (rule: FileCreate)",file,11,"Oct 23, 2022 @ 01:50:36.207","Oct 23, 2022 @ 01:53:14.637",event,sysmon,"-","Microsoft-Windows-Sysmon","-",creation,"C:\Users\Patricia Goh\AppData\Local\Temp",ps1,"__PSScriptPolicyTest_2q1eoaox.5vq.ps1","C:\Users\Patricia Goh\AppData\Local\Temp\__PSScriptPolicyTest_2q1eoaox.5vq.ps1","C:\Users\Patricia Goh\AppData\Local\Temp\__PSScriptPolicyTest_2q1eoaox.5vq.ps1","x86_64",victim,"461f0bd2-c182-413a-8a41-2a8e4accb4a9","fe80::4959:93ba:69a6:522d, 10.0.2.15, fe80::91a8:3d9e:36ba:f548, 172.19.96.10","08:00:27:7c:f3:ae, 08:00:27:22:f7:3c",victim,"19044.1889",windows,"10.0.19041.1889 (WinBuild.160101.0800)","Windows 10 Enterprise Evaluation","Windows 10 Enterprise Evaluation",windows,windows,"10.0",information,"File created:
RuleName: -
UtcTime: 2022-10-22 17:50:32.702
ProcessGuid: {461f0bd2-2d62-6354-6a00-000000001f00}
ProcessId: 5696
Image: C:\Windows\System32\WindowsPowerShell\v1.0\powershell.exe
TargetFilename: C:\Users\Patricia Goh\AppData\Local\Temp\__PSScriptPolicyTest_2q1eoaox.5vq.ps1
CreationUtcTime: 2022-10-22 17:50:32.701
User: VICTIM\Patricia Goh","-","-","-","-","-","-","-","-","-","-","-","-","-","-","-","-","{461f0bd2-2d62-6354-6a00-000000001f00}","C:\Windows\System32\WindowsPowerShell\v1.0\powershell.exe","C:\Windows\System32\WindowsPowerShell\v1.0\powershell.exe","-","-","powershell.exe","powershell.exe","-","-","-","-","-","-","-","-","-","-","-","-","-","-","-","-",5696,"-","-","-","-","-","-","-","-","-","-","-","-","-","Patricia Goh","-","-",VICTIM,"-","S-1-5-18","Patricia Goh","Patricia Goh","-",wineventlog,"Microsoft-Windows-Sysmon/Operational",victim,"-","2022-10-22 17:50:32.701","-","-","-","-","-","-","-","-","-","-","-","-","-","-","-","-","-","-","-","-",11,"-","-",Info,"2,240","2,984","{5770385f-c22a-43e0-bf4c-06f5698ffbd9}","Microsoft-Windows-Sysmon",5125,"File created (rule: FileCreate)","NT AUTHORITY","S-1-5-18",SYSTEM,User,2
"Oct 23, 2022 @ 01:50:30.314",GEXUAIQBHC0TB3lJb5wG,".ds-winlogbeat-8.2.3-2022.10.22-000001","-","25051d08-9df1-4629-b2c6-d1eeb5aa9cfd",victim,"b15c43c7-63a1-423e-901b-f1acc6401711",victim,winlogbeat,"8.2.3","185.199.110.133, 185.199.109.133, 185.199.108.133, 185.199.111.133","A, A, A, A","objects.githubusercontent.com","objects.githubusercontent.com","-","githubusercontent.com","185.199.110.133, 185.199.109.133, 185.199.108.133, 185.199.111.133","1.12.0","Dns query (rule: DnsQuery)",network,22,"Oct 23, 2022 @ 01:51:33.860","Oct 23, 2022 @ 01:53:52.900",event,sysmon,"-","Microsoft-Windows-Sysmon","-","connection, protocol, info","-","-","-","-","-","x86_64",victim,"461f0bd2-c182-413a-8a41-2a8e4accb4a9","fe80::4959:93ba:69a6:522d, 10.0.2.15, fe80::91a8:3d9e:36ba:f548, 172.19.96.10","08:00:27:7c:f3:ae, 08:00:27:22:f7:3c",victim,"19044.1889",windows,"10.0.19041.1889 (WinBuild.160101.0800)","Windows 10 Enterprise Evaluation","Windows 10 Enterprise Evaluation",windows,windows,"10.0",information,"Dns query:
RuleName: -
UtcTime: 2022-10-22 17:50:30.314
ProcessGuid: {461f0bd2-2cdc-6354-1300-000000001f00}
ProcessId: 432
QueryName: objects.githubusercontent.com
QueryStatus: 0
QueryResults: ::ffff:185.199.110.133;::ffff:185.199.109.133;::ffff:185.199.108.133;::ffff:185.199.111.133;
Image: C:\Windows\System32\svchost.exe
User: NT AUTHORITY\SYSTEM",dns,"-","-","-","-","-","-","-","-","-","-","-","-","-","-","-","{461f0bd2-2cdc-6354-1300-000000001f00}","C:\Windows\System32\svchost.exe","C:\Windows\System32\svchost.exe","-","-","svchost.exe","svchost.exe","-","-","-","-","-","-","-","-","-","-","-","-","-","-","-","-",432,"-","-","-","-","-","-","-","-","-","-","-","objects.githubusercontent.com","185.199.110.133, 185.199.109.133, 185.199.108.133, 185.199.111.133",SYSTEM,"-",SUCCESS,"NT AUTHORITY","-","S-1-5-18",SYSTEM,SYSTEM,"-",wineventlog,"Microsoft-Windows-Sysmon/Operational",victim,"-","-","-","-","-","-","-","-","-","-","-","-","-","-","-","-","-","-","-","-","-","-",22,"-","-",Info,"2,240","3,004","{5770385f-c22a-43e0-bf4c-06f5698ffbd9}","Microsoft-Windows-Sysmon",5150,"Dns query (rule: DnsQuery)","NT AUTHORITY","S-1-5-18",SYSTEM,User,5
"Oct 23, 2022 @ 01:50:29.973",FUXUAIQBHC0TB3lJapyU,".ds-winlogbeat-8.2.3-2022.10.22-000001","-","25051d08-9df1-4629-b2c6-d1eeb5aa9cfd",victim,"b15c43c7-63a1-423e-901b-f1acc6401711",victim,winlogbeat,"8.2.3","20.205.243.166",A,"github.com","github.com","-",com,"20.205.243.166","1.12.0","Dns query (rule: DnsQuery)",network,22,"Oct 23, 2022 @ 01:51:32.187","Oct 23, 2022 @ 01:53:51.764",event,sysmon,"-","Microsoft-Windows-Sysmon","-","connection, protocol, info","-","-","-","-","-","x86_64",victim,"461f0bd2-c182-413a-8a41-2a8e4accb4a9","fe80::4959:93ba:69a6:522d, 10.0.2.15, fe80::91a8:3d9e:36ba:f548, 172.19.96.10","08:00:27:7c:f3:ae, 08:00:27:22:f7:3c",victim,"19044.1889",windows,"10.0.19041.1889 (WinBuild.160101.0800)","Windows 10 Enterprise Evaluation","Windows 10 Enterprise Evaluation",windows,windows,"10.0",information,"Dns query:
RuleName: -
UtcTime: 2022-10-22 17:50:29.973
ProcessGuid: {461f0bd2-2cdc-6354-1300-000000001f00}
ProcessId: 432
QueryName: github.com
QueryStatus: 0
QueryResults: ::ffff:20.205.243.166;
Image: C:\Windows\system32\svchost.exe
User: NT AUTHORITY\SYSTEM",dns,"-","-","-","-","-","-","-","-","-","-","-","-","-","-","-","{461f0bd2-2cdc-6354-1300-000000001f00}","C:\Windows\system32\svchost.exe","C:\Windows\system32\svchost.exe","-","-","svchost.exe","svchost.exe","-","-","-","-","-","-","-","-","-","-","-","-","-","-","-","-",432,"-","-","-","-","-","-","-","-","-","-","-","github.com","20.205.243.166",SYSTEM,"-",SUCCESS,"NT AUTHORITY","-","S-1-5-18",SYSTEM,SYSTEM,"-",wineventlog,"Microsoft-Windows-Sysmon/Operational",victim,"-","-","-","-","-","-","-","-","-","-","-","-","-","-","-","-","-","-","-","-","-","-",22,"-","-",Info,"2,240","3,004","{5770385f-c22a-43e0-bf4c-06f5698ffbd9}","Microsoft-Windows-Sysmon",5147,"Dns query (rule: DnsQuery)","NT AUTHORITY","S-1-5-18",SYSTEM,User,5
"Oct 23, 2022 @ 01:50:27.316",UkXTAIQBHC0TB3lJ2ZqO,".ds-winlogbeat-8.2.3-2022.10.22-000001","-","25051d08-9df1-4629-b2c6-d1eeb5aa9cfd",victim,"b15c43c7-63a1-423e-901b-f1acc6401711",victim,winlogbeat,"8.2.3","-","-","-","-","-","-","-","1.12.0","File created (rule: FileCreate)",file,11,"Oct 23, 2022 @ 01:50:36.207","Oct 23, 2022 @ 01:53:14.637",event,sysmon,"-","Microsoft-Windows-Sysmon","-",creation,"C:\Users\Patricia Goh\AppData\Local\Temp",ps1,"__PSScriptPolicyTest_nuo2jgjv.ulg.ps1","C:\Users\Patricia Goh\AppData\Local\Temp\__PSScriptPolicyTest_nuo2jgjv.ulg.ps1","C:\Users\Patricia Goh\AppData\Local\Temp\__PSScriptPolicyTest_nuo2jgjv.ulg.ps1","x86_64",victim,"461f0bd2-c182-413a-8a41-2a8e4accb4a9","fe80::4959:93ba:69a6:522d, 10.0.2.15, fe80::91a8:3d9e:36ba:f548, 172.19.96.10","08:00:27:7c:f3:ae, 08:00:27:22:f7:3c",victim,"19044.1889",windows,"10.0.19041.1889 (WinBuild.160101.0800)","Windows 10 Enterprise Evaluation","Windows 10 Enterprise Evaluation",windows,windows,"10.0",information,"File created:
RuleName: -
UtcTime: 2022-10-22 17:50:27.316
ProcessGuid: {461f0bd2-2d62-6354-6a00-000000001f00}
ProcessId: 5696
Image: C:\Windows\System32\WindowsPowerShell\v1.0\powershell.exe
TargetFilename: C:\Users\Patricia Goh\AppData\Local\Temp\__PSScriptPolicyTest_nuo2jgjv.ulg.ps1
CreationUtcTime: 2022-10-22 17:50:27.316
User: VICTIM\Patricia Goh","-","-","-","-","-","-","-","-","-","-","-","-","-","-","-","-","{461f0bd2-2d62-6354-6a00-000000001f00}","C:\Windows\System32\WindowsPowerShell\v1.0\powershell.exe","C:\Windows\System32\WindowsPowerShell\v1.0\powershell.exe","-","-","powershell.exe","powershell.exe","-","-","-","-","-","-","-","-","-","-","-","-","-","-","-","-",5696,"-","-","-","-","-","-","-","-","-","-","-","-","-","Patricia Goh","-","-",VICTIM,"-","S-1-5-18","Patricia Goh","Patricia Goh","-",wineventlog,"Microsoft-Windows-Sysmon/Operational",victim,"-","2022-10-22 17:50:27.316","-","-","-","-","-","-","-","-","-","-","-","-","-","-","-","-","-","-","-","-",11,"-","-",Info,"2,240","2,984","{5770385f-c22a-43e0-bf4c-06f5698ffbd9}","Microsoft-Windows-Sysmon",5124,"File created (rule: FileCreate)","NT AUTHORITY","S-1-5-18",SYSTEM,User,2
"Oct 23, 2022 @ 01:50:26.666",UUXTAIQBHC0TB3lJ2ZqO,".ds-winlogbeat-8.2.3-2022.10.22-000001","-","25051d08-9df1-4629-b2c6-d1eeb5aa9cfd",victim,"b15c43c7-63a1-423e-901b-f1acc6401711",victim,winlogbeat,"8.2.3","-","-","-","-","-","-","-","1.12.0","Process Create (rule: ProcessCreate)",process,1,"Oct 23, 2022 @ 01:50:36.207","Oct 23, 2022 @ 01:53:14.637",event,sysmon,"-","Microsoft-Windows-Sysmon","-",start,"-","-","-","-","-","x86_64",victim,"461f0bd2-c182-413a-8a41-2a8e4accb4a9","fe80::4959:93ba:69a6:522d, 10.0.2.15, fe80::91a8:3d9e:36ba:f548, 172.19.96.10","08:00:27:7c:f3:ae, 08:00:27:22:f7:3c",victim,"19044.1889",windows,"10.0.19041.1889 (WinBuild.160101.0800)","Windows 10 Enterprise Evaluation","Windows 10 Enterprise Evaluation",windows,windows,"10.0",information,"Process Create:
RuleName: -
UtcTime: 2022-10-22 17:50:26.666
ProcessGuid: {461f0bd2-2d62-6354-6e00-000000001f00}
ProcessId: 4044
Image: C:\Program Files (x86)\Microsoft\Edge\Application\106.0.1370.52\identity_helper.exe
FileVersion: 106.0.1370.52
Description: PWA Identity Proxy Host
Product: Microsoft Edge
Company: Microsoft Corporation
OriginalFileName: identity_helper.exe
CommandLine: ""C:\Program Files (x86)\Microsoft\Edge\Application\106.0.1370.52\identity_helper.exe"" --type=utility --utility-sub-type=winrt_app_id.mojom.WinrtAppIdService --lang=en-US --service-sandbox-type=none --mojo-platform-channel-handle=4288 --field-trial-handle=2096,i,12931208589142636227,13865709978780780176,131072 /prefetch:8
CurrentDirectory: C:\Program Files (x86)\Microsoft\Edge\Application\106.0.1370.52\
User: VICTIM\Patricia Goh
LogonGuid: {461f0bd2-2d0d-6354-ef2b-030000000000}
LogonId: 0x32BEF
TerminalSessionId: 1
IntegrityLevel: High
Hashes: MD5=ECADD6642E49FEAC3F3B038F5A2C6432,SHA256=B32DAEF4F46AC58D95D1CC5D1201D6890991908D6889A85ECC7DBECDD18D3D96,IMPHASH=B9B1C3D57C07EFF51318AFD5131CBD82
ParentProcessGuid: {461f0bd2-2d33-6354-5300-000000001f00}
ParentProcessId: 1004
ParentImage: C:\Program Files (x86)\Microsoft\Edge\Application\msedge.exe
ParentCommandLine: ""C:\Program Files (x86)\Microsoft\Edge\Application\msedge.exe"" --no-startup-window --win-session-start /prefetch:5
ParentUser: VICTIM\Patricia Goh","-","-","-","-","-","-","-","-","-","-","-","-","C:\Program Files (x86)\Microsoft\Edge\Application\106.0.1370.52\identity_helper.exe, --type=utility, --utility-sub-type=winrt_app_id.mojom.WinrtAppIdService, --lang=en-US, --service-sandbox-type=none, --mojo-platform-channel-handle=4288, --field-trial-handle=2096,i,12931208589142636227,13865709978780780176,131072, /prefetch:8",8,"""C:\Program Files (x86)\Microsoft\Edge\Application\106.0.1370.52\identity_helper.exe"" --type=utility --utility-sub-type=winrt_app_id.mojom.WinrtAppIdService --lang=en-US --service-sandbox-type=none --mojo-platform-channel-handle=4288 --field-trial-handle=2096,i,12931208589142636227,13865709978780780176,131072 /prefetch:8","""C:\Program Files (x86)\Microsoft\Edge\Application\106.0.1370.52\identity_helper.exe"" --type=utility --utility-sub-type=winrt_app_id.mojom.WinrtAppIdService --lang=en-US --service-sandbox-type=none --mojo-platform-channel-handle=4288 --field-trial-handle=2096,i,12931208589142636227,13865709978780780176,131072 /prefetch:8","{461f0bd2-2d62-6354-6e00-000000001f00}","C:\Program Files (x86)\Microsoft\Edge\Application\106.0.1370.52\identity_helper.exe","C:\Program Files (x86)\Microsoft\Edge\Application\106.0.1370.52\identity_helper.exe",ecadd6642e49feac3f3b038f5a2c6432,b32daef4f46ac58d95d1cc5d1201d6890991908d6889a85ecc7dbecdd18d3d96,"identity_helper.exe","identity_helper.exe","C:\Program Files (x86)\Microsoft\Edge\Application\msedge.exe, --no-startup-window, --win-session-start, /prefetch:5",4,"""C:\Program Files (x86)\Microsoft\Edge\Application\msedge.exe"" --no-startup-window --win-session-start /prefetch:5","""C:\Program Files (x86)\Microsoft\Edge\Application\msedge.exe"" --no-startup-window --win-session-start /prefetch:5","{461f0bd2-2d33-6354-5300-000000001f00}","C:\Program Files (x86)\Microsoft\Edge\Application\msedge.exe","C:\Program Files (x86)\Microsoft\Edge\Application\msedge.exe","msedge.exe","msedge.exe",1004,"Microsoft Corporation","PWA Identity Proxy Host","106.0.1370.52",b9b1c3d57c07eff51318afd5131cbd82,"identity_helper.exe","Microsoft Edge",4044,"-","-","C:\Program Files (x86)\Microsoft\Edge\Application\106.0.1370.52\","C:\Program Files (x86)\Microsoft\Edge\Application\106.0.1370.52\","-","-","-","-","-","-","b32daef4f46ac58d95d1cc5d1201d6890991908d6889a85ecc7dbecdd18d3d96, ecadd6642e49feac3f3b038f5a2c6432, b9b1c3d57c07eff51318afd5131cbd82","-","-","Patricia Goh","-","-",VICTIM,"-","S-1-5-18","Patricia Goh","Patricia Goh","-",wineventlog,"Microsoft-Windows-Sysmon/Operational",victim,"Microsoft Corporation","-","PWA Identity Proxy Host","-","106.0.1370.52",High,"{461f0bd2-2d0d-6354-ef2b-030000000000}",0x32bef,"-","VICTIM\Patricia Goh","-","Microsoft Edge","-","-","-","-","-","-","-","-",1,"-",1,"-","-",Info,"2,240","2,984","{5770385f-c22a-43e0-bf4c-06f5698ffbd9}","Microsoft-Windows-Sysmon",5123,"Process Create (rule: ProcessCreate)","NT AUTHORITY","S-1-5-18",SYSTEM,User,5
"Oct 23, 2022 @ 01:50:26.554",UEXTAIQBHC0TB3lJ2ZqO,".ds-winlogbeat-8.2.3-2022.10.22-000001","-","25051d08-9df1-4629-b2c6-d1eeb5aa9cfd",victim,"b15c43c7-63a1-423e-901b-f1acc6401711",victim,winlogbeat,"8.2.3","-","-","-","-","-","-","-","1.12.0","Process Create (rule: ProcessCreate)",process,1,"Oct 23, 2022 @ 01:50:36.207","Oct 23, 2022 @ 01:53:14.636",event,sysmon,"-","Microsoft-Windows-Sysmon","-",start,"-","-","-","-","-","x86_64",victim,"461f0bd2-c182-413a-8a41-2a8e4accb4a9","fe80::4959:93ba:69a6:522d, 10.0.2.15, fe80::91a8:3d9e:36ba:f548, 172.19.96.10","08:00:27:7c:f3:ae, 08:00:27:22:f7:3c",victim,"19044.1889",windows,"10.0.19041.1889 (WinBuild.160101.0800)","Windows 10 Enterprise Evaluation","Windows 10 Enterprise Evaluation",windows,windows,"10.0",information,"Process Create:
RuleName: -
UtcTime: 2022-10-22 17:50:26.554
ProcessGuid: {461f0bd2-2d62-6354-6d00-000000001f00}
ProcessId: 4088
Image: C:\Program Files (x86)\Microsoft\Edge\Application\106.0.1370.52\identity_helper.exe
FileVersion: 106.0.1370.52
Description: PWA Identity Proxy Host
Product: Microsoft Edge
Company: Microsoft Corporation
OriginalFileName: identity_helper.exe
CommandLine: ""C:\Program Files (x86)\Microsoft\Edge\Application\106.0.1370.52\identity_helper.exe"" --type=utility --utility-sub-type=winrt_app_id.mojom.WinrtAppIdService --lang=en-US --service-sandbox-type=none --mojo-platform-channel-handle=4288 --field-trial-handle=2096,i,12931208589142636227,13865709978780780176,131072 /prefetch:8
CurrentDirectory: C:\Program Files (x86)\Microsoft\Edge\Application\106.0.1370.52\
User: VICTIM\Patricia Goh
LogonGuid: {461f0bd2-2d0d-6354-ef2b-030000000000}
LogonId: 0x32BEF
TerminalSessionId: 1
IntegrityLevel: High
Hashes: MD5=ECADD6642E49FEAC3F3B038F5A2C6432,SHA256=B32DAEF4F46AC58D95D1CC5D1201D6890991908D6889A85ECC7DBECDD18D3D96,IMPHASH=B9B1C3D57C07EFF51318AFD5131CBD82
ParentProcessGuid: {461f0bd2-2d33-6354-5300-000000001f00}
ParentProcessId: 1004
ParentImage: C:\Program Files (x86)\Microsoft\Edge\Application\msedge.exe
ParentCommandLine: ""C:\Program Files (x86)\Microsoft\Edge\Application\msedge.exe"" --no-startup-window --win-session-start /prefetch:5
ParentUser: VICTIM\Patricia Goh","-","-","-","-","-","-","-","-","-","-","-","-","C:\Program Files (x86)\Microsoft\Edge\Application\106.0.1370.52\identity_helper.exe, --type=utility, --utility-sub-type=winrt_app_id.mojom.WinrtAppIdService, --lang=en-US, --service-sandbox-type=none, --mojo-platform-channel-handle=4288, --field-trial-handle=2096,i,12931208589142636227,13865709978780780176,131072, /prefetch:8",8,"""C:\Program Files (x86)\Microsoft\Edge\Application\106.0.1370.52\identity_helper.exe"" --type=utility --utility-sub-type=winrt_app_id.mojom.WinrtAppIdService --lang=en-US --service-sandbox-type=none --mojo-platform-channel-handle=4288 --field-trial-handle=2096,i,12931208589142636227,13865709978780780176,131072 /prefetch:8","""C:\Program Files (x86)\Microsoft\Edge\Application\106.0.1370.52\identity_helper.exe"" --type=utility --utility-sub-type=winrt_app_id.mojom.WinrtAppIdService --lang=en-US --service-sandbox-type=none --mojo-platform-channel-handle=4288 --field-trial-handle=2096,i,12931208589142636227,13865709978780780176,131072 /prefetch:8","{461f0bd2-2d62-6354-6d00-000000001f00}","C:\Program Files (x86)\Microsoft\Edge\Application\106.0.1370.52\identity_helper.exe","C:\Program Files (x86)\Microsoft\Edge\Application\106.0.1370.52\identity_helper.exe",ecadd6642e49feac3f3b038f5a2c6432,b32daef4f46ac58d95d1cc5d1201d6890991908d6889a85ecc7dbecdd18d3d96,"identity_helper.exe","identity_helper.exe","C:\Program Files (x86)\Microsoft\Edge\Application\msedge.exe, --no-startup-window, --win-session-start, /prefetch:5",4,"""C:\Program Files (x86)\Microsoft\Edge\Application\msedge.exe"" --no-startup-window --win-session-start /prefetch:5","""C:\Program Files (x86)\Microsoft\Edge\Application\msedge.exe"" --no-startup-window --win-session-start /prefetch:5","{461f0bd2-2d33-6354-5300-000000001f00}","C:\Program Files (x86)\Microsoft\Edge\Application\msedge.exe","C:\Program Files (x86)\Microsoft\Edge\Application\msedge.exe","msedge.exe","msedge.exe",1004,"Microsoft Corporation","PWA Identity Proxy Host","106.0.1370.52",b9b1c3d57c07eff51318afd5131cbd82,"identity_helper.exe","Microsoft Edge",4088,"-","-","C:\Program Files (x86)\Microsoft\Edge\Application\106.0.1370.52\","C:\Program Files (x86)\Microsoft\Edge\Application\106.0.1370.52\","-","-","-","-","-","-","b32daef4f46ac58d95d1cc5d1201d6890991908d6889a85ecc7dbecdd18d3d96, ecadd6642e49feac3f3b038f5a2c6432, b9b1c3d57c07eff51318afd5131cbd82","-","-","Patricia Goh","-","-",VICTIM,"-","S-1-5-18","Patricia Goh","Patricia Goh","-",wineventlog,"Microsoft-Windows-Sysmon/Operational",victim,"Microsoft Corporation","-","PWA Identity Proxy Host","-","106.0.1370.52",High,"{461f0bd2-2d0d-6354-ef2b-030000000000}",0x32bef,"-","VICTIM\Patricia Goh","-","Microsoft Edge","-","-","-","-","-","-","-","-",1,"-",1,"-","-",Info,"2,240","2,984","{5770385f-c22a-43e0-bf4c-06f5698ffbd9}","Microsoft-Windows-Sysmon",5122,"Process Create (rule: ProcessCreate)","NT AUTHORITY","S-1-5-18",SYSTEM,User,5
"Oct 23, 2022 @ 01:50:26.547",T0XTAIQBHC0TB3lJ2ZqO,".ds-winlogbeat-8.2.3-2022.10.22-000001","-","25051d08-9df1-4629-b2c6-d1eeb5aa9cfd",victim,"b15c43c7-63a1-423e-901b-f1acc6401711",victim,winlogbeat,"8.2.3","-","-","-","-","-","-","-","1.12.0","Process Create (rule: ProcessCreate)",process,1,"Oct 23, 2022 @ 01:50:36.207","Oct 23, 2022 @ 01:53:14.636",event,sysmon,"-","Microsoft-Windows-Sysmon","-",start,"-","-","-","-","-","x86_64",victim,"461f0bd2-c182-413a-8a41-2a8e4accb4a9","fe80::4959:93ba:69a6:522d, 10.0.2.15, fe80::91a8:3d9e:36ba:f548, 172.19.96.10","08:00:27:7c:f3:ae, 08:00:27:22:f7:3c",victim,"19044.1889",windows,"10.0.19041.1889 (WinBuild.160101.0800)","Windows 10 Enterprise Evaluation","Windows 10 Enterprise Evaluation",windows,windows,"10.0",information,"Process Create:
RuleName: -
UtcTime: 2022-10-22 17:50:26.547
ProcessGuid: {461f0bd2-2d62-6354-6c00-000000001f00}
ProcessId: 5692
Image: C:\Program Files (x86)\Microsoft\Edge\Application\msedge.exe
FileVersion: 106.0.1370.52
Description: Microsoft Edge
Product: Microsoft Edge
Company: Microsoft Corporation
OriginalFileName: msedge.exe
CommandLine: ""C:\Program Files (x86)\Microsoft\Edge\Application\msedge.exe"" --type=utility --utility-sub-type=data_decoder.mojom.DataDecoderService --lang=en-US --service-sandbox-type=service --mojo-platform-channel-handle=4264 --field-trial-handle=2096,i,12931208589142636227,13865709978780780176,131072 /prefetch:8
CurrentDirectory: C:\Program Files (x86)\Microsoft\Edge\Application\106.0.1370.52\
User: VICTIM\Patricia Goh
LogonGuid: {461f0bd2-2d0d-6354-ef2b-030000000000}
LogonId: 0x32BEF
TerminalSessionId: 1
IntegrityLevel: Low
Hashes: MD5=989EA45A2622F79475C56299E9EDBC0C,SHA256=163801C311DAF2FAC7B2DEA0996AD03DDB16DBA13A0AC25D85878B0587F84D44,IMPHASH=82F187E22098B6CC42EB6250BA0FA1DA
ParentProcessGuid: {461f0bd2-2d33-6354-5300-000000001f00}
ParentProcessId: 1004
ParentImage: C:\Program Files (x86)\Microsoft\Edge\Application\msedge.exe
ParentCommandLine: ""C:\Program Files (x86)\Microsoft\Edge\Application\msedge.exe"" --no-startup-window --win-session-start /prefetch:5
ParentUser: VICTIM\Patricia Goh","-","-","-","-","-","-","-","-","-","-","-","-","C:\Program Files (x86)\Microsoft\Edge\Application\msedge.exe, --type=utility, --utility-sub-type=data_decoder.mojom.DataDecoderService, --lang=en-US, --service-sandbox-type=service, --mojo-platform-channel-handle=4264, --field-trial-handle=2096,i,12931208589142636227,13865709978780780176,131072, /prefetch:8",8,"""C:\Program Files (x86)\Microsoft\Edge\Application\msedge.exe"" --type=utility --utility-sub-type=data_decoder.mojom.DataDecoderService --lang=en-US --service-sandbox-type=service --mojo-platform-channel-handle=4264 --field-trial-handle=2096,i,12931208589142636227,13865709978780780176,131072 /prefetch:8","""C:\Program Files (x86)\Microsoft\Edge\Application\msedge.exe"" --type=utility --utility-sub-type=data_decoder.mojom.DataDecoderService --lang=en-US --service-sandbox-type=service --mojo-platform-channel-handle=4264 --field-trial-handle=2096,i,12931208589142636227,13865709978780780176,131072 /prefetch:8","{461f0bd2-2d62-6354-6c00-000000001f00}","C:\Program Files (x86)\Microsoft\Edge\Application\msedge.exe","C:\Program Files (x86)\Microsoft\Edge\Application\msedge.exe",989ea45a2622f79475c56299e9edbc0c,163801c311daf2fac7b2dea0996ad03ddb16dba13a0ac25d85878b0587f84d44,"msedge.exe","msedge.exe","C:\Program Files (x86)\Microsoft\Edge\Application\msedge.exe, --no-startup-window, --win-session-start, /prefetch:5",4,"""C:\Program Files (x86)\Microsoft\Edge\Application\msedge.exe"" --no-startup-window --win-session-start /prefetch:5","""C:\Program Files (x86)\Microsoft\Edge\Application\msedge.exe"" --no-startup-window --win-session-start /prefetch:5","{461f0bd2-2d33-6354-5300-000000001f00}","C:\Program Files (x86)\Microsoft\Edge\Application\msedge.exe","C:\Program Files (x86)\Microsoft\Edge\Application\msedge.exe","msedge.exe","msedge.exe",1004,"Microsoft Corporation","Microsoft Edge","106.0.1370.52",82f187e22098b6cc42eb6250ba0fa1da,"msedge.exe","Microsoft Edge",5692,"-","-","C:\Program Files (x86)\Microsoft\Edge\Application\106.0.1370.52\","C:\Program Files (x86)\Microsoft\Edge\Application\106.0.1370.52\","-","-","-","-","-","-","163801c311daf2fac7b2dea0996ad03ddb16dba13a0ac25d85878b0587f84d44, 989ea45a2622f79475c56299e9edbc0c, 82f187e22098b6cc42eb6250ba0fa1da","-","-","Patricia Goh","-","-",VICTIM,"-","S-1-5-18","Patricia Goh","Patricia Goh","-",wineventlog,"Microsoft-Windows-Sysmon/Operational",victim,"Microsoft Corporation","-","Microsoft Edge","-","106.0.1370.52",Low,"{461f0bd2-2d0d-6354-ef2b-030000000000}",0x32bef,"-","VICTIM\Patricia Goh","-","Microsoft Edge","-","-","-","-","-","-","-","-",1,"-",1,"-","-",Info,"2,240","2,984","{5770385f-c22a-43e0-bf4c-06f5698ffbd9}","Microsoft-Windows-Sysmon",5121,"Process Create (rule: ProcessCreate)","NT AUTHORITY","S-1-5-18",SYSTEM,User,5
"Oct 23, 2022 @ 01:50:26.532",TkXTAIQBHC0TB3lJ2ZqO,".ds-winlogbeat-8.2.3-2022.10.22-000001","-","25051d08-9df1-4629-b2c6-d1eeb5aa9cfd",victim,"b15c43c7-63a1-423e-901b-f1acc6401711",victim,winlogbeat,"8.2.3","-","-","-","-","-","-","-","1.12.0","Process Create (rule: ProcessCreate)",process,1,"Oct 23, 2022 @ 01:50:36.207","Oct 23, 2022 @ 01:53:14.636",event,sysmon,"-","Microsoft-Windows-Sysmon","-",start,"-","-","-","-","-","x86_64",victim,"461f0bd2-c182-413a-8a41-2a8e4accb4a9","fe80::4959:93ba:69a6:522d, 10.0.2.15, fe80::91a8:3d9e:36ba:f548, 172.19.96.10","08:00:27:7c:f3:ae, 08:00:27:22:f7:3c",victim,"19044.1889",windows,"10.0.19041.1889 (WinBuild.160101.0800)","Windows 10 Enterprise Evaluation","Windows 10 Enterprise Evaluation",windows,windows,"10.0",information,"Process Create:
RuleName: -
UtcTime: 2022-10-22 17:50:26.532
ProcessGuid: {461f0bd2-2d62-6354-6b00-000000001f00}
ProcessId: 3852
Image: C:\Program Files (x86)\Microsoft\Edge\Application\msedge.exe
FileVersion: 106.0.1370.52
Description: Microsoft Edge
Product: Microsoft Edge
Company: Microsoft Corporation
OriginalFileName: msedge.exe
CommandLine: ""C:\Program Files (x86)\Microsoft\Edge\Application\msedge.exe"" --type=utility --utility-sub-type=data_decoder.mojom.DataDecoderService --lang=en-US --service-sandbox-type=service --mojo-platform-channel-handle=4252 --field-trial-handle=2096,i,12931208589142636227,13865709978780780176,131072 /prefetch:8
CurrentDirectory: C:\Program Files (x86)\Microsoft\Edge\Application\106.0.1370.52\
User: VICTIM\Patricia Goh
LogonGuid: {461f0bd2-2d0d-6354-ef2b-030000000000}
LogonId: 0x32BEF
TerminalSessionId: 1
IntegrityLevel: Low
Hashes: MD5=989EA45A2622F79475C56299E9EDBC0C,SHA256=163801C311DAF2FAC7B2DEA0996AD03DDB16DBA13A0AC25D85878B0587F84D44,IMPHASH=82F187E22098B6CC42EB6250BA0FA1DA
ParentProcessGuid: {461f0bd2-2d33-6354-5300-000000001f00}
ParentProcessId: 1004
ParentImage: C:\Program Files (x86)\Microsoft\Edge\Application\msedge.exe
ParentCommandLine: ""C:\Program Files (x86)\Microsoft\Edge\Application\msedge.exe"" --no-startup-window --win-session-start /prefetch:5
ParentUser: VICTIM\Patricia Goh","-","-","-","-","-","-","-","-","-","-","-","-","C:\Program Files (x86)\Microsoft\Edge\Application\msedge.exe, --type=utility, --utility-sub-type=data_decoder.mojom.DataDecoderService, --lang=en-US, --service-sandbox-type=service, --mojo-platform-channel-handle=4252, --field-trial-handle=2096,i,12931208589142636227,13865709978780780176,131072, /prefetch:8",8,"""C:\Program Files (x86)\Microsoft\Edge\Application\msedge.exe"" --type=utility --utility-sub-type=data_decoder.mojom.DataDecoderService --lang=en-US --service-sandbox-type=service --mojo-platform-channel-handle=4252 --field-trial-handle=2096,i,12931208589142636227,13865709978780780176,131072 /prefetch:8","""C:\Program Files (x86)\Microsoft\Edge\Application\msedge.exe"" --type=utility --utility-sub-type=data_decoder.mojom.DataDecoderService --lang=en-US --service-sandbox-type=service --mojo-platform-channel-handle=4252 --field-trial-handle=2096,i,12931208589142636227,13865709978780780176,131072 /prefetch:8","{461f0bd2-2d62-6354-6b00-000000001f00}","C:\Program Files (x86)\Microsoft\Edge\Application\msedge.exe","C:\Program Files (x86)\Microsoft\Edge\Application\msedge.exe",989ea45a2622f79475c56299e9edbc0c,163801c311daf2fac7b2dea0996ad03ddb16dba13a0ac25d85878b0587f84d44,"msedge.exe","msedge.exe","C:\Program Files (x86)\Microsoft\Edge\Application\msedge.exe, --no-startup-window, --win-session-start, /prefetch:5",4,"""C:\Program Files (x86)\Microsoft\Edge\Application\msedge.exe"" --no-startup-window --win-session-start /prefetch:5","""C:\Program Files (x86)\Microsoft\Edge\Application\msedge.exe"" --no-startup-window --win-session-start /prefetch:5","{461f0bd2-2d33-6354-5300-000000001f00}","C:\Program Files (x86)\Microsoft\Edge\Application\msedge.exe","C:\Program Files (x86)\Microsoft\Edge\Application\msedge.exe","msedge.exe","msedge.exe",1004,"Microsoft Corporation","Microsoft Edge","106.0.1370.52",82f187e22098b6cc42eb6250ba0fa1da,"msedge.exe","Microsoft Edge",3852,"-","-","C:\Program Files (x86)\Microsoft\Edge\Application\106.0.1370.52\","C:\Program Files (x86)\Microsoft\Edge\Application\106.0.1370.52\","-","-","-","-","-","-","163801c311daf2fac7b2dea0996ad03ddb16dba13a0ac25d85878b0587f84d44, 989ea45a2622f79475c56299e9edbc0c, 82f187e22098b6cc42eb6250ba0fa1da","-","-","Patricia Goh","-","-",VICTIM,"-","S-1-5-18","Patricia Goh","Patricia Goh","-",wineventlog,"Microsoft-Windows-Sysmon/Operational",victim,"Microsoft Corporation","-","Microsoft Edge","-","106.0.1370.52",Low,"{461f0bd2-2d0d-6354-ef2b-030000000000}",0x32bef,"-","VICTIM\Patricia Goh","-","Microsoft Edge","-","-","-","-","-","-","-","-",1,"-",1,"-","-",Info,"2,240","2,984","{5770385f-c22a-43e0-bf4c-06f5698ffbd9}","Microsoft-Windows-Sysmon",5120,"Process Create (rule: ProcessCreate)","NT AUTHORITY","S-1-5-18",SYSTEM,User,5
"Oct 23, 2022 @ 01:50:26.232",TUXTAIQBHC0TB3lJ2ZqO,".ds-winlogbeat-8.2.3-2022.10.22-000001","-","25051d08-9df1-4629-b2c6-d1eeb5aa9cfd",victim,"b15c43c7-63a1-423e-901b-f1acc6401711",victim,winlogbeat,"8.2.3","-","-","-","-","-","-","-","1.12.0","Process Create (rule: ProcessCreate)",process,1,"Oct 23, 2022 @ 01:50:36.207","Oct 23, 2022 @ 01:53:14.635",event,sysmon,"-","Microsoft-Windows-Sysmon","-",start,"-","-","-","-","-","x86_64",victim,"461f0bd2-c182-413a-8a41-2a8e4accb4a9","fe80::4959:93ba:69a6:522d, 10.0.2.15, fe80::91a8:3d9e:36ba:f548, 172.19.96.10","08:00:27:7c:f3:ae, 08:00:27:22:f7:3c",victim,"19044.1889",windows,"10.0.19041.1889 (WinBuild.160101.0800)","Windows 10 Enterprise Evaluation","Windows 10 Enterprise Evaluation",windows,windows,"10.0",information,"Process Create:
RuleName: -
UtcTime: 2022-10-22 17:50:26.232
ProcessGuid: {461f0bd2-2d62-6354-6a00-000000001f00}
ProcessId: 5696
Image: C:\Windows\System32\WindowsPowerShell\v1.0\powershell.exe
FileVersion: 10.0.19041.546 (WinBuild.160101.0800)
Description: Windows PowerShell
Product: Microsoft® Windows® Operating System
Company: Microsoft Corporation
OriginalFileName: PowerShell.EXE
CommandLine: powershell.exe  -command ""Set-MpPreference -SevereThreatDefaultAction 6 -Force""
CurrentDirectory: C:\Users\PATRIC~1\AppData\Local\Temp\IXP000.TMP\
User: VICTIM\Patricia Goh
LogonGuid: {461f0bd2-2d0d-6354-ef2b-030000000000}
LogonId: 0x32BEF
TerminalSessionId: 1
IntegrityLevel: High
Hashes: MD5=04029E121A0CFA5991749937DD22A1D9,SHA256=9F914D42706FE215501044ACD85A32D58AAEF1419D404FDDFA5D3B48F66CCD9F,IMPHASH=7C955A0ABC747F57CCC4324480737EF7
ParentProcessGuid: {461f0bd2-2d35-6354-5700-000000001f00}
ParentProcessId: 256
ParentImage: C:\Windows\System32\cmd.exe
ParentCommandLine: cmd /c Percino.bat
ParentUser: VICTIM\Patricia Goh","-","-","-","-","-","-","-","-","-","-","-","-","powershell.exe, -command, Set-MpPreference -SevereThreatDefaultAction 6 -Force",3,"powershell.exe  -command ""Set-MpPreference -SevereThreatDefaultAction 6 -Force""","powershell.exe  -command ""Set-MpPreference -SevereThreatDefaultAction 6 -Force""","{461f0bd2-2d62-6354-6a00-000000001f00}","C:\Windows\System32\WindowsPowerShell\v1.0\powershell.exe","C:\Windows\System32\WindowsPowerShell\v1.0\powershell.exe",04029e121a0cfa5991749937dd22a1d9,9f914d42706fe215501044acd85a32d58aaef1419d404fddfa5d3b48f66ccd9f,"powershell.exe","powershell.exe","cmd, /c, Percino.bat",3,"cmd /c Percino.bat","cmd /c Percino.bat","{461f0bd2-2d35-6354-5700-000000001f00}","C:\Windows\System32\cmd.exe","C:\Windows\System32\cmd.exe","cmd.exe","cmd.exe",256,"Microsoft Corporation","Windows PowerShell","10.0.19041.546 (WinBuild.160101.0800)",7c955a0abc747f57ccc4324480737ef7,"PowerShell.EXE","Microsoft® Windows® Operating System",5696,"-","-","C:\Users\PATRIC~1\AppData\Local\Temp\IXP000.TMP\","C:\Users\PATRIC~1\AppData\Local\Temp\IXP000.TMP\","-","-","-","-","-","-","9f914d42706fe215501044acd85a32d58aaef1419d404fddfa5d3b48f66ccd9f, 04029e121a0cfa5991749937dd22a1d9, 7c955a0abc747f57ccc4324480737ef7","-","-","Patricia Goh","-","-",VICTIM,"-","S-1-5-18","Patricia Goh","Patricia Goh","-",wineventlog,"Microsoft-Windows-Sysmon/Operational",victim,"Microsoft Corporation","-","Windows PowerShell","-","10.0.19041.546 (WinBuild.160101.0800)",High,"{461f0bd2-2d0d-6354-ef2b-030000000000}",0x32bef,"-","VICTIM\Patricia Goh","-","Microsoft® Windows® Operating System","-","-","-","-","-","-","-","-",1,"-",1,"-","-",Info,"2,240","2,984","{5770385f-c22a-43e0-bf4c-06f5698ffbd9}","Microsoft-Windows-Sysmon",5119,"Process Create (rule: ProcessCreate)","NT AUTHORITY","S-1-5-18",SYSTEM,User,5
"Oct 23, 2022 @ 01:50:23.016",TEXTAIQBHC0TB3lJ2ZqO,".ds-winlogbeat-8.2.3-2022.10.22-000001","-","25051d08-9df1-4629-b2c6-d1eeb5aa9cfd",victim,"b15c43c7-63a1-423e-901b-f1acc6401711",victim,winlogbeat,"8.2.3","-","-","-","-","-","-","-","1.12.0","Process Create (rule: ProcessCreate)",process,1,"Oct 23, 2022 @ 01:50:36.207","Oct 23, 2022 @ 01:53:14.635",event,sysmon,"-","Microsoft-Windows-Sysmon","-",start,"-","-","-","-","-","x86_64",victim,"461f0bd2-c182-413a-8a41-2a8e4accb4a9","fe80::4959:93ba:69a6:522d, 10.0.2.15, fe80::91a8:3d9e:36ba:f548, 172.19.96.10","08:00:27:7c:f3:ae, 08:00:27:22:f7:3c",victim,"19044.1889",windows,"10.0.19041.1889 (WinBuild.160101.0800)","Windows 10 Enterprise Evaluation","Windows 10 Enterprise Evaluation",windows,windows,"10.0",information,"Process Create:
RuleName: -
UtcTime: 2022-10-22 17:50:23.016
ProcessGuid: {461f0bd2-2d5f-6354-6900-000000001f00}
ProcessId: 3080
Image: C:\Windows\System32\taskhostw.exe
FileVersion: 10.0.19041.1865 (WinBuild.160101.0800)
Description: Host Process for Windows Tasks
Product: Microsoft® Windows® Operating System
Company: Microsoft Corporation
OriginalFileName: taskhostw.exe
CommandLine: taskhostw.exe $(Arg0)
CurrentDirectory: C:\Windows\system32\
User: VICTIM\Patricia Goh
LogonGuid: {461f0bd2-2d0d-6354-ef2b-030000000000}
LogonId: 0x32BEF
TerminalSessionId: 1
IntegrityLevel: High
Hashes: MD5=A00BF82660835224CD6606A248321C5D,SHA256=E63709209D09BC0247E785F075DDB28A98C348206109E2B8BA321AD958402728,IMPHASH=3A0C6863CDE566AF997DB2DEFFF9D924
ParentProcessGuid: {00000000-0000-0000-0000-000000000000}
ParentProcessId: 432
ParentImage: -
ParentCommandLine: -
ParentUser: -","-","-","-","-","-","-","-","-","-","-","-","-","taskhostw.exe, $(Arg0)",2,"taskhostw.exe $(Arg0)","taskhostw.exe $(Arg0)","{461f0bd2-2d5f-6354-6900-000000001f00}","C:\Windows\System32\taskhostw.exe","C:\Windows\System32\taskhostw.exe",a00bf82660835224cd6606a248321c5d,e63709209d09bc0247e785f075ddb28a98c348206109e2b8ba321ad958402728,"taskhostw.exe","taskhostw.exe","-",1,"-","-","{00000000-0000-0000-0000-000000000000}","-","-","-","-",432,"Microsoft Corporation","Host Process for Windows Tasks","10.0.19041.1865 (WinBuild.160101.0800)",3a0c6863cde566af997db2defff9d924,"taskhostw.exe","Microsoft® Windows® Operating System",3080,"-","-","C:\Windows\system32\","C:\Windows\system32\","-","-","-","-","-","-","e63709209d09bc0247e785f075ddb28a98c348206109e2b8ba321ad958402728, a00bf82660835224cd6606a248321c5d, 3a0c6863cde566af997db2defff9d924","-","-","Patricia Goh","-","-",VICTIM,"-","S-1-5-18","Patricia Goh","Patricia Goh","-",wineventlog,"Microsoft-Windows-Sysmon/Operational",victim,"Microsoft Corporation","-","Host Process for Windows Tasks","-","10.0.19041.1865 (WinBuild.160101.0800)",High,"{461f0bd2-2d0d-6354-ef2b-030000000000}",0x32bef,"-","-","-","Microsoft® Windows® Operating System","-","-","-","-","-","-","-","-",1,"-",1,"-","-",Info,"2,240","2,984","{5770385f-c22a-43e0-bf4c-06f5698ffbd9}","Microsoft-Windows-Sysmon",5118,"Process Create (rule: ProcessCreate)","NT AUTHORITY","S-1-5-18",SYSTEM,User,5
"Oct 23, 2022 @ 01:50:21.453",2UXUAIQBHC0TB3lJQ5sO,".ds-winlogbeat-8.2.3-2022.10.22-000001","-","25051d08-9df1-4629-b2c6-d1eeb5aa9cfd",victim,"b15c43c7-63a1-423e-901b-f1acc6401711",victim,winlogbeat,"8.2.3","-","-",wpad,"-","-","-","-","1.12.0","Dns query (rule: DnsQuery)",network,22,"Oct 23, 2022 @ 01:51:18.117","Oct 23, 2022 @ 01:53:41.644",event,sysmon,"-","Microsoft-Windows-Sysmon","-","connection, protocol, info","-","-","-","-","-","x86_64",victim,"461f0bd2-c182-413a-8a41-2a8e4accb4a9","fe80::4959:93ba:69a6:522d, 10.0.2.15, fe80::91a8:3d9e:36ba:f548, 172.19.96.10","08:00:27:7c:f3:ae, 08:00:27:22:f7:3c",victim,"19044.1889",windows,"10.0.19041.1889 (WinBuild.160101.0800)","Windows 10 Enterprise Evaluation","Windows 10 Enterprise Evaluation",windows,windows,"10.0",information,"Dns query:
RuleName: -
UtcTime: 2022-10-22 17:50:21.453
ProcessGuid: {461f0bd2-2d38-6354-5c00-000000001f00}
ProcessId: 5156
QueryName: wpad
QueryStatus: 9003
QueryResults: -
Image: C:\Program Files (x86)\Microsoft\Edge\Application\msedge.exe
User: VICTIM\Patricia Goh",dns,"-","-","-","-","-","-","-","-","-","-","-","-","-","-","-","{461f0bd2-2d38-6354-5c00-000000001f00}","C:\Program Files (x86)\Microsoft\Edge\Application\msedge.exe","C:\Program Files (x86)\Microsoft\Edge\Application\msedge.exe","-","-","msedge.exe","msedge.exe","-","-","-","-","-","-","-","-","-","-","-","-","-","-","-","-",5156,"-","-","-","-","-","-","-","-","-","-","-",wpad,"-","Patricia Goh","-","DNS_ERROR_RCODE_NAME_ERROR",VICTIM,"-","S-1-5-18","Patricia Goh","Patricia Goh","-",wineventlog,"Microsoft-Windows-Sysmon/Operational",victim,"-","-","-","-","-","-","-","-","-","-","-","-","-","-","-","-","-","-","-","-","-","-",22,"-","-",Info,"2,240","3,004","{5770385f-c22a-43e0-bf4c-06f5698ffbd9}","Microsoft-Windows-Sysmon",5138,"Dns query (rule: DnsQuery)","NT AUTHORITY","S-1-5-18",SYSTEM,User,5
"Oct 23, 2022 @ 01:50:20.598",S0XTAIQBHC0TB3lJ2ZqO,".ds-winlogbeat-8.2.3-2022.10.22-000001","-","25051d08-9df1-4629-b2c6-d1eeb5aa9cfd",victim,"b15c43c7-63a1-423e-901b-f1acc6401711",victim,winlogbeat,"8.2.3","-","-","-","-","-","-","-","1.12.0","Process Create (rule: ProcessCreate)",process,1,"Oct 23, 2022 @ 01:50:36.207","Oct 23, 2022 @ 01:53:14.635",event,sysmon,"-","Microsoft-Windows-Sysmon","-",start,"-","-","-","-","-","x86_64",victim,"461f0bd2-c182-413a-8a41-2a8e4accb4a9","fe80::4959:93ba:69a6:522d, 10.0.2.15, fe80::91a8:3d9e:36ba:f548, 172.19.96.10","08:00:27:7c:f3:ae, 08:00:27:22:f7:3c",victim,"19044.1889",windows,"10.0.19041.1889 (WinBuild.160101.0800)","Windows 10 Enterprise Evaluation","Windows 10 Enterprise Evaluation",windows,windows,"10.0",information,"Process Create:
RuleName: -
UtcTime: 2022-10-22 17:50:20.598
ProcessGuid: {461f0bd2-2d5c-6354-6800-000000001f00}
ProcessId: 1620
Image: C:\Windows\System32\rundll32.exe
FileVersion: 10.0.19041.746 (WinBuild.160101.0800)
Description: Windows host process (Rundll32)
Product: Microsoft® Windows® Operating System
Company: Microsoft Corporation
OriginalFileName: RUNDLL32.EXE
CommandLine: C:\Windows\System32\rundll32.exe C:\Windows\System32\shell32.dll,SHCreateLocalServerRunDll {9aa46009-3ce0-458a-a354-715610a075e6} -Embedding
CurrentDirectory: C:\Windows\system32\
User: VICTIM\Patricia Goh
LogonGuid: {461f0bd2-2d0d-6354-ef2b-030000000000}
LogonId: 0x32BEF
TerminalSessionId: 1
IntegrityLevel: High
Hashes: MD5=EF3179D498793BF4234F708D3BE28633,SHA256=B53F3C0CD32D7F20849850768DA6431E5F876B7BFA61DB0AA0700B02873393FA,IMPHASH=4DB27267734D1576D75C991DC70F68AC
ParentProcessGuid: {00000000-0000-0000-0000-000000000000}
ParentProcessId: 780
ParentImage: -
ParentCommandLine: -
ParentUser: -","-","-","-","-","-","-","-","-","-","-","-","-","C:\Windows\System32\rundll32.exe, C:\Windows\System32\shell32.dll,SHCreateLocalServerRunDll, {9aa46009-3ce0-458a-a354-715610a075e6}, -Embedding",4,"C:\Windows\System32\rundll32.exe C:\Windows\System32\shell32.dll,SHCreateLocalServerRunDll {9aa46009-3ce0-458a-a354-715610a075e6} -Embedding","C:\Windows\System32\rundll32.exe C:\Windows\System32\shell32.dll,SHCreateLocalServerRunDll {9aa46009-3ce0-458a-a354-715610a075e6} -Embedding","{461f0bd2-2d5c-6354-6800-000000001f00}","C:\Windows\System32\rundll32.exe","C:\Windows\System32\rundll32.exe",ef3179d498793bf4234f708d3be28633,b53f3c0cd32d7f20849850768da6431e5f876b7bfa61db0aa0700b02873393fa,"rundll32.exe","rundll32.exe","-",1,"-","-","{00000000-0000-0000-0000-000000000000}","-","-","-","-",780,"Microsoft Corporation","Windows host process (Rundll32)","10.0.19041.746 (WinBuild.160101.0800)",4db27267734d1576d75c991dc70f68ac,"RUNDLL32.EXE","Microsoft® Windows® Operating System",1620,"-","-","C:\Windows\system32\","C:\Windows\system32\","-","-","-","-","-","-","b53f3c0cd32d7f20849850768da6431e5f876b7bfa61db0aa0700b02873393fa, ef3179d498793bf4234f708d3be28633, 4db27267734d1576d75c991dc70f68ac","-","-","Patricia Goh","-","-",VICTIM,"-","S-1-5-18","Patricia Goh","Patricia Goh","-",wineventlog,"Microsoft-Windows-Sysmon/Operational",victim,"Microsoft Corporation","-","Windows host process (Rundll32)","-","10.0.19041.746 (WinBuild.160101.0800)",High,"{461f0bd2-2d0d-6354-ef2b-030000000000}",0x32bef,"-","-","-","Microsoft® Windows® Operating System","-","-","-","-","-","-","-","-",1,"-",1,"-","-",Info,"2,240","2,984","{5770385f-c22a-43e0-bf4c-06f5698ffbd9}","Microsoft-Windows-Sysmon",5117,"Process Create (rule: ProcessCreate)","NT AUTHORITY","S-1-5-18",SYSTEM,User,5
"Oct 23, 2022 @ 01:50:19.425",SkXTAIQBHC0TB3lJ2ZqO,".ds-winlogbeat-8.2.3-2022.10.22-000001","-","25051d08-9df1-4629-b2c6-d1eeb5aa9cfd",victim,"b15c43c7-63a1-423e-901b-f1acc6401711",victim,winlogbeat,"8.2.3","-","-","-","-","-","-","-","1.12.0","File created (rule: FileCreate)",file,11,"Oct 23, 2022 @ 01:50:36.207","Oct 23, 2022 @ 01:53:14.634",event,sysmon,"-","Microsoft-Windows-Sysmon","-",creation,"C:\Users\Patricia Goh\AppData\Local\Temp",ps1,"__PSScriptPolicyTest_zxaubcvi.xve.ps1","C:\Users\Patricia Goh\AppData\Local\Temp\__PSScriptPolicyTest_zxaubcvi.xve.ps1","C:\Users\Patricia Goh\AppData\Local\Temp\__PSScriptPolicyTest_zxaubcvi.xve.ps1","x86_64",victim,"461f0bd2-c182-413a-8a41-2a8e4accb4a9","fe80::4959:93ba:69a6:522d, 10.0.2.15, fe80::91a8:3d9e:36ba:f548, 172.19.96.10","08:00:27:7c:f3:ae, 08:00:27:22:f7:3c",victim,"19044.1889",windows,"10.0.19041.1889 (WinBuild.160101.0800)","Windows 10 Enterprise Evaluation","Windows 10 Enterprise Evaluation",windows,windows,"10.0",information,"File created:
RuleName: -
UtcTime: 2022-10-22 17:50:19.425
ProcessGuid: {461f0bd2-2d52-6354-6700-000000001f00}
ProcessId: 6056
Image: C:\Windows\System32\WindowsPowerShell\v1.0\powershell.exe
TargetFilename: C:\Users\Patricia Goh\AppData\Local\Temp\__PSScriptPolicyTest_zxaubcvi.xve.ps1
CreationUtcTime: 2022-10-22 17:50:19.424
User: VICTIM\Patricia Goh","-","-","-","-","-","-","-","-","-","-","-","-","-","-","-","-","{461f0bd2-2d52-6354-6700-000000001f00}","C:\Windows\System32\WindowsPowerShell\v1.0\powershell.exe","C:\Windows\System32\WindowsPowerShell\v1.0\powershell.exe","-","-","powershell.exe","powershell.exe","-","-","-","-","-","-","-","-","-","-","-","-","-","-","-","-",6056,"-","-","-","-","-","-","-","-","-","-","-","-","-","Patricia Goh","-","-",VICTIM,"-","S-1-5-18","Patricia Goh","Patricia Goh","-",wineventlog,"Microsoft-Windows-Sysmon/Operational",victim,"-","2022-10-22 17:50:19.424","-","-","-","-","-","-","-","-","-","-","-","-","-","-","-","-","-","-","-","-",11,"-","-",Info,"2,240","2,984","{5770385f-c22a-43e0-bf4c-06f5698ffbd9}","Microsoft-Windows-Sysmon",5116,"File created (rule: FileCreate)","NT AUTHORITY","S-1-5-18",SYSTEM,User,2
"Oct 23, 2022 @ 01:50:11.755",SUXTAIQBHC0TB3lJ2ZqO,".ds-winlogbeat-8.2.3-2022.10.22-000001","-","25051d08-9df1-4629-b2c6-d1eeb5aa9cfd",victim,"b15c43c7-63a1-423e-901b-f1acc6401711",victim,winlogbeat,"8.2.3","-","-","-","-","-","-","-","1.12.0","File created (rule: FileCreate)",file,11,"Oct 23, 2022 @ 01:50:36.207","Oct 23, 2022 @ 01:53:14.634",event,sysmon,"-","Microsoft-Windows-Sysmon","-",creation,"C:\Users\Patricia Goh\AppData\Local\Temp",ps1,"__PSScriptPolicyTest_pyggkl5j.pzy.ps1","C:\Users\Patricia Goh\AppData\Local\Temp\__PSScriptPolicyTest_pyggkl5j.pzy.ps1","C:\Users\Patricia Goh\AppData\Local\Temp\__PSScriptPolicyTest_pyggkl5j.pzy.ps1","x86_64",victim,"461f0bd2-c182-413a-8a41-2a8e4accb4a9","fe80::4959:93ba:69a6:522d, 10.0.2.15, fe80::91a8:3d9e:36ba:f548, 172.19.96.10","08:00:27:7c:f3:ae, 08:00:27:22:f7:3c",victim,"19044.1889",windows,"10.0.19041.1889 (WinBuild.160101.0800)","Windows 10 Enterprise Evaluation","Windows 10 Enterprise Evaluation",windows,windows,"10.0",information,"File created:
RuleName: -
UtcTime: 2022-10-22 17:50:11.755
ProcessGuid: {461f0bd2-2d52-6354-6700-000000001f00}
ProcessId: 6056
Image: C:\Windows\System32\WindowsPowerShell\v1.0\powershell.exe
TargetFilename: C:\Users\Patricia Goh\AppData\Local\Temp\__PSScriptPolicyTest_pyggkl5j.pzy.ps1
CreationUtcTime: 2022-10-22 17:50:11.755
User: VICTIM\Patricia Goh","-","-","-","-","-","-","-","-","-","-","-","-","-","-","-","-","{461f0bd2-2d52-6354-6700-000000001f00}","C:\Windows\System32\WindowsPowerShell\v1.0\powershell.exe","C:\Windows\System32\WindowsPowerShell\v1.0\powershell.exe","-","-","powershell.exe","powershell.exe","-","-","-","-","-","-","-","-","-","-","-","-","-","-","-","-",6056,"-","-","-","-","-","-","-","-","-","-","-","-","-","Patricia Goh","-","-",VICTIM,"-","S-1-5-18","Patricia Goh","Patricia Goh","-",wineventlog,"Microsoft-Windows-Sysmon/Operational",victim,"-","2022-10-22 17:50:11.755","-","-","-","-","-","-","-","-","-","-","-","-","-","-","-","-","-","-","-","-",11,"-","-",Info,"2,240","2,984","{5770385f-c22a-43e0-bf4c-06f5698ffbd9}","Microsoft-Windows-Sysmon",5115,"File created (rule: FileCreate)","NT AUTHORITY","S-1-5-18",SYSTEM,User,2
"Oct 23, 2022 @ 01:50:10.777",SEXTAIQBHC0TB3lJ2ZqO,".ds-winlogbeat-8.2.3-2022.10.22-000001","-","25051d08-9df1-4629-b2c6-d1eeb5aa9cfd",victim,"b15c43c7-63a1-423e-901b-f1acc6401711",victim,winlogbeat,"8.2.3","-","-","-","-","-","-","-","1.12.0","Process Create (rule: ProcessCreate)",process,1,"Oct 23, 2022 @ 01:50:36.207","Oct 23, 2022 @ 01:53:14.634",event,sysmon,"-","Microsoft-Windows-Sysmon","-",start,"-","-","-","-","-","x86_64",victim,"461f0bd2-c182-413a-8a41-2a8e4accb4a9","fe80::4959:93ba:69a6:522d, 10.0.2.15, fe80::91a8:3d9e:36ba:f548, 172.19.96.10","08:00:27:7c:f3:ae, 08:00:27:22:f7:3c",victim,"19044.1889",windows,"10.0.19041.1889 (WinBuild.160101.0800)","Windows 10 Enterprise Evaluation","Windows 10 Enterprise Evaluation",windows,windows,"10.0",information,"Process Create:
RuleName: -
UtcTime: 2022-10-22 17:50:10.777
ProcessGuid: {461f0bd2-2d52-6354-6700-000000001f00}
ProcessId: 6056
Image: C:\Windows\System32\WindowsPowerShell\v1.0\powershell.exe
FileVersion: 10.0.19041.546 (WinBuild.160101.0800)
Description: Windows PowerShell
Product: Microsoft® Windows® Operating System
Company: Microsoft Corporation
OriginalFileName: PowerShell.EXE
CommandLine: powershell.exe  -command ""Set-MpPreference -ModerateThreatDefaultAction 6
CurrentDirectory: C:\Users\PATRIC~1\AppData\Local\Temp\IXP000.TMP\
User: VICTIM\Patricia Goh
LogonGuid: {461f0bd2-2d0d-6354-ef2b-030000000000}
LogonId: 0x32BEF
TerminalSessionId: 1
IntegrityLevel: High
Hashes: MD5=04029E121A0CFA5991749937DD22A1D9,SHA256=9F914D42706FE215501044ACD85A32D58AAEF1419D404FDDFA5D3B48F66CCD9F,IMPHASH=7C955A0ABC747F57CCC4324480737EF7
ParentProcessGuid: {461f0bd2-2d35-6354-5700-000000001f00}
ParentProcessId: 256
ParentImage: C:\Windows\System32\cmd.exe
ParentCommandLine: cmd /c Percino.bat
ParentUser: VICTIM\Patricia Goh","-","-","-","-","-","-","-","-","-","-","-","-","powershell.exe, -command, Set-MpPreference -ModerateThreatDefaultAction 6",3,"powershell.exe  -command ""Set-MpPreference -ModerateThreatDefaultAction 6","powershell.exe  -command ""Set-MpPreference -ModerateThreatDefaultAction 6","{461f0bd2-2d52-6354-6700-000000001f00}","C:\Windows\System32\WindowsPowerShell\v1.0\powershell.exe","C:\Windows\System32\WindowsPowerShell\v1.0\powershell.exe",04029e121a0cfa5991749937dd22a1d9,9f914d42706fe215501044acd85a32d58aaef1419d404fddfa5d3b48f66ccd9f,"powershell.exe","powershell.exe","cmd, /c, Percino.bat",3,"cmd /c Percino.bat","cmd /c Percino.bat","{461f0bd2-2d35-6354-5700-000000001f00}","C:\Windows\System32\cmd.exe","C:\Windows\System32\cmd.exe","cmd.exe","cmd.exe",256,"Microsoft Corporation","Windows PowerShell","10.0.19041.546 (WinBuild.160101.0800)",7c955a0abc747f57ccc4324480737ef7,"PowerShell.EXE","Microsoft® Windows® Operating System",6056,"-","-","C:\Users\PATRIC~1\AppData\Local\Temp\IXP000.TMP\","C:\Users\PATRIC~1\AppData\Local\Temp\IXP000.TMP\","-","-","-","-","-","-","9f914d42706fe215501044acd85a32d58aaef1419d404fddfa5d3b48f66ccd9f, 04029e121a0cfa5991749937dd22a1d9, 7c955a0abc747f57ccc4324480737ef7","-","-","Patricia Goh","-","-",VICTIM,"-","S-1-5-18","Patricia Goh","Patricia Goh","-",wineventlog,"Microsoft-Windows-Sysmon/Operational",victim,"Microsoft Corporation","-","Windows PowerShell","-","10.0.19041.546 (WinBuild.160101.0800)",High,"{461f0bd2-2d0d-6354-ef2b-030000000000}",0x32bef,"-","VICTIM\Patricia Goh","-","Microsoft® Windows® Operating System","-","-","-","-","-","-","-","-",1,"-",1,"-","-",Info,"2,240","2,984","{5770385f-c22a-43e0-bf4c-06f5698ffbd9}","Microsoft-Windows-Sysmon",5114,"Process Create (rule: ProcessCreate)","NT AUTHORITY","S-1-5-18",SYSTEM,User,5
