"Oct 23, 2022 @ 01:45:38.184",ckXQAIQBHC0TB3lJ9pgm,".ds-winlogbeat-8.2.3-2022.10.22-000001","-","c2c04a29-9d47-4de5-86f6-5958b0d4222c",victim,"b15c43c7-63a1-423e-901b-f1acc6401711",victim,winlogbeat,"8.2.3","-","-","-","-","-","-","-","1.12.0","Process Create (rule: ProcessCreate)",process,1,"Oct 23, 2022 @ 01:50:09.608","Oct 23, 2022 @ 01:50:05.345",event,sysmon,"-","Microsoft-Windows-Sysmon","-",start,"-","-","-","-","-","x86_64",victim,"461f0bd2-c182-413a-8a41-2a8e4accb4a9","fe80::4959:93ba:69a6:522d, 10.0.2.15, fe80::91a8:3d9e:36ba:f548, 172.19.96.10","08:00:27:7c:f3:ae, 08:00:27:22:f7:3c",victim,"19044.1889",windows,"10.0.19041.1889 (WinBuild.160101.0800)","Windows 10 Enterprise Evaluation","Windows 10 Enterprise Evaluation",windows,windows,"10.0",information,"Process Create:
RuleName: -
UtcTime: 2022-10-22 17:45:38.184
ProcessGuid: {461f0bd2-2c42-6354-9600-000000001e00}
ProcessId: 3988
Image: C:\Windows\System32\svchost.exe
FileVersion: 10.0.19041.1806 (WinBuild.160101.0800)
Description: Host Process for Windows Services
Product: Microsoft® Windows® Operating System
Company: Microsoft Corporation
OriginalFileName: svchost.exe
CommandLine: C:\Windows\System32\svchost.exe -k LocalServiceNetworkRestricted -p
CurrentDirectory: C:\Windows\system32\
User: NT AUTHORITY\LOCAL SERVICE
LogonGuid: {461f0bd2-1c1e-6354-e503-000000000000}
LogonId: 0x3E5
TerminalSessionId: 0
IntegrityLevel: System
Hashes: MD5=B7F884C1B74A263F746EE12A5F7C9F6A,SHA256=ADD683A6910ABBBF0E28B557FAD0BA998166394932AE2ACA069D9AA19EA8FE88,IMPHASH=247B9220E5D9B720A82B2C8B5069AD69
ParentProcessGuid: {00000000-0000-0000-0000-000000000000}
ParentProcessId: 660
ParentImage: -
ParentCommandLine: -
ParentUser: -","-","-","-","-","-","-","-","-","-","-","-","-","C:\Windows\System32\svchost.exe, -k, LocalServiceNetworkRestricted, -p",4,"C:\Windows\System32\svchost.exe -k LocalServiceNetworkRestricted -p","C:\Windows\System32\svchost.exe -k LocalServiceNetworkRestricted -p","{461f0bd2-2c42-6354-9600-000000001e00}","C:\Windows\System32\svchost.exe","C:\Windows\System32\svchost.exe",b7f884c1b74a263f746ee12a5f7c9f6a,add683a6910abbbf0e28b557fad0ba998166394932ae2aca069d9aa19ea8fe88,"svchost.exe","svchost.exe","-",1,"-","-","{00000000-0000-0000-0000-000000000000}","-","-","-","-",660,"Microsoft Corporation","Host Process for Windows Services","10.0.19041.1806 (WinBuild.160101.0800)",247b9220e5d9b720a82b2c8b5069ad69,"svchost.exe","Microsoft® Windows® Operating System",3988,"-","-","C:\Windows\system32\","C:\Windows\system32\","-","-","-","-","-","-","add683a6910abbbf0e28b557fad0ba998166394932ae2aca069d9aa19ea8fe88, b7f884c1b74a263f746ee12a5f7c9f6a, 247b9220e5d9b720a82b2c8b5069ad69","-","-","LOCAL SERVICE","-","-","NT AUTHORITY","-","S-1-5-18","LOCAL SERVICE","LOCAL SERVICE","-",wineventlog,"Microsoft-Windows-Sysmon/Operational",victim,"Microsoft Corporation","-","Host Process for Windows Services","-","10.0.19041.1806 (WinBuild.160101.0800)",System,"{461f0bd2-1c1e-6354-e503-000000000000}",0x3e5,"-","-","-","Microsoft® Windows® Operating System","-","-","-","-","-","-","-","-",0,"-",1,"-","-",Info,"2,276","2,512","{5770385f-c22a-43e0-bf4c-06f5698ffbd9}","Microsoft-Windows-Sysmon",4860,"Process Create (rule: ProcessCreate)","NT AUTHORITY","S-1-5-18",SYSTEM,User,5
"Oct 23, 2022 @ 01:45:38.181",c0XQAIQBHC0TB3lJ9pgm,".ds-winlogbeat-8.2.3-2022.10.22-000001","-","c2c04a29-9d47-4de5-86f6-5958b0d4222c",victim,"b15c43c7-63a1-423e-901b-f1acc6401711",victim,winlogbeat,"8.2.3","-","-","-","-","-","-","-","1.12.0","Process Create (rule: ProcessCreate)",process,1,"Oct 23, 2022 @ 01:50:09.608","Oct 23, 2022 @ 01:50:05.345",event,sysmon,"-","Microsoft-Windows-Sysmon","-",start,"-","-","-","-","-","x86_64",victim,"461f0bd2-c182-413a-8a41-2a8e4accb4a9","fe80::4959:93ba:69a6:522d, 10.0.2.15, fe80::91a8:3d9e:36ba:f548, 172.19.96.10","08:00:27:7c:f3:ae, 08:00:27:22:f7:3c",victim,"19044.1889",windows,"10.0.19041.1889 (WinBuild.160101.0800)","Windows 10 Enterprise Evaluation","Windows 10 Enterprise Evaluation",windows,windows,"10.0",information,"Process Create:
RuleName: -
UtcTime: 2022-10-22 17:45:38.181
ProcessGuid: {461f0bd2-2c42-6354-9500-000000001e00}
ProcessId: 5692
Image: C:\Windows\System32\MoUsoCoreWorker.exe
FileVersion: 10.0.19041.1865 (WinBuild.160101.0800)
Description: MoUSO Core Worker Process
Product: Microsoft® Windows® Operating System
Company: Microsoft Corporation
OriginalFileName: MoUSOCoreWorker.exe
CommandLine: C:\Windows\System32\mousocoreworker.exe -Embedding
CurrentDirectory: C:\Windows\system32\
User: NT AUTHORITY\SYSTEM
LogonGuid: {461f0bd2-1c1d-6354-e703-000000000000}
LogonId: 0x3E7
TerminalSessionId: 0
IntegrityLevel: System
Hashes: MD5=929C20D5B38C2B08EE5FD4DA9A05A5CB,SHA256=D89A68C73B1EA6A4BE23E797A58B4946FC78FB10611FFA36520DA99301FD4821,IMPHASH=72789ABFBC08A24E6F6A23DE50B7DE6A
ParentProcessGuid: {00000000-0000-0000-0000-000000000000}
ParentProcessId: 784
ParentImage: -
ParentCommandLine: -
ParentUser: -","-","-","-","-","-","-","-","-","-","-","-","-","C:\Windows\System32\mousocoreworker.exe, -Embedding",2,"C:\Windows\System32\mousocoreworker.exe -Embedding","C:\Windows\System32\mousocoreworker.exe -Embedding","{461f0bd2-2c42-6354-9500-000000001e00}","C:\Windows\System32\MoUsoCoreWorker.exe","C:\Windows\System32\MoUsoCoreWorker.exe",929c20d5b38c2b08ee5fd4da9a05a5cb,d89a68c73b1ea6a4be23e797a58b4946fc78fb10611ffa36520da99301fd4821,"MoUsoCoreWorker.exe","MoUsoCoreWorker.exe","-",1,"-","-","{00000000-0000-0000-0000-000000000000}","-","-","-","-",784,"Microsoft Corporation","MoUSO Core Worker Process","10.0.19041.1865 (WinBuild.160101.0800)",72789abfbc08a24e6f6a23de50b7de6a,"MoUSOCoreWorker.exe","Microsoft® Windows® Operating System",5692,"-","-","C:\Windows\system32\","C:\Windows\system32\","-","-","-","-","-","-","d89a68c73b1ea6a4be23e797a58b4946fc78fb10611ffa36520da99301fd4821, 929c20d5b38c2b08ee5fd4da9a05a5cb, 72789abfbc08a24e6f6a23de50b7de6a","-","-",SYSTEM,"-","-","NT AUTHORITY","-","S-1-5-18",SYSTEM,SYSTEM,"-",wineventlog,"Microsoft-Windows-Sysmon/Operational",victim,"Microsoft Corporation","-","MoUSO Core Worker Process","-","10.0.19041.1865 (WinBuild.160101.0800)",System,"{461f0bd2-1c1d-6354-e703-000000000000}",0x3e7,"-","-","-","Microsoft® Windows® Operating System","-","-","-","-","-","-","-","-",0,"-",1,"-","-",Info,"2,276","2,512","{5770385f-c22a-43e0-bf4c-06f5698ffbd9}","Microsoft-Windows-Sysmon",4861,"Process Create (rule: ProcessCreate)","NT AUTHORITY","S-1-5-18",SYSTEM,User,5
"Oct 23, 2022 @ 01:45:37.949",cUXQAIQBHC0TB3lJ9pgm,".ds-winlogbeat-8.2.3-2022.10.22-000001","-","c2c04a29-9d47-4de5-86f6-5958b0d4222c",victim,"b15c43c7-63a1-423e-901b-f1acc6401711",victim,winlogbeat,"8.2.3","-","-","-","-","-","-","-","1.12.0","Process Create (rule: ProcessCreate)",process,1,"Oct 23, 2022 @ 01:50:09.608","Oct 23, 2022 @ 01:50:05.345",event,sysmon,"-","Microsoft-Windows-Sysmon","-",start,"-","-","-","-","-","x86_64",victim,"461f0bd2-c182-413a-8a41-2a8e4accb4a9","fe80::4959:93ba:69a6:522d, 10.0.2.15, fe80::91a8:3d9e:36ba:f548, 172.19.96.10","08:00:27:7c:f3:ae, 08:00:27:22:f7:3c",victim,"19044.1889",windows,"10.0.19041.1889 (WinBuild.160101.0800)","Windows 10 Enterprise Evaluation","Windows 10 Enterprise Evaluation",windows,windows,"10.0",information,"Process Create:
RuleName: -
UtcTime: 2022-10-22 17:45:37.949
ProcessGuid: {461f0bd2-2c41-6354-9300-000000001e00}
ProcessId: 536
Image: C:\Program Files\Microsoft Update Health Tools\uhssvc.exe
FileVersion: 10.0.19041.1675 (WinBuild.160101.0800)
Description: Microsoft Update Health Service
Product: Microsoft® Windows® Operating System
Company: Microsoft Corporation
OriginalFileName: uhssvc
CommandLine: ""C:\Program Files\Microsoft Update Health Tools\uhssvc.exe""
CurrentDirectory: C:\Windows\system32\
User: NT AUTHORITY\SYSTEM
LogonGuid: {461f0bd2-1c1d-6354-e703-000000000000}
LogonId: 0x3E7
TerminalSessionId: 0
IntegrityLevel: System
Hashes: MD5=13B9189CA51D925FF78151A0E14C40CE,SHA256=78AEDD6D13C45B2E080BC26527CCF3BDABF764A2108249BA8B3AC4387C6A6376,IMPHASH=486A6C129DA076DE0C30AF67FC039CB0
ParentProcessGuid: {00000000-0000-0000-0000-000000000000}
ParentProcessId: 660
ParentImage: -
ParentCommandLine: -
ParentUser: -","-","-","-","-","-","-","-","-","-","-","-","-","C:\Program Files\Microsoft Update Health Tools\uhssvc.exe",1,"""C:\Program Files\Microsoft Update Health Tools\uhssvc.exe""","""C:\Program Files\Microsoft Update Health Tools\uhssvc.exe""","{461f0bd2-2c41-6354-9300-000000001e00}","C:\Program Files\Microsoft Update Health Tools\uhssvc.exe","C:\Program Files\Microsoft Update Health Tools\uhssvc.exe",13b9189ca51d925ff78151a0e14c40ce,78aedd6d13c45b2e080bc26527ccf3bdabf764a2108249ba8b3ac4387c6a6376,"uhssvc.exe","uhssvc.exe","-",1,"-","-","{00000000-0000-0000-0000-000000000000}","-","-","-","-",660,"Microsoft Corporation","Microsoft Update Health Service","10.0.19041.1675 (WinBuild.160101.0800)",486a6c129da076de0c30af67fc039cb0,uhssvc,"Microsoft® Windows® Operating System",536,"-","-","C:\Windows\system32\","C:\Windows\system32\","-","-","-","-","-","-","78aedd6d13c45b2e080bc26527ccf3bdabf764a2108249ba8b3ac4387c6a6376, 13b9189ca51d925ff78151a0e14c40ce, 486a6c129da076de0c30af67fc039cb0","-","-",SYSTEM,"-","-","NT AUTHORITY","-","S-1-5-18",SYSTEM,SYSTEM,"-",wineventlog,"Microsoft-Windows-Sysmon/Operational",victim,"Microsoft Corporation","-","Microsoft Update Health Service","-","10.0.19041.1675 (WinBuild.160101.0800)",System,"{461f0bd2-1c1d-6354-e703-000000000000}",0x3e7,"-","-","-","Microsoft® Windows® Operating System","-","-","-","-","-","-","-","-",0,"-",1,"-","-",Info,"2,276","2,512","{5770385f-c22a-43e0-bf4c-06f5698ffbd9}","Microsoft-Windows-Sysmon",4859,"Process Create (rule: ProcessCreate)","NT AUTHORITY","S-1-5-18",SYSTEM,User,5
"Oct 23, 2022 @ 01:45:37.812",cEXQAIQBHC0TB3lJ9pgm,".ds-winlogbeat-8.2.3-2022.10.22-000001","-","c2c04a29-9d47-4de5-86f6-5958b0d4222c",victim,"b15c43c7-63a1-423e-901b-f1acc6401711",victim,winlogbeat,"8.2.3","-","-","-","-","-","-","-","1.12.0","Process Create (rule: ProcessCreate)",process,1,"Oct 23, 2022 @ 01:50:09.608","Oct 23, 2022 @ 01:50:05.344",event,sysmon,"-","Microsoft-Windows-Sysmon","-",start,"-","-","-","-","-","x86_64",victim,"461f0bd2-c182-413a-8a41-2a8e4accb4a9","fe80::4959:93ba:69a6:522d, 10.0.2.15, fe80::91a8:3d9e:36ba:f548, 172.19.96.10","08:00:27:7c:f3:ae, 08:00:27:22:f7:3c",victim,"19044.1889",windows,"10.0.19041.1889 (WinBuild.160101.0800)","Windows 10 Enterprise Evaluation","Windows 10 Enterprise Evaluation",windows,windows,"10.0",information,"Process Create:
RuleName: -
UtcTime: 2022-10-22 17:45:37.812
ProcessGuid: {461f0bd2-2c41-6354-9100-000000001e00}
ProcessId: 2888
Image: C:\Windows\System32\SgrmBroker.exe
FileVersion: 10.0.19041.546 (WinBuild.160101.0800)
Description: System Guard Runtime Monitor Broker Service
Product: Microsoft® Windows® Operating System
Company: Microsoft Corporation
OriginalFileName: SgrmBroker.exe
CommandLine: C:\Windows\system32\SgrmBroker.exe
CurrentDirectory: C:\Windows
User: NT AUTHORITY\SYSTEM
LogonGuid: {461f0bd2-1c1d-6354-e703-000000000000}
LogonId: 0x3E7
TerminalSessionId: 0
IntegrityLevel: System
Hashes: MD5=3BA1A18A0DC30A0545E7765CB97D8E63,SHA256=F9CBF1FF87D6F11920C4B7367EA2178BF13AA276C65D918950683983F268BC1F,IMPHASH=A1CEC4880519264E008442D1427A48FB
ParentProcessGuid: {00000000-0000-0000-0000-000000000000}
ParentProcessId: 660
ParentImage: -
ParentCommandLine: -
ParentUser: -","-","-","-","-","-","-","-","-","-","-","-","-","C:\Windows\system32\SgrmBroker.exe",1,"C:\Windows\system32\SgrmBroker.exe","C:\Windows\system32\SgrmBroker.exe","{461f0bd2-2c41-6354-9100-000000001e00}","C:\Windows\System32\SgrmBroker.exe","C:\Windows\System32\SgrmBroker.exe",3ba1a18a0dc30a0545e7765cb97d8e63,f9cbf1ff87d6f11920c4b7367ea2178bf13aa276c65d918950683983f268bc1f,"SgrmBroker.exe","SgrmBroker.exe","-",1,"-","-","{00000000-0000-0000-0000-000000000000}","-","-","-","-",660,"Microsoft Corporation","System Guard Runtime Monitor Broker Service","10.0.19041.546 (WinBuild.160101.0800)",a1cec4880519264e008442d1427a48fb,"SgrmBroker.exe","Microsoft® Windows® Operating System",2888,"-","-","C:\Windows","C:\Windows","-","-","-","-","-","-","f9cbf1ff87d6f11920c4b7367ea2178bf13aa276c65d918950683983f268bc1f, 3ba1a18a0dc30a0545e7765cb97d8e63, a1cec4880519264e008442d1427a48fb","-","-",SYSTEM,"-","-","NT AUTHORITY","-","S-1-5-18",SYSTEM,SYSTEM,"-",wineventlog,"Microsoft-Windows-Sysmon/Operational",victim,"Microsoft Corporation","-","System Guard Runtime Monitor Broker Service","-","10.0.19041.546 (WinBuild.160101.0800)",System,"{461f0bd2-1c1d-6354-e703-000000000000}",0x3e7,"-","-","-","Microsoft® Windows® Operating System","-","-","-","-","-","-","-","-",0,"-",1,"-","-",Info,"2,276","2,512","{5770385f-c22a-43e0-bf4c-06f5698ffbd9}","Microsoft-Windows-Sysmon",4858,"Process Create (rule: ProcessCreate)","NT AUTHORITY","S-1-5-18",SYSTEM,User,5
"Oct 23, 2022 @ 01:45:37.529",b0XQAIQBHC0TB3lJ9pgm,".ds-winlogbeat-8.2.3-2022.10.22-000001","-","c2c04a29-9d47-4de5-86f6-5958b0d4222c",victim,"b15c43c7-63a1-423e-901b-f1acc6401711",victim,winlogbeat,"8.2.3","-","-","-","-","-","-","-","1.12.0","Process Create (rule: ProcessCreate)",process,1,"Oct 23, 2022 @ 01:50:09.608","Oct 23, 2022 @ 01:50:05.344",event,sysmon,"-","Microsoft-Windows-Sysmon","-",start,"-","-","-","-","-","x86_64",victim,"461f0bd2-c182-413a-8a41-2a8e4accb4a9","fe80::4959:93ba:69a6:522d, 10.0.2.15, fe80::91a8:3d9e:36ba:f548, 172.19.96.10","08:00:27:7c:f3:ae, 08:00:27:22:f7:3c",victim,"19044.1889",windows,"10.0.19041.1889 (WinBuild.160101.0800)","Windows 10 Enterprise Evaluation","Windows 10 Enterprise Evaluation",windows,windows,"10.0",information,"Process Create:
RuleName: -
UtcTime: 2022-10-22 17:45:37.529
ProcessGuid: {461f0bd2-2c41-6354-8f00-000000001e00}
ProcessId: 5744
Image: C:\Program Files (x86)\Microsoft\EdgeUpdate\MicrosoftEdgeUpdate.exe
FileVersion: 1.3.147.37
Description: Microsoft Edge Update
Product: Microsoft Edge Update
Company: Microsoft Corporation
OriginalFileName: msedgeupdate.dll
CommandLine: ""C:\Program Files (x86)\Microsoft\EdgeUpdate\MicrosoftEdgeUpdate.exe"" /c
CurrentDirectory: C:\Program Files (x86)\Microsoft\EdgeUpdate\1.3.169.31\
User: NT AUTHORITY\SYSTEM
LogonGuid: {461f0bd2-1c1d-6354-e703-000000000000}
LogonId: 0x3E7
TerminalSessionId: 0
IntegrityLevel: System
Hashes: MD5=C019E421D9F897108E51666CBAE2C8B0,SHA256=3096D8E82917A9B73F322F4B1743E52E9B0C8B3C5933A957E73E29D6973CDD5B,IMPHASH=E00D60405A249A05D3B09AA7FE924B17
ParentProcessGuid: {461f0bd2-2c41-6354-8d00-000000001e00}
ParentProcessId: 4136
ParentImage: C:\Program Files (x86)\Microsoft\EdgeUpdate\MicrosoftEdgeUpdate.exe
ParentCommandLine: ""C:\Program Files (x86)\Microsoft\EdgeUpdate\MicrosoftEdgeUpdate.exe"" /svc
ParentUser: NT AUTHORITY\SYSTEM","-","-","-","-","-","-","-","-","-","-","-","-","C:\Program Files (x86)\Microsoft\EdgeUpdate\MicrosoftEdgeUpdate.exe, /c",2,"""C:\Program Files (x86)\Microsoft\EdgeUpdate\MicrosoftEdgeUpdate.exe"" /c","""C:\Program Files (x86)\Microsoft\EdgeUpdate\MicrosoftEdgeUpdate.exe"" /c","{461f0bd2-2c41-6354-8f00-000000001e00}","C:\Program Files (x86)\Microsoft\EdgeUpdate\MicrosoftEdgeUpdate.exe","C:\Program Files (x86)\Microsoft\EdgeUpdate\MicrosoftEdgeUpdate.exe",c019e421d9f897108e51666cbae2c8b0,3096d8e82917a9b73f322f4b1743e52e9b0c8b3c5933a957e73e29d6973cdd5b,"MicrosoftEdgeUpdate.exe","MicrosoftEdgeUpdate.exe","C:\Program Files (x86)\Microsoft\EdgeUpdate\MicrosoftEdgeUpdate.exe, /svc",2,"""C:\Program Files (x86)\Microsoft\EdgeUpdate\MicrosoftEdgeUpdate.exe"" /svc","""C:\Program Files (x86)\Microsoft\EdgeUpdate\MicrosoftEdgeUpdate.exe"" /svc","{461f0bd2-2c41-6354-8d00-000000001e00}","C:\Program Files (x86)\Microsoft\EdgeUpdate\MicrosoftEdgeUpdate.exe","C:\Program Files (x86)\Microsoft\EdgeUpdate\MicrosoftEdgeUpdate.exe","MicrosoftEdgeUpdate.exe","MicrosoftEdgeUpdate.exe",4136,"Microsoft Corporation","Microsoft Edge Update","1.3.147.37",e00d60405a249a05d3b09aa7fe924b17,"msedgeupdate.dll","Microsoft Edge Update",5744,"-","-","C:\Program Files (x86)\Microsoft\EdgeUpdate\1.3.169.31\","C:\Program Files (x86)\Microsoft\EdgeUpdate\1.3.169.31\","-","-","-","-","-","-","3096d8e82917a9b73f322f4b1743e52e9b0c8b3c5933a957e73e29d6973cdd5b, c019e421d9f897108e51666cbae2c8b0, e00d60405a249a05d3b09aa7fe924b17","-","-",SYSTEM,"-","-","NT AUTHORITY","-","S-1-5-18",SYSTEM,SYSTEM,"-",wineventlog,"Microsoft-Windows-Sysmon/Operational",victim,"Microsoft Corporation","-","Microsoft Edge Update","-","1.3.147.37",System,"{461f0bd2-1c1d-6354-e703-000000000000}",0x3e7,"-","NT AUTHORITY\SYSTEM","-","Microsoft Edge Update","-","-","-","-","-","-","-","-",0,"-",1,"-","-",Info,"2,276","2,512","{5770385f-c22a-43e0-bf4c-06f5698ffbd9}","Microsoft-Windows-Sysmon",4857,"Process Create (rule: ProcessCreate)","NT AUTHORITY","S-1-5-18",SYSTEM,User,5
"Oct 23, 2022 @ 01:45:37.248",bkXQAIQBHC0TB3lJ9pgm,".ds-winlogbeat-8.2.3-2022.10.22-000001","-","c2c04a29-9d47-4de5-86f6-5958b0d4222c",victim,"b15c43c7-63a1-423e-901b-f1acc6401711",victim,winlogbeat,"8.2.3","-","-","-","-","-","-","-","1.12.0","Process Create (rule: ProcessCreate)",process,1,"Oct 23, 2022 @ 01:50:09.607","Oct 23, 2022 @ 01:50:05.344",event,sysmon,"-","Microsoft-Windows-Sysmon","-",start,"-","-","-","-","-","x86_64",victim,"461f0bd2-c182-413a-8a41-2a8e4accb4a9","fe80::4959:93ba:69a6:522d, 10.0.2.15, fe80::91a8:3d9e:36ba:f548, 172.19.96.10","08:00:27:7c:f3:ae, 08:00:27:22:f7:3c",victim,"19044.1889",windows,"10.0.19041.1889 (WinBuild.160101.0800)","Windows 10 Enterprise Evaluation","Windows 10 Enterprise Evaluation",windows,windows,"10.0",information,"Process Create:
RuleName: -
UtcTime: 2022-10-22 17:45:37.248
ProcessGuid: {461f0bd2-2c41-6354-8d00-000000001e00}
ProcessId: 4136
Image: C:\Program Files (x86)\Microsoft\EdgeUpdate\MicrosoftEdgeUpdate.exe
FileVersion: 1.3.147.37
Description: Microsoft Edge Update
Product: Microsoft Edge Update
Company: Microsoft Corporation
OriginalFileName: msedgeupdate.dll
CommandLine: ""C:\Program Files (x86)\Microsoft\EdgeUpdate\MicrosoftEdgeUpdate.exe"" /svc
CurrentDirectory: C:\Windows\system32\
User: NT AUTHORITY\SYSTEM
LogonGuid: {461f0bd2-1c1d-6354-e703-000000000000}
LogonId: 0x3E7
TerminalSessionId: 0
IntegrityLevel: System
Hashes: MD5=C019E421D9F897108E51666CBAE2C8B0,SHA256=3096D8E82917A9B73F322F4B1743E52E9B0C8B3C5933A957E73E29D6973CDD5B,IMPHASH=E00D60405A249A05D3B09AA7FE924B17
ParentProcessGuid: {00000000-0000-0000-0000-000000000000}
ParentProcessId: 660
ParentImage: -
ParentCommandLine: -
ParentUser: -","-","-","-","-","-","-","-","-","-","-","-","-","C:\Program Files (x86)\Microsoft\EdgeUpdate\MicrosoftEdgeUpdate.exe, /svc",2,"""C:\Program Files (x86)\Microsoft\EdgeUpdate\MicrosoftEdgeUpdate.exe"" /svc","""C:\Program Files (x86)\Microsoft\EdgeUpdate\MicrosoftEdgeUpdate.exe"" /svc","{461f0bd2-2c41-6354-8d00-000000001e00}","C:\Program Files (x86)\Microsoft\EdgeUpdate\MicrosoftEdgeUpdate.exe","C:\Program Files (x86)\Microsoft\EdgeUpdate\MicrosoftEdgeUpdate.exe",c019e421d9f897108e51666cbae2c8b0,3096d8e82917a9b73f322f4b1743e52e9b0c8b3c5933a957e73e29d6973cdd5b,"MicrosoftEdgeUpdate.exe","MicrosoftEdgeUpdate.exe","-",1,"-","-","{00000000-0000-0000-0000-000000000000}","-","-","-","-",660,"Microsoft Corporation","Microsoft Edge Update","1.3.147.37",e00d60405a249a05d3b09aa7fe924b17,"msedgeupdate.dll","Microsoft Edge Update",4136,"-","-","C:\Windows\system32\","C:\Windows\system32\","-","-","-","-","-","-","3096d8e82917a9b73f322f4b1743e52e9b0c8b3c5933a957e73e29d6973cdd5b, c019e421d9f897108e51666cbae2c8b0, e00d60405a249a05d3b09aa7fe924b17","-","-",SYSTEM,"-","-","NT AUTHORITY","-","S-1-5-18",SYSTEM,SYSTEM,"-",wineventlog,"Microsoft-Windows-Sysmon/Operational",victim,"Microsoft Corporation","-","Microsoft Edge Update","-","1.3.147.37",System,"{461f0bd2-1c1d-6354-e703-000000000000}",0x3e7,"-","-","-","Microsoft Edge Update","-","-","-","-","-","-","-","-",0,"-",1,"-","-",Info,"2,276","2,512","{5770385f-c22a-43e0-bf4c-06f5698ffbd9}","Microsoft-Windows-Sysmon",4856,"Process Create (rule: ProcessCreate)","NT AUTHORITY","S-1-5-18",SYSTEM,User,5
"Oct 23, 2022 @ 01:45:32.807",akXQAIQBHC0TB3lJ9pgm,".ds-winlogbeat-8.2.3-2022.10.22-000001","-","c2c04a29-9d47-4de5-86f6-5958b0d4222c",victim,"b15c43c7-63a1-423e-901b-f1acc6401711",victim,winlogbeat,"8.2.3","fe80::91a8:3d9e:36ba:f548, fe80::4959:93ba:69a6:522d, 172.19.96.10, 10.0.2.15","AAAA, AAAA, A, A",victim,"-","-","-","fe80::91a8:3d9e:36ba:f548, fe80::4959:93ba:69a6:522d, 172.19.96.10, 10.0.2.15","1.12.0","Dns query (rule: DnsQuery)",network,22,"Oct 23, 2022 @ 01:50:09.606","Oct 23, 2022 @ 01:50:05.342",event,sysmon,"-","Microsoft-Windows-Sysmon","-","connection, protocol, info","-","-","-","-","-","x86_64",victim,"461f0bd2-c182-413a-8a41-2a8e4accb4a9","fe80::4959:93ba:69a6:522d, 10.0.2.15, fe80::91a8:3d9e:36ba:f548, 172.19.96.10","08:00:27:7c:f3:ae, 08:00:27:22:f7:3c",victim,"19044.1889",windows,"10.0.19041.1889 (WinBuild.160101.0800)","Windows 10 Enterprise Evaluation","Windows 10 Enterprise Evaluation",windows,windows,"10.0",information,"Dns query:
RuleName: -
UtcTime: 2022-10-22 17:45:32.807
ProcessGuid: {461f0bd2-2c35-6354-8500-000000001e00}
ProcessId: 4072
QueryName: victim
QueryStatus: 0
QueryResults: fe80::91a8:3d9e:36ba:f548;fe80::4959:93ba:69a6:522d;::ffff:172.19.96.10;::ffff:10.0.2.15;
Image: C:\Windows\System32\CompatTelRunner.exe
User: NT AUTHORITY\SYSTEM",dns,"-","-","-","-","-","-","-","-","-","-","-","-","-","-","-","{461f0bd2-2c35-6354-8500-000000001e00}","C:\Windows\System32\CompatTelRunner.exe","C:\Windows\System32\CompatTelRunner.exe","-","-","CompatTelRunner.exe","CompatTelRunner.exe","-","-","-","-","-","-","-","-","-","-","-","-","-","-","-","-",4072,"-","-","-","-","-","-","-","-","-","-","-",victim,"fe80::91a8:3d9e:36ba:f548, fe80::4959:93ba:69a6:522d, 172.19.96.10, 10.0.2.15",SYSTEM,"-",SUCCESS,"NT AUTHORITY","-","S-1-5-18",SYSTEM,SYSTEM,"-",wineventlog,"Microsoft-Windows-Sysmon/Operational",victim,"-","-","-","-","-","-","-","-","-","-","-","-","-","-","-","-","-","-","-","-","-","-",22,"-","-",Info,"2,276","2,984","{5770385f-c22a-43e0-bf4c-06f5698ffbd9}","Microsoft-Windows-Sysmon",4852,"Dns query (rule: DnsQuery)","NT AUTHORITY","S-1-5-18",SYSTEM,User,5
"Oct 23, 2022 @ 01:45:31.013",bEXQAIQBHC0TB3lJ9pgm,".ds-winlogbeat-8.2.3-2022.10.22-000001","-","c2c04a29-9d47-4de5-86f6-5958b0d4222c",victim,"b15c43c7-63a1-423e-901b-f1acc6401711",victim,winlogbeat,"8.2.3","-","-","-","-","-","-","-","1.12.0","File created (rule: FileCreate)",file,11,"Oct 23, 2022 @ 01:50:09.607","Oct 23, 2022 @ 01:50:05.343",event,sysmon,"-","Microsoft-Windows-Sysmon","-",creation,"C:\Windows\Temp",ps1,"__PSScriptPolicyTest_2nokq4rr.nbt.ps1","C:\Windows\Temp\__PSScriptPolicyTest_2nokq4rr.nbt.ps1","C:\Windows\Temp\__PSScriptPolicyTest_2nokq4rr.nbt.ps1","x86_64",victim,"461f0bd2-c182-413a-8a41-2a8e4accb4a9","fe80::4959:93ba:69a6:522d, 10.0.2.15, fe80::91a8:3d9e:36ba:f548, 172.19.96.10","08:00:27:7c:f3:ae, 08:00:27:22:f7:3c",victim,"19044.1889",windows,"10.0.19041.1889 (WinBuild.160101.0800)","Windows 10 Enterprise Evaluation","Windows 10 Enterprise Evaluation",windows,windows,"10.0",information,"File created:
RuleName: -
UtcTime: 2022-10-22 17:45:31.013
ProcessGuid: {461f0bd2-2c39-6354-8900-000000001e00}
ProcessId: 3892
Image: C:\Windows\System32\WindowsPowerShell\v1.0\powershell.exe
TargetFilename: C:\Windows\Temp\__PSScriptPolicyTest_2nokq4rr.nbt.ps1
CreationUtcTime: 2022-10-22 17:45:31.013
User: NT AUTHORITY\SYSTEM","-","-","-","-","-","-","-","-","-","-","-","-","-","-","-","-","{461f0bd2-2c39-6354-8900-000000001e00}","C:\Windows\System32\WindowsPowerShell\v1.0\powershell.exe","C:\Windows\System32\WindowsPowerShell\v1.0\powershell.exe","-","-","powershell.exe","powershell.exe","-","-","-","-","-","-","-","-","-","-","-","-","-","-","-","-",3892,"-","-","-","-","-","-","-","-","-","-","-","-","-",SYSTEM,"-","-","NT AUTHORITY","-","S-1-5-18",SYSTEM,SYSTEM,"-",wineventlog,"Microsoft-Windows-Sysmon/Operational",victim,"-","2022-10-22 17:45:31.013","-","-","-","-","-","-","-","-","-","-","-","-","-","-","-","-","-","-","-","-",11,"-","-",Info,"2,276","2,512","{5770385f-c22a-43e0-bf4c-06f5698ffbd9}","Microsoft-Windows-Sysmon",4854,"File created (rule: FileCreate)","NT AUTHORITY","S-1-5-18",SYSTEM,User,2
"Oct 23, 2022 @ 01:45:29.401",a0XQAIQBHC0TB3lJ9pgm,".ds-winlogbeat-8.2.3-2022.10.22-000001","-","c2c04a29-9d47-4de5-86f6-5958b0d4222c",victim,"b15c43c7-63a1-423e-901b-f1acc6401711",victim,winlogbeat,"8.2.3","-","-","-","-","-","-","-","1.12.0","Process Create (rule: ProcessCreate)",process,1,"Oct 23, 2022 @ 01:50:09.607","Oct 23, 2022 @ 01:50:05.343",event,sysmon,"-","Microsoft-Windows-Sysmon","-",start,"-","-","-","-","-","x86_64",victim,"461f0bd2-c182-413a-8a41-2a8e4accb4a9","fe80::4959:93ba:69a6:522d, 10.0.2.15, fe80::91a8:3d9e:36ba:f548, 172.19.96.10","08:00:27:7c:f3:ae, 08:00:27:22:f7:3c",victim,"19044.1889",windows,"10.0.19041.1889 (WinBuild.160101.0800)","Windows 10 Enterprise Evaluation","Windows 10 Enterprise Evaluation",windows,windows,"10.0",information,"Process Create:
RuleName: -
UtcTime: 2022-10-22 17:45:29.401
ProcessGuid: {461f0bd2-2c39-6354-8900-000000001e00}
ProcessId: 3892
Image: C:\Windows\System32\WindowsPowerShell\v1.0\powershell.exe
FileVersion: 10.0.19041.546 (WinBuild.160101.0800)
Description: Windows PowerShell
Product: Microsoft® Windows® Operating System
Company: Microsoft Corporation
OriginalFileName: PowerShell.EXE
CommandLine: powershell.exe -ExecutionPolicy Restricted -Command Write-Host 'Final result: 1';
CurrentDirectory: C:\Windows\system32\
User: NT AUTHORITY\SYSTEM
LogonGuid: {461f0bd2-1c1d-6354-e703-000000000000}
LogonId: 0x3E7
TerminalSessionId: 0
IntegrityLevel: System
Hashes: MD5=04029E121A0CFA5991749937DD22A1D9,SHA256=9F914D42706FE215501044ACD85A32D58AAEF1419D404FDDFA5D3B48F66CCD9F,IMPHASH=7C955A0ABC747F57CCC4324480737EF7
ParentProcessGuid: {461f0bd2-2c35-6354-8500-000000001e00}
ParentProcessId: 4072
ParentImage: C:\Windows\System32\CompatTelRunner.exe
ParentCommandLine: C:\Windows\system32\CompatTelRunner.exe -m:appraiser.dll -f:DoScheduledTelemetryRun -cv:hOhwX2yRkk2TGwRP.1
ParentUser: NT AUTHORITY\SYSTEM","-","-","-","-","-","-","-","-","-","-","-","-","powershell.exe, -ExecutionPolicy, Restricted, -Command, Write-Host, 'Final, result:, 1';",8,"powershell.exe -ExecutionPolicy Restricted -Command Write-Host 'Final result: 1';","powershell.exe -ExecutionPolicy Restricted -Command Write-Host 'Final result: 1';","{461f0bd2-2c39-6354-8900-000000001e00}","C:\Windows\System32\WindowsPowerShell\v1.0\powershell.exe","C:\Windows\System32\WindowsPowerShell\v1.0\powershell.exe",04029e121a0cfa5991749937dd22a1d9,9f914d42706fe215501044acd85a32d58aaef1419d404fddfa5d3b48f66ccd9f,"powershell.exe","powershell.exe","C:\Windows\system32\CompatTelRunner.exe, -m:appraiser.dll, -f:DoScheduledTelemetryRun, -cv:hOhwX2yRkk2TGwRP.1",4,"C:\Windows\system32\CompatTelRunner.exe -m:appraiser.dll -f:DoScheduledTelemetryRun -cv:hOhwX2yRkk2TGwRP.1","C:\Windows\system32\CompatTelRunner.exe -m:appraiser.dll -f:DoScheduledTelemetryRun -cv:hOhwX2yRkk2TGwRP.1","{461f0bd2-2c35-6354-8500-000000001e00}","C:\Windows\System32\CompatTelRunner.exe","C:\Windows\System32\CompatTelRunner.exe","CompatTelRunner.exe","CompatTelRunner.exe",4072,"Microsoft Corporation","Windows PowerShell","10.0.19041.546 (WinBuild.160101.0800)",7c955a0abc747f57ccc4324480737ef7,"PowerShell.EXE","Microsoft® Windows® Operating System",3892,"-","-","C:\Windows\system32\","C:\Windows\system32\","-","-","-","-","-","-","9f914d42706fe215501044acd85a32d58aaef1419d404fddfa5d3b48f66ccd9f, 04029e121a0cfa5991749937dd22a1d9, 7c955a0abc747f57ccc4324480737ef7","-","-",SYSTEM,"-","-","NT AUTHORITY","-","S-1-5-18",SYSTEM,SYSTEM,"-",wineventlog,"Microsoft-Windows-Sysmon/Operational",victim,"Microsoft Corporation","-","Windows PowerShell","-","10.0.19041.546 (WinBuild.160101.0800)",System,"{461f0bd2-1c1d-6354-e703-000000000000}",0x3e7,"-","NT AUTHORITY\SYSTEM","-","Microsoft® Windows® Operating System","-","-","-","-","-","-","-","-",0,"-",1,"-","-",Info,"2,276","2,512","{5770385f-c22a-43e0-bf4c-06f5698ffbd9}","Microsoft-Windows-Sysmon",4853,"Process Create (rule: ProcessCreate)","NT AUTHORITY","S-1-5-18",SYSTEM,User,5
"Oct 23, 2022 @ 01:45:13.736",aUXQAIQBHC0TB3lJ9pgm,".ds-winlogbeat-8.2.3-2022.10.22-000001","-","c2c04a29-9d47-4de5-86f6-5958b0d4222c",victim,"b15c43c7-63a1-423e-901b-f1acc6401711",victim,winlogbeat,"8.2.3","-","-","-","-","-","-","-","1.12.0","Process Create (rule: ProcessCreate)",process,1,"Oct 23, 2022 @ 01:50:09.606","Oct 23, 2022 @ 01:50:05.342",event,sysmon,"-","Microsoft-Windows-Sysmon","-",start,"-","-","-","-","-","x86_64",victim,"461f0bd2-c182-413a-8a41-2a8e4accb4a9","fe80::4959:93ba:69a6:522d, 10.0.2.15, fe80::91a8:3d9e:36ba:f548, 172.19.96.10","08:00:27:7c:f3:ae, 08:00:27:22:f7:3c",victim,"19044.1889",windows,"10.0.19041.1889 (WinBuild.160101.0800)","Windows 10 Enterprise Evaluation","Windows 10 Enterprise Evaluation",windows,windows,"10.0",information,"Process Create:
RuleName: -
UtcTime: 2022-10-22 17:45:13.736
ProcessGuid: {461f0bd2-2c29-6354-8400-000000001e00}
ProcessId: 4192
Image: C:\Windows\ImmersiveControlPanel\SystemSettings.exe
FileVersion: 10.0.19041.1865 (WinBuild.160101.0800)
Description: Settings
Product: Microsoft® Windows® Operating System
Company: Microsoft Corporation
OriginalFileName: SystemSettings.exe
CommandLine: ""C:\Windows\ImmersiveControlPanel\SystemSettings.exe"" -ServerName:microsoft.windows.immersivecontrolpanel
CurrentDirectory: C:\Windows\ImmersiveControlPanel\
User: VICTIM\Patricia Goh
LogonGuid: {461f0bd2-2bde-6354-1787-040000000000}
LogonId: 0x48717
TerminalSessionId: 1
IntegrityLevel: High
Hashes: MD5=3CD3CD85226FCF576DFE9B70B6DA2630,SHA256=5C7F461CB692C6B748D13AED9F172F1A83F9FE5D76B1135012651EE3A2B52B2A,IMPHASH=EC87C68A546FB4BDECF11BCB83E7D0E5
ParentProcessGuid: {00000000-0000-0000-0000-000000000000}
ParentProcessId: 784
ParentImage: -
ParentCommandLine: -
ParentUser: -","-","-","-","-","-","-","-","-","-","-","-","-","C:\Windows\ImmersiveControlPanel\SystemSettings.exe, -ServerName:microsoft.windows.immersivecontrolpanel",2,"""C:\Windows\ImmersiveControlPanel\SystemSettings.exe"" -ServerName:microsoft.windows.immersivecontrolpanel","""C:\Windows\ImmersiveControlPanel\SystemSettings.exe"" -ServerName:microsoft.windows.immersivecontrolpanel","{461f0bd2-2c29-6354-8400-000000001e00}","C:\Windows\ImmersiveControlPanel\SystemSettings.exe","C:\Windows\ImmersiveControlPanel\SystemSettings.exe",3cd3cd85226fcf576dfe9b70b6da2630,5c7f461cb692c6b748d13aed9f172f1a83f9fe5d76b1135012651ee3a2b52b2a,"SystemSettings.exe","SystemSettings.exe","-",1,"-","-","{00000000-0000-0000-0000-000000000000}","-","-","-","-",784,"Microsoft Corporation",Settings,"10.0.19041.1865 (WinBuild.160101.0800)",ec87c68a546fb4bdecf11bcb83e7d0e5,"SystemSettings.exe","Microsoft® Windows® Operating System",4192,"-","-","C:\Windows\ImmersiveControlPanel\","C:\Windows\ImmersiveControlPanel\","-","-","-","-","-","-","5c7f461cb692c6b748d13aed9f172f1a83f9fe5d76b1135012651ee3a2b52b2a, 3cd3cd85226fcf576dfe9b70b6da2630, ec87c68a546fb4bdecf11bcb83e7d0e5","-","-","Patricia Goh","-","-",VICTIM,"-","S-1-5-18","Patricia Goh","Patricia Goh","-",wineventlog,"Microsoft-Windows-Sysmon/Operational",victim,"Microsoft Corporation","-",Settings,"-","10.0.19041.1865 (WinBuild.160101.0800)",High,"{461f0bd2-2bde-6354-1787-040000000000}",0x48717,"-","-","-","Microsoft® Windows® Operating System","-","-","-","-","-","-","-","-",1,"-",1,"-","-",Info,"2,276","2,512","{5770385f-c22a-43e0-bf4c-06f5698ffbd9}","Microsoft-Windows-Sysmon",4851,"Process Create (rule: ProcessCreate)","NT AUTHORITY","S-1-5-18",SYSTEM,User,5
"Oct 23, 2022 @ 01:45:06.108",TkXQAIQBHC0TB3lJ9pgD,".ds-winlogbeat-8.2.3-2022.10.22-000001","-","c2c04a29-9d47-4de5-86f6-5958b0d4222c",victim,"b15c43c7-63a1-423e-901b-f1acc6401711",victim,winlogbeat,"8.2.3","-","-","-","-","-","-","-","1.12.0","Process Create (rule: ProcessCreate)",process,1,"Oct 23, 2022 @ 01:50:08.820","Oct 23, 2022 @ 01:50:05.315",event,sysmon,"-","Microsoft-Windows-Sysmon","-",start,"-","-","-","-","-","x86_64",victim,"461f0bd2-c182-413a-8a41-2a8e4accb4a9","fe80::4959:93ba:69a6:522d, 10.0.2.15, fe80::91a8:3d9e:36ba:f548, 172.19.96.10","08:00:27:7c:f3:ae, 08:00:27:22:f7:3c",victim,"19044.1889",windows,"10.0.19041.1889 (WinBuild.160101.0800)","Windows 10 Enterprise Evaluation","Windows 10 Enterprise Evaluation",windows,windows,"10.0",information,"Process Create:
RuleName: -
UtcTime: 2022-10-22 17:45:06.108
ProcessGuid: {461f0bd2-2c22-6354-8000-000000001e00}
ProcessId: 5916
Image: C:\Windows\System32\taskhostw.exe
FileVersion: 10.0.19041.1865 (WinBuild.160101.0800)
Description: Host Process for Windows Tasks
Product: Microsoft® Windows® Operating System
Company: Microsoft Corporation
OriginalFileName: taskhostw.exe
CommandLine: taskhostw.exe $(Arg0)
CurrentDirectory: C:\Windows\system32\
User: VICTIM\Patricia Goh
LogonGuid: {461f0bd2-2bde-6354-1787-040000000000}
LogonId: 0x48717
TerminalSessionId: 1
IntegrityLevel: High
Hashes: MD5=A00BF82660835224CD6606A248321C5D,SHA256=E63709209D09BC0247E785F075DDB28A98C348206109E2B8BA321AD958402728,IMPHASH=3A0C6863CDE566AF997DB2DEFFF9D924
ParentProcessGuid: {00000000-0000-0000-0000-000000000000}
ParentProcessId: 512
ParentImage: -
ParentCommandLine: -
ParentUser: -","-","-","-","-","-","-","-","-","-","-","-","-","taskhostw.exe, $(Arg0)",2,"taskhostw.exe $(Arg0)","taskhostw.exe $(Arg0)","{461f0bd2-2c22-6354-8000-000000001e00}","C:\Windows\System32\taskhostw.exe","C:\Windows\System32\taskhostw.exe",a00bf82660835224cd6606a248321c5d,e63709209d09bc0247e785f075ddb28a98c348206109e2b8ba321ad958402728,"taskhostw.exe","taskhostw.exe","-",1,"-","-","{00000000-0000-0000-0000-000000000000}","-","-","-","-",512,"Microsoft Corporation","Host Process for Windows Tasks","10.0.19041.1865 (WinBuild.160101.0800)",3a0c6863cde566af997db2defff9d924,"taskhostw.exe","Microsoft® Windows® Operating System",5916,"-","-","C:\Windows\system32\","C:\Windows\system32\","-","-","-","-","-","-","e63709209d09bc0247e785f075ddb28a98c348206109e2b8ba321ad958402728, a00bf82660835224cd6606a248321c5d, 3a0c6863cde566af997db2defff9d924","-","-","Patricia Goh","-","-",VICTIM,"-","S-1-5-18","Patricia Goh","Patricia Goh","-",wineventlog,"Microsoft-Windows-Sysmon/Operational",victim,"Microsoft Corporation","-","Host Process for Windows Tasks","-","10.0.19041.1865 (WinBuild.160101.0800)",High,"{461f0bd2-2bde-6354-1787-040000000000}",0x48717,"-","-","-","Microsoft® Windows® Operating System","-","-","-","-","-","-","-","-",1,"-",1,"-","-",Info,"2,276","2,512","{5770385f-c22a-43e0-bf4c-06f5698ffbd9}","Microsoft-Windows-Sysmon",4850,"Process Create (rule: ProcessCreate)","NT AUTHORITY","S-1-5-18",SYSTEM,User,5
"Oct 23, 2022 @ 01:45:04.483",TUXQAIQBHC0TB3lJ9pgD,".ds-winlogbeat-8.2.3-2022.10.22-000001","-","c2c04a29-9d47-4de5-86f6-5958b0d4222c",victim,"b15c43c7-63a1-423e-901b-f1acc6401711",victim,winlogbeat,"8.2.3","-","-","-","-","-","-","-","1.12.0","Process Create (rule: ProcessCreate)",process,1,"Oct 23, 2022 @ 01:50:08.820","Oct 23, 2022 @ 01:50:05.314",event,sysmon,"-","Microsoft-Windows-Sysmon","-",start,"-","-","-","-","-","x86_64",victim,"461f0bd2-c182-413a-8a41-2a8e4accb4a9","fe80::4959:93ba:69a6:522d, 10.0.2.15, fe80::91a8:3d9e:36ba:f548, 172.19.96.10","08:00:27:7c:f3:ae, 08:00:27:22:f7:3c",victim,"19044.1889",windows,"10.0.19041.1889 (WinBuild.160101.0800)","Windows 10 Enterprise Evaluation","Windows 10 Enterprise Evaluation",windows,windows,"10.0",information,"Process Create:
RuleName: -
UtcTime: 2022-10-22 17:45:04.483
ProcessGuid: {461f0bd2-2c20-6354-7d00-000000001e00}
ProcessId: 5096
Image: C:\Windows\System32\ApplicationFrameHost.exe
FileVersion: 10.0.19041.746 (WinBuild.160101.0800)
Description: Application Frame Host
Product: Microsoft® Windows® Operating System
Company: Microsoft Corporation
OriginalFileName: ApplicationFrameHost.exe
CommandLine: C:\Windows\system32\ApplicationFrameHost.exe -Embedding
CurrentDirectory: C:\Windows\system32\
User: VICTIM\Patricia Goh
LogonGuid: {461f0bd2-2bde-6354-1787-040000000000}
LogonId: 0x48717
TerminalSessionId: 1
IntegrityLevel: High
Hashes: MD5=D58A8A987A8DAFAD9DC32A548CC061E7,SHA256=CF58E424B86775E6F2354291052126A646F842FFF811B730714DFBBD8EBC71A4,IMPHASH=09ACF1642E301359F90E7DA59EE838C6
ParentProcessGuid: {00000000-0000-0000-0000-000000000000}
ParentProcessId: 784
ParentImage: -
ParentCommandLine: -
ParentUser: -","-","-","-","-","-","-","-","-","-","-","-","-","C:\Windows\system32\ApplicationFrameHost.exe, -Embedding",2,"C:\Windows\system32\ApplicationFrameHost.exe -Embedding","C:\Windows\system32\ApplicationFrameHost.exe -Embedding","{461f0bd2-2c20-6354-7d00-000000001e00}","C:\Windows\System32\ApplicationFrameHost.exe","C:\Windows\System32\ApplicationFrameHost.exe",d58a8a987a8dafad9dc32a548cc061e7,cf58e424b86775e6f2354291052126a646f842fff811b730714dfbbd8ebc71a4,"ApplicationFrameHost.exe","ApplicationFrameHost.exe","-",1,"-","-","{00000000-0000-0000-0000-000000000000}","-","-","-","-",784,"Microsoft Corporation","Application Frame Host","10.0.19041.746 (WinBuild.160101.0800)",09acf1642e301359f90e7da59ee838c6,"ApplicationFrameHost.exe","Microsoft® Windows® Operating System",5096,"-","-","C:\Windows\system32\","C:\Windows\system32\","-","-","-","-","-","-","cf58e424b86775e6f2354291052126a646f842fff811b730714dfbbd8ebc71a4, d58a8a987a8dafad9dc32a548cc061e7, 09acf1642e301359f90e7da59ee838c6","-","-","Patricia Goh","-","-",VICTIM,"-","S-1-5-18","Patricia Goh","Patricia Goh","-",wineventlog,"Microsoft-Windows-Sysmon/Operational",victim,"Microsoft Corporation","-","Application Frame Host","-","10.0.19041.746 (WinBuild.160101.0800)",High,"{461f0bd2-2bde-6354-1787-040000000000}",0x48717,"-","-","-","Microsoft® Windows® Operating System","-","-","-","-","-","-","-","-",1,"-",1,"-","-",Info,"2,276","2,512","{5770385f-c22a-43e0-bf4c-06f5698ffbd9}","Microsoft-Windows-Sysmon",4849,"Process Create (rule: ProcessCreate)","NT AUTHORITY","S-1-5-18",SYSTEM,User,5
"Oct 23, 2022 @ 01:44:37.113",TEXQAIQBHC0TB3lJ9pgD,".ds-winlogbeat-8.2.3-2022.10.22-000001","-","c2c04a29-9d47-4de5-86f6-5958b0d4222c",victim,"b15c43c7-63a1-423e-901b-f1acc6401711",victim,winlogbeat,"8.2.3","-","-","-","-","-","-","-","1.12.0","Process Create (rule: ProcessCreate)",process,1,"Oct 23, 2022 @ 01:50:08.820","Oct 23, 2022 @ 01:50:05.314",event,sysmon,"-","Microsoft-Windows-Sysmon","-",start,"-","-","-","-","-","x86_64",victim,"461f0bd2-c182-413a-8a41-2a8e4accb4a9","fe80::4959:93ba:69a6:522d, 10.0.2.15, fe80::91a8:3d9e:36ba:f548, 172.19.96.10","08:00:27:7c:f3:ae, 08:00:27:22:f7:3c",victim,"19044.1889",windows,"10.0.19041.1889 (WinBuild.160101.0800)","Windows 10 Enterprise Evaluation","Windows 10 Enterprise Evaluation",windows,windows,"10.0",information,"Process Create:
RuleName: -
UtcTime: 2022-10-22 17:44:37.113
ProcessGuid: {461f0bd2-2c05-6354-7c00-000000001e00}
ProcessId: 6060
Image: C:\Windows\System32\wlrmdr.exe
FileVersion: 10.0.19041.746 (WinBuild.160101.0800)
Description: Windows logon reminder
Product: Microsoft® Windows® Operating System
Company: Microsoft Corporation
OriginalFileName: WLRMNDR.EXE
CommandLine:  -c -s 0 -f 0 -t Empty -m Empty -a 0 -u Empty
CurrentDirectory: C:\Windows\system32\
User: VICTIM\Patricia Goh
LogonGuid: {461f0bd2-2bde-6354-1787-040000000000}
LogonId: 0x48717
TerminalSessionId: 1
IntegrityLevel: High
Hashes: MD5=EF9BBA7A637A11B224A90BF90A8943AC,SHA256=2FDA95AAFB2E9284C730BF912B93F60A75B151941ADC14445ED1E056140325B1,IMPHASH=0C029EF03BE0DFE4324558843609A28E
ParentProcessGuid: {461f0bd2-1c1d-6354-0a00-000000001e00}
ParentProcessId: 612
ParentImage: C:\Windows\System32\winlogon.exe
ParentCommandLine: winlogon.exe
ParentUser: NT AUTHORITY\SYSTEM","-","-","-","-","-","-","-","-","-","-","-","-","-c, -s, 0, -f, 0, -t, Empty, -m, Empty, -a, 0, -u, Empty",13," -c -s 0 -f 0 -t Empty -m Empty -a 0 -u Empty"," -c -s 0 -f 0 -t Empty -m Empty -a 0 -u Empty","{461f0bd2-2c05-6354-7c00-000000001e00}","C:\Windows\System32\wlrmdr.exe","C:\Windows\System32\wlrmdr.exe",ef9bba7a637a11b224a90bf90a8943ac,2fda95aafb2e9284c730bf912b93f60a75b151941adc14445ed1e056140325b1,"wlrmdr.exe","wlrmdr.exe","winlogon.exe",1,"winlogon.exe","winlogon.exe","{461f0bd2-1c1d-6354-0a00-000000001e00}","C:\Windows\System32\winlogon.exe","C:\Windows\System32\winlogon.exe","winlogon.exe","winlogon.exe",612,"Microsoft Corporation","Windows logon reminder","10.0.19041.746 (WinBuild.160101.0800)",0c029ef03be0dfe4324558843609a28e,"WLRMNDR.EXE","Microsoft® Windows® Operating System",6060,"-","-","C:\Windows\system32\","C:\Windows\system32\","-","-","-","-","-","-","2fda95aafb2e9284c730bf912b93f60a75b151941adc14445ed1e056140325b1, ef9bba7a637a11b224a90bf90a8943ac, 0c029ef03be0dfe4324558843609a28e","-","-","Patricia Goh","-","-",VICTIM,"-","S-1-5-18","Patricia Goh","Patricia Goh","-",wineventlog,"Microsoft-Windows-Sysmon/Operational",victim,"Microsoft Corporation","-","Windows logon reminder","-","10.0.19041.746 (WinBuild.160101.0800)",High,"{461f0bd2-2bde-6354-1787-040000000000}",0x48717,"-","NT AUTHORITY\SYSTEM","-","Microsoft® Windows® Operating System","-","-","-","-","-","-","-","-",1,"-",1,"-","-",Info,"2,276","2,512","{5770385f-c22a-43e0-bf4c-06f5698ffbd9}","Microsoft-Windows-Sysmon",4848,"Process Create (rule: ProcessCreate)","NT AUTHORITY","S-1-5-18",SYSTEM,User,5
"Oct 23, 2022 @ 01:44:35.562",S0XQAIQBHC0TB3lJ9pgD,".ds-winlogbeat-8.2.3-2022.10.22-000001","-","c2c04a29-9d47-4de5-86f6-5958b0d4222c",victim,"b15c43c7-63a1-423e-901b-f1acc6401711",victim,winlogbeat,"8.2.3","-","-","-","-","-","-","-","1.12.0","Process Create (rule: ProcessCreate)",process,1,"Oct 23, 2022 @ 01:50:08.820","Oct 23, 2022 @ 01:50:05.314",event,sysmon,"-","Microsoft-Windows-Sysmon","-",start,"-","-","-","-","-","x86_64",victim,"461f0bd2-c182-413a-8a41-2a8e4accb4a9","fe80::4959:93ba:69a6:522d, 10.0.2.15, fe80::91a8:3d9e:36ba:f548, 172.19.96.10","08:00:27:7c:f3:ae, 08:00:27:22:f7:3c",victim,"19044.1889",windows,"10.0.19041.1889 (WinBuild.160101.0800)","Windows 10 Enterprise Evaluation","Windows 10 Enterprise Evaluation",windows,windows,"10.0",information,"Process Create:
RuleName: -
UtcTime: 2022-10-22 17:44:35.562
ProcessGuid: {461f0bd2-2c03-6354-7b00-000000001e00}
ProcessId: 6012
Image: C:\Windows\System32\taskhostw.exe
FileVersion: 10.0.19041.1865 (WinBuild.160101.0800)
Description: Host Process for Windows Tasks
Product: Microsoft® Windows® Operating System
Company: Microsoft Corporation
OriginalFileName: taskhostw.exe
CommandLine: taskhostw.exe SyncFromCloud
CurrentDirectory: C:\Windows\system32\
User: VICTIM\Patricia Goh
LogonGuid: {461f0bd2-2bde-6354-1787-040000000000}
LogonId: 0x48717
TerminalSessionId: 1
IntegrityLevel: High
Hashes: MD5=A00BF82660835224CD6606A248321C5D,SHA256=E63709209D09BC0247E785F075DDB28A98C348206109E2B8BA321AD958402728,IMPHASH=3A0C6863CDE566AF997DB2DEFFF9D924
ParentProcessGuid: {461f0bd2-1c1e-6354-1300-000000001e00}
ParentProcessId: 512
ParentImage: C:\Windows\System32\svchost.exe
ParentCommandLine: C:\Windows\system32\svchost.exe -k netsvcs -p
ParentUser: NT AUTHORITY\SYSTEM","-","-","-","-","-","-","-","-","-","-","-","-","taskhostw.exe, SyncFromCloud",2,"taskhostw.exe SyncFromCloud","taskhostw.exe SyncFromCloud","{461f0bd2-2c03-6354-7b00-000000001e00}","C:\Windows\System32\taskhostw.exe","C:\Windows\System32\taskhostw.exe",a00bf82660835224cd6606a248321c5d,e63709209d09bc0247e785f075ddb28a98c348206109e2b8ba321ad958402728,"taskhostw.exe","taskhostw.exe","C:\Windows\system32\svchost.exe, -k, netsvcs, -p",4,"C:\Windows\system32\svchost.exe -k netsvcs -p","C:\Windows\system32\svchost.exe -k netsvcs -p","{461f0bd2-1c1e-6354-1300-000000001e00}","C:\Windows\System32\svchost.exe","C:\Windows\System32\svchost.exe","svchost.exe","svchost.exe",512,"Microsoft Corporation","Host Process for Windows Tasks","10.0.19041.1865 (WinBuild.160101.0800)",3a0c6863cde566af997db2defff9d924,"taskhostw.exe","Microsoft® Windows® Operating System",6012,"-","-","C:\Windows\system32\","C:\Windows\system32\","-","-","-","-","-","-","e63709209d09bc0247e785f075ddb28a98c348206109e2b8ba321ad958402728, a00bf82660835224cd6606a248321c5d, 3a0c6863cde566af997db2defff9d924","-","-","Patricia Goh","-","-",VICTIM,"-","S-1-5-18","Patricia Goh","Patricia Goh","-",wineventlog,"Microsoft-Windows-Sysmon/Operational",victim,"Microsoft Corporation","-","Host Process for Windows Tasks","-","10.0.19041.1865 (WinBuild.160101.0800)",High,"{461f0bd2-2bde-6354-1787-040000000000}",0x48717,"-","NT AUTHORITY\SYSTEM","-","Microsoft® Windows® Operating System","-","-","-","-","-","-","-","-",1,"-",1,"-","-",Info,"2,276","2,512","{5770385f-c22a-43e0-bf4c-06f5698ffbd9}","Microsoft-Windows-Sysmon",4847,"Process Create (rule: ProcessCreate)","NT AUTHORITY","S-1-5-18",SYSTEM,User,5
"Oct 23, 2022 @ 01:44:28.934",SkXQAIQBHC0TB3lJ9pgD,".ds-winlogbeat-8.2.3-2022.10.22-000001","-","c2c04a29-9d47-4de5-86f6-5958b0d4222c",victim,"b15c43c7-63a1-423e-901b-f1acc6401711",victim,winlogbeat,"8.2.3","-","-","-","-","-","-","-","1.12.0","Process Create (rule: ProcessCreate)",process,1,"Oct 23, 2022 @ 01:50:08.820","Oct 23, 2022 @ 01:50:05.313",event,sysmon,"-","Microsoft-Windows-Sysmon","-",start,"-","-","-","-","-","x86_64",victim,"461f0bd2-c182-413a-8a41-2a8e4accb4a9","fe80::4959:93ba:69a6:522d, 10.0.2.15, fe80::91a8:3d9e:36ba:f548, 172.19.96.10","08:00:27:7c:f3:ae, 08:00:27:22:f7:3c",victim,"19044.1889",windows,"10.0.19041.1889 (WinBuild.160101.0800)","Windows 10 Enterprise Evaluation","Windows 10 Enterprise Evaluation",windows,windows,"10.0",information,"Process Create:
RuleName: -
UtcTime: 2022-10-22 17:44:28.934
ProcessGuid: {461f0bd2-2bfc-6354-7a00-000000001e00}
ProcessId: 5892
Image: C:\Windows\System32\rundll32.exe
FileVersion: 10.0.19041.746 (WinBuild.160101.0800)
Description: Windows host process (Rundll32)
Product: Microsoft® Windows® Operating System
Company: Microsoft Corporation
OriginalFileName: RUNDLL32.EXE
CommandLine: C:\Windows\System32\rundll32.exe C:\Windows\System32\shell32.dll,SHCreateLocalServerRunDll {9aa46009-3ce0-458a-a354-715610a075e6} -Embedding
CurrentDirectory: C:\Windows\system32\
User: VICTIM\Patricia Goh
LogonGuid: {461f0bd2-2bde-6354-1787-040000000000}
LogonId: 0x48717
TerminalSessionId: 1
IntegrityLevel: High
Hashes: MD5=EF3179D498793BF4234F708D3BE28633,SHA256=B53F3C0CD32D7F20849850768DA6431E5F876B7BFA61DB0AA0700B02873393FA,IMPHASH=4DB27267734D1576D75C991DC70F68AC
ParentProcessGuid: {461f0bd2-1c1e-6354-0f00-000000001e00}
ParentProcessId: 784
ParentImage: C:\Windows\System32\svchost.exe
ParentCommandLine: C:\Windows\system32\svchost.exe -k DcomLaunch -p
ParentUser: NT AUTHORITY\SYSTEM","-","-","-","-","-","-","-","-","-","-","-","-","C:\Windows\System32\rundll32.exe, C:\Windows\System32\shell32.dll,SHCreateLocalServerRunDll, {9aa46009-3ce0-458a-a354-715610a075e6}, -Embedding",4,"C:\Windows\System32\rundll32.exe C:\Windows\System32\shell32.dll,SHCreateLocalServerRunDll {9aa46009-3ce0-458a-a354-715610a075e6} -Embedding","C:\Windows\System32\rundll32.exe C:\Windows\System32\shell32.dll,SHCreateLocalServerRunDll {9aa46009-3ce0-458a-a354-715610a075e6} -Embedding","{461f0bd2-2bfc-6354-7a00-000000001e00}","C:\Windows\System32\rundll32.exe","C:\Windows\System32\rundll32.exe",ef3179d498793bf4234f708d3be28633,b53f3c0cd32d7f20849850768da6431e5f876b7bfa61db0aa0700b02873393fa,"rundll32.exe","rundll32.exe","C:\Windows\system32\svchost.exe, -k, DcomLaunch, -p",4,"C:\Windows\system32\svchost.exe -k DcomLaunch -p","C:\Windows\system32\svchost.exe -k DcomLaunch -p","{461f0bd2-1c1e-6354-0f00-000000001e00}","C:\Windows\System32\svchost.exe","C:\Windows\System32\svchost.exe","svchost.exe","svchost.exe",784,"Microsoft Corporation","Windows host process (Rundll32)","10.0.19041.746 (WinBuild.160101.0800)",4db27267734d1576d75c991dc70f68ac,"RUNDLL32.EXE","Microsoft® Windows® Operating System",5892,"-","-","C:\Windows\system32\","C:\Windows\system32\","-","-","-","-","-","-","b53f3c0cd32d7f20849850768da6431e5f876b7bfa61db0aa0700b02873393fa, ef3179d498793bf4234f708d3be28633, 4db27267734d1576d75c991dc70f68ac","-","-","Patricia Goh","-","-",VICTIM,"-","S-1-5-18","Patricia Goh","Patricia Goh","-",wineventlog,"Microsoft-Windows-Sysmon/Operational",victim,"Microsoft Corporation","-","Windows host process (Rundll32)","-","10.0.19041.746 (WinBuild.160101.0800)",High,"{461f0bd2-2bde-6354-1787-040000000000}",0x48717,"-","NT AUTHORITY\SYSTEM","-","Microsoft® Windows® Operating System","-","-","-","-","-","-","-","-",1,"-",1,"-","-",Info,"2,276","2,512","{5770385f-c22a-43e0-bf4c-06f5698ffbd9}","Microsoft-Windows-Sysmon",4846,"Process Create (rule: ProcessCreate)","NT AUTHORITY","S-1-5-18",SYSTEM,User,5
