"Oct 23, 2022 @ 01:51:19.325",4kXUAIQBHC0TB3lJS5ve,".ds-winlogbeat-8.2.3-2022.10.22-000001","-","25051d08-9df1-4629-b2c6-d1eeb5aa9cfd",victim,"b15c43c7-63a1-423e-901b-f1acc6401711",victim,winlogbeat,"8.2.3","-","-","-","-","-","-","-","1.12.0","Process Create (rule: ProcessCreate)",process,1,"Oct 23, 2022 @ 01:51:21.243","Oct 23, 2022 @ 01:53:43.901",event,sysmon,"-","Microsoft-Windows-Sysmon","-",start,"-","-","-","-","-","x86_64",victim,"461f0bd2-c182-413a-8a41-2a8e4accb4a9","fe80::4959:93ba:69a6:522d, 10.0.2.15, fe80::91a8:3d9e:36ba:f548, 172.19.96.10","08:00:27:7c:f3:ae, 08:00:27:22:f7:3c",victim,"19044.1889",windows,"10.0.19041.1889 (WinBuild.160101.0800)","Windows 10 Enterprise Evaluation","Windows 10 Enterprise Evaluation",windows,windows,"10.0",information,"Process Create:
RuleName: -
UtcTime: 2022-10-22 17:51:19.325
ProcessGuid: {461f0bd2-2d97-6354-7b00-000000001f00}
ProcessId: 6080
Image: C:\Windows\System32\SgrmBroker.exe
FileVersion: 10.0.19041.546 (WinBuild.160101.0800)
Description: System Guard Runtime Monitor Broker Service
Product: Microsoft® Windows® Operating System
Company: Microsoft Corporation
OriginalFileName: SgrmBroker.exe
CommandLine: C:\Windows\system32\SgrmBroker.exe
CurrentDirectory: C:\Windows
User: NT AUTHORITY\SYSTEM
LogonGuid: {461f0bd2-2cdb-6354-e703-000000000000}
LogonId: 0x3E7
TerminalSessionId: 0
IntegrityLevel: System
Hashes: MD5=3BA1A18A0DC30A0545E7765CB97D8E63,SHA256=F9CBF1FF87D6F11920C4B7367EA2178BF13AA276C65D918950683983F268BC1F,IMPHASH=A1CEC4880519264E008442D1427A48FB
ParentProcessGuid: {00000000-0000-0000-0000-000000000000}
ParentProcessId: 644
ParentImage: -
ParentCommandLine: -
ParentUser: -","-","-","-","-","-","-","-","-","-","-","-","-","C:\Windows\system32\SgrmBroker.exe",1,"C:\Windows\system32\SgrmBroker.exe","C:\Windows\system32\SgrmBroker.exe","{461f0bd2-2d97-6354-7b00-000000001f00}","C:\Windows\System32\SgrmBroker.exe","C:\Windows\System32\SgrmBroker.exe",3ba1a18a0dc30a0545e7765cb97d8e63,f9cbf1ff87d6f11920c4b7367ea2178bf13aa276c65d918950683983f268bc1f,"SgrmBroker.exe","SgrmBroker.exe","-",1,"-","-","{00000000-0000-0000-0000-000000000000}","-","-","-","-",644,"Microsoft Corporation","System Guard Runtime Monitor Broker Service","10.0.19041.546 (WinBuild.160101.0800)",a1cec4880519264e008442d1427a48fb,"SgrmBroker.exe","Microsoft® Windows® Operating System",6080,"-","-","C:\Windows","C:\Windows","-","-","-","-","-","-","f9cbf1ff87d6f11920c4b7367ea2178bf13aa276c65d918950683983f268bc1f, 3ba1a18a0dc30a0545e7765cb97d8e63, a1cec4880519264e008442d1427a48fb","-","-",SYSTEM,"-","-","NT AUTHORITY","-","S-1-5-18",SYSTEM,SYSTEM,"-",wineventlog,"Microsoft-Windows-Sysmon/Operational",victim,"Microsoft Corporation","-","System Guard Runtime Monitor Broker Service","-","10.0.19041.546 (WinBuild.160101.0800)",System,"{461f0bd2-2cdb-6354-e703-000000000000}",0x3e7,"-","-","-","Microsoft® Windows® Operating System","-","-","-","-","-","-","-","-",0,"-",1,"-","-",Info,"2,240","2,984","{5770385f-c22a-43e0-bf4c-06f5698ffbd9}","Microsoft-Windows-Sysmon",5140,"Process Create (rule: ProcessCreate)","NT AUTHORITY","S-1-5-18",SYSTEM,User,5
"Oct 23, 2022 @ 01:51:16.075",2kXUAIQBHC0TB3lJQ5sO,".ds-winlogbeat-8.2.3-2022.10.22-000001","-","25051d08-9df1-4629-b2c6-d1eeb5aa9cfd",victim,"b15c43c7-63a1-423e-901b-f1acc6401711",victim,winlogbeat,"8.2.3","-","-","-","-","-","-","-","1.12.0","File created (rule: FileCreate)",file,11,"Oct 23, 2022 @ 01:51:18.117","Oct 23, 2022 @ 01:53:41.645",event,sysmon,"-","Microsoft-Windows-Sysmon","-",creation,"C:\Users\Patricia Goh\AppData\Local\Temp",ps1,"__PSScriptPolicyTest_nnuq12v2.hdc.ps1","C:\Users\Patricia Goh\AppData\Local\Temp\__PSScriptPolicyTest_nnuq12v2.hdc.ps1","C:\Users\Patricia Goh\AppData\Local\Temp\__PSScriptPolicyTest_nnuq12v2.hdc.ps1","x86_64",victim,"461f0bd2-c182-413a-8a41-2a8e4accb4a9","fe80::4959:93ba:69a6:522d, 10.0.2.15, fe80::91a8:3d9e:36ba:f548, 172.19.96.10","08:00:27:7c:f3:ae, 08:00:27:22:f7:3c",victim,"19044.1889",windows,"10.0.19041.1889 (WinBuild.160101.0800)","Windows 10 Enterprise Evaluation","Windows 10 Enterprise Evaluation",windows,windows,"10.0",information,"File created:
RuleName: -
UtcTime: 2022-10-22 17:51:16.075
ProcessGuid: {461f0bd2-2d93-6354-7800-000000001f00}
ProcessId: 3600
Image: C:\Windows\System32\WindowsPowerShell\v1.0\powershell.exe
TargetFilename: C:\Users\Patricia Goh\AppData\Local\Temp\__PSScriptPolicyTest_nnuq12v2.hdc.ps1
CreationUtcTime: 2022-10-22 17:51:16.075
User: VICTIM\Patricia Goh","-","-","-","-","-","-","-","-","-","-","-","-","-","-","-","-","{461f0bd2-2d93-6354-7800-000000001f00}","C:\Windows\System32\WindowsPowerShell\v1.0\powershell.exe","C:\Windows\System32\WindowsPowerShell\v1.0\powershell.exe","-","-","powershell.exe","powershell.exe","-","-","-","-","-","-","-","-","-","-","-","-","-","-","-","-",3600,"-","-","-","-","-","-","-","-","-","-","-","-","-","Patricia Goh","-","-",VICTIM,"-","S-1-5-18","Patricia Goh","Patricia Goh","-",wineventlog,"Microsoft-Windows-Sysmon/Operational",victim,"-","2022-10-22 17:51:16.075","-","-","-","-","-","-","-","-","-","-","-","-","-","-","-","-","-","-","-","-",11,"-","-",Info,"2,240","2,984","{5770385f-c22a-43e0-bf4c-06f5698ffbd9}","Microsoft-Windows-Sysmon",5139,"File created (rule: FileCreate)","NT AUTHORITY","S-1-5-18",SYSTEM,User,2
"Oct 23, 2022 @ 01:51:15.561",2EXUAIQBHC0TB3lJQ5sO,".ds-winlogbeat-8.2.3-2022.10.22-000001","-","25051d08-9df1-4629-b2c6-d1eeb5aa9cfd",victim,"b15c43c7-63a1-423e-901b-f1acc6401711",victim,winlogbeat,"8.2.3","-","-","-","-","-","-","-","1.12.0","Process Create (rule: ProcessCreate)",process,1,"Oct 23, 2022 @ 01:51:18.117","Oct 23, 2022 @ 01:53:41.644",event,sysmon,"-","Microsoft-Windows-Sysmon","-",start,"-","-","-","-","-","x86_64",victim,"461f0bd2-c182-413a-8a41-2a8e4accb4a9","fe80::4959:93ba:69a6:522d, 10.0.2.15, fe80::91a8:3d9e:36ba:f548, 172.19.96.10","08:00:27:7c:f3:ae, 08:00:27:22:f7:3c",victim,"19044.1889",windows,"10.0.19041.1889 (WinBuild.160101.0800)","Windows 10 Enterprise Evaluation","Windows 10 Enterprise Evaluation",windows,windows,"10.0",information,"Process Create:
RuleName: -
UtcTime: 2022-10-22 17:51:15.561
ProcessGuid: {461f0bd2-2d93-6354-7900-000000001f00}
ProcessId: 364
Image: C:\Program Files (x86)\Microsoft\EdgeUpdate\MicrosoftEdgeUpdate.exe
FileVersion: 1.3.147.37
Description: Microsoft Edge Update
Product: Microsoft Edge Update
Company: Microsoft Corporation
OriginalFileName: msedgeupdate.dll
CommandLine: ""C:\Program Files (x86)\Microsoft\EdgeUpdate\MicrosoftEdgeUpdate.exe"" /c
CurrentDirectory: C:\Program Files (x86)\Microsoft\EdgeUpdate\1.3.169.31\
User: NT AUTHORITY\SYSTEM
LogonGuid: {461f0bd2-2cdb-6354-e703-000000000000}
LogonId: 0x3E7
TerminalSessionId: 0
IntegrityLevel: System
Hashes: MD5=C019E421D9F897108E51666CBAE2C8B0,SHA256=3096D8E82917A9B73F322F4B1743E52E9B0C8B3C5933A957E73E29D6973CDD5B,IMPHASH=E00D60405A249A05D3B09AA7FE924B17
ParentProcessGuid: {461f0bd2-2d91-6354-7600-000000001f00}
ParentProcessId: 5348
ParentImage: C:\Program Files (x86)\Microsoft\EdgeUpdate\MicrosoftEdgeUpdate.exe
ParentCommandLine: ""C:\Program Files (x86)\Microsoft\EdgeUpdate\MicrosoftEdgeUpdate.exe"" /svc
ParentUser: NT AUTHORITY\SYSTEM","-","-","-","-","-","-","-","-","-","-","-","-","C:\Program Files (x86)\Microsoft\EdgeUpdate\MicrosoftEdgeUpdate.exe, /c",2,"""C:\Program Files (x86)\Microsoft\EdgeUpdate\MicrosoftEdgeUpdate.exe"" /c","""C:\Program Files (x86)\Microsoft\EdgeUpdate\MicrosoftEdgeUpdate.exe"" /c","{461f0bd2-2d93-6354-7900-000000001f00}","C:\Program Files (x86)\Microsoft\EdgeUpdate\MicrosoftEdgeUpdate.exe","C:\Program Files (x86)\Microsoft\EdgeUpdate\MicrosoftEdgeUpdate.exe",c019e421d9f897108e51666cbae2c8b0,3096d8e82917a9b73f322f4b1743e52e9b0c8b3c5933a957e73e29d6973cdd5b,"MicrosoftEdgeUpdate.exe","MicrosoftEdgeUpdate.exe","C:\Program Files (x86)\Microsoft\EdgeUpdate\MicrosoftEdgeUpdate.exe, /svc",2,"""C:\Program Files (x86)\Microsoft\EdgeUpdate\MicrosoftEdgeUpdate.exe"" /svc","""C:\Program Files (x86)\Microsoft\EdgeUpdate\MicrosoftEdgeUpdate.exe"" /svc","{461f0bd2-2d91-6354-7600-000000001f00}","C:\Program Files (x86)\Microsoft\EdgeUpdate\MicrosoftEdgeUpdate.exe","C:\Program Files (x86)\Microsoft\EdgeUpdate\MicrosoftEdgeUpdate.exe","MicrosoftEdgeUpdate.exe","MicrosoftEdgeUpdate.exe",5348,"Microsoft Corporation","Microsoft Edge Update","1.3.147.37",e00d60405a249a05d3b09aa7fe924b17,"msedgeupdate.dll","Microsoft Edge Update",364,"-","-","C:\Program Files (x86)\Microsoft\EdgeUpdate\1.3.169.31\","C:\Program Files (x86)\Microsoft\EdgeUpdate\1.3.169.31\","-","-","-","-","-","-","3096d8e82917a9b73f322f4b1743e52e9b0c8b3c5933a957e73e29d6973cdd5b, c019e421d9f897108e51666cbae2c8b0, e00d60405a249a05d3b09aa7fe924b17","-","-",SYSTEM,"-","-","NT AUTHORITY","-","S-1-5-18",SYSTEM,SYSTEM,"-",wineventlog,"Microsoft-Windows-Sysmon/Operational",victim,"Microsoft Corporation","-","Microsoft Edge Update","-","1.3.147.37",System,"{461f0bd2-2cdb-6354-e703-000000000000}",0x3e7,"-","NT AUTHORITY\SYSTEM","-","Microsoft Edge Update","-","-","-","-","-","-","-","-",0,"-",1,"-","-",Info,"2,240","2,984","{5770385f-c22a-43e0-bf4c-06f5698ffbd9}","Microsoft-Windows-Sysmon",5137,"Process Create (rule: ProcessCreate)","NT AUTHORITY","S-1-5-18",SYSTEM,User,5
"Oct 23, 2022 @ 01:51:15.511",10XUAIQBHC0TB3lJQ5sO,".ds-winlogbeat-8.2.3-2022.10.22-000001","-","25051d08-9df1-4629-b2c6-d1eeb5aa9cfd",victim,"b15c43c7-63a1-423e-901b-f1acc6401711",victim,winlogbeat,"8.2.3","-","-","-","-","-","-","-","1.12.0","Process Create (rule: ProcessCreate)",process,1,"Oct 23, 2022 @ 01:51:18.117","Oct 23, 2022 @ 01:53:41.643",event,sysmon,"-","Microsoft-Windows-Sysmon","-",start,"-","-","-","-","-","x86_64",victim,"461f0bd2-c182-413a-8a41-2a8e4accb4a9","fe80::4959:93ba:69a6:522d, 10.0.2.15, fe80::91a8:3d9e:36ba:f548, 172.19.96.10","08:00:27:7c:f3:ae, 08:00:27:22:f7:3c",victim,"19044.1889",windows,"10.0.19041.1889 (WinBuild.160101.0800)","Windows 10 Enterprise Evaluation","Windows 10 Enterprise Evaluation",windows,windows,"10.0",information,"Process Create:
RuleName: -
UtcTime: 2022-10-22 17:51:15.511
ProcessGuid: {461f0bd2-2d93-6354-7800-000000001f00}
ProcessId: 3600
Image: C:\Windows\System32\WindowsPowerShell\v1.0\powershell.exe
FileVersion: 10.0.19041.546 (WinBuild.160101.0800)
Description: Windows PowerShell
Product: Microsoft® Windows® Operating System
Company: Microsoft Corporation
OriginalFileName: PowerShell.EXE
CommandLine: powershell.exe  -command ""Set-MpPreference -DisableScriptScanning 1""
CurrentDirectory: C:\Users\PATRIC~1\AppData\Local\Temp\IXP000.TMP\
User: VICTIM\Patricia Goh
LogonGuid: {461f0bd2-2d0d-6354-ef2b-030000000000}
LogonId: 0x32BEF
TerminalSessionId: 1
IntegrityLevel: High
Hashes: MD5=04029E121A0CFA5991749937DD22A1D9,SHA256=9F914D42706FE215501044ACD85A32D58AAEF1419D404FDDFA5D3B48F66CCD9F,IMPHASH=7C955A0ABC747F57CCC4324480737EF7
ParentProcessGuid: {461f0bd2-2d35-6354-5700-000000001f00}
ParentProcessId: 256
ParentImage: C:\Windows\System32\cmd.exe
ParentCommandLine: cmd /c Percino.bat
ParentUser: VICTIM\Patricia Goh","-","-","-","-","-","-","-","-","-","-","-","-","powershell.exe, -command, Set-MpPreference -DisableScriptScanning 1",3,"powershell.exe  -command ""Set-MpPreference -DisableScriptScanning 1""","powershell.exe  -command ""Set-MpPreference -DisableScriptScanning 1""","{461f0bd2-2d93-6354-7800-000000001f00}","C:\Windows\System32\WindowsPowerShell\v1.0\powershell.exe","C:\Windows\System32\WindowsPowerShell\v1.0\powershell.exe",04029e121a0cfa5991749937dd22a1d9,9f914d42706fe215501044acd85a32d58aaef1419d404fddfa5d3b48f66ccd9f,"powershell.exe","powershell.exe","cmd, /c, Percino.bat",3,"cmd /c Percino.bat","cmd /c Percino.bat","{461f0bd2-2d35-6354-5700-000000001f00}","C:\Windows\System32\cmd.exe","C:\Windows\System32\cmd.exe","cmd.exe","cmd.exe",256,"Microsoft Corporation","Windows PowerShell","10.0.19041.546 (WinBuild.160101.0800)",7c955a0abc747f57ccc4324480737ef7,"PowerShell.EXE","Microsoft® Windows® Operating System",3600,"-","-","C:\Users\PATRIC~1\AppData\Local\Temp\IXP000.TMP\","C:\Users\PATRIC~1\AppData\Local\Temp\IXP000.TMP\","-","-","-","-","-","-","9f914d42706fe215501044acd85a32d58aaef1419d404fddfa5d3b48f66ccd9f, 04029e121a0cfa5991749937dd22a1d9, 7c955a0abc747f57ccc4324480737ef7","-","-","Patricia Goh","-","-",VICTIM,"-","S-1-5-18","Patricia Goh","Patricia Goh","-",wineventlog,"Microsoft-Windows-Sysmon/Operational",victim,"Microsoft Corporation","-","Windows PowerShell","-","10.0.19041.546 (WinBuild.160101.0800)",High,"{461f0bd2-2d0d-6354-ef2b-030000000000}",0x32bef,"-","VICTIM\Patricia Goh","-","Microsoft® Windows® Operating System","-","-","-","-","-","-","-","-",1,"-",1,"-","-",Info,"2,240","2,984","{5770385f-c22a-43e0-bf4c-06f5698ffbd9}","Microsoft-Windows-Sysmon",5136,"Process Create (rule: ProcessCreate)","NT AUTHORITY","S-1-5-18",SYSTEM,User,5
"Oct 23, 2022 @ 01:51:13.244",vEXUAIQBHC0TB3lJPpsC,".ds-winlogbeat-8.2.3-2022.10.22-000001","-","25051d08-9df1-4629-b2c6-d1eeb5aa9cfd",victim,"b15c43c7-63a1-423e-901b-f1acc6401711",victim,winlogbeat,"8.2.3","-","-","-","-","-","-","-","1.12.0","Process Create (rule: ProcessCreate)",process,1,"Oct 23, 2022 @ 01:51:14.926","Oct 23, 2022 @ 01:53:40.341",event,sysmon,"-","Microsoft-Windows-Sysmon","-",start,"-","-","-","-","-","x86_64",victim,"461f0bd2-c182-413a-8a41-2a8e4accb4a9","fe80::4959:93ba:69a6:522d, 10.0.2.15, fe80::91a8:3d9e:36ba:f548, 172.19.96.10","08:00:27:7c:f3:ae, 08:00:27:22:f7:3c",victim,"19044.1889",windows,"10.0.19041.1889 (WinBuild.160101.0800)","Windows 10 Enterprise Evaluation","Windows 10 Enterprise Evaluation",windows,windows,"10.0",information,"Process Create:
RuleName: -
UtcTime: 2022-10-22 17:51:13.244
ProcessGuid: {461f0bd2-2d91-6354-7600-000000001f00}
ProcessId: 5348
Image: C:\Program Files (x86)\Microsoft\EdgeUpdate\MicrosoftEdgeUpdate.exe
FileVersion: 1.3.147.37
Description: Microsoft Edge Update
Product: Microsoft Edge Update
Company: Microsoft Corporation
OriginalFileName: msedgeupdate.dll
CommandLine: ""C:\Program Files (x86)\Microsoft\EdgeUpdate\MicrosoftEdgeUpdate.exe"" /svc
CurrentDirectory: C:\Windows\system32\
User: NT AUTHORITY\SYSTEM
LogonGuid: {461f0bd2-2cdb-6354-e703-000000000000}
LogonId: 0x3E7
TerminalSessionId: 0
IntegrityLevel: System
Hashes: MD5=C019E421D9F897108E51666CBAE2C8B0,SHA256=3096D8E82917A9B73F322F4B1743E52E9B0C8B3C5933A957E73E29D6973CDD5B,IMPHASH=E00D60405A249A05D3B09AA7FE924B17
ParentProcessGuid: {00000000-0000-0000-0000-000000000000}
ParentProcessId: 644
ParentImage: -
ParentCommandLine: -
ParentUser: -","-","-","-","-","-","-","-","-","-","-","-","-","C:\Program Files (x86)\Microsoft\EdgeUpdate\MicrosoftEdgeUpdate.exe, /svc",2,"""C:\Program Files (x86)\Microsoft\EdgeUpdate\MicrosoftEdgeUpdate.exe"" /svc","""C:\Program Files (x86)\Microsoft\EdgeUpdate\MicrosoftEdgeUpdate.exe"" /svc","{461f0bd2-2d91-6354-7600-000000001f00}","C:\Program Files (x86)\Microsoft\EdgeUpdate\MicrosoftEdgeUpdate.exe","C:\Program Files (x86)\Microsoft\EdgeUpdate\MicrosoftEdgeUpdate.exe",c019e421d9f897108e51666cbae2c8b0,3096d8e82917a9b73f322f4b1743e52e9b0c8b3c5933a957e73e29d6973cdd5b,"MicrosoftEdgeUpdate.exe","MicrosoftEdgeUpdate.exe","-",1,"-","-","{00000000-0000-0000-0000-000000000000}","-","-","-","-",644,"Microsoft Corporation","Microsoft Edge Update","1.3.147.37",e00d60405a249a05d3b09aa7fe924b17,"msedgeupdate.dll","Microsoft Edge Update",5348,"-","-","C:\Windows\system32\","C:\Windows\system32\","-","-","-","-","-","-","3096d8e82917a9b73f322f4b1743e52e9b0c8b3c5933a957e73e29d6973cdd5b, c019e421d9f897108e51666cbae2c8b0, e00d60405a249a05d3b09aa7fe924b17","-","-",SYSTEM,"-","-","NT AUTHORITY","-","S-1-5-18",SYSTEM,SYSTEM,"-",wineventlog,"Microsoft-Windows-Sysmon/Operational",victim,"Microsoft Corporation","-","Microsoft Edge Update","-","1.3.147.37",System,"{461f0bd2-2cdb-6354-e703-000000000000}",0x3e7,"-","-","-","Microsoft Edge Update","-","-","-","-","-","-","-","-",0,"-",1,"-","-",Info,"2,240","2,984","{5770385f-c22a-43e0-bf4c-06f5698ffbd9}","Microsoft-Windows-Sysmon",5135,"Process Create (rule: ProcessCreate)","NT AUTHORITY","S-1-5-18",SYSTEM,User,5
"Oct 23, 2022 @ 01:51:11.960","ckXRAIQBHC0TB3lJ-Jno",".ds-winlogbeat-8.2.3-2022.10.22-000001","-","c2c04a29-9d47-4de5-86f6-5958b0d4222c",victim,"b15c43c7-63a1-423e-901b-f1acc6401711",victim,winlogbeat,"8.2.3","-","-","-","-","-","-","-","1.12.0","Process terminated (rule: ProcessTerminate)",process,5,"Oct 23, 2022 @ 01:51:12.811","Oct 23, 2022 @ 01:51:11.592",event,sysmon,"-","Microsoft-Windows-Sysmon","-",end,"-","-","-","-","-","x86_64",victim,"461f0bd2-c182-413a-8a41-2a8e4accb4a9","fe80::4959:93ba:69a6:522d, 10.0.2.15, fe80::91a8:3d9e:36ba:f548, 172.19.96.10","08:00:27:7c:f3:ae, 08:00:27:22:f7:3c",victim,"19044.1889",windows,"10.0.19041.1889 (WinBuild.160101.0800)","Windows 10 Enterprise Evaluation","Windows 10 Enterprise Evaluation",windows,windows,"10.0",information,"Process terminated:
RuleName: -
UtcTime: 2022-10-22 17:51:11.960
ProcessGuid: {461f0bd2-2bf7-6354-6e00-000000001e00}
ProcessId: 4432
Image: C:\Users\Patricia Goh\AppData\Local\Microsoft\OneDrive\OneDrive.exe
User: VICTIM\Patricia Goh","-","-","-","-","-","-","-","-","-","-","-","-","-","-","-","-","{461f0bd2-2bf7-6354-6e00-000000001e00}","C:\Users\Patricia Goh\AppData\Local\Microsoft\OneDrive\OneDrive.exe","C:\Users\Patricia Goh\AppData\Local\Microsoft\OneDrive\OneDrive.exe","-","-","OneDrive.exe","OneDrive.exe","-","-","-","-","-","-","-","-","-","-","-","-","-","-","-","-",4432,"-","-","-","-","-","-","-","-","-","-","-","-","-","Patricia Goh","-","-",VICTIM,"-","S-1-5-18","Patricia Goh","Patricia Goh","-",wineventlog,"Microsoft-Windows-Sysmon/Operational",victim,"-","-","-","-","-","-","-","-","-","-","-","-","-","-","-","-","-","-","-","-","-","-",5,"-","-",Info,"2,276","2,512","{5770385f-c22a-43e0-bf4c-06f5698ffbd9}","Microsoft-Windows-Sysmon",4932,"Process terminated (rule: ProcessTerminate)","NT AUTHORITY","S-1-5-18",SYSTEM,User,3
"Oct 23, 2022 @ 01:51:11.212","cUXRAIQBHC0TB3lJ-Jno",".ds-winlogbeat-8.2.3-2022.10.22-000001","-","c2c04a29-9d47-4de5-86f6-5958b0d4222c",victim,"b15c43c7-63a1-423e-901b-f1acc6401711",victim,winlogbeat,"8.2.3","-","-","-","-","-","-","-","1.12.0","Process Create (rule: ProcessCreate)",process,1,"Oct 23, 2022 @ 01:51:12.811","Oct 23, 2022 @ 01:51:11.582",event,sysmon,"-","Microsoft-Windows-Sysmon","-",start,"-","-","-","-","-","x86_64",victim,"461f0bd2-c182-413a-8a41-2a8e4accb4a9","fe80::4959:93ba:69a6:522d, 10.0.2.15, fe80::91a8:3d9e:36ba:f548, 172.19.96.10","08:00:27:7c:f3:ae, 08:00:27:22:f7:3c",victim,"19044.1889",windows,"10.0.19041.1889 (WinBuild.160101.0800)","Windows 10 Enterprise Evaluation","Windows 10 Enterprise Evaluation",windows,windows,"10.0",information,"Process Create:
RuleName: -
UtcTime: 2022-10-22 17:51:11.212
ProcessGuid: {461f0bd2-2d8f-6354-c500-000000001e00}
ProcessId: 4408
Image: C:\Windows\System32\LogonUI.exe
FileVersion: 10.0.19041.1 (WinBuild.160101.0800)
Description: Windows Logon User Interface Host
Product: Microsoft® Windows® Operating System
Company: Microsoft Corporation
OriginalFileName: logonui.exe
CommandLine: ""LogonUI.exe"" /flags:0x4 /state0:0xa3edd855 /state1:0x41c64e6d
CurrentDirectory: C:\Windows\system32\
User: NT AUTHORITY\SYSTEM
LogonGuid: {461f0bd2-1c1d-6354-e703-000000000000}
LogonId: 0x3E7
TerminalSessionId: 1
IntegrityLevel: System
Hashes: MD5=893144FE49AA16124B5BD3034E79BBC6,SHA256=CF01E46C146699F6C0E3DD447043F59BC9438DBBCB9563AF6C60EBC6D82727F2,IMPHASH=B9B0B64B08B38276711093CA94348D39
ParentProcessGuid: {00000000-0000-0000-0000-000000000000}
ParentProcessId: 612
ParentImage: -
ParentCommandLine: -
ParentUser: -","-","-","-","-","-","-","-","-","-","-","-","-","LogonUI.exe, /flags:0x4, /state0:0xa3edd855, /state1:0x41c64e6d",4,"""LogonUI.exe"" /flags:0x4 /state0:0xa3edd855 /state1:0x41c64e6d","""LogonUI.exe"" /flags:0x4 /state0:0xa3edd855 /state1:0x41c64e6d","{461f0bd2-2d8f-6354-c500-000000001e00}","C:\Windows\System32\LogonUI.exe","C:\Windows\System32\LogonUI.exe",893144fe49aa16124b5bd3034e79bbc6,cf01e46c146699f6c0e3dd447043f59bc9438dbbcb9563af6c60ebc6d82727f2,"LogonUI.exe","LogonUI.exe","-",1,"-","-","{00000000-0000-0000-0000-000000000000}","-","-","-","-",612,"Microsoft Corporation","Windows Logon User Interface Host","10.0.19041.1 (WinBuild.160101.0800)",b9b0b64b08b38276711093ca94348d39,"logonui.exe","Microsoft® Windows® Operating System",4408,"-","-","C:\Windows\system32\","C:\Windows\system32\","-","-","-","-","-","-","cf01e46c146699f6c0e3dd447043f59bc9438dbbcb9563af6c60ebc6d82727f2, 893144fe49aa16124b5bd3034e79bbc6, b9b0b64b08b38276711093ca94348d39","-","-",SYSTEM,"-","-","NT AUTHORITY","-","S-1-5-18",SYSTEM,SYSTEM,"-",wineventlog,"Microsoft-Windows-Sysmon/Operational",victim,"Microsoft Corporation","-","Windows Logon User Interface Host","-","10.0.19041.1 (WinBuild.160101.0800)",System,"{461f0bd2-1c1d-6354-e703-000000000000}",0x3e7,"-","-","-","Microsoft® Windows® Operating System","-","-","-","-","-","-","-","-",1,"-",1,"-","-",Info,"2,276","2,512","{5770385f-c22a-43e0-bf4c-06f5698ffbd9}","Microsoft-Windows-Sysmon",4931,"Process Create (rule: ProcessCreate)","NT AUTHORITY","S-1-5-18",SYSTEM,User,5
"Oct 23, 2022 @ 01:51:09.344",u0XUAIQBHC0TB3lJNJtF,".ds-winlogbeat-8.2.3-2022.10.22-000001","-","25051d08-9df1-4629-b2c6-d1eeb5aa9cfd",victim,"b15c43c7-63a1-423e-901b-f1acc6401711",victim,winlogbeat,"8.2.3","-","-","-","-","-","-","-","1.12.0","File created (rule: FileCreate)",file,11,"Oct 23, 2022 @ 01:51:11.770","Oct 23, 2022 @ 01:53:37.861",event,sysmon,"-","Microsoft-Windows-Sysmon","-",creation,"C:\Users\Patricia Goh\AppData\Local\Temp",ps1,"__PSScriptPolicyTest_sfhxvtot.b15.ps1","C:\Users\Patricia Goh\AppData\Local\Temp\__PSScriptPolicyTest_sfhxvtot.b15.ps1","C:\Users\Patricia Goh\AppData\Local\Temp\__PSScriptPolicyTest_sfhxvtot.b15.ps1","x86_64",victim,"461f0bd2-c182-413a-8a41-2a8e4accb4a9","fe80::4959:93ba:69a6:522d, 10.0.2.15, fe80::91a8:3d9e:36ba:f548, 172.19.96.10","08:00:27:7c:f3:ae, 08:00:27:22:f7:3c",victim,"19044.1889",windows,"10.0.19041.1889 (WinBuild.160101.0800)","Windows 10 Enterprise Evaluation","Windows 10 Enterprise Evaluation",windows,windows,"10.0",information,"File created:
RuleName: -
UtcTime: 2022-10-22 17:51:09.344
ProcessGuid: {461f0bd2-2d86-6354-7200-000000001f00}
ProcessId: 1788
Image: C:\Windows\System32\WindowsPowerShell\v1.0\powershell.exe
TargetFilename: C:\Users\Patricia Goh\AppData\Local\Temp\__PSScriptPolicyTest_sfhxvtot.b15.ps1
CreationUtcTime: 2022-10-22 17:51:09.344
User: VICTIM\Patricia Goh","-","-","-","-","-","-","-","-","-","-","-","-","-","-","-","-","{461f0bd2-2d86-6354-7200-000000001f00}","C:\Windows\System32\WindowsPowerShell\v1.0\powershell.exe","C:\Windows\System32\WindowsPowerShell\v1.0\powershell.exe","-","-","powershell.exe","powershell.exe","-","-","-","-","-","-","-","-","-","-","-","-","-","-","-","-",1788,"-","-","-","-","-","-","-","-","-","-","-","-","-","Patricia Goh","-","-",VICTIM,"-","S-1-5-18","Patricia Goh","Patricia Goh","-",wineventlog,"Microsoft-Windows-Sysmon/Operational",victim,"-","2022-10-22 17:51:09.344","-","-","-","-","-","-","-","-","-","-","-","-","-","-","-","-","-","-","-","-",11,"-","-",Info,"2,240","2,984","{5770385f-c22a-43e0-bf4c-06f5698ffbd9}","Microsoft-Windows-Sysmon",5134,"File created (rule: FileCreate)","NT AUTHORITY","S-1-5-18",SYSTEM,User,2
"Oct 23, 2022 @ 01:51:03.280",sUXUAIQBHC0TB3lJI5v6,".ds-winlogbeat-8.2.3-2022.10.22-000001","-","25051d08-9df1-4629-b2c6-d1eeb5aa9cfd",victim,"b15c43c7-63a1-423e-901b-f1acc6401711",victim,winlogbeat,"8.2.3","-","-","-","-","-","-","-","1.12.0","File created (rule: FileCreate)",file,11,"Oct 23, 2022 @ 01:51:05.569","Oct 23, 2022 @ 01:53:33.690",event,sysmon,"-","Microsoft-Windows-Sysmon","-",creation,"C:\Users\Patricia Goh\AppData\Local\Temp",ps1,"__PSScriptPolicyTest_fx5flwhy.qgm.ps1","C:\Users\Patricia Goh\AppData\Local\Temp\__PSScriptPolicyTest_fx5flwhy.qgm.ps1","C:\Users\Patricia Goh\AppData\Local\Temp\__PSScriptPolicyTest_fx5flwhy.qgm.ps1","x86_64",victim,"461f0bd2-c182-413a-8a41-2a8e4accb4a9","fe80::4959:93ba:69a6:522d, 10.0.2.15, fe80::91a8:3d9e:36ba:f548, 172.19.96.10","08:00:27:7c:f3:ae, 08:00:27:22:f7:3c",victim,"19044.1889",windows,"10.0.19041.1889 (WinBuild.160101.0800)","Windows 10 Enterprise Evaluation","Windows 10 Enterprise Evaluation",windows,windows,"10.0",information,"File created:
RuleName: -
UtcTime: 2022-10-22 17:51:03.280
ProcessGuid: {461f0bd2-2d86-6354-7200-000000001f00}
ProcessId: 1788
Image: C:\Windows\System32\WindowsPowerShell\v1.0\powershell.exe
TargetFilename: C:\Users\Patricia Goh\AppData\Local\Temp\__PSScriptPolicyTest_fx5flwhy.qgm.ps1
CreationUtcTime: 2022-10-22 17:51:03.280
User: VICTIM\Patricia Goh","-","-","-","-","-","-","-","-","-","-","-","-","-","-","-","-","{461f0bd2-2d86-6354-7200-000000001f00}","C:\Windows\System32\WindowsPowerShell\v1.0\powershell.exe","C:\Windows\System32\WindowsPowerShell\v1.0\powershell.exe","-","-","powershell.exe","powershell.exe","-","-","-","-","-","-","-","-","-","-","-","-","-","-","-","-",1788,"-","-","-","-","-","-","-","-","-","-","-","-","-","Patricia Goh","-","-",VICTIM,"-","S-1-5-18","Patricia Goh","Patricia Goh","-",wineventlog,"Microsoft-Windows-Sysmon/Operational",victim,"-","2022-10-22 17:51:03.280","-","-","-","-","-","-","-","-","-","-","-","-","-","-","-","-","-","-","-","-",11,"-","-",Info,"2,240","2,984","{5770385f-c22a-43e0-bf4c-06f5698ffbd9}","Microsoft-Windows-Sysmon",5133,"File created (rule: FileCreate)","NT AUTHORITY","S-1-5-18",SYSTEM,User,2
"Oct 23, 2022 @ 01:51:02.610",sEXUAIQBHC0TB3lJI5v6,".ds-winlogbeat-8.2.3-2022.10.22-000001","-","25051d08-9df1-4629-b2c6-d1eeb5aa9cfd",victim,"b15c43c7-63a1-423e-901b-f1acc6401711",victim,winlogbeat,"8.2.3","-","-","-","-","-","-","-","1.12.0","Process Create (rule: ProcessCreate)",process,1,"Oct 23, 2022 @ 01:51:05.569","Oct 23, 2022 @ 01:53:33.689",event,sysmon,"-","Microsoft-Windows-Sysmon","-",start,"-","-","-","-","-","x86_64",victim,"461f0bd2-c182-413a-8a41-2a8e4accb4a9","fe80::4959:93ba:69a6:522d, 10.0.2.15, fe80::91a8:3d9e:36ba:f548, 172.19.96.10","08:00:27:7c:f3:ae, 08:00:27:22:f7:3c",victim,"19044.1889",windows,"10.0.19041.1889 (WinBuild.160101.0800)","Windows 10 Enterprise Evaluation","Windows 10 Enterprise Evaluation",windows,windows,"10.0",information,"Process Create:
RuleName: -
UtcTime: 2022-10-22 17:51:02.610
ProcessGuid: {461f0bd2-2d86-6354-7200-000000001f00}
ProcessId: 1788
Image: C:\Windows\System32\WindowsPowerShell\v1.0\powershell.exe
FileVersion: 10.0.19041.546 (WinBuild.160101.0800)
Description: Windows PowerShell
Product: Microsoft® Windows® Operating System
Company: Microsoft Corporation
OriginalFileName: PowerShell.EXE
CommandLine: powershell.exe  -command ""Set-MpPreference -DisableBlockAtFirstSeen 1""
CurrentDirectory: C:\Users\PATRIC~1\AppData\Local\Temp\IXP000.TMP\
User: VICTIM\Patricia Goh
LogonGuid: {461f0bd2-2d0d-6354-ef2b-030000000000}
LogonId: 0x32BEF
TerminalSessionId: 1
IntegrityLevel: High
Hashes: MD5=04029E121A0CFA5991749937DD22A1D9,SHA256=9F914D42706FE215501044ACD85A32D58AAEF1419D404FDDFA5D3B48F66CCD9F,IMPHASH=7C955A0ABC747F57CCC4324480737EF7
ParentProcessGuid: {461f0bd2-2d35-6354-5700-000000001f00}
ParentProcessId: 256
ParentImage: C:\Windows\System32\cmd.exe
ParentCommandLine: cmd /c Percino.bat
ParentUser: VICTIM\Patricia Goh","-","-","-","-","-","-","-","-","-","-","-","-","powershell.exe, -command, Set-MpPreference -DisableBlockAtFirstSeen 1",3,"powershell.exe  -command ""Set-MpPreference -DisableBlockAtFirstSeen 1""","powershell.exe  -command ""Set-MpPreference -DisableBlockAtFirstSeen 1""","{461f0bd2-2d86-6354-7200-000000001f00}","C:\Windows\System32\WindowsPowerShell\v1.0\powershell.exe","C:\Windows\System32\WindowsPowerShell\v1.0\powershell.exe",04029e121a0cfa5991749937dd22a1d9,9f914d42706fe215501044acd85a32d58aaef1419d404fddfa5d3b48f66ccd9f,"powershell.exe","powershell.exe","cmd, /c, Percino.bat",3,"cmd /c Percino.bat","cmd /c Percino.bat","{461f0bd2-2d35-6354-5700-000000001f00}","C:\Windows\System32\cmd.exe","C:\Windows\System32\cmd.exe","cmd.exe","cmd.exe",256,"Microsoft Corporation","Windows PowerShell","10.0.19041.546 (WinBuild.160101.0800)",7c955a0abc747f57ccc4324480737ef7,"PowerShell.EXE","Microsoft® Windows® Operating System",1788,"-","-","C:\Users\PATRIC~1\AppData\Local\Temp\IXP000.TMP\","C:\Users\PATRIC~1\AppData\Local\Temp\IXP000.TMP\","-","-","-","-","-","-","9f914d42706fe215501044acd85a32d58aaef1419d404fddfa5d3b48f66ccd9f, 04029e121a0cfa5991749937dd22a1d9, 7c955a0abc747f57ccc4324480737ef7","-","-","Patricia Goh","-","-",VICTIM,"-","S-1-5-18","Patricia Goh","Patricia Goh","-",wineventlog,"Microsoft-Windows-Sysmon/Operational",victim,"Microsoft Corporation","-","Windows PowerShell","-","10.0.19041.546 (WinBuild.160101.0800)",High,"{461f0bd2-2d0d-6354-ef2b-030000000000}",0x32bef,"-","VICTIM\Patricia Goh","-","Microsoft® Windows® Operating System","-","-","-","-","-","-","-","-",1,"-",1,"-","-",Info,"2,240","2,984","{5770385f-c22a-43e0-bf4c-06f5698ffbd9}","Microsoft-Windows-Sysmon",5132,"Process Create (rule: ProcessCreate)","NT AUTHORITY","S-1-5-18",SYSTEM,User,5
"Oct 23, 2022 @ 01:50:56.876",i0XUAIQBHC0TB3lJFJuk,".ds-winlogbeat-8.2.3-2022.10.22-000001","-","25051d08-9df1-4629-b2c6-d1eeb5aa9cfd",victim,"b15c43c7-63a1-423e-901b-f1acc6401711",victim,winlogbeat,"8.2.3","-","-","-","-","-","-","-","1.12.0","File created (rule: FileCreate)",file,11,"Oct 23, 2022 @ 01:50:58.974","Oct 23, 2022 @ 01:53:29.764",event,sysmon,"-","Microsoft-Windows-Sysmon","-",creation,"C:\Users\Patricia Goh\AppData\Local\Temp",ps1,"__PSScriptPolicyTest_f5jgpvjp.swl.ps1","C:\Users\Patricia Goh\AppData\Local\Temp\__PSScriptPolicyTest_f5jgpvjp.swl.ps1","C:\Users\Patricia Goh\AppData\Local\Temp\__PSScriptPolicyTest_f5jgpvjp.swl.ps1","x86_64",victim,"461f0bd2-c182-413a-8a41-2a8e4accb4a9","fe80::4959:93ba:69a6:522d, 10.0.2.15, fe80::91a8:3d9e:36ba:f548, 172.19.96.10","08:00:27:7c:f3:ae, 08:00:27:22:f7:3c",victim,"19044.1889",windows,"10.0.19041.1889 (WinBuild.160101.0800)","Windows 10 Enterprise Evaluation","Windows 10 Enterprise Evaluation",windows,windows,"10.0",information,"File created:
RuleName: -
UtcTime: 2022-10-22 17:50:56.876
ProcessGuid: {461f0bd2-2d7a-6354-7000-000000001f00}
ProcessId: 5940
Image: C:\Windows\System32\WindowsPowerShell\v1.0\powershell.exe
TargetFilename: C:\Users\Patricia Goh\AppData\Local\Temp\__PSScriptPolicyTest_f5jgpvjp.swl.ps1
CreationUtcTime: 2022-10-22 17:50:56.876
User: VICTIM\Patricia Goh","-","-","-","-","-","-","-","-","-","-","-","-","-","-","-","-","{461f0bd2-2d7a-6354-7000-000000001f00}","C:\Windows\System32\WindowsPowerShell\v1.0\powershell.exe","C:\Windows\System32\WindowsPowerShell\v1.0\powershell.exe","-","-","powershell.exe","powershell.exe","-","-","-","-","-","-","-","-","-","-","-","-","-","-","-","-",5940,"-","-","-","-","-","-","-","-","-","-","-","-","-","Patricia Goh","-","-",VICTIM,"-","S-1-5-18","Patricia Goh","Patricia Goh","-",wineventlog,"Microsoft-Windows-Sysmon/Operational",victim,"-","2022-10-22 17:50:56.876","-","-","-","-","-","-","-","-","-","-","-","-","-","-","-","-","-","-","-","-",11,"-","-",Info,"2,240","2,984","{5770385f-c22a-43e0-bf4c-06f5698ffbd9}","Microsoft-Windows-Sysmon",5131,"File created (rule: FileCreate)","NT AUTHORITY","S-1-5-18",SYSTEM,User,2
"Oct 23, 2022 @ 01:50:54.192",REXUAIQBHC0TB3lJzpyg,".ds-winlogbeat-8.2.3-2022.10.22-000001","-","25051d08-9df1-4629-b2c6-d1eeb5aa9cfd",victim,"b15c43c7-63a1-423e-901b-f1acc6401711",victim,winlogbeat,"8.2.3","fe80::91a8:3d9e:36ba:f548, fe80::4959:93ba:69a6:522d, 172.19.96.10, 10.0.2.15","AAAA, AAAA, A, A",VICTIM,"-","-","-","fe80::91a8:3d9e:36ba:f548, fe80::4959:93ba:69a6:522d, 172.19.96.10, 10.0.2.15","1.12.0","Dns query (rule: DnsQuery)",network,22,"Oct 23, 2022 @ 01:52:10.580","Oct 23, 2022 @ 01:54:17.375",event,sysmon,"-","Microsoft-Windows-Sysmon","-","connection, protocol, info","-","-","-","-","-","x86_64",victim,"461f0bd2-c182-413a-8a41-2a8e4accb4a9","fe80::4959:93ba:69a6:522d, 10.0.2.15, fe80::91a8:3d9e:36ba:f548, 172.19.96.10","08:00:27:7c:f3:ae, 08:00:27:22:f7:3c",victim,"19044.1889",windows,"10.0.19041.1889 (WinBuild.160101.0800)","Windows 10 Enterprise Evaluation","Windows 10 Enterprise Evaluation",windows,windows,"10.0",information,"Dns query:
RuleName: -
UtcTime: 2022-10-22 17:50:54.192
ProcessGuid: {461f0bd2-2d91-6354-7700-000000001f00}
ProcessId: 5440
QueryName: VICTIM
QueryStatus: 0
QueryResults: fe80::91a8:3d9e:36ba:f548;fe80::4959:93ba:69a6:522d;::ffff:172.19.96.10;::ffff:10.0.2.15;
Image: C:\Windows\system32\wbem\wmiprvse.exe
User: NT AUTHORITY\NETWORK SERVICE",dns,"-","-","-","-","-","-","-","-","-","-","-","-","-","-","-","{461f0bd2-2d91-6354-7700-000000001f00}","C:\Windows\system32\wbem\wmiprvse.exe","C:\Windows\system32\wbem\wmiprvse.exe","-","-","wmiprvse.exe","wmiprvse.exe","-","-","-","-","-","-","-","-","-","-","-","-","-","-","-","-",5440,"-","-","-","-","-","-","-","-","-","-","-",VICTIM,"fe80::91a8:3d9e:36ba:f548, fe80::4959:93ba:69a6:522d, 172.19.96.10, 10.0.2.15","NETWORK SERVICE","-",SUCCESS,"NT AUTHORITY","-","S-1-5-18","NETWORK SERVICE","NETWORK SERVICE","-",wineventlog,"Microsoft-Windows-Sysmon/Operational",victim,"-","-","-","-","-","-","-","-","-","-","-","-","-","-","-","-","-","-","-","-","-","-",22,"-","-",Info,"2,240","3,004","{5770385f-c22a-43e0-bf4c-06f5698ffbd9}","Microsoft-Windows-Sysmon",5171,"Dns query (rule: DnsQuery)","NT AUTHORITY","S-1-5-18",SYSTEM,User,5
"Oct 23, 2022 @ 01:50:51.520",S0XUAIQBHC0TB3lJBJsi,".ds-winlogbeat-8.2.3-2022.10.22-000001","-","25051d08-9df1-4629-b2c6-d1eeb5aa9cfd",victim,"b15c43c7-63a1-423e-901b-f1acc6401711",victim,winlogbeat,"8.2.3","-","-","-","-","-","-","-","1.12.0","File created (rule: FileCreate)",file,11,"Oct 23, 2022 @ 01:50:52.791","Oct 23, 2022 @ 01:53:25.537",event,sysmon,"-","Microsoft-Windows-Sysmon","-",creation,"C:\Users\Patricia Goh\AppData\Local\Temp",ps1,"__PSScriptPolicyTest_bupmu0qj.qn0.ps1","C:\Users\Patricia Goh\AppData\Local\Temp\__PSScriptPolicyTest_bupmu0qj.qn0.ps1","C:\Users\Patricia Goh\AppData\Local\Temp\__PSScriptPolicyTest_bupmu0qj.qn0.ps1","x86_64",victim,"461f0bd2-c182-413a-8a41-2a8e4accb4a9","fe80::4959:93ba:69a6:522d, 10.0.2.15, fe80::91a8:3d9e:36ba:f548, 172.19.96.10","08:00:27:7c:f3:ae, 08:00:27:22:f7:3c",victim,"19044.1889",windows,"10.0.19041.1889 (WinBuild.160101.0800)","Windows 10 Enterprise Evaluation","Windows 10 Enterprise Evaluation",windows,windows,"10.0",information,"File created:
RuleName: -
UtcTime: 2022-10-22 17:50:51.520
ProcessGuid: {461f0bd2-2d7a-6354-7000-000000001f00}
ProcessId: 5940
Image: C:\Windows\System32\WindowsPowerShell\v1.0\powershell.exe
TargetFilename: C:\Users\Patricia Goh\AppData\Local\Temp\__PSScriptPolicyTest_bupmu0qj.qn0.ps1
CreationUtcTime: 2022-10-22 17:50:51.520
User: VICTIM\Patricia Goh","-","-","-","-","-","-","-","-","-","-","-","-","-","-","-","-","{461f0bd2-2d7a-6354-7000-000000001f00}","C:\Windows\System32\WindowsPowerShell\v1.0\powershell.exe","C:\Windows\System32\WindowsPowerShell\v1.0\powershell.exe","-","-","powershell.exe","powershell.exe","-","-","-","-","-","-","-","-","-","-","-","-","-","-","-","-",5940,"-","-","-","-","-","-","-","-","-","-","-","-","-","Patricia Goh","-","-",VICTIM,"-","S-1-5-18","Patricia Goh","Patricia Goh","-",wineventlog,"Microsoft-Windows-Sysmon/Operational",victim,"-","2022-10-22 17:50:51.520","-","-","-","-","-","-","-","-","-","-","-","-","-","-","-","-","-","-","-","-",11,"-","-",Info,"2,240","2,984","{5770385f-c22a-43e0-bf4c-06f5698ffbd9}","Microsoft-Windows-Sysmon",5130,"File created (rule: FileCreate)","NT AUTHORITY","S-1-5-18",SYSTEM,User,2
"Oct 23, 2022 @ 01:50:50.859",SkXUAIQBHC0TB3lJBJsi,".ds-winlogbeat-8.2.3-2022.10.22-000001","-","25051d08-9df1-4629-b2c6-d1eeb5aa9cfd",victim,"b15c43c7-63a1-423e-901b-f1acc6401711",victim,winlogbeat,"8.2.3","-","-","-","-","-","-","-","1.12.0","Process Create (rule: ProcessCreate)",process,1,"Oct 23, 2022 @ 01:50:52.791","Oct 23, 2022 @ 01:53:25.537",event,sysmon,"-","Microsoft-Windows-Sysmon","-",start,"-","-","-","-","-","x86_64",victim,"461f0bd2-c182-413a-8a41-2a8e4accb4a9","fe80::4959:93ba:69a6:522d, 10.0.2.15, fe80::91a8:3d9e:36ba:f548, 172.19.96.10","08:00:27:7c:f3:ae, 08:00:27:22:f7:3c",victim,"19044.1889",windows,"10.0.19041.1889 (WinBuild.160101.0800)","Windows 10 Enterprise Evaluation","Windows 10 Enterprise Evaluation",windows,windows,"10.0",information,"Process Create:
RuleName: -
UtcTime: 2022-10-22 17:50:50.859
ProcessGuid: {461f0bd2-2d7a-6354-7000-000000001f00}
ProcessId: 5940
Image: C:\Windows\System32\WindowsPowerShell\v1.0\powershell.exe
FileVersion: 10.0.19041.546 (WinBuild.160101.0800)
Description: Windows PowerShell
Product: Microsoft® Windows® Operating System
Company: Microsoft Corporation
OriginalFileName: PowerShell.EXE
CommandLine: powershell.exe  -command ""Set-MpPreference -DisableBehaviorMonitoring 1""
CurrentDirectory: C:\Users\PATRIC~1\AppData\Local\Temp\IXP000.TMP\
User: VICTIM\Patricia Goh
LogonGuid: {461f0bd2-2d0d-6354-ef2b-030000000000}
LogonId: 0x32BEF
TerminalSessionId: 1
IntegrityLevel: High
Hashes: MD5=04029E121A0CFA5991749937DD22A1D9,SHA256=9F914D42706FE215501044ACD85A32D58AAEF1419D404FDDFA5D3B48F66CCD9F,IMPHASH=7C955A0ABC747F57CCC4324480737EF7
ParentProcessGuid: {461f0bd2-2d35-6354-5700-000000001f00}
ParentProcessId: 256
ParentImage: C:\Windows\System32\cmd.exe
ParentCommandLine: cmd /c Percino.bat
ParentUser: VICTIM\Patricia Goh","-","-","-","-","-","-","-","-","-","-","-","-","powershell.exe, -command, Set-MpPreference -DisableBehaviorMonitoring 1",3,"powershell.exe  -command ""Set-MpPreference -DisableBehaviorMonitoring 1""","powershell.exe  -command ""Set-MpPreference -DisableBehaviorMonitoring 1""","{461f0bd2-2d7a-6354-7000-000000001f00}","C:\Windows\System32\WindowsPowerShell\v1.0\powershell.exe","C:\Windows\System32\WindowsPowerShell\v1.0\powershell.exe",04029e121a0cfa5991749937dd22a1d9,9f914d42706fe215501044acd85a32d58aaef1419d404fddfa5d3b48f66ccd9f,"powershell.exe","powershell.exe","cmd, /c, Percino.bat",3,"cmd /c Percino.bat","cmd /c Percino.bat","{461f0bd2-2d35-6354-5700-000000001f00}","C:\Windows\System32\cmd.exe","C:\Windows\System32\cmd.exe","cmd.exe","cmd.exe",256,"Microsoft Corporation","Windows PowerShell","10.0.19041.546 (WinBuild.160101.0800)",7c955a0abc747f57ccc4324480737ef7,"PowerShell.EXE","Microsoft® Windows® Operating System",5940,"-","-","C:\Users\PATRIC~1\AppData\Local\Temp\IXP000.TMP\","C:\Users\PATRIC~1\AppData\Local\Temp\IXP000.TMP\","-","-","-","-","-","-","9f914d42706fe215501044acd85a32d58aaef1419d404fddfa5d3b48f66ccd9f, 04029e121a0cfa5991749937dd22a1d9, 7c955a0abc747f57ccc4324480737ef7","-","-","Patricia Goh","-","-",VICTIM,"-","S-1-5-18","Patricia Goh","Patricia Goh","-",wineventlog,"Microsoft-Windows-Sysmon/Operational",victim,"Microsoft Corporation","-","Windows PowerShell","-","10.0.19041.546 (WinBuild.160101.0800)",High,"{461f0bd2-2d0d-6354-ef2b-030000000000}",0x32bef,"-","VICTIM\Patricia Goh","-","Microsoft® Windows® Operating System","-","-","-","-","-","-","-","-",1,"-",1,"-","-",Info,"2,240","2,984","{5770385f-c22a-43e0-bf4c-06f5698ffbd9}","Microsoft-Windows-Sysmon",5129,"Process Create (rule: ProcessCreate)","NT AUTHORITY","S-1-5-18",SYSTEM,User,5
"Oct 23, 2022 @ 01:50:44.949",20XTAIQBHC0TB3lJ95rM,".ds-winlogbeat-8.2.3-2022.10.22-000001","-","25051d08-9df1-4629-b2c6-d1eeb5aa9cfd",victim,"b15c43c7-63a1-423e-901b-f1acc6401711",victim,winlogbeat,"8.2.3","-","-","-","-","-","-","-","1.12.0","File created (rule: FileCreate)",file,11,"Oct 23, 2022 @ 01:50:48.059","Oct 23, 2022 @ 01:53:22.355",event,sysmon,"-","Microsoft-Windows-Sysmon","-",creation,"C:\Users\Patricia Goh\AppData\Local\Temp",ps1,"__PSScriptPolicyTest_403v0jwn.3yy.ps1","C:\Users\Patricia Goh\AppData\Local\Temp\__PSScriptPolicyTest_403v0jwn.3yy.ps1","C:\Users\Patricia Goh\AppData\Local\Temp\__PSScriptPolicyTest_403v0jwn.3yy.ps1","x86_64",victim,"461f0bd2-c182-413a-8a41-2a8e4accb4a9","fe80::4959:93ba:69a6:522d, 10.0.2.15, fe80::91a8:3d9e:36ba:f548, 172.19.96.10","08:00:27:7c:f3:ae, 08:00:27:22:f7:3c",victim,"19044.1889",windows,"10.0.19041.1889 (WinBuild.160101.0800)","Windows 10 Enterprise Evaluation","Windows 10 Enterprise Evaluation",windows,windows,"10.0",information,"File created:
RuleName: -
UtcTime: 2022-10-22 17:50:44.949
ProcessGuid: {461f0bd2-2d6e-6354-6f00-000000001f00}
ProcessId: 5464
Image: C:\Windows\System32\WindowsPowerShell\v1.0\powershell.exe
TargetFilename: C:\Users\Patricia Goh\AppData\Local\Temp\__PSScriptPolicyTest_403v0jwn.3yy.ps1
CreationUtcTime: 2022-10-22 17:50:44.948
User: VICTIM\Patricia Goh","-","-","-","-","-","-","-","-","-","-","-","-","-","-","-","-","{461f0bd2-2d6e-6354-6f00-000000001f00}","C:\Windows\System32\WindowsPowerShell\v1.0\powershell.exe","C:\Windows\System32\WindowsPowerShell\v1.0\powershell.exe","-","-","powershell.exe","powershell.exe","-","-","-","-","-","-","-","-","-","-","-","-","-","-","-","-",5464,"-","-","-","-","-","-","-","-","-","-","-","-","-","Patricia Goh","-","-",VICTIM,"-","S-1-5-18","Patricia Goh","Patricia Goh","-",wineventlog,"Microsoft-Windows-Sysmon/Operational",victim,"-","2022-10-22 17:50:44.948","-","-","-","-","-","-","-","-","-","-","-","-","-","-","-","-","-","-","-","-",11,"-","-",Info,"2,240","2,984","{5770385f-c22a-43e0-bf4c-06f5698ffbd9}","Microsoft-Windows-Sysmon",5128,"File created (rule: FileCreate)","NT AUTHORITY","S-1-5-18",SYSTEM,User,2
"Oct 23, 2022 @ 01:50:39.321",NUXUAIQBHC0TB3lJj5wZ,".ds-winlogbeat-8.2.3-2022.10.22-000001","-","25051d08-9df1-4629-b2c6-d1eeb5aa9cfd",victim,"b15c43c7-63a1-423e-901b-f1acc6401711",victim,winlogbeat,"8.2.3","fe80::91a8:3d9e:36ba:f548, fe80::4959:93ba:69a6:522d, 172.19.96.10, 10.0.2.15","AAAA, AAAA, A, A",victim,"-","-","-","fe80::91a8:3d9e:36ba:f548, fe80::4959:93ba:69a6:522d, 172.19.96.10, 10.0.2.15","1.12.0","Dns query (rule: DnsQuery)",network,22,"Oct 23, 2022 @ 01:51:46.201","Oct 23, 2022 @ 01:54:01.112",event,sysmon,"-","Microsoft-Windows-Sysmon","-","connection, protocol, info","-","-","-","-","-","x86_64",victim,"461f0bd2-c182-413a-8a41-2a8e4accb4a9","fe80::4959:93ba:69a6:522d, 10.0.2.15, fe80::91a8:3d9e:36ba:f548, 172.19.96.10","08:00:27:7c:f3:ae, 08:00:27:22:f7:3c",victim,"19044.1889",windows,"10.0.19041.1889 (WinBuild.160101.0800)","Windows 10 Enterprise Evaluation","Windows 10 Enterprise Evaluation",windows,windows,"10.0",information,"Dns query:
RuleName: -
UtcTime: 2022-10-22 17:50:39.321
ProcessGuid: {461f0bd2-2d82-6354-7100-000000001f00}
ProcessId: 1048
QueryName: victim
QueryStatus: 0
QueryResults: fe80::91a8:3d9e:36ba:f548;fe80::4959:93ba:69a6:522d;::ffff:172.19.96.10;::ffff:10.0.2.15;
Image: C:\Windows\system32\CompatTelRunner.exe
User: NT AUTHORITY\SYSTEM",dns,"-","-","-","-","-","-","-","-","-","-","-","-","-","-","-","{461f0bd2-2d82-6354-7100-000000001f00}","C:\Windows\system32\CompatTelRunner.exe","C:\Windows\system32\CompatTelRunner.exe","-","-","CompatTelRunner.exe","CompatTelRunner.exe","-","-","-","-","-","-","-","-","-","-","-","-","-","-","-","-",1048,"-","-","-","-","-","-","-","-","-","-","-",victim,"fe80::91a8:3d9e:36ba:f548, fe80::4959:93ba:69a6:522d, 172.19.96.10, 10.0.2.15",SYSTEM,"-",SUCCESS,"NT AUTHORITY","-","S-1-5-18",SYSTEM,SYSTEM,"-",wineventlog,"Microsoft-Windows-Sysmon/Operational",victim,"-","-","-","-","-","-","-","-","-","-","-","-","-","-","-","-","-","-","-","-","-","-",22,"-","-",Info,"2,240","3,004","{5770385f-c22a-43e0-bf4c-06f5698ffbd9}","Microsoft-Windows-Sysmon",5165,"Dns query (rule: DnsQuery)","NT AUTHORITY","S-1-5-18",SYSTEM,User,5
"Oct 23, 2022 @ 01:50:39.295",iEXTAIQBHC0TB3lJ55oi,".ds-winlogbeat-8.2.3-2022.10.22-000001","-","25051d08-9df1-4629-b2c6-d1eeb5aa9cfd",victim,"b15c43c7-63a1-423e-901b-f1acc6401711",victim,winlogbeat,"8.2.3","-","-","-","-","-","-","-","1.12.0","File created (rule: FileCreate)",file,11,"Oct 23, 2022 @ 01:50:41.645","Oct 23, 2022 @ 01:53:18.114",event,sysmon,"-","Microsoft-Windows-Sysmon","-",creation,"C:\Users\Patricia Goh\AppData\Local\Temp",ps1,"__PSScriptPolicyTest_trqbtkfu.vxg.ps1","C:\Users\Patricia Goh\AppData\Local\Temp\__PSScriptPolicyTest_trqbtkfu.vxg.ps1","C:\Users\Patricia Goh\AppData\Local\Temp\__PSScriptPolicyTest_trqbtkfu.vxg.ps1","x86_64",victim,"461f0bd2-c182-413a-8a41-2a8e4accb4a9","fe80::4959:93ba:69a6:522d, 10.0.2.15, fe80::91a8:3d9e:36ba:f548, 172.19.96.10","08:00:27:7c:f3:ae, 08:00:27:22:f7:3c",victim,"19044.1889",windows,"10.0.19041.1889 (WinBuild.160101.0800)","Windows 10 Enterprise Evaluation","Windows 10 Enterprise Evaluation",windows,windows,"10.0",information,"File created:
RuleName: -
UtcTime: 2022-10-22 17:50:39.295
ProcessGuid: {461f0bd2-2d6e-6354-6f00-000000001f00}
ProcessId: 5464
Image: C:\Windows\System32\WindowsPowerShell\v1.0\powershell.exe
TargetFilename: C:\Users\Patricia Goh\AppData\Local\Temp\__PSScriptPolicyTest_trqbtkfu.vxg.ps1
CreationUtcTime: 2022-10-22 17:50:39.295
User: VICTIM\Patricia Goh","-","-","-","-","-","-","-","-","-","-","-","-","-","-","-","-","{461f0bd2-2d6e-6354-6f00-000000001f00}","C:\Windows\System32\WindowsPowerShell\v1.0\powershell.exe","C:\Windows\System32\WindowsPowerShell\v1.0\powershell.exe","-","-","powershell.exe","powershell.exe","-","-","-","-","-","-","-","-","-","-","-","-","-","-","-","-",5464,"-","-","-","-","-","-","-","-","-","-","-","-","-","Patricia Goh","-","-",VICTIM,"-","S-1-5-18","Patricia Goh","Patricia Goh","-",wineventlog,"Microsoft-Windows-Sysmon/Operational",victim,"-","2022-10-22 17:50:39.295","-","-","-","-","-","-","-","-","-","-","-","-","-","-","-","-","-","-","-","-",11,"-","-",Info,"2,240","2,984","{5770385f-c22a-43e0-bf4c-06f5698ffbd9}","Microsoft-Windows-Sysmon",5127,"File created (rule: FileCreate)","NT AUTHORITY","S-1-5-18",SYSTEM,User,2
"Oct 23, 2022 @ 01:50:38.535",h0XTAIQBHC0TB3lJ55oi,".ds-winlogbeat-8.2.3-2022.10.22-000001","-","25051d08-9df1-4629-b2c6-d1eeb5aa9cfd",victim,"b15c43c7-63a1-423e-901b-f1acc6401711",victim,winlogbeat,"8.2.3","-","-","-","-","-","-","-","1.12.0","Process Create (rule: ProcessCreate)",process,1,"Oct 23, 2022 @ 01:50:41.645","Oct 23, 2022 @ 01:53:18.112",event,sysmon,"-","Microsoft-Windows-Sysmon","-",start,"-","-","-","-","-","x86_64",victim,"461f0bd2-c182-413a-8a41-2a8e4accb4a9","fe80::4959:93ba:69a6:522d, 10.0.2.15, fe80::91a8:3d9e:36ba:f548, 172.19.96.10","08:00:27:7c:f3:ae, 08:00:27:22:f7:3c",victim,"19044.1889",windows,"10.0.19041.1889 (WinBuild.160101.0800)","Windows 10 Enterprise Evaluation","Windows 10 Enterprise Evaluation",windows,windows,"10.0",information,"Process Create:
RuleName: -
UtcTime: 2022-10-22 17:50:38.535
ProcessGuid: {461f0bd2-2d6e-6354-6f00-000000001f00}
ProcessId: 5464
Image: C:\Windows\System32\WindowsPowerShell\v1.0\powershell.exe
FileVersion: 10.0.19041.546 (WinBuild.160101.0800)
Description: Windows PowerShell
Product: Microsoft® Windows® Operating System
Company: Microsoft Corporation
OriginalFileName: PowerShell.EXE
CommandLine: powershell.exe  -command ""Set-MpPreference -DisableRealTimeMonitoring 1""
CurrentDirectory: C:\Users\PATRIC~1\AppData\Local\Temp\IXP000.TMP\
User: VICTIM\Patricia Goh
LogonGuid: {461f0bd2-2d0d-6354-ef2b-030000000000}
LogonId: 0x32BEF
TerminalSessionId: 1
IntegrityLevel: High
Hashes: MD5=04029E121A0CFA5991749937DD22A1D9,SHA256=9F914D42706FE215501044ACD85A32D58AAEF1419D404FDDFA5D3B48F66CCD9F,IMPHASH=7C955A0ABC747F57CCC4324480737EF7
ParentProcessGuid: {461f0bd2-2d35-6354-5700-000000001f00}
ParentProcessId: 256
ParentImage: C:\Windows\System32\cmd.exe
ParentCommandLine: cmd /c Percino.bat
ParentUser: VICTIM\Patricia Goh","-","-","-","-","-","-","-","-","-","-","-","-","powershell.exe, -command, Set-MpPreference -DisableRealTimeMonitoring 1",3,"powershell.exe  -command ""Set-MpPreference -DisableRealTimeMonitoring 1""","powershell.exe  -command ""Set-MpPreference -DisableRealTimeMonitoring 1""","{461f0bd2-2d6e-6354-6f00-000000001f00}","C:\Windows\System32\WindowsPowerShell\v1.0\powershell.exe","C:\Windows\System32\WindowsPowerShell\v1.0\powershell.exe",04029e121a0cfa5991749937dd22a1d9,9f914d42706fe215501044acd85a32d58aaef1419d404fddfa5d3b48f66ccd9f,"powershell.exe","powershell.exe","cmd, /c, Percino.bat",3,"cmd /c Percino.bat","cmd /c Percino.bat","{461f0bd2-2d35-6354-5700-000000001f00}","C:\Windows\System32\cmd.exe","C:\Windows\System32\cmd.exe","cmd.exe","cmd.exe",256,"Microsoft Corporation","Windows PowerShell","10.0.19041.546 (WinBuild.160101.0800)",7c955a0abc747f57ccc4324480737ef7,"PowerShell.EXE","Microsoft® Windows® Operating System",5464,"-","-","C:\Users\PATRIC~1\AppData\Local\Temp\IXP000.TMP\","C:\Users\PATRIC~1\AppData\Local\Temp\IXP000.TMP\","-","-","-","-","-","-","9f914d42706fe215501044acd85a32d58aaef1419d404fddfa5d3b48f66ccd9f, 04029e121a0cfa5991749937dd22a1d9, 7c955a0abc747f57ccc4324480737ef7","-","-","Patricia Goh","-","-",VICTIM,"-","S-1-5-18","Patricia Goh","Patricia Goh","-",wineventlog,"Microsoft-Windows-Sysmon/Operational",victim,"Microsoft Corporation","-","Windows PowerShell","-","10.0.19041.546 (WinBuild.160101.0800)",High,"{461f0bd2-2d0d-6354-ef2b-030000000000}",0x32bef,"-","VICTIM\Patricia Goh","-","Microsoft® Windows® Operating System","-","-","-","-","-","-","-","-",1,"-",1,"-","-",Info,"2,240","2,984","{5770385f-c22a-43e0-bf4c-06f5698ffbd9}","Microsoft-Windows-Sysmon",5126,"Process Create (rule: ProcessCreate)","NT AUTHORITY","S-1-5-18",SYSTEM,User,5
