"Oct 23, 2022 @ 01:53:02.713",ZEXVAIQBHC0TB3lJXpwf,".ds-winlogbeat-8.2.3-2022.10.22-000001","-","25051d08-9df1-4629-b2c6-d1eeb5aa9cfd",victim,"b15c43c7-63a1-423e-901b-f1acc6401711",victim,winlogbeat,"8.2.3","-","-","-","-","-","-","-","1.12.0","Process Create (rule: ProcessCreate)",process,1,"Oct 23, 2022 @ 01:53:05.673","Oct 23, 2022 @ 01:54:54.110",event,sysmon,"-","Microsoft-Windows-Sysmon","-",start,"-","-","-","-","-","x86_64",victim,"461f0bd2-c182-413a-8a41-2a8e4accb4a9","fe80::4959:93ba:69a6:522d, 10.0.2.15, fe80::91a8:3d9e:36ba:f548, 172.19.96.10","08:00:27:7c:f3:ae, 08:00:27:22:f7:3c",victim,"19044.1889",windows,"10.0.19041.1889 (WinBuild.160101.0800)","Windows 10 Enterprise Evaluation","Windows 10 Enterprise Evaluation",windows,windows,"10.0",information,"Process Create:
RuleName: -
UtcTime: 2022-10-22 17:53:02.713
ProcessGuid: {461f0bd2-2dfe-6354-9800-000000001f00}
ProcessId: 6104
Image: C:\Windows\ImmersiveControlPanel\SystemSettings.exe
FileVersion: 10.0.19041.1865 (WinBuild.160101.0800)
Description: Settings
Product: Microsoft® Windows® Operating System
Company: Microsoft Corporation
OriginalFileName: SystemSettings.exe
CommandLine: ""C:\Windows\ImmersiveControlPanel\SystemSettings.exe"" -ServerName:microsoft.windows.immersivecontrolpanel
CurrentDirectory: C:\Windows\ImmersiveControlPanel\
User: VICTIM\Patricia Goh
LogonGuid: {461f0bd2-2d0d-6354-ef2b-030000000000}
LogonId: 0x32BEF
TerminalSessionId: 1
IntegrityLevel: High
Hashes: MD5=3CD3CD85226FCF576DFE9B70B6DA2630,SHA256=5C7F461CB692C6B748D13AED9F172F1A83F9FE5D76B1135012651EE3A2B52B2A,IMPHASH=EC87C68A546FB4BDECF11BCB83E7D0E5
ParentProcessGuid: {00000000-0000-0000-0000-000000000000}
ParentProcessId: 780
ParentImage: -
ParentCommandLine: -
ParentUser: -","-","-","-","-","-","-","-","-","-","-","-","-","C:\Windows\ImmersiveControlPanel\SystemSettings.exe, -ServerName:microsoft.windows.immersivecontrolpanel",2,"""C:\Windows\ImmersiveControlPanel\SystemSettings.exe"" -ServerName:microsoft.windows.immersivecontrolpanel","""C:\Windows\ImmersiveControlPanel\SystemSettings.exe"" -ServerName:microsoft.windows.immersivecontrolpanel","{461f0bd2-2dfe-6354-9800-000000001f00}","C:\Windows\ImmersiveControlPanel\SystemSettings.exe","C:\Windows\ImmersiveControlPanel\SystemSettings.exe",3cd3cd85226fcf576dfe9b70b6da2630,5c7f461cb692c6b748d13aed9f172f1a83f9fe5d76b1135012651ee3a2b52b2a,"SystemSettings.exe","SystemSettings.exe","-",1,"-","-","{00000000-0000-0000-0000-000000000000}","-","-","-","-",780,"Microsoft Corporation",Settings,"10.0.19041.1865 (WinBuild.160101.0800)",ec87c68a546fb4bdecf11bcb83e7d0e5,"SystemSettings.exe","Microsoft® Windows® Operating System",6104,"-","-","C:\Windows\ImmersiveControlPanel\","C:\Windows\ImmersiveControlPanel\","-","-","-","-","-","-","5c7f461cb692c6b748d13aed9f172f1a83f9fe5d76b1135012651ee3a2b52b2a, 3cd3cd85226fcf576dfe9b70b6da2630, ec87c68a546fb4bdecf11bcb83e7d0e5","-","-","Patricia Goh","-","-",VICTIM,"-","S-1-5-18","Patricia Goh","Patricia Goh","-",wineventlog,"Microsoft-Windows-Sysmon/Operational",victim,"Microsoft Corporation","-",Settings,"-","10.0.19041.1865 (WinBuild.160101.0800)",High,"{461f0bd2-2d0d-6354-ef2b-030000000000}",0x32bef,"-","-","-","Microsoft® Windows® Operating System","-","-","-","-","-","-","-","-",1,"-",1,"-","-",Info,"2,240","2,984","{5770385f-c22a-43e0-bf4c-06f5698ffbd9}","Microsoft-Windows-Sysmon",5180,"Process Create (rule: ProcessCreate)","NT AUTHORITY","S-1-5-18",SYSTEM,User,5
"Oct 23, 2022 @ 01:52:55.652",Y0XVAIQBHC0TB3lJSpwm,".ds-winlogbeat-8.2.3-2022.10.22-000001","-","25051d08-9df1-4629-b2c6-d1eeb5aa9cfd",victim,"b15c43c7-63a1-423e-901b-f1acc6401711",victim,winlogbeat,"8.2.3","-","-","-","-","-","-","-","1.12.0","Process Create (rule: ProcessCreate)",process,1,"Oct 23, 2022 @ 01:52:58.025","Oct 23, 2022 @ 01:54:48.997",event,sysmon,"-","Microsoft-Windows-Sysmon","-",start,"-","-","-","-","-","x86_64",victim,"461f0bd2-c182-413a-8a41-2a8e4accb4a9","fe80::4959:93ba:69a6:522d, 10.0.2.15, fe80::91a8:3d9e:36ba:f548, 172.19.96.10","08:00:27:7c:f3:ae, 08:00:27:22:f7:3c",victim,"19044.1889",windows,"10.0.19041.1889 (WinBuild.160101.0800)","Windows 10 Enterprise Evaluation","Windows 10 Enterprise Evaluation",windows,windows,"10.0",information,"Process Create:
RuleName: -
UtcTime: 2022-10-22 17:52:55.652
ProcessGuid: {461f0bd2-2df7-6354-9600-000000001f00}
ProcessId: 2384
Image: C:\Program Files\Windows Defender\MpCmdRun.exe
FileVersion: 4.18.1909.6 (WinBuild.160101.0800)
Description: Microsoft Malware Protection Command Line Utility
Product: Microsoft® Windows® Operating System
Company: Microsoft Corporation
OriginalFileName: MpCmdRun.exe
CommandLine: ""C:\Program Files\Windows Defender\mpcmdrun.exe"" -wdenable
CurrentDirectory: C:\Windows\system32\
User: NT AUTHORITY\LOCAL SERVICE
LogonGuid: {461f0bd2-2cdc-6354-e503-000000000000}
LogonId: 0x3E5
TerminalSessionId: 0
IntegrityLevel: System
Hashes: MD5=B3676839B2EE96983F9ED735CD044159,SHA256=4B9ACE449FC8E4A666FD7E1B650D22EC85A0DC405DDF4BA58A2B938C00CB896C,IMPHASH=B141AB3FF0C94D6A0C93324BECC0804F
ParentProcessGuid: {461f0bd2-2d9c-6354-7f00-000000001f00}
ParentProcessId: 4576
ParentImage: C:\Windows\System32\svchost.exe
ParentCommandLine: C:\Windows\System32\svchost.exe -k LocalServiceNetworkRestricted -p
ParentUser: NT AUTHORITY\LOCAL SERVICE","-","-","-","-","-","-","-","-","-","-","-","-","C:\Program Files\Windows Defender\mpcmdrun.exe, -wdenable",2,"""C:\Program Files\Windows Defender\mpcmdrun.exe"" -wdenable","""C:\Program Files\Windows Defender\mpcmdrun.exe"" -wdenable","{461f0bd2-2df7-6354-9600-000000001f00}","C:\Program Files\Windows Defender\MpCmdRun.exe","C:\Program Files\Windows Defender\MpCmdRun.exe",b3676839b2ee96983f9ed735cd044159,4b9ace449fc8e4a666fd7e1b650d22ec85a0dc405ddf4ba58a2b938c00cb896c,"MpCmdRun.exe","MpCmdRun.exe","C:\Windows\System32\svchost.exe, -k, LocalServiceNetworkRestricted, -p",4,"C:\Windows\System32\svchost.exe -k LocalServiceNetworkRestricted -p","C:\Windows\System32\svchost.exe -k LocalServiceNetworkRestricted -p","{461f0bd2-2d9c-6354-7f00-000000001f00}","C:\Windows\System32\svchost.exe","C:\Windows\System32\svchost.exe","svchost.exe","svchost.exe",4576,"Microsoft Corporation","Microsoft Malware Protection Command Line Utility","4.18.1909.6 (WinBuild.160101.0800)",b141ab3ff0c94d6a0c93324becc0804f,"MpCmdRun.exe","Microsoft® Windows® Operating System",2384,"-","-","C:\Windows\system32\","C:\Windows\system32\","-","-","-","-","-","-","4b9ace449fc8e4a666fd7e1b650d22ec85a0dc405ddf4ba58a2b938c00cb896c, b3676839b2ee96983f9ed735cd044159, b141ab3ff0c94d6a0c93324becc0804f","-","-","LOCAL SERVICE","-","-","NT AUTHORITY","-","S-1-5-18","LOCAL SERVICE","LOCAL SERVICE","-",wineventlog,"Microsoft-Windows-Sysmon/Operational",victim,"Microsoft Corporation","-","Microsoft Malware Protection Command Line Utility","-","4.18.1909.6 (WinBuild.160101.0800)",System,"{461f0bd2-2cdc-6354-e503-000000000000}",0x3e5,"-","NT AUTHORITY\LOCAL SERVICE","-","Microsoft® Windows® Operating System","-","-","-","-","-","-","-","-",0,"-",1,"-","-",Info,"2,240","2,984","{5770385f-c22a-43e0-bf4c-06f5698ffbd9}","Microsoft-Windows-Sysmon",5179,"Process Create (rule: ProcessCreate)","NT AUTHORITY","S-1-5-18",SYSTEM,User,5
"Oct 23, 2022 @ 01:52:44.835",YUXVAIQBHC0TB3lJLpw9,".ds-winlogbeat-8.2.3-2022.10.22-000001","-","25051d08-9df1-4629-b2c6-d1eeb5aa9cfd",victim,"b15c43c7-63a1-423e-901b-f1acc6401711",victim,winlogbeat,"8.2.3","-","-","-","-","-","-","-","1.12.0","Process Create (rule: ProcessCreate)",process,1,"Oct 23, 2022 @ 01:52:47.276","Oct 23, 2022 @ 01:54:41.851",event,sysmon,"-","Microsoft-Windows-Sysmon","-",start,"-","-","-","-","-","x86_64",victim,"461f0bd2-c182-413a-8a41-2a8e4accb4a9","fe80::4959:93ba:69a6:522d, 10.0.2.15, fe80::91a8:3d9e:36ba:f548, 172.19.96.10","08:00:27:7c:f3:ae, 08:00:27:22:f7:3c",victim,"19044.1889",windows,"10.0.19041.1889 (WinBuild.160101.0800)","Windows 10 Enterprise Evaluation","Windows 10 Enterprise Evaluation",windows,windows,"10.0",information,"Process Create:
RuleName: -
UtcTime: 2022-10-22 17:52:44.835
ProcessGuid: {461f0bd2-2dec-6354-9500-000000001f00}
ProcessId: 5736
Image: C:\Program Files (x86)\Microsoft\Edge\Application\msedge.exe
FileVersion: 106.0.1370.52
Description: Microsoft Edge
Product: Microsoft Edge
Company: Microsoft Corporation
OriginalFileName: msedge.exe
CommandLine: ""C:\Program Files (x86)\Microsoft\Edge\Application\msedge.exe"" --type=gpu-process --disable-gpu-sandbox --use-gl=disabled --gpu-vendor-id=5140 --gpu-device-id=140 --gpu-sub-system-id=0 --gpu-revision=0 --gpu-driver-version=10.0.19041.546 --gpu-preferences=UAAAAAAAAADoAAAYAAAAAAAAAAAAAAAAAABgAAAAAAAwAAAAAAAAAAAAAACQAAAAAAAAAAAAAAAAAAAAAAAAAEgAAAAAAAAASAAAAAAAAAAYAAAAAgAAABAAAAAAAAAAGAAAAAAAAAAQAAAAAAAAAAAAAAAOAAAAEAAAAAAAAAABAAAADgAAAAgAAAAAAAAACAAAAAAAAAA= --mojo-platform-channel-handle=1860 --field-trial-handle=2096,i,12931208589142636227,13865709978780780176,131072 /prefetch:2
CurrentDirectory: C:\Program Files (x86)\Microsoft\Edge\Application\106.0.1370.52\
User: VICTIM\Patricia Goh
LogonGuid: {461f0bd2-2d0d-6354-ef2b-030000000000}
LogonId: 0x32BEF
TerminalSessionId: 1
IntegrityLevel: High
Hashes: MD5=989EA45A2622F79475C56299E9EDBC0C,SHA256=163801C311DAF2FAC7B2DEA0996AD03DDB16DBA13A0AC25D85878B0587F84D44,IMPHASH=82F187E22098B6CC42EB6250BA0FA1DA
ParentProcessGuid: {461f0bd2-2d33-6354-5300-000000001f00}
ParentProcessId: 1004
ParentImage: C:\Program Files (x86)\Microsoft\Edge\Application\msedge.exe
ParentCommandLine: ""C:\Program Files (x86)\Microsoft\Edge\Application\msedge.exe"" --no-startup-window --win-session-start /prefetch:5
ParentUser: VICTIM\Patricia Goh","-","-","-","-","-","-","-","-","-","-","-","-","C:\Program Files (x86)\Microsoft\Edge\Application\msedge.exe, --type=gpu-process, --disable-gpu-sandbox, --use-gl=disabled, --gpu-vendor-id=5140, --gpu-device-id=140, --gpu-sub-system-id=0, --gpu-revision=0, --gpu-driver-version=10.0.19041.546, --gpu-preferences=UAAAAAAAAADoAAAYAAAAAAAAAAAAAAAAAABgAAAAAAAwAAAAAAAAAAAAAACQAAAAAAAAAAAAAAAAAAAAAAAAAEgAAAAAAAAASAAAAAAAAAAYAAAAAgAAABAAAAAAAAAAGAAAAAAAAAAQAAAAAAAAAAAAAAAOAAAAEAAAAAAAAAABAAAADgAAAAgAAAAAAAAACAAAAAAAAAA=, --mojo-platform-channel-handle=1860, --field-trial-handle=2096,i,12931208589142636227,13865709978780780176,131072, /prefetch:2",13,"""C:\Program Files (x86)\Microsoft\Edge\Application\msedge.exe"" --type=gpu-process --disable-gpu-sandbox --use-gl=disabled --gpu-vendor-id=5140 --gpu-device-id=140 --gpu-sub-system-id=0 --gpu-revision=0 --gpu-driver-version=10.0.19041.546 --gpu-preferences=UAAAAAAAAADoAAAYAAAAAAAAAAAAAAAAAABgAAAAAAAwAAAAAAAAAAAAAACQAAAAAAAAAAAAAAAAAAAAAAAAAEgAAAAAAAAASAAAAAAAAAAYAAAAAgAAABAAAAAAAAAAGAAAAAAAAAAQAAAAAAAAAAAAAAAOAAAAEAAAAAAAAAABAAAADgAAAAgAAAAAAAAACAAAAAAAAAA= --mojo-platform-channel-handle=1860 --field-trial-handle=2096,i,12931208589142636227,13865709978780780176,131072 /prefetch:2","""C:\Program Files (x86)\Microsoft\Edge\Application\msedge.exe"" --type=gpu-process --disable-gpu-sandbox --use-gl=disabled --gpu-vendor-id=5140 --gpu-device-id=140 --gpu-sub-system-id=0 --gpu-revision=0 --gpu-driver-version=10.0.19041.546 --gpu-preferences=UAAAAAAAAADoAAAYAAAAAAAAAAAAAAAAAABgAAAAAAAwAAAAAAAAAAAAAACQAAAAAAAAAAAAAAAAAAAAAAAAAEgAAAAAAAAASAAAAAAAAAAYAAAAAgAAABAAAAAAAAAAGAAAAAAAAAAQAAAAAAAAAAAAAAAOAAAAEAAAAAAAAAABAAAADgAAAAgAAAAAAAAACAAAAAAAAAA= --mojo-platform-channel-handle=1860 --field-trial-handle=2096,i,12931208589142636227,13865709978780780176,131072 /prefetch:2","{461f0bd2-2dec-6354-9500-000000001f00}","C:\Program Files (x86)\Microsoft\Edge\Application\msedge.exe","C:\Program Files (x86)\Microsoft\Edge\Application\msedge.exe",989ea45a2622f79475c56299e9edbc0c,163801c311daf2fac7b2dea0996ad03ddb16dba13a0ac25d85878b0587f84d44,"msedge.exe","msedge.exe","C:\Program Files (x86)\Microsoft\Edge\Application\msedge.exe, --no-startup-window, --win-session-start, /prefetch:5",4,"""C:\Program Files (x86)\Microsoft\Edge\Application\msedge.exe"" --no-startup-window --win-session-start /prefetch:5","""C:\Program Files (x86)\Microsoft\Edge\Application\msedge.exe"" --no-startup-window --win-session-start /prefetch:5","{461f0bd2-2d33-6354-5300-000000001f00}","C:\Program Files (x86)\Microsoft\Edge\Application\msedge.exe","C:\Program Files (x86)\Microsoft\Edge\Application\msedge.exe","msedge.exe","msedge.exe",1004,"Microsoft Corporation","Microsoft Edge","106.0.1370.52",82f187e22098b6cc42eb6250ba0fa1da,"msedge.exe","Microsoft Edge",5736,"-","-","C:\Program Files (x86)\Microsoft\Edge\Application\106.0.1370.52\","C:\Program Files (x86)\Microsoft\Edge\Application\106.0.1370.52\","-","-","-","-","-","-","163801c311daf2fac7b2dea0996ad03ddb16dba13a0ac25d85878b0587f84d44, 989ea45a2622f79475c56299e9edbc0c, 82f187e22098b6cc42eb6250ba0fa1da","-","-","Patricia Goh","-","-",VICTIM,"-","S-1-5-18","Patricia Goh","Patricia Goh","-",wineventlog,"Microsoft-Windows-Sysmon/Operational",victim,"Microsoft Corporation","-","Microsoft Edge","-","106.0.1370.52",High,"{461f0bd2-2d0d-6354-ef2b-030000000000}",0x32bef,"-","VICTIM\Patricia Goh","-","Microsoft Edge","-","-","-","-","-","-","-","-",1,"-",1,"-","-",Info,"2,240","2,984","{5770385f-c22a-43e0-bf4c-06f5698ffbd9}","Microsoft-Windows-Sysmon",5178,"Process Create (rule: ProcessCreate)","NT AUTHORITY","S-1-5-18",SYSTEM,User,5
"Oct 23, 2022 @ 01:52:34.542",VUXVAIQBHC0TB3lJEpxJ,".ds-winlogbeat-8.2.3-2022.10.22-000001","-","25051d08-9df1-4629-b2c6-d1eeb5aa9cfd",victim,"b15c43c7-63a1-423e-901b-f1acc6401711",victim,winlogbeat,"8.2.3","-","-","-","-","-","-","-","1.12.0","Process Create (rule: ProcessCreate)",process,1,"Oct 23, 2022 @ 01:52:36.585","Oct 23, 2022 @ 01:54:34.697",event,sysmon,"-","Microsoft-Windows-Sysmon","-",start,"-","-","-","-","-","x86_64",victim,"461f0bd2-c182-413a-8a41-2a8e4accb4a9","fe80::4959:93ba:69a6:522d, 10.0.2.15, fe80::91a8:3d9e:36ba:f548, 172.19.96.10","08:00:27:7c:f3:ae, 08:00:27:22:f7:3c",victim,"19044.1889",windows,"10.0.19041.1889 (WinBuild.160101.0800)","Windows 10 Enterprise Evaluation","Windows 10 Enterprise Evaluation",windows,windows,"10.0",information,"Process Create:
RuleName: -
UtcTime: 2022-10-22 17:52:34.542
ProcessGuid: {461f0bd2-2de2-6354-9200-000000001f00}
ProcessId: 3364
Image: C:\Windows\System32\sc.exe
FileVersion: 10.0.19041.1 (WinBuild.160101.0800)
Description: Service Control Manager Configuration Tool
Product: Microsoft® Windows® Operating System
Company: Microsoft Corporation
OriginalFileName: sc.exe
CommandLine: C:\Windows\system32\sc.exe start pushtoinstall registration
CurrentDirectory: C:\Windows\system32\
User: NT AUTHORITY\SYSTEM
LogonGuid: {461f0bd2-2cdb-6354-e703-000000000000}
LogonId: 0x3E7
TerminalSessionId: 0
IntegrityLevel: System
Hashes: MD5=3FB5CF71F7E7EB49790CB0E663434D80,SHA256=41F067C3A11B02FE39947F9EBA68AE5C7CB5BD1872A6009A4CD1506554A9ABA9,IMPHASH=803254E010814E69947095A2725B2AFD
ParentProcessGuid: {461f0bd2-2cdc-6354-1300-000000001f00}
ParentProcessId: 432
ParentImage: C:\Windows\System32\svchost.exe
ParentCommandLine: C:\Windows\system32\svchost.exe -k netsvcs -p
ParentUser: NT AUTHORITY\SYSTEM","-","-","-","-","-","-","-","-","-","-","-","-","C:\Windows\system32\sc.exe, start, pushtoinstall, registration",4,"C:\Windows\system32\sc.exe start pushtoinstall registration","C:\Windows\system32\sc.exe start pushtoinstall registration","{461f0bd2-2de2-6354-9200-000000001f00}","C:\Windows\System32\sc.exe","C:\Windows\System32\sc.exe",3fb5cf71f7e7eb49790cb0e663434d80,41f067c3a11b02fe39947f9eba68ae5c7cb5bd1872a6009a4cd1506554a9aba9,"sc.exe","sc.exe","C:\Windows\system32\svchost.exe, -k, netsvcs, -p",4,"C:\Windows\system32\svchost.exe -k netsvcs -p","C:\Windows\system32\svchost.exe -k netsvcs -p","{461f0bd2-2cdc-6354-1300-000000001f00}","C:\Windows\System32\svchost.exe","C:\Windows\System32\svchost.exe","svchost.exe","svchost.exe",432,"Microsoft Corporation","Service Control Manager Configuration Tool","10.0.19041.1 (WinBuild.160101.0800)",803254e010814e69947095a2725b2afd,"sc.exe","Microsoft® Windows® Operating System",3364,"-","-","C:\Windows\system32\","C:\Windows\system32\","-","-","-","-","-","-","41f067c3a11b02fe39947f9eba68ae5c7cb5bd1872a6009a4cd1506554a9aba9, 3fb5cf71f7e7eb49790cb0e663434d80, 803254e010814e69947095a2725b2afd","-","-",SYSTEM,"-","-","NT AUTHORITY","-","S-1-5-18",SYSTEM,SYSTEM,"-",wineventlog,"Microsoft-Windows-Sysmon/Operational",victim,"Microsoft Corporation","-","Service Control Manager Configuration Tool","-","10.0.19041.1 (WinBuild.160101.0800)",System,"{461f0bd2-2cdb-6354-e703-000000000000}",0x3e7,"-","NT AUTHORITY\SYSTEM","-","Microsoft® Windows® Operating System","-","-","-","-","-","-","-","-",0,"-",1,"-","-",Info,"2,240","2,984","{5770385f-c22a-43e0-bf4c-06f5698ffbd9}","Microsoft-Windows-Sysmon",5174,"Process Create (rule: ProcessCreate)","NT AUTHORITY","S-1-5-18",SYSTEM,User,5
"Oct 23, 2022 @ 01:52:32.753",VEXVAIQBHC0TB3lJDpxP,".ds-winlogbeat-8.2.3-2022.10.22-000001","-","25051d08-9df1-4629-b2c6-d1eeb5aa9cfd",victim,"b15c43c7-63a1-423e-901b-f1acc6401711",victim,winlogbeat,"8.2.3","-","-","-","-","-","-","-","1.12.0","Process Create (rule: ProcessCreate)",process,1,"Oct 23, 2022 @ 01:52:35.057","Oct 23, 2022 @ 01:54:33.678",event,sysmon,"-","Microsoft-Windows-Sysmon","-",start,"-","-","-","-","-","x86_64",victim,"461f0bd2-c182-413a-8a41-2a8e4accb4a9","fe80::4959:93ba:69a6:522d, 10.0.2.15, fe80::91a8:3d9e:36ba:f548, 172.19.96.10","08:00:27:7c:f3:ae, 08:00:27:22:f7:3c",victim,"19044.1889",windows,"10.0.19041.1889 (WinBuild.160101.0800)","Windows 10 Enterprise Evaluation","Windows 10 Enterprise Evaluation",windows,windows,"10.0",information,"Process Create:
RuleName: -
UtcTime: 2022-10-22 17:52:32.753
ProcessGuid: {461f0bd2-2de0-6354-9000-000000001f00}
ProcessId: 4736
Image: C:\Windows\System32\ApplicationFrameHost.exe
FileVersion: 10.0.19041.746 (WinBuild.160101.0800)
Description: Application Frame Host
Product: Microsoft® Windows® Operating System
Company: Microsoft Corporation
OriginalFileName: ApplicationFrameHost.exe
CommandLine: C:\Windows\system32\ApplicationFrameHost.exe -Embedding
CurrentDirectory: C:\Windows\system32\
User: VICTIM\Patricia Goh
LogonGuid: {461f0bd2-2d0d-6354-ef2b-030000000000}
LogonId: 0x32BEF
TerminalSessionId: 1
IntegrityLevel: High
Hashes: MD5=D58A8A987A8DAFAD9DC32A548CC061E7,SHA256=CF58E424B86775E6F2354291052126A646F842FFF811B730714DFBBD8EBC71A4,IMPHASH=09ACF1642E301359F90E7DA59EE838C6
ParentProcessGuid: {00000000-0000-0000-0000-000000000000}
ParentProcessId: 780
ParentImage: -
ParentCommandLine: -
ParentUser: -","-","-","-","-","-","-","-","-","-","-","-","-","C:\Windows\system32\ApplicationFrameHost.exe, -Embedding",2,"C:\Windows\system32\ApplicationFrameHost.exe -Embedding","C:\Windows\system32\ApplicationFrameHost.exe -Embedding","{461f0bd2-2de0-6354-9000-000000001f00}","C:\Windows\System32\ApplicationFrameHost.exe","C:\Windows\System32\ApplicationFrameHost.exe",d58a8a987a8dafad9dc32a548cc061e7,cf58e424b86775e6f2354291052126a646f842fff811b730714dfbbd8ebc71a4,"ApplicationFrameHost.exe","ApplicationFrameHost.exe","-",1,"-","-","{00000000-0000-0000-0000-000000000000}","-","-","-","-",780,"Microsoft Corporation","Application Frame Host","10.0.19041.746 (WinBuild.160101.0800)",09acf1642e301359f90e7da59ee838c6,"ApplicationFrameHost.exe","Microsoft® Windows® Operating System",4736,"-","-","C:\Windows\system32\","C:\Windows\system32\","-","-","-","-","-","-","cf58e424b86775e6f2354291052126a646f842fff811b730714dfbbd8ebc71a4, d58a8a987a8dafad9dc32a548cc061e7, 09acf1642e301359f90e7da59ee838c6","-","-","Patricia Goh","-","-",VICTIM,"-","S-1-5-18","Patricia Goh","Patricia Goh","-",wineventlog,"Microsoft-Windows-Sysmon/Operational",victim,"Microsoft Corporation","-","Application Frame Host","-","10.0.19041.746 (WinBuild.160101.0800)",High,"{461f0bd2-2d0d-6354-ef2b-030000000000}",0x32bef,"-","-","-","Microsoft® Windows® Operating System","-","-","-","-","-","-","-","-",1,"-",1,"-","-",Info,"2,240","2,984","{5770385f-c22a-43e0-bf4c-06f5698ffbd9}","Microsoft-Windows-Sysmon",5173,"Process Create (rule: ProcessCreate)","NT AUTHORITY","S-1-5-18",SYSTEM,User,5
"Oct 23, 2022 @ 01:52:18.193",T0XUAIQBHC0TB3lJ45z3,".ds-winlogbeat-8.2.3-2022.10.22-000001","-","25051d08-9df1-4629-b2c6-d1eeb5aa9cfd",victim,"b15c43c7-63a1-423e-901b-f1acc6401711",victim,winlogbeat,"8.2.3","-","-","-","-","-","-","-","1.12.0","Process Create (rule: ProcessCreate)",process,1,"Oct 23, 2022 @ 01:52:19.797","Oct 23, 2022 @ 01:54:22.838",event,sysmon,"-","Microsoft-Windows-Sysmon","-",start,"-","-","-","-","-","x86_64",victim,"461f0bd2-c182-413a-8a41-2a8e4accb4a9","fe80::4959:93ba:69a6:522d, 10.0.2.15, fe80::91a8:3d9e:36ba:f548, 172.19.96.10","08:00:27:7c:f3:ae, 08:00:27:22:f7:3c",victim,"19044.1889",windows,"10.0.19041.1889 (WinBuild.160101.0800)","Windows 10 Enterprise Evaluation","Windows 10 Enterprise Evaluation",windows,windows,"10.0",information,"Process Create:
RuleName: -
UtcTime: 2022-10-22 17:52:18.193
ProcessGuid: {461f0bd2-2dd2-6354-8f00-000000001f00}
ProcessId: 652
Image: C:\Windows\System32\taskhostw.exe
FileVersion: 10.0.19041.1865 (WinBuild.160101.0800)
Description: Host Process for Windows Tasks
Product: Microsoft® Windows® Operating System
Company: Microsoft Corporation
OriginalFileName: taskhostw.exe
CommandLine: taskhostw.exe
CurrentDirectory: C:\Windows\system32\
User: NT AUTHORITY\SYSTEM
LogonGuid: {461f0bd2-2cdb-6354-e703-000000000000}
LogonId: 0x3E7
TerminalSessionId: 0
IntegrityLevel: System
Hashes: MD5=A00BF82660835224CD6606A248321C5D,SHA256=E63709209D09BC0247E785F075DDB28A98C348206109E2B8BA321AD958402728,IMPHASH=3A0C6863CDE566AF997DB2DEFFF9D924
ParentProcessGuid: {461f0bd2-2cdc-6354-1300-000000001f00}
ParentProcessId: 432
ParentImage: C:\Windows\System32\svchost.exe
ParentCommandLine: C:\Windows\system32\svchost.exe -k netsvcs -p
ParentUser: NT AUTHORITY\SYSTEM","-","-","-","-","-","-","-","-","-","-","-","-","taskhostw.exe",1,"taskhostw.exe","taskhostw.exe","{461f0bd2-2dd2-6354-8f00-000000001f00}","C:\Windows\System32\taskhostw.exe","C:\Windows\System32\taskhostw.exe",a00bf82660835224cd6606a248321c5d,e63709209d09bc0247e785f075ddb28a98c348206109e2b8ba321ad958402728,"taskhostw.exe","taskhostw.exe","C:\Windows\system32\svchost.exe, -k, netsvcs, -p",4,"C:\Windows\system32\svchost.exe -k netsvcs -p","C:\Windows\system32\svchost.exe -k netsvcs -p","{461f0bd2-2cdc-6354-1300-000000001f00}","C:\Windows\System32\svchost.exe","C:\Windows\System32\svchost.exe","svchost.exe","svchost.exe",432,"Microsoft Corporation","Host Process for Windows Tasks","10.0.19041.1865 (WinBuild.160101.0800)",3a0c6863cde566af997db2defff9d924,"taskhostw.exe","Microsoft® Windows® Operating System",652,"-","-","C:\Windows\system32\","C:\Windows\system32\","-","-","-","-","-","-","e63709209d09bc0247e785f075ddb28a98c348206109e2b8ba321ad958402728, a00bf82660835224cd6606a248321c5d, 3a0c6863cde566af997db2defff9d924","-","-",SYSTEM,"-","-","NT AUTHORITY","-","S-1-5-18",SYSTEM,SYSTEM,"-",wineventlog,"Microsoft-Windows-Sysmon/Operational",victim,"Microsoft Corporation","-","Host Process for Windows Tasks","-","10.0.19041.1865 (WinBuild.160101.0800)",System,"{461f0bd2-2cdb-6354-e703-000000000000}",0x3e7,"-","NT AUTHORITY\SYSTEM","-","Microsoft® Windows® Operating System","-","-","-","-","-","-","-","-",0,"-",1,"-","-",Info,"2,240","2,984","{5770385f-c22a-43e0-bf4c-06f5698ffbd9}","Microsoft-Windows-Sysmon",5172,"Process Create (rule: ProcessCreate)","NT AUTHORITY","S-1-5-18",SYSTEM,User,5
"Oct 23, 2022 @ 01:52:04.276",Q0XUAIQBHC0TB3lJwJz7,".ds-winlogbeat-8.2.3-2022.10.22-000001","-","25051d08-9df1-4629-b2c6-d1eeb5aa9cfd",victim,"b15c43c7-63a1-423e-901b-f1acc6401711",victim,winlogbeat,"8.2.3","-","-","-","-","-","-","-","1.12.0","File created (rule: FileCreate)",file,11,"Oct 23, 2022 @ 01:52:06.031","Oct 23, 2022 @ 01:54:13.882",event,sysmon,"-","Microsoft-Windows-Sysmon","-",creation,"C:\Windows\System32\config\systemprofile\AppData\Local\Microsoft\CLR_v4.0\UsageLogs",log,"powershell.exe.log","C:\Windows\System32\config\systemprofile\AppData\Local\Microsoft\CLR_v4.0\UsageLogs\powershell.exe.log","C:\Windows\System32\config\systemprofile\AppData\Local\Microsoft\CLR_v4.0\UsageLogs\powershell.exe.log","x86_64",victim,"461f0bd2-c182-413a-8a41-2a8e4accb4a9","fe80::4959:93ba:69a6:522d, 10.0.2.15, fe80::91a8:3d9e:36ba:f548, 172.19.96.10","08:00:27:7c:f3:ae, 08:00:27:22:f7:3c",victim,"19044.1889",windows,"10.0.19041.1889 (WinBuild.160101.0800)","Windows 10 Enterprise Evaluation","Windows 10 Enterprise Evaluation",windows,windows,"10.0",information,"File created:
RuleName: ProcessHostingdotNETCode
UtcTime: 2022-10-22 17:52:04.276
ProcessGuid: {461f0bd2-2dbc-6354-8800-000000001f00}
ProcessId: 1844
Image: C:\Windows\System32\WindowsPowerShell\v1.0\powershell.exe
TargetFilename: C:\Windows\System32\config\systemprofile\AppData\Local\Microsoft\CLR_v4.0\UsageLogs\powershell.exe.log
CreationUtcTime: 2022-10-18 11:56:17.218
User: NT AUTHORITY\SYSTEM","-","-","-","-","-","-","-","-","-","-","-","-","-","-","-","-","{461f0bd2-2dbc-6354-8800-000000001f00}","C:\Windows\System32\WindowsPowerShell\v1.0\powershell.exe","C:\Windows\System32\WindowsPowerShell\v1.0\powershell.exe","-","-","powershell.exe","powershell.exe","-","-","-","-","-","-","-","-","-","-","-","-","-","-","-","-",1844,"-","-","-","-","-","-","-","-","-","-","-","-","-",SYSTEM,ProcessHostingdotNETCode,"-","NT AUTHORITY","-","S-1-5-18",SYSTEM,SYSTEM,"-",wineventlog,"Microsoft-Windows-Sysmon/Operational",victim,"-","2022-10-18 11:56:17.218","-","-","-","-","-","-","-","-","-","-","-","-","-","-","-","-","-","-","-","-",11,"-","-",Info,"2,240","2,984","{5770385f-c22a-43e0-bf4c-06f5698ffbd9}","Microsoft-Windows-Sysmon",5170,"File created (rule: FileCreate)","NT AUTHORITY","S-1-5-18",SYSTEM,User,2
"Oct 23, 2022 @ 01:51:57.667",OkXUAIQBHC0TB3lJspzQ,".ds-winlogbeat-8.2.3-2022.10.22-000001","-","25051d08-9df1-4629-b2c6-d1eeb5aa9cfd",victim,"b15c43c7-63a1-423e-901b-f1acc6401711",victim,winlogbeat,"8.2.3","-","-","-","-","-","-","-","1.12.0","File created (rule: FileCreate)",file,11,"Oct 23, 2022 @ 01:51:59.934","Oct 23, 2022 @ 01:54:10.255",event,sysmon,"-","Microsoft-Windows-Sysmon","-",creation,"C:\Windows\Temp",ps1,"__PSScriptPolicyTest_dxfc4ff0.2vc.ps1","C:\Windows\Temp\__PSScriptPolicyTest_dxfc4ff0.2vc.ps1","C:\Windows\Temp\__PSScriptPolicyTest_dxfc4ff0.2vc.ps1","x86_64",victim,"461f0bd2-c182-413a-8a41-2a8e4accb4a9","fe80::4959:93ba:69a6:522d, 10.0.2.15, fe80::91a8:3d9e:36ba:f548, 172.19.96.10","08:00:27:7c:f3:ae, 08:00:27:22:f7:3c",victim,"19044.1889",windows,"10.0.19041.1889 (WinBuild.160101.0800)","Windows 10 Enterprise Evaluation","Windows 10 Enterprise Evaluation",windows,windows,"10.0",information,"File created:
RuleName: -
UtcTime: 2022-10-22 17:51:57.667
ProcessGuid: {461f0bd2-2dbc-6354-8800-000000001f00}
ProcessId: 1844
Image: C:\Windows\System32\WindowsPowerShell\v1.0\powershell.exe
TargetFilename: C:\Windows\Temp\__PSScriptPolicyTest_dxfc4ff0.2vc.ps1
CreationUtcTime: 2022-10-22 17:51:57.667
User: NT AUTHORITY\SYSTEM","-","-","-","-","-","-","-","-","-","-","-","-","-","-","-","-","{461f0bd2-2dbc-6354-8800-000000001f00}","C:\Windows\System32\WindowsPowerShell\v1.0\powershell.exe","C:\Windows\System32\WindowsPowerShell\v1.0\powershell.exe","-","-","powershell.exe","powershell.exe","-","-","-","-","-","-","-","-","-","-","-","-","-","-","-","-",1844,"-","-","-","-","-","-","-","-","-","-","-","-","-",SYSTEM,"-","-","NT AUTHORITY","-","S-1-5-18",SYSTEM,SYSTEM,"-",wineventlog,"Microsoft-Windows-Sysmon/Operational",victim,"-","2022-10-22 17:51:57.667","-","-","-","-","-","-","-","-","-","-","-","-","-","-","-","-","-","-","-","-",11,"-","-",Info,"2,240","2,984","{5770385f-c22a-43e0-bf4c-06f5698ffbd9}","Microsoft-Windows-Sysmon",5169,"File created (rule: FileCreate)","NT AUTHORITY","S-1-5-18",SYSTEM,User,2
"Oct 23, 2022 @ 01:51:56.541",OUXUAIQBHC0TB3lJrpze,".ds-winlogbeat-8.2.3-2022.10.22-000001","-","25051d08-9df1-4629-b2c6-d1eeb5aa9cfd",victim,"b15c43c7-63a1-423e-901b-f1acc6401711",victim,winlogbeat,"8.2.3","-","-","-","-","-","-","-","1.12.0","Process Create (rule: ProcessCreate)",process,1,"Oct 23, 2022 @ 01:51:58.401","Oct 23, 2022 @ 01:54:09.245",event,sysmon,"-","Microsoft-Windows-Sysmon","-",start,"-","-","-","-","-","x86_64",victim,"461f0bd2-c182-413a-8a41-2a8e4accb4a9","fe80::4959:93ba:69a6:522d, 10.0.2.15, fe80::91a8:3d9e:36ba:f548, 172.19.96.10","08:00:27:7c:f3:ae, 08:00:27:22:f7:3c",victim,"19044.1889",windows,"10.0.19041.1889 (WinBuild.160101.0800)","Windows 10 Enterprise Evaluation","Windows 10 Enterprise Evaluation",windows,windows,"10.0",information,"Process Create:
RuleName: -
UtcTime: 2022-10-22 17:51:56.541
ProcessGuid: {461f0bd2-2dbc-6354-8800-000000001f00}
ProcessId: 1844
Image: C:\Windows\System32\WindowsPowerShell\v1.0\powershell.exe
FileVersion: 10.0.19041.546 (WinBuild.160101.0800)
Description: Windows PowerShell
Product: Microsoft® Windows® Operating System
Company: Microsoft Corporation
OriginalFileName: PowerShell.EXE
CommandLine: powershell.exe -ExecutionPolicy Restricted -Command Write-Host 'Final result: 1';
CurrentDirectory: C:\Windows\system32\
User: NT AUTHORITY\SYSTEM
LogonGuid: {461f0bd2-2cdb-6354-e703-000000000000}
LogonId: 0x3E7
TerminalSessionId: 0
IntegrityLevel: System
Hashes: MD5=04029E121A0CFA5991749937DD22A1D9,SHA256=9F914D42706FE215501044ACD85A32D58AAEF1419D404FDDFA5D3B48F66CCD9F,IMPHASH=7C955A0ABC747F57CCC4324480737EF7
ParentProcessGuid: {461f0bd2-2d82-6354-7100-000000001f00}
ParentProcessId: 1048
ParentImage: C:\Windows\System32\CompatTelRunner.exe
ParentCommandLine: C:\Windows\system32\CompatTelRunner.exe -m:appraiser.dll -f:DoScheduledTelemetryRun -cv:O8ekiZthaUa+jWdo.1
ParentUser: NT AUTHORITY\SYSTEM","-","-","-","-","-","-","-","-","-","-","-","-","powershell.exe, -ExecutionPolicy, Restricted, -Command, Write-Host, 'Final, result:, 1';",8,"powershell.exe -ExecutionPolicy Restricted -Command Write-Host 'Final result: 1';","powershell.exe -ExecutionPolicy Restricted -Command Write-Host 'Final result: 1';","{461f0bd2-2dbc-6354-8800-000000001f00}","C:\Windows\System32\WindowsPowerShell\v1.0\powershell.exe","C:\Windows\System32\WindowsPowerShell\v1.0\powershell.exe",04029e121a0cfa5991749937dd22a1d9,9f914d42706fe215501044acd85a32d58aaef1419d404fddfa5d3b48f66ccd9f,"powershell.exe","powershell.exe","C:\Windows\system32\CompatTelRunner.exe, -m:appraiser.dll, -f:DoScheduledTelemetryRun, -cv:O8ekiZthaUa+jWdo.1",4,"C:\Windows\system32\CompatTelRunner.exe -m:appraiser.dll -f:DoScheduledTelemetryRun -cv:O8ekiZthaUa+jWdo.1","C:\Windows\system32\CompatTelRunner.exe -m:appraiser.dll -f:DoScheduledTelemetryRun -cv:O8ekiZthaUa+jWdo.1","{461f0bd2-2d82-6354-7100-000000001f00}","C:\Windows\System32\CompatTelRunner.exe","C:\Windows\System32\CompatTelRunner.exe","CompatTelRunner.exe","CompatTelRunner.exe",1048,"Microsoft Corporation","Windows PowerShell","10.0.19041.546 (WinBuild.160101.0800)",7c955a0abc747f57ccc4324480737ef7,"PowerShell.EXE","Microsoft® Windows® Operating System",1844,"-","-","C:\Windows\system32\","C:\Windows\system32\","-","-","-","-","-","-","9f914d42706fe215501044acd85a32d58aaef1419d404fddfa5d3b48f66ccd9f, 04029e121a0cfa5991749937dd22a1d9, 7c955a0abc747f57ccc4324480737ef7","-","-",SYSTEM,"-","-","NT AUTHORITY","-","S-1-5-18",SYSTEM,SYSTEM,"-",wineventlog,"Microsoft-Windows-Sysmon/Operational",victim,"Microsoft Corporation","-","Windows PowerShell","-","10.0.19041.546 (WinBuild.160101.0800)",System,"{461f0bd2-2cdb-6354-e703-000000000000}",0x3e7,"-","NT AUTHORITY\SYSTEM","-","Microsoft® Windows® Operating System","-","-","-","-","-","-","-","-",0,"-",1,"-","-",Info,"2,240","2,984","{5770385f-c22a-43e0-bf4c-06f5698ffbd9}","Microsoft-Windows-Sysmon",5168,"Process Create (rule: ProcessCreate)","NT AUTHORITY","S-1-5-18",SYSTEM,User,5
"Oct 23, 2022 @ 01:51:55.405",OEXUAIQBHC0TB3lJrpze,".ds-winlogbeat-8.2.3-2022.10.22-000001","-","25051d08-9df1-4629-b2c6-d1eeb5aa9cfd",victim,"b15c43c7-63a1-423e-901b-f1acc6401711",victim,winlogbeat,"8.2.3","-","-","-","-","-","-","-","1.12.0","Process Create (rule: ProcessCreate)",process,1,"Oct 23, 2022 @ 01:51:58.400","Oct 23, 2022 @ 01:54:09.244",event,sysmon,"-","Microsoft-Windows-Sysmon","-",start,"-","-","-","-","-","x86_64",victim,"461f0bd2-c182-413a-8a41-2a8e4accb4a9","fe80::4959:93ba:69a6:522d, 10.0.2.15, fe80::91a8:3d9e:36ba:f548, 172.19.96.10","08:00:27:7c:f3:ae, 08:00:27:22:f7:3c",victim,"19044.1889",windows,"10.0.19041.1889 (WinBuild.160101.0800)","Windows 10 Enterprise Evaluation","Windows 10 Enterprise Evaluation",windows,windows,"10.0",information,"Process Create:
RuleName: -
UtcTime: 2022-10-22 17:51:55.405
ProcessGuid: {461f0bd2-2dbb-6354-8700-000000001f00}
ProcessId: 4156
Image: C:\Windows\System32\notepad.exe
FileVersion: 10.0.19041.1865 (WinBuild.160101.0800)
Description: Notepad
Product: Microsoft® Windows® Operating System
Company: Microsoft Corporation
OriginalFileName: NOTEPAD.EXE
CommandLine: ""C:\Windows\system32\NOTEPAD.EXE"" C:\Supertools\ps.txt
CurrentDirectory: C:\Supertools\
User: VICTIM\Patricia Goh
LogonGuid: {461f0bd2-2d0d-6354-ef2b-030000000000}
LogonId: 0x32BEF
TerminalSessionId: 1
IntegrityLevel: High
Hashes: MD5=27F71B12CB585541885A31BE22F61C83,SHA256=F9D9B9DED9A67AA3CFDBD5002F3B524B265C4086C188E1BE7C936AB25627BF01,IMPHASH=320FAF01086570930EFF84A436797927
ParentProcessGuid: {461f0bd2-2d14-6354-4100-000000001f00}
ParentProcessId: 3864
ParentImage: C:\Windows\explorer.exe
ParentCommandLine: C:\Windows\Explorer.EXE
ParentUser: VICTIM\Patricia Goh","-","-","-","-","-","-","-","-","-","-","-","-","C:\Windows\system32\NOTEPAD.EXE, C:\Supertools\ps.txt",2,"""C:\Windows\system32\NOTEPAD.EXE"" C:\Supertools\ps.txt","""C:\Windows\system32\NOTEPAD.EXE"" C:\Supertools\ps.txt","{461f0bd2-2dbb-6354-8700-000000001f00}","C:\Windows\System32\notepad.exe","C:\Windows\System32\notepad.exe",27f71b12cb585541885a31be22f61c83,f9d9b9ded9a67aa3cfdbd5002f3b524b265c4086c188e1be7c936ab25627bf01,"notepad.exe","notepad.exe","C:\Windows\Explorer.EXE",1,"C:\Windows\Explorer.EXE","C:\Windows\Explorer.EXE","{461f0bd2-2d14-6354-4100-000000001f00}","C:\Windows\explorer.exe","C:\Windows\explorer.exe","explorer.exe","explorer.exe",3864,"Microsoft Corporation",Notepad,"10.0.19041.1865 (WinBuild.160101.0800)",320faf01086570930eff84a436797927,"NOTEPAD.EXE","Microsoft® Windows® Operating System",4156,"-","-","C:\Supertools\","C:\Supertools\","-","-","-","-","-","-","f9d9b9ded9a67aa3cfdbd5002f3b524b265c4086c188e1be7c936ab25627bf01, 27f71b12cb585541885a31be22f61c83, 320faf01086570930eff84a436797927","-","-","Patricia Goh","-","-",VICTIM,"-","S-1-5-18","Patricia Goh","Patricia Goh","-",wineventlog,"Microsoft-Windows-Sysmon/Operational",victim,"Microsoft Corporation","-",Notepad,"-","10.0.19041.1865 (WinBuild.160101.0800)",High,"{461f0bd2-2d0d-6354-ef2b-030000000000}",0x32bef,"-","VICTIM\Patricia Goh","-","Microsoft® Windows® Operating System","-","-","-","-","-","-","-","-",1,"-",1,"-","-",Info,"2,240","2,984","{5770385f-c22a-43e0-bf4c-06f5698ffbd9}","Microsoft-Windows-Sysmon",5167,"Process Create (rule: ProcessCreate)","NT AUTHORITY","S-1-5-18",SYSTEM,User,5
"Oct 23, 2022 @ 01:51:44.072",NEXUAIQBHC0TB3lJh5xU,".ds-winlogbeat-8.2.3-2022.10.22-000001","-","25051d08-9df1-4629-b2c6-d1eeb5aa9cfd",victim,"b15c43c7-63a1-423e-901b-f1acc6401711",victim,winlogbeat,"8.2.3","-","-","-","-","-","-","-","1.12.0","Process terminated (rule: ProcessTerminate)",process,5,"Oct 23, 2022 @ 01:51:44.677","Oct 23, 2022 @ 01:53:59.123",event,sysmon,"-","Microsoft-Windows-Sysmon","-",end,"-","-","-","-","-","x86_64",victim,"461f0bd2-c182-413a-8a41-2a8e4accb4a9","fe80::4959:93ba:69a6:522d, 10.0.2.15, fe80::91a8:3d9e:36ba:f548, 172.19.96.10","08:00:27:7c:f3:ae, 08:00:27:22:f7:3c",victim,"19044.1889",windows,"10.0.19041.1889 (WinBuild.160101.0800)","Windows 10 Enterprise Evaluation","Windows 10 Enterprise Evaluation",windows,windows,"10.0",information,"Process terminated:
RuleName: -
UtcTime: 2022-10-22 17:51:44.072
ProcessGuid: {461f0bd2-2d35-6354-5500-000000001f00}
ProcessId: 988
Image: C:\Users\Patricia Goh\AppData\Roaming\Microsoft\Windows\Start Menu\Programs\Startup\Percino.exe
User: VICTIM\Patricia Goh","-","-","-","-","-","-","-","-","-","-","-","-","-","-","-","-","{461f0bd2-2d35-6354-5500-000000001f00}","C:\Users\Patricia Goh\AppData\Roaming\Microsoft\Windows\Start Menu\Programs\Startup\Percino.exe","C:\Users\Patricia Goh\AppData\Roaming\Microsoft\Windows\Start Menu\Programs\Startup\Percino.exe","-","-","Percino.exe","Percino.exe","-","-","-","-","-","-","-","-","-","-","-","-","-","-","-","-",988,"-","-","-","-","-","-","-","-","-","-","-","-","-","Patricia Goh","-","-",VICTIM,"-","S-1-5-18","Patricia Goh","Patricia Goh","-",wineventlog,"Microsoft-Windows-Sysmon/Operational",victim,"-","-","-","-","-","-","-","-","-","-","-","-","-","-","-","-","-","-","-","-","-","-",5,"-","-",Info,"2,240","2,984","{5770385f-c22a-43e0-bf4c-06f5698ffbd9}","Microsoft-Windows-Sysmon",5164,"Process terminated (rule: ProcessTerminate)","NT AUTHORITY","S-1-5-18",SYSTEM,User,3
"Oct 23, 2022 @ 01:51:43.246",MkXUAIQBHC0TB3lJh5xU,".ds-winlogbeat-8.2.3-2022.10.22-000001","-","25051d08-9df1-4629-b2c6-d1eeb5aa9cfd",victim,"b15c43c7-63a1-423e-901b-f1acc6401711",victim,winlogbeat,"8.2.3","-","-","-","-","-","-","-","1.12.0","Process Create (rule: ProcessCreate)",process,1,"Oct 23, 2022 @ 01:51:44.670","Oct 23, 2022 @ 01:53:59.123",event,sysmon,"-","Microsoft-Windows-Sysmon","-",start,"-","-","-","-","-","x86_64",victim,"461f0bd2-c182-413a-8a41-2a8e4accb4a9","fe80::4959:93ba:69a6:522d, 10.0.2.15, fe80::91a8:3d9e:36ba:f548, 172.19.96.10","08:00:27:7c:f3:ae, 08:00:27:22:f7:3c",victim,"19044.1889",windows,"10.0.19041.1889 (WinBuild.160101.0800)","Windows 10 Enterprise Evaluation","Windows 10 Enterprise Evaluation",windows,windows,"10.0",information,"Process Create:
RuleName: -
UtcTime: 2022-10-22 17:51:43.246
ProcessGuid: {461f0bd2-2daf-6354-8500-000000001f00}
ProcessId: 5416
Image: C:\Supertools\Mimikatz\x64\mimikatz.exe
FileVersion: 2.2.0.0
Description: mimikatz for Windows
Product: mimikatz
Company: gentilkiwi (Benjamin DELPY)
OriginalFileName: mimikatz.exe
CommandLine: mimikatz.exe  ""privilege::debug"" ""sekurlsa::logonpasswords"" exit  
CurrentDirectory: C:\Supertools\Mimikatz\x64\
User: VICTIM\Patricia Goh
LogonGuid: {461f0bd2-2d0d-6354-ef2b-030000000000}
LogonId: 0x32BEF
TerminalSessionId: 1
IntegrityLevel: High
Hashes: MD5=BB8BDB3E8C92E97E2F63626BC3B254C4,SHA256=912018AB3C6B16B39EE84F17745FF0C80A33CEE241013EC35D0281E40C0658D9,IMPHASH=9528A0E91E28FBB88AD433FEABCA2456
ParentProcessGuid: {461f0bd2-2d35-6354-5700-000000001f00}
ParentProcessId: 256
ParentImage: C:\Windows\System32\cmd.exe
ParentCommandLine: cmd /c Percino.bat
ParentUser: VICTIM\Patricia Goh","-","-","-","-","-","-","-","-","-","-","-","-","mimikatz.exe, privilege::debug, sekurlsa::logonpasswords, exit",4,"mimikatz.exe  ""privilege::debug"" ""sekurlsa::logonpasswords"" exit  ","mimikatz.exe  ""privilege::debug"" ""sekurlsa::logonpasswords"" exit  ","{461f0bd2-2daf-6354-8500-000000001f00}","C:\Supertools\Mimikatz\x64\mimikatz.exe","C:\Supertools\Mimikatz\x64\mimikatz.exe",bb8bdb3e8c92e97e2f63626bc3b254c4,912018ab3c6b16b39ee84f17745ff0c80a33cee241013ec35d0281e40c0658d9,"mimikatz.exe","mimikatz.exe","cmd, /c, Percino.bat",3,"cmd /c Percino.bat","cmd /c Percino.bat","{461f0bd2-2d35-6354-5700-000000001f00}","C:\Windows\System32\cmd.exe","C:\Windows\System32\cmd.exe","cmd.exe","cmd.exe",256,"gentilkiwi (Benjamin DELPY)","mimikatz for Windows","2.2.0.0",9528a0e91e28fbb88ad433feabca2456,"mimikatz.exe",mimikatz,5416,"-","-","C:\Supertools\Mimikatz\x64\","C:\Supertools\Mimikatz\x64\","-","-","-","-","-","-","912018ab3c6b16b39ee84f17745ff0c80a33cee241013ec35d0281e40c0658d9, bb8bdb3e8c92e97e2f63626bc3b254c4, 9528a0e91e28fbb88ad433feabca2456","-","-","Patricia Goh","-","-",VICTIM,"-","S-1-5-18","Patricia Goh","Patricia Goh","-",wineventlog,"Microsoft-Windows-Sysmon/Operational",victim,"gentilkiwi (Benjamin DELPY)","-","mimikatz for Windows","-","2.2.0.0",High,"{461f0bd2-2d0d-6354-ef2b-030000000000}",0x32bef,"-","VICTIM\Patricia Goh","-",mimikatz,"-","-","-","-","-","-","-","-",1,"-",1,"-","-",Info,"2,240","2,984","{5770385f-c22a-43e0-bf4c-06f5698ffbd9}","Microsoft-Windows-Sysmon",5162,"Process Create (rule: ProcessCreate)","NT AUTHORITY","S-1-5-18",SYSTEM,User,5
"Oct 23, 2022 @ 01:51:43.041",MUXUAIQBHC0TB3lJh5xU,".ds-winlogbeat-8.2.3-2022.10.22-000001","-","25051d08-9df1-4629-b2c6-d1eeb5aa9cfd",victim,"b15c43c7-63a1-423e-901b-f1acc6401711",victim,winlogbeat,"8.2.3","-","-","-","-","-","-","-","1.12.0","File created (rule: FileCreate)",file,11,"Oct 23, 2022 @ 01:51:44.670","Oct 23, 2022 @ 01:53:59.122",event,sysmon,"-","Microsoft-Windows-Sysmon","-",creation,"C:\Supertools\Mimikatz\x64",dll,"mimispool.dll","C:\Supertools\Mimikatz\x64\mimispool.dll","C:\Supertools\Mimikatz\x64\mimispool.dll","x86_64",victim,"461f0bd2-c182-413a-8a41-2a8e4accb4a9","fe80::4959:93ba:69a6:522d, 10.0.2.15, fe80::91a8:3d9e:36ba:f548, 172.19.96.10","08:00:27:7c:f3:ae, 08:00:27:22:f7:3c",victim,"19044.1889",windows,"10.0.19041.1889 (WinBuild.160101.0800)","Windows 10 Enterprise Evaluation","Windows 10 Enterprise Evaluation",windows,windows,"10.0",information,"File created:
RuleName: DLL
UtcTime: 2022-10-22 17:51:43.041
ProcessGuid: {461f0bd2-2da2-6354-8200-000000001f00}
ProcessId: 2628
Image: C:\Windows\System32\WindowsPowerShell\v1.0\powershell.exe
TargetFilename: C:\Supertools\Mimikatz\x64\mimispool.dll
CreationUtcTime: 2022-10-22 17:51:43.041
User: VICTIM\Patricia Goh","-","-","-","-","-","-","-","-","-","-","-","-","-","-","-","-","{461f0bd2-2da2-6354-8200-000000001f00}","C:\Windows\System32\WindowsPowerShell\v1.0\powershell.exe","C:\Windows\System32\WindowsPowerShell\v1.0\powershell.exe","-","-","powershell.exe","powershell.exe","-","-","-","-","-","-","-","-","-","-","-","-","-","-","-","-",2628,"-","-","-","-","-","-","-","-","-","-","-","-","-","Patricia Goh",DLL,"-",VICTIM,"-","S-1-5-18","Patricia Goh","Patricia Goh","-",wineventlog,"Microsoft-Windows-Sysmon/Operational",victim,"-","2022-10-22 17:51:43.041","-","-","-","-","-","-","-","-","-","-","-","-","-","-","-","-","-","-","-","-",11,"-","-",Info,"2,240","2,984","{5770385f-c22a-43e0-bf4c-06f5698ffbd9}","Microsoft-Windows-Sysmon",5161,"File created (rule: FileCreate)","NT AUTHORITY","S-1-5-18",SYSTEM,User,2
"Oct 23, 2022 @ 01:51:42.984",MEXUAIQBHC0TB3lJh5xU,".ds-winlogbeat-8.2.3-2022.10.22-000001","-","25051d08-9df1-4629-b2c6-d1eeb5aa9cfd",victim,"b15c43c7-63a1-423e-901b-f1acc6401711",victim,winlogbeat,"8.2.3","-","-","-","-","-","-","-","1.12.0","File created (rule: FileCreate)",file,11,"Oct 23, 2022 @ 01:51:44.670","Oct 23, 2022 @ 01:53:59.122",event,sysmon,"-","Microsoft-Windows-Sysmon","-",creation,"C:\Supertools\Mimikatz\x64",dll,"mimilib.dll","C:\Supertools\Mimikatz\x64\mimilib.dll","C:\Supertools\Mimikatz\x64\mimilib.dll","x86_64",victim,"461f0bd2-c182-413a-8a41-2a8e4accb4a9","fe80::4959:93ba:69a6:522d, 10.0.2.15, fe80::91a8:3d9e:36ba:f548, 172.19.96.10","08:00:27:7c:f3:ae, 08:00:27:22:f7:3c",victim,"19044.1889",windows,"10.0.19041.1889 (WinBuild.160101.0800)","Windows 10 Enterprise Evaluation","Windows 10 Enterprise Evaluation",windows,windows,"10.0",information,"File created:
RuleName: DLL
UtcTime: 2022-10-22 17:51:42.984
ProcessGuid: {461f0bd2-2da2-6354-8200-000000001f00}
ProcessId: 2628
Image: C:\Windows\System32\WindowsPowerShell\v1.0\powershell.exe
TargetFilename: C:\Supertools\Mimikatz\x64\mimilib.dll
CreationUtcTime: 2022-10-22 17:51:42.984
User: VICTIM\Patricia Goh","-","-","-","-","-","-","-","-","-","-","-","-","-","-","-","-","{461f0bd2-2da2-6354-8200-000000001f00}","C:\Windows\System32\WindowsPowerShell\v1.0\powershell.exe","C:\Windows\System32\WindowsPowerShell\v1.0\powershell.exe","-","-","powershell.exe","powershell.exe","-","-","-","-","-","-","-","-","-","-","-","-","-","-","-","-",2628,"-","-","-","-","-","-","-","-","-","-","-","-","-","Patricia Goh",DLL,"-",VICTIM,"-","S-1-5-18","Patricia Goh","Patricia Goh","-",wineventlog,"Microsoft-Windows-Sysmon/Operational",victim,"-","2022-10-22 17:51:42.984","-","-","-","-","-","-","-","-","-","-","-","-","-","-","-","-","-","-","-","-",11,"-","-",Info,"2,240","2,984","{5770385f-c22a-43e0-bf4c-06f5698ffbd9}","Microsoft-Windows-Sysmon",5160,"File created (rule: FileCreate)","NT AUTHORITY","S-1-5-18",SYSTEM,User,2
"Oct 23, 2022 @ 01:51:42.916",LkXUAIQBHC0TB3lJh5xU,".ds-winlogbeat-8.2.3-2022.10.22-000001","-","25051d08-9df1-4629-b2c6-d1eeb5aa9cfd",victim,"b15c43c7-63a1-423e-901b-f1acc6401711",victim,winlogbeat,"8.2.3","-","-","-","-","-","-","-","1.12.0","File created (rule: FileCreate)",file,11,"Oct 23, 2022 @ 01:51:44.669","Oct 23, 2022 @ 01:53:59.122",event,sysmon,"-","Microsoft-Windows-Sysmon","-",creation,"C:\Supertools\Mimikatz\x64",sys,"mimidrv.sys","C:\Supertools\Mimikatz\x64\mimidrv.sys","C:\Supertools\Mimikatz\x64\mimidrv.sys","x86_64",victim,"461f0bd2-c182-413a-8a41-2a8e4accb4a9","fe80::4959:93ba:69a6:522d, 10.0.2.15, fe80::91a8:3d9e:36ba:f548, 172.19.96.10","08:00:27:7c:f3:ae, 08:00:27:22:f7:3c",victim,"19044.1889",windows,"10.0.19041.1889 (WinBuild.160101.0800)","Windows 10 Enterprise Evaluation","Windows 10 Enterprise Evaluation",windows,windows,"10.0",information,"File created:
RuleName: -
UtcTime: 2022-10-22 17:51:42.916
ProcessGuid: {461f0bd2-2da2-6354-8200-000000001f00}
ProcessId: 2628
Image: C:\Windows\System32\WindowsPowerShell\v1.0\powershell.exe
TargetFilename: C:\Supertools\Mimikatz\x64\mimidrv.sys
CreationUtcTime: 2022-10-22 17:51:42.916
User: VICTIM\Patricia Goh","-","-","-","-","-","-","-","-","-","-","-","-","-","-","-","-","{461f0bd2-2da2-6354-8200-000000001f00}","C:\Windows\System32\WindowsPowerShell\v1.0\powershell.exe","C:\Windows\System32\WindowsPowerShell\v1.0\powershell.exe","-","-","powershell.exe","powershell.exe","-","-","-","-","-","-","-","-","-","-","-","-","-","-","-","-",2628,"-","-","-","-","-","-","-","-","-","-","-","-","-","Patricia Goh","-","-",VICTIM,"-","S-1-5-18","Patricia Goh","Patricia Goh","-",wineventlog,"Microsoft-Windows-Sysmon/Operational",victim,"-","2022-10-22 17:51:42.916","-","-","-","-","-","-","-","-","-","-","-","-","-","-","-","-","-","-","-","-",11,"-","-",Info,"2,240","2,984","{5770385f-c22a-43e0-bf4c-06f5698ffbd9}","Microsoft-Windows-Sysmon",5158,"File created (rule: FileCreate)","NT AUTHORITY","S-1-5-18",SYSTEM,User,2
"Oct 23, 2022 @ 01:51:42.916",L0XUAIQBHC0TB3lJh5xU,".ds-winlogbeat-8.2.3-2022.10.22-000001","-","25051d08-9df1-4629-b2c6-d1eeb5aa9cfd",victim,"b15c43c7-63a1-423e-901b-f1acc6401711",victim,winlogbeat,"8.2.3","-","-","-","-","-","-","-","1.12.0","File created (rule: FileCreate)",file,11,"Oct 23, 2022 @ 01:51:44.669","Oct 23, 2022 @ 01:53:59.122",event,sysmon,"-","Microsoft-Windows-Sysmon","-",creation,"C:\Supertools\Mimikatz\x64",exe,"mimikatz.exe","C:\Supertools\Mimikatz\x64\mimikatz.exe","C:\Supertools\Mimikatz\x64\mimikatz.exe","x86_64",victim,"461f0bd2-c182-413a-8a41-2a8e4accb4a9","fe80::4959:93ba:69a6:522d, 10.0.2.15, fe80::91a8:3d9e:36ba:f548, 172.19.96.10","08:00:27:7c:f3:ae, 08:00:27:22:f7:3c",victim,"19044.1889",windows,"10.0.19041.1889 (WinBuild.160101.0800)","Windows 10 Enterprise Evaluation","Windows 10 Enterprise Evaluation",windows,windows,"10.0",information,"File created:
RuleName: EXE
UtcTime: 2022-10-22 17:51:42.916
ProcessGuid: {461f0bd2-2da2-6354-8200-000000001f00}
ProcessId: 2628
Image: C:\Windows\System32\WindowsPowerShell\v1.0\powershell.exe
TargetFilename: C:\Supertools\Mimikatz\x64\mimikatz.exe
CreationUtcTime: 2022-10-22 17:51:42.916
User: VICTIM\Patricia Goh","-","-","-","-","-","-","-","-","-","-","-","-","-","-","-","-","{461f0bd2-2da2-6354-8200-000000001f00}","C:\Windows\System32\WindowsPowerShell\v1.0\powershell.exe","C:\Windows\System32\WindowsPowerShell\v1.0\powershell.exe","-","-","powershell.exe","powershell.exe","-","-","-","-","-","-","-","-","-","-","-","-","-","-","-","-",2628,"-","-","-","-","-","-","-","-","-","-","-","-","-","Patricia Goh",EXE,"-",VICTIM,"-","S-1-5-18","Patricia Goh","Patricia Goh","-",wineventlog,"Microsoft-Windows-Sysmon/Operational",victim,"-","2022-10-22 17:51:42.916","-","-","-","-","-","-","-","-","-","-","-","-","-","-","-","-","-","-","-","-",11,"-","-",Info,"2,240","2,984","{5770385f-c22a-43e0-bf4c-06f5698ffbd9}","Microsoft-Windows-Sysmon",5159,"File created (rule: FileCreate)","NT AUTHORITY","S-1-5-18",SYSTEM,User,2
