"Oct 23, 2022 @ 01:48:13.722",q0XTAIQBHC0TB3lJzJmU,".ds-winlogbeat-8.2.3-2022.10.22-000001","-","25051d08-9df1-4629-b2c6-d1eeb5aa9cfd",victim,"b15c43c7-63a1-423e-901b-f1acc6401711",victim,winlogbeat,"8.2.3","-","-","-","-","-","-","-","1.12.0","Process Create (rule: ProcessCreate)",process,1,"Oct 23, 2022 @ 01:50:31.584","Oct 23, 2022 @ 01:53:11.310",event,sysmon,"-","Microsoft-Windows-Sysmon","-",start,"-","-","-","-","-","x86_64",victim,"461f0bd2-c182-413a-8a41-2a8e4accb4a9","fe80::4959:93ba:69a6:522d, 10.0.2.15, fe80::91a8:3d9e:36ba:f548, 172.19.96.10","08:00:27:7c:f3:ae, 08:00:27:22:f7:3c",victim,"19044.1889",windows,"10.0.19041.1889 (WinBuild.160101.0800)","Windows 10 Enterprise Evaluation","Windows 10 Enterprise Evaluation",windows,windows,"10.0",information,"Process Create:
RuleName: -
UtcTime: 2022-10-22 17:48:13.722
ProcessGuid: {461f0bd2-2cdd-6354-1b00-000000001f00}
ProcessId: 1472
Image: C:\Windows\System32\taskhostw.exe
FileVersion: 10.0.19041.1865 (WinBuild.160101.0800)
Description: Host Process for Windows Tasks
Product: Microsoft® Windows® Operating System
Company: Microsoft Corporation
OriginalFileName: taskhostw.exe
CommandLine: taskhostw.exe ExploitGuardPolicy
CurrentDirectory: C:\Windows\system32\
User: NT AUTHORITY\SYSTEM
LogonGuid: {461f0bd2-2cdb-6354-e703-000000000000}
LogonId: 0x3E7
TerminalSessionId: 0
IntegrityLevel: System
Hashes: MD5=A00BF82660835224CD6606A248321C5D,SHA256=E63709209D09BC0247E785F075DDB28A98C348206109E2B8BA321AD958402728,IMPHASH=3A0C6863CDE566AF997DB2DEFFF9D924
ParentProcessGuid: {461f0bd2-2cdc-6354-1300-000000001f00}
ParentProcessId: 432
ParentImage: C:\Windows\System32\svchost.exe
ParentCommandLine: C:\Windows\system32\svchost.exe -k netsvcs -p
ParentUser: NT AUTHORITY\SYSTEM","-","-","-","-","-","-","-","-","-","-","-","-","taskhostw.exe, ExploitGuardPolicy",2,"taskhostw.exe ExploitGuardPolicy","taskhostw.exe ExploitGuardPolicy","{461f0bd2-2cdd-6354-1b00-000000001f00}","C:\Windows\System32\taskhostw.exe","C:\Windows\System32\taskhostw.exe",a00bf82660835224cd6606a248321c5d,e63709209d09bc0247e785f075ddb28a98c348206109e2b8ba321ad958402728,"taskhostw.exe","taskhostw.exe","C:\Windows\system32\svchost.exe, -k, netsvcs, -p",4,"C:\Windows\system32\svchost.exe -k netsvcs -p","C:\Windows\system32\svchost.exe -k netsvcs -p","{461f0bd2-2cdc-6354-1300-000000001f00}","C:\Windows\System32\svchost.exe","C:\Windows\System32\svchost.exe","svchost.exe","svchost.exe",432,"Microsoft Corporation","Host Process for Windows Tasks","10.0.19041.1865 (WinBuild.160101.0800)",3a0c6863cde566af997db2defff9d924,"taskhostw.exe","Microsoft® Windows® Operating System",1472,"-","-","C:\Windows\system32\","C:\Windows\system32\","-","-","-","-","-","-","e63709209d09bc0247e785f075ddb28a98c348206109e2b8ba321ad958402728, a00bf82660835224cd6606a248321c5d, 3a0c6863cde566af997db2defff9d924","-","-",SYSTEM,"-","-","NT AUTHORITY","-","S-1-5-18",SYSTEM,SYSTEM,"-",wineventlog,"Microsoft-Windows-Sysmon/Operational",victim,"Microsoft Corporation","-","Host Process for Windows Tasks","-","10.0.19041.1865 (WinBuild.160101.0800)",System,"{461f0bd2-2cdb-6354-e703-000000000000}",0x3e7,"-","NT AUTHORITY\SYSTEM","-","Microsoft® Windows® Operating System","-","-","-","-","-","-","-","-",0,"-",1,"-","-",Info,"2,240","2,984","{5770385f-c22a-43e0-bf4c-06f5698ffbd9}","Microsoft-Windows-Sysmon",4957,"Process Create (rule: ProcessCreate)","NT AUTHORITY","S-1-5-18",SYSTEM,User,5
"Oct 23, 2022 @ 01:48:13.231",qkXTAIQBHC0TB3lJzJmU,".ds-winlogbeat-8.2.3-2022.10.22-000001","-","25051d08-9df1-4629-b2c6-d1eeb5aa9cfd",victim,"b15c43c7-63a1-423e-901b-f1acc6401711",victim,winlogbeat,"8.2.3","-","-","-","-","-","-","-","1.12.0","Process Create (rule: ProcessCreate)",process,1,"Oct 23, 2022 @ 01:50:31.584","Oct 23, 2022 @ 01:53:11.310",event,sysmon,"-","Microsoft-Windows-Sysmon","-",start,"-","-","-","-","-","x86_64",victim,"461f0bd2-c182-413a-8a41-2a8e4accb4a9","fe80::4959:93ba:69a6:522d, 10.0.2.15, fe80::91a8:3d9e:36ba:f548, 172.19.96.10","08:00:27:7c:f3:ae, 08:00:27:22:f7:3c",victim,"19044.1889",windows,"10.0.19041.1889 (WinBuild.160101.0800)","Windows 10 Enterprise Evaluation","Windows 10 Enterprise Evaluation",windows,windows,"10.0",information,"Process Create:
RuleName: -
UtcTime: 2022-10-22 17:48:13.231
ProcessGuid: {461f0bd2-2cdd-6354-1800-000000001f00}
ProcessId: 1220
Image: C:\Windows\System32\svchost.exe
FileVersion: 10.0.19041.1806 (WinBuild.160101.0800)
Description: Host Process for Windows Services
Product: Microsoft® Windows® Operating System
Company: Microsoft Corporation
OriginalFileName: svchost.exe
CommandLine: C:\Windows\system32\svchost.exe -k LocalService -p
CurrentDirectory: C:\Windows\system32\
User: NT AUTHORITY\LOCAL SERVICE
LogonGuid: {461f0bd2-2cdc-6354-e503-000000000000}
LogonId: 0x3E5
TerminalSessionId: 0
IntegrityLevel: System
Hashes: MD5=B7F884C1B74A263F746EE12A5F7C9F6A,SHA256=ADD683A6910ABBBF0E28B557FAD0BA998166394932AE2ACA069D9AA19EA8FE88,IMPHASH=247B9220E5D9B720A82B2C8B5069AD69
ParentProcessGuid: {461f0bd2-2cdb-6354-0b00-000000001f00}
ParentProcessId: 644
ParentImage: C:\Windows\System32\services.exe
ParentCommandLine: C:\Windows\system32\services.exe
ParentUser: NT AUTHORITY\SYSTEM","-","-","-","-","-","-","-","-","-","-","-","-","C:\Windows\system32\svchost.exe, -k, LocalService, -p",4,"C:\Windows\system32\svchost.exe -k LocalService -p","C:\Windows\system32\svchost.exe -k LocalService -p","{461f0bd2-2cdd-6354-1800-000000001f00}","C:\Windows\System32\svchost.exe","C:\Windows\System32\svchost.exe",b7f884c1b74a263f746ee12a5f7c9f6a,add683a6910abbbf0e28b557fad0ba998166394932ae2aca069d9aa19ea8fe88,"svchost.exe","svchost.exe","C:\Windows\system32\services.exe",1,"C:\Windows\system32\services.exe","C:\Windows\system32\services.exe","{461f0bd2-2cdb-6354-0b00-000000001f00}","C:\Windows\System32\services.exe","C:\Windows\System32\services.exe","services.exe","services.exe",644,"Microsoft Corporation","Host Process for Windows Services","10.0.19041.1806 (WinBuild.160101.0800)",247b9220e5d9b720a82b2c8b5069ad69,"svchost.exe","Microsoft® Windows® Operating System",1220,"-","-","C:\Windows\system32\","C:\Windows\system32\","-","-","-","-","-","-","add683a6910abbbf0e28b557fad0ba998166394932ae2aca069d9aa19ea8fe88, b7f884c1b74a263f746ee12a5f7c9f6a, 247b9220e5d9b720a82b2c8b5069ad69","-","-","LOCAL SERVICE","-","-","NT AUTHORITY","-","S-1-5-18","LOCAL SERVICE","LOCAL SERVICE","-",wineventlog,"Microsoft-Windows-Sysmon/Operational",victim,"Microsoft Corporation","-","Host Process for Windows Services","-","10.0.19041.1806 (WinBuild.160101.0800)",System,"{461f0bd2-2cdc-6354-e503-000000000000}",0x3e5,"-","NT AUTHORITY\SYSTEM","-","Microsoft® Windows® Operating System","-","-","-","-","-","-","-","-",0,"-",1,"-","-",Info,"2,240","2,984","{5770385f-c22a-43e0-bf4c-06f5698ffbd9}","Microsoft-Windows-Sysmon",4956,"Process Create (rule: ProcessCreate)","NT AUTHORITY","S-1-5-18",SYSTEM,User,5
"Oct 23, 2022 @ 01:48:13.135",qUXTAIQBHC0TB3lJzJmU,".ds-winlogbeat-8.2.3-2022.10.22-000001","-","25051d08-9df1-4629-b2c6-d1eeb5aa9cfd",victim,"b15c43c7-63a1-423e-901b-f1acc6401711",victim,winlogbeat,"8.2.3","-","-","-","-","-","-","-","1.12.0","File created (rule: FileCreate)",file,11,"Oct 23, 2022 @ 01:50:31.584","Oct 23, 2022 @ 01:53:11.309",event,sysmon,"-","Microsoft-Windows-Sysmon","-",creation,"C:\Windows\Tasks",DAT,"SA.DAT","C:\Windows\Tasks\SA.DAT","C:\Windows\Tasks\SA.DAT","x86_64",victim,"461f0bd2-c182-413a-8a41-2a8e4accb4a9","fe80::4959:93ba:69a6:522d, 10.0.2.15, fe80::91a8:3d9e:36ba:f548, 172.19.96.10","08:00:27:7c:f3:ae, 08:00:27:22:f7:3c",victim,"19044.1889",windows,"10.0.19041.1889 (WinBuild.160101.0800)","Windows 10 Enterprise Evaluation","Windows 10 Enterprise Evaluation",windows,windows,"10.0",information,"File created:
RuleName: T1053
UtcTime: 2022-10-22 17:48:13.135
ProcessGuid: {461f0bd2-2cdc-6354-1300-000000001f00}
ProcessId: 432
Image: C:\Windows\system32\svchost.exe
TargetFilename: C:\Windows\Tasks\SA.DAT
CreationUtcTime: 2022-08-13 06:14:56.130
User: NT AUTHORITY\SYSTEM","-","-","-","-","-","-","-","-","-","-","-","-","-","-","-","-","{461f0bd2-2cdc-6354-1300-000000001f00}","C:\Windows\system32\svchost.exe","C:\Windows\system32\svchost.exe","-","-","svchost.exe","svchost.exe","-","-","-","-","-","-","-","-","-","-","-","-","-","-","-","-",432,"-","-","-","-","-","-","-","-","-","-","-","-","-",SYSTEM,T1053,"-","NT AUTHORITY","-","S-1-5-18",SYSTEM,SYSTEM,"-",wineventlog,"Microsoft-Windows-Sysmon/Operational",victim,"-","2022-08-13 06:14:56.130","-","-","-","-","-","-","-","-","-","-","-","-","-","-","-","-","-","-","-","-",11,"-","-",Info,"2,240","2,984","{5770385f-c22a-43e0-bf4c-06f5698ffbd9}","Microsoft-Windows-Sysmon",4955,"File created (rule: FileCreate)","NT AUTHORITY","S-1-5-18",SYSTEM,User,2
"Oct 23, 2022 @ 01:48:12.895",qEXTAIQBHC0TB3lJzJmU,".ds-winlogbeat-8.2.3-2022.10.22-000001","-","25051d08-9df1-4629-b2c6-d1eeb5aa9cfd",victim,"b15c43c7-63a1-423e-901b-f1acc6401711",victim,winlogbeat,"8.2.3","-","-","-","-","-","-","-","1.12.0","Process Create (rule: ProcessCreate)",process,1,"Oct 23, 2022 @ 01:50:31.584","Oct 23, 2022 @ 01:53:11.309",event,sysmon,"-","Microsoft-Windows-Sysmon","-",start,"-","-","-","-","-","x86_64",victim,"461f0bd2-c182-413a-8a41-2a8e4accb4a9","fe80::4959:93ba:69a6:522d, 10.0.2.15, fe80::91a8:3d9e:36ba:f548, 172.19.96.10","08:00:27:7c:f3:ae, 08:00:27:22:f7:3c",victim,"19044.1889",windows,"10.0.19041.1889 (WinBuild.160101.0800)","Windows 10 Enterprise Evaluation","Windows 10 Enterprise Evaluation",windows,windows,"10.0",information,"Process Create:
RuleName: -
UtcTime: 2022-10-22 17:48:12.895
ProcessGuid: {461f0bd2-2cdc-6354-1700-000000001f00}
ProcessId: 1040
Image: C:\Windows\System32\svchost.exe
FileVersion: 10.0.19041.1806 (WinBuild.160101.0800)
Description: Host Process for Windows Services
Product: Microsoft® Windows® Operating System
Company: Microsoft Corporation
OriginalFileName: svchost.exe
CommandLine: C:\Windows\System32\svchost.exe -k LocalSystemNetworkRestricted -p
CurrentDirectory: C:\Windows\system32\
User: NT AUTHORITY\SYSTEM
LogonGuid: {461f0bd2-2cdb-6354-e703-000000000000}
LogonId: 0x3E7
TerminalSessionId: 0
IntegrityLevel: System
Hashes: MD5=B7F884C1B74A263F746EE12A5F7C9F6A,SHA256=ADD683A6910ABBBF0E28B557FAD0BA998166394932AE2ACA069D9AA19EA8FE88,IMPHASH=247B9220E5D9B720A82B2C8B5069AD69
ParentProcessGuid: {461f0bd2-2cdb-6354-0b00-000000001f00}
ParentProcessId: 644
ParentImage: C:\Windows\System32\services.exe
ParentCommandLine: C:\Windows\system32\services.exe
ParentUser: NT AUTHORITY\SYSTEM","-","-","-","-","-","-","-","-","-","-","-","-","C:\Windows\System32\svchost.exe, -k, LocalSystemNetworkRestricted, -p",4,"C:\Windows\System32\svchost.exe -k LocalSystemNetworkRestricted -p","C:\Windows\System32\svchost.exe -k LocalSystemNetworkRestricted -p","{461f0bd2-2cdc-6354-1700-000000001f00}","C:\Windows\System32\svchost.exe","C:\Windows\System32\svchost.exe",b7f884c1b74a263f746ee12a5f7c9f6a,add683a6910abbbf0e28b557fad0ba998166394932ae2aca069d9aa19ea8fe88,"svchost.exe","svchost.exe","C:\Windows\system32\services.exe",1,"C:\Windows\system32\services.exe","C:\Windows\system32\services.exe","{461f0bd2-2cdb-6354-0b00-000000001f00}","C:\Windows\System32\services.exe","C:\Windows\System32\services.exe","services.exe","services.exe",644,"Microsoft Corporation","Host Process for Windows Services","10.0.19041.1806 (WinBuild.160101.0800)",247b9220e5d9b720a82b2c8b5069ad69,"svchost.exe","Microsoft® Windows® Operating System",1040,"-","-","C:\Windows\system32\","C:\Windows\system32\","-","-","-","-","-","-","add683a6910abbbf0e28b557fad0ba998166394932ae2aca069d9aa19ea8fe88, b7f884c1b74a263f746ee12a5f7c9f6a, 247b9220e5d9b720a82b2c8b5069ad69","-","-",SYSTEM,"-","-","NT AUTHORITY","-","S-1-5-18",SYSTEM,SYSTEM,"-",wineventlog,"Microsoft-Windows-Sysmon/Operational",victim,"Microsoft Corporation","-","Host Process for Windows Services","-","10.0.19041.1806 (WinBuild.160101.0800)",System,"{461f0bd2-2cdb-6354-e703-000000000000}",0x3e7,"-","NT AUTHORITY\SYSTEM","-","Microsoft® Windows® Operating System","-","-","-","-","-","-","-","-",0,"-",1,"-","-",Info,"2,240","2,984","{5770385f-c22a-43e0-bf4c-06f5698ffbd9}","Microsoft-Windows-Sysmon",4954,"Process Create (rule: ProcessCreate)","NT AUTHORITY","S-1-5-18",SYSTEM,User,5
"Oct 23, 2022 @ 01:48:12.864",p0XTAIQBHC0TB3lJzJmU,".ds-winlogbeat-8.2.3-2022.10.22-000001","-","25051d08-9df1-4629-b2c6-d1eeb5aa9cfd",victim,"b15c43c7-63a1-423e-901b-f1acc6401711",victim,winlogbeat,"8.2.3","-","-","-","-","-","-","-","1.12.0","Process Create (rule: ProcessCreate)",process,1,"Oct 23, 2022 @ 01:50:31.584","Oct 23, 2022 @ 01:53:11.308",event,sysmon,"-","Microsoft-Windows-Sysmon","-",start,"-","-","-","-","-","x86_64",victim,"461f0bd2-c182-413a-8a41-2a8e4accb4a9","fe80::4959:93ba:69a6:522d, 10.0.2.15, fe80::91a8:3d9e:36ba:f548, 172.19.96.10","08:00:27:7c:f3:ae, 08:00:27:22:f7:3c",victim,"19044.1889",windows,"10.0.19041.1889 (WinBuild.160101.0800)","Windows 10 Enterprise Evaluation","Windows 10 Enterprise Evaluation",windows,windows,"10.0",information,"Process Create:
RuleName: -
UtcTime: 2022-10-22 17:48:12.864
ProcessGuid: {461f0bd2-2cdc-6354-1600-000000001f00}
ProcessId: 640
Image: C:\Windows\System32\svchost.exe
FileVersion: 10.0.19041.1806 (WinBuild.160101.0800)
Description: Host Process for Windows Services
Product: Microsoft® Windows® Operating System
Company: Microsoft Corporation
OriginalFileName: svchost.exe
CommandLine: C:\Windows\System32\svchost.exe -k LocalServiceNetworkRestricted -p
CurrentDirectory: C:\Windows\system32\
User: NT AUTHORITY\LOCAL SERVICE
LogonGuid: {461f0bd2-2cdc-6354-e503-000000000000}
LogonId: 0x3E5
TerminalSessionId: 0
IntegrityLevel: System
Hashes: MD5=B7F884C1B74A263F746EE12A5F7C9F6A,SHA256=ADD683A6910ABBBF0E28B557FAD0BA998166394932AE2ACA069D9AA19EA8FE88,IMPHASH=247B9220E5D9B720A82B2C8B5069AD69
ParentProcessGuid: {461f0bd2-2cdb-6354-0b00-000000001f00}
ParentProcessId: 644
ParentImage: C:\Windows\System32\services.exe
ParentCommandLine: C:\Windows\system32\services.exe
ParentUser: NT AUTHORITY\SYSTEM","-","-","-","-","-","-","-","-","-","-","-","-","C:\Windows\System32\svchost.exe, -k, LocalServiceNetworkRestricted, -p",4,"C:\Windows\System32\svchost.exe -k LocalServiceNetworkRestricted -p","C:\Windows\System32\svchost.exe -k LocalServiceNetworkRestricted -p","{461f0bd2-2cdc-6354-1600-000000001f00}","C:\Windows\System32\svchost.exe","C:\Windows\System32\svchost.exe",b7f884c1b74a263f746ee12a5f7c9f6a,add683a6910abbbf0e28b557fad0ba998166394932ae2aca069d9aa19ea8fe88,"svchost.exe","svchost.exe","C:\Windows\system32\services.exe",1,"C:\Windows\system32\services.exe","C:\Windows\system32\services.exe","{461f0bd2-2cdb-6354-0b00-000000001f00}","C:\Windows\System32\services.exe","C:\Windows\System32\services.exe","services.exe","services.exe",644,"Microsoft Corporation","Host Process for Windows Services","10.0.19041.1806 (WinBuild.160101.0800)",247b9220e5d9b720a82b2c8b5069ad69,"svchost.exe","Microsoft® Windows® Operating System",640,"-","-","C:\Windows\system32\","C:\Windows\system32\","-","-","-","-","-","-","add683a6910abbbf0e28b557fad0ba998166394932ae2aca069d9aa19ea8fe88, b7f884c1b74a263f746ee12a5f7c9f6a, 247b9220e5d9b720a82b2c8b5069ad69","-","-","LOCAL SERVICE","-","-","NT AUTHORITY","-","S-1-5-18","LOCAL SERVICE","LOCAL SERVICE","-",wineventlog,"Microsoft-Windows-Sysmon/Operational",victim,"Microsoft Corporation","-","Host Process for Windows Services","-","10.0.19041.1806 (WinBuild.160101.0800)",System,"{461f0bd2-2cdc-6354-e503-000000000000}",0x3e5,"-","NT AUTHORITY\SYSTEM","-","Microsoft® Windows® Operating System","-","-","-","-","-","-","-","-",0,"-",1,"-","-",Info,"2,240","2,984","{5770385f-c22a-43e0-bf4c-06f5698ffbd9}","Microsoft-Windows-Sysmon",4953,"Process Create (rule: ProcessCreate)","NT AUTHORITY","S-1-5-18",SYSTEM,User,5
"Oct 23, 2022 @ 01:48:12.827",pkXTAIQBHC0TB3lJzJmU,".ds-winlogbeat-8.2.3-2022.10.22-000001","-","25051d08-9df1-4629-b2c6-d1eeb5aa9cfd",victim,"b15c43c7-63a1-423e-901b-f1acc6401711",victim,winlogbeat,"8.2.3","-","-","-","-","-","-","-","1.12.0","Process Create (rule: ProcessCreate)",process,1,"Oct 23, 2022 @ 01:50:31.584","Oct 23, 2022 @ 01:53:11.308",event,sysmon,"-","Microsoft-Windows-Sysmon","-",start,"-","-","-","-","-","x86_64",victim,"461f0bd2-c182-413a-8a41-2a8e4accb4a9","fe80::4959:93ba:69a6:522d, 10.0.2.15, fe80::91a8:3d9e:36ba:f548, 172.19.96.10","08:00:27:7c:f3:ae, 08:00:27:22:f7:3c",victim,"19044.1889",windows,"10.0.19041.1889 (WinBuild.160101.0800)","Windows 10 Enterprise Evaluation","Windows 10 Enterprise Evaluation",windows,windows,"10.0",information,"Process Create:
RuleName: -
UtcTime: 2022-10-22 17:48:12.827
ProcessGuid: {461f0bd2-2cdc-6354-1400-000000001f00}
ProcessId: 496
Image: C:\Windows\System32\svchost.exe
FileVersion: 10.0.19041.1806 (WinBuild.160101.0800)
Description: Host Process for Windows Services
Product: Microsoft® Windows® Operating System
Company: Microsoft Corporation
OriginalFileName: svchost.exe
CommandLine: C:\Windows\system32\svchost.exe -k LocalServiceNoNetwork -p
CurrentDirectory: C:\Windows\system32\
User: NT AUTHORITY\LOCAL SERVICE
LogonGuid: {461f0bd2-2cdc-6354-e503-000000000000}
LogonId: 0x3E5
TerminalSessionId: 0
IntegrityLevel: System
Hashes: MD5=B7F884C1B74A263F746EE12A5F7C9F6A,SHA256=ADD683A6910ABBBF0E28B557FAD0BA998166394932AE2ACA069D9AA19EA8FE88,IMPHASH=247B9220E5D9B720A82B2C8B5069AD69
ParentProcessGuid: {461f0bd2-2cdb-6354-0b00-000000001f00}
ParentProcessId: 644
ParentImage: C:\Windows\System32\services.exe
ParentCommandLine: C:\Windows\system32\services.exe
ParentUser: NT AUTHORITY\SYSTEM","-","-","-","-","-","-","-","-","-","-","-","-","C:\Windows\system32\svchost.exe, -k, LocalServiceNoNetwork, -p",4,"C:\Windows\system32\svchost.exe -k LocalServiceNoNetwork -p","C:\Windows\system32\svchost.exe -k LocalServiceNoNetwork -p","{461f0bd2-2cdc-6354-1400-000000001f00}","C:\Windows\System32\svchost.exe","C:\Windows\System32\svchost.exe",b7f884c1b74a263f746ee12a5f7c9f6a,add683a6910abbbf0e28b557fad0ba998166394932ae2aca069d9aa19ea8fe88,"svchost.exe","svchost.exe","C:\Windows\system32\services.exe",1,"C:\Windows\system32\services.exe","C:\Windows\system32\services.exe","{461f0bd2-2cdb-6354-0b00-000000001f00}","C:\Windows\System32\services.exe","C:\Windows\System32\services.exe","services.exe","services.exe",644,"Microsoft Corporation","Host Process for Windows Services","10.0.19041.1806 (WinBuild.160101.0800)",247b9220e5d9b720a82b2c8b5069ad69,"svchost.exe","Microsoft® Windows® Operating System",496,"-","-","C:\Windows\system32\","C:\Windows\system32\","-","-","-","-","-","-","add683a6910abbbf0e28b557fad0ba998166394932ae2aca069d9aa19ea8fe88, b7f884c1b74a263f746ee12a5f7c9f6a, 247b9220e5d9b720a82b2c8b5069ad69","-","-","LOCAL SERVICE","-","-","NT AUTHORITY","-","S-1-5-18","LOCAL SERVICE","LOCAL SERVICE","-",wineventlog,"Microsoft-Windows-Sysmon/Operational",victim,"Microsoft Corporation","-","Host Process for Windows Services","-","10.0.19041.1806 (WinBuild.160101.0800)",System,"{461f0bd2-2cdc-6354-e503-000000000000}",0x3e5,"-","NT AUTHORITY\SYSTEM","-","Microsoft® Windows® Operating System","-","-","-","-","-","-","-","-",0,"-",1,"-","-",Info,"2,240","2,984","{5770385f-c22a-43e0-bf4c-06f5698ffbd9}","Microsoft-Windows-Sysmon",4952,"Process Create (rule: ProcessCreate)","NT AUTHORITY","S-1-5-18",SYSTEM,User,5
"Oct 23, 2022 @ 01:48:12.817",pUXTAIQBHC0TB3lJzJmU,".ds-winlogbeat-8.2.3-2022.10.22-000001","-","25051d08-9df1-4629-b2c6-d1eeb5aa9cfd",victim,"b15c43c7-63a1-423e-901b-f1acc6401711",victim,winlogbeat,"8.2.3","-","-","-","-","-","-","-","1.12.0","Process Create (rule: ProcessCreate)",process,1,"Oct 23, 2022 @ 01:50:31.584","Oct 23, 2022 @ 01:53:11.308",event,sysmon,"-","Microsoft-Windows-Sysmon","-",start,"-","-","-","-","-","x86_64",victim,"461f0bd2-c182-413a-8a41-2a8e4accb4a9","fe80::4959:93ba:69a6:522d, 10.0.2.15, fe80::91a8:3d9e:36ba:f548, 172.19.96.10","08:00:27:7c:f3:ae, 08:00:27:22:f7:3c",victim,"19044.1889",windows,"10.0.19041.1889 (WinBuild.160101.0800)","Windows 10 Enterprise Evaluation","Windows 10 Enterprise Evaluation",windows,windows,"10.0",information,"Process Create:
RuleName: -
UtcTime: 2022-10-22 17:48:12.817
ProcessGuid: {461f0bd2-2cdc-6354-1300-000000001f00}
ProcessId: 432
Image: C:\Windows\System32\svchost.exe
FileVersion: 10.0.19041.1806 (WinBuild.160101.0800)
Description: Host Process for Windows Services
Product: Microsoft® Windows® Operating System
Company: Microsoft Corporation
OriginalFileName: svchost.exe
CommandLine: C:\Windows\system32\svchost.exe -k netsvcs -p
CurrentDirectory: C:\Windows\system32\
User: NT AUTHORITY\SYSTEM
LogonGuid: {461f0bd2-2cdb-6354-e703-000000000000}
LogonId: 0x3E7
TerminalSessionId: 0
IntegrityLevel: System
Hashes: MD5=B7F884C1B74A263F746EE12A5F7C9F6A,SHA256=ADD683A6910ABBBF0E28B557FAD0BA998166394932AE2ACA069D9AA19EA8FE88,IMPHASH=247B9220E5D9B720A82B2C8B5069AD69
ParentProcessGuid: {461f0bd2-2cdb-6354-0b00-000000001f00}
ParentProcessId: 644
ParentImage: C:\Windows\System32\services.exe
ParentCommandLine: C:\Windows\system32\services.exe
ParentUser: NT AUTHORITY\SYSTEM","-","-","-","-","-","-","-","-","-","-","-","-","C:\Windows\system32\svchost.exe, -k, netsvcs, -p",4,"C:\Windows\system32\svchost.exe -k netsvcs -p","C:\Windows\system32\svchost.exe -k netsvcs -p","{461f0bd2-2cdc-6354-1300-000000001f00}","C:\Windows\System32\svchost.exe","C:\Windows\System32\svchost.exe",b7f884c1b74a263f746ee12a5f7c9f6a,add683a6910abbbf0e28b557fad0ba998166394932ae2aca069d9aa19ea8fe88,"svchost.exe","svchost.exe","C:\Windows\system32\services.exe",1,"C:\Windows\system32\services.exe","C:\Windows\system32\services.exe","{461f0bd2-2cdb-6354-0b00-000000001f00}","C:\Windows\System32\services.exe","C:\Windows\System32\services.exe","services.exe","services.exe",644,"Microsoft Corporation","Host Process for Windows Services","10.0.19041.1806 (WinBuild.160101.0800)",247b9220e5d9b720a82b2c8b5069ad69,"svchost.exe","Microsoft® Windows® Operating System",432,"-","-","C:\Windows\system32\","C:\Windows\system32\","-","-","-","-","-","-","add683a6910abbbf0e28b557fad0ba998166394932ae2aca069d9aa19ea8fe88, b7f884c1b74a263f746ee12a5f7c9f6a, 247b9220e5d9b720a82b2c8b5069ad69","-","-",SYSTEM,"-","-","NT AUTHORITY","-","S-1-5-18",SYSTEM,SYSTEM,"-",wineventlog,"Microsoft-Windows-Sysmon/Operational",victim,"Microsoft Corporation","-","Host Process for Windows Services","-","10.0.19041.1806 (WinBuild.160101.0800)",System,"{461f0bd2-2cdb-6354-e703-000000000000}",0x3e7,"-","NT AUTHORITY\SYSTEM","-","Microsoft® Windows® Operating System","-","-","-","-","-","-","-","-",0,"-",1,"-","-",Info,"2,240","2,984","{5770385f-c22a-43e0-bf4c-06f5698ffbd9}","Microsoft-Windows-Sysmon",4951,"Process Create (rule: ProcessCreate)","NT AUTHORITY","S-1-5-18",SYSTEM,User,5
"Oct 23, 2022 @ 01:48:12.541",pEXTAIQBHC0TB3lJzJmU,".ds-winlogbeat-8.2.3-2022.10.22-000001","-","25051d08-9df1-4629-b2c6-d1eeb5aa9cfd",victim,"b15c43c7-63a1-423e-901b-f1acc6401711",victim,winlogbeat,"8.2.3","-","-","-","-","-","-","-","1.12.0","Process Create (rule: ProcessCreate)",process,1,"Oct 23, 2022 @ 01:50:31.584","Oct 23, 2022 @ 01:53:11.307",event,sysmon,"-","Microsoft-Windows-Sysmon","-",start,"-","-","-","-","-","x86_64",victim,"461f0bd2-c182-413a-8a41-2a8e4accb4a9","fe80::4959:93ba:69a6:522d, 10.0.2.15, fe80::91a8:3d9e:36ba:f548, 172.19.96.10","08:00:27:7c:f3:ae, 08:00:27:22:f7:3c",victim,"19044.1889",windows,"10.0.19041.1889 (WinBuild.160101.0800)","Windows 10 Enterprise Evaluation","Windows 10 Enterprise Evaluation",windows,windows,"10.0",information,"Process Create:
RuleName: -
UtcTime: 2022-10-22 17:48:12.541
ProcessGuid: {461f0bd2-2cdc-6354-1200-000000001f00}
ProcessId: 992
Image: C:\Windows\System32\dwm.exe
FileVersion: 10.0.19041.746 (WinBuild.160101.0800)
Description: Desktop Window Manager
Product: Microsoft® Windows® Operating System
Company: Microsoft Corporation
OriginalFileName: dwm.exe
CommandLine: ""dwm.exe""
CurrentDirectory: C:\Windows\system32\
User: Window Manager\DWM-1
LogonGuid: {461f0bd2-2cdc-6354-26bb-000000000000}
LogonId: 0xBB26
TerminalSessionId: 1
IntegrityLevel: System
Hashes: MD5=5C27608411832C5B39BA04E33D53536C,SHA256=0AC827C9E35CDAA492DDD435079415805DCC276352112B040BCD34EF122CF565,IMPHASH=154ED7B525A399CB7070EB8FD0DFC4DE
ParentProcessGuid: {461f0bd2-2cdb-6354-0a00-000000001f00}
ParentProcessId: 588
ParentImage: C:\Windows\System32\winlogon.exe
ParentCommandLine: winlogon.exe
ParentUser: NT AUTHORITY\SYSTEM","-","-","-","-","-","-","-","-","-","-","-","-","dwm.exe",1,"""dwm.exe""","""dwm.exe""","{461f0bd2-2cdc-6354-1200-000000001f00}","C:\Windows\System32\dwm.exe","C:\Windows\System32\dwm.exe",5c27608411832c5b39ba04e33d53536c,0ac827c9e35cdaa492ddd435079415805dcc276352112b040bcd34ef122cf565,"dwm.exe","dwm.exe","winlogon.exe",1,"winlogon.exe","winlogon.exe","{461f0bd2-2cdb-6354-0a00-000000001f00}","C:\Windows\System32\winlogon.exe","C:\Windows\System32\winlogon.exe","winlogon.exe","winlogon.exe",588,"Microsoft Corporation","Desktop Window Manager","10.0.19041.746 (WinBuild.160101.0800)",154ed7b525a399cb7070eb8fd0dfc4de,"dwm.exe","Microsoft® Windows® Operating System",992,"-","-","C:\Windows\system32\","C:\Windows\system32\","-","-","-","-","-","-","0ac827c9e35cdaa492ddd435079415805dcc276352112b040bcd34ef122cf565, 5c27608411832c5b39ba04e33d53536c, 154ed7b525a399cb7070eb8fd0dfc4de","-","-","DWM-1","-","-","Window Manager","-","S-1-5-18","DWM-1","DWM-1","-",wineventlog,"Microsoft-Windows-Sysmon/Operational",victim,"Microsoft Corporation","-","Desktop Window Manager","-","10.0.19041.746 (WinBuild.160101.0800)",System,"{461f0bd2-2cdc-6354-26bb-000000000000}",0xbb26,"-","NT AUTHORITY\SYSTEM","-","Microsoft® Windows® Operating System","-","-","-","-","-","-","-","-",1,"-",1,"-","-",Info,"2,240","2,984","{5770385f-c22a-43e0-bf4c-06f5698ffbd9}","Microsoft-Windows-Sysmon",4950,"Process Create (rule: ProcessCreate)","NT AUTHORITY","S-1-5-18",SYSTEM,User,5
"Oct 23, 2022 @ 01:48:12.538",o0XTAIQBHC0TB3lJzJmU,".ds-winlogbeat-8.2.3-2022.10.22-000001","-","25051d08-9df1-4629-b2c6-d1eeb5aa9cfd",victim,"b15c43c7-63a1-423e-901b-f1acc6401711",victim,winlogbeat,"8.2.3","-","-","-","-","-","-","-","1.12.0","Process Create (rule: ProcessCreate)",process,1,"Oct 23, 2022 @ 01:50:31.584","Oct 23, 2022 @ 01:53:11.307",event,sysmon,"-","Microsoft-Windows-Sysmon","-",start,"-","-","-","-","-","x86_64",victim,"461f0bd2-c182-413a-8a41-2a8e4accb4a9","fe80::4959:93ba:69a6:522d, 10.0.2.15, fe80::91a8:3d9e:36ba:f548, 172.19.96.10","08:00:27:7c:f3:ae, 08:00:27:22:f7:3c",victim,"19044.1889",windows,"10.0.19041.1889 (WinBuild.160101.0800)","Windows 10 Enterprise Evaluation","Windows 10 Enterprise Evaluation",windows,windows,"10.0",information,"Process Create:
RuleName: -
UtcTime: 2022-10-22 17:48:12.538
ProcessGuid: {461f0bd2-2cdc-6354-1100-000000001f00}
ProcessId: 984
Image: C:\Windows\System32\LogonUI.exe
FileVersion: 10.0.19041.1 (WinBuild.160101.0800)
Description: Windows Logon User Interface Host
Product: Microsoft® Windows® Operating System
Company: Microsoft Corporation
OriginalFileName: logonui.exe
CommandLine: ""LogonUI.exe"" /flags:0x2 /state0:0xa3be3855 /state1:0x41c64e6d
CurrentDirectory: C:\Windows\system32\
User: NT AUTHORITY\SYSTEM
LogonGuid: {461f0bd2-2cdb-6354-e703-000000000000}
LogonId: 0x3E7
TerminalSessionId: 1
IntegrityLevel: System
Hashes: MD5=893144FE49AA16124B5BD3034E79BBC6,SHA256=CF01E46C146699F6C0E3DD447043F59BC9438DBBCB9563AF6C60EBC6D82727F2,IMPHASH=B9B0B64B08B38276711093CA94348D39
ParentProcessGuid: {461f0bd2-2cdb-6354-0a00-000000001f00}
ParentProcessId: 588
ParentImage: C:\Windows\System32\winlogon.exe
ParentCommandLine: winlogon.exe
ParentUser: NT AUTHORITY\SYSTEM","-","-","-","-","-","-","-","-","-","-","-","-","LogonUI.exe, /flags:0x2, /state0:0xa3be3855, /state1:0x41c64e6d",4,"""LogonUI.exe"" /flags:0x2 /state0:0xa3be3855 /state1:0x41c64e6d","""LogonUI.exe"" /flags:0x2 /state0:0xa3be3855 /state1:0x41c64e6d","{461f0bd2-2cdc-6354-1100-000000001f00}","C:\Windows\System32\LogonUI.exe","C:\Windows\System32\LogonUI.exe",893144fe49aa16124b5bd3034e79bbc6,cf01e46c146699f6c0e3dd447043f59bc9438dbbcb9563af6c60ebc6d82727f2,"LogonUI.exe","LogonUI.exe","winlogon.exe",1,"winlogon.exe","winlogon.exe","{461f0bd2-2cdb-6354-0a00-000000001f00}","C:\Windows\System32\winlogon.exe","C:\Windows\System32\winlogon.exe","winlogon.exe","winlogon.exe",588,"Microsoft Corporation","Windows Logon User Interface Host","10.0.19041.1 (WinBuild.160101.0800)",b9b0b64b08b38276711093ca94348d39,"logonui.exe","Microsoft® Windows® Operating System",984,"-","-","C:\Windows\system32\","C:\Windows\system32\","-","-","-","-","-","-","cf01e46c146699f6c0e3dd447043f59bc9438dbbcb9563af6c60ebc6d82727f2, 893144fe49aa16124b5bd3034e79bbc6, b9b0b64b08b38276711093ca94348d39","-","-",SYSTEM,"-","-","NT AUTHORITY","-","S-1-5-18",SYSTEM,SYSTEM,"-",wineventlog,"Microsoft-Windows-Sysmon/Operational",victim,"Microsoft Corporation","-","Windows Logon User Interface Host","-","10.0.19041.1 (WinBuild.160101.0800)",System,"{461f0bd2-2cdb-6354-e703-000000000000}",0x3e7,"-","NT AUTHORITY\SYSTEM","-","Microsoft® Windows® Operating System","-","-","-","-","-","-","-","-",1,"-",1,"-","-",Info,"2,240","2,984","{5770385f-c22a-43e0-bf4c-06f5698ffbd9}","Microsoft-Windows-Sysmon",4949,"Process Create (rule: ProcessCreate)","NT AUTHORITY","S-1-5-18",SYSTEM,User,5
"Oct 23, 2022 @ 01:48:12.304",okXTAIQBHC0TB3lJzJmU,".ds-winlogbeat-8.2.3-2022.10.22-000001","-","25051d08-9df1-4629-b2c6-d1eeb5aa9cfd",victim,"b15c43c7-63a1-423e-901b-f1acc6401711",victim,winlogbeat,"8.2.3","-","-","-","-","-","-","-","1.12.0","Process Create (rule: ProcessCreate)",process,1,"Oct 23, 2022 @ 01:50:31.584","Oct 23, 2022 @ 01:53:11.307",event,sysmon,"-","Microsoft-Windows-Sysmon","-",start,"-","-","-","-","-","x86_64",victim,"461f0bd2-c182-413a-8a41-2a8e4accb4a9","fe80::4959:93ba:69a6:522d, 10.0.2.15, fe80::91a8:3d9e:36ba:f548, 172.19.96.10","08:00:27:7c:f3:ae, 08:00:27:22:f7:3c",victim,"19044.1889",windows,"10.0.19041.1889 (WinBuild.160101.0800)","Windows 10 Enterprise Evaluation","Windows 10 Enterprise Evaluation",windows,windows,"10.0",information,"Process Create:
RuleName: -
UtcTime: 2022-10-22 17:48:12.304
ProcessGuid: {461f0bd2-2cdc-6354-1000-000000001f00}
ProcessId: 880
Image: C:\Windows\System32\svchost.exe
FileVersion: 10.0.19041.1806 (WinBuild.160101.0800)
Description: Host Process for Windows Services
Product: Microsoft® Windows® Operating System
Company: Microsoft Corporation
OriginalFileName: svchost.exe
CommandLine: C:\Windows\system32\svchost.exe -k RPCSS -p
CurrentDirectory: C:\Windows\system32\
User: NT AUTHORITY\NETWORK SERVICE
LogonGuid: {461f0bd2-2cdc-6354-e403-000000000000}
LogonId: 0x3E4
TerminalSessionId: 0
IntegrityLevel: System
Hashes: MD5=B7F884C1B74A263F746EE12A5F7C9F6A,SHA256=ADD683A6910ABBBF0E28B557FAD0BA998166394932AE2ACA069D9AA19EA8FE88,IMPHASH=247B9220E5D9B720A82B2C8B5069AD69
ParentProcessGuid: {461f0bd2-2cdb-6354-0b00-000000001f00}
ParentProcessId: 644
ParentImage: C:\Windows\System32\services.exe
ParentCommandLine: C:\Windows\system32\services.exe
ParentUser: NT AUTHORITY\SYSTEM","-","-","-","-","-","-","-","-","-","-","-","-","C:\Windows\system32\svchost.exe, -k, RPCSS, -p",4,"C:\Windows\system32\svchost.exe -k RPCSS -p","C:\Windows\system32\svchost.exe -k RPCSS -p","{461f0bd2-2cdc-6354-1000-000000001f00}","C:\Windows\System32\svchost.exe","C:\Windows\System32\svchost.exe",b7f884c1b74a263f746ee12a5f7c9f6a,add683a6910abbbf0e28b557fad0ba998166394932ae2aca069d9aa19ea8fe88,"svchost.exe","svchost.exe","C:\Windows\system32\services.exe",1,"C:\Windows\system32\services.exe","C:\Windows\system32\services.exe","{461f0bd2-2cdb-6354-0b00-000000001f00}","C:\Windows\System32\services.exe","C:\Windows\System32\services.exe","services.exe","services.exe",644,"Microsoft Corporation","Host Process for Windows Services","10.0.19041.1806 (WinBuild.160101.0800)",247b9220e5d9b720a82b2c8b5069ad69,"svchost.exe","Microsoft® Windows® Operating System",880,"-","-","C:\Windows\system32\","C:\Windows\system32\","-","-","-","-","-","-","add683a6910abbbf0e28b557fad0ba998166394932ae2aca069d9aa19ea8fe88, b7f884c1b74a263f746ee12a5f7c9f6a, 247b9220e5d9b720a82b2c8b5069ad69","-","-","NETWORK SERVICE","-","-","NT AUTHORITY","-","S-1-5-18","NETWORK SERVICE","NETWORK SERVICE","-",wineventlog,"Microsoft-Windows-Sysmon/Operational",victim,"Microsoft Corporation","-","Host Process for Windows Services","-","10.0.19041.1806 (WinBuild.160101.0800)",System,"{461f0bd2-2cdc-6354-e403-000000000000}",0x3e4,"-","NT AUTHORITY\SYSTEM","-","Microsoft® Windows® Operating System","-","-","-","-","-","-","-","-",0,"-",1,"-","-",Info,"2,240","2,984","{5770385f-c22a-43e0-bf4c-06f5698ffbd9}","Microsoft-Windows-Sysmon",4948,"Process Create (rule: ProcessCreate)","NT AUTHORITY","S-1-5-18",SYSTEM,User,5
"Oct 23, 2022 @ 01:48:12.152",oUXTAIQBHC0TB3lJzJmU,".ds-winlogbeat-8.2.3-2022.10.22-000001","-","25051d08-9df1-4629-b2c6-d1eeb5aa9cfd",victim,"b15c43c7-63a1-423e-901b-f1acc6401711",victim,winlogbeat,"8.2.3","-","-","-","-","-","-","-","1.12.0","Process Create (rule: ProcessCreate)",process,1,"Oct 23, 2022 @ 01:50:31.584","Oct 23, 2022 @ 01:53:11.307",event,sysmon,"-","Microsoft-Windows-Sysmon","-",start,"-","-","-","-","-","x86_64",victim,"461f0bd2-c182-413a-8a41-2a8e4accb4a9","fe80::4959:93ba:69a6:522d, 10.0.2.15, fe80::91a8:3d9e:36ba:f548, 172.19.96.10","08:00:27:7c:f3:ae, 08:00:27:22:f7:3c",victim,"19044.1889",windows,"10.0.19041.1889 (WinBuild.160101.0800)","Windows 10 Enterprise Evaluation","Windows 10 Enterprise Evaluation",windows,windows,"10.0",information,"Process Create:
RuleName: -
UtcTime: 2022-10-22 17:48:12.152
ProcessGuid: {461f0bd2-2cdc-6354-0f00-000000001f00}
ProcessId: 780
Image: C:\Windows\System32\svchost.exe
FileVersion: 10.0.19041.1806 (WinBuild.160101.0800)
Description: Host Process for Windows Services
Product: Microsoft® Windows® Operating System
Company: Microsoft Corporation
OriginalFileName: svchost.exe
CommandLine: C:\Windows\system32\svchost.exe -k DcomLaunch -p
CurrentDirectory: C:\Windows\system32\
User: NT AUTHORITY\SYSTEM
LogonGuid: {461f0bd2-2cdb-6354-e703-000000000000}
LogonId: 0x3E7
TerminalSessionId: 0
IntegrityLevel: System
Hashes: MD5=B7F884C1B74A263F746EE12A5F7C9F6A,SHA256=ADD683A6910ABBBF0E28B557FAD0BA998166394932AE2ACA069D9AA19EA8FE88,IMPHASH=247B9220E5D9B720A82B2C8B5069AD69
ParentProcessGuid: {461f0bd2-2cdb-6354-0b00-000000001f00}
ParentProcessId: 644
ParentImage: C:\Windows\System32\services.exe
ParentCommandLine: C:\Windows\system32\services.exe
ParentUser: NT AUTHORITY\SYSTEM","-","-","-","-","-","-","-","-","-","-","-","-","C:\Windows\system32\svchost.exe, -k, DcomLaunch, -p",4,"C:\Windows\system32\svchost.exe -k DcomLaunch -p","C:\Windows\system32\svchost.exe -k DcomLaunch -p","{461f0bd2-2cdc-6354-0f00-000000001f00}","C:\Windows\System32\svchost.exe","C:\Windows\System32\svchost.exe",b7f884c1b74a263f746ee12a5f7c9f6a,add683a6910abbbf0e28b557fad0ba998166394932ae2aca069d9aa19ea8fe88,"svchost.exe","svchost.exe","C:\Windows\system32\services.exe",1,"C:\Windows\system32\services.exe","C:\Windows\system32\services.exe","{461f0bd2-2cdb-6354-0b00-000000001f00}","C:\Windows\System32\services.exe","C:\Windows\System32\services.exe","services.exe","services.exe",644,"Microsoft Corporation","Host Process for Windows Services","10.0.19041.1806 (WinBuild.160101.0800)",247b9220e5d9b720a82b2c8b5069ad69,"svchost.exe","Microsoft® Windows® Operating System",780,"-","-","C:\Windows\system32\","C:\Windows\system32\","-","-","-","-","-","-","add683a6910abbbf0e28b557fad0ba998166394932ae2aca069d9aa19ea8fe88, b7f884c1b74a263f746ee12a5f7c9f6a, 247b9220e5d9b720a82b2c8b5069ad69","-","-",SYSTEM,"-","-","NT AUTHORITY","-","S-1-5-18",SYSTEM,SYSTEM,"-",wineventlog,"Microsoft-Windows-Sysmon/Operational",victim,"Microsoft Corporation","-","Host Process for Windows Services","-","10.0.19041.1806 (WinBuild.160101.0800)",System,"{461f0bd2-2cdb-6354-e703-000000000000}",0x3e7,"-","NT AUTHORITY\SYSTEM","-","Microsoft® Windows® Operating System","-","-","-","-","-","-","-","-",0,"-",1,"-","-",Info,"2,240","2,984","{5770385f-c22a-43e0-bf4c-06f5698ffbd9}","Microsoft-Windows-Sysmon",4947,"Process Create (rule: ProcessCreate)","NT AUTHORITY","S-1-5-18",SYSTEM,User,5
"Oct 23, 2022 @ 01:48:12.050",oEXTAIQBHC0TB3lJzJmU,".ds-winlogbeat-8.2.3-2022.10.22-000001","-","25051d08-9df1-4629-b2c6-d1eeb5aa9cfd",victim,"b15c43c7-63a1-423e-901b-f1acc6401711",victim,winlogbeat,"8.2.3","-","-","-","-","-","-","-","1.12.0","Registry value set (rule: RegistryEvent)","configuration, registry",13,"Oct 23, 2022 @ 01:50:31.584","Oct 23, 2022 @ 01:53:11.306",event,sysmon,"-","Microsoft-Windows-Sysmon","-",change,"-","-","-","-","-","x86_64",victim,"461f0bd2-c182-413a-8a41-2a8e4accb4a9","fe80::4959:93ba:69a6:522d, 10.0.2.15, fe80::91a8:3d9e:36ba:f548, 172.19.96.10","08:00:27:7c:f3:ae, 08:00:27:22:f7:3c",victim,"19044.1889",windows,"10.0.19041.1889 (WinBuild.160101.0800)","Windows 10 Enterprise Evaluation","Windows 10 Enterprise Evaluation",windows,windows,"10.0",information,"Registry value set:
RuleName: T1101
EventType: SetValue
UtcTime: 2022-10-22 17:48:12.050
ProcessGuid: {461f0bd2-2cdb-6354-0c00-000000001f00}
ProcessId: 656
Image: C:\Windows\system32\lsass.exe
TargetObject: HKLM\System\CurrentControlSet\Control\Lsa\ProductType
Details: DWORD (0x00000004)
User: NT AUTHORITY\SYSTEM","-","-","-","-","-","-","-","-","-","-","-","-","-","-","-","-","{461f0bd2-2cdb-6354-0c00-000000001f00}","C:\Windows\system32\lsass.exe","C:\Windows\system32\lsass.exe","-","-","lsass.exe","lsass.exe","-","-","-","-","-","-","-","-","-","-","-","-","-","-","-","-",656,"-","-","-","-",0x00000004,"SZ_DWORD",HKLM,"System\CurrentControlSet\Control\Lsa\ProductType","HKLM\System\CurrentControlSet\Control\Lsa\ProductType",ProductType,"-","-","-",SYSTEM,T1101,"-","NT AUTHORITY","-","S-1-5-18",SYSTEM,SYSTEM,"-",wineventlog,"Microsoft-Windows-Sysmon/Operational",victim,"-","-","-",SetValue,"-","-","-","-","-","-","-","-","-","-","-","-","-","-","-","-","-","-",13,"-","-",Info,"2,240","2,984","{5770385f-c22a-43e0-bf4c-06f5698ffbd9}","Microsoft-Windows-Sysmon",4946,"Registry value set (rule: RegistryEvent)","NT AUTHORITY","S-1-5-18",SYSTEM,User,2
"Oct 23, 2022 @ 01:48:11.727",n0XTAIQBHC0TB3lJzJmU,".ds-winlogbeat-8.2.3-2022.10.22-000001","-","25051d08-9df1-4629-b2c6-d1eeb5aa9cfd",victim,"b15c43c7-63a1-423e-901b-f1acc6401711",victim,winlogbeat,"8.2.3","-","-","-","-","-","-","-","1.12.0","Registry value set (rule: RegistryEvent)","configuration, registry",13,"Oct 23, 2022 @ 01:50:31.584","Oct 23, 2022 @ 01:53:11.305",event,sysmon,"-","Microsoft-Windows-Sysmon","-",change,"-","-","-","-","-","x86_64",victim,"461f0bd2-c182-413a-8a41-2a8e4accb4a9","fe80::4959:93ba:69a6:522d, 10.0.2.15, fe80::91a8:3d9e:36ba:f548, 172.19.96.10","08:00:27:7c:f3:ae, 08:00:27:22:f7:3c",victim,"19044.1889",windows,"10.0.19041.1889 (WinBuild.160101.0800)","Windows 10 Enterprise Evaluation","Windows 10 Enterprise Evaluation",windows,windows,"10.0",information,"Registry value set:
RuleName: T1101
EventType: SetValue
UtcTime: 2022-10-22 17:48:11.727
ProcessGuid: {461f0bd2-2cdb-6354-0c00-000000001f00}
ProcessId: 656
Image: C:\Windows\system32\lsass.exe
TargetObject: HKLM\System\CurrentControlSet\Control\Lsa\LsaCfgFlagsDefault
Details: DWORD (0x00000000)
User: NT AUTHORITY\SYSTEM","-","-","-","-","-","-","-","-","-","-","-","-","-","-","-","-","{461f0bd2-2cdb-6354-0c00-000000001f00}","C:\Windows\system32\lsass.exe","C:\Windows\system32\lsass.exe","-","-","lsass.exe","lsass.exe","-","-","-","-","-","-","-","-","-","-","-","-","-","-","-","-",656,"-","-","-","-",0x00000000,"SZ_DWORD",HKLM,"System\CurrentControlSet\Control\Lsa\LsaCfgFlagsDefault","HKLM\System\CurrentControlSet\Control\Lsa\LsaCfgFlagsDefault",LsaCfgFlagsDefault,"-","-","-",SYSTEM,T1101,"-","NT AUTHORITY","-","S-1-5-18",SYSTEM,SYSTEM,"-",wineventlog,"Microsoft-Windows-Sysmon/Operational",victim,"-","-","-",SetValue,"-","-","-","-","-","-","-","-","-","-","-","-","-","-","-","-","-","-",13,"-","-",Info,"2,240","2,984","{5770385f-c22a-43e0-bf4c-06f5698ffbd9}","Microsoft-Windows-Sysmon",4945,"Registry value set (rule: RegistryEvent)","NT AUTHORITY","S-1-5-18",SYSTEM,User,2
"Oct 23, 2022 @ 01:48:11.610",8UXTAIQBHC0TB3lJ95rM,".ds-winlogbeat-8.2.3-2022.10.22-000001","-","25051d08-9df1-4629-b2c6-d1eeb5aa9cfd",victim,"b15c43c7-63a1-423e-901b-f1acc6401711",victim,winlogbeat,"8.2.3","-","-","-","-","-","-","-","1.12.0","created-process",process,4688,"Oct 23, 2022 @ 01:50:49.399","Oct 23, 2022 @ 01:53:22.369",event,security,success,"Microsoft-Windows-Security-Auditing","-",start,"-","-","-","-","-","x86_64",victim,"461f0bd2-c182-413a-8a41-2a8e4accb4a9","fe80::4959:93ba:69a6:522d, 10.0.2.15, fe80::91a8:3d9e:36ba:f548, 172.19.96.10","08:00:27:7c:f3:ae, 08:00:27:22:f7:3c",victim,"19044.1889",windows,"10.0.19041.1889 (WinBuild.160101.0800)","Windows 10 Enterprise Evaluation","Windows 10 Enterprise Evaluation",windows,windows,"10.0",information,"A new process has been created.

Creator Subject:
	Security ID:		S-1-5-18
	Account Name:		-
	Account Domain:		-
	Logon ID:		0x3E7

Target Subject:
	Security ID:		S-1-0-0
	Account Name:		-
	Account Domain:		-
	Logon ID:		0x0

Process Information:
	New Process ID:		0x290
	New Process Name:	C:\Windows\System32\lsass.exe
	Token Elevation Type:	%%1936
	Mandatory Label:		S-1-16-16384
	Creator Process ID:	0x1f8
	Creator Process Name:	C:\Windows\System32\wininit.exe
	Process Command Line:	

Token Elevation Type indicates the type of token that was assigned to the new process in accordance with User Account Control policy.

Type 1 is a full token with no privileges removed or groups disabled.  A full token is only used if User Account Control is disabled or if the user is the built-in Administrator account or a service account.

Type 2 is an elevated token with no privileges removed or groups disabled.  An elevated token is used when User Account Control is enabled and the user chooses to start the program using Run as administrator.  An elevated token is also used when an application is configured to always require administrative privilege or to always require maximum privilege, and the user is a member of the Administrators group.

Type 3 is a limited token with administrative privileges removed and administrative groups disabled.  The limited token is used when User Account Control is enabled, the application does not require administrative privilege, and the user does not choose to start the program using Run as administrator.","-","-","-","-","-","-","-","-","-","-","-","-","-","-","-","-","-","C:\Windows\System32\lsass.exe","C:\Windows\System32\lsass.exe","-","-","lsass.exe","lsass.exe","-","-","-","-","-","C:\Windows\System32\wininit.exe","C:\Windows\System32\wininit.exe","wininit.exe","wininit.exe","-","-","-","-","-","-","-",656,"-","-","-","-","-","-","-","-","-","-","-","-","-","-","-","-","-","S-1-0-0","S-1-5-18","-","-","-",wineventlog,Security,victim,"-","-","-","-","-","-","-","-","S-1-16-16384","-",0x1f8,"-","-",0x3e7,"-","S-1-5-18","-",0x0,"-","S-1-0-0","-","%%1936",4688,"Audit Success",0x3e7,Info,4,112,"{54849625-5478-4994-a5ba-3e3b0328c30d}","Microsoft-Windows-Security-Auditing",13042,"Process Creation","-","-","-","-",2
"Oct 23, 2022 @ 01:48:11.610",nkXTAIQBHC0TB3lJzJmU,".ds-winlogbeat-8.2.3-2022.10.22-000001","-","25051d08-9df1-4629-b2c6-d1eeb5aa9cfd",victim,"b15c43c7-63a1-423e-901b-f1acc6401711",victim,winlogbeat,"8.2.3","-","-","-","-","-","-","-","1.12.0","Process Create (rule: ProcessCreate)",process,1,"Oct 23, 2022 @ 01:50:31.584","Oct 23, 2022 @ 01:53:11.305",event,sysmon,"-","Microsoft-Windows-Sysmon","-",start,"-","-","-","-","-","x86_64",victim,"461f0bd2-c182-413a-8a41-2a8e4accb4a9","fe80::4959:93ba:69a6:522d, 10.0.2.15, fe80::91a8:3d9e:36ba:f548, 172.19.96.10","08:00:27:7c:f3:ae, 08:00:27:22:f7:3c",victim,"19044.1889",windows,"10.0.19041.1889 (WinBuild.160101.0800)","Windows 10 Enterprise Evaluation","Windows 10 Enterprise Evaluation",windows,windows,"10.0",information,"Process Create:
RuleName: -
UtcTime: 2022-10-22 17:48:11.610
ProcessGuid: {461f0bd2-2cdb-6354-0c00-000000001f00}
ProcessId: 656
Image: C:\Windows\System32\lsass.exe
FileVersion: 10.0.19041.1586 (WinBuild.160101.0800)
Description: Local Security Authority Process
Product: Microsoft® Windows® Operating System
Company: Microsoft Corporation
OriginalFileName: lsass.exe
CommandLine: C:\Windows\system32\lsass.exe
CurrentDirectory: C:\Windows\system32\
User: NT AUTHORITY\SYSTEM
LogonGuid: {461f0bd2-2cdb-6354-e703-000000000000}
LogonId: 0x3E7
TerminalSessionId: 0
IntegrityLevel: System
Hashes: MD5=A1CC00332BBF370654EE3DC8CDC8C95A,SHA256=E69356111240657E6435EDF2E3A4BBAC9C89957EF2D34FC620B8B7DBF564A862,IMPHASH=3924D1606F44D90586A3EC75785C2730
ParentProcessGuid: {461f0bd2-2cdb-6354-0800-000000001f00}
ParentProcessId: 504
ParentImage: C:\Windows\System32\wininit.exe
ParentCommandLine: wininit.exe
ParentUser: NT AUTHORITY\SYSTEM","-","-","-","-","-","-","-","-","-","-","-","-","C:\Windows\system32\lsass.exe",1,"C:\Windows\system32\lsass.exe","C:\Windows\system32\lsass.exe","{461f0bd2-2cdb-6354-0c00-000000001f00}","C:\Windows\System32\lsass.exe","C:\Windows\System32\lsass.exe",a1cc00332bbf370654ee3dc8cdc8c95a,e69356111240657e6435edf2e3a4bbac9c89957ef2d34fc620b8b7dbf564a862,"lsass.exe","lsass.exe","wininit.exe",1,"wininit.exe","wininit.exe","{461f0bd2-2cdb-6354-0800-000000001f00}","C:\Windows\System32\wininit.exe","C:\Windows\System32\wininit.exe","wininit.exe","wininit.exe",504,"Microsoft Corporation","Local Security Authority Process","10.0.19041.1586 (WinBuild.160101.0800)",3924d1606f44d90586a3ec75785c2730,"lsass.exe","Microsoft® Windows® Operating System",656,"-","-","C:\Windows\system32\","C:\Windows\system32\","-","-","-","-","-","-","e69356111240657e6435edf2e3a4bbac9c89957ef2d34fc620b8b7dbf564a862, a1cc00332bbf370654ee3dc8cdc8c95a, 3924d1606f44d90586a3ec75785c2730","-","-",SYSTEM,"-","-","NT AUTHORITY","-","S-1-5-18",SYSTEM,SYSTEM,"-",wineventlog,"Microsoft-Windows-Sysmon/Operational",victim,"Microsoft Corporation","-","Local Security Authority Process","-","10.0.19041.1586 (WinBuild.160101.0800)",System,"{461f0bd2-2cdb-6354-e703-000000000000}",0x3e7,"-","NT AUTHORITY\SYSTEM","-","Microsoft® Windows® Operating System","-","-","-","-","-","-","-","-",0,"-",1,"-","-",Info,"2,240","2,984","{5770385f-c22a-43e0-bf4c-06f5698ffbd9}","Microsoft-Windows-Sysmon",4944,"Process Create (rule: ProcessCreate)","NT AUTHORITY","S-1-5-18",SYSTEM,User,5
"Oct 23, 2022 @ 01:48:11.548",nUXTAIQBHC0TB3lJzJmU,".ds-winlogbeat-8.2.3-2022.10.22-000001","-","25051d08-9df1-4629-b2c6-d1eeb5aa9cfd",victim,"b15c43c7-63a1-423e-901b-f1acc6401711",victim,winlogbeat,"8.2.3","-","-","-","-","-","-","-","1.12.0","Process Create (rule: ProcessCreate)",process,1,"Oct 23, 2022 @ 01:50:31.584","Oct 23, 2022 @ 01:53:11.304",event,sysmon,"-","Microsoft-Windows-Sysmon","-",start,"-","-","-","-","-","x86_64",victim,"461f0bd2-c182-413a-8a41-2a8e4accb4a9","fe80::4959:93ba:69a6:522d, 10.0.2.15, fe80::91a8:3d9e:36ba:f548, 172.19.96.10","08:00:27:7c:f3:ae, 08:00:27:22:f7:3c",victim,"19044.1889",windows,"10.0.19041.1889 (WinBuild.160101.0800)","Windows 10 Enterprise Evaluation","Windows 10 Enterprise Evaluation",windows,windows,"10.0",information,"Process Create:
RuleName: -
UtcTime: 2022-10-22 17:48:11.548
ProcessGuid: {461f0bd2-2cdb-6354-0b00-000000001f00}
ProcessId: 644
Image: C:\Windows\System32\services.exe
FileVersion: 10.0.19041.928 (WinBuild.160101.0800)
Description: Services and Controller app
Product: Microsoft® Windows® Operating System
Company: Microsoft Corporation
OriginalFileName: services.exe
CommandLine: C:\Windows\system32\services.exe
CurrentDirectory: C:\Windows\system32\
User: NT AUTHORITY\SYSTEM
LogonGuid: {461f0bd2-2cdb-6354-e703-000000000000}
LogonId: 0x3E7
TerminalSessionId: 0
IntegrityLevel: System
Hashes: MD5=D8E577BF078C45954F4531885478D5A9,SHA256=DFBEA9E8C316D9BC118B454B0C722CD674C30D0A256340200E2C3A7480CBA674,IMPHASH=D1098E3A37F227B6FF6BD36C1801EDFA
ParentProcessGuid: {461f0bd2-2cdb-6354-0800-000000001f00}
ParentProcessId: 504
ParentImage: C:\Windows\System32\wininit.exe
ParentCommandLine: wininit.exe
ParentUser: NT AUTHORITY\SYSTEM","-","-","-","-","-","-","-","-","-","-","-","-","C:\Windows\system32\services.exe",1,"C:\Windows\system32\services.exe","C:\Windows\system32\services.exe","{461f0bd2-2cdb-6354-0b00-000000001f00}","C:\Windows\System32\services.exe","C:\Windows\System32\services.exe",d8e577bf078c45954f4531885478d5a9,dfbea9e8c316d9bc118b454b0c722cd674c30d0a256340200e2c3a7480cba674,"services.exe","services.exe","wininit.exe",1,"wininit.exe","wininit.exe","{461f0bd2-2cdb-6354-0800-000000001f00}","C:\Windows\System32\wininit.exe","C:\Windows\System32\wininit.exe","wininit.exe","wininit.exe",504,"Microsoft Corporation","Services and Controller app","10.0.19041.928 (WinBuild.160101.0800)",d1098e3a37f227b6ff6bd36c1801edfa,"services.exe","Microsoft® Windows® Operating System",644,"-","-","C:\Windows\system32\","C:\Windows\system32\","-","-","-","-","-","-","dfbea9e8c316d9bc118b454b0c722cd674c30d0a256340200e2c3a7480cba674, d8e577bf078c45954f4531885478d5a9, d1098e3a37f227b6ff6bd36c1801edfa","-","-",SYSTEM,"-","-","NT AUTHORITY","-","S-1-5-18",SYSTEM,SYSTEM,"-",wineventlog,"Microsoft-Windows-Sysmon/Operational",victim,"Microsoft Corporation","-","Services and Controller app","-","10.0.19041.928 (WinBuild.160101.0800)",System,"{461f0bd2-2cdb-6354-e703-000000000000}",0x3e7,"-","NT AUTHORITY\SYSTEM","-","Microsoft® Windows® Operating System","-","-","-","-","-","-","-","-",0,"-",1,"-","-",Info,"2,240","2,984","{5770385f-c22a-43e0-bf4c-06f5698ffbd9}","Microsoft-Windows-Sysmon",4943,"Process Create (rule: ProcessCreate)","NT AUTHORITY","S-1-5-18",SYSTEM,User,5
