"@timestamp","_id","_index","_score","agent.ephemeral_id","agent.hostname","agent.id","agent.name","agent.type","agent.version","dns.answers.data","dns.answers.type","dns.question.name","dns.question.registered_domain","dns.question.subdomain","dns.question.top_level_domain","dns.resolved_ip","ecs.version","event.action","event.category","event.code","event.created","event.ingested","event.kind","event.module","event.outcome","event.provider","event.sequence","event.type","file.directory","file.extension","file.name","file.path","file.path.text","host.architecture","host.hostname","host.id","host.ip","host.mac","host.name","host.os.build","host.os.family","host.os.kernel","host.os.name","host.os.name.text","host.os.platform","host.os.type","host.os.version","log.level",message,"network.protocol","powershell.command.invocation_details.name","powershell.command.invocation_details.related_command","powershell.command.invocation_details.type","powershell.command.invocation_details.value","powershell.command.name","powershell.command.type","powershell.engine.version","powershell.id","powershell.pipeline_id","powershell.process.executable_version","powershell.runspace_id","process.args","process.args_count","process.command_line","process.command_line.text","process.entity_id","process.executable","process.executable.text","process.hash.md5","process.hash.sha256","process.name","process.name.text","process.parent.args","process.parent.args_count","process.parent.command_line","process.parent.command_line.text","process.parent.entity_id","process.parent.executable","process.parent.executable.text","process.parent.name","process.parent.name.text","process.parent.pid","process.pe.company","process.pe.description","process.pe.file_version","process.pe.imphash","process.pe.original_file_name","process.pe.product","process.pid","process.title","process.title.text","process.working_directory","process.working_directory.text","registry.data.strings","registry.data.type","registry.hive","registry.key","registry.path","registry.value","related.hash","related.hosts","related.ip","related.user","rule.name","sysmon.dns.status","user.domain","user.effective.id","user.id","user.name","user.name.text","winlog.activity_id","winlog.api","winlog.channel","winlog.computer_name","winlog.event_data.Company","winlog.event_data.CreationUtcTime","winlog.event_data.Description","winlog.event_data.EventType","winlog.event_data.FileVersion","winlog.event_data.IntegrityLevel","winlog.event_data.LogonGuid","winlog.event_data.LogonId","winlog.event_data.MandatoryLabel","winlog.event_data.ParentUser","winlog.event_data.ProcessId","winlog.event_data.Product","winlog.event_data.SubjectDomainName","winlog.event_data.SubjectLogonId","winlog.event_data.SubjectUserName","winlog.event_data.SubjectUserSid","winlog.event_data.TargetDomainName","winlog.event_data.TargetLogonId","winlog.event_data.TargetUserName","winlog.event_data.TargetUserSid","winlog.event_data.TerminalSessionId","winlog.event_data.TokenElevationType","winlog.event_id","winlog.keywords","winlog.logon.id","winlog.opcode","winlog.process.pid","winlog.process.thread.id","winlog.provider_guid","winlog.provider_name","winlog.record_id","winlog.task","winlog.user.domain","winlog.user.identifier","winlog.user.name","winlog.user.type","winlog.version"
"Oct 23, 2022 @ 01:55:18.373",gkXWAIQBHC0TB3lJtpww,".ds-winlogbeat-8.2.3-2022.10.22-000001","-","25051d08-9df1-4629-b2c6-d1eeb5aa9cfd",victim,"b15c43c7-63a1-423e-901b-f1acc6401711",victim,winlogbeat,"8.2.3","-","-","-","-","-","-","-","1.12.0","Process Create (rule: ProcessCreate)",process,1,"Oct 23, 2022 @ 01:55:18.566","Oct 23, 2022 @ 01:56:22.190",event,sysmon,"-","Microsoft-Windows-Sysmon","-",start,"-","-","-","-","-","x86_64",victim,"461f0bd2-c182-413a-8a41-2a8e4accb4a9","fe80::4959:93ba:69a6:522d, 10.0.2.15, fe80::91a8:3d9e:36ba:f548, 172.19.96.10","08:00:27:7c:f3:ae, 08:00:27:22:f7:3c",victim,"19044.1889",windows,"10.0.19041.1889 (WinBuild.160101.0800)","Windows 10 Enterprise Evaluation","Windows 10 Enterprise Evaluation",windows,windows,"10.0",information,"Process Create:
RuleName: -
UtcTime: 2022-10-22 17:55:18.373
ProcessGuid: {461f0bd2-2e86-6354-ae00-000000001f00}
ProcessId: 536
Image: C:\Windows\System32\svchost.exe
FileVersion: 10.0.19041.1806 (WinBuild.160101.0800)
Description: Host Process for Windows Services
Product: Microsoft® Windows® Operating System
Company: Microsoft Corporation
OriginalFileName: svchost.exe
CommandLine: C:\Windows\system32\svchost.exe -k wusvcs -p
CurrentDirectory: C:\Windows\system32\
User: NT AUTHORITY\SYSTEM
LogonGuid: {461f0bd2-2cdb-6354-e703-000000000000}
LogonId: 0x3E7
TerminalSessionId: 0
IntegrityLevel: System
Hashes: MD5=B7F884C1B74A263F746EE12A5F7C9F6A,SHA256=ADD683A6910ABBBF0E28B557FAD0BA998166394932AE2ACA069D9AA19EA8FE88,IMPHASH=247B9220E5D9B720A82B2C8B5069AD69
ParentProcessGuid: {00000000-0000-0000-0000-000000000000}
ParentProcessId: 644
ParentImage: -
ParentCommandLine: -
ParentUser: -","-","-","-","-","-","-","-","-","-","-","-","-","C:\Windows\system32\svchost.exe, -k, wusvcs, -p",4,"C:\Windows\system32\svchost.exe -k wusvcs -p","C:\Windows\system32\svchost.exe -k wusvcs -p","{461f0bd2-2e86-6354-ae00-000000001f00}","C:\Windows\System32\svchost.exe","C:\Windows\System32\svchost.exe",b7f884c1b74a263f746ee12a5f7c9f6a,add683a6910abbbf0e28b557fad0ba998166394932ae2aca069d9aa19ea8fe88,"svchost.exe","svchost.exe","-",1,"-","-","{00000000-0000-0000-0000-000000000000}","-","-","-","-",644,"Microsoft Corporation","Host Process for Windows Services","10.0.19041.1806 (WinBuild.160101.0800)",247b9220e5d9b720a82b2c8b5069ad69,"svchost.exe","Microsoft® Windows® Operating System",536,"-","-","C:\Windows\system32\","C:\Windows\system32\","-","-","-","-","-","-","add683a6910abbbf0e28b557fad0ba998166394932ae2aca069d9aa19ea8fe88, b7f884c1b74a263f746ee12a5f7c9f6a, 247b9220e5d9b720a82b2c8b5069ad69","-","-",SYSTEM,"-","-","NT AUTHORITY","-","S-1-5-18",SYSTEM,SYSTEM,"-",wineventlog,"Microsoft-Windows-Sysmon/Operational",victim,"Microsoft Corporation","-","Host Process for Windows Services","-","10.0.19041.1806 (WinBuild.160101.0800)",System,"{461f0bd2-2cdb-6354-e703-000000000000}",0x3e7,"-","-","-","Microsoft® Windows® Operating System","-","-","-","-","-","-","-","-",0,"-",1,"-","-",Info,"2,240","2,984","{5770385f-c22a-43e0-bf4c-06f5698ffbd9}","Microsoft-Windows-Sysmon",5198,"Process Create (rule: ProcessCreate)","NT AUTHORITY","S-1-5-18",SYSTEM,User,5
"Oct 23, 2022 @ 01:55:17.833",gUXWAIQBHC0TB3lJtpww,".ds-winlogbeat-8.2.3-2022.10.22-000001","-","25051d08-9df1-4629-b2c6-d1eeb5aa9cfd",victim,"b15c43c7-63a1-423e-901b-f1acc6401711",victim,winlogbeat,"8.2.3","-","-","-","-","-","-","-","1.12.0","Process Create (rule: ProcessCreate)",process,1,"Oct 23, 2022 @ 01:55:18.563","Oct 23, 2022 @ 01:56:22.190",event,sysmon,"-","Microsoft-Windows-Sysmon","-",start,"-","-","-","-","-","x86_64",victim,"461f0bd2-c182-413a-8a41-2a8e4accb4a9","fe80::4959:93ba:69a6:522d, 10.0.2.15, fe80::91a8:3d9e:36ba:f548, 172.19.96.10","08:00:27:7c:f3:ae, 08:00:27:22:f7:3c",victim,"19044.1889",windows,"10.0.19041.1889 (WinBuild.160101.0800)","Windows 10 Enterprise Evaluation","Windows 10 Enterprise Evaluation",windows,windows,"10.0",information,"Process Create:
RuleName: -
UtcTime: 2022-10-22 17:55:17.833
ProcessGuid: {461f0bd2-2e85-6354-ad00-000000001f00}
ProcessId: 3348
Image: C:\Windows\System32\taskhostw.exe
FileVersion: 10.0.19041.1865 (WinBuild.160101.0800)
Description: Host Process for Windows Tasks
Product: Microsoft® Windows® Operating System
Company: Microsoft Corporation
OriginalFileName: taskhostw.exe
CommandLine: taskhostw.exe Logon
CurrentDirectory: C:\Windows\system32\
User: VICTIM\Patricia Goh
LogonGuid: {461f0bd2-2d0d-6354-ef2b-030000000000}
LogonId: 0x32BEF
TerminalSessionId: 1
IntegrityLevel: High
Hashes: MD5=A00BF82660835224CD6606A248321C5D,SHA256=E63709209D09BC0247E785F075DDB28A98C348206109E2B8BA321AD958402728,IMPHASH=3A0C6863CDE566AF997DB2DEFFF9D924
ParentProcessGuid: {461f0bd2-2cdc-6354-1300-000000001f00}
ParentProcessId: 432
ParentImage: C:\Windows\System32\svchost.exe
ParentCommandLine: C:\Windows\system32\svchost.exe -k netsvcs -p
ParentUser: NT AUTHORITY\SYSTEM","-","-","-","-","-","-","-","-","-","-","-","-","taskhostw.exe, Logon",2,"taskhostw.exe Logon","taskhostw.exe Logon","{461f0bd2-2e85-6354-ad00-000000001f00}","C:\Windows\System32\taskhostw.exe","C:\Windows\System32\taskhostw.exe",a00bf82660835224cd6606a248321c5d,e63709209d09bc0247e785f075ddb28a98c348206109e2b8ba321ad958402728,"taskhostw.exe","taskhostw.exe","C:\Windows\system32\svchost.exe, -k, netsvcs, -p",4,"C:\Windows\system32\svchost.exe -k netsvcs -p","C:\Windows\system32\svchost.exe -k netsvcs -p","{461f0bd2-2cdc-6354-1300-000000001f00}","C:\Windows\System32\svchost.exe","C:\Windows\System32\svchost.exe","svchost.exe","svchost.exe",432,"Microsoft Corporation","Host Process for Windows Tasks","10.0.19041.1865 (WinBuild.160101.0800)",3a0c6863cde566af997db2defff9d924,"taskhostw.exe","Microsoft® Windows® Operating System",3348,"-","-","C:\Windows\system32\","C:\Windows\system32\","-","-","-","-","-","-","e63709209d09bc0247e785f075ddb28a98c348206109e2b8ba321ad958402728, a00bf82660835224cd6606a248321c5d, 3a0c6863cde566af997db2defff9d924","-","-","Patricia Goh","-","-",VICTIM,"-","S-1-5-18","Patricia Goh","Patricia Goh","-",wineventlog,"Microsoft-Windows-Sysmon/Operational",victim,"Microsoft Corporation","-","Host Process for Windows Tasks","-","10.0.19041.1865 (WinBuild.160101.0800)",High,"{461f0bd2-2d0d-6354-ef2b-030000000000}",0x32bef,"-","NT AUTHORITY\SYSTEM","-","Microsoft® Windows® Operating System","-","-","-","-","-","-","-","-",1,"-",1,"-","-",Info,"2,240","2,984","{5770385f-c22a-43e0-bf4c-06f5698ffbd9}","Microsoft-Windows-Sysmon",5197,"Process Create (rule: ProcessCreate)","NT AUTHORITY","S-1-5-18",SYSTEM,User,5
"Oct 23, 2022 @ 01:55:16.149",fkXWAIQBHC0TB3lJtpww,".ds-winlogbeat-8.2.3-2022.10.22-000001","-","25051d08-9df1-4629-b2c6-d1eeb5aa9cfd",victim,"b15c43c7-63a1-423e-901b-f1acc6401711",victim,winlogbeat,"8.2.3","-","-","-","-","-","-","-","1.12.0","Process Create (rule: ProcessCreate)",process,1,"Oct 23, 2022 @ 01:55:18.476","Oct 23, 2022 @ 01:56:22.189",event,sysmon,"-","Microsoft-Windows-Sysmon","-",start,"-","-","-","-","-","x86_64",victim,"461f0bd2-c182-413a-8a41-2a8e4accb4a9","fe80::4959:93ba:69a6:522d, 10.0.2.15, fe80::91a8:3d9e:36ba:f548, 172.19.96.10","08:00:27:7c:f3:ae, 08:00:27:22:f7:3c",victim,"19044.1889",windows,"10.0.19041.1889 (WinBuild.160101.0800)","Windows 10 Enterprise Evaluation","Windows 10 Enterprise Evaluation",windows,windows,"10.0",information,"Process Create:
RuleName: -
UtcTime: 2022-10-22 17:55:16.149
ProcessGuid: {461f0bd2-2e84-6354-ab00-000000001f00}
ProcessId: 5924
Image: C:\Windows\System32\dwm.exe
FileVersion: 10.0.19041.746 (WinBuild.160101.0800)
Description: Desktop Window Manager
Product: Microsoft® Windows® Operating System
Company: Microsoft Corporation
OriginalFileName: dwm.exe
CommandLine: ""dwm.exe""
CurrentDirectory: C:\Windows\system32\
User: Window Manager\DWM-2
LogonGuid: {461f0bd2-2e84-6354-add5-110000000000}
LogonId: 0x11D5AD
TerminalSessionId: 2
IntegrityLevel: System
Hashes: MD5=5C27608411832C5B39BA04E33D53536C,SHA256=0AC827C9E35CDAA492DDD435079415805DCC276352112B040BCD34EF122CF565,IMPHASH=154ED7B525A399CB7070EB8FD0DFC4DE
ParentProcessGuid: {461f0bd2-2e83-6354-a700-000000001f00}
ParentProcessId: 5752
ParentImage: C:\Windows\System32\winlogon.exe
ParentCommandLine: winlogon.exe
ParentUser: NT AUTHORITY\SYSTEM","-","-","-","-","-","-","-","-","-","-","-","-","dwm.exe",1,"""dwm.exe""","""dwm.exe""","{461f0bd2-2e84-6354-ab00-000000001f00}","C:\Windows\System32\dwm.exe","C:\Windows\System32\dwm.exe",5c27608411832c5b39ba04e33d53536c,0ac827c9e35cdaa492ddd435079415805dcc276352112b040bcd34ef122cf565,"dwm.exe","dwm.exe","winlogon.exe",1,"winlogon.exe","winlogon.exe","{461f0bd2-2e83-6354-a700-000000001f00}","C:\Windows\System32\winlogon.exe","C:\Windows\System32\winlogon.exe","winlogon.exe","winlogon.exe",5752,"Microsoft Corporation","Desktop Window Manager","10.0.19041.746 (WinBuild.160101.0800)",154ed7b525a399cb7070eb8fd0dfc4de,"dwm.exe","Microsoft® Windows® Operating System",5924,"-","-","C:\Windows\system32\","C:\Windows\system32\","-","-","-","-","-","-","0ac827c9e35cdaa492ddd435079415805dcc276352112b040bcd34ef122cf565, 5c27608411832c5b39ba04e33d53536c, 154ed7b525a399cb7070eb8fd0dfc4de","-","-","DWM-2","-","-","Window Manager","-","S-1-5-18","DWM-2","DWM-2","-",wineventlog,"Microsoft-Windows-Sysmon/Operational",victim,"Microsoft Corporation","-","Desktop Window Manager","-","10.0.19041.746 (WinBuild.160101.0800)",System,"{461f0bd2-2e84-6354-add5-110000000000}",0x11d5ad,"-","NT AUTHORITY\SYSTEM","-","Microsoft® Windows® Operating System","-","-","-","-","-","-","-","-",2,"-",1,"-","-",Info,"2,240","2,984","{5770385f-c22a-43e0-bf4c-06f5698ffbd9}","Microsoft-Windows-Sysmon",5194,"Process Create (rule: ProcessCreate)","NT AUTHORITY","S-1-5-18",SYSTEM,User,5
"Oct 23, 2022 @ 01:55:16.144",fUXWAIQBHC0TB3lJtpww,".ds-winlogbeat-8.2.3-2022.10.22-000001","-","25051d08-9df1-4629-b2c6-d1eeb5aa9cfd",victim,"b15c43c7-63a1-423e-901b-f1acc6401711",victim,winlogbeat,"8.2.3","-","-","-","-","-","-","-","1.12.0","Process Create (rule: ProcessCreate)",process,1,"Oct 23, 2022 @ 01:55:18.476","Oct 23, 2022 @ 01:56:22.189",event,sysmon,"-","Microsoft-Windows-Sysmon","-",start,"-","-","-","-","-","x86_64",victim,"461f0bd2-c182-413a-8a41-2a8e4accb4a9","fe80::4959:93ba:69a6:522d, 10.0.2.15, fe80::91a8:3d9e:36ba:f548, 172.19.96.10","08:00:27:7c:f3:ae, 08:00:27:22:f7:3c",victim,"19044.1889",windows,"10.0.19041.1889 (WinBuild.160101.0800)","Windows 10 Enterprise Evaluation","Windows 10 Enterprise Evaluation",windows,windows,"10.0",information,"Process Create:
RuleName: -
UtcTime: 2022-10-22 17:55:16.144
ProcessGuid: {461f0bd2-2e84-6354-aa00-000000001f00}
ProcessId: 5688
Image: C:\Windows\System32\LogonUI.exe
FileVersion: 10.0.19041.1 (WinBuild.160101.0800)
Description: Windows Logon User Interface Host
Product: Microsoft® Windows® Operating System
Company: Microsoft Corporation
OriginalFileName: logonui.exe
CommandLine: ""LogonUI.exe"" /flags:0x2 /state0:0xa3ecb055 /state1:0x41c64e6d
CurrentDirectory: C:\Windows\system32\
User: NT AUTHORITY\SYSTEM
LogonGuid: {461f0bd2-2cdb-6354-e703-000000000000}
LogonId: 0x3E7
TerminalSessionId: 2
IntegrityLevel: System
Hashes: MD5=893144FE49AA16124B5BD3034E79BBC6,SHA256=CF01E46C146699F6C0E3DD447043F59BC9438DBBCB9563AF6C60EBC6D82727F2,IMPHASH=B9B0B64B08B38276711093CA94348D39
ParentProcessGuid: {461f0bd2-2e83-6354-a700-000000001f00}
ParentProcessId: 5752
ParentImage: C:\Windows\System32\winlogon.exe
ParentCommandLine: winlogon.exe
ParentUser: NT AUTHORITY\SYSTEM","-","-","-","-","-","-","-","-","-","-","-","-","LogonUI.exe, /flags:0x2, /state0:0xa3ecb055, /state1:0x41c64e6d",4,"""LogonUI.exe"" /flags:0x2 /state0:0xa3ecb055 /state1:0x41c64e6d","""LogonUI.exe"" /flags:0x2 /state0:0xa3ecb055 /state1:0x41c64e6d","{461f0bd2-2e84-6354-aa00-000000001f00}","C:\Windows\System32\LogonUI.exe","C:\Windows\System32\LogonUI.exe",893144fe49aa16124b5bd3034e79bbc6,cf01e46c146699f6c0e3dd447043f59bc9438dbbcb9563af6c60ebc6d82727f2,"LogonUI.exe","LogonUI.exe","winlogon.exe",1,"winlogon.exe","winlogon.exe","{461f0bd2-2e83-6354-a700-000000001f00}","C:\Windows\System32\winlogon.exe","C:\Windows\System32\winlogon.exe","winlogon.exe","winlogon.exe",5752,"Microsoft Corporation","Windows Logon User Interface Host","10.0.19041.1 (WinBuild.160101.0800)",b9b0b64b08b38276711093ca94348d39,"logonui.exe","Microsoft® Windows® Operating System",5688,"-","-","C:\Windows\system32\","C:\Windows\system32\","-","-","-","-","-","-","cf01e46c146699f6c0e3dd447043f59bc9438dbbcb9563af6c60ebc6d82727f2, 893144fe49aa16124b5bd3034e79bbc6, b9b0b64b08b38276711093ca94348d39","-","-",SYSTEM,"-","-","NT AUTHORITY","-","S-1-5-18",SYSTEM,SYSTEM,"-",wineventlog,"Microsoft-Windows-Sysmon/Operational",victim,"Microsoft Corporation","-","Windows Logon User Interface Host","-","10.0.19041.1 (WinBuild.160101.0800)",System,"{461f0bd2-2cdb-6354-e703-000000000000}",0x3e7,"-","NT AUTHORITY\SYSTEM","-","Microsoft® Windows® Operating System","-","-","-","-","-","-","-","-",2,"-",1,"-","-",Info,"2,240","2,984","{5770385f-c22a-43e0-bf4c-06f5698ffbd9}","Microsoft-Windows-Sysmon",5193,"Process Create (rule: ProcessCreate)","NT AUTHORITY","S-1-5-18",SYSTEM,User,5
"Oct 23, 2022 @ 01:55:16.118",fEXWAIQBHC0TB3lJtpww,".ds-winlogbeat-8.2.3-2022.10.22-000001","-","25051d08-9df1-4629-b2c6-d1eeb5aa9cfd",victim,"b15c43c7-63a1-423e-901b-f1acc6401711",victim,winlogbeat,"8.2.3","-","-","-","-","-","-","-","1.12.0","Process Create (rule: ProcessCreate)",process,1,"Oct 23, 2022 @ 01:55:18.476","Oct 23, 2022 @ 01:56:22.188",event,sysmon,"-","Microsoft-Windows-Sysmon","-",start,"-","-","-","-","-","x86_64",victim,"461f0bd2-c182-413a-8a41-2a8e4accb4a9","fe80::4959:93ba:69a6:522d, 10.0.2.15, fe80::91a8:3d9e:36ba:f548, 172.19.96.10","08:00:27:7c:f3:ae, 08:00:27:22:f7:3c",victim,"19044.1889",windows,"10.0.19041.1889 (WinBuild.160101.0800)","Windows 10 Enterprise Evaluation","Windows 10 Enterprise Evaluation",windows,windows,"10.0",information,"Process Create:
RuleName: -
UtcTime: 2022-10-22 17:55:16.118
ProcessGuid: {461f0bd2-2e84-6354-a900-000000001f00}
ProcessId: 3276
Image: C:\Windows\System32\taskhostw.exe
FileVersion: 10.0.19041.1865 (WinBuild.160101.0800)
Description: Host Process for Windows Tasks
Product: Microsoft® Windows® Operating System
Company: Microsoft Corporation
OriginalFileName: taskhostw.exe
CommandLine: taskhostw.exe KEYROAMING
CurrentDirectory: C:\Windows\system32\
User: VICTIM\Patricia Goh
LogonGuid: {461f0bd2-2d0d-6354-ef2b-030000000000}
LogonId: 0x32BEF
TerminalSessionId: 1
IntegrityLevel: High
Hashes: MD5=A00BF82660835224CD6606A248321C5D,SHA256=E63709209D09BC0247E785F075DDB28A98C348206109E2B8BA321AD958402728,IMPHASH=3A0C6863CDE566AF997DB2DEFFF9D924
ParentProcessGuid: {461f0bd2-2cdc-6354-1300-000000001f00}
ParentProcessId: 432
ParentImage: C:\Windows\System32\svchost.exe
ParentCommandLine: C:\Windows\system32\svchost.exe -k netsvcs -p
ParentUser: NT AUTHORITY\SYSTEM","-","-","-","-","-","-","-","-","-","-","-","-","taskhostw.exe, KEYROAMING",2,"taskhostw.exe KEYROAMING","taskhostw.exe KEYROAMING","{461f0bd2-2e84-6354-a900-000000001f00}","C:\Windows\System32\taskhostw.exe","C:\Windows\System32\taskhostw.exe",a00bf82660835224cd6606a248321c5d,e63709209d09bc0247e785f075ddb28a98c348206109e2b8ba321ad958402728,"taskhostw.exe","taskhostw.exe","C:\Windows\system32\svchost.exe, -k, netsvcs, -p",4,"C:\Windows\system32\svchost.exe -k netsvcs -p","C:\Windows\system32\svchost.exe -k netsvcs -p","{461f0bd2-2cdc-6354-1300-000000001f00}","C:\Windows\System32\svchost.exe","C:\Windows\System32\svchost.exe","svchost.exe","svchost.exe",432,"Microsoft Corporation","Host Process for Windows Tasks","10.0.19041.1865 (WinBuild.160101.0800)",3a0c6863cde566af997db2defff9d924,"taskhostw.exe","Microsoft® Windows® Operating System",3276,"-","-","C:\Windows\system32\","C:\Windows\system32\","-","-","-","-","-","-","e63709209d09bc0247e785f075ddb28a98c348206109e2b8ba321ad958402728, a00bf82660835224cd6606a248321c5d, 3a0c6863cde566af997db2defff9d924","-","-","Patricia Goh","-","-",VICTIM,"-","S-1-5-18","Patricia Goh","Patricia Goh","-",wineventlog,"Microsoft-Windows-Sysmon/Operational",victim,"Microsoft Corporation","-","Host Process for Windows Tasks","-","10.0.19041.1865 (WinBuild.160101.0800)",High,"{461f0bd2-2d0d-6354-ef2b-030000000000}",0x32bef,"-","NT AUTHORITY\SYSTEM","-","Microsoft® Windows® Operating System","-","-","-","-","-","-","-","-",1,"-",1,"-","-",Info,"2,240","2,984","{5770385f-c22a-43e0-bf4c-06f5698ffbd9}","Microsoft-Windows-Sysmon",5192,"Process Create (rule: ProcessCreate)","NT AUTHORITY","S-1-5-18",SYSTEM,User,5
"Oct 23, 2022 @ 01:55:15.119",e0XWAIQBHC0TB3lJtpww,".ds-winlogbeat-8.2.3-2022.10.22-000001","-","25051d08-9df1-4629-b2c6-d1eeb5aa9cfd",victim,"b15c43c7-63a1-423e-901b-f1acc6401711",victim,winlogbeat,"8.2.3","-","-","-","-","-","-","-","1.12.0","Process Create (rule: ProcessCreate)",process,1,"Oct 23, 2022 @ 01:55:18.476","Oct 23, 2022 @ 01:56:22.188",event,sysmon,"-","Microsoft-Windows-Sysmon","-",start,"-","-","-","-","-","x86_64",victim,"461f0bd2-c182-413a-8a41-2a8e4accb4a9","fe80::4959:93ba:69a6:522d, 10.0.2.15, fe80::91a8:3d9e:36ba:f548, 172.19.96.10","08:00:27:7c:f3:ae, 08:00:27:22:f7:3c",victim,"19044.1889",windows,"10.0.19041.1889 (WinBuild.160101.0800)","Windows 10 Enterprise Evaluation","Windows 10 Enterprise Evaluation",windows,windows,"10.0",information,"Process Create:
RuleName: -
UtcTime: 2022-10-22 17:55:15.119
ProcessGuid: {461f0bd2-2e83-6354-a700-000000001f00}
ProcessId: 5752
Image: C:\Windows\System32\winlogon.exe
FileVersion: 10.0.19041.1865 (WinBuild.160101.0800)
Description: Windows Logon Application
Product: Microsoft® Windows® Operating System
Company: Microsoft Corporation
OriginalFileName: WINLOGON.EXE
CommandLine: winlogon.exe
CurrentDirectory: C:\Windows\system32\
User: NT AUTHORITY\SYSTEM
LogonGuid: {461f0bd2-2cdb-6354-e703-000000000000}
LogonId: 0x3E7
TerminalSessionId: 2
IntegrityLevel: System
Hashes: MD5=F8B41A1B3E569E7E6F990567F21DCE97,SHA256=D90D8D9A6B60071347891B312DF0AE13E5CF40BC554EC75BCA2F2444C589F1E5,IMPHASH=C399754881779489CBD0F5D180C41465
ParentProcessGuid: {461f0bd2-2e82-6354-a500-000000001f00}
ParentProcessId: 6040
ParentImage: C:\Windows\System32\smss.exe
ParentCommandLine: \SystemRoot\System32\smss.exe 000000e0 00000084 
ParentUser: NT AUTHORITY\SYSTEM","-","-","-","-","-","-","-","-","-","-","-","-","winlogon.exe",1,"winlogon.exe","winlogon.exe","{461f0bd2-2e83-6354-a700-000000001f00}","C:\Windows\System32\winlogon.exe","C:\Windows\System32\winlogon.exe",f8b41a1b3e569e7e6f990567f21dce97,d90d8d9a6b60071347891b312df0ae13e5cf40bc554ec75bca2f2444c589f1e5,"winlogon.exe","winlogon.exe","\SystemRoot\System32\smss.exe, 000000e0, 00000084",3,"\SystemRoot\System32\smss.exe 000000e0 00000084 ","\SystemRoot\System32\smss.exe 000000e0 00000084 ","{461f0bd2-2e82-6354-a500-000000001f00}","C:\Windows\System32\smss.exe","C:\Windows\System32\smss.exe","smss.exe","smss.exe",6040,"Microsoft Corporation","Windows Logon Application","10.0.19041.1865 (WinBuild.160101.0800)",c399754881779489cbd0f5d180c41465,"WINLOGON.EXE","Microsoft® Windows® Operating System",5752,"-","-","C:\Windows\system32\","C:\Windows\system32\","-","-","-","-","-","-","d90d8d9a6b60071347891b312df0ae13e5cf40bc554ec75bca2f2444c589f1e5, f8b41a1b3e569e7e6f990567f21dce97, c399754881779489cbd0f5d180c41465","-","-",SYSTEM,"-","-","NT AUTHORITY","-","S-1-5-18",SYSTEM,SYSTEM,"-",wineventlog,"Microsoft-Windows-Sysmon/Operational",victim,"Microsoft Corporation","-","Windows Logon Application","-","10.0.19041.1865 (WinBuild.160101.0800)",System,"{461f0bd2-2cdb-6354-e703-000000000000}",0x3e7,"-","NT AUTHORITY\SYSTEM","-","Microsoft® Windows® Operating System","-","-","-","-","-","-","-","-",2,"-",1,"-","-",Info,"2,240","2,984","{5770385f-c22a-43e0-bf4c-06f5698ffbd9}","Microsoft-Windows-Sysmon",5191,"Process Create (rule: ProcessCreate)","NT AUTHORITY","S-1-5-18",SYSTEM,User,5
"Oct 23, 2022 @ 01:55:14.929",ekXWAIQBHC0TB3lJtpww,".ds-winlogbeat-8.2.3-2022.10.22-000001","-","25051d08-9df1-4629-b2c6-d1eeb5aa9cfd",victim,"b15c43c7-63a1-423e-901b-f1acc6401711",victim,winlogbeat,"8.2.3","-","-","-","-","-","-","-","1.12.0","Process Create (rule: ProcessCreate)",process,1,"Oct 23, 2022 @ 01:55:18.476","Oct 23, 2022 @ 01:56:22.188",event,sysmon,"-","Microsoft-Windows-Sysmon","-",start,"-","-","-","-","-","x86_64",victim,"461f0bd2-c182-413a-8a41-2a8e4accb4a9","fe80::4959:93ba:69a6:522d, 10.0.2.15, fe80::91a8:3d9e:36ba:f548, 172.19.96.10","08:00:27:7c:f3:ae, 08:00:27:22:f7:3c",victim,"19044.1889",windows,"10.0.19041.1889 (WinBuild.160101.0800)","Windows 10 Enterprise Evaluation","Windows 10 Enterprise Evaluation",windows,windows,"10.0",information,"Process Create:
RuleName: -
UtcTime: 2022-10-22 17:55:14.929
ProcessGuid: {461f0bd2-2e82-6354-a600-000000001f00}
ProcessId: 3096
Image: C:\Windows\System32\csrss.exe
FileVersion: 10.0.19041.546 (WinBuild.160101.0800)
Description: Client Server Runtime Process
Product: Microsoft® Windows® Operating System
Company: Microsoft Corporation
OriginalFileName: CSRSS.Exe
CommandLine: %%SystemRoot%%\system32\csrss.exe ObjectDirectory=\Windows SharedSection=1024,20480,768 Windows=On SubSystemType=Windows ServerDll=basesrv,1 ServerDll=winsrv:UserServerDllInitialization,3 ServerDll=sxssrv,4 ProfileControl=Off MaxRequestThreads=16
CurrentDirectory: C:\Windows\system32\
User: NT AUTHORITY\SYSTEM
LogonGuid: {461f0bd2-2cdb-6354-e703-000000000000}
LogonId: 0x3E7
TerminalSessionId: 2
IntegrityLevel: System
Hashes: MD5=72565E7A0145E0657E586F6CF7696DC7,SHA256=6F1C9B4C187669BC0371260D121CAF48D65F829A9104C483BEFBD8FC0BED24F5,IMPHASH=A96FA9912E09E361274AD77F1A4B252C
ParentProcessGuid: {461f0bd2-2e82-6354-a500-000000001f00}
ParentProcessId: 6040
ParentImage: C:\Windows\System32\smss.exe
ParentCommandLine: \SystemRoot\System32\smss.exe 000000e0 00000084 
ParentUser: NT AUTHORITY\SYSTEM","-","-","-","-","-","-","-","-","-","-","-","-","%%SystemRoot%%\system32\csrss.exe, ObjectDirectory=\Windows, SharedSection=1024,20480,768, Windows=On, SubSystemType=Windows, ServerDll=basesrv,1, ServerDll=winsrv:UserServerDllInitialization,3, ServerDll=sxssrv,4, ProfileControl=Off, MaxRequestThreads=16",10,"%%SystemRoot%%\system32\csrss.exe ObjectDirectory=\Windows SharedSection=1024,20480,768 Windows=On SubSystemType=Windows ServerDll=basesrv,1 ServerDll=winsrv:UserServerDllInitialization,3 ServerDll=sxssrv,4 ProfileControl=Off MaxRequestThreads=16","%%SystemRoot%%\system32\csrss.exe ObjectDirectory=\Windows SharedSection=1024,20480,768 Windows=On SubSystemType=Windows ServerDll=basesrv,1 ServerDll=winsrv:UserServerDllInitialization,3 ServerDll=sxssrv,4 ProfileControl=Off MaxRequestThreads=16","{461f0bd2-2e82-6354-a600-000000001f00}","C:\Windows\System32\csrss.exe","C:\Windows\System32\csrss.exe",72565e7a0145e0657e586f6cf7696dc7,6f1c9b4c187669bc0371260d121caf48d65f829a9104c483befbd8fc0bed24f5,"csrss.exe","csrss.exe","\SystemRoot\System32\smss.exe, 000000e0, 00000084",3,"\SystemRoot\System32\smss.exe 000000e0 00000084 ","\SystemRoot\System32\smss.exe 000000e0 00000084 ","{461f0bd2-2e82-6354-a500-000000001f00}","C:\Windows\System32\smss.exe","C:\Windows\System32\smss.exe","smss.exe","smss.exe",6040,"Microsoft Corporation","Client Server Runtime Process","10.0.19041.546 (WinBuild.160101.0800)",a96fa9912e09e361274ad77f1a4b252c,"CSRSS.Exe","Microsoft® Windows® Operating System",3096,"-","-","C:\Windows\system32\","C:\Windows\system32\","-","-","-","-","-","-","6f1c9b4c187669bc0371260d121caf48d65f829a9104c483befbd8fc0bed24f5, 72565e7a0145e0657e586f6cf7696dc7, a96fa9912e09e361274ad77f1a4b252c","-","-",SYSTEM,"-","-","NT AUTHORITY","-","S-1-5-18",SYSTEM,SYSTEM,"-",wineventlog,"Microsoft-Windows-Sysmon/Operational",victim,"Microsoft Corporation","-","Client Server Runtime Process","-","10.0.19041.546 (WinBuild.160101.0800)",System,"{461f0bd2-2cdb-6354-e703-000000000000}",0x3e7,"-","NT AUTHORITY\SYSTEM","-","Microsoft® Windows® Operating System","-","-","-","-","-","-","-","-",2,"-",1,"-","-",Info,"2,240","2,984","{5770385f-c22a-43e0-bf4c-06f5698ffbd9}","Microsoft-Windows-Sysmon",5190,"Process Create (rule: ProcessCreate)","NT AUTHORITY","S-1-5-18",SYSTEM,User,5
"Oct 23, 2022 @ 01:55:14.755",eUXWAIQBHC0TB3lJtpww,".ds-winlogbeat-8.2.3-2022.10.22-000001","-","25051d08-9df1-4629-b2c6-d1eeb5aa9cfd",victim,"b15c43c7-63a1-423e-901b-f1acc6401711",victim,winlogbeat,"8.2.3","-","-","-","-","-","-","-","1.12.0","Process Create (rule: ProcessCreate)",process,1,"Oct 23, 2022 @ 01:55:18.476","Oct 23, 2022 @ 01:56:22.187",event,sysmon,"-","Microsoft-Windows-Sysmon","-",start,"-","-","-","-","-","x86_64",victim,"461f0bd2-c182-413a-8a41-2a8e4accb4a9","fe80::4959:93ba:69a6:522d, 10.0.2.15, fe80::91a8:3d9e:36ba:f548, 172.19.96.10","08:00:27:7c:f3:ae, 08:00:27:22:f7:3c",victim,"19044.1889",windows,"10.0.19041.1889 (WinBuild.160101.0800)","Windows 10 Enterprise Evaluation","Windows 10 Enterprise Evaluation",windows,windows,"10.0",information,"Process Create:
RuleName: -
UtcTime: 2022-10-22 17:55:14.755
ProcessGuid: {461f0bd2-2e82-6354-a500-000000001f00}
ProcessId: 6040
Image: C:\Windows\System32\smss.exe
FileVersion: 10.0.19041.964 (WinBuild.160101.0800)
Description: Windows Session Manager
Product: Microsoft® Windows® Operating System
Company: Microsoft Corporation
OriginalFileName: smss.exe
CommandLine: \SystemRoot\System32\smss.exe 000000e0 00000084 
CurrentDirectory: C:\Windows\
User: NT AUTHORITY\SYSTEM
LogonGuid: {461f0bd2-2cdb-6354-e703-000000000000}
LogonId: 0x3E7
TerminalSessionId: 2
IntegrityLevel: System
Hashes: MD5=2C3F91BB4C0994A7B36ED0B6B14EC9C7,SHA256=56AFE5133FDC5806EC6B19436F7B55F1499CFC94619740C171424FBCF7808FD3,IMPHASH=67B500D64F6BDF6FFD6C4F7F4DE9FDA6
ParentProcessGuid: {00000000-0000-0000-0000-000000000000}
ParentProcessId: 328
ParentImage: -
ParentCommandLine: -
ParentUser: -","-","-","-","-","-","-","-","-","-","-","-","-","\SystemRoot\System32\smss.exe, 000000e0, 00000084",3,"\SystemRoot\System32\smss.exe 000000e0 00000084 ","\SystemRoot\System32\smss.exe 000000e0 00000084 ","{461f0bd2-2e82-6354-a500-000000001f00}","C:\Windows\System32\smss.exe","C:\Windows\System32\smss.exe",2c3f91bb4c0994a7b36ed0b6b14ec9c7,56afe5133fdc5806ec6b19436f7b55f1499cfc94619740c171424fbcf7808fd3,"smss.exe","smss.exe","-",1,"-","-","{00000000-0000-0000-0000-000000000000}","-","-","-","-",328,"Microsoft Corporation","Windows Session Manager","10.0.19041.964 (WinBuild.160101.0800)",67b500d64f6bdf6ffd6c4f7f4de9fda6,"smss.exe","Microsoft® Windows® Operating System",6040,"-","-","C:\Windows\","C:\Windows\","-","-","-","-","-","-","56afe5133fdc5806ec6b19436f7b55f1499cfc94619740c171424fbcf7808fd3, 2c3f91bb4c0994a7b36ed0b6b14ec9c7, 67b500d64f6bdf6ffd6c4f7f4de9fda6","-","-",SYSTEM,"-","-","NT AUTHORITY","-","S-1-5-18",SYSTEM,SYSTEM,"-",wineventlog,"Microsoft-Windows-Sysmon/Operational",victim,"Microsoft Corporation","-","Windows Session Manager","-","10.0.19041.964 (WinBuild.160101.0800)",System,"{461f0bd2-2cdb-6354-e703-000000000000}",0x3e7,"-","-","-","Microsoft® Windows® Operating System","-","-","-","-","-","-","-","-",2,"-",1,"-","-",Info,"2,240","2,984","{5770385f-c22a-43e0-bf4c-06f5698ffbd9}","Microsoft-Windows-Sysmon",5189,"Process Create (rule: ProcessCreate)","NT AUTHORITY","S-1-5-18",SYSTEM,User,5
"Oct 23, 2022 @ 01:55:14.752",eEXWAIQBHC0TB3lJtpww,".ds-winlogbeat-8.2.3-2022.10.22-000001","-","25051d08-9df1-4629-b2c6-d1eeb5aa9cfd",victim,"b15c43c7-63a1-423e-901b-f1acc6401711",victim,winlogbeat,"8.2.3","-","-","-","-","-","-","-","1.12.0","Process Create (rule: ProcessCreate)",process,1,"Oct 23, 2022 @ 01:55:18.476","Oct 23, 2022 @ 01:56:22.187",event,sysmon,"-","Microsoft-Windows-Sysmon","-",start,"-","-","-","-","-","x86_64",victim,"461f0bd2-c182-413a-8a41-2a8e4accb4a9","fe80::4959:93ba:69a6:522d, 10.0.2.15, fe80::91a8:3d9e:36ba:f548, 172.19.96.10","08:00:27:7c:f3:ae, 08:00:27:22:f7:3c",victim,"19044.1889",windows,"10.0.19041.1889 (WinBuild.160101.0800)","Windows 10 Enterprise Evaluation","Windows 10 Enterprise Evaluation",windows,windows,"10.0",information,"Process Create:
RuleName: -
UtcTime: 2022-10-22 17:55:14.752
ProcessGuid: {461f0bd2-2e82-6354-a400-000000001f00}
ProcessId: 4348
Image: C:\Windows\System32\LogonUI.exe
FileVersion: 10.0.19041.1 (WinBuild.160101.0800)
Description: Windows Logon User Interface Host
Product: Microsoft® Windows® Operating System
Company: Microsoft Corporation
OriginalFileName: logonui.exe
CommandLine: ""LogonUI.exe"" /flags:0x0 /state0:0xa3ec6055 /state1:0x41c64e6d
CurrentDirectory: C:\Windows\system32\
User: NT AUTHORITY\SYSTEM
LogonGuid: {461f0bd2-2cdb-6354-e703-000000000000}
LogonId: 0x3E7
TerminalSessionId: 1
IntegrityLevel: System
Hashes: MD5=893144FE49AA16124B5BD3034E79BBC6,SHA256=CF01E46C146699F6C0E3DD447043F59BC9438DBBCB9563AF6C60EBC6D82727F2,IMPHASH=B9B0B64B08B38276711093CA94348D39
ParentProcessGuid: {00000000-0000-0000-0000-000000000000}
ParentProcessId: 588
ParentImage: -
ParentCommandLine: -
ParentUser: -","-","-","-","-","-","-","-","-","-","-","-","-","LogonUI.exe, /flags:0x0, /state0:0xa3ec6055, /state1:0x41c64e6d",4,"""LogonUI.exe"" /flags:0x0 /state0:0xa3ec6055 /state1:0x41c64e6d","""LogonUI.exe"" /flags:0x0 /state0:0xa3ec6055 /state1:0x41c64e6d","{461f0bd2-2e82-6354-a400-000000001f00}","C:\Windows\System32\LogonUI.exe","C:\Windows\System32\LogonUI.exe",893144fe49aa16124b5bd3034e79bbc6,cf01e46c146699f6c0e3dd447043f59bc9438dbbcb9563af6c60ebc6d82727f2,"LogonUI.exe","LogonUI.exe","-",1,"-","-","{00000000-0000-0000-0000-000000000000}","-","-","-","-",588,"Microsoft Corporation","Windows Logon User Interface Host","10.0.19041.1 (WinBuild.160101.0800)",b9b0b64b08b38276711093ca94348d39,"logonui.exe","Microsoft® Windows® Operating System",4348,"-","-","C:\Windows\system32\","C:\Windows\system32\","-","-","-","-","-","-","cf01e46c146699f6c0e3dd447043f59bc9438dbbcb9563af6c60ebc6d82727f2, 893144fe49aa16124b5bd3034e79bbc6, b9b0b64b08b38276711093ca94348d39","-","-",SYSTEM,"-","-","NT AUTHORITY","-","S-1-5-18",SYSTEM,SYSTEM,"-",wineventlog,"Microsoft-Windows-Sysmon/Operational",victim,"Microsoft Corporation","-","Windows Logon User Interface Host","-","10.0.19041.1 (WinBuild.160101.0800)",System,"{461f0bd2-2cdb-6354-e703-000000000000}",0x3e7,"-","-","-","Microsoft® Windows® Operating System","-","-","-","-","-","-","-","-",1,"-",1,"-","-",Info,"2,240","2,984","{5770385f-c22a-43e0-bf4c-06f5698ffbd9}","Microsoft-Windows-Sysmon",5188,"Process Create (rule: ProcessCreate)","NT AUTHORITY","S-1-5-18",SYSTEM,User,5
"Oct 23, 2022 @ 01:55:14.749",d0XWAIQBHC0TB3lJtpww,".ds-winlogbeat-8.2.3-2022.10.22-000001","-","25051d08-9df1-4629-b2c6-d1eeb5aa9cfd",victim,"b15c43c7-63a1-423e-901b-f1acc6401711",victim,winlogbeat,"8.2.3","-","-","-","-","-","-","-","1.12.0","Process Create (rule: ProcessCreate)",process,1,"Oct 23, 2022 @ 01:55:18.476","Oct 23, 2022 @ 01:56:22.186",event,sysmon,"-","Microsoft-Windows-Sysmon","-",start,"-","-","-","-","-","x86_64",victim,"461f0bd2-c182-413a-8a41-2a8e4accb4a9","fe80::4959:93ba:69a6:522d, 10.0.2.15, fe80::91a8:3d9e:36ba:f548, 172.19.96.10","08:00:27:7c:f3:ae, 08:00:27:22:f7:3c",victim,"19044.1889",windows,"10.0.19041.1889 (WinBuild.160101.0800)","Windows 10 Enterprise Evaluation","Windows 10 Enterprise Evaluation",windows,windows,"10.0",information,"Process Create:
RuleName: -
UtcTime: 2022-10-22 17:55:14.749
ProcessGuid: {461f0bd2-2e82-6354-a300-000000001f00}
ProcessId: 6008
Image: C:\Windows\System32\MoUsoCoreWorker.exe
FileVersion: 10.0.19041.1865 (WinBuild.160101.0800)
Description: MoUSO Core Worker Process
Product: Microsoft® Windows® Operating System
Company: Microsoft Corporation
OriginalFileName: MoUSOCoreWorker.exe
CommandLine: C:\Windows\System32\mousocoreworker.exe -Embedding
CurrentDirectory: C:\Windows\system32\
User: NT AUTHORITY\SYSTEM
LogonGuid: {461f0bd2-2cdb-6354-e703-000000000000}
LogonId: 0x3E7
TerminalSessionId: 0
IntegrityLevel: System
Hashes: MD5=929C20D5B38C2B08EE5FD4DA9A05A5CB,SHA256=D89A68C73B1EA6A4BE23E797A58B4946FC78FB10611FFA36520DA99301FD4821,IMPHASH=72789ABFBC08A24E6F6A23DE50B7DE6A
ParentProcessGuid: {00000000-0000-0000-0000-000000000000}
ParentProcessId: 780
ParentImage: -
ParentCommandLine: -
ParentUser: -","-","-","-","-","-","-","-","-","-","-","-","-","C:\Windows\System32\mousocoreworker.exe, -Embedding",2,"C:\Windows\System32\mousocoreworker.exe -Embedding","C:\Windows\System32\mousocoreworker.exe -Embedding","{461f0bd2-2e82-6354-a300-000000001f00}","C:\Windows\System32\MoUsoCoreWorker.exe","C:\Windows\System32\MoUsoCoreWorker.exe",929c20d5b38c2b08ee5fd4da9a05a5cb,d89a68c73b1ea6a4be23e797a58b4946fc78fb10611ffa36520da99301fd4821,"MoUsoCoreWorker.exe","MoUsoCoreWorker.exe","-",1,"-","-","{00000000-0000-0000-0000-000000000000}","-","-","-","-",780,"Microsoft Corporation","MoUSO Core Worker Process","10.0.19041.1865 (WinBuild.160101.0800)",72789abfbc08a24e6f6a23de50b7de6a,"MoUSOCoreWorker.exe","Microsoft® Windows® Operating System",6008,"-","-","C:\Windows\system32\","C:\Windows\system32\","-","-","-","-","-","-","d89a68c73b1ea6a4be23e797a58b4946fc78fb10611ffa36520da99301fd4821, 929c20d5b38c2b08ee5fd4da9a05a5cb, 72789abfbc08a24e6f6a23de50b7de6a","-","-",SYSTEM,"-","-","NT AUTHORITY","-","S-1-5-18",SYSTEM,SYSTEM,"-",wineventlog,"Microsoft-Windows-Sysmon/Operational",victim,"Microsoft Corporation","-","MoUSO Core Worker Process","-","10.0.19041.1865 (WinBuild.160101.0800)",System,"{461f0bd2-2cdb-6354-e703-000000000000}",0x3e7,"-","-","-","Microsoft® Windows® Operating System","-","-","-","-","-","-","-","-",0,"-",1,"-","-",Info,"2,240","2,984","{5770385f-c22a-43e0-bf4c-06f5698ffbd9}","Microsoft-Windows-Sysmon",5187,"Process Create (rule: ProcessCreate)","NT AUTHORITY","S-1-5-18",SYSTEM,User,5
"Oct 23, 2022 @ 01:55:00.262",cUXWAIQBHC0TB3lJj5y8,".ds-winlogbeat-8.2.3-2022.10.22-000001","-","25051d08-9df1-4629-b2c6-d1eeb5aa9cfd",victim,"b15c43c7-63a1-423e-901b-f1acc6401711",victim,winlogbeat,"8.2.3","-","-","-","-","-","-","-","1.12.0","File created (rule: FileCreate)",file,11,"Oct 23, 2022 @ 01:55:03.078","Oct 23, 2022 @ 01:56:12.347",event,sysmon,"-","Microsoft-Windows-Sysmon","-",creation,"C:\Users\AdministratorDB\Desktop",bat,"Perci.bat","C:\Users\AdministratorDB\Desktop\Perci.bat","C:\Users\AdministratorDB\Desktop\Perci.bat","x86_64",victim,"461f0bd2-c182-413a-8a41-2a8e4accb4a9","fe80::4959:93ba:69a6:522d, 10.0.2.15, fe80::91a8:3d9e:36ba:f548, 172.19.96.10","08:00:27:7c:f3:ae, 08:00:27:22:f7:3c",victim,"19044.1889",windows,"10.0.19041.1889 (WinBuild.160101.0800)","Windows 10 Enterprise Evaluation","Windows 10 Enterprise Evaluation",windows,windows,"10.0",information,"File created:
RuleName: -
UtcTime: 2022-10-22 17:55:00.262
ProcessGuid: {461f0bd2-2d14-6354-4100-000000001f00}
ProcessId: 3864
Image: C:\Windows\Explorer.EXE
TargetFilename: C:\Users\AdministratorDB\Desktop\Perci.bat
CreationUtcTime: 2022-10-22 17:55:00.262
User: VICTIM\Patricia Goh","-","-","-","-","-","-","-","-","-","-","-","-","-","-","-","-","{461f0bd2-2d14-6354-4100-000000001f00}","C:\Windows\Explorer.EXE","C:\Windows\Explorer.EXE","-","-","Explorer.EXE","Explorer.EXE","-","-","-","-","-","-","-","-","-","-","-","-","-","-","-","-",3864,"-","-","-","-","-","-","-","-","-","-","-","-","-","Patricia Goh","-","-",VICTIM,"-","S-1-5-18","Patricia Goh","Patricia Goh","-",wineventlog,"Microsoft-Windows-Sysmon/Operational",victim,"-","2022-10-22 17:55:00.262","-","-","-","-","-","-","-","-","-","-","-","-","-","-","-","-","-","-","-","-",11,"-","-",Info,"2,240","2,984","{5770385f-c22a-43e0-bf4c-06f5698ffbd9}","Microsoft-Windows-Sysmon",5186,"File created (rule: FileCreate)","NT AUTHORITY","S-1-5-18",SYSTEM,User,2
"Oct 23, 2022 @ 01:54:26.059",akXWAIQBHC0TB3lJNJxs,".ds-winlogbeat-8.2.3-2022.10.22-000001","-","25051d08-9df1-4629-b2c6-d1eeb5aa9cfd",victim,"b15c43c7-63a1-423e-901b-f1acc6401711",victim,winlogbeat,"8.2.3","-","-","-","-","-","-","-","1.12.0","Process Create (rule: ProcessCreate)",process,1,"Oct 23, 2022 @ 01:54:27.995","Oct 23, 2022 @ 01:55:48.971",event,sysmon,"-","Microsoft-Windows-Sysmon","-",start,"-","-","-","-","-","x86_64",victim,"461f0bd2-c182-413a-8a41-2a8e4accb4a9","fe80::4959:93ba:69a6:522d, 10.0.2.15, fe80::91a8:3d9e:36ba:f548, 172.19.96.10","08:00:27:7c:f3:ae, 08:00:27:22:f7:3c",victim,"19044.1889",windows,"10.0.19041.1889 (WinBuild.160101.0800)","Windows 10 Enterprise Evaluation","Windows 10 Enterprise Evaluation",windows,windows,"10.0",information,"Process Create:
RuleName: -
UtcTime: 2022-10-22 17:54:26.059
ProcessGuid: {461f0bd2-2e52-6354-9e00-000000001f00}
ProcessId: 4692
Image: C:\Windows\System32\SecurityHealthHost.exe
FileVersion: 4.18.1907.16384 (WinBuild.160101.0800)
Description: Windows Security Health Host
Product: Microsoft® Windows® Operating System
Company: Microsoft Corporation
OriginalFileName: SecurityHealthHost.exe
CommandLine: C:\Windows\System32\SecurityHealthHost.exe {08728914-3F57-4D52-9E31-49DAECA5A80A} -Embedding
CurrentDirectory: C:\Windows\system32\
User: VICTIM\Patricia Goh
LogonGuid: {461f0bd2-2d0d-6354-ef2b-030000000000}
LogonId: 0x32BEF
TerminalSessionId: 1
IntegrityLevel: High
Hashes: MD5=0F6FB7C2C061B307F165E49C5AFF51CA,SHA256=A328AAA9BB109814BA2CB1269EE83DB5E239BF045314D8D976B372BA539F01F9,IMPHASH=4E28FDA241BEFA94F219E0683850258F
ParentProcessGuid: {00000000-0000-0000-0000-000000000000}
ParentProcessId: 780
ParentImage: -
ParentCommandLine: -
ParentUser: -","-","-","-","-","-","-","-","-","-","-","-","-","C:\Windows\System32\SecurityHealthHost.exe, {08728914-3F57-4D52-9E31-49DAECA5A80A}, -Embedding",3,"C:\Windows\System32\SecurityHealthHost.exe {08728914-3F57-4D52-9E31-49DAECA5A80A} -Embedding","C:\Windows\System32\SecurityHealthHost.exe {08728914-3F57-4D52-9E31-49DAECA5A80A} -Embedding","{461f0bd2-2e52-6354-9e00-000000001f00}","C:\Windows\System32\SecurityHealthHost.exe","C:\Windows\System32\SecurityHealthHost.exe",0f6fb7c2c061b307f165e49c5aff51ca,a328aaa9bb109814ba2cb1269ee83db5e239bf045314d8d976b372ba539f01f9,"SecurityHealthHost.exe","SecurityHealthHost.exe","-",1,"-","-","{00000000-0000-0000-0000-000000000000}","-","-","-","-",780,"Microsoft Corporation","Windows Security Health Host","4.18.1907.16384 (WinBuild.160101.0800)",4e28fda241befa94f219e0683850258f,"SecurityHealthHost.exe","Microsoft® Windows® Operating System",4692,"-","-","C:\Windows\system32\","C:\Windows\system32\","-","-","-","-","-","-","a328aaa9bb109814ba2cb1269ee83db5e239bf045314d8d976b372ba539f01f9, 0f6fb7c2c061b307f165e49c5aff51ca, 4e28fda241befa94f219e0683850258f","-","-","Patricia Goh","-","-",VICTIM,"-","S-1-5-18","Patricia Goh","Patricia Goh","-",wineventlog,"Microsoft-Windows-Sysmon/Operational",victim,"Microsoft Corporation","-","Windows Security Health Host","-","4.18.1907.16384 (WinBuild.160101.0800)",High,"{461f0bd2-2d0d-6354-ef2b-030000000000}",0x32bef,"-","-","-","Microsoft® Windows® Operating System","-","-","-","-","-","-","-","-",1,"-",1,"-","-",Info,"2,240","2,984","{5770385f-c22a-43e0-bf4c-06f5698ffbd9}","Microsoft-Windows-Sysmon",5182,"Process Create (rule: ProcessCreate)","NT AUTHORITY","S-1-5-18",SYSTEM,User,5
"Oct 23, 2022 @ 01:54:07.231",aUXWAIQBHC0TB3lJBJzE,".ds-winlogbeat-8.2.3-2022.10.22-000001","-","25051d08-9df1-4629-b2c6-d1eeb5aa9cfd",victim,"b15c43c7-63a1-423e-901b-f1acc6401711",victim,winlogbeat,"8.2.3","-","-","-","-","-","-","-","1.12.0","Process Create (rule: ProcessCreate)",process,1,"Oct 23, 2022 @ 01:54:09.698","Oct 23, 2022 @ 01:55:36.772",event,sysmon,"-","Microsoft-Windows-Sysmon","-",start,"-","-","-","-","-","x86_64",victim,"461f0bd2-c182-413a-8a41-2a8e4accb4a9","fe80::4959:93ba:69a6:522d, 10.0.2.15, fe80::91a8:3d9e:36ba:f548, 172.19.96.10","08:00:27:7c:f3:ae, 08:00:27:22:f7:3c",victim,"19044.1889",windows,"10.0.19041.1889 (WinBuild.160101.0800)","Windows 10 Enterprise Evaluation","Windows 10 Enterprise Evaluation",windows,windows,"10.0",information,"Process Create:
RuleName: -
UtcTime: 2022-10-22 17:54:07.231
ProcessGuid: {461f0bd2-2e3f-6354-9d00-000000001f00}
ProcessId: 5844
Image: C:\Windows\System32\wbem\WMIADAP.exe
FileVersion: 10.0.19041.1320 (WinBuild.160101.0800)
Description: WMI Reverse Performance Adapter Maintenance Utility
Product: Microsoft® Windows® Operating System
Company: Microsoft Corporation
OriginalFileName: wmicookr.dll
CommandLine: wmiadap.exe /F /T /R
CurrentDirectory: C:\Windows\system32\
User: NT AUTHORITY\SYSTEM
LogonGuid: {461f0bd2-2cdb-6354-e703-000000000000}
LogonId: 0x3E7
TerminalSessionId: 0
IntegrityLevel: System
Hashes: MD5=1BFFABBD200C850E6346820E92B915DC,SHA256=6C51C1968A7AD1B40251AD58F44602114888DB2859B1375E0BFFC7EB8C2C22E4,IMPHASH=367D299428703C9A9715504BFE071C97
ParentProcessGuid: {461f0bd2-2cdc-6354-1300-000000001f00}
ParentProcessId: 432
ParentImage: C:\Windows\System32\svchost.exe
ParentCommandLine: C:\Windows\system32\svchost.exe -k netsvcs -p
ParentUser: NT AUTHORITY\SYSTEM","-","-","-","-","-","-","-","-","-","-","-","-","wmiadap.exe, /F, /T, /R",4,"wmiadap.exe /F /T /R","wmiadap.exe /F /T /R","{461f0bd2-2e3f-6354-9d00-000000001f00}","C:\Windows\System32\wbem\WMIADAP.exe","C:\Windows\System32\wbem\WMIADAP.exe",1bffabbd200c850e6346820e92b915dc,6c51c1968a7ad1b40251ad58f44602114888db2859b1375e0bffc7eb8c2c22e4,"WMIADAP.exe","WMIADAP.exe","C:\Windows\system32\svchost.exe, -k, netsvcs, -p",4,"C:\Windows\system32\svchost.exe -k netsvcs -p","C:\Windows\system32\svchost.exe -k netsvcs -p","{461f0bd2-2cdc-6354-1300-000000001f00}","C:\Windows\System32\svchost.exe","C:\Windows\System32\svchost.exe","svchost.exe","svchost.exe",432,"Microsoft Corporation","WMI Reverse Performance Adapter Maintenance Utility","10.0.19041.1320 (WinBuild.160101.0800)",367d299428703c9a9715504bfe071c97,"wmicookr.dll","Microsoft® Windows® Operating System",5844,"-","-","C:\Windows\system32\","C:\Windows\system32\","-","-","-","-","-","-","6c51c1968a7ad1b40251ad58f44602114888db2859b1375e0bffc7eb8c2c22e4, 1bffabbd200c850e6346820e92b915dc, 367d299428703c9a9715504bfe071c97","-","-",SYSTEM,"-","-","NT AUTHORITY","-","S-1-5-18",SYSTEM,SYSTEM,"-",wineventlog,"Microsoft-Windows-Sysmon/Operational",victim,"Microsoft Corporation","-","WMI Reverse Performance Adapter Maintenance Utility","-","10.0.19041.1320 (WinBuild.160101.0800)",System,"{461f0bd2-2cdb-6354-e703-000000000000}",0x3e7,"-","NT AUTHORITY\SYSTEM","-","Microsoft® Windows® Operating System","-","-","-","-","-","-","-","-",0,"-",1,"-","-",Info,"2,240","2,984","{5770385f-c22a-43e0-bf4c-06f5698ffbd9}","Microsoft-Windows-Sysmon",5181,"Process Create (rule: ProcessCreate)","NT AUTHORITY","S-1-5-18",SYSTEM,User,5
"Oct 23, 2022 @ 01:53:28.685",ykXXAIQBHC0TB3lJIpwq,".ds-winlogbeat-8.2.3-2022.10.22-000001","-","25051d08-9df1-4629-b2c6-d1eeb5aa9cfd",victim,"b15c43c7-63a1-423e-901b-f1acc6401711",victim,winlogbeat,"8.2.3","cdn.onenote.net.edgekey.net, e1553.dspg.akamaiedge.net, 184.29.89.63","CNAME, CNAME, A","cdn.onenote.net","onenote.net",cdn,net,"184.29.89.63","1.12.0","Dns query (rule: DnsQuery)",network,22,"Oct 23, 2022 @ 01:55:59.227","Oct 23, 2022 @ 01:56:49.828",event,sysmon,"-","Microsoft-Windows-Sysmon","-","connection, protocol, info","-","-","-","-","-","x86_64",victim,"461f0bd2-c182-413a-8a41-2a8e4accb4a9","fe80::4959:93ba:69a6:522d, 10.0.2.15, fe80::91a8:3d9e:36ba:f548, 172.19.96.10","08:00:27:7c:f3:ae, 08:00:27:22:f7:3c",victim,"19044.1889",windows,"10.0.19041.1889 (WinBuild.160101.0800)","Windows 10 Enterprise Evaluation","Windows 10 Enterprise Evaluation",windows,windows,"10.0",information,"Dns query:
RuleName: -
UtcTime: 2022-10-22 17:53:28.685
ProcessGuid: {461f0bd2-2ea9-6354-b100-000000001f00}
ProcessId: 1672
QueryName: cdn.onenote.net
QueryStatus: 0
QueryResults: type:  5 cdn.onenote.net.edgekey.net;type:  5 e1553.dspg.akamaiedge.net;::ffff:184.29.89.63;
Image: C:\Windows\system32\svchost.exe
User: VICTIM\AdministratorDB",dns,"-","-","-","-","-","-","-","-","-","-","-","-","-","-","-","{461f0bd2-2ea9-6354-b100-000000001f00}","C:\Windows\system32\svchost.exe","C:\Windows\system32\svchost.exe","-","-","svchost.exe","svchost.exe","-","-","-","-","-","-","-","-","-","-","-","-","-","-","-","-",1672,"-","-","-","-","-","-","-","-","-","-","-","cdn.onenote.net.edgekey.net, e1553.dspg.akamaiedge.net, cdn.onenote.net","184.29.89.63",AdministratorDB,"-",SUCCESS,VICTIM,"-","S-1-5-18",AdministratorDB,AdministratorDB,"-",wineventlog,"Microsoft-Windows-Sysmon/Operational",victim,"-","-","-","-","-","-","-","-","-","-","-","-","-","-","-","-","-","-","-","-","-","-",22,"-","-",Info,"2,240","3,004","{5770385f-c22a-43e0-bf4c-06f5698ffbd9}","Microsoft-Windows-Sysmon",5248,"Dns query (rule: DnsQuery)","NT AUTHORITY","S-1-5-18",SYSTEM,User,5
