"Oct 23, 2022 @ 01:48:15.526",vEXTAIQBHC0TB3lJzJmU,".ds-winlogbeat-8.2.3-2022.10.22-000001","-","25051d08-9df1-4629-b2c6-d1eeb5aa9cfd",victim,"b15c43c7-63a1-423e-901b-f1acc6401711",victim,winlogbeat,"8.2.3","-","-","-","-","-","-","-","1.12.0","Process Create (rule: ProcessCreate)",process,1,"Oct 23, 2022 @ 01:50:31.584","Oct 23, 2022 @ 01:53:11.315",event,sysmon,"-","Microsoft-Windows-Sysmon","-",start,"-","-","-","-","-","x86_64",victim,"461f0bd2-c182-413a-8a41-2a8e4accb4a9","fe80::4959:93ba:69a6:522d, 10.0.2.15, fe80::91a8:3d9e:36ba:f548, 172.19.96.10","08:00:27:7c:f3:ae, 08:00:27:22:f7:3c",victim,"19044.1889",windows,"10.0.19041.1889 (WinBuild.160101.0800)","Windows 10 Enterprise Evaluation","Windows 10 Enterprise Evaluation",windows,windows,"10.0",information,"Process Create:
RuleName: -
UtcTime: 2022-10-22 17:48:15.526
ProcessGuid: {461f0bd2-2cdf-6354-2d00-000000001f00}
ProcessId: 2276
Image: C:\Program Files\winlogbeat\winlogbeat.exe
FileVersion: 8.2.3
Description: Winlogbeat ships Windows event logs to Elasticsearch or Logstash.
Product: Winlogbeat
Company: Elastic
OriginalFileName: winlogbeat.exe
CommandLine: ""C:\Program Files\winlogbeat\winlogbeat.exe"" --environment=windows_service -c ""C:\Program Files\winlogbeat\winlogbeat.yml"" --path.home ""C:\Program Files\winlogbeat"" --path.data ""C:\ProgramData\winlogbeat"" --path.logs ""C:\ProgramData\winlogbeat\logs"" -E logging.files.redirect_stderr=true
CurrentDirectory: C:\Windows\system32\
User: NT AUTHORITY\SYSTEM
LogonGuid: {461f0bd2-2cdb-6354-e703-000000000000}
LogonId: 0x3E7
TerminalSessionId: 0
IntegrityLevel: System
Hashes: MD5=877E3C54A32856E349E3487DE69B963E,SHA256=C48B2B8A42E42B4C5D864389DB44CE0227821BEEBAF527C2E1947AD395D607D2,IMPHASH=FF9F3A86709796C17211F9DF12AAE74D
ParentProcessGuid: {461f0bd2-2cdb-6354-0b00-000000001f00}
ParentProcessId: 644
ParentImage: C:\Windows\System32\services.exe
ParentCommandLine: C:\Windows\system32\services.exe
ParentUser: NT AUTHORITY\SYSTEM","-","-","-","-","-","-","-","-","-","-","-","-","C:\Program Files\winlogbeat\winlogbeat.exe, --environment=windows_service, -c, C:\Program Files\winlogbeat\winlogbeat.yml, --path.home, C:\Program Files\winlogbeat, --path.data, C:\ProgramData\winlogbeat, --path.logs, C:\ProgramData\winlogbeat\logs, -E, logging.files.redirect_stderr=true",12,"""C:\Program Files\winlogbeat\winlogbeat.exe"" --environment=windows_service -c ""C:\Program Files\winlogbeat\winlogbeat.yml"" --path.home ""C:\Program Files\winlogbeat"" --path.data ""C:\ProgramData\winlogbeat"" --path.logs ""C:\ProgramData\winlogbeat\logs"" -E logging.files.redirect_stderr=true","""C:\Program Files\winlogbeat\winlogbeat.exe"" --environment=windows_service -c ""C:\Program Files\winlogbeat\winlogbeat.yml"" --path.home ""C:\Program Files\winlogbeat"" --path.data ""C:\ProgramData\winlogbeat"" --path.logs ""C:\ProgramData\winlogbeat\logs"" -E logging.files.redirect_stderr=true","{461f0bd2-2cdf-6354-2d00-000000001f00}","C:\Program Files\winlogbeat\winlogbeat.exe","C:\Program Files\winlogbeat\winlogbeat.exe",877e3c54a32856e349e3487de69b963e,c48b2b8a42e42b4c5d864389db44ce0227821beebaf527c2e1947ad395d607d2,"winlogbeat.exe","winlogbeat.exe","C:\Windows\system32\services.exe",1,"C:\Windows\system32\services.exe","C:\Windows\system32\services.exe","{461f0bd2-2cdb-6354-0b00-000000001f00}","C:\Windows\System32\services.exe","C:\Windows\System32\services.exe","services.exe","services.exe",644,Elastic,"Winlogbeat ships Windows event logs to Elasticsearch or Logstash.","8.2.3",ff9f3a86709796c17211f9df12aae74d,"winlogbeat.exe",Winlogbeat,2276,"-","-","C:\Windows\system32\","C:\Windows\system32\","-","-","-","-","-","-","c48b2b8a42e42b4c5d864389db44ce0227821beebaf527c2e1947ad395d607d2, 877e3c54a32856e349e3487de69b963e, ff9f3a86709796c17211f9df12aae74d","-","-",SYSTEM,"-","-","NT AUTHORITY","-","S-1-5-18",SYSTEM,SYSTEM,"-",wineventlog,"Microsoft-Windows-Sysmon/Operational",victim,Elastic,"-","Winlogbeat ships Windows event logs to Elasticsearch or Logstash.","-","8.2.3",System,"{461f0bd2-2cdb-6354-e703-000000000000}",0x3e7,"-","NT AUTHORITY\SYSTEM","-",Winlogbeat,"-","-","-","-","-","-","-","-",0,"-",1,"-","-",Info,"2,240","2,984","{5770385f-c22a-43e0-bf4c-06f5698ffbd9}","Microsoft-Windows-Sysmon",4974,"Process Create (rule: ProcessCreate)","NT AUTHORITY","S-1-5-18",SYSTEM,User,5
"Oct 23, 2022 @ 01:48:15.374",u0XTAIQBHC0TB3lJzJmU,".ds-winlogbeat-8.2.3-2022.10.22-000001","-","25051d08-9df1-4629-b2c6-d1eeb5aa9cfd",victim,"b15c43c7-63a1-423e-901b-f1acc6401711",victim,winlogbeat,"8.2.3","-","-","-","-","-","-","-","1.12.0","Process Create (rule: ProcessCreate)",process,1,"Oct 23, 2022 @ 01:50:31.584","Oct 23, 2022 @ 01:53:11.315",event,sysmon,"-","Microsoft-Windows-Sysmon","-",start,"-","-","-","-","-","x86_64",victim,"461f0bd2-c182-413a-8a41-2a8e4accb4a9","fe80::4959:93ba:69a6:522d, 10.0.2.15, fe80::91a8:3d9e:36ba:f548, 172.19.96.10","08:00:27:7c:f3:ae, 08:00:27:22:f7:3c",victim,"19044.1889",windows,"10.0.19041.1889 (WinBuild.160101.0800)","Windows 10 Enterprise Evaluation","Windows 10 Enterprise Evaluation",windows,windows,"10.0",information,"Process Create:
RuleName: -
UtcTime: 2022-10-22 17:48:15.374
ProcessGuid: {461f0bd2-2cdf-6354-2c00-000000001f00}
ProcessId: 2240
Image: C:\Windows\Sysmon.exe
FileVersion: 14.1
Description: System activity monitor
Product: Sysinternals Sysmon
Company: Sysinternals - www.sysinternals.com
OriginalFileName: -
CommandLine: C:\Windows\Sysmon.exe
CurrentDirectory: C:\Windows\system32\
User: NT AUTHORITY\SYSTEM
LogonGuid: {461f0bd2-2cdb-6354-e703-000000000000}
LogonId: 0x3E7
TerminalSessionId: 0
IntegrityLevel: System
Hashes: MD5=0C6809BE65DE9AD3764521063817C475,SHA256=0F1AF990B9A2429E6EECA681FA174756B0BA1E129E428CAFF8E1D9D52C519934,IMPHASH=9F6C36511A328F748FB0A9C4C934D9B0
ParentProcessGuid: {461f0bd2-2cdb-6354-0b00-000000001f00}
ParentProcessId: 644
ParentImage: C:\Windows\System32\services.exe
ParentCommandLine: C:\Windows\system32\services.exe
ParentUser: NT AUTHORITY\SYSTEM","-","-","-","-","-","-","-","-","-","-","-","-","C:\Windows\Sysmon.exe",1,"C:\Windows\Sysmon.exe","C:\Windows\Sysmon.exe","{461f0bd2-2cdf-6354-2c00-000000001f00}","C:\Windows\Sysmon.exe","C:\Windows\Sysmon.exe",0c6809be65de9ad3764521063817c475,0f1af990b9a2429e6eeca681fa174756b0ba1e129e428caff8e1d9d52c519934,"Sysmon.exe","Sysmon.exe","C:\Windows\system32\services.exe",1,"C:\Windows\system32\services.exe","C:\Windows\system32\services.exe","{461f0bd2-2cdb-6354-0b00-000000001f00}","C:\Windows\System32\services.exe","C:\Windows\System32\services.exe","services.exe","services.exe",644,"Sysinternals - www.sysinternals.com","System activity monitor","14.1",9f6c36511a328f748fb0a9c4c934d9b0,"-","Sysinternals Sysmon",2240,"-","-","C:\Windows\system32\","C:\Windows\system32\","-","-","-","-","-","-","0f1af990b9a2429e6eeca681fa174756b0ba1e129e428caff8e1d9d52c519934, 0c6809be65de9ad3764521063817c475, 9f6c36511a328f748fb0a9c4c934d9b0","-","-",SYSTEM,"-","-","NT AUTHORITY","-","S-1-5-18",SYSTEM,SYSTEM,"-",wineventlog,"Microsoft-Windows-Sysmon/Operational",victim,"Sysinternals - www.sysinternals.com","-","System activity monitor","-","14.1",System,"{461f0bd2-2cdb-6354-e703-000000000000}",0x3e7,"-","NT AUTHORITY\SYSTEM","-","Sysinternals Sysmon","-","-","-","-","-","-","-","-",0,"-",1,"-","-",Info,"2,240","2,984","{5770385f-c22a-43e0-bf4c-06f5698ffbd9}","Microsoft-Windows-Sysmon",4973,"Process Create (rule: ProcessCreate)","NT AUTHORITY","S-1-5-18",SYSTEM,User,5
"Oct 23, 2022 @ 01:48:15.340",uEXTAIQBHC0TB3lJzJmU,".ds-winlogbeat-8.2.3-2022.10.22-000001","-","25051d08-9df1-4629-b2c6-d1eeb5aa9cfd",victim,"b15c43c7-63a1-423e-901b-f1acc6401711",victim,winlogbeat,"8.2.3","-","-","-","-","-","-","-","1.12.0","Process Create (rule: ProcessCreate)",process,1,"Oct 23, 2022 @ 01:50:31.584","Oct 23, 2022 @ 01:53:11.314",event,sysmon,"-","Microsoft-Windows-Sysmon","-",start,"-","-","-","-","-","x86_64",victim,"461f0bd2-c182-413a-8a41-2a8e4accb4a9","fe80::4959:93ba:69a6:522d, 10.0.2.15, fe80::91a8:3d9e:36ba:f548, 172.19.96.10","08:00:27:7c:f3:ae, 08:00:27:22:f7:3c",victim,"19044.1889",windows,"10.0.19041.1889 (WinBuild.160101.0800)","Windows 10 Enterprise Evaluation","Windows 10 Enterprise Evaluation",windows,windows,"10.0",information,"Process Create:
RuleName: -
UtcTime: 2022-10-22 17:48:15.340
ProcessGuid: {461f0bd2-2cdf-6354-2b00-000000001f00}
ProcessId: 2216
Image: C:\Program Files\OpenSSH-Win64\sshd.exe
FileVersion: 8.0.0.0
Description: -
Product: OpenSSH for Windows
Company: -
OriginalFileName: -
CommandLine: ""C:\Program Files\OpenSSH-Win64\sshd.exe""
CurrentDirectory: C:\Windows\system32\
User: NT AUTHORITY\SYSTEM
LogonGuid: {461f0bd2-2cdb-6354-e703-000000000000}
LogonId: 0x3E7
TerminalSessionId: 0
IntegrityLevel: System
Hashes: MD5=331BA0E529810EF718DD3EFBD1242302,SHA256=E6A972F9DB27DE18BE225095B3B3141B945BE8AADC4014C8704AE5ACAFE3E8E0,IMPHASH=10CB517ABF40F097E5F164AEF2B17A74
ParentProcessGuid: {461f0bd2-2cdb-6354-0b00-000000001f00}
ParentProcessId: 644
ParentImage: C:\Windows\System32\services.exe
ParentCommandLine: C:\Windows\system32\services.exe
ParentUser: NT AUTHORITY\SYSTEM","-","-","-","-","-","-","-","-","-","-","-","-","C:\Program Files\OpenSSH-Win64\sshd.exe",1,"""C:\Program Files\OpenSSH-Win64\sshd.exe""","""C:\Program Files\OpenSSH-Win64\sshd.exe""","{461f0bd2-2cdf-6354-2b00-000000001f00}","C:\Program Files\OpenSSH-Win64\sshd.exe","C:\Program Files\OpenSSH-Win64\sshd.exe",331ba0e529810ef718dd3efbd1242302,e6a972f9db27de18be225095b3b3141b945be8aadc4014c8704ae5acafe3e8e0,"sshd.exe","sshd.exe","C:\Windows\system32\services.exe",1,"C:\Windows\system32\services.exe","C:\Windows\system32\services.exe","{461f0bd2-2cdb-6354-0b00-000000001f00}","C:\Windows\System32\services.exe","C:\Windows\System32\services.exe","services.exe","services.exe",644,"-","-","8.0.0.0",10cb517abf40f097e5f164aef2b17a74,"-","OpenSSH for Windows",2216,"-","-","C:\Windows\system32\","C:\Windows\system32\","-","-","-","-","-","-","e6a972f9db27de18be225095b3b3141b945be8aadc4014c8704ae5acafe3e8e0, 331ba0e529810ef718dd3efbd1242302, 10cb517abf40f097e5f164aef2b17a74","-","-",SYSTEM,"-","-","NT AUTHORITY","-","S-1-5-18",SYSTEM,SYSTEM,"-",wineventlog,"Microsoft-Windows-Sysmon/Operational",victim,"-","-","-","-","8.0.0.0",System,"{461f0bd2-2cdb-6354-e703-000000000000}",0x3e7,"-","NT AUTHORITY\SYSTEM","-","OpenSSH for Windows","-","-","-","-","-","-","-","-",0,"-",1,"-","-",Info,"2,240","2,984","{5770385f-c22a-43e0-bf4c-06f5698ffbd9}","Microsoft-Windows-Sysmon",4970,"Process Create (rule: ProcessCreate)","NT AUTHORITY","S-1-5-18",SYSTEM,User,5
"Oct 23, 2022 @ 01:48:15.244",t0XTAIQBHC0TB3lJzJmU,".ds-winlogbeat-8.2.3-2022.10.22-000001","-","25051d08-9df1-4629-b2c6-d1eeb5aa9cfd",victim,"b15c43c7-63a1-423e-901b-f1acc6401711",victim,winlogbeat,"8.2.3","-","-","-","-","-","-","-","1.12.0","Process Create (rule: ProcessCreate)",process,1,"Oct 23, 2022 @ 01:50:31.584","Oct 23, 2022 @ 01:53:11.314",event,sysmon,"-","Microsoft-Windows-Sysmon","-",start,"-","-","-","-","-","x86_64",victim,"461f0bd2-c182-413a-8a41-2a8e4accb4a9","fe80::4959:93ba:69a6:522d, 10.0.2.15, fe80::91a8:3d9e:36ba:f548, 172.19.96.10","08:00:27:7c:f3:ae, 08:00:27:22:f7:3c",victim,"19044.1889",windows,"10.0.19041.1889 (WinBuild.160101.0800)","Windows 10 Enterprise Evaluation","Windows 10 Enterprise Evaluation",windows,windows,"10.0",information,"Process Create:
RuleName: -
UtcTime: 2022-10-22 17:48:15.244
ProcessGuid: {461f0bd2-2cdf-6354-2a00-000000001f00}
ProcessId: 2144
Image: C:\Windows\System32\svchost.exe
FileVersion: 10.0.19041.1806 (WinBuild.160101.0800)
Description: Host Process for Windows Services
Product: Microsoft® Windows® Operating System
Company: Microsoft Corporation
OriginalFileName: svchost.exe
CommandLine: C:\Windows\System32\svchost.exe -k utcsvc -p
CurrentDirectory: C:\Windows\system32\
User: NT AUTHORITY\SYSTEM
LogonGuid: {461f0bd2-2cdb-6354-e703-000000000000}
LogonId: 0x3E7
TerminalSessionId: 0
IntegrityLevel: System
Hashes: MD5=B7F884C1B74A263F746EE12A5F7C9F6A,SHA256=ADD683A6910ABBBF0E28B557FAD0BA998166394932AE2ACA069D9AA19EA8FE88,IMPHASH=247B9220E5D9B720A82B2C8B5069AD69
ParentProcessGuid: {461f0bd2-2cdb-6354-0b00-000000001f00}
ParentProcessId: 644
ParentImage: C:\Windows\System32\services.exe
ParentCommandLine: C:\Windows\system32\services.exe
ParentUser: NT AUTHORITY\SYSTEM","-","-","-","-","-","-","-","-","-","-","-","-","C:\Windows\System32\svchost.exe, -k, utcsvc, -p",4,"C:\Windows\System32\svchost.exe -k utcsvc -p","C:\Windows\System32\svchost.exe -k utcsvc -p","{461f0bd2-2cdf-6354-2a00-000000001f00}","C:\Windows\System32\svchost.exe","C:\Windows\System32\svchost.exe",b7f884c1b74a263f746ee12a5f7c9f6a,add683a6910abbbf0e28b557fad0ba998166394932ae2aca069d9aa19ea8fe88,"svchost.exe","svchost.exe","C:\Windows\system32\services.exe",1,"C:\Windows\system32\services.exe","C:\Windows\system32\services.exe","{461f0bd2-2cdb-6354-0b00-000000001f00}","C:\Windows\System32\services.exe","C:\Windows\System32\services.exe","services.exe","services.exe",644,"Microsoft Corporation","Host Process for Windows Services","10.0.19041.1806 (WinBuild.160101.0800)",247b9220e5d9b720a82b2c8b5069ad69,"svchost.exe","Microsoft® Windows® Operating System",2144,"-","-","C:\Windows\system32\","C:\Windows\system32\","-","-","-","-","-","-","add683a6910abbbf0e28b557fad0ba998166394932ae2aca069d9aa19ea8fe88, b7f884c1b74a263f746ee12a5f7c9f6a, 247b9220e5d9b720a82b2c8b5069ad69","-","-",SYSTEM,"-","-","NT AUTHORITY","-","S-1-5-18",SYSTEM,SYSTEM,"-",wineventlog,"Microsoft-Windows-Sysmon/Operational",victim,"Microsoft Corporation","-","Host Process for Windows Services","-","10.0.19041.1806 (WinBuild.160101.0800)",System,"{461f0bd2-2cdb-6354-e703-000000000000}",0x3e7,"-","NT AUTHORITY\SYSTEM","-","Microsoft® Windows® Operating System","-","-","-","-","-","-","-","-",0,"-",1,"-","-",Info,"2,240","2,984","{5770385f-c22a-43e0-bf4c-06f5698ffbd9}","Microsoft-Windows-Sysmon",4969,"Process Create (rule: ProcessCreate)","NT AUTHORITY","S-1-5-18",SYSTEM,User,5
"Oct 23, 2022 @ 01:48:15.112",tkXTAIQBHC0TB3lJzJmU,".ds-winlogbeat-8.2.3-2022.10.22-000001","-","25051d08-9df1-4629-b2c6-d1eeb5aa9cfd",victim,"b15c43c7-63a1-423e-901b-f1acc6401711",victim,winlogbeat,"8.2.3","-","-","-","-","-","-","-","1.12.0","Process Create (rule: ProcessCreate)",process,1,"Oct 23, 2022 @ 01:50:31.584","Oct 23, 2022 @ 01:53:11.313",event,sysmon,"-","Microsoft-Windows-Sysmon","-",start,"-","-","-","-","-","x86_64",victim,"461f0bd2-c182-413a-8a41-2a8e4accb4a9","fe80::4959:93ba:69a6:522d, 10.0.2.15, fe80::91a8:3d9e:36ba:f548, 172.19.96.10","08:00:27:7c:f3:ae, 08:00:27:22:f7:3c",victim,"19044.1889",windows,"10.0.19041.1889 (WinBuild.160101.0800)","Windows 10 Enterprise Evaluation","Windows 10 Enterprise Evaluation",windows,windows,"10.0",information,"Process Create:
RuleName: -
UtcTime: 2022-10-22 17:48:15.112
ProcessGuid: {461f0bd2-2cdf-6354-2900-000000001f00}
ProcessId: 2080
Image: C:\Windows\System32\svchost.exe
FileVersion: 10.0.19041.1806 (WinBuild.160101.0800)
Description: Host Process for Windows Services
Product: Microsoft® Windows® Operating System
Company: Microsoft Corporation
OriginalFileName: svchost.exe
CommandLine: C:\Windows\system32\svchost.exe -k NetworkServiceNetworkRestricted -p
CurrentDirectory: C:\Windows\system32\
User: NT AUTHORITY\NETWORK SERVICE
LogonGuid: {461f0bd2-2cdc-6354-e403-000000000000}
LogonId: 0x3E4
TerminalSessionId: 0
IntegrityLevel: System
Hashes: MD5=B7F884C1B74A263F746EE12A5F7C9F6A,SHA256=ADD683A6910ABBBF0E28B557FAD0BA998166394932AE2ACA069D9AA19EA8FE88,IMPHASH=247B9220E5D9B720A82B2C8B5069AD69
ParentProcessGuid: {461f0bd2-2cdb-6354-0b00-000000001f00}
ParentProcessId: 644
ParentImage: C:\Windows\System32\services.exe
ParentCommandLine: C:\Windows\system32\services.exe
ParentUser: NT AUTHORITY\SYSTEM","-","-","-","-","-","-","-","-","-","-","-","-","C:\Windows\system32\svchost.exe, -k, NetworkServiceNetworkRestricted, -p",4,"C:\Windows\system32\svchost.exe -k NetworkServiceNetworkRestricted -p","C:\Windows\system32\svchost.exe -k NetworkServiceNetworkRestricted -p","{461f0bd2-2cdf-6354-2900-000000001f00}","C:\Windows\System32\svchost.exe","C:\Windows\System32\svchost.exe",b7f884c1b74a263f746ee12a5f7c9f6a,add683a6910abbbf0e28b557fad0ba998166394932ae2aca069d9aa19ea8fe88,"svchost.exe","svchost.exe","C:\Windows\system32\services.exe",1,"C:\Windows\system32\services.exe","C:\Windows\system32\services.exe","{461f0bd2-2cdb-6354-0b00-000000001f00}","C:\Windows\System32\services.exe","C:\Windows\System32\services.exe","services.exe","services.exe",644,"Microsoft Corporation","Host Process for Windows Services","10.0.19041.1806 (WinBuild.160101.0800)",247b9220e5d9b720a82b2c8b5069ad69,"svchost.exe","Microsoft® Windows® Operating System",2080,"-","-","C:\Windows\system32\","C:\Windows\system32\","-","-","-","-","-","-","add683a6910abbbf0e28b557fad0ba998166394932ae2aca069d9aa19ea8fe88, b7f884c1b74a263f746ee12a5f7c9f6a, 247b9220e5d9b720a82b2c8b5069ad69","-","-","NETWORK SERVICE","-","-","NT AUTHORITY","-","S-1-5-18","NETWORK SERVICE","NETWORK SERVICE","-",wineventlog,"Microsoft-Windows-Sysmon/Operational",victim,"Microsoft Corporation","-","Host Process for Windows Services","-","10.0.19041.1806 (WinBuild.160101.0800)",System,"{461f0bd2-2cdc-6354-e403-000000000000}",0x3e4,"-","NT AUTHORITY\SYSTEM","-","Microsoft® Windows® Operating System","-","-","-","-","-","-","-","-",0,"-",1,"-","-",Info,"2,240","2,984","{5770385f-c22a-43e0-bf4c-06f5698ffbd9}","Microsoft-Windows-Sysmon",4968,"Process Create (rule: ProcessCreate)","NT AUTHORITY","S-1-5-18",SYSTEM,User,5
"Oct 23, 2022 @ 01:48:14.788",tUXTAIQBHC0TB3lJzJmU,".ds-winlogbeat-8.2.3-2022.10.22-000001","-","25051d08-9df1-4629-b2c6-d1eeb5aa9cfd",victim,"b15c43c7-63a1-423e-901b-f1acc6401711",victim,winlogbeat,"8.2.3","-","-","-","-","-","-","-","1.12.0","Process Create (rule: ProcessCreate)",process,1,"Oct 23, 2022 @ 01:50:31.584","Oct 23, 2022 @ 01:53:11.313",event,sysmon,"-","Microsoft-Windows-Sysmon","-",start,"-","-","-","-","-","x86_64",victim,"461f0bd2-c182-413a-8a41-2a8e4accb4a9","fe80::4959:93ba:69a6:522d, 10.0.2.15, fe80::91a8:3d9e:36ba:f548, 172.19.96.10","08:00:27:7c:f3:ae, 08:00:27:22:f7:3c",victim,"19044.1889",windows,"10.0.19041.1889 (WinBuild.160101.0800)","Windows 10 Enterprise Evaluation","Windows 10 Enterprise Evaluation",windows,windows,"10.0",information,"Process Create:
RuleName: -
UtcTime: 2022-10-22 17:48:14.788
ProcessGuid: {461f0bd2-2cde-6354-2600-000000001f00}
ProcessId: 1500
Image: C:\Windows\System32\svchost.exe
FileVersion: 10.0.19041.1806 (WinBuild.160101.0800)
Description: Host Process for Windows Services
Product: Microsoft® Windows® Operating System
Company: Microsoft Corporation
OriginalFileName: svchost.exe
CommandLine: C:\Windows\system32\svchost.exe -k LocalServiceNoNetworkFirewall -p
CurrentDirectory: C:\Windows\system32\
User: NT AUTHORITY\LOCAL SERVICE
LogonGuid: {461f0bd2-2cdc-6354-e503-000000000000}
LogonId: 0x3E5
TerminalSessionId: 0
IntegrityLevel: System
Hashes: MD5=B7F884C1B74A263F746EE12A5F7C9F6A,SHA256=ADD683A6910ABBBF0E28B557FAD0BA998166394932AE2ACA069D9AA19EA8FE88,IMPHASH=247B9220E5D9B720A82B2C8B5069AD69
ParentProcessGuid: {461f0bd2-2cdb-6354-0b00-000000001f00}
ParentProcessId: 644
ParentImage: C:\Windows\System32\services.exe
ParentCommandLine: C:\Windows\system32\services.exe
ParentUser: NT AUTHORITY\SYSTEM","-","-","-","-","-","-","-","-","-","-","-","-","C:\Windows\system32\svchost.exe, -k, LocalServiceNoNetworkFirewall, -p",4,"C:\Windows\system32\svchost.exe -k LocalServiceNoNetworkFirewall -p","C:\Windows\system32\svchost.exe -k LocalServiceNoNetworkFirewall -p","{461f0bd2-2cde-6354-2600-000000001f00}","C:\Windows\System32\svchost.exe","C:\Windows\System32\svchost.exe",b7f884c1b74a263f746ee12a5f7c9f6a,add683a6910abbbf0e28b557fad0ba998166394932ae2aca069d9aa19ea8fe88,"svchost.exe","svchost.exe","C:\Windows\system32\services.exe",1,"C:\Windows\system32\services.exe","C:\Windows\system32\services.exe","{461f0bd2-2cdb-6354-0b00-000000001f00}","C:\Windows\System32\services.exe","C:\Windows\System32\services.exe","services.exe","services.exe",644,"Microsoft Corporation","Host Process for Windows Services","10.0.19041.1806 (WinBuild.160101.0800)",247b9220e5d9b720a82b2c8b5069ad69,"svchost.exe","Microsoft® Windows® Operating System",1500,"-","-","C:\Windows\system32\","C:\Windows\system32\","-","-","-","-","-","-","add683a6910abbbf0e28b557fad0ba998166394932ae2aca069d9aa19ea8fe88, b7f884c1b74a263f746ee12a5f7c9f6a, 247b9220e5d9b720a82b2c8b5069ad69","-","-","LOCAL SERVICE","-","-","NT AUTHORITY","-","S-1-5-18","LOCAL SERVICE","LOCAL SERVICE","-",wineventlog,"Microsoft-Windows-Sysmon/Operational",victim,"Microsoft Corporation","-","Host Process for Windows Services","-","10.0.19041.1806 (WinBuild.160101.0800)",System,"{461f0bd2-2cdc-6354-e503-000000000000}",0x3e5,"-","NT AUTHORITY\SYSTEM","-","Microsoft® Windows® Operating System","-","-","-","-","-","-","-","-",0,"-",1,"-","-",Info,"2,240","2,984","{5770385f-c22a-43e0-bf4c-06f5698ffbd9}","Microsoft-Windows-Sysmon",4967,"Process Create (rule: ProcessCreate)","NT AUTHORITY","S-1-5-18",SYSTEM,User,5
"Oct 23, 2022 @ 01:48:14.700",tEXTAIQBHC0TB3lJzJmU,".ds-winlogbeat-8.2.3-2022.10.22-000001","-","25051d08-9df1-4629-b2c6-d1eeb5aa9cfd",victim,"b15c43c7-63a1-423e-901b-f1acc6401711",victim,winlogbeat,"8.2.3","-","-","-","-","-","-","-","1.12.0","Process Create (rule: ProcessCreate)",process,1,"Oct 23, 2022 @ 01:50:31.584","Oct 23, 2022 @ 01:53:11.313",event,sysmon,"-","Microsoft-Windows-Sysmon","-",start,"-","-","-","-","-","x86_64",victim,"461f0bd2-c182-413a-8a41-2a8e4accb4a9","fe80::4959:93ba:69a6:522d, 10.0.2.15, fe80::91a8:3d9e:36ba:f548, 172.19.96.10","08:00:27:7c:f3:ae, 08:00:27:22:f7:3c",victim,"19044.1889",windows,"10.0.19041.1889 (WinBuild.160101.0800)","Windows 10 Enterprise Evaluation","Windows 10 Enterprise Evaluation",windows,windows,"10.0",information,"Process Create:
RuleName: -
UtcTime: 2022-10-22 17:48:14.700
ProcessGuid: {461f0bd2-2cde-6354-2500-000000001f00}
ProcessId: 1032
Image: C:\Windows\System32\spoolsv.exe
FileVersion: 10.0.19041.1826 (WinBuild.160101.0800)
Description: Spooler SubSystem App
Product: Microsoft® Windows® Operating System
Company: Microsoft Corporation
OriginalFileName: spoolsv.exe
CommandLine: C:\Windows\System32\spoolsv.exe
CurrentDirectory: C:\Windows\system32\
User: NT AUTHORITY\SYSTEM
LogonGuid: {461f0bd2-2cdb-6354-e703-000000000000}
LogonId: 0x3E7
TerminalSessionId: 0
IntegrityLevel: System
Hashes: MD5=998BE400D876EB5B2EC7144DA0CD4ED1,SHA256=35AB8BCE8347DE112DF5494E9BE07F0D06D22313B86D126B41E30762D5145DDE,IMPHASH=A73ACEC9E3E3E98034374977A7639495
ParentProcessGuid: {461f0bd2-2cdb-6354-0b00-000000001f00}
ParentProcessId: 644
ParentImage: C:\Windows\System32\services.exe
ParentCommandLine: C:\Windows\system32\services.exe
ParentUser: NT AUTHORITY\SYSTEM","-","-","-","-","-","-","-","-","-","-","-","-","C:\Windows\System32\spoolsv.exe",1,"C:\Windows\System32\spoolsv.exe","C:\Windows\System32\spoolsv.exe","{461f0bd2-2cde-6354-2500-000000001f00}","C:\Windows\System32\spoolsv.exe","C:\Windows\System32\spoolsv.exe",998be400d876eb5b2ec7144da0cd4ed1,35ab8bce8347de112df5494e9be07f0d06d22313b86d126b41e30762d5145dde,"spoolsv.exe","spoolsv.exe","C:\Windows\system32\services.exe",1,"C:\Windows\system32\services.exe","C:\Windows\system32\services.exe","{461f0bd2-2cdb-6354-0b00-000000001f00}","C:\Windows\System32\services.exe","C:\Windows\System32\services.exe","services.exe","services.exe",644,"Microsoft Corporation","Spooler SubSystem App","10.0.19041.1826 (WinBuild.160101.0800)",a73acec9e3e3e98034374977a7639495,"spoolsv.exe","Microsoft® Windows® Operating System",1032,"-","-","C:\Windows\system32\","C:\Windows\system32\","-","-","-","-","-","-","35ab8bce8347de112df5494e9be07f0d06d22313b86d126b41e30762d5145dde, 998be400d876eb5b2ec7144da0cd4ed1, a73acec9e3e3e98034374977a7639495","-","-",SYSTEM,"-","-","NT AUTHORITY","-","S-1-5-18",SYSTEM,SYSTEM,"-",wineventlog,"Microsoft-Windows-Sysmon/Operational",victim,"Microsoft Corporation","-","Spooler SubSystem App","-","10.0.19041.1826 (WinBuild.160101.0800)",System,"{461f0bd2-2cdb-6354-e703-000000000000}",0x3e7,"-","NT AUTHORITY\SYSTEM","-","Microsoft® Windows® Operating System","-","-","-","-","-","-","-","-",0,"-",1,"-","-",Info,"2,240","2,984","{5770385f-c22a-43e0-bf4c-06f5698ffbd9}","Microsoft-Windows-Sysmon",4966,"Process Create (rule: ProcessCreate)","NT AUTHORITY","S-1-5-18",SYSTEM,User,5
"Oct 23, 2022 @ 01:48:14.447",skXTAIQBHC0TB3lJzJmU,".ds-winlogbeat-8.2.3-2022.10.22-000001","-","25051d08-9df1-4629-b2c6-d1eeb5aa9cfd",victim,"b15c43c7-63a1-423e-901b-f1acc6401711",victim,winlogbeat,"8.2.3","-","-","-","-","-","-","-","1.12.0","Process Create (rule: ProcessCreate)",process,1,"Oct 23, 2022 @ 01:50:31.584","Oct 23, 2022 @ 01:53:11.312",event,sysmon,"-","Microsoft-Windows-Sysmon","-",start,"-","-","-","-","-","x86_64",victim,"461f0bd2-c182-413a-8a41-2a8e4accb4a9","fe80::4959:93ba:69a6:522d, 10.0.2.15, fe80::91a8:3d9e:36ba:f548, 172.19.96.10","08:00:27:7c:f3:ae, 08:00:27:22:f7:3c",victim,"19044.1889",windows,"10.0.19041.1889 (WinBuild.160101.0800)","Windows 10 Enterprise Evaluation","Windows 10 Enterprise Evaluation",windows,windows,"10.0",information,"Process Create:
RuleName: -
UtcTime: 2022-10-22 17:48:14.447
ProcessGuid: {461f0bd2-2cde-6354-2400-000000001f00}
ProcessId: 1892
Image: C:\Windows\System32\svchost.exe
FileVersion: 10.0.19041.1806 (WinBuild.160101.0800)
Description: Host Process for Windows Services
Product: Microsoft® Windows® Operating System
Company: Microsoft Corporation
OriginalFileName: svchost.exe
CommandLine: C:\Windows\system32\svchost.exe -k LocalServiceNetworkRestricted -p
CurrentDirectory: C:\Windows\system32\
User: NT AUTHORITY\LOCAL SERVICE
LogonGuid: {461f0bd2-2cdc-6354-e503-000000000000}
LogonId: 0x3E5
TerminalSessionId: 0
IntegrityLevel: System
Hashes: MD5=B7F884C1B74A263F746EE12A5F7C9F6A,SHA256=ADD683A6910ABBBF0E28B557FAD0BA998166394932AE2ACA069D9AA19EA8FE88,IMPHASH=247B9220E5D9B720A82B2C8B5069AD69
ParentProcessGuid: {461f0bd2-2cdb-6354-0b00-000000001f00}
ParentProcessId: 644
ParentImage: C:\Windows\System32\services.exe
ParentCommandLine: C:\Windows\system32\services.exe
ParentUser: NT AUTHORITY\SYSTEM","-","-","-","-","-","-","-","-","-","-","-","-","C:\Windows\system32\svchost.exe, -k, LocalServiceNetworkRestricted, -p",4,"C:\Windows\system32\svchost.exe -k LocalServiceNetworkRestricted -p","C:\Windows\system32\svchost.exe -k LocalServiceNetworkRestricted -p","{461f0bd2-2cde-6354-2400-000000001f00}","C:\Windows\System32\svchost.exe","C:\Windows\System32\svchost.exe",b7f884c1b74a263f746ee12a5f7c9f6a,add683a6910abbbf0e28b557fad0ba998166394932ae2aca069d9aa19ea8fe88,"svchost.exe","svchost.exe","C:\Windows\system32\services.exe",1,"C:\Windows\system32\services.exe","C:\Windows\system32\services.exe","{461f0bd2-2cdb-6354-0b00-000000001f00}","C:\Windows\System32\services.exe","C:\Windows\System32\services.exe","services.exe","services.exe",644,"Microsoft Corporation","Host Process for Windows Services","10.0.19041.1806 (WinBuild.160101.0800)",247b9220e5d9b720a82b2c8b5069ad69,"svchost.exe","Microsoft® Windows® Operating System",1892,"-","-","C:\Windows\system32\","C:\Windows\system32\","-","-","-","-","-","-","add683a6910abbbf0e28b557fad0ba998166394932ae2aca069d9aa19ea8fe88, b7f884c1b74a263f746ee12a5f7c9f6a, 247b9220e5d9b720a82b2c8b5069ad69","-","-","LOCAL SERVICE","-","-","NT AUTHORITY","-","S-1-5-18","LOCAL SERVICE","LOCAL SERVICE","-",wineventlog,"Microsoft-Windows-Sysmon/Operational",victim,"Microsoft Corporation","-","Host Process for Windows Services","-","10.0.19041.1806 (WinBuild.160101.0800)",System,"{461f0bd2-2cdc-6354-e503-000000000000}",0x3e5,"-","NT AUTHORITY\SYSTEM","-","Microsoft® Windows® Operating System","-","-","-","-","-","-","-","-",0,"-",1,"-","-",Info,"2,240","2,984","{5770385f-c22a-43e0-bf4c-06f5698ffbd9}","Microsoft-Windows-Sysmon",4964,"Process Create (rule: ProcessCreate)","NT AUTHORITY","S-1-5-18",SYSTEM,User,5
"Oct 23, 2022 @ 01:48:14.441",sUXTAIQBHC0TB3lJzJmU,".ds-winlogbeat-8.2.3-2022.10.22-000001","-","25051d08-9df1-4629-b2c6-d1eeb5aa9cfd",victim,"b15c43c7-63a1-423e-901b-f1acc6401711",victim,winlogbeat,"8.2.3","-","-","-","-","-","-","-","1.12.0","Process Create (rule: ProcessCreate)",process,1,"Oct 23, 2022 @ 01:50:31.584","Oct 23, 2022 @ 01:53:11.312",event,sysmon,"-","Microsoft-Windows-Sysmon","-",start,"-","-","-","-","-","x86_64",victim,"461f0bd2-c182-413a-8a41-2a8e4accb4a9","fe80::4959:93ba:69a6:522d, 10.0.2.15, fe80::91a8:3d9e:36ba:f548, 172.19.96.10","08:00:27:7c:f3:ae, 08:00:27:22:f7:3c",victim,"19044.1889",windows,"10.0.19041.1889 (WinBuild.160101.0800)","Windows 10 Enterprise Evaluation","Windows 10 Enterprise Evaluation",windows,windows,"10.0",information,"Process Create:
RuleName: -
UtcTime: 2022-10-22 17:48:14.441
ProcessGuid: {461f0bd2-2cde-6354-2300-000000001f00}
ProcessId: 1880
Image: C:\Windows\System32\svchost.exe
FileVersion: 10.0.19041.1806 (WinBuild.160101.0800)
Description: Host Process for Windows Services
Product: Microsoft® Windows® Operating System
Company: Microsoft Corporation
OriginalFileName: svchost.exe
CommandLine: C:\Windows\System32\svchost.exe -k LocalServiceNetworkRestricted -p
CurrentDirectory: C:\Windows\system32\
User: NT AUTHORITY\LOCAL SERVICE
LogonGuid: {461f0bd2-2cdc-6354-e503-000000000000}
LogonId: 0x3E5
TerminalSessionId: 0
IntegrityLevel: System
Hashes: MD5=B7F884C1B74A263F746EE12A5F7C9F6A,SHA256=ADD683A6910ABBBF0E28B557FAD0BA998166394932AE2ACA069D9AA19EA8FE88,IMPHASH=247B9220E5D9B720A82B2C8B5069AD69
ParentProcessGuid: {461f0bd2-2cdb-6354-0b00-000000001f00}
ParentProcessId: 644
ParentImage: C:\Windows\System32\services.exe
ParentCommandLine: C:\Windows\system32\services.exe
ParentUser: NT AUTHORITY\SYSTEM","-","-","-","-","-","-","-","-","-","-","-","-","C:\Windows\System32\svchost.exe, -k, LocalServiceNetworkRestricted, -p",4,"C:\Windows\System32\svchost.exe -k LocalServiceNetworkRestricted -p","C:\Windows\System32\svchost.exe -k LocalServiceNetworkRestricted -p","{461f0bd2-2cde-6354-2300-000000001f00}","C:\Windows\System32\svchost.exe","C:\Windows\System32\svchost.exe",b7f884c1b74a263f746ee12a5f7c9f6a,add683a6910abbbf0e28b557fad0ba998166394932ae2aca069d9aa19ea8fe88,"svchost.exe","svchost.exe","C:\Windows\system32\services.exe",1,"C:\Windows\system32\services.exe","C:\Windows\system32\services.exe","{461f0bd2-2cdb-6354-0b00-000000001f00}","C:\Windows\System32\services.exe","C:\Windows\System32\services.exe","services.exe","services.exe",644,"Microsoft Corporation","Host Process for Windows Services","10.0.19041.1806 (WinBuild.160101.0800)",247b9220e5d9b720a82b2c8b5069ad69,"svchost.exe","Microsoft® Windows® Operating System",1880,"-","-","C:\Windows\system32\","C:\Windows\system32\","-","-","-","-","-","-","add683a6910abbbf0e28b557fad0ba998166394932ae2aca069d9aa19ea8fe88, b7f884c1b74a263f746ee12a5f7c9f6a, 247b9220e5d9b720a82b2c8b5069ad69","-","-","LOCAL SERVICE","-","-","NT AUTHORITY","-","S-1-5-18","LOCAL SERVICE","LOCAL SERVICE","-",wineventlog,"Microsoft-Windows-Sysmon/Operational",victim,"Microsoft Corporation","-","Host Process for Windows Services","-","10.0.19041.1806 (WinBuild.160101.0800)",System,"{461f0bd2-2cdc-6354-e503-000000000000}",0x3e5,"-","NT AUTHORITY\SYSTEM","-","Microsoft® Windows® Operating System","-","-","-","-","-","-","-","-",0,"-",1,"-","-",Info,"2,240","2,984","{5770385f-c22a-43e0-bf4c-06f5698ffbd9}","Microsoft-Windows-Sysmon",4963,"Process Create (rule: ProcessCreate)","NT AUTHORITY","S-1-5-18",SYSTEM,User,5
"Oct 23, 2022 @ 01:48:14.404",sEXTAIQBHC0TB3lJzJmU,".ds-winlogbeat-8.2.3-2022.10.22-000001","-","25051d08-9df1-4629-b2c6-d1eeb5aa9cfd",victim,"b15c43c7-63a1-423e-901b-f1acc6401711",victim,winlogbeat,"8.2.3","-","-","-","-","-","-","-","1.12.0","Process Create (rule: ProcessCreate)",process,1,"Oct 23, 2022 @ 01:50:31.584","Oct 23, 2022 @ 01:53:11.312",event,sysmon,"-","Microsoft-Windows-Sysmon","-",start,"-","-","-","-","-","x86_64",victim,"461f0bd2-c182-413a-8a41-2a8e4accb4a9","fe80::4959:93ba:69a6:522d, 10.0.2.15, fe80::91a8:3d9e:36ba:f548, 172.19.96.10","08:00:27:7c:f3:ae, 08:00:27:22:f7:3c",victim,"19044.1889",windows,"10.0.19041.1889 (WinBuild.160101.0800)","Windows 10 Enterprise Evaluation","Windows 10 Enterprise Evaluation",windows,windows,"10.0",information,"Process Create:
RuleName: -
UtcTime: 2022-10-22 17:48:14.404
ProcessGuid: {461f0bd2-2cde-6354-2200-000000001f00}
ProcessId: 1868
Image: C:\Windows\System32\dxgiadaptercache.exe
FileVersion: 10.0.19041.1741 (WinBuild.160101.0800)
Description: DXGI Adapter Cache
Product: Microsoft® Windows® Operating System
Company: Microsoft Corporation
OriginalFileName: DXGIAdapterCache.exe
CommandLine: C:\Windows\system32\dxgiadaptercache.exe
CurrentDirectory: C:\Windows\system32\
User: NT AUTHORITY\SYSTEM
LogonGuid: {461f0bd2-2cdb-6354-e703-000000000000}
LogonId: 0x3E7
TerminalSessionId: 0
IntegrityLevel: System
Hashes: MD5=9E0D2CDEB2C4716C83A6EE6FA738EC18,SHA256=AB0650455EC56043DD4D749BFA70A3C4F800B66159A8C752EC89B348380E306A,IMPHASH=FFB8C8134BBB1572B7BDBEA1214AE140
ParentProcessGuid: {461f0bd2-2cdc-6354-1300-000000001f00}
ParentProcessId: 432
ParentImage: C:\Windows\System32\svchost.exe
ParentCommandLine: C:\Windows\system32\svchost.exe -k netsvcs -p
ParentUser: NT AUTHORITY\SYSTEM","-","-","-","-","-","-","-","-","-","-","-","-","C:\Windows\system32\dxgiadaptercache.exe",1,"C:\Windows\system32\dxgiadaptercache.exe","C:\Windows\system32\dxgiadaptercache.exe","{461f0bd2-2cde-6354-2200-000000001f00}","C:\Windows\System32\dxgiadaptercache.exe","C:\Windows\System32\dxgiadaptercache.exe",9e0d2cdeb2c4716c83a6ee6fa738ec18,ab0650455ec56043dd4d749bfa70a3c4f800b66159a8c752ec89b348380e306a,"dxgiadaptercache.exe","dxgiadaptercache.exe","C:\Windows\system32\svchost.exe, -k, netsvcs, -p",4,"C:\Windows\system32\svchost.exe -k netsvcs -p","C:\Windows\system32\svchost.exe -k netsvcs -p","{461f0bd2-2cdc-6354-1300-000000001f00}","C:\Windows\System32\svchost.exe","C:\Windows\System32\svchost.exe","svchost.exe","svchost.exe",432,"Microsoft Corporation","DXGI Adapter Cache","10.0.19041.1741 (WinBuild.160101.0800)",ffb8c8134bbb1572b7bdbea1214ae140,"DXGIAdapterCache.exe","Microsoft® Windows® Operating System",1868,"-","-","C:\Windows\system32\","C:\Windows\system32\","-","-","-","-","-","-","ab0650455ec56043dd4d749bfa70a3c4f800b66159a8c752ec89b348380e306a, 9e0d2cdeb2c4716c83a6ee6fa738ec18, ffb8c8134bbb1572b7bdbea1214ae140","-","-",SYSTEM,"-","-","NT AUTHORITY","-","S-1-5-18",SYSTEM,SYSTEM,"-",wineventlog,"Microsoft-Windows-Sysmon/Operational",victim,"Microsoft Corporation","-","DXGI Adapter Cache","-","10.0.19041.1741 (WinBuild.160101.0800)",System,"{461f0bd2-2cdb-6354-e703-000000000000}",0x3e7,"-","NT AUTHORITY\SYSTEM","-","Microsoft® Windows® Operating System","-","-","-","-","-","-","-","-",0,"-",1,"-","-",Info,"2,240","2,984","{5770385f-c22a-43e0-bf4c-06f5698ffbd9}","Microsoft-Windows-Sysmon",4962,"Process Create (rule: ProcessCreate)","NT AUTHORITY","S-1-5-18",SYSTEM,User,5
"Oct 23, 2022 @ 01:48:14.257",r0XTAIQBHC0TB3lJzJmU,".ds-winlogbeat-8.2.3-2022.10.22-000001","-","25051d08-9df1-4629-b2c6-d1eeb5aa9cfd",victim,"b15c43c7-63a1-423e-901b-f1acc6401711",victim,winlogbeat,"8.2.3","-","-","-","-","-","-","-","1.12.0","Process Create (rule: ProcessCreate)",process,1,"Oct 23, 2022 @ 01:50:31.584","Oct 23, 2022 @ 01:53:11.311",event,sysmon,"-","Microsoft-Windows-Sysmon","-",start,"-","-","-","-","-","x86_64",victim,"461f0bd2-c182-413a-8a41-2a8e4accb4a9","fe80::4959:93ba:69a6:522d, 10.0.2.15, fe80::91a8:3d9e:36ba:f548, 172.19.96.10","08:00:27:7c:f3:ae, 08:00:27:22:f7:3c",victim,"19044.1889",windows,"10.0.19041.1889 (WinBuild.160101.0800)","Windows 10 Enterprise Evaluation","Windows 10 Enterprise Evaluation",windows,windows,"10.0",information,"Process Create:
RuleName: -
UtcTime: 2022-10-22 17:48:14.257
ProcessGuid: {461f0bd2-2cde-6354-2100-000000001f00}
ProcessId: 1780
Image: C:\Windows\System32\svchost.exe
FileVersion: 10.0.19041.1806 (WinBuild.160101.0800)
Description: Host Process for Windows Services
Product: Microsoft® Windows® Operating System
Company: Microsoft Corporation
OriginalFileName: svchost.exe
CommandLine: C:\Windows\System32\svchost.exe -k LocalServiceNetworkRestricted -p
CurrentDirectory: C:\Windows\system32\
User: NT AUTHORITY\LOCAL SERVICE
LogonGuid: {461f0bd2-2cdc-6354-e503-000000000000}
LogonId: 0x3E5
TerminalSessionId: 0
IntegrityLevel: System
Hashes: MD5=B7F884C1B74A263F746EE12A5F7C9F6A,SHA256=ADD683A6910ABBBF0E28B557FAD0BA998166394932AE2ACA069D9AA19EA8FE88,IMPHASH=247B9220E5D9B720A82B2C8B5069AD69
ParentProcessGuid: {461f0bd2-2cdb-6354-0b00-000000001f00}
ParentProcessId: 644
ParentImage: C:\Windows\System32\services.exe
ParentCommandLine: C:\Windows\system32\services.exe
ParentUser: NT AUTHORITY\SYSTEM","-","-","-","-","-","-","-","-","-","-","-","-","C:\Windows\System32\svchost.exe, -k, LocalServiceNetworkRestricted, -p",4,"C:\Windows\System32\svchost.exe -k LocalServiceNetworkRestricted -p","C:\Windows\System32\svchost.exe -k LocalServiceNetworkRestricted -p","{461f0bd2-2cde-6354-2100-000000001f00}","C:\Windows\System32\svchost.exe","C:\Windows\System32\svchost.exe",b7f884c1b74a263f746ee12a5f7c9f6a,add683a6910abbbf0e28b557fad0ba998166394932ae2aca069d9aa19ea8fe88,"svchost.exe","svchost.exe","C:\Windows\system32\services.exe",1,"C:\Windows\system32\services.exe","C:\Windows\system32\services.exe","{461f0bd2-2cdb-6354-0b00-000000001f00}","C:\Windows\System32\services.exe","C:\Windows\System32\services.exe","services.exe","services.exe",644,"Microsoft Corporation","Host Process for Windows Services","10.0.19041.1806 (WinBuild.160101.0800)",247b9220e5d9b720a82b2c8b5069ad69,"svchost.exe","Microsoft® Windows® Operating System",1780,"-","-","C:\Windows\system32\","C:\Windows\system32\","-","-","-","-","-","-","add683a6910abbbf0e28b557fad0ba998166394932ae2aca069d9aa19ea8fe88, b7f884c1b74a263f746ee12a5f7c9f6a, 247b9220e5d9b720a82b2c8b5069ad69","-","-","LOCAL SERVICE","-","-","NT AUTHORITY","-","S-1-5-18","LOCAL SERVICE","LOCAL SERVICE","-",wineventlog,"Microsoft-Windows-Sysmon/Operational",victim,"Microsoft Corporation","-","Host Process for Windows Services","-","10.0.19041.1806 (WinBuild.160101.0800)",System,"{461f0bd2-2cdc-6354-e503-000000000000}",0x3e5,"-","NT AUTHORITY\SYSTEM","-","Microsoft® Windows® Operating System","-","-","-","-","-","-","-","-",0,"-",1,"-","-",Info,"2,240","2,984","{5770385f-c22a-43e0-bf4c-06f5698ffbd9}","Microsoft-Windows-Sysmon",4961,"Process Create (rule: ProcessCreate)","NT AUTHORITY","S-1-5-18",SYSTEM,User,5
"Oct 23, 2022 @ 01:48:14.192",rkXTAIQBHC0TB3lJzJmU,".ds-winlogbeat-8.2.3-2022.10.22-000001","-","25051d08-9df1-4629-b2c6-d1eeb5aa9cfd",victim,"b15c43c7-63a1-423e-901b-f1acc6401711",victim,winlogbeat,"8.2.3","-","-","-","-","-","-","-","1.12.0","Process Create (rule: ProcessCreate)",process,1,"Oct 23, 2022 @ 01:50:31.584","Oct 23, 2022 @ 01:53:11.311",event,sysmon,"-","Microsoft-Windows-Sysmon","-",start,"-","-","-","-","-","x86_64",victim,"461f0bd2-c182-413a-8a41-2a8e4accb4a9","fe80::4959:93ba:69a6:522d, 10.0.2.15, fe80::91a8:3d9e:36ba:f548, 172.19.96.10","08:00:27:7c:f3:ae, 08:00:27:22:f7:3c",victim,"19044.1889",windows,"10.0.19041.1889 (WinBuild.160101.0800)","Windows 10 Enterprise Evaluation","Windows 10 Enterprise Evaluation",windows,windows,"10.0",information,"Process Create:
RuleName: -
UtcTime: 2022-10-22 17:48:14.192
ProcessGuid: {461f0bd2-2cde-6354-2000-000000001f00}
ProcessId: 1760
Image: C:\Windows\System32\svchost.exe
FileVersion: 10.0.19041.1806 (WinBuild.160101.0800)
Description: Host Process for Windows Services
Product: Microsoft® Windows® Operating System
Company: Microsoft Corporation
OriginalFileName: svchost.exe
CommandLine: C:\Windows\system32\svchost.exe -k LocalService -p
CurrentDirectory: C:\Windows\system32\
User: NT AUTHORITY\LOCAL SERVICE
LogonGuid: {461f0bd2-2cdc-6354-e503-000000000000}
LogonId: 0x3E5
TerminalSessionId: 0
IntegrityLevel: System
Hashes: MD5=B7F884C1B74A263F746EE12A5F7C9F6A,SHA256=ADD683A6910ABBBF0E28B557FAD0BA998166394932AE2ACA069D9AA19EA8FE88,IMPHASH=247B9220E5D9B720A82B2C8B5069AD69
ParentProcessGuid: {461f0bd2-2cdb-6354-0b00-000000001f00}
ParentProcessId: 644
ParentImage: C:\Windows\System32\services.exe
ParentCommandLine: C:\Windows\system32\services.exe
ParentUser: NT AUTHORITY\SYSTEM","-","-","-","-","-","-","-","-","-","-","-","-","C:\Windows\system32\svchost.exe, -k, LocalService, -p",4,"C:\Windows\system32\svchost.exe -k LocalService -p","C:\Windows\system32\svchost.exe -k LocalService -p","{461f0bd2-2cde-6354-2000-000000001f00}","C:\Windows\System32\svchost.exe","C:\Windows\System32\svchost.exe",b7f884c1b74a263f746ee12a5f7c9f6a,add683a6910abbbf0e28b557fad0ba998166394932ae2aca069d9aa19ea8fe88,"svchost.exe","svchost.exe","C:\Windows\system32\services.exe",1,"C:\Windows\system32\services.exe","C:\Windows\system32\services.exe","{461f0bd2-2cdb-6354-0b00-000000001f00}","C:\Windows\System32\services.exe","C:\Windows\System32\services.exe","services.exe","services.exe",644,"Microsoft Corporation","Host Process for Windows Services","10.0.19041.1806 (WinBuild.160101.0800)",247b9220e5d9b720a82b2c8b5069ad69,"svchost.exe","Microsoft® Windows® Operating System",1760,"-","-","C:\Windows\system32\","C:\Windows\system32\","-","-","-","-","-","-","add683a6910abbbf0e28b557fad0ba998166394932ae2aca069d9aa19ea8fe88, b7f884c1b74a263f746ee12a5f7c9f6a, 247b9220e5d9b720a82b2c8b5069ad69","-","-","LOCAL SERVICE","-","-","NT AUTHORITY","-","S-1-5-18","LOCAL SERVICE","LOCAL SERVICE","-",wineventlog,"Microsoft-Windows-Sysmon/Operational",victim,"Microsoft Corporation","-","Host Process for Windows Services","-","10.0.19041.1806 (WinBuild.160101.0800)",System,"{461f0bd2-2cdc-6354-e503-000000000000}",0x3e5,"-","NT AUTHORITY\SYSTEM","-","Microsoft® Windows® Operating System","-","-","-","-","-","-","-","-",0,"-",1,"-","-",Info,"2,240","2,984","{5770385f-c22a-43e0-bf4c-06f5698ffbd9}","Microsoft-Windows-Sysmon",4960,"Process Create (rule: ProcessCreate)","NT AUTHORITY","S-1-5-18",SYSTEM,User,5
"Oct 23, 2022 @ 01:48:13.948",rUXTAIQBHC0TB3lJzJmU,".ds-winlogbeat-8.2.3-2022.10.22-000001","-","25051d08-9df1-4629-b2c6-d1eeb5aa9cfd",victim,"b15c43c7-63a1-423e-901b-f1acc6401711",victim,winlogbeat,"8.2.3","-","-","-","-","-","-","-","1.12.0","Process Create (rule: ProcessCreate)",process,1,"Oct 23, 2022 @ 01:50:31.584","Oct 23, 2022 @ 01:53:11.311",event,sysmon,"-","Microsoft-Windows-Sysmon","-",start,"-","-","-","-","-","x86_64",victim,"461f0bd2-c182-413a-8a41-2a8e4accb4a9","fe80::4959:93ba:69a6:522d, 10.0.2.15, fe80::91a8:3d9e:36ba:f548, 172.19.96.10","08:00:27:7c:f3:ae, 08:00:27:22:f7:3c",victim,"19044.1889",windows,"10.0.19041.1889 (WinBuild.160101.0800)","Windows 10 Enterprise Evaluation","Windows 10 Enterprise Evaluation",windows,windows,"10.0",information,"Process Create:
RuleName: -
UtcTime: 2022-10-22 17:48:13.948
ProcessGuid: {461f0bd2-2cdd-6354-1e00-000000001f00}
ProcessId: 1588
Image: C:\Windows\System32\VBoxService.exe
FileVersion: 6.1.38.153438
Description: VirtualBox Guest Additions Service
Product: Oracle VM VirtualBox Guest Additions
Company: Oracle Corporation
OriginalFileName: VBoxService.exe
CommandLine: C:\Windows\System32\VBoxService.exe
CurrentDirectory: C:\Windows\system32\
User: NT AUTHORITY\SYSTEM
LogonGuid: {461f0bd2-2cdb-6354-e703-000000000000}
LogonId: 0x3E7
TerminalSessionId: 0
IntegrityLevel: System
Hashes: MD5=7730818F3E2EF671D7C4CB6DE4B5F863,SHA256=E53A002884A36307D75E2680F6578C2C91C2FB64095A84E9C676B317452F61C7,IMPHASH=F544363ED1346DD44E90069043167165
ParentProcessGuid: {461f0bd2-2cdb-6354-0b00-000000001f00}
ParentProcessId: 644
ParentImage: C:\Windows\System32\services.exe
ParentCommandLine: C:\Windows\system32\services.exe
ParentUser: NT AUTHORITY\SYSTEM","-","-","-","-","-","-","-","-","-","-","-","-","C:\Windows\System32\VBoxService.exe",1,"C:\Windows\System32\VBoxService.exe","C:\Windows\System32\VBoxService.exe","{461f0bd2-2cdd-6354-1e00-000000001f00}","C:\Windows\System32\VBoxService.exe","C:\Windows\System32\VBoxService.exe",7730818f3e2ef671d7c4cb6de4b5f863,e53a002884a36307d75e2680f6578c2c91c2fb64095a84e9c676b317452f61c7,"VBoxService.exe","VBoxService.exe","C:\Windows\system32\services.exe",1,"C:\Windows\system32\services.exe","C:\Windows\system32\services.exe","{461f0bd2-2cdb-6354-0b00-000000001f00}","C:\Windows\System32\services.exe","C:\Windows\System32\services.exe","services.exe","services.exe",644,"Oracle Corporation","VirtualBox Guest Additions Service","6.1.38.153438",f544363ed1346dd44e90069043167165,"VBoxService.exe","Oracle VM VirtualBox Guest Additions",1588,"-","-","C:\Windows\system32\","C:\Windows\system32\","-","-","-","-","-","-","e53a002884a36307d75e2680f6578c2c91c2fb64095a84e9c676b317452f61c7, 7730818f3e2ef671d7c4cb6de4b5f863, f544363ed1346dd44e90069043167165","-","-",SYSTEM,"-","-","NT AUTHORITY","-","S-1-5-18",SYSTEM,SYSTEM,"-",wineventlog,"Microsoft-Windows-Sysmon/Operational",victim,"Oracle Corporation","-","VirtualBox Guest Additions Service","-","6.1.38.153438",System,"{461f0bd2-2cdb-6354-e703-000000000000}",0x3e7,"-","NT AUTHORITY\SYSTEM","-","Oracle VM VirtualBox Guest Additions","-","-","-","-","-","-","-","-",0,"-",1,"-","-",Info,"2,240","2,984","{5770385f-c22a-43e0-bf4c-06f5698ffbd9}","Microsoft-Windows-Sysmon",4959,"Process Create (rule: ProcessCreate)","NT AUTHORITY","S-1-5-18",SYSTEM,User,5
"Oct 23, 2022 @ 01:48:13.736",rEXTAIQBHC0TB3lJzJmU,".ds-winlogbeat-8.2.3-2022.10.22-000001","-","25051d08-9df1-4629-b2c6-d1eeb5aa9cfd",victim,"b15c43c7-63a1-423e-901b-f1acc6401711",victim,winlogbeat,"8.2.3","-","-","-","-","-","-","-","1.12.0","Process Create (rule: ProcessCreate)",process,1,"Oct 23, 2022 @ 01:50:31.584","Oct 23, 2022 @ 01:53:11.310",event,sysmon,"-","Microsoft-Windows-Sysmon","-",start,"-","-","-","-","-","x86_64",victim,"461f0bd2-c182-413a-8a41-2a8e4accb4a9","fe80::4959:93ba:69a6:522d, 10.0.2.15, fe80::91a8:3d9e:36ba:f548, 172.19.96.10","08:00:27:7c:f3:ae, 08:00:27:22:f7:3c",victim,"19044.1889",windows,"10.0.19041.1889 (WinBuild.160101.0800)","Windows 10 Enterprise Evaluation","Windows 10 Enterprise Evaluation",windows,windows,"10.0",information,"Process Create:
RuleName: -
UtcTime: 2022-10-22 17:48:13.736
ProcessGuid: {461f0bd2-2cdd-6354-1d00-000000001f00}
ProcessId: 1500
Image: C:\Windows\System32\upfc.exe
FileVersion: 10.0.19041.1 (WinBuild.160101.0800)
Description: Updateability From SCM
Product: Microsoft® Windows® Operating System
Company: Microsoft Corporation
OriginalFileName: upfc.exe
CommandLine: C:\Windows\System32\Upfc.exe /launchtype boot /cv fDSeTVXqP0CumgK4AYI5Dw.0
CurrentDirectory: C:\Windows\system32\
User: NT AUTHORITY\SYSTEM
LogonGuid: {461f0bd2-2cdb-6354-e703-000000000000}
LogonId: 0x3E7
TerminalSessionId: 0
IntegrityLevel: System
Hashes: MD5=299EA296575CCB9D2C1A779062535D5C,SHA256=EE44FE14DF89C4E5EAF8398F8FB4823FD910C5A94D913653D6B9E831254F6CC2,IMPHASH=49394AADDEF3EB66CCAB094EE1702917
ParentProcessGuid: {461f0bd2-2cdb-6354-0b00-000000001f00}
ParentProcessId: 644
ParentImage: C:\Windows\System32\services.exe
ParentCommandLine: C:\Windows\system32\services.exe
ParentUser: NT AUTHORITY\SYSTEM","-","-","-","-","-","-","-","-","-","-","-","-","C:\Windows\System32\Upfc.exe, /launchtype, boot, /cv, fDSeTVXqP0CumgK4AYI5Dw.0",5,"C:\Windows\System32\Upfc.exe /launchtype boot /cv fDSeTVXqP0CumgK4AYI5Dw.0","C:\Windows\System32\Upfc.exe /launchtype boot /cv fDSeTVXqP0CumgK4AYI5Dw.0","{461f0bd2-2cdd-6354-1d00-000000001f00}","C:\Windows\System32\upfc.exe","C:\Windows\System32\upfc.exe",299ea296575ccb9d2c1a779062535d5c,ee44fe14df89c4e5eaf8398f8fb4823fd910c5a94d913653d6b9e831254f6cc2,"upfc.exe","upfc.exe","C:\Windows\system32\services.exe",1,"C:\Windows\system32\services.exe","C:\Windows\system32\services.exe","{461f0bd2-2cdb-6354-0b00-000000001f00}","C:\Windows\System32\services.exe","C:\Windows\System32\services.exe","services.exe","services.exe",644,"Microsoft Corporation","Updateability From SCM","10.0.19041.1 (WinBuild.160101.0800)",49394aaddef3eb66ccab094ee1702917,"upfc.exe","Microsoft® Windows® Operating System",1500,"-","-","C:\Windows\system32\","C:\Windows\system32\","-","-","-","-","-","-","ee44fe14df89c4e5eaf8398f8fb4823fd910c5a94d913653d6b9e831254f6cc2, 299ea296575ccb9d2c1a779062535d5c, 49394aaddef3eb66ccab094ee1702917","-","-",SYSTEM,"-","-","NT AUTHORITY","-","S-1-5-18",SYSTEM,SYSTEM,"-",wineventlog,"Microsoft-Windows-Sysmon/Operational",victim,"Microsoft Corporation","-","Updateability From SCM","-","10.0.19041.1 (WinBuild.160101.0800)",System,"{461f0bd2-2cdb-6354-e703-000000000000}",0x3e7,"-","NT AUTHORITY\SYSTEM","-","Microsoft® Windows® Operating System","-","-","-","-","-","-","-","-",0,"-",1,"-","-",Info,"2,240","2,984","{5770385f-c22a-43e0-bf4c-06f5698ffbd9}","Microsoft-Windows-Sysmon",4958,"Process Create (rule: ProcessCreate)","NT AUTHORITY","S-1-5-18",SYSTEM,User,5
