"Oct 23, 2022 @ 01:46:43.196",hkXQAIQBHC0TB3lJ8ZdV,".ds-winlogbeat-8.2.3-2022.10.22-000001","-","c2c04a29-9d47-4de5-86f6-5958b0d4222c",victim,"b15c43c7-63a1-423e-901b-f1acc6401711",victim,winlogbeat,"8.2.3","-","-","-","-","-","-","-","1.12.0","Executing Pipeline",process,4103,"Oct 23, 2022 @ 01:50:07.552","Oct 23, 2022 @ 01:50:04.097",event,powershell,"-","Microsoft-Windows-PowerShell",18,info,"C:\Windows\system32\WindowsPowerShell\v1.0\Modules\Microsoft.PowerShell.Archive",psm1,"Microsoft.PowerShell.Archive.psm1","C:\Windows\system32\WindowsPowerShell\v1.0\Modules\Microsoft.PowerShell.Archive\Microsoft.PowerShell.Archive.psm1","C:\Windows\system32\WindowsPowerShell\v1.0\Modules\Microsoft.PowerShell.Archive\Microsoft.PowerShell.Archive.psm1","x86_64",victim,"461f0bd2-c182-413a-8a41-2a8e4accb4a9","fe80::4959:93ba:69a6:522d, 10.0.2.15, fe80::91a8:3d9e:36ba:f548, 172.19.96.10","08:00:27:7c:f3:ae, 08:00:27:22:f7:3c",victim,"19044.1889",windows,"10.0.19041.1889 (WinBuild.160101.0800)","Windows 10 Enterprise Evaluation","Windows 10 Enterprise Evaluation",windows,windows,"10.0",information,"CommandInvocation(Add-Type): ""Add-Type""
ParameterBinding(Add-Type): name=""AssemblyName""; value=""System.IO.Compression.FileSystem""


Context:
        Severity = Informational
        Host Name = ConsoleHost
        Host Version = 5.1.19041.1682
        Host ID = 466a3677-53cd-477c-9abd-c3c5abdf7ef6
        Host Application = powershell.exe -command Expand-Archive -Force 'C:\Supertools\Nsudo.zip' 'C:\Supertools\Nsudo'
        Engine Version = 5.1.19041.1682
        Runspace ID = a90e4674-95ec-4ce7-afb7-06d460539be0
        Pipeline ID = 1
        Command Name = Add-Type
        Command Type = Cmdlet
        Script Name = C:\Windows\system32\WindowsPowerShell\v1.0\Modules\Microsoft.PowerShell.Archive\Microsoft.PowerShell.Archive.psm1
        Command Path = 
        Sequence Number = 18
        User = VICTIM\Patricia Goh
        Connected User = 
        Shell ID = Microsoft.PowerShell


User Data:","-","""AssemblyName""","Add-Type, Add-Type","CommandInvocation, ParameterBinding","""Add-Type"", ""System.IO.Compression.FileSystem""","Add-Type",Cmdlet,"5.1.19041.1682","Microsoft.PowerShell",1,"5.1.19041.1682","a90e4674-95ec-4ce7-afb7-06d460539be0","powershell.exe, -command, Expand-Archive, -Force, 'C:\Supertools\Nsudo.zip', 'C:\Supertools\Nsudo'",6,"powershell.exe -command Expand-Archive -Force 'C:\Supertools\Nsudo.zip' 'C:\Supertools\Nsudo'","powershell.exe -command Expand-Archive -Force 'C:\Supertools\Nsudo.zip' 'C:\Supertools\Nsudo'","466a3677-53cd-477c-9abd-c3c5abdf7ef6","-","-","-","-","-","-","-","-","-","-","-","-","-","-","-","-","-","-","-","-","-","-","-",ConsoleHost,ConsoleHost,"-","-","-","-","-","-","-","-","-","-","-","Patricia Goh","-","-",VICTIM,"-","S-1-5-21-2122377032-2002226406-4116515985-1002","Patricia Goh","Patricia Goh","{73dcd2f9-e634-0000-abd9-dc7334e6d801}",wineventlog,"Microsoft-Windows-PowerShell/Operational",victim,"-","-","-","-","-","-","-","-","-","-","-","-","-","-","-","-","-","-","-","-","-","-",4103,"-","-","To be used when operation is just executing a method","5,936","5,028","{a0c1853b-5c40-4b15-8766-3cf1c58f985a}","Microsoft-Windows-PowerShell",2124,"Executing Pipeline",VICTIM,"S-1-5-21-2122377032-2002226406-4116515985-1002","Patricia Goh",User,1
"Oct 23, 2022 @ 01:46:43.190",hUXQAIQBHC0TB3lJ8ZdV,".ds-winlogbeat-8.2.3-2022.10.22-000001","-","c2c04a29-9d47-4de5-86f6-5958b0d4222c",victim,"b15c43c7-63a1-423e-901b-f1acc6401711",victim,winlogbeat,"8.2.3","-","-","-","-","-","-","-","1.12.0","Executing Pipeline",process,4103,"Oct 23, 2022 @ 01:50:07.552","Oct 23, 2022 @ 01:50:04.087",event,powershell,"-","Microsoft-Windows-PowerShell",16,info,"C:\Windows\system32\WindowsPowerShell\v1.0\Modules\Microsoft.PowerShell.Archive",psm1,"Microsoft.PowerShell.Archive.psm1","C:\Windows\system32\WindowsPowerShell\v1.0\Modules\Microsoft.PowerShell.Archive\Microsoft.PowerShell.Archive.psm1","C:\Windows\system32\WindowsPowerShell\v1.0\Modules\Microsoft.PowerShell.Archive\Microsoft.PowerShell.Archive.psm1","x86_64",victim,"461f0bd2-c182-413a-8a41-2a8e4accb4a9","fe80::4959:93ba:69a6:522d, 10.0.2.15, fe80::91a8:3d9e:36ba:f548, 172.19.96.10","08:00:27:7c:f3:ae, 08:00:27:22:f7:3c",victim,"19044.1889",windows,"10.0.19041.1889 (WinBuild.160101.0800)","Windows 10 Enterprise Evaluation","Windows 10 Enterprise Evaluation",windows,windows,"10.0",information,"CommandInvocation(Add-Type): ""Add-Type""
ParameterBinding(Add-Type): name=""AssemblyName""; value=""System.IO.Compression""


Context:
        Severity = Informational
        Host Name = ConsoleHost
        Host Version = 5.1.19041.1682
        Host ID = 466a3677-53cd-477c-9abd-c3c5abdf7ef6
        Host Application = powershell.exe -command Expand-Archive -Force 'C:\Supertools\Nsudo.zip' 'C:\Supertools\Nsudo'
        Engine Version = 5.1.19041.1682
        Runspace ID = a90e4674-95ec-4ce7-afb7-06d460539be0
        Pipeline ID = 1
        Command Name = Add-Type
        Command Type = Cmdlet
        Script Name = C:\Windows\system32\WindowsPowerShell\v1.0\Modules\Microsoft.PowerShell.Archive\Microsoft.PowerShell.Archive.psm1
        Command Path = 
        Sequence Number = 16
        User = VICTIM\Patricia Goh
        Connected User = 
        Shell ID = Microsoft.PowerShell


User Data:","-","""AssemblyName""","Add-Type, Add-Type","CommandInvocation, ParameterBinding","""Add-Type"", ""System.IO.Compression""","Add-Type",Cmdlet,"5.1.19041.1682","Microsoft.PowerShell",1,"5.1.19041.1682","a90e4674-95ec-4ce7-afb7-06d460539be0","powershell.exe, -command, Expand-Archive, -Force, 'C:\Supertools\Nsudo.zip', 'C:\Supertools\Nsudo'",6,"powershell.exe -command Expand-Archive -Force 'C:\Supertools\Nsudo.zip' 'C:\Supertools\Nsudo'","powershell.exe -command Expand-Archive -Force 'C:\Supertools\Nsudo.zip' 'C:\Supertools\Nsudo'","466a3677-53cd-477c-9abd-c3c5abdf7ef6","-","-","-","-","-","-","-","-","-","-","-","-","-","-","-","-","-","-","-","-","-","-","-",ConsoleHost,ConsoleHost,"-","-","-","-","-","-","-","-","-","-","-","Patricia Goh","-","-",VICTIM,"-","S-1-5-21-2122377032-2002226406-4116515985-1002","Patricia Goh","Patricia Goh","{73dcd2f9-e634-0001-20db-dc7334e6d801}",wineventlog,"Microsoft-Windows-PowerShell/Operational",victim,"-","-","-","-","-","-","-","-","-","-","-","-","-","-","-","-","-","-","-","-","-","-",4103,"-","-","To be used when operation is just executing a method","5,936","5,028","{a0c1853b-5c40-4b15-8766-3cf1c58f985a}","Microsoft-Windows-PowerShell",2123,"Executing Pipeline",VICTIM,"S-1-5-21-2122377032-2002226406-4116515985-1002","Patricia Goh",User,1
"Oct 23, 2022 @ 01:46:39.672",gUXQAIQBHC0TB3lJ9phU,".ds-winlogbeat-8.2.3-2022.10.22-000001","-","c2c04a29-9d47-4de5-86f6-5958b0d4222c",victim,"b15c43c7-63a1-423e-901b-f1acc6401711",victim,winlogbeat,"8.2.3","-","-","-","-","-","-","-","1.12.0","File created (rule: FileCreate)",file,11,"Oct 23, 2022 @ 01:50:09.609","Oct 23, 2022 @ 01:50:05.380",event,sysmon,"-","Microsoft-Windows-Sysmon","-",creation,"C:\Users\Patricia Goh\AppData\Local\Temp",ps1,"__PSScriptPolicyTest_cbi0dpyc.v1y.ps1","C:\Users\Patricia Goh\AppData\Local\Temp\__PSScriptPolicyTest_cbi0dpyc.v1y.ps1","C:\Users\Patricia Goh\AppData\Local\Temp\__PSScriptPolicyTest_cbi0dpyc.v1y.ps1","x86_64",victim,"461f0bd2-c182-413a-8a41-2a8e4accb4a9","fe80::4959:93ba:69a6:522d, 10.0.2.15, fe80::91a8:3d9e:36ba:f548, 172.19.96.10","08:00:27:7c:f3:ae, 08:00:27:22:f7:3c",victim,"19044.1889",windows,"10.0.19041.1889 (WinBuild.160101.0800)","Windows 10 Enterprise Evaluation","Windows 10 Enterprise Evaluation",windows,windows,"10.0",information,"File created:
RuleName: -
UtcTime: 2022-10-22 17:46:39.672
ProcessGuid: {461f0bd2-2c7a-6354-a300-000000001e00}
ProcessId: 5936
Image: C:\Windows\System32\WindowsPowerShell\v1.0\powershell.exe
TargetFilename: C:\Users\Patricia Goh\AppData\Local\Temp\__PSScriptPolicyTest_cbi0dpyc.v1y.ps1
CreationUtcTime: 2022-10-22 17:46:39.672
User: VICTIM\Patricia Goh","-","-","-","-","-","-","-","-","-","-","-","-","-","-","-","-","{461f0bd2-2c7a-6354-a300-000000001e00}","C:\Windows\System32\WindowsPowerShell\v1.0\powershell.exe","C:\Windows\System32\WindowsPowerShell\v1.0\powershell.exe","-","-","powershell.exe","powershell.exe","-","-","-","-","-","-","-","-","-","-","-","-","-","-","-","-",5936,"-","-","-","-","-","-","-","-","-","-","-","-","-","Patricia Goh","-","-",VICTIM,"-","S-1-5-18","Patricia Goh","Patricia Goh","-",wineventlog,"Microsoft-Windows-Sysmon/Operational",victim,"-","2022-10-22 17:46:39.672","-","-","-","-","-","-","-","-","-","-","-","-","-","-","-","-","-","-","-","-",11,"-","-",Info,"2,276","2,512","{5770385f-c22a-43e0-bf4c-06f5698ffbd9}","Microsoft-Windows-Sysmon",4875,"File created (rule: FileCreate)","NT AUTHORITY","S-1-5-18",SYSTEM,User,2
"Oct 23, 2022 @ 01:46:35.079",gEXQAIQBHC0TB3lJ9pgm,".ds-winlogbeat-8.2.3-2022.10.22-000001","-","c2c04a29-9d47-4de5-86f6-5958b0d4222c",victim,"b15c43c7-63a1-423e-901b-f1acc6401711",victim,winlogbeat,"8.2.3","-","-","-","-","-","-","-","1.12.0","File created (rule: FileCreate)",file,11,"Oct 23, 2022 @ 01:50:09.609","Oct 23, 2022 @ 01:50:05.350",event,sysmon,"-","Microsoft-Windows-Sysmon","-",creation,"C:\Users\Patricia Goh\AppData\Local\Temp",ps1,"__PSScriptPolicyTest_y1t5or4p.acz.ps1","C:\Users\Patricia Goh\AppData\Local\Temp\__PSScriptPolicyTest_y1t5or4p.acz.ps1","C:\Users\Patricia Goh\AppData\Local\Temp\__PSScriptPolicyTest_y1t5or4p.acz.ps1","x86_64",victim,"461f0bd2-c182-413a-8a41-2a8e4accb4a9","fe80::4959:93ba:69a6:522d, 10.0.2.15, fe80::91a8:3d9e:36ba:f548, 172.19.96.10","08:00:27:7c:f3:ae, 08:00:27:22:f7:3c",victim,"19044.1889",windows,"10.0.19041.1889 (WinBuild.160101.0800)","Windows 10 Enterprise Evaluation","Windows 10 Enterprise Evaluation",windows,windows,"10.0",information,"File created:
RuleName: -
UtcTime: 2022-10-22 17:46:35.079
ProcessGuid: {461f0bd2-2c7a-6354-a300-000000001e00}
ProcessId: 5936
Image: C:\Windows\System32\WindowsPowerShell\v1.0\powershell.exe
TargetFilename: C:\Users\Patricia Goh\AppData\Local\Temp\__PSScriptPolicyTest_y1t5or4p.acz.ps1
CreationUtcTime: 2022-10-22 17:46:35.079
User: VICTIM\Patricia Goh","-","-","-","-","-","-","-","-","-","-","-","-","-","-","-","-","{461f0bd2-2c7a-6354-a300-000000001e00}","C:\Windows\System32\WindowsPowerShell\v1.0\powershell.exe","C:\Windows\System32\WindowsPowerShell\v1.0\powershell.exe","-","-","powershell.exe","powershell.exe","-","-","-","-","-","-","-","-","-","-","-","-","-","-","-","-",5936,"-","-","-","-","-","-","-","-","-","-","-","-","-","Patricia Goh","-","-",VICTIM,"-","S-1-5-18","Patricia Goh","Patricia Goh","-",wineventlog,"Microsoft-Windows-Sysmon/Operational",victim,"-","2022-10-22 17:46:35.079","-","-","-","-","-","-","-","-","-","-","-","-","-","-","-","-","-","-","-","-",11,"-","-",Info,"2,276","2,512","{5770385f-c22a-43e0-bf4c-06f5698ffbd9}","Microsoft-Windows-Sysmon",4874,"File created (rule: FileCreate)","NT AUTHORITY","S-1-5-18",SYSTEM,User,2
"Oct 23, 2022 @ 01:46:34.477",fkXQAIQBHC0TB3lJ9pgm,".ds-winlogbeat-8.2.3-2022.10.22-000001","-","c2c04a29-9d47-4de5-86f6-5958b0d4222c",victim,"b15c43c7-63a1-423e-901b-f1acc6401711",victim,winlogbeat,"8.2.3","-","-","-","-","-","-","-","1.12.0","Process Create (rule: ProcessCreate)",process,1,"Oct 23, 2022 @ 01:50:09.609","Oct 23, 2022 @ 01:50:05.349",event,sysmon,"-","Microsoft-Windows-Sysmon","-",start,"-","-","-","-","-","x86_64",victim,"461f0bd2-c182-413a-8a41-2a8e4accb4a9","fe80::4959:93ba:69a6:522d, 10.0.2.15, fe80::91a8:3d9e:36ba:f548, 172.19.96.10","08:00:27:7c:f3:ae, 08:00:27:22:f7:3c",victim,"19044.1889",windows,"10.0.19041.1889 (WinBuild.160101.0800)","Windows 10 Enterprise Evaluation","Windows 10 Enterprise Evaluation",windows,windows,"10.0",information,"Process Create:
RuleName: -
UtcTime: 2022-10-22 17:46:34.477
ProcessGuid: {461f0bd2-2c7a-6354-a300-000000001e00}
ProcessId: 5936
Image: C:\Windows\System32\WindowsPowerShell\v1.0\powershell.exe
FileVersion: 10.0.19041.546 (WinBuild.160101.0800)
Description: Windows PowerShell
Product: Microsoft® Windows® Operating System
Company: Microsoft Corporation
OriginalFileName: PowerShell.EXE
CommandLine: powershell.exe  -command ""Expand-Archive -Force 'C:\Supertools\Nsudo.zip' 'C:\Supertools\Nsudo'""
CurrentDirectory: C:\
User: VICTIM\Patricia Goh
LogonGuid: {461f0bd2-2bde-6354-1787-040000000000}
LogonId: 0x48717
TerminalSessionId: 1
IntegrityLevel: High
Hashes: MD5=04029E121A0CFA5991749937DD22A1D9,SHA256=9F914D42706FE215501044ACD85A32D58AAEF1419D404FDDFA5D3B48F66CCD9F,IMPHASH=7C955A0ABC747F57CCC4324480737EF7
ParentProcessGuid: {461f0bd2-2c77-6354-9e00-000000001e00}
ParentProcessId: 1992
ParentImage: C:\Windows\System32\cmd.exe
ParentCommandLine: C:\Windows\system32\cmd.exe /c """"C:\Users\Patricia Goh\Desktop\Perci.bat"" ""
ParentUser: VICTIM\Patricia Goh","-","-","-","-","-","-","-","-","-","-","-","-","powershell.exe, -command, Expand-Archive -Force 'C:\Supertools\Nsudo.zip' 'C:\Supertools\Nsudo'",3,"powershell.exe  -command ""Expand-Archive -Force 'C:\Supertools\Nsudo.zip' 'C:\Supertools\Nsudo'""","powershell.exe  -command ""Expand-Archive -Force 'C:\Supertools\Nsudo.zip' 'C:\Supertools\Nsudo'""","{461f0bd2-2c7a-6354-a300-000000001e00}","C:\Windows\System32\WindowsPowerShell\v1.0\powershell.exe","C:\Windows\System32\WindowsPowerShell\v1.0\powershell.exe",04029e121a0cfa5991749937dd22a1d9,9f914d42706fe215501044acd85a32d58aaef1419d404fddfa5d3b48f66ccd9f,"powershell.exe","powershell.exe","C:\Windows\system32\cmd.exe, /c, C:\Users\Patricia, Goh\Desktop\Perci.bat ",4,"C:\Windows\system32\cmd.exe /c """"C:\Users\Patricia Goh\Desktop\Perci.bat"" ""","C:\Windows\system32\cmd.exe /c """"C:\Users\Patricia Goh\Desktop\Perci.bat"" ""","{461f0bd2-2c77-6354-9e00-000000001e00}","C:\Windows\System32\cmd.exe","C:\Windows\System32\cmd.exe","cmd.exe","cmd.exe",1992,"Microsoft Corporation","Windows PowerShell","10.0.19041.546 (WinBuild.160101.0800)",7c955a0abc747f57ccc4324480737ef7,"PowerShell.EXE","Microsoft® Windows® Operating System",5936,"-","-","C:\","C:\","-","-","-","-","-","-","9f914d42706fe215501044acd85a32d58aaef1419d404fddfa5d3b48f66ccd9f, 04029e121a0cfa5991749937dd22a1d9, 7c955a0abc747f57ccc4324480737ef7","-","-","Patricia Goh","-","-",VICTIM,"-","S-1-5-18","Patricia Goh","Patricia Goh","-",wineventlog,"Microsoft-Windows-Sysmon/Operational",victim,"Microsoft Corporation","-","Windows PowerShell","-","10.0.19041.546 (WinBuild.160101.0800)",High,"{461f0bd2-2bde-6354-1787-040000000000}",0x48717,"-","VICTIM\Patricia Goh","-","Microsoft® Windows® Operating System","-","-","-","-","-","-","-","-",1,"-",1,"-","-",Info,"2,276","2,512","{5770385f-c22a-43e0-bf4c-06f5698ffbd9}","Microsoft-Windows-Sysmon",4872,"Process Create (rule: ProcessCreate)","NT AUTHORITY","S-1-5-18",SYSTEM,User,5
"Oct 23, 2022 @ 01:46:32.561",fEXQAIQBHC0TB3lJ9pgm,".ds-winlogbeat-8.2.3-2022.10.22-000001","-","c2c04a29-9d47-4de5-86f6-5958b0d4222c",victim,"b15c43c7-63a1-423e-901b-f1acc6401711",victim,winlogbeat,"8.2.3","-","-","-","-","-","-","-","1.12.0","Process Create (rule: ProcessCreate)",process,1,"Oct 23, 2022 @ 01:50:09.609","Oct 23, 2022 @ 01:50:05.348",event,sysmon,"-","Microsoft-Windows-Sysmon","-",start,"-","-","-","-","-","x86_64",victim,"461f0bd2-c182-413a-8a41-2a8e4accb4a9","fe80::4959:93ba:69a6:522d, 10.0.2.15, fe80::91a8:3d9e:36ba:f548, 172.19.96.10","08:00:27:7c:f3:ae, 08:00:27:22:f7:3c",victim,"19044.1889",windows,"10.0.19041.1889 (WinBuild.160101.0800)","Windows 10 Enterprise Evaluation","Windows 10 Enterprise Evaluation",windows,windows,"10.0",information,"Process Create:
RuleName: -
UtcTime: 2022-10-22 17:46:32.561
ProcessGuid: {461f0bd2-2c78-6354-a200-000000001e00}
ProcessId: 2636
Image: C:\Windows\System32\bitsadmin.exe
FileVersion: 7.8.19041.1 (WinBuild.160101.0800)
Description: BITS administration utility
Product: Microsoft® Windows® Operating System
Company: Microsoft Corporation
OriginalFileName: bitsadmin.exe
CommandLine: bitsadmin  /transfer Download /download /priority FOREGROUND  https://github.com/M2Team/NSudo/releases/download/9.0-Preview1/NSudo_9.0_Preview1_9.0.2676.0.zip  C:\Supertools\Nsudo.zip 
CurrentDirectory: C:\
User: VICTIM\Patricia Goh
LogonGuid: {461f0bd2-2bde-6354-1787-040000000000}
LogonId: 0x48717
TerminalSessionId: 1
IntegrityLevel: High
Hashes: MD5=01AAB62D5799F75B0D69EB29C1CA6855,SHA256=739B2DD012EA183895CC01116906F339C9AA1C0BAABF6F22C8E59E25A0C12917,IMPHASH=774033454EB79213B09F788FC004A02D
ParentProcessGuid: {461f0bd2-2c77-6354-9e00-000000001e00}
ParentProcessId: 1992
ParentImage: C:\Windows\System32\cmd.exe
ParentCommandLine: C:\Windows\system32\cmd.exe /c """"C:\Users\Patricia Goh\Desktop\Perci.bat"" ""
ParentUser: VICTIM\Patricia Goh","-","-","-","-","-","-","-","-","-","-","-","-","bitsadmin, /transfer, Download, /download, /priority, FOREGROUND, https://github.com/M2Team/NSudo/releases/download/9.0-Preview1/NSudo_9.0_Preview1_9.0.2676.0.zip, C:\Supertools\Nsudo.zip",8,"bitsadmin  /transfer Download /download /priority FOREGROUND  https://github.com/M2Team/NSudo/releases/download/9.0-Preview1/NSudo_9.0_Preview1_9.0.2676.0.zip  C:\Supertools\Nsudo.zip ","bitsadmin  /transfer Download /download /priority FOREGROUND  https://github.com/M2Team/NSudo/releases/download/9.0-Preview1/NSudo_9.0_Preview1_9.0.2676.0.zip  C:\Supertools\Nsudo.zip ","{461f0bd2-2c78-6354-a200-000000001e00}","C:\Windows\System32\bitsadmin.exe","C:\Windows\System32\bitsadmin.exe",01aab62d5799f75b0d69eb29c1ca6855,739b2dd012ea183895cc01116906f339c9aa1c0baabf6f22c8e59e25a0c12917,"bitsadmin.exe","bitsadmin.exe","C:\Windows\system32\cmd.exe, /c, C:\Users\Patricia, Goh\Desktop\Perci.bat ",4,"C:\Windows\system32\cmd.exe /c """"C:\Users\Patricia Goh\Desktop\Perci.bat"" ""","C:\Windows\system32\cmd.exe /c """"C:\Users\Patricia Goh\Desktop\Perci.bat"" ""","{461f0bd2-2c77-6354-9e00-000000001e00}","C:\Windows\System32\cmd.exe","C:\Windows\System32\cmd.exe","cmd.exe","cmd.exe",1992,"Microsoft Corporation","BITS administration utility","7.8.19041.1 (WinBuild.160101.0800)",774033454eb79213b09f788fc004a02d,"bitsadmin.exe","Microsoft® Windows® Operating System",2636,"-","-","C:\","C:\","-","-","-","-","-","-","739b2dd012ea183895cc01116906f339c9aa1c0baabf6f22c8e59e25a0c12917, 01aab62d5799f75b0d69eb29c1ca6855, 774033454eb79213b09f788fc004a02d","-","-","Patricia Goh","-","-",VICTIM,"-","S-1-5-18","Patricia Goh","Patricia Goh","-",wineventlog,"Microsoft-Windows-Sysmon/Operational",victim,"Microsoft Corporation","-","BITS administration utility","-","7.8.19041.1 (WinBuild.160101.0800)",High,"{461f0bd2-2bde-6354-1787-040000000000}",0x48717,"-","VICTIM\Patricia Goh","-","Microsoft® Windows® Operating System","-","-","-","-","-","-","-","-",1,"-",1,"-","-",Info,"2,276","2,512","{5770385f-c22a-43e0-bf4c-06f5698ffbd9}","Microsoft-Windows-Sysmon",4870,"Process Create (rule: ProcessCreate)","NT AUTHORITY","S-1-5-18",SYSTEM,User,5
"Oct 23, 2022 @ 01:46:32.376",e0XQAIQBHC0TB3lJ9pgm,".ds-winlogbeat-8.2.3-2022.10.22-000001","-","c2c04a29-9d47-4de5-86f6-5958b0d4222c",victim,"b15c43c7-63a1-423e-901b-f1acc6401711",victim,winlogbeat,"8.2.3","-","-","-","-","-","-","-","1.12.0","Process Create (rule: ProcessCreate)",process,1,"Oct 23, 2022 @ 01:50:09.609","Oct 23, 2022 @ 01:50:05.348",event,sysmon,"-","Microsoft-Windows-Sysmon","-",start,"-","-","-","-","-","x86_64",victim,"461f0bd2-c182-413a-8a41-2a8e4accb4a9","fe80::4959:93ba:69a6:522d, 10.0.2.15, fe80::91a8:3d9e:36ba:f548, 172.19.96.10","08:00:27:7c:f3:ae, 08:00:27:22:f7:3c",victim,"19044.1889",windows,"10.0.19041.1889 (WinBuild.160101.0800)","Windows 10 Enterprise Evaluation","Windows 10 Enterprise Evaluation",windows,windows,"10.0",information,"Process Create:
RuleName: -
UtcTime: 2022-10-22 17:46:32.376
ProcessGuid: {461f0bd2-2c78-6354-a100-000000001e00}
ProcessId: 4728
Image: C:\Windows\System32\net1.exe
FileVersion: 10.0.19041.1466 (WinBuild.160101.0800)
Description: Net Command
Product: Microsoft® Windows® Operating System
Company: Microsoft Corporation
OriginalFileName: net1.exe
CommandLine: C:\Windows\system32\net1  session 
CurrentDirectory: C:\Users\Patricia Goh\Desktop\
User: VICTIM\Patricia Goh
LogonGuid: {461f0bd2-2bde-6354-1787-040000000000}
LogonId: 0x48717
TerminalSessionId: 1
IntegrityLevel: High
Hashes: MD5=55693DF2BB3CBE2899DFDDF18B4EB8C9,SHA256=18F76BC1F02A161EBDEDF3142273C186D05A836ADDCAAEE599194089FD59F398,IMPHASH=537AEF5B177E3302247DAB07A052B2D8
ParentProcessGuid: {461f0bd2-2c78-6354-a000-000000001e00}
ParentProcessId: 2300
ParentImage: C:\Windows\System32\net.exe
ParentCommandLine: net  session 
ParentUser: VICTIM\Patricia Goh","-","-","-","-","-","-","-","-","-","-","-","-","C:\Windows\system32\net1, session",2,"C:\Windows\system32\net1  session ","C:\Windows\system32\net1  session ","{461f0bd2-2c78-6354-a100-000000001e00}","C:\Windows\System32\net1.exe","C:\Windows\System32\net1.exe",55693df2bb3cbe2899dfddf18b4eb8c9,18f76bc1f02a161ebdedf3142273c186d05a836addcaaee599194089fd59f398,"net1.exe","net1.exe","net, session",2,"net  session ","net  session ","{461f0bd2-2c78-6354-a000-000000001e00}","C:\Windows\System32\net.exe","C:\Windows\System32\net.exe","net.exe","net.exe",2300,"Microsoft Corporation","Net Command","10.0.19041.1466 (WinBuild.160101.0800)",537aef5b177e3302247dab07a052b2d8,"net1.exe","Microsoft® Windows® Operating System",4728,"-","-","C:\Users\Patricia Goh\Desktop\","C:\Users\Patricia Goh\Desktop\","-","-","-","-","-","-","18f76bc1f02a161ebdedf3142273c186d05a836addcaaee599194089fd59f398, 55693df2bb3cbe2899dfddf18b4eb8c9, 537aef5b177e3302247dab07a052b2d8","-","-","Patricia Goh","-","-",VICTIM,"-","S-1-5-18","Patricia Goh","Patricia Goh","-",wineventlog,"Microsoft-Windows-Sysmon/Operational",victim,"Microsoft Corporation","-","Net Command","-","10.0.19041.1466 (WinBuild.160101.0800)",High,"{461f0bd2-2bde-6354-1787-040000000000}",0x48717,"-","VICTIM\Patricia Goh","-","Microsoft® Windows® Operating System","-","-","-","-","-","-","-","-",1,"-",1,"-","-",Info,"2,276","2,512","{5770385f-c22a-43e0-bf4c-06f5698ffbd9}","Microsoft-Windows-Sysmon",4869,"Process Create (rule: ProcessCreate)","NT AUTHORITY","S-1-5-18",SYSTEM,User,5
"Oct 23, 2022 @ 01:46:32.308",ekXQAIQBHC0TB3lJ9pgm,".ds-winlogbeat-8.2.3-2022.10.22-000001","-","c2c04a29-9d47-4de5-86f6-5958b0d4222c",victim,"b15c43c7-63a1-423e-901b-f1acc6401711",victim,winlogbeat,"8.2.3","-","-","-","-","-","-","-","1.12.0","Process Create (rule: ProcessCreate)",process,1,"Oct 23, 2022 @ 01:50:09.608","Oct 23, 2022 @ 01:50:05.348",event,sysmon,"-","Microsoft-Windows-Sysmon","-",start,"-","-","-","-","-","x86_64",victim,"461f0bd2-c182-413a-8a41-2a8e4accb4a9","fe80::4959:93ba:69a6:522d, 10.0.2.15, fe80::91a8:3d9e:36ba:f548, 172.19.96.10","08:00:27:7c:f3:ae, 08:00:27:22:f7:3c",victim,"19044.1889",windows,"10.0.19041.1889 (WinBuild.160101.0800)","Windows 10 Enterprise Evaluation","Windows 10 Enterprise Evaluation",windows,windows,"10.0",information,"Process Create:
RuleName: -
UtcTime: 2022-10-22 17:46:32.308
ProcessGuid: {461f0bd2-2c78-6354-a000-000000001e00}
ProcessId: 2300
Image: C:\Windows\System32\net.exe
FileVersion: 10.0.19041.1 (WinBuild.160101.0800)
Description: Net Command
Product: Microsoft® Windows® Operating System
Company: Microsoft Corporation
OriginalFileName: net.exe
CommandLine: net  session 
CurrentDirectory: C:\Users\Patricia Goh\Desktop\
User: VICTIM\Patricia Goh
LogonGuid: {461f0bd2-2bde-6354-1787-040000000000}
LogonId: 0x48717
TerminalSessionId: 1
IntegrityLevel: High
Hashes: MD5=0BD94A338EEA5A4E1F2830AE326E6D19,SHA256=9F376759BCBCD705F726460FC4A7E2B07F310F52BAA73CAAAAA124FDDBDF993E,IMPHASH=57F0C47AE2A1A2C06C8B987372AB0B07
ParentProcessGuid: {461f0bd2-2c77-6354-9e00-000000001e00}
ParentProcessId: 1992
ParentImage: C:\Windows\System32\cmd.exe
ParentCommandLine: C:\Windows\system32\cmd.exe /c """"C:\Users\Patricia Goh\Desktop\Perci.bat"" ""
ParentUser: VICTIM\Patricia Goh","-","-","-","-","-","-","-","-","-","-","-","-","net, session",2,"net  session ","net  session ","{461f0bd2-2c78-6354-a000-000000001e00}","C:\Windows\System32\net.exe","C:\Windows\System32\net.exe",0bd94a338eea5a4e1f2830ae326e6d19,9f376759bcbcd705f726460fc4a7e2b07f310f52baa73caaaaa124fddbdf993e,"net.exe","net.exe","C:\Windows\system32\cmd.exe, /c, C:\Users\Patricia, Goh\Desktop\Perci.bat ",4,"C:\Windows\system32\cmd.exe /c """"C:\Users\Patricia Goh\Desktop\Perci.bat"" ""","C:\Windows\system32\cmd.exe /c """"C:\Users\Patricia Goh\Desktop\Perci.bat"" ""","{461f0bd2-2c77-6354-9e00-000000001e00}","C:\Windows\System32\cmd.exe","C:\Windows\System32\cmd.exe","cmd.exe","cmd.exe",1992,"Microsoft Corporation","Net Command","10.0.19041.1 (WinBuild.160101.0800)",57f0c47ae2a1a2c06c8b987372ab0b07,"net.exe","Microsoft® Windows® Operating System",2300,"-","-","C:\Users\Patricia Goh\Desktop\","C:\Users\Patricia Goh\Desktop\","-","-","-","-","-","-","9f376759bcbcd705f726460fc4a7e2b07f310f52baa73caaaaa124fddbdf993e, 0bd94a338eea5a4e1f2830ae326e6d19, 57f0c47ae2a1a2c06c8b987372ab0b07","-","-","Patricia Goh","-","-",VICTIM,"-","S-1-5-18","Patricia Goh","Patricia Goh","-",wineventlog,"Microsoft-Windows-Sysmon/Operational",victim,"Microsoft Corporation","-","Net Command","-","10.0.19041.1 (WinBuild.160101.0800)",High,"{461f0bd2-2bde-6354-1787-040000000000}",0x48717,"-","VICTIM\Patricia Goh","-","Microsoft® Windows® Operating System","-","-","-","-","-","-","-","-",1,"-",1,"-","-",Info,"2,276","2,512","{5770385f-c22a-43e0-bf4c-06f5698ffbd9}","Microsoft-Windows-Sysmon",4868,"Process Create (rule: ProcessCreate)","NT AUTHORITY","S-1-5-18",SYSTEM,User,5
"Oct 23, 2022 @ 01:46:31.827",eUXQAIQBHC0TB3lJ9pgm,".ds-winlogbeat-8.2.3-2022.10.22-000001","-","c2c04a29-9d47-4de5-86f6-5958b0d4222c",victim,"b15c43c7-63a1-423e-901b-f1acc6401711",victim,winlogbeat,"8.2.3","-","-","-","-","-","-","-","1.12.0","Process Create (rule: ProcessCreate)",process,1,"Oct 23, 2022 @ 01:50:09.608","Oct 23, 2022 @ 01:50:05.347",event,sysmon,"-","Microsoft-Windows-Sysmon","-",start,"-","-","-","-","-","x86_64",victim,"461f0bd2-c182-413a-8a41-2a8e4accb4a9","fe80::4959:93ba:69a6:522d, 10.0.2.15, fe80::91a8:3d9e:36ba:f548, 172.19.96.10","08:00:27:7c:f3:ae, 08:00:27:22:f7:3c",victim,"19044.1889",windows,"10.0.19041.1889 (WinBuild.160101.0800)","Windows 10 Enterprise Evaluation","Windows 10 Enterprise Evaluation",windows,windows,"10.0",information,"Process Create:
RuleName: -
UtcTime: 2022-10-22 17:46:31.827
ProcessGuid: {461f0bd2-2c77-6354-9e00-000000001e00}
ProcessId: 1992
Image: C:\Windows\System32\cmd.exe
FileVersion: 10.0.19041.746 (WinBuild.160101.0800)
Description: Windows Command Processor
Product: Microsoft® Windows® Operating System
Company: Microsoft Corporation
OriginalFileName: Cmd.Exe
CommandLine: C:\Windows\system32\cmd.exe /c """"C:\Users\Patricia Goh\Desktop\Perci.bat"" ""
CurrentDirectory: C:\Users\Patricia Goh\Desktop\
User: VICTIM\Patricia Goh
LogonGuid: {461f0bd2-2bde-6354-1787-040000000000}
LogonId: 0x48717
TerminalSessionId: 1
IntegrityLevel: High
Hashes: MD5=8A2122E8162DBEF04694B9C3E0B6CDEE,SHA256=B99D61D874728EDC0918CA0EB10EAB93D381E7367E377406E65963366C874450,IMPHASH=272245E2988E1E430500B852C4FB5E18
ParentProcessGuid: {461f0bd2-2be4-6354-5d00-000000001e00}
ParentProcessId: 3332
ParentImage: C:\Windows\explorer.exe
ParentCommandLine: C:\Windows\Explorer.EXE
ParentUser: VICTIM\Patricia Goh","-","-","-","-","-","-","-","-","-","-","-","-","C:\Windows\system32\cmd.exe, /c, C:\Users\Patricia, Goh\Desktop\Perci.bat ",4,"C:\Windows\system32\cmd.exe /c """"C:\Users\Patricia Goh\Desktop\Perci.bat"" ""","C:\Windows\system32\cmd.exe /c """"C:\Users\Patricia Goh\Desktop\Perci.bat"" ""","{461f0bd2-2c77-6354-9e00-000000001e00}","C:\Windows\System32\cmd.exe","C:\Windows\System32\cmd.exe",8a2122e8162dbef04694b9c3e0b6cdee,b99d61d874728edc0918ca0eb10eab93d381e7367e377406e65963366c874450,"cmd.exe","cmd.exe","C:\Windows\Explorer.EXE",1,"C:\Windows\Explorer.EXE","C:\Windows\Explorer.EXE","{461f0bd2-2be4-6354-5d00-000000001e00}","C:\Windows\explorer.exe","C:\Windows\explorer.exe","explorer.exe","explorer.exe",3332,"Microsoft Corporation","Windows Command Processor","10.0.19041.746 (WinBuild.160101.0800)",272245e2988e1e430500b852c4fb5e18,"Cmd.Exe","Microsoft® Windows® Operating System",1992,"-","-","C:\Users\Patricia Goh\Desktop\","C:\Users\Patricia Goh\Desktop\","-","-","-","-","-","-","b99d61d874728edc0918ca0eb10eab93d381e7367e377406e65963366c874450, 8a2122e8162dbef04694b9c3e0b6cdee, 272245e2988e1e430500b852c4fb5e18","-","-","Patricia Goh","-","-",VICTIM,"-","S-1-5-18","Patricia Goh","Patricia Goh","-",wineventlog,"Microsoft-Windows-Sysmon/Operational",victim,"Microsoft Corporation","-","Windows Command Processor","-","10.0.19041.746 (WinBuild.160101.0800)",High,"{461f0bd2-2bde-6354-1787-040000000000}",0x48717,"-","VICTIM\Patricia Goh","-","Microsoft® Windows® Operating System","-","-","-","-","-","-","-","-",1,"-",1,"-","-",Info,"2,276","2,512","{5770385f-c22a-43e0-bf4c-06f5698ffbd9}","Microsoft-Windows-Sysmon",4867,"Process Create (rule: ProcessCreate)","NT AUTHORITY","S-1-5-18",SYSTEM,User,5
"Oct 23, 2022 @ 01:46:21.199",eEXQAIQBHC0TB3lJ9pgm,".ds-winlogbeat-8.2.3-2022.10.22-000001","-","c2c04a29-9d47-4de5-86f6-5958b0d4222c",victim,"b15c43c7-63a1-423e-901b-f1acc6401711",victim,winlogbeat,"8.2.3","-","-","-","-","-","-","-","1.12.0","Process Create (rule: ProcessCreate)",process,1,"Oct 23, 2022 @ 01:50:09.608","Oct 23, 2022 @ 01:50:05.347",event,sysmon,"-","Microsoft-Windows-Sysmon","-",start,"-","-","-","-","-","x86_64",victim,"461f0bd2-c182-413a-8a41-2a8e4accb4a9","fe80::4959:93ba:69a6:522d, 10.0.2.15, fe80::91a8:3d9e:36ba:f548, 172.19.96.10","08:00:27:7c:f3:ae, 08:00:27:22:f7:3c",victim,"19044.1889",windows,"10.0.19041.1889 (WinBuild.160101.0800)","Windows 10 Enterprise Evaluation","Windows 10 Enterprise Evaluation",windows,windows,"10.0",information,"Process Create:
RuleName: -
UtcTime: 2022-10-22 17:46:21.199
ProcessGuid: {461f0bd2-2c6d-6354-9c00-000000001e00}
ProcessId: 4284
Image: C:\Windows\System32\sc.exe
FileVersion: 10.0.19041.1 (WinBuild.160101.0800)
Description: Service Control Manager Configuration Tool
Product: Microsoft® Windows® Operating System
Company: Microsoft Corporation
OriginalFileName: sc.exe
CommandLine: C:\Windows\system32\sc.exe start pushtoinstall registration
CurrentDirectory: C:\Windows\system32\
User: NT AUTHORITY\SYSTEM
LogonGuid: {461f0bd2-1c1d-6354-e703-000000000000}
LogonId: 0x3E7
TerminalSessionId: 0
IntegrityLevel: System
Hashes: MD5=3FB5CF71F7E7EB49790CB0E663434D80,SHA256=41F067C3A11B02FE39947F9EBA68AE5C7CB5BD1872A6009A4CD1506554A9ABA9,IMPHASH=803254E010814E69947095A2725B2AFD
ParentProcessGuid: {00000000-0000-0000-0000-000000000000}
ParentProcessId: 512
ParentImage: -
ParentCommandLine: -
ParentUser: -","-","-","-","-","-","-","-","-","-","-","-","-","C:\Windows\system32\sc.exe, start, pushtoinstall, registration",4,"C:\Windows\system32\sc.exe start pushtoinstall registration","C:\Windows\system32\sc.exe start pushtoinstall registration","{461f0bd2-2c6d-6354-9c00-000000001e00}","C:\Windows\System32\sc.exe","C:\Windows\System32\sc.exe",3fb5cf71f7e7eb49790cb0e663434d80,41f067c3a11b02fe39947f9eba68ae5c7cb5bd1872a6009a4cd1506554a9aba9,"sc.exe","sc.exe","-",1,"-","-","{00000000-0000-0000-0000-000000000000}","-","-","-","-",512,"Microsoft Corporation","Service Control Manager Configuration Tool","10.0.19041.1 (WinBuild.160101.0800)",803254e010814e69947095a2725b2afd,"sc.exe","Microsoft® Windows® Operating System",4284,"-","-","C:\Windows\system32\","C:\Windows\system32\","-","-","-","-","-","-","41f067c3a11b02fe39947f9eba68ae5c7cb5bd1872a6009a4cd1506554a9aba9, 3fb5cf71f7e7eb49790cb0e663434d80, 803254e010814e69947095a2725b2afd","-","-",SYSTEM,"-","-","NT AUTHORITY","-","S-1-5-18",SYSTEM,SYSTEM,"-",wineventlog,"Microsoft-Windows-Sysmon/Operational",victim,"Microsoft Corporation","-","Service Control Manager Configuration Tool","-","10.0.19041.1 (WinBuild.160101.0800)",System,"{461f0bd2-1c1d-6354-e703-000000000000}",0x3e7,"-","-","-","Microsoft® Windows® Operating System","-","-","-","-","-","-","-","-",0,"-",1,"-","-",Info,"2,276","2,512","{5770385f-c22a-43e0-bf4c-06f5698ffbd9}","Microsoft-Windows-Sysmon",4866,"Process Create (rule: ProcessCreate)","NT AUTHORITY","S-1-5-18",SYSTEM,User,5
"Oct 23, 2022 @ 01:46:18.040",d0XQAIQBHC0TB3lJ9pgm,".ds-winlogbeat-8.2.3-2022.10.22-000001","-","c2c04a29-9d47-4de5-86f6-5958b0d4222c",victim,"b15c43c7-63a1-423e-901b-f1acc6401711",victim,winlogbeat,"8.2.3","-","-","-","-","-","-","-","1.12.0","Process Create (rule: ProcessCreate)",process,1,"Oct 23, 2022 @ 01:50:09.608","Oct 23, 2022 @ 01:50:05.347",event,sysmon,"-","Microsoft-Windows-Sysmon","-",start,"-","-","-","-","-","x86_64",victim,"461f0bd2-c182-413a-8a41-2a8e4accb4a9","fe80::4959:93ba:69a6:522d, 10.0.2.15, fe80::91a8:3d9e:36ba:f548, 172.19.96.10","08:00:27:7c:f3:ae, 08:00:27:22:f7:3c",victim,"19044.1889",windows,"10.0.19041.1889 (WinBuild.160101.0800)","Windows 10 Enterprise Evaluation","Windows 10 Enterprise Evaluation",windows,windows,"10.0",information,"Process Create:
RuleName: -
UtcTime: 2022-10-22 17:46:18.040
ProcessGuid: {461f0bd2-2c6a-6354-9a00-000000001e00}
ProcessId: 3296
Image: C:\Windows\System32\sc.exe
FileVersion: 10.0.19041.1 (WinBuild.160101.0800)
Description: Service Control Manager Configuration Tool
Product: Microsoft® Windows® Operating System
Company: Microsoft Corporation
OriginalFileName: sc.exe
CommandLine: C:\Windows\system32\sc.exe start wuauserv
CurrentDirectory: C:\Windows\system32\
User: NT AUTHORITY\SYSTEM
LogonGuid: {461f0bd2-1c1d-6354-e703-000000000000}
LogonId: 0x3E7
TerminalSessionId: 0
IntegrityLevel: System
Hashes: MD5=3FB5CF71F7E7EB49790CB0E663434D80,SHA256=41F067C3A11B02FE39947F9EBA68AE5C7CB5BD1872A6009A4CD1506554A9ABA9,IMPHASH=803254E010814E69947095A2725B2AFD
ParentProcessGuid: {00000000-0000-0000-0000-000000000000}
ParentProcessId: 512
ParentImage: -
ParentCommandLine: -
ParentUser: -","-","-","-","-","-","-","-","-","-","-","-","-","C:\Windows\system32\sc.exe, start, wuauserv",3,"C:\Windows\system32\sc.exe start wuauserv","C:\Windows\system32\sc.exe start wuauserv","{461f0bd2-2c6a-6354-9a00-000000001e00}","C:\Windows\System32\sc.exe","C:\Windows\System32\sc.exe",3fb5cf71f7e7eb49790cb0e663434d80,41f067c3a11b02fe39947f9eba68ae5c7cb5bd1872a6009a4cd1506554a9aba9,"sc.exe","sc.exe","-",1,"-","-","{00000000-0000-0000-0000-000000000000}","-","-","-","-",512,"Microsoft Corporation","Service Control Manager Configuration Tool","10.0.19041.1 (WinBuild.160101.0800)",803254e010814e69947095a2725b2afd,"sc.exe","Microsoft® Windows® Operating System",3296,"-","-","C:\Windows\system32\","C:\Windows\system32\","-","-","-","-","-","-","41f067c3a11b02fe39947f9eba68ae5c7cb5bd1872a6009a4cd1506554a9aba9, 3fb5cf71f7e7eb49790cb0e663434d80, 803254e010814e69947095a2725b2afd","-","-",SYSTEM,"-","-","NT AUTHORITY","-","S-1-5-18",SYSTEM,SYSTEM,"-",wineventlog,"Microsoft-Windows-Sysmon/Operational",victim,"Microsoft Corporation","-","Service Control Manager Configuration Tool","-","10.0.19041.1 (WinBuild.160101.0800)",System,"{461f0bd2-1c1d-6354-e703-000000000000}",0x3e7,"-","-","-","Microsoft® Windows® Operating System","-","-","-","-","-","-","-","-",0,"-",1,"-","-",Info,"2,276","2,512","{5770385f-c22a-43e0-bf4c-06f5698ffbd9}","Microsoft-Windows-Sysmon",4865,"Process Create (rule: ProcessCreate)","NT AUTHORITY","S-1-5-18",SYSTEM,User,5
"Oct 23, 2022 @ 01:46:03.826",dkXQAIQBHC0TB3lJ9pgm,".ds-winlogbeat-8.2.3-2022.10.22-000001","-","c2c04a29-9d47-4de5-86f6-5958b0d4222c",victim,"b15c43c7-63a1-423e-901b-f1acc6401711",victim,winlogbeat,"8.2.3","-","-","-","-","-","-","-","1.12.0","Process Create (rule: ProcessCreate)",process,1,"Oct 23, 2022 @ 01:50:09.608","Oct 23, 2022 @ 01:50:05.346",event,sysmon,"-","Microsoft-Windows-Sysmon","-",start,"-","-","-","-","-","x86_64",victim,"461f0bd2-c182-413a-8a41-2a8e4accb4a9","fe80::4959:93ba:69a6:522d, 10.0.2.15, fe80::91a8:3d9e:36ba:f548, 172.19.96.10","08:00:27:7c:f3:ae, 08:00:27:22:f7:3c",victim,"19044.1889",windows,"10.0.19041.1889 (WinBuild.160101.0800)","Windows 10 Enterprise Evaluation","Windows 10 Enterprise Evaluation",windows,windows,"10.0",information,"Process Create:
RuleName: -
UtcTime: 2022-10-22 17:46:03.826
ProcessGuid: {461f0bd2-2c5b-6354-9900-000000001e00}
ProcessId: 1800
Image: C:\Program Files (x86)\Microsoft\Edge\Application\msedge.exe
FileVersion: 106.0.1370.52
Description: Microsoft Edge
Product: Microsoft Edge
Company: Microsoft Corporation
OriginalFileName: msedge.exe
CommandLine: ""C:\Program Files (x86)\Microsoft\Edge\Application\msedge.exe"" --type=gpu-process --disable-gpu-sandbox --use-gl=disabled --gpu-vendor-id=5140 --gpu-device-id=140 --gpu-sub-system-id=0 --gpu-revision=0 --gpu-driver-version=10.0.19041.546 --gpu-preferences=UAAAAAAAAADoAAAYAAAAAAAAAAAAAAAAAABgAAAAAAAwAAAAAAAAAAAAAACQAAAAAAAAAAAAAAAAAAAAAAAAAEgAAAAAAAAASAAAAAAAAAAYAAAAAgAAABAAAAAAAAAAGAAAAAAAAAAQAAAAAAAAAAAAAAAOAAAAEAAAAAAAAAABAAAADgAAAAgAAAAAAAAACAAAAAAAAAA= --mojo-platform-channel-handle=2864 --field-trial-handle=2056,i,5493541093201038350,16130002037060351643,131072 /prefetch:2
CurrentDirectory: C:\Program Files (x86)\Microsoft\Edge\Application\106.0.1370.52\
User: VICTIM\Patricia Goh
LogonGuid: {461f0bd2-2bde-6354-1787-040000000000}
LogonId: 0x48717
TerminalSessionId: 1
IntegrityLevel: High
Hashes: MD5=989EA45A2622F79475C56299E9EDBC0C,SHA256=163801C311DAF2FAC7B2DEA0996AD03DDB16DBA13A0AC25D85878B0587F84D44,IMPHASH=82F187E22098B6CC42EB6250BA0FA1DA
ParentProcessGuid: {461f0bd2-2bf8-6354-6f00-000000001e00}
ParentProcessId: 4364
ParentImage: C:\Program Files (x86)\Microsoft\Edge\Application\msedge.exe
ParentCommandLine: ""C:\Program Files (x86)\Microsoft\Edge\Application\msedge.exe"" --no-startup-window --win-session-start /prefetch:5
ParentUser: VICTIM\Patricia Goh","-","-","-","-","-","-","-","-","-","-","-","-","C:\Program Files (x86)\Microsoft\Edge\Application\msedge.exe, --type=gpu-process, --disable-gpu-sandbox, --use-gl=disabled, --gpu-vendor-id=5140, --gpu-device-id=140, --gpu-sub-system-id=0, --gpu-revision=0, --gpu-driver-version=10.0.19041.546, --gpu-preferences=UAAAAAAAAADoAAAYAAAAAAAAAAAAAAAAAABgAAAAAAAwAAAAAAAAAAAAAACQAAAAAAAAAAAAAAAAAAAAAAAAAEgAAAAAAAAASAAAAAAAAAAYAAAAAgAAABAAAAAAAAAAGAAAAAAAAAAQAAAAAAAAAAAAAAAOAAAAEAAAAAAAAAABAAAADgAAAAgAAAAAAAAACAAAAAAAAAA=, --mojo-platform-channel-handle=2864, --field-trial-handle=2056,i,5493541093201038350,16130002037060351643,131072, /prefetch:2",13,"""C:\Program Files (x86)\Microsoft\Edge\Application\msedge.exe"" --type=gpu-process --disable-gpu-sandbox --use-gl=disabled --gpu-vendor-id=5140 --gpu-device-id=140 --gpu-sub-system-id=0 --gpu-revision=0 --gpu-driver-version=10.0.19041.546 --gpu-preferences=UAAAAAAAAADoAAAYAAAAAAAAAAAAAAAAAABgAAAAAAAwAAAAAAAAAAAAAACQAAAAAAAAAAAAAAAAAAAAAAAAAEgAAAAAAAAASAAAAAAAAAAYAAAAAgAAABAAAAAAAAAAGAAAAAAAAAAQAAAAAAAAAAAAAAAOAAAAEAAAAAAAAAABAAAADgAAAAgAAAAAAAAACAAAAAAAAAA= --mojo-platform-channel-handle=2864 --field-trial-handle=2056,i,5493541093201038350,16130002037060351643,131072 /prefetch:2","""C:\Program Files (x86)\Microsoft\Edge\Application\msedge.exe"" --type=gpu-process --disable-gpu-sandbox --use-gl=disabled --gpu-vendor-id=5140 --gpu-device-id=140 --gpu-sub-system-id=0 --gpu-revision=0 --gpu-driver-version=10.0.19041.546 --gpu-preferences=UAAAAAAAAADoAAAYAAAAAAAAAAAAAAAAAABgAAAAAAAwAAAAAAAAAAAAAACQAAAAAAAAAAAAAAAAAAAAAAAAAEgAAAAAAAAASAAAAAAAAAAYAAAAAgAAABAAAAAAAAAAGAAAAAAAAAAQAAAAAAAAAAAAAAAOAAAAEAAAAAAAAAABAAAADgAAAAgAAAAAAAAACAAAAAAAAAA= --mojo-platform-channel-handle=2864 --field-trial-handle=2056,i,5493541093201038350,16130002037060351643,131072 /prefetch:2","{461f0bd2-2c5b-6354-9900-000000001e00}","C:\Program Files (x86)\Microsoft\Edge\Application\msedge.exe","C:\Program Files (x86)\Microsoft\Edge\Application\msedge.exe",989ea45a2622f79475c56299e9edbc0c,163801c311daf2fac7b2dea0996ad03ddb16dba13a0ac25d85878b0587f84d44,"msedge.exe","msedge.exe","C:\Program Files (x86)\Microsoft\Edge\Application\msedge.exe, --no-startup-window, --win-session-start, /prefetch:5",4,"""C:\Program Files (x86)\Microsoft\Edge\Application\msedge.exe"" --no-startup-window --win-session-start /prefetch:5","""C:\Program Files (x86)\Microsoft\Edge\Application\msedge.exe"" --no-startup-window --win-session-start /prefetch:5","{461f0bd2-2bf8-6354-6f00-000000001e00}","C:\Program Files (x86)\Microsoft\Edge\Application\msedge.exe","C:\Program Files (x86)\Microsoft\Edge\Application\msedge.exe","msedge.exe","msedge.exe",4364,"Microsoft Corporation","Microsoft Edge","106.0.1370.52",82f187e22098b6cc42eb6250ba0fa1da,"msedge.exe","Microsoft Edge",1800,"-","-","C:\Program Files (x86)\Microsoft\Edge\Application\106.0.1370.52\","C:\Program Files (x86)\Microsoft\Edge\Application\106.0.1370.52\","-","-","-","-","-","-","163801c311daf2fac7b2dea0996ad03ddb16dba13a0ac25d85878b0587f84d44, 989ea45a2622f79475c56299e9edbc0c, 82f187e22098b6cc42eb6250ba0fa1da","-","-","Patricia Goh","-","-",VICTIM,"-","S-1-5-18","Patricia Goh","Patricia Goh","-",wineventlog,"Microsoft-Windows-Sysmon/Operational",victim,"Microsoft Corporation","-","Microsoft Edge","-","106.0.1370.52",High,"{461f0bd2-2bde-6354-1787-040000000000}",0x48717,"-","VICTIM\Patricia Goh","-","Microsoft Edge","-","-","-","-","-","-","-","-",1,"-",1,"-","-",Info,"2,276","2,512","{5770385f-c22a-43e0-bf4c-06f5698ffbd9}","Microsoft-Windows-Sysmon",4864,"Process Create (rule: ProcessCreate)","NT AUTHORITY","S-1-5-18",SYSTEM,User,5
"Oct 23, 2022 @ 01:45:44.528",bUXQAIQBHC0TB3lJ9pgm,".ds-winlogbeat-8.2.3-2022.10.22-000001","-","c2c04a29-9d47-4de5-86f6-5958b0d4222c",victim,"b15c43c7-63a1-423e-901b-f1acc6401711",victim,winlogbeat,"8.2.3","fe80::91a8:3d9e:36ba:f548, fe80::4959:93ba:69a6:522d, 172.19.96.10, 10.0.2.15","AAAA, AAAA, A, A",VICTIM,"-","-","-","fe80::91a8:3d9e:36ba:f548, fe80::4959:93ba:69a6:522d, 172.19.96.10, 10.0.2.15","1.12.0","Dns query (rule: DnsQuery)",network,22,"Oct 23, 2022 @ 01:50:09.607","Oct 23, 2022 @ 01:50:05.343",event,sysmon,"-","Microsoft-Windows-Sysmon","-","connection, protocol, info","-","-","-","-","-","x86_64",victim,"461f0bd2-c182-413a-8a41-2a8e4accb4a9","fe80::4959:93ba:69a6:522d, 10.0.2.15, fe80::91a8:3d9e:36ba:f548, 172.19.96.10","08:00:27:7c:f3:ae, 08:00:27:22:f7:3c",victim,"19044.1889",windows,"10.0.19041.1889 (WinBuild.160101.0800)","Windows 10 Enterprise Evaluation","Windows 10 Enterprise Evaluation",windows,windows,"10.0",information,"Dns query:
RuleName: -
UtcTime: 2022-10-22 17:45:44.528
ProcessGuid: {461f0bd2-2c38-6354-8700-000000001e00}
ProcessId: 2004
QueryName: VICTIM
QueryStatus: 0
QueryResults: fe80::91a8:3d9e:36ba:f548;fe80::4959:93ba:69a6:522d;::ffff:172.19.96.10;::ffff:10.0.2.15;
Image: C:\Windows\System32\wbem\WmiPrvSE.exe
User: NT AUTHORITY\NETWORK SERVICE",dns,"-","-","-","-","-","-","-","-","-","-","-","-","-","-","-","{461f0bd2-2c38-6354-8700-000000001e00}","C:\Windows\System32\wbem\WmiPrvSE.exe","C:\Windows\System32\wbem\WmiPrvSE.exe","-","-","WmiPrvSE.exe","WmiPrvSE.exe","-","-","-","-","-","-","-","-","-","-","-","-","-","-","-","-",2004,"-","-","-","-","-","-","-","-","-","-","-",VICTIM,"fe80::91a8:3d9e:36ba:f548, fe80::4959:93ba:69a6:522d, 172.19.96.10, 10.0.2.15","NETWORK SERVICE","-",SUCCESS,"NT AUTHORITY","-","S-1-5-18","NETWORK SERVICE","NETWORK SERVICE","-",wineventlog,"Microsoft-Windows-Sysmon/Operational",victim,"-","-","-","-","-","-","-","-","-","-","-","-","-","-","-","-","-","-","-","-","-","-",22,"-","-",Info,"2,276","2,984","{5770385f-c22a-43e0-bf4c-06f5698ffbd9}","Microsoft-Windows-Sysmon",4855,"Dns query (rule: DnsQuery)","NT AUTHORITY","S-1-5-18",SYSTEM,User,5
"Oct 23, 2022 @ 01:45:39.320",dUXQAIQBHC0TB3lJ9pgm,".ds-winlogbeat-8.2.3-2022.10.22-000001","-","c2c04a29-9d47-4de5-86f6-5958b0d4222c",victim,"b15c43c7-63a1-423e-901b-f1acc6401711",victim,winlogbeat,"8.2.3","-","-","-","-","-","-","-","1.12.0","Process Create (rule: ProcessCreate)",process,1,"Oct 23, 2022 @ 01:50:09.608","Oct 23, 2022 @ 01:50:05.346",event,sysmon,"-","Microsoft-Windows-Sysmon","-",start,"-","-","-","-","-","x86_64",victim,"461f0bd2-c182-413a-8a41-2a8e4accb4a9","fe80::4959:93ba:69a6:522d, 10.0.2.15, fe80::91a8:3d9e:36ba:f548, 172.19.96.10","08:00:27:7c:f3:ae, 08:00:27:22:f7:3c",victim,"19044.1889",windows,"10.0.19041.1889 (WinBuild.160101.0800)","Windows 10 Enterprise Evaluation","Windows 10 Enterprise Evaluation",windows,windows,"10.0",information,"Process Create:
RuleName: -
UtcTime: 2022-10-22 17:45:39.320
ProcessGuid: {461f0bd2-2c43-6354-9800-000000001e00}
ProcessId: 1696
Image: C:\Windows\System32\taskhostw.exe
FileVersion: 10.0.19041.1865 (WinBuild.160101.0800)
Description: Host Process for Windows Tasks
Product: Microsoft® Windows® Operating System
Company: Microsoft Corporation
OriginalFileName: taskhostw.exe
CommandLine: taskhostw.exe
CurrentDirectory: C:\Windows\system32\
User: NT AUTHORITY\SYSTEM
LogonGuid: {461f0bd2-1c1d-6354-e703-000000000000}
LogonId: 0x3E7
TerminalSessionId: 0
IntegrityLevel: System
Hashes: MD5=A00BF82660835224CD6606A248321C5D,SHA256=E63709209D09BC0247E785F075DDB28A98C348206109E2B8BA321AD958402728,IMPHASH=3A0C6863CDE566AF997DB2DEFFF9D924
ParentProcessGuid: {00000000-0000-0000-0000-000000000000}
ParentProcessId: 512
ParentImage: -
ParentCommandLine: -
ParentUser: -","-","-","-","-","-","-","-","-","-","-","-","-","taskhostw.exe",1,"taskhostw.exe","taskhostw.exe","{461f0bd2-2c43-6354-9800-000000001e00}","C:\Windows\System32\taskhostw.exe","C:\Windows\System32\taskhostw.exe",a00bf82660835224cd6606a248321c5d,e63709209d09bc0247e785f075ddb28a98c348206109e2b8ba321ad958402728,"taskhostw.exe","taskhostw.exe","-",1,"-","-","{00000000-0000-0000-0000-000000000000}","-","-","-","-",512,"Microsoft Corporation","Host Process for Windows Tasks","10.0.19041.1865 (WinBuild.160101.0800)",3a0c6863cde566af997db2defff9d924,"taskhostw.exe","Microsoft® Windows® Operating System",1696,"-","-","C:\Windows\system32\","C:\Windows\system32\","-","-","-","-","-","-","e63709209d09bc0247e785f075ddb28a98c348206109e2b8ba321ad958402728, a00bf82660835224cd6606a248321c5d, 3a0c6863cde566af997db2defff9d924","-","-",SYSTEM,"-","-","NT AUTHORITY","-","S-1-5-18",SYSTEM,SYSTEM,"-",wineventlog,"Microsoft-Windows-Sysmon/Operational",victim,"Microsoft Corporation","-","Host Process for Windows Tasks","-","10.0.19041.1865 (WinBuild.160101.0800)",System,"{461f0bd2-1c1d-6354-e703-000000000000}",0x3e7,"-","-","-","Microsoft® Windows® Operating System","-","-","-","-","-","-","-","-",0,"-",1,"-","-",Info,"2,276","2,512","{5770385f-c22a-43e0-bf4c-06f5698ffbd9}","Microsoft-Windows-Sysmon",4863,"Process Create (rule: ProcessCreate)","NT AUTHORITY","S-1-5-18",SYSTEM,User,5
"Oct 23, 2022 @ 01:45:38.571",dEXQAIQBHC0TB3lJ9pgm,".ds-winlogbeat-8.2.3-2022.10.22-000001","-","c2c04a29-9d47-4de5-86f6-5958b0d4222c",victim,"b15c43c7-63a1-423e-901b-f1acc6401711",victim,winlogbeat,"8.2.3","-","-","-","-","-","-","-","1.12.0","Process Create (rule: ProcessCreate)",process,1,"Oct 23, 2022 @ 01:50:09.608","Oct 23, 2022 @ 01:50:05.346",event,sysmon,"-","Microsoft-Windows-Sysmon","-",start,"-","-","-","-","-","x86_64",victim,"461f0bd2-c182-413a-8a41-2a8e4accb4a9","fe80::4959:93ba:69a6:522d, 10.0.2.15, fe80::91a8:3d9e:36ba:f548, 172.19.96.10","08:00:27:7c:f3:ae, 08:00:27:22:f7:3c",victim,"19044.1889",windows,"10.0.19041.1889 (WinBuild.160101.0800)","Windows 10 Enterprise Evaluation","Windows 10 Enterprise Evaluation",windows,windows,"10.0",information,"Process Create:
RuleName: -
UtcTime: 2022-10-22 17:45:38.571
ProcessGuid: {461f0bd2-2c42-6354-9700-000000001e00}
ProcessId: 3892
Image: C:\Windows\System32\svchost.exe
FileVersion: 10.0.19041.1806 (WinBuild.160101.0800)
Description: Host Process for Windows Services
Product: Microsoft® Windows® Operating System
Company: Microsoft Corporation
OriginalFileName: svchost.exe
CommandLine: C:\Windows\system32\svchost.exe -k wusvcs -p
CurrentDirectory: C:\Windows\system32\
User: NT AUTHORITY\SYSTEM
LogonGuid: {461f0bd2-1c1d-6354-e703-000000000000}
LogonId: 0x3E7
TerminalSessionId: 0
IntegrityLevel: System
Hashes: MD5=B7F884C1B74A263F746EE12A5F7C9F6A,SHA256=ADD683A6910ABBBF0E28B557FAD0BA998166394932AE2ACA069D9AA19EA8FE88,IMPHASH=247B9220E5D9B720A82B2C8B5069AD69
ParentProcessGuid: {00000000-0000-0000-0000-000000000000}
ParentProcessId: 660
ParentImage: -
ParentCommandLine: -
ParentUser: -","-","-","-","-","-","-","-","-","-","-","-","-","C:\Windows\system32\svchost.exe, -k, wusvcs, -p",4,"C:\Windows\system32\svchost.exe -k wusvcs -p","C:\Windows\system32\svchost.exe -k wusvcs -p","{461f0bd2-2c42-6354-9700-000000001e00}","C:\Windows\System32\svchost.exe","C:\Windows\System32\svchost.exe",b7f884c1b74a263f746ee12a5f7c9f6a,add683a6910abbbf0e28b557fad0ba998166394932ae2aca069d9aa19ea8fe88,"svchost.exe","svchost.exe","-",1,"-","-","{00000000-0000-0000-0000-000000000000}","-","-","-","-",660,"Microsoft Corporation","Host Process for Windows Services","10.0.19041.1806 (WinBuild.160101.0800)",247b9220e5d9b720a82b2c8b5069ad69,"svchost.exe","Microsoft® Windows® Operating System",3892,"-","-","C:\Windows\system32\","C:\Windows\system32\","-","-","-","-","-","-","add683a6910abbbf0e28b557fad0ba998166394932ae2aca069d9aa19ea8fe88, b7f884c1b74a263f746ee12a5f7c9f6a, 247b9220e5d9b720a82b2c8b5069ad69","-","-",SYSTEM,"-","-","NT AUTHORITY","-","S-1-5-18",SYSTEM,SYSTEM,"-",wineventlog,"Microsoft-Windows-Sysmon/Operational",victim,"Microsoft Corporation","-","Host Process for Windows Services","-","10.0.19041.1806 (WinBuild.160101.0800)",System,"{461f0bd2-1c1d-6354-e703-000000000000}",0x3e7,"-","-","-","Microsoft® Windows® Operating System","-","-","-","-","-","-","-","-",0,"-",1,"-","-",Info,"2,276","2,512","{5770385f-c22a-43e0-bf4c-06f5698ffbd9}","Microsoft-Windows-Sysmon",4862,"Process Create (rule: ProcessCreate)","NT AUTHORITY","S-1-5-18",SYSTEM,User,5
