"Oct 23, 2022 @ 01:48:11.461",nEXTAIQBHC0TB3lJzJmU,".ds-winlogbeat-8.2.3-2022.10.22-000001","-","25051d08-9df1-4629-b2c6-d1eeb5aa9cfd",victim,"b15c43c7-63a1-423e-901b-f1acc6401711",victim,winlogbeat,"8.2.3","-","-","-","-","-","-","-","1.12.0","Process Create (rule: ProcessCreate)",process,1,"Oct 23, 2022 @ 01:50:31.584","Oct 23, 2022 @ 01:53:11.304",event,sysmon,"-","Microsoft-Windows-Sysmon","-",start,"-","-","-","-","-","x86_64",victim,"461f0bd2-c182-413a-8a41-2a8e4accb4a9","fe80::4959:93ba:69a6:522d, 10.0.2.15, fe80::91a8:3d9e:36ba:f548, 172.19.96.10","08:00:27:7c:f3:ae, 08:00:27:22:f7:3c",victim,"19044.1889",windows,"10.0.19041.1889 (WinBuild.160101.0800)","Windows 10 Enterprise Evaluation","Windows 10 Enterprise Evaluation",windows,windows,"10.0",information,"Process Create:
RuleName: -
UtcTime: 2022-10-22 17:48:11.461
ProcessGuid: {461f0bd2-2cdb-6354-0a00-000000001f00}
ProcessId: 588
Image: C:\Windows\System32\winlogon.exe
FileVersion: 10.0.19041.1865 (WinBuild.160101.0800)
Description: Windows Logon Application
Product: Microsoft® Windows® Operating System
Company: Microsoft Corporation
OriginalFileName: WINLOGON.EXE
CommandLine: winlogon.exe
CurrentDirectory: C:\Windows\system32\
User: NT AUTHORITY\SYSTEM
LogonGuid: {461f0bd2-2cdb-6354-e703-000000000000}
LogonId: 0x3E7
TerminalSessionId: 1
IntegrityLevel: System
Hashes: MD5=F8B41A1B3E569E7E6F990567F21DCE97,SHA256=D90D8D9A6B60071347891B312DF0AE13E5CF40BC554EC75BCA2F2444C589F1E5,IMPHASH=C399754881779489CBD0F5D180C41465
ParentProcessGuid: {461f0bd2-2cdb-6354-0700-000000001f00}
ParentProcessId: 496
ParentImage: C:\Windows\System32\smss.exe
ParentCommandLine: \SystemRoot\System32\smss.exe 000000d8 00000084 
ParentUser: NT AUTHORITY\SYSTEM","-","-","-","-","-","-","-","-","-","-","-","-","winlogon.exe",1,"winlogon.exe","winlogon.exe","{461f0bd2-2cdb-6354-0a00-000000001f00}","C:\Windows\System32\winlogon.exe","C:\Windows\System32\winlogon.exe",f8b41a1b3e569e7e6f990567f21dce97,d90d8d9a6b60071347891b312df0ae13e5cf40bc554ec75bca2f2444c589f1e5,"winlogon.exe","winlogon.exe","\SystemRoot\System32\smss.exe, 000000d8, 00000084",3,"\SystemRoot\System32\smss.exe 000000d8 00000084 ","\SystemRoot\System32\smss.exe 000000d8 00000084 ","{461f0bd2-2cdb-6354-0700-000000001f00}","C:\Windows\System32\smss.exe","C:\Windows\System32\smss.exe","smss.exe","smss.exe",496,"Microsoft Corporation","Windows Logon Application","10.0.19041.1865 (WinBuild.160101.0800)",c399754881779489cbd0f5d180c41465,"WINLOGON.EXE","Microsoft® Windows® Operating System",588,"-","-","C:\Windows\system32\","C:\Windows\system32\","-","-","-","-","-","-","d90d8d9a6b60071347891b312df0ae13e5cf40bc554ec75bca2f2444c589f1e5, f8b41a1b3e569e7e6f990567f21dce97, c399754881779489cbd0f5d180c41465","-","-",SYSTEM,"-","-","NT AUTHORITY","-","S-1-5-18",SYSTEM,SYSTEM,"-",wineventlog,"Microsoft-Windows-Sysmon/Operational",victim,"Microsoft Corporation","-","Windows Logon Application","-","10.0.19041.1865 (WinBuild.160101.0800)",System,"{461f0bd2-2cdb-6354-e703-000000000000}",0x3e7,"-","NT AUTHORITY\SYSTEM","-","Microsoft® Windows® Operating System","-","-","-","-","-","-","-","-",1,"-",1,"-","-",Info,"2,240","2,984","{5770385f-c22a-43e0-bf4c-06f5698ffbd9}","Microsoft-Windows-Sysmon",4942,"Process Create (rule: ProcessCreate)","NT AUTHORITY","S-1-5-18",SYSTEM,User,5
"Oct 23, 2022 @ 01:48:11.382",m0XTAIQBHC0TB3lJzJmU,".ds-winlogbeat-8.2.3-2022.10.22-000001","-","25051d08-9df1-4629-b2c6-d1eeb5aa9cfd",victim,"b15c43c7-63a1-423e-901b-f1acc6401711",victim,winlogbeat,"8.2.3","-","-","-","-","-","-","-","1.12.0","Process Create (rule: ProcessCreate)",process,1,"Oct 23, 2022 @ 01:50:31.584","Oct 23, 2022 @ 01:53:11.304",event,sysmon,"-","Microsoft-Windows-Sysmon","-",start,"-","-","-","-","-","x86_64",victim,"461f0bd2-c182-413a-8a41-2a8e4accb4a9","fe80::4959:93ba:69a6:522d, 10.0.2.15, fe80::91a8:3d9e:36ba:f548, 172.19.96.10","08:00:27:7c:f3:ae, 08:00:27:22:f7:3c",victim,"19044.1889",windows,"10.0.19041.1889 (WinBuild.160101.0800)","Windows 10 Enterprise Evaluation","Windows 10 Enterprise Evaluation",windows,windows,"10.0",information,"Process Create:
RuleName: -
UtcTime: 2022-10-22 17:48:11.382
ProcessGuid: {461f0bd2-2cdb-6354-0900-000000001f00}
ProcessId: 512
Image: C:\Windows\System32\csrss.exe
FileVersion: 10.0.19041.546 (WinBuild.160101.0800)
Description: Client Server Runtime Process
Product: Microsoft® Windows® Operating System
Company: Microsoft Corporation
OriginalFileName: CSRSS.Exe
CommandLine: %%SystemRoot%%\system32\csrss.exe ObjectDirectory=\Windows SharedSection=1024,20480,768 Windows=On SubSystemType=Windows ServerDll=basesrv,1 ServerDll=winsrv:UserServerDllInitialization,3 ServerDll=sxssrv,4 ProfileControl=Off MaxRequestThreads=16
CurrentDirectory: C:\Windows\system32\
User: NT AUTHORITY\SYSTEM
LogonGuid: {461f0bd2-2cdb-6354-e703-000000000000}
LogonId: 0x3E7
TerminalSessionId: 1
IntegrityLevel: System
Hashes: MD5=72565E7A0145E0657E586F6CF7696DC7,SHA256=6F1C9B4C187669BC0371260D121CAF48D65F829A9104C483BEFBD8FC0BED24F5,IMPHASH=A96FA9912E09E361274AD77F1A4B252C
ParentProcessGuid: {461f0bd2-2cdb-6354-0700-000000001f00}
ParentProcessId: 496
ParentImage: C:\Windows\System32\smss.exe
ParentCommandLine: \SystemRoot\System32\smss.exe 000000d8 00000084 
ParentUser: NT AUTHORITY\SYSTEM","-","-","-","-","-","-","-","-","-","-","-","-","%%SystemRoot%%\system32\csrss.exe, ObjectDirectory=\Windows, SharedSection=1024,20480,768, Windows=On, SubSystemType=Windows, ServerDll=basesrv,1, ServerDll=winsrv:UserServerDllInitialization,3, ServerDll=sxssrv,4, ProfileControl=Off, MaxRequestThreads=16",10,"%%SystemRoot%%\system32\csrss.exe ObjectDirectory=\Windows SharedSection=1024,20480,768 Windows=On SubSystemType=Windows ServerDll=basesrv,1 ServerDll=winsrv:UserServerDllInitialization,3 ServerDll=sxssrv,4 ProfileControl=Off MaxRequestThreads=16","%%SystemRoot%%\system32\csrss.exe ObjectDirectory=\Windows SharedSection=1024,20480,768 Windows=On SubSystemType=Windows ServerDll=basesrv,1 ServerDll=winsrv:UserServerDllInitialization,3 ServerDll=sxssrv,4 ProfileControl=Off MaxRequestThreads=16","{461f0bd2-2cdb-6354-0900-000000001f00}","C:\Windows\System32\csrss.exe","C:\Windows\System32\csrss.exe",72565e7a0145e0657e586f6cf7696dc7,6f1c9b4c187669bc0371260d121caf48d65f829a9104c483befbd8fc0bed24f5,"csrss.exe","csrss.exe","\SystemRoot\System32\smss.exe, 000000d8, 00000084",3,"\SystemRoot\System32\smss.exe 000000d8 00000084 ","\SystemRoot\System32\smss.exe 000000d8 00000084 ","{461f0bd2-2cdb-6354-0700-000000001f00}","C:\Windows\System32\smss.exe","C:\Windows\System32\smss.exe","smss.exe","smss.exe",496,"Microsoft Corporation","Client Server Runtime Process","10.0.19041.546 (WinBuild.160101.0800)",a96fa9912e09e361274ad77f1a4b252c,"CSRSS.Exe","Microsoft® Windows® Operating System",512,"-","-","C:\Windows\system32\","C:\Windows\system32\","-","-","-","-","-","-","6f1c9b4c187669bc0371260d121caf48d65f829a9104c483befbd8fc0bed24f5, 72565e7a0145e0657e586f6cf7696dc7, a96fa9912e09e361274ad77f1a4b252c","-","-",SYSTEM,"-","-","NT AUTHORITY","-","S-1-5-18",SYSTEM,SYSTEM,"-",wineventlog,"Microsoft-Windows-Sysmon/Operational",victim,"Microsoft Corporation","-","Client Server Runtime Process","-","10.0.19041.546 (WinBuild.160101.0800)",System,"{461f0bd2-2cdb-6354-e703-000000000000}",0x3e7,"-","NT AUTHORITY\SYSTEM","-","Microsoft® Windows® Operating System","-","-","-","-","-","-","-","-",1,"-",1,"-","-",Info,"2,240","2,984","{5770385f-c22a-43e0-bf4c-06f5698ffbd9}","Microsoft-Windows-Sysmon",4941,"Process Create (rule: ProcessCreate)","NT AUTHORITY","S-1-5-18",SYSTEM,User,5
"Oct 23, 2022 @ 01:48:11.363",mkXTAIQBHC0TB3lJzJmU,".ds-winlogbeat-8.2.3-2022.10.22-000001","-","25051d08-9df1-4629-b2c6-d1eeb5aa9cfd",victim,"b15c43c7-63a1-423e-901b-f1acc6401711",victim,winlogbeat,"8.2.3","-","-","-","-","-","-","-","1.12.0","Process Create (rule: ProcessCreate)",process,1,"Oct 23, 2022 @ 01:50:31.584","Oct 23, 2022 @ 01:53:11.303",event,sysmon,"-","Microsoft-Windows-Sysmon","-",start,"-","-","-","-","-","x86_64",victim,"461f0bd2-c182-413a-8a41-2a8e4accb4a9","fe80::4959:93ba:69a6:522d, 10.0.2.15, fe80::91a8:3d9e:36ba:f548, 172.19.96.10","08:00:27:7c:f3:ae, 08:00:27:22:f7:3c",victim,"19044.1889",windows,"10.0.19041.1889 (WinBuild.160101.0800)","Windows 10 Enterprise Evaluation","Windows 10 Enterprise Evaluation",windows,windows,"10.0",information,"Process Create:
RuleName: -
UtcTime: 2022-10-22 17:48:11.363
ProcessGuid: {461f0bd2-2cdb-6354-0800-000000001f00}
ProcessId: 504
Image: C:\Windows\System32\wininit.exe
FileVersion: 10.0.19041.1620 (WinBuild.160101.0800)
Description: Windows Start-Up Application
Product: Microsoft® Windows® Operating System
Company: Microsoft Corporation
OriginalFileName: WinInit.exe
CommandLine: wininit.exe
CurrentDirectory: C:\Windows\system32\
User: NT AUTHORITY\SYSTEM
LogonGuid: {461f0bd2-2cdb-6354-e703-000000000000}
LogonId: 0x3E7
TerminalSessionId: 0
IntegrityLevel: System
Hashes: MD5=3588C1AC44DCE86A043310B07679C508,SHA256=FE7A0B26E504062B3A424D540E3F1F5CAB8F2DB5A421FBBB8B779122D11BD2AF,IMPHASH=5DD14AFAB46B0C83EA7A6093D7355FA9
ParentProcessGuid: {461f0bd2-2cda-6354-0500-000000001f00}
ParentProcessId: 420
ParentImage: C:\Windows\System32\smss.exe
ParentCommandLine: \SystemRoot\System32\smss.exe 000000a0 00000084 
ParentUser: NT AUTHORITY\SYSTEM","-","-","-","-","-","-","-","-","-","-","-","-","wininit.exe",1,"wininit.exe","wininit.exe","{461f0bd2-2cdb-6354-0800-000000001f00}","C:\Windows\System32\wininit.exe","C:\Windows\System32\wininit.exe",3588c1ac44dce86a043310b07679c508,fe7a0b26e504062b3a424d540e3f1f5cab8f2db5a421fbbb8b779122d11bd2af,"wininit.exe","wininit.exe","\SystemRoot\System32\smss.exe, 000000a0, 00000084",3,"\SystemRoot\System32\smss.exe 000000a0 00000084 ","\SystemRoot\System32\smss.exe 000000a0 00000084 ","{461f0bd2-2cda-6354-0500-000000001f00}","C:\Windows\System32\smss.exe","C:\Windows\System32\smss.exe","smss.exe","smss.exe",420,"Microsoft Corporation","Windows Start-Up Application","10.0.19041.1620 (WinBuild.160101.0800)",5dd14afab46b0c83ea7a6093d7355fa9,"WinInit.exe","Microsoft® Windows® Operating System",504,"-","-","C:\Windows\system32\","C:\Windows\system32\","-","-","-","-","-","-","fe7a0b26e504062b3a424d540e3f1f5cab8f2db5a421fbbb8b779122d11bd2af, 3588c1ac44dce86a043310b07679c508, 5dd14afab46b0c83ea7a6093d7355fa9","-","-",SYSTEM,"-","-","NT AUTHORITY","-","S-1-5-18",SYSTEM,SYSTEM,"-",wineventlog,"Microsoft-Windows-Sysmon/Operational",victim,"Microsoft Corporation","-","Windows Start-Up Application","-","10.0.19041.1620 (WinBuild.160101.0800)",System,"{461f0bd2-2cdb-6354-e703-000000000000}",0x3e7,"-","NT AUTHORITY\SYSTEM","-","Microsoft® Windows® Operating System","-","-","-","-","-","-","-","-",0,"-",1,"-","-",Info,"2,240","2,984","{5770385f-c22a-43e0-bf4c-06f5698ffbd9}","Microsoft-Windows-Sysmon",4940,"Process Create (rule: ProcessCreate)","NT AUTHORITY","S-1-5-18",SYSTEM,User,5
"Oct 23, 2022 @ 01:48:11.359",mUXTAIQBHC0TB3lJzJmU,".ds-winlogbeat-8.2.3-2022.10.22-000001","-","25051d08-9df1-4629-b2c6-d1eeb5aa9cfd",victim,"b15c43c7-63a1-423e-901b-f1acc6401711",victim,winlogbeat,"8.2.3","-","-","-","-","-","-","-","1.12.0","Process Create (rule: ProcessCreate)",process,1,"Oct 23, 2022 @ 01:50:31.584","Oct 23, 2022 @ 01:53:11.303",event,sysmon,"-","Microsoft-Windows-Sysmon","-",start,"-","-","-","-","-","x86_64",victim,"461f0bd2-c182-413a-8a41-2a8e4accb4a9","fe80::4959:93ba:69a6:522d, 10.0.2.15, fe80::91a8:3d9e:36ba:f548, 172.19.96.10","08:00:27:7c:f3:ae, 08:00:27:22:f7:3c",victim,"19044.1889",windows,"10.0.19041.1889 (WinBuild.160101.0800)","Windows 10 Enterprise Evaluation","Windows 10 Enterprise Evaluation",windows,windows,"10.0",information,"Process Create:
RuleName: -
UtcTime: 2022-10-22 17:48:11.359
ProcessGuid: {461f0bd2-2cdb-6354-0700-000000001f00}
ProcessId: 496
Image: C:\Windows\System32\smss.exe
FileVersion: 10.0.19041.964 (WinBuild.160101.0800)
Description: Windows Session Manager
Product: Microsoft® Windows® Operating System
Company: Microsoft Corporation
OriginalFileName: smss.exe
CommandLine: \SystemRoot\System32\smss.exe 000000d8 00000084 
CurrentDirectory: C:\Windows\
User: NT AUTHORITY\SYSTEM
LogonGuid: {461f0bd2-2cdb-6354-e703-000000000000}
LogonId: 0x3E7
TerminalSessionId: 1
IntegrityLevel: System
Hashes: MD5=2C3F91BB4C0994A7B36ED0B6B14EC9C7,SHA256=56AFE5133FDC5806EC6B19436F7B55F1499CFC94619740C171424FBCF7808FD3,IMPHASH=67B500D64F6BDF6FFD6C4F7F4DE9FDA6
ParentProcessGuid: {461f0bd2-2cd6-6354-0300-000000001f00}
ParentProcessId: 328
ParentImage: C:\Windows\System32\smss.exe
ParentCommandLine: \SystemRoot\System32\smss.exe
ParentUser: NT AUTHORITY\SYSTEM","-","-","-","-","-","-","-","-","-","-","-","-","\SystemRoot\System32\smss.exe, 000000d8, 00000084",3,"\SystemRoot\System32\smss.exe 000000d8 00000084 ","\SystemRoot\System32\smss.exe 000000d8 00000084 ","{461f0bd2-2cdb-6354-0700-000000001f00}","C:\Windows\System32\smss.exe","C:\Windows\System32\smss.exe",2c3f91bb4c0994a7b36ed0b6b14ec9c7,56afe5133fdc5806ec6b19436f7b55f1499cfc94619740c171424fbcf7808fd3,"smss.exe","smss.exe","\SystemRoot\System32\smss.exe",1,"\SystemRoot\System32\smss.exe","\SystemRoot\System32\smss.exe","{461f0bd2-2cd6-6354-0300-000000001f00}","C:\Windows\System32\smss.exe","C:\Windows\System32\smss.exe","smss.exe","smss.exe",328,"Microsoft Corporation","Windows Session Manager","10.0.19041.964 (WinBuild.160101.0800)",67b500d64f6bdf6ffd6c4f7f4de9fda6,"smss.exe","Microsoft® Windows® Operating System",496,"-","-","C:\Windows\","C:\Windows\","-","-","-","-","-","-","56afe5133fdc5806ec6b19436f7b55f1499cfc94619740c171424fbcf7808fd3, 2c3f91bb4c0994a7b36ed0b6b14ec9c7, 67b500d64f6bdf6ffd6c4f7f4de9fda6","-","-",SYSTEM,"-","-","NT AUTHORITY","-","S-1-5-18",SYSTEM,SYSTEM,"-",wineventlog,"Microsoft-Windows-Sysmon/Operational",victim,"Microsoft Corporation","-","Windows Session Manager","-","10.0.19041.964 (WinBuild.160101.0800)",System,"{461f0bd2-2cdb-6354-e703-000000000000}",0x3e7,"-","NT AUTHORITY\SYSTEM","-","Microsoft® Windows® Operating System","-","-","-","-","-","-","-","-",1,"-",1,"-","-",Info,"2,240","2,984","{5770385f-c22a-43e0-bf4c-06f5698ffbd9}","Microsoft-Windows-Sysmon",4939,"Process Create (rule: ProcessCreate)","NT AUTHORITY","S-1-5-18",SYSTEM,User,5
"Oct 23, 2022 @ 01:48:11.170",mEXTAIQBHC0TB3lJzJmU,".ds-winlogbeat-8.2.3-2022.10.22-000001","-","25051d08-9df1-4629-b2c6-d1eeb5aa9cfd",victim,"b15c43c7-63a1-423e-901b-f1acc6401711",victim,winlogbeat,"8.2.3","-","-","-","-","-","-","-","1.12.0","Process Create (rule: ProcessCreate)",process,1,"Oct 23, 2022 @ 01:50:31.584","Oct 23, 2022 @ 01:53:11.303",event,sysmon,"-","Microsoft-Windows-Sysmon","-",start,"-","-","-","-","-","x86_64",victim,"461f0bd2-c182-413a-8a41-2a8e4accb4a9","fe80::4959:93ba:69a6:522d, 10.0.2.15, fe80::91a8:3d9e:36ba:f548, 172.19.96.10","08:00:27:7c:f3:ae, 08:00:27:22:f7:3c",victim,"19044.1889",windows,"10.0.19041.1889 (WinBuild.160101.0800)","Windows 10 Enterprise Evaluation","Windows 10 Enterprise Evaluation",windows,windows,"10.0",information,"Process Create:
RuleName: -
UtcTime: 2022-10-22 17:48:11.170
ProcessGuid: {461f0bd2-2cdb-6354-0600-000000001f00}
ProcessId: 428
Image: C:\Windows\System32\csrss.exe
FileVersion: 10.0.19041.546 (WinBuild.160101.0800)
Description: Client Server Runtime Process
Product: Microsoft® Windows® Operating System
Company: Microsoft Corporation
OriginalFileName: CSRSS.Exe
CommandLine: %%SystemRoot%%\system32\csrss.exe ObjectDirectory=\Windows SharedSection=1024,20480,768 Windows=On SubSystemType=Windows ServerDll=basesrv,1 ServerDll=winsrv:UserServerDllInitialization,3 ServerDll=sxssrv,4 ProfileControl=Off MaxRequestThreads=16
CurrentDirectory: C:\Windows\system32\
User: NT AUTHORITY\SYSTEM
LogonGuid: {461f0bd2-2cdb-6354-e703-000000000000}
LogonId: 0x3E7
TerminalSessionId: 0
IntegrityLevel: System
Hashes: MD5=72565E7A0145E0657E586F6CF7696DC7,SHA256=6F1C9B4C187669BC0371260D121CAF48D65F829A9104C483BEFBD8FC0BED24F5,IMPHASH=A96FA9912E09E361274AD77F1A4B252C
ParentProcessGuid: {461f0bd2-2cda-6354-0500-000000001f00}
ParentProcessId: 420
ParentImage: C:\Windows\System32\smss.exe
ParentCommandLine: \SystemRoot\System32\smss.exe 000000a0 00000084 
ParentUser: NT AUTHORITY\SYSTEM","-","-","-","-","-","-","-","-","-","-","-","-","%%SystemRoot%%\system32\csrss.exe, ObjectDirectory=\Windows, SharedSection=1024,20480,768, Windows=On, SubSystemType=Windows, ServerDll=basesrv,1, ServerDll=winsrv:UserServerDllInitialization,3, ServerDll=sxssrv,4, ProfileControl=Off, MaxRequestThreads=16",10,"%%SystemRoot%%\system32\csrss.exe ObjectDirectory=\Windows SharedSection=1024,20480,768 Windows=On SubSystemType=Windows ServerDll=basesrv,1 ServerDll=winsrv:UserServerDllInitialization,3 ServerDll=sxssrv,4 ProfileControl=Off MaxRequestThreads=16","%%SystemRoot%%\system32\csrss.exe ObjectDirectory=\Windows SharedSection=1024,20480,768 Windows=On SubSystemType=Windows ServerDll=basesrv,1 ServerDll=winsrv:UserServerDllInitialization,3 ServerDll=sxssrv,4 ProfileControl=Off MaxRequestThreads=16","{461f0bd2-2cdb-6354-0600-000000001f00}","C:\Windows\System32\csrss.exe","C:\Windows\System32\csrss.exe",72565e7a0145e0657e586f6cf7696dc7,6f1c9b4c187669bc0371260d121caf48d65f829a9104c483befbd8fc0bed24f5,"csrss.exe","csrss.exe","\SystemRoot\System32\smss.exe, 000000a0, 00000084",3,"\SystemRoot\System32\smss.exe 000000a0 00000084 ","\SystemRoot\System32\smss.exe 000000a0 00000084 ","{461f0bd2-2cda-6354-0500-000000001f00}","C:\Windows\System32\smss.exe","C:\Windows\System32\smss.exe","smss.exe","smss.exe",420,"Microsoft Corporation","Client Server Runtime Process","10.0.19041.546 (WinBuild.160101.0800)",a96fa9912e09e361274ad77f1a4b252c,"CSRSS.Exe","Microsoft® Windows® Operating System",428,"-","-","C:\Windows\system32\","C:\Windows\system32\","-","-","-","-","-","-","6f1c9b4c187669bc0371260d121caf48d65f829a9104c483befbd8fc0bed24f5, 72565e7a0145e0657e586f6cf7696dc7, a96fa9912e09e361274ad77f1a4b252c","-","-",SYSTEM,"-","-","NT AUTHORITY","-","S-1-5-18",SYSTEM,SYSTEM,"-",wineventlog,"Microsoft-Windows-Sysmon/Operational",victim,"Microsoft Corporation","-","Client Server Runtime Process","-","10.0.19041.546 (WinBuild.160101.0800)",System,"{461f0bd2-2cdb-6354-e703-000000000000}",0x3e7,"-","NT AUTHORITY\SYSTEM","-","Microsoft® Windows® Operating System","-","-","-","-","-","-","-","-",0,"-",1,"-","-",Info,"2,240","2,984","{5770385f-c22a-43e0-bf4c-06f5698ffbd9}","Microsoft-Windows-Sysmon",4938,"Process Create (rule: ProcessCreate)","NT AUTHORITY","S-1-5-18",SYSTEM,User,5
"Oct 23, 2022 @ 01:48:10.979",l0XTAIQBHC0TB3lJzJmU,".ds-winlogbeat-8.2.3-2022.10.22-000001","-","25051d08-9df1-4629-b2c6-d1eeb5aa9cfd",victim,"b15c43c7-63a1-423e-901b-f1acc6401711",victim,winlogbeat,"8.2.3","-","-","-","-","-","-","-","1.12.0","Process Create (rule: ProcessCreate)",process,1,"Oct 23, 2022 @ 01:50:31.584","Oct 23, 2022 @ 01:53:11.302",event,sysmon,"-","Microsoft-Windows-Sysmon","-",start,"-","-","-","-","-","x86_64",victim,"461f0bd2-c182-413a-8a41-2a8e4accb4a9","fe80::4959:93ba:69a6:522d, 10.0.2.15, fe80::91a8:3d9e:36ba:f548, 172.19.96.10","08:00:27:7c:f3:ae, 08:00:27:22:f7:3c",victim,"19044.1889",windows,"10.0.19041.1889 (WinBuild.160101.0800)","Windows 10 Enterprise Evaluation","Windows 10 Enterprise Evaluation",windows,windows,"10.0",information,"Process Create:
RuleName: -
UtcTime: 2022-10-22 17:48:10.979
ProcessGuid: {461f0bd2-2cda-6354-0500-000000001f00}
ProcessId: 420
Image: C:\Windows\System32\smss.exe
FileVersion: 10.0.19041.964 (WinBuild.160101.0800)
Description: Windows Session Manager
Product: Microsoft® Windows® Operating System
Company: Microsoft Corporation
OriginalFileName: smss.exe
CommandLine: \SystemRoot\System32\smss.exe 000000a0 00000084 
CurrentDirectory: C:\Windows\
User: NT AUTHORITY\SYSTEM
LogonGuid: {461f0bd2-2cdb-6354-e703-000000000000}
LogonId: 0x3E7
TerminalSessionId: 0
IntegrityLevel: System
Hashes: MD5=2C3F91BB4C0994A7B36ED0B6B14EC9C7,SHA256=56AFE5133FDC5806EC6B19436F7B55F1499CFC94619740C171424FBCF7808FD3,IMPHASH=67B500D64F6BDF6FFD6C4F7F4DE9FDA6
ParentProcessGuid: {461f0bd2-2cd6-6354-0300-000000001f00}
ParentProcessId: 328
ParentImage: C:\Windows\System32\smss.exe
ParentCommandLine: \SystemRoot\System32\smss.exe
ParentUser: NT AUTHORITY\SYSTEM","-","-","-","-","-","-","-","-","-","-","-","-","\SystemRoot\System32\smss.exe, 000000a0, 00000084",3,"\SystemRoot\System32\smss.exe 000000a0 00000084 ","\SystemRoot\System32\smss.exe 000000a0 00000084 ","{461f0bd2-2cda-6354-0500-000000001f00}","C:\Windows\System32\smss.exe","C:\Windows\System32\smss.exe",2c3f91bb4c0994a7b36ed0b6b14ec9c7,56afe5133fdc5806ec6b19436f7b55f1499cfc94619740c171424fbcf7808fd3,"smss.exe","smss.exe","\SystemRoot\System32\smss.exe",1,"\SystemRoot\System32\smss.exe","\SystemRoot\System32\smss.exe","{461f0bd2-2cd6-6354-0300-000000001f00}","C:\Windows\System32\smss.exe","C:\Windows\System32\smss.exe","smss.exe","smss.exe",328,"Microsoft Corporation","Windows Session Manager","10.0.19041.964 (WinBuild.160101.0800)",67b500d64f6bdf6ffd6c4f7f4de9fda6,"smss.exe","Microsoft® Windows® Operating System",420,"-","-","C:\Windows\","C:\Windows\","-","-","-","-","-","-","56afe5133fdc5806ec6b19436f7b55f1499cfc94619740c171424fbcf7808fd3, 2c3f91bb4c0994a7b36ed0b6b14ec9c7, 67b500d64f6bdf6ffd6c4f7f4de9fda6","-","-",SYSTEM,"-","-","NT AUTHORITY","-","S-1-5-18",SYSTEM,SYSTEM,"-",wineventlog,"Microsoft-Windows-Sysmon/Operational",victim,"Microsoft Corporation","-","Windows Session Manager","-","10.0.19041.964 (WinBuild.160101.0800)",System,"{461f0bd2-2cdb-6354-e703-000000000000}",0x3e7,"-","NT AUTHORITY\SYSTEM","-","Microsoft® Windows® Operating System","-","-","-","-","-","-","-","-",0,"-",1,"-","-",Info,"2,240","2,984","{5770385f-c22a-43e0-bf4c-06f5698ffbd9}","Microsoft-Windows-Sysmon",4937,"Process Create (rule: ProcessCreate)","NT AUTHORITY","S-1-5-18",SYSTEM,User,5
"Oct 23, 2022 @ 01:46:57.291",f0XQAIQBHC0TB3lJ9pgm,".ds-winlogbeat-8.2.3-2022.10.22-000001","-","c2c04a29-9d47-4de5-86f6-5958b0d4222c",victim,"b15c43c7-63a1-423e-901b-f1acc6401711",victim,winlogbeat,"8.2.3","185.199.109.133, 185.199.108.133, 185.199.111.133, 185.199.110.133","A, A, A, A","objects.githubusercontent.com","objects.githubusercontent.com","-","githubusercontent.com","185.199.109.133, 185.199.108.133, 185.199.111.133, 185.199.110.133","1.12.0","Dns query (rule: DnsQuery)",network,22,"Oct 23, 2022 @ 01:50:09.609","Oct 23, 2022 @ 01:50:05.349",event,sysmon,"-","Microsoft-Windows-Sysmon","-","connection, protocol, info","-","-","-","-","-","x86_64",victim,"461f0bd2-c182-413a-8a41-2a8e4accb4a9","fe80::4959:93ba:69a6:522d, 10.0.2.15, fe80::91a8:3d9e:36ba:f548, 172.19.96.10","08:00:27:7c:f3:ae, 08:00:27:22:f7:3c",victim,"19044.1889",windows,"10.0.19041.1889 (WinBuild.160101.0800)","Windows 10 Enterprise Evaluation","Windows 10 Enterprise Evaluation",windows,windows,"10.0",information,"Dns query:
RuleName: -
UtcTime: 2022-10-22 17:46:57.291
ProcessGuid: {461f0bd2-1c1e-6354-1300-000000001e00}
ProcessId: 512
QueryName: objects.githubusercontent.com
QueryStatus: 0
QueryResults: ::ffff:185.199.109.133;::ffff:185.199.108.133;::ffff:185.199.111.133;::ffff:185.199.110.133;
Image: C:\Windows\System32\svchost.exe
User: NT AUTHORITY\SYSTEM",dns,"-","-","-","-","-","-","-","-","-","-","-","-","-","-","-","{461f0bd2-1c1e-6354-1300-000000001e00}","C:\Windows\System32\svchost.exe","C:\Windows\System32\svchost.exe","-","-","svchost.exe","svchost.exe","-","-","-","-","-","-","-","-","-","-","-","-","-","-","-","-",512,"-","-","-","-","-","-","-","-","-","-","-","objects.githubusercontent.com","185.199.109.133, 185.199.108.133, 185.199.111.133, 185.199.110.133",SYSTEM,"-",SUCCESS,"NT AUTHORITY","-","S-1-5-18",SYSTEM,SYSTEM,"-",wineventlog,"Microsoft-Windows-Sysmon/Operational",victim,"-","-","-","-","-","-","-","-","-","-","-","-","-","-","-","-","-","-","-","-","-","-",22,"-","-",Info,"2,276","2,984","{5770385f-c22a-43e0-bf4c-06f5698ffbd9}","Microsoft-Windows-Sysmon",4873,"Dns query (rule: DnsQuery)","NT AUTHORITY","S-1-5-18",SYSTEM,User,5
"Oct 23, 2022 @ 01:46:56.906",fUXQAIQBHC0TB3lJ9pgm,".ds-winlogbeat-8.2.3-2022.10.22-000001","-","c2c04a29-9d47-4de5-86f6-5958b0d4222c",victim,"b15c43c7-63a1-423e-901b-f1acc6401711",victim,winlogbeat,"8.2.3","20.205.243.166",A,"github.com","github.com","-",com,"20.205.243.166","1.12.0","Dns query (rule: DnsQuery)",network,22,"Oct 23, 2022 @ 01:50:09.609","Oct 23, 2022 @ 01:50:05.349",event,sysmon,"-","Microsoft-Windows-Sysmon","-","connection, protocol, info","-","-","-","-","-","x86_64",victim,"461f0bd2-c182-413a-8a41-2a8e4accb4a9","fe80::4959:93ba:69a6:522d, 10.0.2.15, fe80::91a8:3d9e:36ba:f548, 172.19.96.10","08:00:27:7c:f3:ae, 08:00:27:22:f7:3c",victim,"19044.1889",windows,"10.0.19041.1889 (WinBuild.160101.0800)","Windows 10 Enterprise Evaluation","Windows 10 Enterprise Evaluation",windows,windows,"10.0",information,"Dns query:
RuleName: -
UtcTime: 2022-10-22 17:46:56.906
ProcessGuid: {461f0bd2-1c1e-6354-1300-000000001e00}
ProcessId: 512
QueryName: github.com
QueryStatus: 0
QueryResults: ::ffff:20.205.243.166;
Image: C:\Windows\system32\svchost.exe
User: NT AUTHORITY\SYSTEM",dns,"-","-","-","-","-","-","-","-","-","-","-","-","-","-","-","{461f0bd2-1c1e-6354-1300-000000001e00}","C:\Windows\system32\svchost.exe","C:\Windows\system32\svchost.exe","-","-","svchost.exe","svchost.exe","-","-","-","-","-","-","-","-","-","-","-","-","-","-","-","-",512,"-","-","-","-","-","-","-","-","-","-","-","github.com","20.205.243.166",SYSTEM,"-",SUCCESS,"NT AUTHORITY","-","S-1-5-18",SYSTEM,SYSTEM,"-",wineventlog,"Microsoft-Windows-Sysmon/Operational",victim,"-","-","-","-","-","-","-","-","-","-","-","-","-","-","-","-","-","-","-","-","-","-",22,"-","-",Info,"2,276","2,984","{5770385f-c22a-43e0-bf4c-06f5698ffbd9}","Microsoft-Windows-Sysmon",4871,"Dns query (rule: DnsQuery)","NT AUTHORITY","S-1-5-18",SYSTEM,User,5
"Oct 23, 2022 @ 01:46:47.456",ikXQAIQBHC0TB3lJ9phU,".ds-winlogbeat-8.2.3-2022.10.22-000001","-","c2c04a29-9d47-4de5-86f6-5958b0d4222c",victim,"b15c43c7-63a1-423e-901b-f1acc6401711",victim,winlogbeat,"8.2.3","-","-","-","-","-","-","-","1.12.0","File created (rule: FileCreate)",file,11,"Oct 23, 2022 @ 01:50:09.609","Oct 23, 2022 @ 01:50:05.383",event,sysmon,"-","Microsoft-Windows-Sysmon","-",creation,"C:\Supertools\Nsudo\Win32",dll,"NSudoDM.dll","C:\Supertools\Nsudo\Win32\NSudoDM.dll","C:\Supertools\Nsudo\Win32\NSudoDM.dll","x86_64",victim,"461f0bd2-c182-413a-8a41-2a8e4accb4a9","fe80::4959:93ba:69a6:522d, 10.0.2.15, fe80::91a8:3d9e:36ba:f548, 172.19.96.10","08:00:27:7c:f3:ae, 08:00:27:22:f7:3c",victim,"19044.1889",windows,"10.0.19041.1889 (WinBuild.160101.0800)","Windows 10 Enterprise Evaluation","Windows 10 Enterprise Evaluation",windows,windows,"10.0",information,"File created:
RuleName: DLL
UtcTime: 2022-10-22 17:46:47.456
ProcessGuid: {461f0bd2-2c7a-6354-a300-000000001e00}
ProcessId: 5936
Image: C:\Windows\System32\WindowsPowerShell\v1.0\powershell.exe
TargetFilename: C:\Supertools\Nsudo\Win32\NSudoDM.dll
CreationUtcTime: 2022-10-22 17:46:47.456
User: VICTIM\Patricia Goh","-","-","-","-","-","-","-","-","-","-","-","-","-","-","-","-","{461f0bd2-2c7a-6354-a300-000000001e00}","C:\Windows\System32\WindowsPowerShell\v1.0\powershell.exe","C:\Windows\System32\WindowsPowerShell\v1.0\powershell.exe","-","-","powershell.exe","powershell.exe","-","-","-","-","-","-","-","-","-","-","-","-","-","-","-","-",5936,"-","-","-","-","-","-","-","-","-","-","-","-","-","Patricia Goh",DLL,"-",VICTIM,"-","S-1-5-18","Patricia Goh","Patricia Goh","-",wineventlog,"Microsoft-Windows-Sysmon/Operational",victim,"-","2022-10-22 17:46:47.456","-","-","-","-","-","-","-","-","-","-","-","-","-","-","-","-","-","-","-","-",11,"-","-",Info,"2,276","2,512","{5770385f-c22a-43e0-bf4c-06f5698ffbd9}","Microsoft-Windows-Sysmon",4884,"File created (rule: FileCreate)","NT AUTHORITY","S-1-5-18",SYSTEM,User,2
"Oct 23, 2022 @ 01:46:47.013",iUXQAIQBHC0TB3lJ9phU,".ds-winlogbeat-8.2.3-2022.10.22-000001","-","c2c04a29-9d47-4de5-86f6-5958b0d4222c",victim,"b15c43c7-63a1-423e-901b-f1acc6401711",victim,winlogbeat,"8.2.3","-","-","-","-","-","-","-","1.12.0","File created (rule: FileCreate)",file,11,"Oct 23, 2022 @ 01:50:09.609","Oct 23, 2022 @ 01:50:05.383",event,sysmon,"-","Microsoft-Windows-Sysmon","-",creation,"C:\Supertools\Nsudo\Win32",dll,"NSudoAPI.dll","C:\Supertools\Nsudo\Win32\NSudoAPI.dll","C:\Supertools\Nsudo\Win32\NSudoAPI.dll","x86_64",victim,"461f0bd2-c182-413a-8a41-2a8e4accb4a9","fe80::4959:93ba:69a6:522d, 10.0.2.15, fe80::91a8:3d9e:36ba:f548, 172.19.96.10","08:00:27:7c:f3:ae, 08:00:27:22:f7:3c",victim,"19044.1889",windows,"10.0.19041.1889 (WinBuild.160101.0800)","Windows 10 Enterprise Evaluation","Windows 10 Enterprise Evaluation",windows,windows,"10.0",information,"File created:
RuleName: DLL
UtcTime: 2022-10-22 17:46:47.013
ProcessGuid: {461f0bd2-2c7a-6354-a300-000000001e00}
ProcessId: 5936
Image: C:\Windows\System32\WindowsPowerShell\v1.0\powershell.exe
TargetFilename: C:\Supertools\Nsudo\Win32\NSudoAPI.dll
CreationUtcTime: 2022-10-22 17:46:47.013
User: VICTIM\Patricia Goh","-","-","-","-","-","-","-","-","-","-","-","-","-","-","-","-","{461f0bd2-2c7a-6354-a300-000000001e00}","C:\Windows\System32\WindowsPowerShell\v1.0\powershell.exe","C:\Windows\System32\WindowsPowerShell\v1.0\powershell.exe","-","-","powershell.exe","powershell.exe","-","-","-","-","-","-","-","-","-","-","-","-","-","-","-","-",5936,"-","-","-","-","-","-","-","-","-","-","-","-","-","Patricia Goh",DLL,"-",VICTIM,"-","S-1-5-18","Patricia Goh","Patricia Goh","-",wineventlog,"Microsoft-Windows-Sysmon/Operational",victim,"-","2022-10-22 17:46:47.013","-","-","-","-","-","-","-","-","-","-","-","-","-","-","-","-","-","-","-","-",11,"-","-",Info,"2,276","2,512","{5770385f-c22a-43e0-bf4c-06f5698ffbd9}","Microsoft-Windows-Sysmon",4883,"File created (rule: FileCreate)","NT AUTHORITY","S-1-5-18",SYSTEM,User,2
"Oct 23, 2022 @ 01:46:46.402",iEXQAIQBHC0TB3lJ9phU,".ds-winlogbeat-8.2.3-2022.10.22-000001","-","c2c04a29-9d47-4de5-86f6-5958b0d4222c",victim,"b15c43c7-63a1-423e-901b-f1acc6401711",victim,winlogbeat,"8.2.3","-","-","-","-","-","-","-","1.12.0","File created (rule: FileCreate)",file,11,"Oct 23, 2022 @ 01:50:09.609","Oct 23, 2022 @ 01:50:05.383",event,sysmon,"-","Microsoft-Windows-Sysmon","-",creation,"C:\Supertools\Nsudo\Win32",dll,"MoPlugin.dll","C:\Supertools\Nsudo\Win32\MoPlugin.dll","C:\Supertools\Nsudo\Win32\MoPlugin.dll","x86_64",victim,"461f0bd2-c182-413a-8a41-2a8e4accb4a9","fe80::4959:93ba:69a6:522d, 10.0.2.15, fe80::91a8:3d9e:36ba:f548, 172.19.96.10","08:00:27:7c:f3:ae, 08:00:27:22:f7:3c",victim,"19044.1889",windows,"10.0.19041.1889 (WinBuild.160101.0800)","Windows 10 Enterprise Evaluation","Windows 10 Enterprise Evaluation",windows,windows,"10.0",information,"File created:
RuleName: DLL
UtcTime: 2022-10-22 17:46:46.402
ProcessGuid: {461f0bd2-2c7a-6354-a300-000000001e00}
ProcessId: 5936
Image: C:\Windows\System32\WindowsPowerShell\v1.0\powershell.exe
TargetFilename: C:\Supertools\Nsudo\Win32\MoPlugin.dll
CreationUtcTime: 2022-10-22 17:46:46.402
User: VICTIM\Patricia Goh","-","-","-","-","-","-","-","-","-","-","-","-","-","-","-","-","{461f0bd2-2c7a-6354-a300-000000001e00}","C:\Windows\System32\WindowsPowerShell\v1.0\powershell.exe","C:\Windows\System32\WindowsPowerShell\v1.0\powershell.exe","-","-","powershell.exe","powershell.exe","-","-","-","-","-","-","-","-","-","-","-","-","-","-","-","-",5936,"-","-","-","-","-","-","-","-","-","-","-","-","-","Patricia Goh",DLL,"-",VICTIM,"-","S-1-5-18","Patricia Goh","Patricia Goh","-",wineventlog,"Microsoft-Windows-Sysmon/Operational",victim,"-","2022-10-22 17:46:46.402","-","-","-","-","-","-","-","-","-","-","-","-","-","-","-","-","-","-","-","-",11,"-","-",Info,"2,276","2,512","{5770385f-c22a-43e0-bf4c-06f5698ffbd9}","Microsoft-Windows-Sysmon",4882,"File created (rule: FileCreate)","NT AUTHORITY","S-1-5-18",SYSTEM,User,2
"Oct 23, 2022 @ 01:46:45.184",h0XQAIQBHC0TB3lJ9phU,".ds-winlogbeat-8.2.3-2022.10.22-000001","-","c2c04a29-9d47-4de5-86f6-5958b0d4222c",victim,"b15c43c7-63a1-423e-901b-f1acc6401711",victim,winlogbeat,"8.2.3","-","-","-","-","-","-","-","1.12.0","File created (rule: FileCreate)",file,11,"Oct 23, 2022 @ 01:50:09.609","Oct 23, 2022 @ 01:50:05.383",event,sysmon,"-","Microsoft-Windows-Sysmon","-",creation,"C:\Supertools\Nsudo\ARM64",exe,"NSudoPluginHost.exe","C:\Supertools\Nsudo\ARM64\NSudoPluginHost.exe","C:\Supertools\Nsudo\ARM64\NSudoPluginHost.exe","x86_64",victim,"461f0bd2-c182-413a-8a41-2a8e4accb4a9","fe80::4959:93ba:69a6:522d, 10.0.2.15, fe80::91a8:3d9e:36ba:f548, 172.19.96.10","08:00:27:7c:f3:ae, 08:00:27:22:f7:3c",victim,"19044.1889",windows,"10.0.19041.1889 (WinBuild.160101.0800)","Windows 10 Enterprise Evaluation","Windows 10 Enterprise Evaluation",windows,windows,"10.0",information,"File created:
RuleName: EXE
UtcTime: 2022-10-22 17:46:45.184
ProcessGuid: {461f0bd2-2c7a-6354-a300-000000001e00}
ProcessId: 5936
Image: C:\Windows\System32\WindowsPowerShell\v1.0\powershell.exe
TargetFilename: C:\Supertools\Nsudo\ARM64\NSudoPluginHost.exe
CreationUtcTime: 2022-10-22 17:46:45.184
User: VICTIM\Patricia Goh","-","-","-","-","-","-","-","-","-","-","-","-","-","-","-","-","{461f0bd2-2c7a-6354-a300-000000001e00}","C:\Windows\System32\WindowsPowerShell\v1.0\powershell.exe","C:\Windows\System32\WindowsPowerShell\v1.0\powershell.exe","-","-","powershell.exe","powershell.exe","-","-","-","-","-","-","-","-","-","-","-","-","-","-","-","-",5936,"-","-","-","-","-","-","-","-","-","-","-","-","-","Patricia Goh",EXE,"-",VICTIM,"-","S-1-5-18","Patricia Goh","Patricia Goh","-",wineventlog,"Microsoft-Windows-Sysmon/Operational",victim,"-","2022-10-22 17:46:45.184","-","-","-","-","-","-","-","-","-","-","-","-","-","-","-","-","-","-","-","-",11,"-","-",Info,"2,276","2,512","{5770385f-c22a-43e0-bf4c-06f5698ffbd9}","Microsoft-Windows-Sysmon",4881,"File created (rule: FileCreate)","NT AUTHORITY","S-1-5-18",SYSTEM,User,2
"Oct 23, 2022 @ 01:46:44.985",hkXQAIQBHC0TB3lJ9phU,".ds-winlogbeat-8.2.3-2022.10.22-000001","-","c2c04a29-9d47-4de5-86f6-5958b0d4222c",victim,"b15c43c7-63a1-423e-901b-f1acc6401711",victim,winlogbeat,"8.2.3","-","-","-","-","-","-","-","1.12.0","File created (rule: FileCreate)",file,11,"Oct 23, 2022 @ 01:50:09.609","Oct 23, 2022 @ 01:50:05.382",event,sysmon,"-","Microsoft-Windows-Sysmon","-",creation,"C:\Supertools\Nsudo\ARM64",exe,"NSudoLG.exe","C:\Supertools\Nsudo\ARM64\NSudoLG.exe","C:\Supertools\Nsudo\ARM64\NSudoLG.exe","x86_64",victim,"461f0bd2-c182-413a-8a41-2a8e4accb4a9","fe80::4959:93ba:69a6:522d, 10.0.2.15, fe80::91a8:3d9e:36ba:f548, 172.19.96.10","08:00:27:7c:f3:ae, 08:00:27:22:f7:3c",victim,"19044.1889",windows,"10.0.19041.1889 (WinBuild.160101.0800)","Windows 10 Enterprise Evaluation","Windows 10 Enterprise Evaluation",windows,windows,"10.0",information,"File created:
RuleName: EXE
UtcTime: 2022-10-22 17:46:44.985
ProcessGuid: {461f0bd2-2c7a-6354-a300-000000001e00}
ProcessId: 5936
Image: C:\Windows\System32\WindowsPowerShell\v1.0\powershell.exe
TargetFilename: C:\Supertools\Nsudo\ARM64\NSudoLG.exe
CreationUtcTime: 2022-10-22 17:46:44.985
User: VICTIM\Patricia Goh","-","-","-","-","-","-","-","-","-","-","-","-","-","-","-","-","{461f0bd2-2c7a-6354-a300-000000001e00}","C:\Windows\System32\WindowsPowerShell\v1.0\powershell.exe","C:\Windows\System32\WindowsPowerShell\v1.0\powershell.exe","-","-","powershell.exe","powershell.exe","-","-","-","-","-","-","-","-","-","-","-","-","-","-","-","-",5936,"-","-","-","-","-","-","-","-","-","-","-","-","-","Patricia Goh",EXE,"-",VICTIM,"-","S-1-5-18","Patricia Goh","Patricia Goh","-",wineventlog,"Microsoft-Windows-Sysmon/Operational",victim,"-","2022-10-22 17:46:44.985","-","-","-","-","-","-","-","-","-","-","-","-","-","-","-","-","-","-","-","-",11,"-","-",Info,"2,276","2,512","{5770385f-c22a-43e0-bf4c-06f5698ffbd9}","Microsoft-Windows-Sysmon",4880,"File created (rule: FileCreate)","NT AUTHORITY","S-1-5-18",SYSTEM,User,2
"Oct 23, 2022 @ 01:46:44.693",hUXQAIQBHC0TB3lJ9phU,".ds-winlogbeat-8.2.3-2022.10.22-000001","-","c2c04a29-9d47-4de5-86f6-5958b0d4222c",victim,"b15c43c7-63a1-423e-901b-f1acc6401711",victim,winlogbeat,"8.2.3","-","-","-","-","-","-","-","1.12.0","File created (rule: FileCreate)",file,11,"Oct 23, 2022 @ 01:50:09.609","Oct 23, 2022 @ 01:50:05.382",event,sysmon,"-","Microsoft-Windows-Sysmon","-",creation,"C:\Supertools\Nsudo\ARM64",exe,"NSudoLC.exe","C:\Supertools\Nsudo\ARM64\NSudoLC.exe","C:\Supertools\Nsudo\ARM64\NSudoLC.exe","x86_64",victim,"461f0bd2-c182-413a-8a41-2a8e4accb4a9","fe80::4959:93ba:69a6:522d, 10.0.2.15, fe80::91a8:3d9e:36ba:f548, 172.19.96.10","08:00:27:7c:f3:ae, 08:00:27:22:f7:3c",victim,"19044.1889",windows,"10.0.19041.1889 (WinBuild.160101.0800)","Windows 10 Enterprise Evaluation","Windows 10 Enterprise Evaluation",windows,windows,"10.0",information,"File created:
RuleName: EXE
UtcTime: 2022-10-22 17:46:44.693
ProcessGuid: {461f0bd2-2c7a-6354-a300-000000001e00}
ProcessId: 5936
Image: C:\Windows\System32\WindowsPowerShell\v1.0\powershell.exe
TargetFilename: C:\Supertools\Nsudo\ARM64\NSudoLC.exe
CreationUtcTime: 2022-10-22 17:46:44.689
User: VICTIM\Patricia Goh","-","-","-","-","-","-","-","-","-","-","-","-","-","-","-","-","{461f0bd2-2c7a-6354-a300-000000001e00}","C:\Windows\System32\WindowsPowerShell\v1.0\powershell.exe","C:\Windows\System32\WindowsPowerShell\v1.0\powershell.exe","-","-","powershell.exe","powershell.exe","-","-","-","-","-","-","-","-","-","-","-","-","-","-","-","-",5936,"-","-","-","-","-","-","-","-","-","-","-","-","-","Patricia Goh",EXE,"-",VICTIM,"-","S-1-5-18","Patricia Goh","Patricia Goh","-",wineventlog,"Microsoft-Windows-Sysmon/Operational",victim,"-","2022-10-22 17:46:44.689","-","-","-","-","-","-","-","-","-","-","-","-","-","-","-","-","-","-","-","-",11,"-","-",Info,"2,276","2,512","{5770385f-c22a-43e0-bf4c-06f5698ffbd9}","Microsoft-Windows-Sysmon",4879,"File created (rule: FileCreate)","NT AUTHORITY","S-1-5-18",SYSTEM,User,2
"Oct 23, 2022 @ 01:46:44.425",hEXQAIQBHC0TB3lJ9phU,".ds-winlogbeat-8.2.3-2022.10.22-000001","-","c2c04a29-9d47-4de5-86f6-5958b0d4222c",victim,"b15c43c7-63a1-423e-901b-f1acc6401711",victim,winlogbeat,"8.2.3","-","-","-","-","-","-","-","1.12.0","File created (rule: FileCreate)",file,11,"Oct 23, 2022 @ 01:50:09.609","Oct 23, 2022 @ 01:50:05.382",event,sysmon,"-","Microsoft-Windows-Sysmon","-",creation,"C:\Supertools\Nsudo\ARM64",dll,"NSudoDM.dll","C:\Supertools\Nsudo\ARM64\NSudoDM.dll","C:\Supertools\Nsudo\ARM64\NSudoDM.dll","x86_64",victim,"461f0bd2-c182-413a-8a41-2a8e4accb4a9","fe80::4959:93ba:69a6:522d, 10.0.2.15, fe80::91a8:3d9e:36ba:f548, 172.19.96.10","08:00:27:7c:f3:ae, 08:00:27:22:f7:3c",victim,"19044.1889",windows,"10.0.19041.1889 (WinBuild.160101.0800)","Windows 10 Enterprise Evaluation","Windows 10 Enterprise Evaluation",windows,windows,"10.0",information,"File created:
RuleName: DLL
UtcTime: 2022-10-22 17:46:44.425
ProcessGuid: {461f0bd2-2c7a-6354-a300-000000001e00}
ProcessId: 5936
Image: C:\Windows\System32\WindowsPowerShell\v1.0\powershell.exe
TargetFilename: C:\Supertools\Nsudo\ARM64\NSudoDM.dll
CreationUtcTime: 2022-10-22 17:46:44.425
User: VICTIM\Patricia Goh","-","-","-","-","-","-","-","-","-","-","-","-","-","-","-","-","{461f0bd2-2c7a-6354-a300-000000001e00}","C:\Windows\System32\WindowsPowerShell\v1.0\powershell.exe","C:\Windows\System32\WindowsPowerShell\v1.0\powershell.exe","-","-","powershell.exe","powershell.exe","-","-","-","-","-","-","-","-","-","-","-","-","-","-","-","-",5936,"-","-","-","-","-","-","-","-","-","-","-","-","-","Patricia Goh",DLL,"-",VICTIM,"-","S-1-5-18","Patricia Goh","Patricia Goh","-",wineventlog,"Microsoft-Windows-Sysmon/Operational",victim,"-","2022-10-22 17:46:44.425","-","-","-","-","-","-","-","-","-","-","-","-","-","-","-","-","-","-","-","-",11,"-","-",Info,"2,276","2,512","{5770385f-c22a-43e0-bf4c-06f5698ffbd9}","Microsoft-Windows-Sysmon",4878,"File created (rule: FileCreate)","NT AUTHORITY","S-1-5-18",SYSTEM,User,2
"Oct 23, 2022 @ 01:46:43.966",g0XQAIQBHC0TB3lJ9phU,".ds-winlogbeat-8.2.3-2022.10.22-000001","-","c2c04a29-9d47-4de5-86f6-5958b0d4222c",victim,"b15c43c7-63a1-423e-901b-f1acc6401711",victim,winlogbeat,"8.2.3","-","-","-","-","-","-","-","1.12.0","File created (rule: FileCreate)",file,11,"Oct 23, 2022 @ 01:50:09.609","Oct 23, 2022 @ 01:50:05.381",event,sysmon,"-","Microsoft-Windows-Sysmon","-",creation,"C:\Supertools\Nsudo\ARM64",dll,"NSudoAPI.dll","C:\Supertools\Nsudo\ARM64\NSudoAPI.dll","C:\Supertools\Nsudo\ARM64\NSudoAPI.dll","x86_64",victim,"461f0bd2-c182-413a-8a41-2a8e4accb4a9","fe80::4959:93ba:69a6:522d, 10.0.2.15, fe80::91a8:3d9e:36ba:f548, 172.19.96.10","08:00:27:7c:f3:ae, 08:00:27:22:f7:3c",victim,"19044.1889",windows,"10.0.19041.1889 (WinBuild.160101.0800)","Windows 10 Enterprise Evaluation","Windows 10 Enterprise Evaluation",windows,windows,"10.0",information,"File created:
RuleName: DLL
UtcTime: 2022-10-22 17:46:43.966
ProcessGuid: {461f0bd2-2c7a-6354-a300-000000001e00}
ProcessId: 5936
Image: C:\Windows\System32\WindowsPowerShell\v1.0\powershell.exe
TargetFilename: C:\Supertools\Nsudo\ARM64\NSudoAPI.dll
CreationUtcTime: 2022-10-22 17:46:43.966
User: VICTIM\Patricia Goh","-","-","-","-","-","-","-","-","-","-","-","-","-","-","-","-","{461f0bd2-2c7a-6354-a300-000000001e00}","C:\Windows\System32\WindowsPowerShell\v1.0\powershell.exe","C:\Windows\System32\WindowsPowerShell\v1.0\powershell.exe","-","-","powershell.exe","powershell.exe","-","-","-","-","-","-","-","-","-","-","-","-","-","-","-","-",5936,"-","-","-","-","-","-","-","-","-","-","-","-","-","Patricia Goh",DLL,"-",VICTIM,"-","S-1-5-18","Patricia Goh","Patricia Goh","-",wineventlog,"Microsoft-Windows-Sysmon/Operational",victim,"-","2022-10-22 17:46:43.966","-","-","-","-","-","-","-","-","-","-","-","-","-","-","-","-","-","-","-","-",11,"-","-",Info,"2,276","2,512","{5770385f-c22a-43e0-bf4c-06f5698ffbd9}","Microsoft-Windows-Sysmon",4877,"File created (rule: FileCreate)","NT AUTHORITY","S-1-5-18",SYSTEM,User,2
"Oct 23, 2022 @ 01:46:43.335",gkXQAIQBHC0TB3lJ9phU,".ds-winlogbeat-8.2.3-2022.10.22-000001","-","c2c04a29-9d47-4de5-86f6-5958b0d4222c",victim,"b15c43c7-63a1-423e-901b-f1acc6401711",victim,winlogbeat,"8.2.3","-","-","-","-","-","-","-","1.12.0","File created (rule: FileCreate)",file,11,"Oct 23, 2022 @ 01:50:09.609","Oct 23, 2022 @ 01:50:05.381",event,sysmon,"-","Microsoft-Windows-Sysmon","-",creation,"C:\Supertools\Nsudo\ARM64",dll,"MoPlugin.dll","C:\Supertools\Nsudo\ARM64\MoPlugin.dll","C:\Supertools\Nsudo\ARM64\MoPlugin.dll","x86_64",victim,"461f0bd2-c182-413a-8a41-2a8e4accb4a9","fe80::4959:93ba:69a6:522d, 10.0.2.15, fe80::91a8:3d9e:36ba:f548, 172.19.96.10","08:00:27:7c:f3:ae, 08:00:27:22:f7:3c",victim,"19044.1889",windows,"10.0.19041.1889 (WinBuild.160101.0800)","Windows 10 Enterprise Evaluation","Windows 10 Enterprise Evaluation",windows,windows,"10.0",information,"File created:
RuleName: DLL
UtcTime: 2022-10-22 17:46:43.335
ProcessGuid: {461f0bd2-2c7a-6354-a300-000000001e00}
ProcessId: 5936
Image: C:\Windows\System32\WindowsPowerShell\v1.0\powershell.exe
TargetFilename: C:\Supertools\Nsudo\ARM64\MoPlugin.dll
CreationUtcTime: 2022-10-22 17:46:43.335
User: VICTIM\Patricia Goh","-","-","-","-","-","-","-","-","-","-","-","-","-","-","-","-","{461f0bd2-2c7a-6354-a300-000000001e00}","C:\Windows\System32\WindowsPowerShell\v1.0\powershell.exe","C:\Windows\System32\WindowsPowerShell\v1.0\powershell.exe","-","-","powershell.exe","powershell.exe","-","-","-","-","-","-","-","-","-","-","-","-","-","-","-","-",5936,"-","-","-","-","-","-","-","-","-","-","-","-","-","Patricia Goh",DLL,"-",VICTIM,"-","S-1-5-18","Patricia Goh","Patricia Goh","-",wineventlog,"Microsoft-Windows-Sysmon/Operational",victim,"-","2022-10-22 17:46:43.335","-","-","-","-","-","-","-","-","-","-","-","-","-","-","-","-","-","-","-","-",11,"-","-",Info,"2,276","2,512","{5770385f-c22a-43e0-bf4c-06f5698ffbd9}","Microsoft-Windows-Sysmon",4876,"File created (rule: FileCreate)","NT AUTHORITY","S-1-5-18",SYSTEM,User,2
