"Oct 23, 2022 @ 01:43:50.642",ykXQAIQBHC0TB3lJ8ZeE,".ds-winlogbeat-8.2.3-2022.10.22-000001","-","c2c04a29-9d47-4de5-86f6-5958b0d4222c",victim,"b15c43c7-63a1-423e-901b-f1acc6401711",victim,winlogbeat,"8.2.3","-","-","-","-","-","-","-","1.12.0","Process Create (rule: ProcessCreate)",process,1,"Oct 23, 2022 @ 01:50:07.758","Oct 23, 2022 @ 01:50:04.151",event,sysmon,"-","Microsoft-Windows-Sysmon","-",start,"-","-","-","-","-","x86_64",victim,"461f0bd2-c182-413a-8a41-2a8e4accb4a9","fe80::4959:93ba:69a6:522d, 10.0.2.15, fe80::91a8:3d9e:36ba:f548, 172.19.96.10","08:00:27:7c:f3:ae, 08:00:27:22:f7:3c",victim,"19044.1889",windows,"10.0.19041.1889 (WinBuild.160101.0800)","Windows 10 Enterprise Evaluation","Windows 10 Enterprise Evaluation",windows,windows,"10.0",information,"Process Create:
RuleName: -
UtcTime: 2022-10-22 17:43:50.642
ProcessGuid: {461f0bd2-2bd6-6354-4000-000000001e00}
ProcessId: 2572
Image: C:\Windows\System32\wevtutil.exe
FileVersion: 10.0.19041.1682 (WinBuild.160101.0800)
Description: Eventing Command Line Utility
Product: Microsoft® Windows® Operating System
Company: Microsoft Corporation
OriginalFileName: wevtutil.exe
CommandLine: C:\Windows\system32\wevtutil.exe uninstall-manifest ""C:\ProgramData\Microsoft\Windows Defender\Platform\4.18.2209.7-0\Microsoft-Antimalware-NIS.man""
CurrentDirectory: C:\Windows\system32\
User: NT AUTHORITY\SYSTEM
LogonGuid: {461f0bd2-1c1d-6354-e703-000000000000}
LogonId: 0x3E7
TerminalSessionId: 0
IntegrityLevel: System
Hashes: MD5=1AAE26BD68B911D0420626A27070EB8D,SHA256=1256A1E89815AA5ADE26A8FDDDDEEBF056EB3D3A81EBFE0DD73636CC677A3D38,IMPHASH=ED2979722859B770F49D66059479B256
ParentProcessGuid: {461f0bd2-2bd2-6354-2d00-000000001e00}
ParentProcessId: 2308
ParentImage: C:\ProgramData\Microsoft\Windows Defender\Platform\4.18.2209.7-0\MsMpEng.exe
ParentCommandLine: ""C:\ProgramData\Microsoft\Windows Defender\Platform\4.18.2209.7-0\MsMpEng.exe""
ParentUser: NT AUTHORITY\SYSTEM","-","-","-","-","-","-","-","-","-","-","-","-","C:\Windows\system32\wevtutil.exe, uninstall-manifest, C:\ProgramData\Microsoft\Windows Defender\Platform\4.18.2209.7-0\Microsoft-Antimalware-NIS.man",3,"C:\Windows\system32\wevtutil.exe uninstall-manifest ""C:\ProgramData\Microsoft\Windows Defender\Platform\4.18.2209.7-0\Microsoft-Antimalware-NIS.man""","C:\Windows\system32\wevtutil.exe uninstall-manifest ""C:\ProgramData\Microsoft\Windows Defender\Platform\4.18.2209.7-0\Microsoft-Antimalware-NIS.man""","{461f0bd2-2bd6-6354-4000-000000001e00}","C:\Windows\System32\wevtutil.exe","C:\Windows\System32\wevtutil.exe",1aae26bd68b911d0420626a27070eb8d,1256a1e89815aa5ade26a8fddddeebf056eb3d3a81ebfe0dd73636cc677a3d38,"wevtutil.exe","wevtutil.exe","C:\ProgramData\Microsoft\Windows Defender\Platform\4.18.2209.7-0\MsMpEng.exe",1,"""C:\ProgramData\Microsoft\Windows Defender\Platform\4.18.2209.7-0\MsMpEng.exe""","""C:\ProgramData\Microsoft\Windows Defender\Platform\4.18.2209.7-0\MsMpEng.exe""","{461f0bd2-2bd2-6354-2d00-000000001e00}","C:\ProgramData\Microsoft\Windows Defender\Platform\4.18.2209.7-0\MsMpEng.exe","C:\ProgramData\Microsoft\Windows Defender\Platform\4.18.2209.7-0\MsMpEng.exe","MsMpEng.exe","MsMpEng.exe",2308,"Microsoft Corporation","Eventing Command Line Utility","10.0.19041.1682 (WinBuild.160101.0800)",ed2979722859b770f49d66059479b256,"wevtutil.exe","Microsoft® Windows® Operating System",2572,"-","-","C:\Windows\system32\","C:\Windows\system32\","-","-","-","-","-","-","1256a1e89815aa5ade26a8fddddeebf056eb3d3a81ebfe0dd73636cc677a3d38, 1aae26bd68b911d0420626a27070eb8d, ed2979722859b770f49d66059479b256","-","-",SYSTEM,"-","-","NT AUTHORITY","-","S-1-5-18",SYSTEM,SYSTEM,"-",wineventlog,"Microsoft-Windows-Sysmon/Operational",victim,"Microsoft Corporation","-","Eventing Command Line Utility","-","10.0.19041.1682 (WinBuild.160101.0800)",System,"{461f0bd2-1c1d-6354-e703-000000000000}",0x3e7,"-","NT AUTHORITY\SYSTEM","-","Microsoft® Windows® Operating System","-","-","-","-","-","-","-","-",0,"-",1,"-","-",Info,"2,276","2,512","{5770385f-c22a-43e0-bf4c-06f5698ffbd9}","Microsoft-Windows-Sysmon",4718,"Process Create (rule: ProcessCreate)","NT AUTHORITY","S-1-5-18",SYSTEM,User,5
"Oct 23, 2022 @ 01:43:50.415",yUXQAIQBHC0TB3lJ8ZeE,".ds-winlogbeat-8.2.3-2022.10.22-000001","-","c2c04a29-9d47-4de5-86f6-5958b0d4222c",victim,"b15c43c7-63a1-423e-901b-f1acc6401711",victim,winlogbeat,"8.2.3","-","-","-","-","-","-","-","1.12.0","Process Create (rule: ProcessCreate)",process,1,"Oct 23, 2022 @ 01:50:07.758","Oct 23, 2022 @ 01:50:04.151",event,sysmon,"-","Microsoft-Windows-Sysmon","-",start,"-","-","-","-","-","x86_64",victim,"461f0bd2-c182-413a-8a41-2a8e4accb4a9","fe80::4959:93ba:69a6:522d, 10.0.2.15, fe80::91a8:3d9e:36ba:f548, 172.19.96.10","08:00:27:7c:f3:ae, 08:00:27:22:f7:3c",victim,"19044.1889",windows,"10.0.19041.1889 (WinBuild.160101.0800)","Windows 10 Enterprise Evaluation","Windows 10 Enterprise Evaluation",windows,windows,"10.0",information,"Process Create:
RuleName: -
UtcTime: 2022-10-22 17:43:50.415
ProcessGuid: {461f0bd2-2bd6-6354-3e00-000000001e00}
ProcessId: 2512
Image: C:\Windows\System32\wevtutil.exe
FileVersion: 10.0.19041.1682 (WinBuild.160101.0800)
Description: Eventing Command Line Utility
Product: Microsoft® Windows® Operating System
Company: Microsoft Corporation
OriginalFileName: wevtutil.exe
CommandLine: C:\Windows\system32\wevtutil.exe install-manifest ""C:\ProgramData\Microsoft\Windows Defender\Platform\4.18.2209.7-0\Microsoft-Antimalware-Service.man"" ""/resourceFilePath:C:\ProgramData\Microsoft\Windows Defender\Platform\4.18.2209.7-0\MpSvc.dll"" ""/messageFilePath:C:\ProgramData\Microsoft\Windows Defender\Platform\4.18.2209.7-0\MpSvc.dll"" ""/parameterFilePath:C:\ProgramData\Microsoft\Windows Defender\Platform\4.18.2209.7-0\MpSvc.dll""
CurrentDirectory: C:\Windows\system32\
User: NT AUTHORITY\SYSTEM
LogonGuid: {461f0bd2-1c1d-6354-e703-000000000000}
LogonId: 0x3E7
TerminalSessionId: 0
IntegrityLevel: System
Hashes: MD5=1AAE26BD68B911D0420626A27070EB8D,SHA256=1256A1E89815AA5ADE26A8FDDDDEEBF056EB3D3A81EBFE0DD73636CC677A3D38,IMPHASH=ED2979722859B770F49D66059479B256
ParentProcessGuid: {461f0bd2-2bd2-6354-2d00-000000001e00}
ParentProcessId: 2308
ParentImage: C:\ProgramData\Microsoft\Windows Defender\Platform\4.18.2209.7-0\MsMpEng.exe
ParentCommandLine: ""C:\ProgramData\Microsoft\Windows Defender\Platform\4.18.2209.7-0\MsMpEng.exe""
ParentUser: NT AUTHORITY\SYSTEM","-","-","-","-","-","-","-","-","-","-","-","-","C:\Windows\system32\wevtutil.exe, install-manifest, C:\ProgramData\Microsoft\Windows Defender\Platform\4.18.2209.7-0\Microsoft-Antimalware-Service.man, /resourceFilePath:C:\ProgramData\Microsoft\Windows Defender\Platform\4.18.2209.7-0\MpSvc.dll, /messageFilePath:C:\ProgramData\Microsoft\Windows Defender\Platform\4.18.2209.7-0\MpSvc.dll, /parameterFilePath:C:\ProgramData\Microsoft\Windows Defender\Platform\4.18.2209.7-0\MpSvc.dll",6,"C:\Windows\system32\wevtutil.exe install-manifest ""C:\ProgramData\Microsoft\Windows Defender\Platform\4.18.2209.7-0\Microsoft-Antimalware-Service.man"" ""/resourceFilePath:C:\ProgramData\Microsoft\Windows Defender\Platform\4.18.2209.7-0\MpSvc.dll"" ""/messageFilePath:C:\ProgramData\Microsoft\Windows Defender\Platform\4.18.2209.7-0\MpSvc.dll"" ""/parameterFilePath:C:\ProgramData\Microsoft\Windows Defender\Platform\4.18.2209.7-0\MpSvc.dll""","C:\Windows\system32\wevtutil.exe install-manifest ""C:\ProgramData\Microsoft\Windows Defender\Platform\4.18.2209.7-0\Microsoft-Antimalware-Service.man"" ""/resourceFilePath:C:\ProgramData\Microsoft\Windows Defender\Platform\4.18.2209.7-0\MpSvc.dll"" ""/messageFilePath:C:\ProgramData\Microsoft\Windows Defender\Platform\4.18.2209.7-0\MpSvc.dll"" ""/parameterFilePath:C:\ProgramData\Microsoft\Windows Defender\Platform\4.18.2209.7-0\MpSvc.dll""","{461f0bd2-2bd6-6354-3e00-000000001e00}","C:\Windows\System32\wevtutil.exe","C:\Windows\System32\wevtutil.exe",1aae26bd68b911d0420626a27070eb8d,1256a1e89815aa5ade26a8fddddeebf056eb3d3a81ebfe0dd73636cc677a3d38,"wevtutil.exe","wevtutil.exe","C:\ProgramData\Microsoft\Windows Defender\Platform\4.18.2209.7-0\MsMpEng.exe",1,"""C:\ProgramData\Microsoft\Windows Defender\Platform\4.18.2209.7-0\MsMpEng.exe""","""C:\ProgramData\Microsoft\Windows Defender\Platform\4.18.2209.7-0\MsMpEng.exe""","{461f0bd2-2bd2-6354-2d00-000000001e00}","C:\ProgramData\Microsoft\Windows Defender\Platform\4.18.2209.7-0\MsMpEng.exe","C:\ProgramData\Microsoft\Windows Defender\Platform\4.18.2209.7-0\MsMpEng.exe","MsMpEng.exe","MsMpEng.exe",2308,"Microsoft Corporation","Eventing Command Line Utility","10.0.19041.1682 (WinBuild.160101.0800)",ed2979722859b770f49d66059479b256,"wevtutil.exe","Microsoft® Windows® Operating System",2512,"-","-","C:\Windows\system32\","C:\Windows\system32\","-","-","-","-","-","-","1256a1e89815aa5ade26a8fddddeebf056eb3d3a81ebfe0dd73636cc677a3d38, 1aae26bd68b911d0420626a27070eb8d, ed2979722859b770f49d66059479b256","-","-",SYSTEM,"-","-","NT AUTHORITY","-","S-1-5-18",SYSTEM,SYSTEM,"-",wineventlog,"Microsoft-Windows-Sysmon/Operational",victim,"Microsoft Corporation","-","Eventing Command Line Utility","-","10.0.19041.1682 (WinBuild.160101.0800)",System,"{461f0bd2-1c1d-6354-e703-000000000000}",0x3e7,"-","NT AUTHORITY\SYSTEM","-","Microsoft® Windows® Operating System","-","-","-","-","-","-","-","-",0,"-",1,"-","-",Info,"2,276","2,512","{5770385f-c22a-43e0-bf4c-06f5698ffbd9}","Microsoft-Windows-Sysmon",4717,"Process Create (rule: ProcessCreate)","NT AUTHORITY","S-1-5-18",SYSTEM,User,5
"Oct 23, 2022 @ 01:43:50.254",yEXQAIQBHC0TB3lJ8ZeE,".ds-winlogbeat-8.2.3-2022.10.22-000001","-","c2c04a29-9d47-4de5-86f6-5958b0d4222c",victim,"b15c43c7-63a1-423e-901b-f1acc6401711",victim,winlogbeat,"8.2.3","-","-","-","-","-","-","-","1.12.0","Process Create (rule: ProcessCreate)",process,1,"Oct 23, 2022 @ 01:50:07.758","Oct 23, 2022 @ 01:50:04.151",event,sysmon,"-","Microsoft-Windows-Sysmon","-",start,"-","-","-","-","-","x86_64",victim,"461f0bd2-c182-413a-8a41-2a8e4accb4a9","fe80::4959:93ba:69a6:522d, 10.0.2.15, fe80::91a8:3d9e:36ba:f548, 172.19.96.10","08:00:27:7c:f3:ae, 08:00:27:22:f7:3c",victim,"19044.1889",windows,"10.0.19041.1889 (WinBuild.160101.0800)","Windows 10 Enterprise Evaluation","Windows 10 Enterprise Evaluation",windows,windows,"10.0",information,"Process Create:
RuleName: -
UtcTime: 2022-10-22 17:43:50.254
ProcessGuid: {461f0bd2-2bd6-6354-3c00-000000001e00}
ProcessId: 2736
Image: C:\Windows\System32\wevtutil.exe
FileVersion: 10.0.19041.1682 (WinBuild.160101.0800)
Description: Eventing Command Line Utility
Product: Microsoft® Windows® Operating System
Company: Microsoft Corporation
OriginalFileName: wevtutil.exe
CommandLine: C:\Windows\system32\wevtutil.exe uninstall-manifest ""C:\ProgramData\Microsoft\Windows Defender\Platform\4.18.2209.7-0\Microsoft-Antimalware-Service.man""
CurrentDirectory: C:\Windows\system32\
User: NT AUTHORITY\SYSTEM
LogonGuid: {461f0bd2-1c1d-6354-e703-000000000000}
LogonId: 0x3E7
TerminalSessionId: 0
IntegrityLevel: System
Hashes: MD5=1AAE26BD68B911D0420626A27070EB8D,SHA256=1256A1E89815AA5ADE26A8FDDDDEEBF056EB3D3A81EBFE0DD73636CC677A3D38,IMPHASH=ED2979722859B770F49D66059479B256
ParentProcessGuid: {461f0bd2-2bd2-6354-2d00-000000001e00}
ParentProcessId: 2308
ParentImage: C:\ProgramData\Microsoft\Windows Defender\Platform\4.18.2209.7-0\MsMpEng.exe
ParentCommandLine: ""C:\ProgramData\Microsoft\Windows Defender\Platform\4.18.2209.7-0\MsMpEng.exe""
ParentUser: NT AUTHORITY\SYSTEM","-","-","-","-","-","-","-","-","-","-","-","-","C:\Windows\system32\wevtutil.exe, uninstall-manifest, C:\ProgramData\Microsoft\Windows Defender\Platform\4.18.2209.7-0\Microsoft-Antimalware-Service.man",3,"C:\Windows\system32\wevtutil.exe uninstall-manifest ""C:\ProgramData\Microsoft\Windows Defender\Platform\4.18.2209.7-0\Microsoft-Antimalware-Service.man""","C:\Windows\system32\wevtutil.exe uninstall-manifest ""C:\ProgramData\Microsoft\Windows Defender\Platform\4.18.2209.7-0\Microsoft-Antimalware-Service.man""","{461f0bd2-2bd6-6354-3c00-000000001e00}","C:\Windows\System32\wevtutil.exe","C:\Windows\System32\wevtutil.exe",1aae26bd68b911d0420626a27070eb8d,1256a1e89815aa5ade26a8fddddeebf056eb3d3a81ebfe0dd73636cc677a3d38,"wevtutil.exe","wevtutil.exe","C:\ProgramData\Microsoft\Windows Defender\Platform\4.18.2209.7-0\MsMpEng.exe",1,"""C:\ProgramData\Microsoft\Windows Defender\Platform\4.18.2209.7-0\MsMpEng.exe""","""C:\ProgramData\Microsoft\Windows Defender\Platform\4.18.2209.7-0\MsMpEng.exe""","{461f0bd2-2bd2-6354-2d00-000000001e00}","C:\ProgramData\Microsoft\Windows Defender\Platform\4.18.2209.7-0\MsMpEng.exe","C:\ProgramData\Microsoft\Windows Defender\Platform\4.18.2209.7-0\MsMpEng.exe","MsMpEng.exe","MsMpEng.exe",2308,"Microsoft Corporation","Eventing Command Line Utility","10.0.19041.1682 (WinBuild.160101.0800)",ed2979722859b770f49d66059479b256,"wevtutil.exe","Microsoft® Windows® Operating System",2736,"-","-","C:\Windows\system32\","C:\Windows\system32\","-","-","-","-","-","-","1256a1e89815aa5ade26a8fddddeebf056eb3d3a81ebfe0dd73636cc677a3d38, 1aae26bd68b911d0420626a27070eb8d, ed2979722859b770f49d66059479b256","-","-",SYSTEM,"-","-","NT AUTHORITY","-","S-1-5-18",SYSTEM,SYSTEM,"-",wineventlog,"Microsoft-Windows-Sysmon/Operational",victim,"Microsoft Corporation","-","Eventing Command Line Utility","-","10.0.19041.1682 (WinBuild.160101.0800)",System,"{461f0bd2-1c1d-6354-e703-000000000000}",0x3e7,"-","NT AUTHORITY\SYSTEM","-","Microsoft® Windows® Operating System","-","-","-","-","-","-","-","-",0,"-",1,"-","-",Info,"2,276","2,512","{5770385f-c22a-43e0-bf4c-06f5698ffbd9}","Microsoft-Windows-Sysmon",4716,"Process Create (rule: ProcessCreate)","NT AUTHORITY","S-1-5-18",SYSTEM,User,5
"Oct 23, 2022 @ 01:43:49.527",uUXQAIQBHC0TB3lJ8ZeE,".ds-winlogbeat-8.2.3-2022.10.22-000001","-","c2c04a29-9d47-4de5-86f6-5958b0d4222c",victim,"b15c43c7-63a1-423e-901b-f1acc6401711",victim,winlogbeat,"8.2.3","-","-","-","-","-","-","-","1.12.0","Process Create (rule: ProcessCreate)",process,1,"Oct 23, 2022 @ 01:50:07.758","Oct 23, 2022 @ 01:50:04.146",event,sysmon,"-","Microsoft-Windows-Sysmon","-",start,"-","-","-","-","-","x86_64",victim,"461f0bd2-c182-413a-8a41-2a8e4accb4a9","fe80::4959:93ba:69a6:522d, 10.0.2.15, fe80::91a8:3d9e:36ba:f548, 172.19.96.10","08:00:27:7c:f3:ae, 08:00:27:22:f7:3c",victim,"19044.1889",windows,"10.0.19041.1889 (WinBuild.160101.0800)","Windows 10 Enterprise Evaluation","Windows 10 Enterprise Evaluation",windows,windows,"10.0",information,"Process Create:
RuleName: -
UtcTime: 2022-10-22 17:43:49.527
ProcessGuid: {461f0bd2-2bd5-6354-3a00-000000001e00}
ProcessId: 1620
Image: C:\Windows\System32\wevtutil.exe
FileVersion: 10.0.19041.1682 (WinBuild.160101.0800)
Description: Eventing Command Line Utility
Product: Microsoft® Windows® Operating System
Company: Microsoft Corporation
OriginalFileName: wevtutil.exe
CommandLine: C:\Windows\system32\wevtutil.exe install-manifest ""C:\ProgramData\Microsoft\Windows Defender\Platform\4.18.2209.7-0\Microsoft-Windows-Windows Defender.man"" ""/resourceFilePath:C:\ProgramData\Microsoft\Windows Defender\Platform\4.18.2209.7-0\MpEvMsg.dll"" ""/messageFilePath:C:\ProgramData\Microsoft\Windows Defender\Platform\4.18.2209.7-0\MpEvMsg.dll"" ""/parameterFilePath:C:\ProgramData\Microsoft\Windows Defender\Platform\4.18.2209.7-0\MpEvMsg.dll""
CurrentDirectory: C:\Windows\system32\
User: NT AUTHORITY\SYSTEM
LogonGuid: {461f0bd2-1c1d-6354-e703-000000000000}
LogonId: 0x3E7
TerminalSessionId: 0
IntegrityLevel: System
Hashes: MD5=1AAE26BD68B911D0420626A27070EB8D,SHA256=1256A1E89815AA5ADE26A8FDDDDEEBF056EB3D3A81EBFE0DD73636CC677A3D38,IMPHASH=ED2979722859B770F49D66059479B256
ParentProcessGuid: {461f0bd2-2bd2-6354-2d00-000000001e00}
ParentProcessId: 2308
ParentImage: C:\ProgramData\Microsoft\Windows Defender\Platform\4.18.2209.7-0\MsMpEng.exe
ParentCommandLine: ""C:\ProgramData\Microsoft\Windows Defender\Platform\4.18.2209.7-0\MsMpEng.exe""
ParentUser: NT AUTHORITY\SYSTEM","-","-","-","-","-","-","-","-","-","-","-","-","C:\Windows\system32\wevtutil.exe, install-manifest, C:\ProgramData\Microsoft\Windows Defender\Platform\4.18.2209.7-0\Microsoft-Windows-Windows Defender.man, /resourceFilePath:C:\ProgramData\Microsoft\Windows Defender\Platform\4.18.2209.7-0\MpEvMsg.dll, /messageFilePath:C:\ProgramData\Microsoft\Windows Defender\Platform\4.18.2209.7-0\MpEvMsg.dll, /parameterFilePath:C:\ProgramData\Microsoft\Windows Defender\Platform\4.18.2209.7-0\MpEvMsg.dll",6,"C:\Windows\system32\wevtutil.exe install-manifest ""C:\ProgramData\Microsoft\Windows Defender\Platform\4.18.2209.7-0\Microsoft-Windows-Windows Defender.man"" ""/resourceFilePath:C:\ProgramData\Microsoft\Windows Defender\Platform\4.18.2209.7-0\MpEvMsg.dll"" ""/messageFilePath:C:\ProgramData\Microsoft\Windows Defender\Platform\4.18.2209.7-0\MpEvMsg.dll"" ""/parameterFilePath:C:\ProgramData\Microsoft\Windows Defender\Platform\4.18.2209.7-0\MpEvMsg.dll""","C:\Windows\system32\wevtutil.exe install-manifest ""C:\ProgramData\Microsoft\Windows Defender\Platform\4.18.2209.7-0\Microsoft-Windows-Windows Defender.man"" ""/resourceFilePath:C:\ProgramData\Microsoft\Windows Defender\Platform\4.18.2209.7-0\MpEvMsg.dll"" ""/messageFilePath:C:\ProgramData\Microsoft\Windows Defender\Platform\4.18.2209.7-0\MpEvMsg.dll"" ""/parameterFilePath:C:\ProgramData\Microsoft\Windows Defender\Platform\4.18.2209.7-0\MpEvMsg.dll""","{461f0bd2-2bd5-6354-3a00-000000001e00}","C:\Windows\System32\wevtutil.exe","C:\Windows\System32\wevtutil.exe",1aae26bd68b911d0420626a27070eb8d,1256a1e89815aa5ade26a8fddddeebf056eb3d3a81ebfe0dd73636cc677a3d38,"wevtutil.exe","wevtutil.exe","C:\ProgramData\Microsoft\Windows Defender\Platform\4.18.2209.7-0\MsMpEng.exe",1,"""C:\ProgramData\Microsoft\Windows Defender\Platform\4.18.2209.7-0\MsMpEng.exe""","""C:\ProgramData\Microsoft\Windows Defender\Platform\4.18.2209.7-0\MsMpEng.exe""","{461f0bd2-2bd2-6354-2d00-000000001e00}","C:\ProgramData\Microsoft\Windows Defender\Platform\4.18.2209.7-0\MsMpEng.exe","C:\ProgramData\Microsoft\Windows Defender\Platform\4.18.2209.7-0\MsMpEng.exe","MsMpEng.exe","MsMpEng.exe",2308,"Microsoft Corporation","Eventing Command Line Utility","10.0.19041.1682 (WinBuild.160101.0800)",ed2979722859b770f49d66059479b256,"wevtutil.exe","Microsoft® Windows® Operating System",1620,"-","-","C:\Windows\system32\","C:\Windows\system32\","-","-","-","-","-","-","1256a1e89815aa5ade26a8fddddeebf056eb3d3a81ebfe0dd73636cc677a3d38, 1aae26bd68b911d0420626a27070eb8d, ed2979722859b770f49d66059479b256","-","-",SYSTEM,"-","-","NT AUTHORITY","-","S-1-5-18",SYSTEM,SYSTEM,"-",wineventlog,"Microsoft-Windows-Sysmon/Operational",victim,"Microsoft Corporation","-","Eventing Command Line Utility","-","10.0.19041.1682 (WinBuild.160101.0800)",System,"{461f0bd2-1c1d-6354-e703-000000000000}",0x3e7,"-","NT AUTHORITY\SYSTEM","-","Microsoft® Windows® Operating System","-","-","-","-","-","-","-","-",0,"-",1,"-","-",Info,"2,276","2,512","{5770385f-c22a-43e0-bf4c-06f5698ffbd9}","Microsoft-Windows-Sysmon",4701,"Process Create (rule: ProcessCreate)","NT AUTHORITY","S-1-5-18",SYSTEM,User,5
"Oct 23, 2022 @ 01:43:49.227",tkXQAIQBHC0TB3lJ8ZdV,".ds-winlogbeat-8.2.3-2022.10.22-000001","-","c2c04a29-9d47-4de5-86f6-5958b0d4222c",victim,"b15c43c7-63a1-423e-901b-f1acc6401711",victim,winlogbeat,"8.2.3","-","-","-","-","-","-","-","1.12.0","Process Create (rule: ProcessCreate)",process,1,"Oct 23, 2022 @ 01:50:07.758","Oct 23, 2022 @ 01:50:04.117",event,sysmon,"-","Microsoft-Windows-Sysmon","-",start,"-","-","-","-","-","x86_64",victim,"461f0bd2-c182-413a-8a41-2a8e4accb4a9","fe80::4959:93ba:69a6:522d, 10.0.2.15, fe80::91a8:3d9e:36ba:f548, 172.19.96.10","08:00:27:7c:f3:ae, 08:00:27:22:f7:3c",victim,"19044.1889",windows,"10.0.19041.1889 (WinBuild.160101.0800)","Windows 10 Enterprise Evaluation","Windows 10 Enterprise Evaluation",windows,windows,"10.0",information,"Process Create:
RuleName: -
UtcTime: 2022-10-22 17:43:49.227
ProcessGuid: {461f0bd2-2bd5-6354-3800-000000001e00}
ProcessId: 2288
Image: C:\Windows\System32\wevtutil.exe
FileVersion: 10.0.19041.1682 (WinBuild.160101.0800)
Description: Eventing Command Line Utility
Product: Microsoft® Windows® Operating System
Company: Microsoft Corporation
OriginalFileName: wevtutil.exe
CommandLine: C:\Windows\system32\wevtutil.exe uninstall-manifest ""C:\ProgramData\Microsoft\Windows Defender\Platform\4.18.2209.7-0\Microsoft-Windows-Windows Defender.man""
CurrentDirectory: C:\Windows\system32\
User: NT AUTHORITY\SYSTEM
LogonGuid: {461f0bd2-1c1d-6354-e703-000000000000}
LogonId: 0x3E7
TerminalSessionId: 0
IntegrityLevel: System
Hashes: MD5=1AAE26BD68B911D0420626A27070EB8D,SHA256=1256A1E89815AA5ADE26A8FDDDDEEBF056EB3D3A81EBFE0DD73636CC677A3D38,IMPHASH=ED2979722859B770F49D66059479B256
ParentProcessGuid: {461f0bd2-2bd2-6354-2d00-000000001e00}
ParentProcessId: 2308
ParentImage: C:\ProgramData\Microsoft\Windows Defender\Platform\4.18.2209.7-0\MsMpEng.exe
ParentCommandLine: ""C:\ProgramData\Microsoft\Windows Defender\Platform\4.18.2209.7-0\MsMpEng.exe""
ParentUser: NT AUTHORITY\SYSTEM","-","-","-","-","-","-","-","-","-","-","-","-","C:\Windows\system32\wevtutil.exe, uninstall-manifest, C:\ProgramData\Microsoft\Windows Defender\Platform\4.18.2209.7-0\Microsoft-Windows-Windows Defender.man",3,"C:\Windows\system32\wevtutil.exe uninstall-manifest ""C:\ProgramData\Microsoft\Windows Defender\Platform\4.18.2209.7-0\Microsoft-Windows-Windows Defender.man""","C:\Windows\system32\wevtutil.exe uninstall-manifest ""C:\ProgramData\Microsoft\Windows Defender\Platform\4.18.2209.7-0\Microsoft-Windows-Windows Defender.man""","{461f0bd2-2bd5-6354-3800-000000001e00}","C:\Windows\System32\wevtutil.exe","C:\Windows\System32\wevtutil.exe",1aae26bd68b911d0420626a27070eb8d,1256a1e89815aa5ade26a8fddddeebf056eb3d3a81ebfe0dd73636cc677a3d38,"wevtutil.exe","wevtutil.exe","C:\ProgramData\Microsoft\Windows Defender\Platform\4.18.2209.7-0\MsMpEng.exe",1,"""C:\ProgramData\Microsoft\Windows Defender\Platform\4.18.2209.7-0\MsMpEng.exe""","""C:\ProgramData\Microsoft\Windows Defender\Platform\4.18.2209.7-0\MsMpEng.exe""","{461f0bd2-2bd2-6354-2d00-000000001e00}","C:\ProgramData\Microsoft\Windows Defender\Platform\4.18.2209.7-0\MsMpEng.exe","C:\ProgramData\Microsoft\Windows Defender\Platform\4.18.2209.7-0\MsMpEng.exe","MsMpEng.exe","MsMpEng.exe",2308,"Microsoft Corporation","Eventing Command Line Utility","10.0.19041.1682 (WinBuild.160101.0800)",ed2979722859b770f49d66059479b256,"wevtutil.exe","Microsoft® Windows® Operating System",2288,"-","-","C:\Windows\system32\","C:\Windows\system32\","-","-","-","-","-","-","1256a1e89815aa5ade26a8fddddeebf056eb3d3a81ebfe0dd73636cc677a3d38, 1aae26bd68b911d0420626a27070eb8d, ed2979722859b770f49d66059479b256","-","-",SYSTEM,"-","-","NT AUTHORITY","-","S-1-5-18",SYSTEM,SYSTEM,"-",wineventlog,"Microsoft-Windows-Sysmon/Operational",victim,"Microsoft Corporation","-","Eventing Command Line Utility","-","10.0.19041.1682 (WinBuild.160101.0800)",System,"{461f0bd2-1c1d-6354-e703-000000000000}",0x3e7,"-","NT AUTHORITY\SYSTEM","-","Microsoft® Windows® Operating System","-","-","-","-","-","-","-","-",0,"-",1,"-","-",Info,"2,276","2,512","{5770385f-c22a-43e0-bf4c-06f5698ffbd9}","Microsoft-Windows-Sysmon",4698,"Process Create (rule: ProcessCreate)","NT AUTHORITY","S-1-5-18",SYSTEM,User,5
"Oct 23, 2022 @ 01:43:48.794",tEXQAIQBHC0TB3lJ8ZdV,".ds-winlogbeat-8.2.3-2022.10.22-000001","-","c2c04a29-9d47-4de5-86f6-5958b0d4222c",victim,"b15c43c7-63a1-423e-901b-f1acc6401711",victim,winlogbeat,"8.2.3","-","-","-","-","-","-","-","1.12.0","Process Create (rule: ProcessCreate)",process,1,"Oct 23, 2022 @ 01:50:07.758","Oct 23, 2022 @ 01:50:04.116",event,sysmon,"-","Microsoft-Windows-Sysmon","-",start,"-","-","-","-","-","x86_64",victim,"461f0bd2-c182-413a-8a41-2a8e4accb4a9","fe80::4959:93ba:69a6:522d, 10.0.2.15, fe80::91a8:3d9e:36ba:f548, 172.19.96.10","08:00:27:7c:f3:ae, 08:00:27:22:f7:3c",victim,"19044.1889",windows,"10.0.19041.1889 (WinBuild.160101.0800)","Windows 10 Enterprise Evaluation","Windows 10 Enterprise Evaluation",windows,windows,"10.0",information,"Process Create:
RuleName: -
UtcTime: 2022-10-22 17:43:48.794
ProcessGuid: {461f0bd2-2bd4-6354-3600-000000001e00}
ProcessId: 2884
Image: C:\Windows\System32\wevtutil.exe
FileVersion: 10.0.19041.1682 (WinBuild.160101.0800)
Description: Eventing Command Line Utility
Product: Microsoft® Windows® Operating System
Company: Microsoft Corporation
OriginalFileName: wevtutil.exe
CommandLine: C:\Windows\system32\wevtutil.exe install-manifest ""C:\ProgramData\Microsoft\Windows Defender\Platform\4.18.2209.7-0\Microsoft-Antimalware-AMFilter.man"" ""/resourceFilePath:C:\ProgramData\Microsoft\Windows Defender\Platform\4.18.2209.7-0\Drivers\WdFilter.sys"" ""/messageFilePath:C:\ProgramData\Microsoft\Windows Defender\Platform\4.18.2209.7-0\Drivers\WdFilter.sys"" ""/parameterFilePath:C:\ProgramData\Microsoft\Windows Defender\Platform\4.18.2209.7-0\Drivers\WdFilter.sys""
CurrentDirectory: C:\Windows\system32\
User: NT AUTHORITY\SYSTEM
LogonGuid: {461f0bd2-1c1d-6354-e703-000000000000}
LogonId: 0x3E7
TerminalSessionId: 0
IntegrityLevel: System
Hashes: MD5=1AAE26BD68B911D0420626A27070EB8D,SHA256=1256A1E89815AA5ADE26A8FDDDDEEBF056EB3D3A81EBFE0DD73636CC677A3D38,IMPHASH=ED2979722859B770F49D66059479B256
ParentProcessGuid: {461f0bd2-2bd2-6354-2d00-000000001e00}
ParentProcessId: 2308
ParentImage: C:\ProgramData\Microsoft\Windows Defender\Platform\4.18.2209.7-0\MsMpEng.exe
ParentCommandLine: ""C:\ProgramData\Microsoft\Windows Defender\Platform\4.18.2209.7-0\MsMpEng.exe""
ParentUser: NT AUTHORITY\SYSTEM","-","-","-","-","-","-","-","-","-","-","-","-","C:\Windows\system32\wevtutil.exe, install-manifest, C:\ProgramData\Microsoft\Windows Defender\Platform\4.18.2209.7-0\Microsoft-Antimalware-AMFilter.man, /resourceFilePath:C:\ProgramData\Microsoft\Windows Defender\Platform\4.18.2209.7-0\Drivers\WdFilter.sys, /messageFilePath:C:\ProgramData\Microsoft\Windows Defender\Platform\4.18.2209.7-0\Drivers\WdFilter.sys, /parameterFilePath:C:\ProgramData\Microsoft\Windows Defender\Platform\4.18.2209.7-0\Drivers\WdFilter.sys",6,"C:\Windows\system32\wevtutil.exe install-manifest ""C:\ProgramData\Microsoft\Windows Defender\Platform\4.18.2209.7-0\Microsoft-Antimalware-AMFilter.man"" ""/resourceFilePath:C:\ProgramData\Microsoft\Windows Defender\Platform\4.18.2209.7-0\Drivers\WdFilter.sys"" ""/messageFilePath:C:\ProgramData\Microsoft\Windows Defender\Platform\4.18.2209.7-0\Drivers\WdFilter.sys"" ""/parameterFilePath:C:\ProgramData\Microsoft\Windows Defender\Platform\4.18.2209.7-0\Drivers\WdFilter.sys""","C:\Windows\system32\wevtutil.exe install-manifest ""C:\ProgramData\Microsoft\Windows Defender\Platform\4.18.2209.7-0\Microsoft-Antimalware-AMFilter.man"" ""/resourceFilePath:C:\ProgramData\Microsoft\Windows Defender\Platform\4.18.2209.7-0\Drivers\WdFilter.sys"" ""/messageFilePath:C:\ProgramData\Microsoft\Windows Defender\Platform\4.18.2209.7-0\Drivers\WdFilter.sys"" ""/parameterFilePath:C:\ProgramData\Microsoft\Windows Defender\Platform\4.18.2209.7-0\Drivers\WdFilter.sys""","{461f0bd2-2bd4-6354-3600-000000001e00}","C:\Windows\System32\wevtutil.exe","C:\Windows\System32\wevtutil.exe",1aae26bd68b911d0420626a27070eb8d,1256a1e89815aa5ade26a8fddddeebf056eb3d3a81ebfe0dd73636cc677a3d38,"wevtutil.exe","wevtutil.exe","C:\ProgramData\Microsoft\Windows Defender\Platform\4.18.2209.7-0\MsMpEng.exe",1,"""C:\ProgramData\Microsoft\Windows Defender\Platform\4.18.2209.7-0\MsMpEng.exe""","""C:\ProgramData\Microsoft\Windows Defender\Platform\4.18.2209.7-0\MsMpEng.exe""","{461f0bd2-2bd2-6354-2d00-000000001e00}","C:\ProgramData\Microsoft\Windows Defender\Platform\4.18.2209.7-0\MsMpEng.exe","C:\ProgramData\Microsoft\Windows Defender\Platform\4.18.2209.7-0\MsMpEng.exe","MsMpEng.exe","MsMpEng.exe",2308,"Microsoft Corporation","Eventing Command Line Utility","10.0.19041.1682 (WinBuild.160101.0800)",ed2979722859b770f49d66059479b256,"wevtutil.exe","Microsoft® Windows® Operating System",2884,"-","-","C:\Windows\system32\","C:\Windows\system32\","-","-","-","-","-","-","1256a1e89815aa5ade26a8fddddeebf056eb3d3a81ebfe0dd73636cc677a3d38, 1aae26bd68b911d0420626a27070eb8d, ed2979722859b770f49d66059479b256","-","-",SYSTEM,"-","-","NT AUTHORITY","-","S-1-5-18",SYSTEM,SYSTEM,"-",wineventlog,"Microsoft-Windows-Sysmon/Operational",victim,"Microsoft Corporation","-","Eventing Command Line Utility","-","10.0.19041.1682 (WinBuild.160101.0800)",System,"{461f0bd2-1c1d-6354-e703-000000000000}",0x3e7,"-","NT AUTHORITY\SYSTEM","-","Microsoft® Windows® Operating System","-","-","-","-","-","-","-","-",0,"-",1,"-","-",Info,"2,276","2,512","{5770385f-c22a-43e0-bf4c-06f5698ffbd9}","Microsoft-Windows-Sysmon",4696,"Process Create (rule: ProcessCreate)","NT AUTHORITY","S-1-5-18",SYSTEM,User,5
"Oct 23, 2022 @ 01:43:48.273",s0XQAIQBHC0TB3lJ8ZdV,".ds-winlogbeat-8.2.3-2022.10.22-000001","-","c2c04a29-9d47-4de5-86f6-5958b0d4222c",victim,"b15c43c7-63a1-423e-901b-f1acc6401711",victim,winlogbeat,"8.2.3","-","-","-","-","-","-","-","1.12.0","Process Create (rule: ProcessCreate)",process,1,"Oct 23, 2022 @ 01:50:07.758","Oct 23, 2022 @ 01:50:04.116",event,sysmon,"-","Microsoft-Windows-Sysmon","-",start,"-","-","-","-","-","x86_64",victim,"461f0bd2-c182-413a-8a41-2a8e4accb4a9","fe80::4959:93ba:69a6:522d, 10.0.2.15, fe80::91a8:3d9e:36ba:f548, 172.19.96.10","08:00:27:7c:f3:ae, 08:00:27:22:f7:3c",victim,"19044.1889",windows,"10.0.19041.1889 (WinBuild.160101.0800)","Windows 10 Enterprise Evaluation","Windows 10 Enterprise Evaluation",windows,windows,"10.0",information,"Process Create:
RuleName: -
UtcTime: 2022-10-22 17:43:48.273
ProcessGuid: {461f0bd2-2bd4-6354-3500-000000001e00}
ProcessId: 2804
Image: C:\Windows\System32\wbem\unsecapp.exe
FileVersion: 10.0.19041.1320 (WinBuild.160101.0800)
Description: Sink to receive asynchronous callbacks for WMI client application
Product: Microsoft® Windows® Operating System
Company: Microsoft Corporation
OriginalFileName: unsecapp.dll
CommandLine: C:\Windows\system32\wbem\unsecapp.exe -Embedding
CurrentDirectory: C:\Windows\system32\
User: NT AUTHORITY\SYSTEM
LogonGuid: {461f0bd2-1c1d-6354-e703-000000000000}
LogonId: 0x3E7
TerminalSessionId: 0
IntegrityLevel: System
Hashes: MD5=9B782B1E1D7A2C28302755F963EAC907,SHA256=FABB8CC6DE82A79F1EED0976E5CE741FF3B9D5B1B40D90146052F4393CCA80A3,IMPHASH=87E54E3D04D772F26002D8B564B2426C
ParentProcessGuid: {461f0bd2-1c1e-6354-0f00-000000001e00}
ParentProcessId: 784
ParentImage: C:\Windows\System32\svchost.exe
ParentCommandLine: C:\Windows\system32\svchost.exe -k DcomLaunch -p
ParentUser: NT AUTHORITY\SYSTEM","-","-","-","-","-","-","-","-","-","-","-","-","C:\Windows\system32\wbem\unsecapp.exe, -Embedding",2,"C:\Windows\system32\wbem\unsecapp.exe -Embedding","C:\Windows\system32\wbem\unsecapp.exe -Embedding","{461f0bd2-2bd4-6354-3500-000000001e00}","C:\Windows\System32\wbem\unsecapp.exe","C:\Windows\System32\wbem\unsecapp.exe",9b782b1e1d7a2c28302755f963eac907,fabb8cc6de82a79f1eed0976e5ce741ff3b9d5b1b40d90146052f4393cca80a3,"unsecapp.exe","unsecapp.exe","C:\Windows\system32\svchost.exe, -k, DcomLaunch, -p",4,"C:\Windows\system32\svchost.exe -k DcomLaunch -p","C:\Windows\system32\svchost.exe -k DcomLaunch -p","{461f0bd2-1c1e-6354-0f00-000000001e00}","C:\Windows\System32\svchost.exe","C:\Windows\System32\svchost.exe","svchost.exe","svchost.exe",784,"Microsoft Corporation","Sink to receive asynchronous callbacks for WMI client application","10.0.19041.1320 (WinBuild.160101.0800)",87e54e3d04d772f26002d8b564b2426c,"unsecapp.dll","Microsoft® Windows® Operating System",2804,"-","-","C:\Windows\system32\","C:\Windows\system32\","-","-","-","-","-","-","fabb8cc6de82a79f1eed0976e5ce741ff3b9d5b1b40d90146052f4393cca80a3, 9b782b1e1d7a2c28302755f963eac907, 87e54e3d04d772f26002d8b564b2426c","-","-",SYSTEM,"-","-","NT AUTHORITY","-","S-1-5-18",SYSTEM,SYSTEM,"-",wineventlog,"Microsoft-Windows-Sysmon/Operational",victim,"Microsoft Corporation","-","Sink to receive asynchronous callbacks for WMI client application","-","10.0.19041.1320 (WinBuild.160101.0800)",System,"{461f0bd2-1c1d-6354-e703-000000000000}",0x3e7,"-","NT AUTHORITY\SYSTEM","-","Microsoft® Windows® Operating System","-","-","-","-","-","-","-","-",0,"-",1,"-","-",Info,"2,276","2,512","{5770385f-c22a-43e0-bf4c-06f5698ffbd9}","Microsoft-Windows-Sysmon",4695,"Process Create (rule: ProcessCreate)","NT AUTHORITY","S-1-5-18",SYSTEM,User,5
"Oct 23, 2022 @ 01:43:48.094",skXQAIQBHC0TB3lJ8ZdV,".ds-winlogbeat-8.2.3-2022.10.22-000001","-","c2c04a29-9d47-4de5-86f6-5958b0d4222c",victim,"b15c43c7-63a1-423e-901b-f1acc6401711",victim,winlogbeat,"8.2.3","-","-","-","-","-","-","-","1.12.0","File created (rule: FileCreate)",file,11,"Oct 23, 2022 @ 01:50:07.758","Oct 23, 2022 @ 01:50:04.115",event,sysmon,"-","Microsoft-Windows-Sysmon","-",creation,"C:\Windows\System32\wbem\Repository",TST,"WRITABLE.TST","C:\Windows\System32\wbem\Repository\WRITABLE.TST","C:\Windows\System32\wbem\Repository\WRITABLE.TST","x86_64",victim,"461f0bd2-c182-413a-8a41-2a8e4accb4a9","fe80::4959:93ba:69a6:522d, 10.0.2.15, fe80::91a8:3d9e:36ba:f548, 172.19.96.10","08:00:27:7c:f3:ae, 08:00:27:22:f7:3c",victim,"19044.1889",windows,"10.0.19041.1889 (WinBuild.160101.0800)","Windows 10 Enterprise Evaluation","Windows 10 Enterprise Evaluation",windows,windows,"10.0",information,"File created:
RuleName: -
UtcTime: 2022-10-22 17:43:48.094
ProcessGuid: {461f0bd2-1c1e-6354-1300-000000001e00}
ProcessId: 512
Image: C:\Windows\system32\svchost.exe
TargetFilename: C:\Windows\System32\wbem\Repository\WRITABLE.TST
CreationUtcTime: 2022-10-22 17:43:48.094
User: NT AUTHORITY\SYSTEM","-","-","-","-","-","-","-","-","-","-","-","-","-","-","-","-","{461f0bd2-1c1e-6354-1300-000000001e00}","C:\Windows\system32\svchost.exe","C:\Windows\system32\svchost.exe","-","-","svchost.exe","svchost.exe","-","-","-","-","-","-","-","-","-","-","-","-","-","-","-","-",512,"-","-","-","-","-","-","-","-","-","-","-","-","-",SYSTEM,"-","-","NT AUTHORITY","-","S-1-5-18",SYSTEM,SYSTEM,"-",wineventlog,"Microsoft-Windows-Sysmon/Operational",victim,"-","2022-10-22 17:43:48.094","-","-","-","-","-","-","-","-","-","-","-","-","-","-","-","-","-","-","-","-",11,"-","-",Info,"2,276","2,512","{5770385f-c22a-43e0-bf4c-06f5698ffbd9}","Microsoft-Windows-Sysmon",4694,"File created (rule: FileCreate)","NT AUTHORITY","S-1-5-18",SYSTEM,User,2
"Oct 23, 2022 @ 01:43:47.321",sUXQAIQBHC0TB3lJ8ZdV,".ds-winlogbeat-8.2.3-2022.10.22-000001","-","c2c04a29-9d47-4de5-86f6-5958b0d4222c",victim,"b15c43c7-63a1-423e-901b-f1acc6401711",victim,winlogbeat,"8.2.3","-","-","-","-","-","-","-","1.12.0","Process Create (rule: ProcessCreate)",process,1,"Oct 23, 2022 @ 01:50:07.758","Oct 23, 2022 @ 01:50:04.115",event,sysmon,"-","Microsoft-Windows-Sysmon","-",start,"-","-","-","-","-","x86_64",victim,"461f0bd2-c182-413a-8a41-2a8e4accb4a9","fe80::4959:93ba:69a6:522d, 10.0.2.15, fe80::91a8:3d9e:36ba:f548, 172.19.96.10","08:00:27:7c:f3:ae, 08:00:27:22:f7:3c",victim,"19044.1889",windows,"10.0.19041.1889 (WinBuild.160101.0800)","Windows 10 Enterprise Evaluation","Windows 10 Enterprise Evaluation",windows,windows,"10.0",information,"Process Create:
RuleName: -
UtcTime: 2022-10-22 17:43:47.321
ProcessGuid: {461f0bd2-2bd3-6354-3300-000000001e00}
ProcessId: 2676
Image: C:\Windows\System32\wevtutil.exe
FileVersion: 10.0.19041.1682 (WinBuild.160101.0800)
Description: Eventing Command Line Utility
Product: Microsoft® Windows® Operating System
Company: Microsoft Corporation
OriginalFileName: wevtutil.exe
CommandLine: C:\Windows\system32\wevtutil.exe uninstall-manifest ""C:\ProgramData\Microsoft\Windows Defender\Platform\4.18.2209.7-0\Microsoft-Antimalware-AMFilter.man""
CurrentDirectory: C:\Windows\system32\
User: NT AUTHORITY\SYSTEM
LogonGuid: {461f0bd2-1c1d-6354-e703-000000000000}
LogonId: 0x3E7
TerminalSessionId: 0
IntegrityLevel: System
Hashes: MD5=1AAE26BD68B911D0420626A27070EB8D,SHA256=1256A1E89815AA5ADE26A8FDDDDEEBF056EB3D3A81EBFE0DD73636CC677A3D38,IMPHASH=ED2979722859B770F49D66059479B256
ParentProcessGuid: {461f0bd2-2bd2-6354-2d00-000000001e00}
ParentProcessId: 2308
ParentImage: C:\ProgramData\Microsoft\Windows Defender\Platform\4.18.2209.7-0\MsMpEng.exe
ParentCommandLine: ""C:\ProgramData\Microsoft\Windows Defender\Platform\4.18.2209.7-0\MsMpEng.exe""
ParentUser: NT AUTHORITY\SYSTEM","-","-","-","-","-","-","-","-","-","-","-","-","C:\Windows\system32\wevtutil.exe, uninstall-manifest, C:\ProgramData\Microsoft\Windows Defender\Platform\4.18.2209.7-0\Microsoft-Antimalware-AMFilter.man",3,"C:\Windows\system32\wevtutil.exe uninstall-manifest ""C:\ProgramData\Microsoft\Windows Defender\Platform\4.18.2209.7-0\Microsoft-Antimalware-AMFilter.man""","C:\Windows\system32\wevtutil.exe uninstall-manifest ""C:\ProgramData\Microsoft\Windows Defender\Platform\4.18.2209.7-0\Microsoft-Antimalware-AMFilter.man""","{461f0bd2-2bd3-6354-3300-000000001e00}","C:\Windows\System32\wevtutil.exe","C:\Windows\System32\wevtutil.exe",1aae26bd68b911d0420626a27070eb8d,1256a1e89815aa5ade26a8fddddeebf056eb3d3a81ebfe0dd73636cc677a3d38,"wevtutil.exe","wevtutil.exe","C:\ProgramData\Microsoft\Windows Defender\Platform\4.18.2209.7-0\MsMpEng.exe",1,"""C:\ProgramData\Microsoft\Windows Defender\Platform\4.18.2209.7-0\MsMpEng.exe""","""C:\ProgramData\Microsoft\Windows Defender\Platform\4.18.2209.7-0\MsMpEng.exe""","{461f0bd2-2bd2-6354-2d00-000000001e00}","C:\ProgramData\Microsoft\Windows Defender\Platform\4.18.2209.7-0\MsMpEng.exe","C:\ProgramData\Microsoft\Windows Defender\Platform\4.18.2209.7-0\MsMpEng.exe","MsMpEng.exe","MsMpEng.exe",2308,"Microsoft Corporation","Eventing Command Line Utility","10.0.19041.1682 (WinBuild.160101.0800)",ed2979722859b770f49d66059479b256,"wevtutil.exe","Microsoft® Windows® Operating System",2676,"-","-","C:\Windows\system32\","C:\Windows\system32\","-","-","-","-","-","-","1256a1e89815aa5ade26a8fddddeebf056eb3d3a81ebfe0dd73636cc677a3d38, 1aae26bd68b911d0420626a27070eb8d, ed2979722859b770f49d66059479b256","-","-",SYSTEM,"-","-","NT AUTHORITY","-","S-1-5-18",SYSTEM,SYSTEM,"-",wineventlog,"Microsoft-Windows-Sysmon/Operational",victim,"Microsoft Corporation","-","Eventing Command Line Utility","-","10.0.19041.1682 (WinBuild.160101.0800)",System,"{461f0bd2-1c1d-6354-e703-000000000000}",0x3e7,"-","NT AUTHORITY\SYSTEM","-","Microsoft® Windows® Operating System","-","-","-","-","-","-","-","-",0,"-",1,"-","-",Info,"2,276","2,512","{5770385f-c22a-43e0-bf4c-06f5698ffbd9}","Microsoft-Windows-Sysmon",4693,"Process Create (rule: ProcessCreate)","NT AUTHORITY","S-1-5-18",SYSTEM,User,5
"Oct 23, 2022 @ 01:43:46.561",sEXQAIQBHC0TB3lJ8ZdV,".ds-winlogbeat-8.2.3-2022.10.22-000001","-","c2c04a29-9d47-4de5-86f6-5958b0d4222c",victim,"b15c43c7-63a1-423e-901b-f1acc6401711",victim,winlogbeat,"8.2.3","-","-","-","-","-","-","-","1.12.0","Process Create (rule: ProcessCreate)",process,1,"Oct 23, 2022 @ 01:50:07.758","Oct 23, 2022 @ 01:50:04.115",event,sysmon,"-","Microsoft-Windows-Sysmon","-",start,"-","-","-","-","-","x86_64",victim,"461f0bd2-c182-413a-8a41-2a8e4accb4a9","fe80::4959:93ba:69a6:522d, 10.0.2.15, fe80::91a8:3d9e:36ba:f548, 172.19.96.10","08:00:27:7c:f3:ae, 08:00:27:22:f7:3c",victim,"19044.1889",windows,"10.0.19041.1889 (WinBuild.160101.0800)","Windows 10 Enterprise Evaluation","Windows 10 Enterprise Evaluation",windows,windows,"10.0",information,"Process Create:
RuleName: -
UtcTime: 2022-10-22 17:43:46.561
ProcessGuid: {461f0bd2-2bd2-6354-3000-000000001e00}
ProcessId: 2452
Image: C:\Program Files\OpenSSH-Win64\ssh-keygen.exe
FileVersion: 8.0.0.0
Description: -
Product: OpenSSH for Windows
Company: -
OriginalFileName: -
CommandLine: ssh-keygen -A
CurrentDirectory: C:\Program Files\OpenSSH-Win64\
User: NT AUTHORITY\SYSTEM
LogonGuid: {461f0bd2-1c1d-6354-e703-000000000000}
LogonId: 0x3E7
TerminalSessionId: 0
IntegrityLevel: System
Hashes: MD5=C49C37BC5E9A19B6E800C82514818C65,SHA256=F0629F0A8BD028F551C675933F89DE3AD4600A1A879E2B039E2A1A3676326219,IMPHASH=24B677B97489BB651563650A97710A01
ParentProcessGuid: {461f0bd2-2bd2-6354-2b00-000000001e00}
ParentProcessId: 2260
ParentImage: C:\Program Files\OpenSSH-Win64\sshd.exe
ParentCommandLine: ""C:\Program Files\OpenSSH-Win64\sshd.exe""
ParentUser: NT AUTHORITY\SYSTEM","-","-","-","-","-","-","-","-","-","-","-","-","ssh-keygen, -A",2,"ssh-keygen -A","ssh-keygen -A","{461f0bd2-2bd2-6354-3000-000000001e00}","C:\Program Files\OpenSSH-Win64\ssh-keygen.exe","C:\Program Files\OpenSSH-Win64\ssh-keygen.exe",c49c37bc5e9a19b6e800c82514818c65,f0629f0a8bd028f551c675933f89de3ad4600a1a879e2b039e2a1a3676326219,"ssh-keygen.exe","ssh-keygen.exe","C:\Program Files\OpenSSH-Win64\sshd.exe",1,"""C:\Program Files\OpenSSH-Win64\sshd.exe""","""C:\Program Files\OpenSSH-Win64\sshd.exe""","{461f0bd2-2bd2-6354-2b00-000000001e00}","C:\Program Files\OpenSSH-Win64\sshd.exe","C:\Program Files\OpenSSH-Win64\sshd.exe","sshd.exe","sshd.exe",2260,"-","-","8.0.0.0",24b677b97489bb651563650a97710a01,"-","OpenSSH for Windows",2452,"-","-","C:\Program Files\OpenSSH-Win64\","C:\Program Files\OpenSSH-Win64\","-","-","-","-","-","-","f0629f0a8bd028f551c675933f89de3ad4600a1a879e2b039e2a1a3676326219, c49c37bc5e9a19b6e800c82514818c65, 24b677b97489bb651563650a97710a01","-","-",SYSTEM,"-","-","NT AUTHORITY","-","S-1-5-18",SYSTEM,SYSTEM,"-",wineventlog,"Microsoft-Windows-Sysmon/Operational",victim,"-","-","-","-","8.0.0.0",System,"{461f0bd2-1c1d-6354-e703-000000000000}",0x3e7,"-","NT AUTHORITY\SYSTEM","-","OpenSSH for Windows","-","-","-","-","-","-","-","-",0,"-",1,"-","-",Info,"2,276","2,512","{5770385f-c22a-43e0-bf4c-06f5698ffbd9}","Microsoft-Windows-Sysmon",4692,"Process Create (rule: ProcessCreate)","NT AUTHORITY","S-1-5-18",SYSTEM,User,5
"Oct 23, 2022 @ 01:43:46.317",tUXQAIQBHC0TB3lJ8ZdV,".ds-winlogbeat-8.2.3-2022.10.22-000001","-","c2c04a29-9d47-4de5-86f6-5958b0d4222c",victim,"b15c43c7-63a1-423e-901b-f1acc6401711",victim,winlogbeat,"8.2.3","-","-","-","-","-","-","-","1.12.0","Process Create (rule: ProcessCreate)",process,1,"Oct 23, 2022 @ 01:50:07.758","Oct 23, 2022 @ 01:50:04.116",event,sysmon,"-","Microsoft-Windows-Sysmon","-",start,"-","-","-","-","-","x86_64",victim,"461f0bd2-c182-413a-8a41-2a8e4accb4a9","fe80::4959:93ba:69a6:522d, 10.0.2.15, fe80::91a8:3d9e:36ba:f548, 172.19.96.10","08:00:27:7c:f3:ae, 08:00:27:22:f7:3c",victim,"19044.1889",windows,"10.0.19041.1889 (WinBuild.160101.0800)","Windows 10 Enterprise Evaluation","Windows 10 Enterprise Evaluation",windows,windows,"10.0",information,"Process Create:
RuleName: -
UtcTime: 2022-10-22 17:43:46.317
ProcessGuid: {461f0bd2-2bd2-6354-2f00-000000001e00}
ProcessId: 2340
Image: C:\Program Files\winlogbeat\winlogbeat.exe
FileVersion: 8.2.3
Description: Winlogbeat ships Windows event logs to Elasticsearch or Logstash.
Product: Winlogbeat
Company: Elastic
OriginalFileName: winlogbeat.exe
CommandLine: ""C:\Program Files\winlogbeat\winlogbeat.exe"" --environment=windows_service -c ""C:\Program Files\winlogbeat\winlogbeat.yml"" --path.home ""C:\Program Files\winlogbeat"" --path.data ""C:\ProgramData\winlogbeat"" --path.logs ""C:\ProgramData\winlogbeat\logs"" -E logging.files.redirect_stderr=true
CurrentDirectory: C:\Windows\system32\
User: NT AUTHORITY\SYSTEM
LogonGuid: {461f0bd2-1c1d-6354-e703-000000000000}
LogonId: 0x3E7
TerminalSessionId: 0
IntegrityLevel: System
Hashes: MD5=877E3C54A32856E349E3487DE69B963E,SHA256=C48B2B8A42E42B4C5D864389DB44CE0227821BEEBAF527C2E1947AD395D607D2,IMPHASH=FF9F3A86709796C17211F9DF12AAE74D
ParentProcessGuid: {461f0bd2-1c1d-6354-0b00-000000001e00}
ParentProcessId: 660
ParentImage: C:\Windows\System32\services.exe
ParentCommandLine: C:\Windows\system32\services.exe
ParentUser: NT AUTHORITY\SYSTEM","-","-","-","-","-","-","-","-","-","-","-","-","C:\Program Files\winlogbeat\winlogbeat.exe, --environment=windows_service, -c, C:\Program Files\winlogbeat\winlogbeat.yml, --path.home, C:\Program Files\winlogbeat, --path.data, C:\ProgramData\winlogbeat, --path.logs, C:\ProgramData\winlogbeat\logs, -E, logging.files.redirect_stderr=true",12,"""C:\Program Files\winlogbeat\winlogbeat.exe"" --environment=windows_service -c ""C:\Program Files\winlogbeat\winlogbeat.yml"" --path.home ""C:\Program Files\winlogbeat"" --path.data ""C:\ProgramData\winlogbeat"" --path.logs ""C:\ProgramData\winlogbeat\logs"" -E logging.files.redirect_stderr=true","""C:\Program Files\winlogbeat\winlogbeat.exe"" --environment=windows_service -c ""C:\Program Files\winlogbeat\winlogbeat.yml"" --path.home ""C:\Program Files\winlogbeat"" --path.data ""C:\ProgramData\winlogbeat"" --path.logs ""C:\ProgramData\winlogbeat\logs"" -E logging.files.redirect_stderr=true","{461f0bd2-2bd2-6354-2f00-000000001e00}","C:\Program Files\winlogbeat\winlogbeat.exe","C:\Program Files\winlogbeat\winlogbeat.exe",877e3c54a32856e349e3487de69b963e,c48b2b8a42e42b4c5d864389db44ce0227821beebaf527c2e1947ad395d607d2,"winlogbeat.exe","winlogbeat.exe","C:\Windows\system32\services.exe",1,"C:\Windows\system32\services.exe","C:\Windows\system32\services.exe","{461f0bd2-1c1d-6354-0b00-000000001e00}","C:\Windows\System32\services.exe","C:\Windows\System32\services.exe","services.exe","services.exe",660,Elastic,"Winlogbeat ships Windows event logs to Elasticsearch or Logstash.","8.2.3",ff9f3a86709796c17211f9df12aae74d,"winlogbeat.exe",Winlogbeat,2340,"-","-","C:\Windows\system32\","C:\Windows\system32\","-","-","-","-","-","-","c48b2b8a42e42b4c5d864389db44ce0227821beebaf527c2e1947ad395d607d2, 877e3c54a32856e349e3487de69b963e, ff9f3a86709796c17211f9df12aae74d","-","-",SYSTEM,"-","-","NT AUTHORITY","-","S-1-5-18",SYSTEM,SYSTEM,"-",wineventlog,"Microsoft-Windows-Sysmon/Operational",victim,Elastic,"-","Winlogbeat ships Windows event logs to Elasticsearch or Logstash.","-","8.2.3",System,"{461f0bd2-1c1d-6354-e703-000000000000}",0x3e7,"-","NT AUTHORITY\SYSTEM","-",Winlogbeat,"-","-","-","-","-","-","-","-",0,"-",1,"-","-",Info,"2,276","2,512","{5770385f-c22a-43e0-bf4c-06f5698ffbd9}","Microsoft-Windows-Sysmon",4697,"Process Create (rule: ProcessCreate)","NT AUTHORITY","S-1-5-18",SYSTEM,User,5
"Oct 23, 2022 @ 01:43:46.316",r0XQAIQBHC0TB3lJ8ZdV,".ds-winlogbeat-8.2.3-2022.10.22-000001","-","c2c04a29-9d47-4de5-86f6-5958b0d4222c",victim,"b15c43c7-63a1-423e-901b-f1acc6401711",victim,winlogbeat,"8.2.3","-","-","-","-","-","-","-","1.12.0","Process Create (rule: ProcessCreate)",process,1,"Oct 23, 2022 @ 01:50:07.758","Oct 23, 2022 @ 01:50:04.114",event,sysmon,"-","Microsoft-Windows-Sysmon","-",start,"-","-","-","-","-","x86_64",victim,"461f0bd2-c182-413a-8a41-2a8e4accb4a9","fe80::4959:93ba:69a6:522d, 10.0.2.15, fe80::91a8:3d9e:36ba:f548, 172.19.96.10","08:00:27:7c:f3:ae, 08:00:27:22:f7:3c",victim,"19044.1889",windows,"10.0.19041.1889 (WinBuild.160101.0800)","Windows 10 Enterprise Evaluation","Windows 10 Enterprise Evaluation",windows,windows,"10.0",information,"Process Create:
RuleName: -
UtcTime: 2022-10-22 17:43:46.316
ProcessGuid: {461f0bd2-2bd2-6354-2e00-000000001e00}
ProcessId: 2332
Image: C:\Windows\System32\wlms\wlms.exe
FileVersion: 10.0.19041.1 (WinBuild.160101.0800)
Description: Windows License Monitoring Service
Product: Microsoft® Windows® Operating System
Company: Microsoft Corporation
OriginalFileName: wlms.exe
CommandLine: C:\Windows\system32\wlms\wlms.exe
CurrentDirectory: C:\Windows\system32\
User: NT AUTHORITY\SYSTEM
LogonGuid: {461f0bd2-1c1d-6354-e703-000000000000}
LogonId: 0x3E7
TerminalSessionId: 0
IntegrityLevel: System
Hashes: MD5=1DC6AB0E3063973866D24AFDB5CBB9F1,SHA256=B8CA06E71F3014DB30D8D98D934B10DE2F6A69E19108AABBBFD0C163B0BCCD31,IMPHASH=C4858787B32BE55BB0085C7B777727C2
ParentProcessGuid: {461f0bd2-1c1d-6354-0b00-000000001e00}
ParentProcessId: 660
ParentImage: C:\Windows\System32\services.exe
ParentCommandLine: C:\Windows\system32\services.exe
ParentUser: NT AUTHORITY\SYSTEM","-","-","-","-","-","-","-","-","-","-","-","-","C:\Windows\system32\wlms\wlms.exe",1,"C:\Windows\system32\wlms\wlms.exe","C:\Windows\system32\wlms\wlms.exe","{461f0bd2-2bd2-6354-2e00-000000001e00}","C:\Windows\System32\wlms\wlms.exe","C:\Windows\System32\wlms\wlms.exe",1dc6ab0e3063973866d24afdb5cbb9f1,b8ca06e71f3014db30d8d98d934b10de2f6a69e19108aabbbfd0c163b0bccd31,"wlms.exe","wlms.exe","C:\Windows\system32\services.exe",1,"C:\Windows\system32\services.exe","C:\Windows\system32\services.exe","{461f0bd2-1c1d-6354-0b00-000000001e00}","C:\Windows\System32\services.exe","C:\Windows\System32\services.exe","services.exe","services.exe",660,"Microsoft Corporation","Windows License Monitoring Service","10.0.19041.1 (WinBuild.160101.0800)",c4858787b32be55bb0085c7b777727c2,"wlms.exe","Microsoft® Windows® Operating System",2332,"-","-","C:\Windows\system32\","C:\Windows\system32\","-","-","-","-","-","-","b8ca06e71f3014db30d8d98d934b10de2f6a69e19108aabbbfd0c163b0bccd31, 1dc6ab0e3063973866d24afdb5cbb9f1, c4858787b32be55bb0085c7b777727c2","-","-",SYSTEM,"-","-","NT AUTHORITY","-","S-1-5-18",SYSTEM,SYSTEM,"-",wineventlog,"Microsoft-Windows-Sysmon/Operational",victim,"Microsoft Corporation","-","Windows License Monitoring Service","-","10.0.19041.1 (WinBuild.160101.0800)",System,"{461f0bd2-1c1d-6354-e703-000000000000}",0x3e7,"-","NT AUTHORITY\SYSTEM","-","Microsoft® Windows® Operating System","-","-","-","-","-","-","-","-",0,"-",1,"-","-",Info,"2,276","2,512","{5770385f-c22a-43e0-bf4c-06f5698ffbd9}","Microsoft-Windows-Sysmon",4691,"Process Create (rule: ProcessCreate)","NT AUTHORITY","S-1-5-18",SYSTEM,User,5
