"Oct 23, 2022 @ 01:44:02.587",CEXQAIQBHC0TB3lJ9ZjY,".ds-winlogbeat-8.2.3-2022.10.22-000001","-","c2c04a29-9d47-4de5-86f6-5958b0d4222c",victim,"b15c43c7-63a1-423e-901b-f1acc6401711",victim,winlogbeat,"8.2.3","-","-","-","-","-","-","-","1.12.0","Process Create (rule: ProcessCreate)",process,1,"Oct 23, 2022 @ 01:50:08.817","Oct 23, 2022 @ 01:50:05.265",event,sysmon,"-","Microsoft-Windows-Sysmon","-",start,"-","-","-","-","-","x86_64",victim,"461f0bd2-c182-413a-8a41-2a8e4accb4a9","fe80::4959:93ba:69a6:522d, 10.0.2.15, fe80::91a8:3d9e:36ba:f548, 172.19.96.10","08:00:27:7c:f3:ae, 08:00:27:22:f7:3c",victim,"19044.1889",windows,"10.0.19041.1889 (WinBuild.160101.0800)","Windows 10 Enterprise Evaluation","Windows 10 Enterprise Evaluation",windows,windows,"10.0",information,"Process Create:
RuleName: -
UtcTime: 2022-10-22 17:44:02.587
ProcessGuid: {461f0bd2-2be2-6354-5700-000000001e00}
ProcessId: 3800
Image: C:\Windows\System32\taskhostw.exe
FileVersion: 10.0.19041.1865 (WinBuild.160101.0800)
Description: Host Process for Windows Tasks
Product: Microsoft® Windows® Operating System
Company: Microsoft Corporation
OriginalFileName: taskhostw.exe
CommandLine: taskhostw.exe USER
CurrentDirectory: C:\Windows\system32\
User: VICTIM\Patricia Goh
LogonGuid: {461f0bd2-2bde-6354-1787-040000000000}
LogonId: 0x48717
TerminalSessionId: 1
IntegrityLevel: High
Hashes: MD5=A00BF82660835224CD6606A248321C5D,SHA256=E63709209D09BC0247E785F075DDB28A98C348206109E2B8BA321AD958402728,IMPHASH=3A0C6863CDE566AF997DB2DEFFF9D924
ParentProcessGuid: {461f0bd2-1c1e-6354-1300-000000001e00}
ParentProcessId: 512
ParentImage: C:\Windows\System32\svchost.exe
ParentCommandLine: C:\Windows\system32\svchost.exe -k netsvcs -p
ParentUser: NT AUTHORITY\SYSTEM","-","-","-","-","-","-","-","-","-","-","-","-","taskhostw.exe, USER",2,"taskhostw.exe USER","taskhostw.exe USER","{461f0bd2-2be2-6354-5700-000000001e00}","C:\Windows\System32\taskhostw.exe","C:\Windows\System32\taskhostw.exe",a00bf82660835224cd6606a248321c5d,e63709209d09bc0247e785f075ddb28a98c348206109e2b8ba321ad958402728,"taskhostw.exe","taskhostw.exe","C:\Windows\system32\svchost.exe, -k, netsvcs, -p",4,"C:\Windows\system32\svchost.exe -k netsvcs -p","C:\Windows\system32\svchost.exe -k netsvcs -p","{461f0bd2-1c1e-6354-1300-000000001e00}","C:\Windows\System32\svchost.exe","C:\Windows\System32\svchost.exe","svchost.exe","svchost.exe",512,"Microsoft Corporation","Host Process for Windows Tasks","10.0.19041.1865 (WinBuild.160101.0800)",3a0c6863cde566af997db2defff9d924,"taskhostw.exe","Microsoft® Windows® Operating System",3800,"-","-","C:\Windows\system32\","C:\Windows\system32\","-","-","-","-","-","-","e63709209d09bc0247e785f075ddb28a98c348206109e2b8ba321ad958402728, a00bf82660835224cd6606a248321c5d, 3a0c6863cde566af997db2defff9d924","-","-","Patricia Goh","-","-",VICTIM,"-","S-1-5-18","Patricia Goh","Patricia Goh","-",wineventlog,"Microsoft-Windows-Sysmon/Operational",victim,"Microsoft Corporation","-","Host Process for Windows Tasks","-","10.0.19041.1865 (WinBuild.160101.0800)",High,"{461f0bd2-2bde-6354-1787-040000000000}",0x48717,"-","NT AUTHORITY\SYSTEM","-","Microsoft® Windows® Operating System","-","-","-","-","-","-","-","-",1,"-",1,"-","-",Info,"2,276","2,512","{5770385f-c22a-43e0-bf4c-06f5698ffbd9}","Microsoft-Windows-Sysmon",4780,"Process Create (rule: ProcessCreate)","NT AUTHORITY","S-1-5-18",SYSTEM,User,5
"Oct 23, 2022 @ 01:44:02.460",70XQAIQBHC0TB3lJ9ZfY,".ds-winlogbeat-8.2.3-2022.10.22-000001","-","c2c04a29-9d47-4de5-86f6-5958b0d4222c",victim,"b15c43c7-63a1-423e-901b-f1acc6401711",victim,winlogbeat,"8.2.3","-","-","-","-","-","-","-","1.12.0","Process Create (rule: ProcessCreate)",process,1,"Oct 23, 2022 @ 01:50:08.816","Oct 23, 2022 @ 01:50:05.252",event,sysmon,"-","Microsoft-Windows-Sysmon","-",start,"-","-","-","-","-","x86_64",victim,"461f0bd2-c182-413a-8a41-2a8e4accb4a9","fe80::4959:93ba:69a6:522d, 10.0.2.15, fe80::91a8:3d9e:36ba:f548, 172.19.96.10","08:00:27:7c:f3:ae, 08:00:27:22:f7:3c",victim,"19044.1889",windows,"10.0.19041.1889 (WinBuild.160101.0800)","Windows 10 Enterprise Evaluation","Windows 10 Enterprise Evaluation",windows,windows,"10.0",information,"Process Create:
RuleName: -
UtcTime: 2022-10-22 17:44:02.460
ProcessGuid: {461f0bd2-2be2-6354-5500-000000001e00}
ProcessId: 3728
Image: C:\Windows\System32\sihost.exe
FileVersion: 10.0.19041.746 (WinBuild.160101.0800)
Description: Shell Infrastructure Host
Product: Microsoft® Windows® Operating System
Company: Microsoft Corporation
OriginalFileName: sihost.exe
CommandLine: sihost.exe
CurrentDirectory: C:\Windows\system32\
User: VICTIM\Patricia Goh
LogonGuid: {461f0bd2-2bde-6354-1787-040000000000}
LogonId: 0x48717
TerminalSessionId: 1
IntegrityLevel: High
Hashes: MD5=A21E7719D73D0322E2E7D61802CB8F80,SHA256=8EE21A0BA8849D31C265B4090A9E2EBE8BA66F58A8F71D4E96509E8A78F7DB00,IMPHASH=9FFE8029F721BD904F419F82A63D59A2
ParentProcessGuid: {461f0bd2-1c1e-6354-1300-000000001e00}
ParentProcessId: 512
ParentImage: C:\Windows\System32\svchost.exe
ParentCommandLine: C:\Windows\system32\svchost.exe -k netsvcs -p
ParentUser: NT AUTHORITY\SYSTEM","-","-","-","-","-","-","-","-","-","-","-","-","sihost.exe",1,"sihost.exe","sihost.exe","{461f0bd2-2be2-6354-5500-000000001e00}","C:\Windows\System32\sihost.exe","C:\Windows\System32\sihost.exe",a21e7719d73d0322e2e7d61802cb8f80,8ee21a0ba8849d31c265b4090a9e2ebe8ba66f58a8f71d4e96509e8a78f7db00,"sihost.exe","sihost.exe","C:\Windows\system32\svchost.exe, -k, netsvcs, -p",4,"C:\Windows\system32\svchost.exe -k netsvcs -p","C:\Windows\system32\svchost.exe -k netsvcs -p","{461f0bd2-1c1e-6354-1300-000000001e00}","C:\Windows\System32\svchost.exe","C:\Windows\System32\svchost.exe","svchost.exe","svchost.exe",512,"Microsoft Corporation","Shell Infrastructure Host","10.0.19041.746 (WinBuild.160101.0800)",9ffe8029f721bd904f419f82a63d59a2,"sihost.exe","Microsoft® Windows® Operating System",3728,"-","-","C:\Windows\system32\","C:\Windows\system32\","-","-","-","-","-","-","8ee21a0ba8849d31c265b4090a9e2ebe8ba66f58a8f71d4e96509e8a78f7db00, a21e7719d73d0322e2e7d61802cb8f80, 9ffe8029f721bd904f419f82a63d59a2","-","-","Patricia Goh","-","-",VICTIM,"-","S-1-5-18","Patricia Goh","Patricia Goh","-",wineventlog,"Microsoft-Windows-Sysmon/Operational",victim,"Microsoft Corporation","-","Shell Infrastructure Host","-","10.0.19041.746 (WinBuild.160101.0800)",High,"{461f0bd2-2bde-6354-1787-040000000000}",0x48717,"-","NT AUTHORITY\SYSTEM","-","Microsoft® Windows® Operating System","-","-","-","-","-","-","-","-",1,"-",1,"-","-",Info,"2,276","2,512","{5770385f-c22a-43e0-bf4c-06f5698ffbd9}","Microsoft-Windows-Sysmon",4755,"Process Create (rule: ProcessCreate)","NT AUTHORITY","S-1-5-18",SYSTEM,User,5
"Oct 23, 2022 @ 01:44:02.201",4EXQAIQBHC0TB3lJ8ZeE,".ds-winlogbeat-8.2.3-2022.10.22-000001","-","c2c04a29-9d47-4de5-86f6-5958b0d4222c",victim,"b15c43c7-63a1-423e-901b-f1acc6401711",victim,winlogbeat,"8.2.3","-","-","-","-","-","-","-","1.12.0","Process Create (rule: ProcessCreate)",process,1,"Oct 23, 2022 @ 01:50:07.758","Oct 23, 2022 @ 01:50:04.159",event,sysmon,"-","Microsoft-Windows-Sysmon","-",start,"-","-","-","-","-","x86_64",victim,"461f0bd2-c182-413a-8a41-2a8e4accb4a9","fe80::4959:93ba:69a6:522d, 10.0.2.15, fe80::91a8:3d9e:36ba:f548, 172.19.96.10","08:00:27:7c:f3:ae, 08:00:27:22:f7:3c",victim,"19044.1889",windows,"10.0.19041.1889 (WinBuild.160101.0800)","Windows 10 Enterprise Evaluation","Windows 10 Enterprise Evaluation",windows,windows,"10.0",information,"Process Create:
RuleName: -
UtcTime: 2022-10-22 17:44:02.201
ProcessGuid: {461f0bd2-2be2-6354-5400-000000001e00}
ProcessId: 3688
Image: C:\Windows\System32\svchost.exe
FileVersion: 10.0.19041.1806 (WinBuild.160101.0800)
Description: Host Process for Windows Services
Product: Microsoft® Windows® Operating System
Company: Microsoft Corporation
OriginalFileName: svchost.exe
CommandLine: C:\Windows\system32\svchost.exe -k wsappx -p
CurrentDirectory: C:\Windows\system32\
User: NT AUTHORITY\SYSTEM
LogonGuid: {461f0bd2-1c1d-6354-e703-000000000000}
LogonId: 0x3E7
TerminalSessionId: 0
IntegrityLevel: System
Hashes: MD5=B7F884C1B74A263F746EE12A5F7C9F6A,SHA256=ADD683A6910ABBBF0E28B557FAD0BA998166394932AE2ACA069D9AA19EA8FE88,IMPHASH=247B9220E5D9B720A82B2C8B5069AD69
ParentProcessGuid: {461f0bd2-1c1d-6354-0b00-000000001e00}
ParentProcessId: 660
ParentImage: C:\Windows\System32\services.exe
ParentCommandLine: C:\Windows\system32\services.exe
ParentUser: NT AUTHORITY\SYSTEM","-","-","-","-","-","-","-","-","-","-","-","-","C:\Windows\system32\svchost.exe, -k, wsappx, -p",4,"C:\Windows\system32\svchost.exe -k wsappx -p","C:\Windows\system32\svchost.exe -k wsappx -p","{461f0bd2-2be2-6354-5400-000000001e00}","C:\Windows\System32\svchost.exe","C:\Windows\System32\svchost.exe",b7f884c1b74a263f746ee12a5f7c9f6a,add683a6910abbbf0e28b557fad0ba998166394932ae2aca069d9aa19ea8fe88,"svchost.exe","svchost.exe","C:\Windows\system32\services.exe",1,"C:\Windows\system32\services.exe","C:\Windows\system32\services.exe","{461f0bd2-1c1d-6354-0b00-000000001e00}","C:\Windows\System32\services.exe","C:\Windows\System32\services.exe","services.exe","services.exe",660,"Microsoft Corporation","Host Process for Windows Services","10.0.19041.1806 (WinBuild.160101.0800)",247b9220e5d9b720a82b2c8b5069ad69,"svchost.exe","Microsoft® Windows® Operating System",3688,"-","-","C:\Windows\system32\","C:\Windows\system32\","-","-","-","-","-","-","add683a6910abbbf0e28b557fad0ba998166394932ae2aca069d9aa19ea8fe88, b7f884c1b74a263f746ee12a5f7c9f6a, 247b9220e5d9b720a82b2c8b5069ad69","-","-",SYSTEM,"-","-","NT AUTHORITY","-","S-1-5-18",SYSTEM,SYSTEM,"-",wineventlog,"Microsoft-Windows-Sysmon/Operational",victim,"Microsoft Corporation","-","Host Process for Windows Services","-","10.0.19041.1806 (WinBuild.160101.0800)",System,"{461f0bd2-1c1d-6354-e703-000000000000}",0x3e7,"-","NT AUTHORITY\SYSTEM","-","Microsoft® Windows® Operating System","-","-","-","-","-","-","-","-",0,"-",1,"-","-",Info,"2,276","2,512","{5770385f-c22a-43e0-bf4c-06f5698ffbd9}","Microsoft-Windows-Sysmon",4740,"Process Create (rule: ProcessCreate)","NT AUTHORITY","S-1-5-18",SYSTEM,User,5
"Oct 23, 2022 @ 01:44:00.834",30XQAIQBHC0TB3lJ8ZeE,".ds-winlogbeat-8.2.3-2022.10.22-000001","-","c2c04a29-9d47-4de5-86f6-5958b0d4222c",victim,"b15c43c7-63a1-423e-901b-f1acc6401711",victim,winlogbeat,"8.2.3","-","-",wpad,"-","-","-","-","1.12.0","Dns query (rule: DnsQuery)",network,22,"Oct 23, 2022 @ 01:50:07.758","Oct 23, 2022 @ 01:50:04.158",event,sysmon,"-","Microsoft-Windows-Sysmon","-","connection, protocol, info","-","-","-","-","-","x86_64",victim,"461f0bd2-c182-413a-8a41-2a8e4accb4a9","fe80::4959:93ba:69a6:522d, 10.0.2.15, fe80::91a8:3d9e:36ba:f548, 172.19.96.10","08:00:27:7c:f3:ae, 08:00:27:22:f7:3c",victim,"19044.1889",windows,"10.0.19041.1889 (WinBuild.160101.0800)","Windows 10 Enterprise Evaluation","Windows 10 Enterprise Evaluation",windows,windows,"10.0",information,"Dns query:
RuleName: -
UtcTime: 2022-10-22 17:44:00.834
ProcessGuid: {461f0bd2-1c1e-6354-1600-000000001e00}
ProcessId: 8
QueryName: wpad
QueryStatus: 9003
QueryResults: -
Image: C:\Windows\System32\svchost.exe
User: NT AUTHORITY\LOCAL SERVICE",dns,"-","-","-","-","-","-","-","-","-","-","-","-","-","-","-","{461f0bd2-1c1e-6354-1600-000000001e00}","C:\Windows\System32\svchost.exe","C:\Windows\System32\svchost.exe","-","-","svchost.exe","svchost.exe","-","-","-","-","-","-","-","-","-","-","-","-","-","-","-","-",8,"-","-","-","-","-","-","-","-","-","-","-",wpad,"-","LOCAL SERVICE","-","DNS_ERROR_RCODE_NAME_ERROR","NT AUTHORITY","-","S-1-5-18","LOCAL SERVICE","LOCAL SERVICE","-",wineventlog,"Microsoft-Windows-Sysmon/Operational",victim,"-","-","-","-","-","-","-","-","-","-","-","-","-","-","-","-","-","-","-","-","-","-",22,"-","-",Info,"2,276","2,984","{5770385f-c22a-43e0-bf4c-06f5698ffbd9}","Microsoft-Windows-Sysmon",4739,"Dns query (rule: DnsQuery)","NT AUTHORITY","S-1-5-18",SYSTEM,User,5
"Oct 23, 2022 @ 01:43:58.904",3kXQAIQBHC0TB3lJ8ZeE,".ds-winlogbeat-8.2.3-2022.10.22-000001","-","c2c04a29-9d47-4de5-86f6-5958b0d4222c",victim,"b15c43c7-63a1-423e-901b-f1acc6401711",victim,winlogbeat,"8.2.3","-","-","-","-","-","-","-","1.12.0","Process Create (rule: ProcessCreate)",process,1,"Oct 23, 2022 @ 01:50:07.758","Oct 23, 2022 @ 01:50:04.158",event,sysmon,"-","Microsoft-Windows-Sysmon","-",start,"-","-","-","-","-","x86_64",victim,"461f0bd2-c182-413a-8a41-2a8e4accb4a9","fe80::4959:93ba:69a6:522d, 10.0.2.15, fe80::91a8:3d9e:36ba:f548, 172.19.96.10","08:00:27:7c:f3:ae, 08:00:27:22:f7:3c",victim,"19044.1889",windows,"10.0.19041.1889 (WinBuild.160101.0800)","Windows 10 Enterprise Evaluation","Windows 10 Enterprise Evaluation",windows,windows,"10.0",information,"Process Create:
RuleName: -
UtcTime: 2022-10-22 17:43:58.904
ProcessGuid: {461f0bd2-2bde-6354-5300-000000001e00}
ProcessId: 3628
Image: C:\Windows\System32\svchost.exe
FileVersion: 10.0.19041.1806 (WinBuild.160101.0800)
Description: Host Process for Windows Services
Product: Microsoft® Windows® Operating System
Company: Microsoft Corporation
OriginalFileName: svchost.exe
CommandLine: C:\Windows\system32\svchost.exe -k appmodel -p
CurrentDirectory: C:\Windows\system32\
User: NT AUTHORITY\SYSTEM
LogonGuid: {461f0bd2-1c1d-6354-e703-000000000000}
LogonId: 0x3E7
TerminalSessionId: 0
IntegrityLevel: System
Hashes: MD5=B7F884C1B74A263F746EE12A5F7C9F6A,SHA256=ADD683A6910ABBBF0E28B557FAD0BA998166394932AE2ACA069D9AA19EA8FE88,IMPHASH=247B9220E5D9B720A82B2C8B5069AD69
ParentProcessGuid: {461f0bd2-1c1d-6354-0b00-000000001e00}
ParentProcessId: 660
ParentImage: C:\Windows\System32\services.exe
ParentCommandLine: C:\Windows\system32\services.exe
ParentUser: NT AUTHORITY\SYSTEM","-","-","-","-","-","-","-","-","-","-","-","-","C:\Windows\system32\svchost.exe, -k, appmodel, -p",4,"C:\Windows\system32\svchost.exe -k appmodel -p","C:\Windows\system32\svchost.exe -k appmodel -p","{461f0bd2-2bde-6354-5300-000000001e00}","C:\Windows\System32\svchost.exe","C:\Windows\System32\svchost.exe",b7f884c1b74a263f746ee12a5f7c9f6a,add683a6910abbbf0e28b557fad0ba998166394932ae2aca069d9aa19ea8fe88,"svchost.exe","svchost.exe","C:\Windows\system32\services.exe",1,"C:\Windows\system32\services.exe","C:\Windows\system32\services.exe","{461f0bd2-1c1d-6354-0b00-000000001e00}","C:\Windows\System32\services.exe","C:\Windows\System32\services.exe","services.exe","services.exe",660,"Microsoft Corporation","Host Process for Windows Services","10.0.19041.1806 (WinBuild.160101.0800)",247b9220e5d9b720a82b2c8b5069ad69,"svchost.exe","Microsoft® Windows® Operating System",3628,"-","-","C:\Windows\system32\","C:\Windows\system32\","-","-","-","-","-","-","add683a6910abbbf0e28b557fad0ba998166394932ae2aca069d9aa19ea8fe88, b7f884c1b74a263f746ee12a5f7c9f6a, 247b9220e5d9b720a82b2c8b5069ad69","-","-",SYSTEM,"-","-","NT AUTHORITY","-","S-1-5-18",SYSTEM,SYSTEM,"-",wineventlog,"Microsoft-Windows-Sysmon/Operational",victim,"Microsoft Corporation","-","Host Process for Windows Services","-","10.0.19041.1806 (WinBuild.160101.0800)",System,"{461f0bd2-1c1d-6354-e703-000000000000}",0x3e7,"-","NT AUTHORITY\SYSTEM","-","Microsoft® Windows® Operating System","-","-","-","-","-","-","-","-",0,"-",1,"-","-",Info,"2,276","2,512","{5770385f-c22a-43e0-bf4c-06f5698ffbd9}","Microsoft-Windows-Sysmon",4738,"Process Create (rule: ProcessCreate)","NT AUTHORITY","S-1-5-18",SYSTEM,User,5
"Oct 23, 2022 @ 01:43:57.575",3EXQAIQBHC0TB3lJ8ZeE,".ds-winlogbeat-8.2.3-2022.10.22-000001","-","c2c04a29-9d47-4de5-86f6-5958b0d4222c",victim,"b15c43c7-63a1-423e-901b-f1acc6401711",victim,winlogbeat,"8.2.3","-","-","-","-","-","-","-","1.12.0","Process Create (rule: ProcessCreate)",process,1,"Oct 23, 2022 @ 01:50:07.758","Oct 23, 2022 @ 01:50:04.157",event,sysmon,"-","Microsoft-Windows-Sysmon","-",start,"-","-","-","-","-","x86_64",victim,"461f0bd2-c182-413a-8a41-2a8e4accb4a9","fe80::4959:93ba:69a6:522d, 10.0.2.15, fe80::91a8:3d9e:36ba:f548, 172.19.96.10","08:00:27:7c:f3:ae, 08:00:27:22:f7:3c",victim,"19044.1889",windows,"10.0.19041.1889 (WinBuild.160101.0800)","Windows 10 Enterprise Evaluation","Windows 10 Enterprise Evaluation",windows,windows,"10.0",information,"Process Create:
RuleName: -
UtcTime: 2022-10-22 17:43:57.575
ProcessGuid: {461f0bd2-2bdd-6354-5100-000000001e00}
ProcessId: 3488
Image: C:\ProgramData\Microsoft\Windows Defender\Platform\4.18.2209.7-0\NisSrv.exe
FileVersion: 4.18.2209.7 (WinBuild.160101.0800)
Description: Microsoft Network Realtime Inspection Service
Product: Microsoft® Windows® Operating System
Company: Microsoft Corporation
OriginalFileName: NisSrv.exe
CommandLine: ""C:\ProgramData\Microsoft\Windows Defender\Platform\4.18.2209.7-0\NisSrv.exe""
CurrentDirectory: C:\Windows\system32\
User: NT AUTHORITY\LOCAL SERVICE
LogonGuid: {461f0bd2-1c1e-6354-e503-000000000000}
LogonId: 0x3E5
TerminalSessionId: 0
IntegrityLevel: System
Hashes: MD5=AD1760DA1A10304269850A763D088F12,SHA256=3FAC3589E03F64F13F9F277D6C7BE7B031193C694E06247547730A4EAD517CDE,IMPHASH=3A46143814E136D27A157B907B980A71
ParentProcessGuid: {461f0bd2-1c1d-6354-0b00-000000001e00}
ParentProcessId: 660
ParentImage: C:\Windows\System32\services.exe
ParentCommandLine: C:\Windows\system32\services.exe
ParentUser: NT AUTHORITY\SYSTEM","-","-","-","-","-","-","-","-","-","-","-","-","C:\ProgramData\Microsoft\Windows Defender\Platform\4.18.2209.7-0\NisSrv.exe",1,"""C:\ProgramData\Microsoft\Windows Defender\Platform\4.18.2209.7-0\NisSrv.exe""","""C:\ProgramData\Microsoft\Windows Defender\Platform\4.18.2209.7-0\NisSrv.exe""","{461f0bd2-2bdd-6354-5100-000000001e00}","C:\ProgramData\Microsoft\Windows Defender\Platform\4.18.2209.7-0\NisSrv.exe","C:\ProgramData\Microsoft\Windows Defender\Platform\4.18.2209.7-0\NisSrv.exe",ad1760da1a10304269850a763d088f12,3fac3589e03f64f13f9f277d6c7be7b031193c694e06247547730a4ead517cde,"NisSrv.exe","NisSrv.exe","C:\Windows\system32\services.exe",1,"C:\Windows\system32\services.exe","C:\Windows\system32\services.exe","{461f0bd2-1c1d-6354-0b00-000000001e00}","C:\Windows\System32\services.exe","C:\Windows\System32\services.exe","services.exe","services.exe",660,"Microsoft Corporation","Microsoft Network Realtime Inspection Service","4.18.2209.7 (WinBuild.160101.0800)",3a46143814e136d27a157b907b980a71,"NisSrv.exe","Microsoft® Windows® Operating System",3488,"-","-","C:\Windows\system32\","C:\Windows\system32\","-","-","-","-","-","-","3fac3589e03f64f13f9f277d6c7be7b031193c694e06247547730a4ead517cde, ad1760da1a10304269850a763d088f12, 3a46143814e136d27a157b907b980a71","-","-","LOCAL SERVICE","-","-","NT AUTHORITY","-","S-1-5-18","LOCAL SERVICE","LOCAL SERVICE","-",wineventlog,"Microsoft-Windows-Sysmon/Operational",victim,"Microsoft Corporation","-","Microsoft Network Realtime Inspection Service","-","4.18.2209.7 (WinBuild.160101.0800)",System,"{461f0bd2-1c1e-6354-e503-000000000000}",0x3e5,"-","NT AUTHORITY\SYSTEM","-","Microsoft® Windows® Operating System","-","-","-","-","-","-","-","-",0,"-",1,"-","-",Info,"2,276","2,512","{5770385f-c22a-43e0-bf4c-06f5698ffbd9}","Microsoft-Windows-Sysmon",4736,"Process Create (rule: ProcessCreate)","NT AUTHORITY","S-1-5-18",SYSTEM,User,5
"Oct 23, 2022 @ 01:43:53.381",2EXQAIQBHC0TB3lJ8ZeE,".ds-winlogbeat-8.2.3-2022.10.22-000001","-","c2c04a29-9d47-4de5-86f6-5958b0d4222c",victim,"b15c43c7-63a1-423e-901b-f1acc6401711",victim,winlogbeat,"8.2.3","-","-","-","-","-","-","-","1.12.0","Process Create (rule: ProcessCreate)",process,1,"Oct 23, 2022 @ 01:50:07.758","Oct 23, 2022 @ 01:50:04.156",event,sysmon,"-","Microsoft-Windows-Sysmon","-",start,"-","-","-","-","-","x86_64",victim,"461f0bd2-c182-413a-8a41-2a8e4accb4a9","fe80::4959:93ba:69a6:522d, 10.0.2.15, fe80::91a8:3d9e:36ba:f548, 172.19.96.10","08:00:27:7c:f3:ae, 08:00:27:22:f7:3c",victim,"19044.1889",windows,"10.0.19041.1889 (WinBuild.160101.0800)","Windows 10 Enterprise Evaluation","Windows 10 Enterprise Evaluation",windows,windows,"10.0",information,"Process Create:
RuleName: -
UtcTime: 2022-10-22 17:43:53.381
ProcessGuid: {461f0bd2-2bd9-6354-4f00-000000001e00}
ProcessId: 668
Image: C:\ProgramData\Microsoft\Windows Defender\Platform\4.18.2209.7-0\MpCmdRun.exe
FileVersion: 4.18.2209.7 (WinBuild.160101.0800)
Description: Microsoft Malware Protection Command Line Utility
Product: Microsoft® Windows® Operating System
Company: Microsoft Corporation
OriginalFileName: MpCmdRun.exe
CommandLine: ""C:\ProgramData\Microsoft\Windows Defender\Platform\4.18.2209.7-0\MpCmdRun.exe"" -RasConnectionNotification
CurrentDirectory: C:\Windows\system32\
User: NT AUTHORITY\SYSTEM
LogonGuid: {461f0bd2-1c1d-6354-e703-000000000000}
LogonId: 0x3E7
TerminalSessionId: 0
IntegrityLevel: System
Hashes: MD5=0D800706BF6B70A0F892261262349A0F,SHA256=E8A515CAF02F0A75622FD1CC0D34D6CBC045E073BCC3CC2F08C38E86C1FE9A4F,IMPHASH=C0AB138D21991F47C1952DF4C9D5601D
ParentProcessGuid: {461f0bd2-2bd2-6354-2d00-000000001e00}
ParentProcessId: 2308
ParentImage: C:\ProgramData\Microsoft\Windows Defender\Platform\4.18.2209.7-0\MsMpEng.exe
ParentCommandLine: ""C:\ProgramData\Microsoft\Windows Defender\Platform\4.18.2209.7-0\MsMpEng.exe""
ParentUser: NT AUTHORITY\SYSTEM","-","-","-","-","-","-","-","-","-","-","-","-","C:\ProgramData\Microsoft\Windows Defender\Platform\4.18.2209.7-0\MpCmdRun.exe, -RasConnectionNotification",2,"""C:\ProgramData\Microsoft\Windows Defender\Platform\4.18.2209.7-0\MpCmdRun.exe"" -RasConnectionNotification","""C:\ProgramData\Microsoft\Windows Defender\Platform\4.18.2209.7-0\MpCmdRun.exe"" -RasConnectionNotification","{461f0bd2-2bd9-6354-4f00-000000001e00}","C:\ProgramData\Microsoft\Windows Defender\Platform\4.18.2209.7-0\MpCmdRun.exe","C:\ProgramData\Microsoft\Windows Defender\Platform\4.18.2209.7-0\MpCmdRun.exe",0d800706bf6b70a0f892261262349a0f,e8a515caf02f0a75622fd1cc0d34d6cbc045e073bcc3cc2f08c38e86c1fe9a4f,"MpCmdRun.exe","MpCmdRun.exe","C:\ProgramData\Microsoft\Windows Defender\Platform\4.18.2209.7-0\MsMpEng.exe",1,"""C:\ProgramData\Microsoft\Windows Defender\Platform\4.18.2209.7-0\MsMpEng.exe""","""C:\ProgramData\Microsoft\Windows Defender\Platform\4.18.2209.7-0\MsMpEng.exe""","{461f0bd2-2bd2-6354-2d00-000000001e00}","C:\ProgramData\Microsoft\Windows Defender\Platform\4.18.2209.7-0\MsMpEng.exe","C:\ProgramData\Microsoft\Windows Defender\Platform\4.18.2209.7-0\MsMpEng.exe","MsMpEng.exe","MsMpEng.exe",2308,"Microsoft Corporation","Microsoft Malware Protection Command Line Utility","4.18.2209.7 (WinBuild.160101.0800)",c0ab138d21991f47c1952df4c9d5601d,"MpCmdRun.exe","Microsoft® Windows® Operating System",668,"-","-","C:\Windows\system32\","C:\Windows\system32\","-","-","-","-","-","-","e8a515caf02f0a75622fd1cc0d34d6cbc045e073bcc3cc2f08c38e86c1fe9a4f, 0d800706bf6b70a0f892261262349a0f, c0ab138d21991f47c1952df4c9d5601d","-","-",SYSTEM,"-","-","NT AUTHORITY","-","S-1-5-18",SYSTEM,SYSTEM,"-",wineventlog,"Microsoft-Windows-Sysmon/Operational",victim,"Microsoft Corporation","-","Microsoft Malware Protection Command Line Utility","-","4.18.2209.7 (WinBuild.160101.0800)",System,"{461f0bd2-1c1d-6354-e703-000000000000}",0x3e7,"-","NT AUTHORITY\SYSTEM","-","Microsoft® Windows® Operating System","-","-","-","-","-","-","-","-",0,"-",1,"-","-",Info,"2,276","2,512","{5770385f-c22a-43e0-bf4c-06f5698ffbd9}","Microsoft-Windows-Sysmon",4732,"Process Create (rule: ProcessCreate)","NT AUTHORITY","S-1-5-18",SYSTEM,User,5
"Oct 23, 2022 @ 01:43:52.004",z0XQAIQBHC0TB3lJ8ZeE,".ds-winlogbeat-8.2.3-2022.10.22-000001","-","c2c04a29-9d47-4de5-86f6-5958b0d4222c",victim,"b15c43c7-63a1-423e-901b-f1acc6401711",victim,winlogbeat,"8.2.3","-","-","-","-","-","-","-","1.12.0","Process Create (rule: ProcessCreate)",process,1,"Oct 23, 2022 @ 01:50:07.758","Oct 23, 2022 @ 01:50:04.153",event,sysmon,"-","Microsoft-Windows-Sysmon","-",start,"-","-","-","-","-","x86_64",victim,"461f0bd2-c182-413a-8a41-2a8e4accb4a9","fe80::4959:93ba:69a6:522d, 10.0.2.15, fe80::91a8:3d9e:36ba:f548, 172.19.96.10","08:00:27:7c:f3:ae, 08:00:27:22:f7:3c",victim,"19044.1889",windows,"10.0.19041.1889 (WinBuild.160101.0800)","Windows 10 Enterprise Evaluation","Windows 10 Enterprise Evaluation",windows,windows,"10.0",information,"Process Create:
RuleName: -
UtcTime: 2022-10-22 17:43:52.004
ProcessGuid: {461f0bd2-2bd8-6354-4c00-000000001e00}
ProcessId: 1972
Image: C:\Windows\System32\wevtutil.exe
FileVersion: 10.0.19041.1682 (WinBuild.160101.0800)
Description: Eventing Command Line Utility
Product: Microsoft® Windows® Operating System
Company: Microsoft Corporation
OriginalFileName: wevtutil.exe
CommandLine: C:\Windows\system32\wevtutil.exe install-manifest ""C:\ProgramData\Microsoft\Windows Defender\Platform\4.18.2209.7-0\Microsoft-Antimalware-Protection.man"" ""/resourceFilePath:C:\ProgramData\Microsoft\Windows Defender\Platform\4.18.2209.7-0\MpClient.dll"" ""/messageFilePath:C:\ProgramData\Microsoft\Windows Defender\Platform\4.18.2209.7-0\MpClient.dll"" ""/parameterFilePath:C:\ProgramData\Microsoft\Windows Defender\Platform\4.18.2209.7-0\MpClient.dll""
CurrentDirectory: C:\Windows\system32\
User: NT AUTHORITY\SYSTEM
LogonGuid: {461f0bd2-1c1d-6354-e703-000000000000}
LogonId: 0x3E7
TerminalSessionId: 0
IntegrityLevel: System
Hashes: MD5=1AAE26BD68B911D0420626A27070EB8D,SHA256=1256A1E89815AA5ADE26A8FDDDDEEBF056EB3D3A81EBFE0DD73636CC677A3D38,IMPHASH=ED2979722859B770F49D66059479B256
ParentProcessGuid: {461f0bd2-2bd2-6354-2d00-000000001e00}
ParentProcessId: 2308
ParentImage: C:\ProgramData\Microsoft\Windows Defender\Platform\4.18.2209.7-0\MsMpEng.exe
ParentCommandLine: ""C:\ProgramData\Microsoft\Windows Defender\Platform\4.18.2209.7-0\MsMpEng.exe""
ParentUser: NT AUTHORITY\SYSTEM","-","-","-","-","-","-","-","-","-","-","-","-","C:\Windows\system32\wevtutil.exe, install-manifest, C:\ProgramData\Microsoft\Windows Defender\Platform\4.18.2209.7-0\Microsoft-Antimalware-Protection.man, /resourceFilePath:C:\ProgramData\Microsoft\Windows Defender\Platform\4.18.2209.7-0\MpClient.dll, /messageFilePath:C:\ProgramData\Microsoft\Windows Defender\Platform\4.18.2209.7-0\MpClient.dll, /parameterFilePath:C:\ProgramData\Microsoft\Windows Defender\Platform\4.18.2209.7-0\MpClient.dll",6,"C:\Windows\system32\wevtutil.exe install-manifest ""C:\ProgramData\Microsoft\Windows Defender\Platform\4.18.2209.7-0\Microsoft-Antimalware-Protection.man"" ""/resourceFilePath:C:\ProgramData\Microsoft\Windows Defender\Platform\4.18.2209.7-0\MpClient.dll"" ""/messageFilePath:C:\ProgramData\Microsoft\Windows Defender\Platform\4.18.2209.7-0\MpClient.dll"" ""/parameterFilePath:C:\ProgramData\Microsoft\Windows Defender\Platform\4.18.2209.7-0\MpClient.dll""","C:\Windows\system32\wevtutil.exe install-manifest ""C:\ProgramData\Microsoft\Windows Defender\Platform\4.18.2209.7-0\Microsoft-Antimalware-Protection.man"" ""/resourceFilePath:C:\ProgramData\Microsoft\Windows Defender\Platform\4.18.2209.7-0\MpClient.dll"" ""/messageFilePath:C:\ProgramData\Microsoft\Windows Defender\Platform\4.18.2209.7-0\MpClient.dll"" ""/parameterFilePath:C:\ProgramData\Microsoft\Windows Defender\Platform\4.18.2209.7-0\MpClient.dll""","{461f0bd2-2bd8-6354-4c00-000000001e00}","C:\Windows\System32\wevtutil.exe","C:\Windows\System32\wevtutil.exe",1aae26bd68b911d0420626a27070eb8d,1256a1e89815aa5ade26a8fddddeebf056eb3d3a81ebfe0dd73636cc677a3d38,"wevtutil.exe","wevtutil.exe","C:\ProgramData\Microsoft\Windows Defender\Platform\4.18.2209.7-0\MsMpEng.exe",1,"""C:\ProgramData\Microsoft\Windows Defender\Platform\4.18.2209.7-0\MsMpEng.exe""","""C:\ProgramData\Microsoft\Windows Defender\Platform\4.18.2209.7-0\MsMpEng.exe""","{461f0bd2-2bd2-6354-2d00-000000001e00}","C:\ProgramData\Microsoft\Windows Defender\Platform\4.18.2209.7-0\MsMpEng.exe","C:\ProgramData\Microsoft\Windows Defender\Platform\4.18.2209.7-0\MsMpEng.exe","MsMpEng.exe","MsMpEng.exe",2308,"Microsoft Corporation","Eventing Command Line Utility","10.0.19041.1682 (WinBuild.160101.0800)",ed2979722859b770f49d66059479b256,"wevtutil.exe","Microsoft® Windows® Operating System",1972,"-","-","C:\Windows\system32\","C:\Windows\system32\","-","-","-","-","-","-","1256a1e89815aa5ade26a8fddddeebf056eb3d3a81ebfe0dd73636cc677a3d38, 1aae26bd68b911d0420626a27070eb8d, ed2979722859b770f49d66059479b256","-","-",SYSTEM,"-","-","NT AUTHORITY","-","S-1-5-18",SYSTEM,SYSTEM,"-",wineventlog,"Microsoft-Windows-Sysmon/Operational",victim,"Microsoft Corporation","-","Eventing Command Line Utility","-","10.0.19041.1682 (WinBuild.160101.0800)",System,"{461f0bd2-1c1d-6354-e703-000000000000}",0x3e7,"-","NT AUTHORITY\SYSTEM","-","Microsoft® Windows® Operating System","-","-","-","-","-","-","-","-",0,"-",1,"-","-",Info,"2,276","2,512","{5770385f-c22a-43e0-bf4c-06f5698ffbd9}","Microsoft-Windows-Sysmon",4723,"Process Create (rule: ProcessCreate)","NT AUTHORITY","S-1-5-18",SYSTEM,User,5
"Oct 23, 2022 @ 01:43:51.663",zkXQAIQBHC0TB3lJ8ZeE,".ds-winlogbeat-8.2.3-2022.10.22-000001","-","c2c04a29-9d47-4de5-86f6-5958b0d4222c",victim,"b15c43c7-63a1-423e-901b-f1acc6401711",victim,winlogbeat,"8.2.3","-","-","-","-","-","-","-","1.12.0","Process Create (rule: ProcessCreate)",process,1,"Oct 23, 2022 @ 01:50:07.758","Oct 23, 2022 @ 01:50:04.153",event,sysmon,"-","Microsoft-Windows-Sysmon","-",start,"-","-","-","-","-","x86_64",victim,"461f0bd2-c182-413a-8a41-2a8e4accb4a9","fe80::4959:93ba:69a6:522d, 10.0.2.15, fe80::91a8:3d9e:36ba:f548, 172.19.96.10","08:00:27:7c:f3:ae, 08:00:27:22:f7:3c",victim,"19044.1889",windows,"10.0.19041.1889 (WinBuild.160101.0800)","Windows 10 Enterprise Evaluation","Windows 10 Enterprise Evaluation",windows,windows,"10.0",information,"Process Create:
RuleName: -
UtcTime: 2022-10-22 17:43:51.663
ProcessGuid: {461f0bd2-2bd7-6354-4a00-000000001e00}
ProcessId: 2888
Image: C:\Windows\System32\wevtutil.exe
FileVersion: 10.0.19041.1682 (WinBuild.160101.0800)
Description: Eventing Command Line Utility
Product: Microsoft® Windows® Operating System
Company: Microsoft Corporation
OriginalFileName: wevtutil.exe
CommandLine: C:\Windows\system32\wevtutil.exe uninstall-manifest ""C:\ProgramData\Microsoft\Windows Defender\Platform\4.18.2209.7-0\Microsoft-Antimalware-Protection.man""
CurrentDirectory: C:\Windows\system32\
User: NT AUTHORITY\SYSTEM
LogonGuid: {461f0bd2-1c1d-6354-e703-000000000000}
LogonId: 0x3E7
TerminalSessionId: 0
IntegrityLevel: System
Hashes: MD5=1AAE26BD68B911D0420626A27070EB8D,SHA256=1256A1E89815AA5ADE26A8FDDDDEEBF056EB3D3A81EBFE0DD73636CC677A3D38,IMPHASH=ED2979722859B770F49D66059479B256
ParentProcessGuid: {461f0bd2-2bd2-6354-2d00-000000001e00}
ParentProcessId: 2308
ParentImage: C:\ProgramData\Microsoft\Windows Defender\Platform\4.18.2209.7-0\MsMpEng.exe
ParentCommandLine: ""C:\ProgramData\Microsoft\Windows Defender\Platform\4.18.2209.7-0\MsMpEng.exe""
ParentUser: NT AUTHORITY\SYSTEM","-","-","-","-","-","-","-","-","-","-","-","-","C:\Windows\system32\wevtutil.exe, uninstall-manifest, C:\ProgramData\Microsoft\Windows Defender\Platform\4.18.2209.7-0\Microsoft-Antimalware-Protection.man",3,"C:\Windows\system32\wevtutil.exe uninstall-manifest ""C:\ProgramData\Microsoft\Windows Defender\Platform\4.18.2209.7-0\Microsoft-Antimalware-Protection.man""","C:\Windows\system32\wevtutil.exe uninstall-manifest ""C:\ProgramData\Microsoft\Windows Defender\Platform\4.18.2209.7-0\Microsoft-Antimalware-Protection.man""","{461f0bd2-2bd7-6354-4a00-000000001e00}","C:\Windows\System32\wevtutil.exe","C:\Windows\System32\wevtutil.exe",1aae26bd68b911d0420626a27070eb8d,1256a1e89815aa5ade26a8fddddeebf056eb3d3a81ebfe0dd73636cc677a3d38,"wevtutil.exe","wevtutil.exe","C:\ProgramData\Microsoft\Windows Defender\Platform\4.18.2209.7-0\MsMpEng.exe",1,"""C:\ProgramData\Microsoft\Windows Defender\Platform\4.18.2209.7-0\MsMpEng.exe""","""C:\ProgramData\Microsoft\Windows Defender\Platform\4.18.2209.7-0\MsMpEng.exe""","{461f0bd2-2bd2-6354-2d00-000000001e00}","C:\ProgramData\Microsoft\Windows Defender\Platform\4.18.2209.7-0\MsMpEng.exe","C:\ProgramData\Microsoft\Windows Defender\Platform\4.18.2209.7-0\MsMpEng.exe","MsMpEng.exe","MsMpEng.exe",2308,"Microsoft Corporation","Eventing Command Line Utility","10.0.19041.1682 (WinBuild.160101.0800)",ed2979722859b770f49d66059479b256,"wevtutil.exe","Microsoft® Windows® Operating System",2888,"-","-","C:\Windows\system32\","C:\Windows\system32\","-","-","-","-","-","-","1256a1e89815aa5ade26a8fddddeebf056eb3d3a81ebfe0dd73636cc677a3d38, 1aae26bd68b911d0420626a27070eb8d, ed2979722859b770f49d66059479b256","-","-",SYSTEM,"-","-","NT AUTHORITY","-","S-1-5-18",SYSTEM,SYSTEM,"-",wineventlog,"Microsoft-Windows-Sysmon/Operational",victim,"Microsoft Corporation","-","Eventing Command Line Utility","-","10.0.19041.1682 (WinBuild.160101.0800)",System,"{461f0bd2-1c1d-6354-e703-000000000000}",0x3e7,"-","NT AUTHORITY\SYSTEM","-","Microsoft® Windows® Operating System","-","-","-","-","-","-","-","-",0,"-",1,"-","-",Info,"2,276","2,512","{5770385f-c22a-43e0-bf4c-06f5698ffbd9}","Microsoft-Windows-Sysmon",4722,"Process Create (rule: ProcessCreate)","NT AUTHORITY","S-1-5-18",SYSTEM,User,5
"Oct 23, 2022 @ 01:43:51.326",zUXQAIQBHC0TB3lJ8ZeE,".ds-winlogbeat-8.2.3-2022.10.22-000001","-","c2c04a29-9d47-4de5-86f6-5958b0d4222c",victim,"b15c43c7-63a1-423e-901b-f1acc6401711",victim,winlogbeat,"8.2.3","-","-","-","-","-","-","-","1.12.0","Process Create (rule: ProcessCreate)",process,1,"Oct 23, 2022 @ 01:50:07.758","Oct 23, 2022 @ 01:50:04.153",event,sysmon,"-","Microsoft-Windows-Sysmon","-",start,"-","-","-","-","-","x86_64",victim,"461f0bd2-c182-413a-8a41-2a8e4accb4a9","fe80::4959:93ba:69a6:522d, 10.0.2.15, fe80::91a8:3d9e:36ba:f548, 172.19.96.10","08:00:27:7c:f3:ae, 08:00:27:22:f7:3c",victim,"19044.1889",windows,"10.0.19041.1889 (WinBuild.160101.0800)","Windows 10 Enterprise Evaluation","Windows 10 Enterprise Evaluation",windows,windows,"10.0",information,"Process Create:
RuleName: -
UtcTime: 2022-10-22 17:43:51.326
ProcessGuid: {461f0bd2-2bd7-6354-4700-000000001e00}
ProcessId: 968
Image: C:\Windows\System32\wevtutil.exe
FileVersion: 10.0.19041.1682 (WinBuild.160101.0800)
Description: Eventing Command Line Utility
Product: Microsoft® Windows® Operating System
Company: Microsoft Corporation
OriginalFileName: wevtutil.exe
CommandLine: C:\Windows\system32\wevtutil.exe install-manifest ""C:\ProgramData\Microsoft\Windows Defender\Platform\4.18.2209.7-0\Microsoft-Antimalware-RTP.man"" ""/resourceFilePath:C:\ProgramData\Microsoft\Windows Defender\Platform\4.18.2209.7-0\MpRtp.dll"" ""/messageFilePath:C:\ProgramData\Microsoft\Windows Defender\Platform\4.18.2209.7-0\MpRtp.dll"" ""/parameterFilePath:C:\ProgramData\Microsoft\Windows Defender\Platform\4.18.2209.7-0\MpRtp.dll""
CurrentDirectory: C:\Windows\system32\
User: NT AUTHORITY\SYSTEM
LogonGuid: {461f0bd2-1c1d-6354-e703-000000000000}
LogonId: 0x3E7
TerminalSessionId: 0
IntegrityLevel: System
Hashes: MD5=1AAE26BD68B911D0420626A27070EB8D,SHA256=1256A1E89815AA5ADE26A8FDDDDEEBF056EB3D3A81EBFE0DD73636CC677A3D38,IMPHASH=ED2979722859B770F49D66059479B256
ParentProcessGuid: {461f0bd2-2bd2-6354-2d00-000000001e00}
ParentProcessId: 2308
ParentImage: C:\ProgramData\Microsoft\Windows Defender\Platform\4.18.2209.7-0\MsMpEng.exe
ParentCommandLine: ""C:\ProgramData\Microsoft\Windows Defender\Platform\4.18.2209.7-0\MsMpEng.exe""
ParentUser: NT AUTHORITY\SYSTEM","-","-","-","-","-","-","-","-","-","-","-","-","C:\Windows\system32\wevtutil.exe, install-manifest, C:\ProgramData\Microsoft\Windows Defender\Platform\4.18.2209.7-0\Microsoft-Antimalware-RTP.man, /resourceFilePath:C:\ProgramData\Microsoft\Windows Defender\Platform\4.18.2209.7-0\MpRtp.dll, /messageFilePath:C:\ProgramData\Microsoft\Windows Defender\Platform\4.18.2209.7-0\MpRtp.dll, /parameterFilePath:C:\ProgramData\Microsoft\Windows Defender\Platform\4.18.2209.7-0\MpRtp.dll",6,"C:\Windows\system32\wevtutil.exe install-manifest ""C:\ProgramData\Microsoft\Windows Defender\Platform\4.18.2209.7-0\Microsoft-Antimalware-RTP.man"" ""/resourceFilePath:C:\ProgramData\Microsoft\Windows Defender\Platform\4.18.2209.7-0\MpRtp.dll"" ""/messageFilePath:C:\ProgramData\Microsoft\Windows Defender\Platform\4.18.2209.7-0\MpRtp.dll"" ""/parameterFilePath:C:\ProgramData\Microsoft\Windows Defender\Platform\4.18.2209.7-0\MpRtp.dll""","C:\Windows\system32\wevtutil.exe install-manifest ""C:\ProgramData\Microsoft\Windows Defender\Platform\4.18.2209.7-0\Microsoft-Antimalware-RTP.man"" ""/resourceFilePath:C:\ProgramData\Microsoft\Windows Defender\Platform\4.18.2209.7-0\MpRtp.dll"" ""/messageFilePath:C:\ProgramData\Microsoft\Windows Defender\Platform\4.18.2209.7-0\MpRtp.dll"" ""/parameterFilePath:C:\ProgramData\Microsoft\Windows Defender\Platform\4.18.2209.7-0\MpRtp.dll""","{461f0bd2-2bd7-6354-4700-000000001e00}","C:\Windows\System32\wevtutil.exe","C:\Windows\System32\wevtutil.exe",1aae26bd68b911d0420626a27070eb8d,1256a1e89815aa5ade26a8fddddeebf056eb3d3a81ebfe0dd73636cc677a3d38,"wevtutil.exe","wevtutil.exe","C:\ProgramData\Microsoft\Windows Defender\Platform\4.18.2209.7-0\MsMpEng.exe",1,"""C:\ProgramData\Microsoft\Windows Defender\Platform\4.18.2209.7-0\MsMpEng.exe""","""C:\ProgramData\Microsoft\Windows Defender\Platform\4.18.2209.7-0\MsMpEng.exe""","{461f0bd2-2bd2-6354-2d00-000000001e00}","C:\ProgramData\Microsoft\Windows Defender\Platform\4.18.2209.7-0\MsMpEng.exe","C:\ProgramData\Microsoft\Windows Defender\Platform\4.18.2209.7-0\MsMpEng.exe","MsMpEng.exe","MsMpEng.exe",2308,"Microsoft Corporation","Eventing Command Line Utility","10.0.19041.1682 (WinBuild.160101.0800)",ed2979722859b770f49d66059479b256,"wevtutil.exe","Microsoft® Windows® Operating System",968,"-","-","C:\Windows\system32\","C:\Windows\system32\","-","-","-","-","-","-","1256a1e89815aa5ade26a8fddddeebf056eb3d3a81ebfe0dd73636cc677a3d38, 1aae26bd68b911d0420626a27070eb8d, ed2979722859b770f49d66059479b256","-","-",SYSTEM,"-","-","NT AUTHORITY","-","S-1-5-18",SYSTEM,SYSTEM,"-",wineventlog,"Microsoft-Windows-Sysmon/Operational",victim,"Microsoft Corporation","-","Eventing Command Line Utility","-","10.0.19041.1682 (WinBuild.160101.0800)",System,"{461f0bd2-1c1d-6354-e703-000000000000}",0x3e7,"-","NT AUTHORITY\SYSTEM","-","Microsoft® Windows® Operating System","-","-","-","-","-","-","-","-",0,"-",1,"-","-",Info,"2,276","2,512","{5770385f-c22a-43e0-bf4c-06f5698ffbd9}","Microsoft-Windows-Sysmon",4721,"Process Create (rule: ProcessCreate)","NT AUTHORITY","S-1-5-18",SYSTEM,User,5
"Oct 23, 2022 @ 01:43:50.989",zEXQAIQBHC0TB3lJ8ZeE,".ds-winlogbeat-8.2.3-2022.10.22-000001","-","c2c04a29-9d47-4de5-86f6-5958b0d4222c",victim,"b15c43c7-63a1-423e-901b-f1acc6401711",victim,winlogbeat,"8.2.3","-","-","-","-","-","-","-","1.12.0","Process Create (rule: ProcessCreate)",process,1,"Oct 23, 2022 @ 01:50:07.758","Oct 23, 2022 @ 01:50:04.152",event,sysmon,"-","Microsoft-Windows-Sysmon","-",start,"-","-","-","-","-","x86_64",victim,"461f0bd2-c182-413a-8a41-2a8e4accb4a9","fe80::4959:93ba:69a6:522d, 10.0.2.15, fe80::91a8:3d9e:36ba:f548, 172.19.96.10","08:00:27:7c:f3:ae, 08:00:27:22:f7:3c",victim,"19044.1889",windows,"10.0.19041.1889 (WinBuild.160101.0800)","Windows 10 Enterprise Evaluation","Windows 10 Enterprise Evaluation",windows,windows,"10.0",information,"Process Create:
RuleName: -
UtcTime: 2022-10-22 17:43:50.989
ProcessGuid: {461f0bd2-2bd6-6354-4400-000000001e00}
ProcessId: 2352
Image: C:\Windows\System32\wevtutil.exe
FileVersion: 10.0.19041.1682 (WinBuild.160101.0800)
Description: Eventing Command Line Utility
Product: Microsoft® Windows® Operating System
Company: Microsoft Corporation
OriginalFileName: wevtutil.exe
CommandLine: C:\Windows\system32\wevtutil.exe uninstall-manifest ""C:\ProgramData\Microsoft\Windows Defender\Platform\4.18.2209.7-0\Microsoft-Antimalware-RTP.man""
CurrentDirectory: C:\Windows\system32\
User: NT AUTHORITY\SYSTEM
LogonGuid: {461f0bd2-1c1d-6354-e703-000000000000}
LogonId: 0x3E7
TerminalSessionId: 0
IntegrityLevel: System
Hashes: MD5=1AAE26BD68B911D0420626A27070EB8D,SHA256=1256A1E89815AA5ADE26A8FDDDDEEBF056EB3D3A81EBFE0DD73636CC677A3D38,IMPHASH=ED2979722859B770F49D66059479B256
ParentProcessGuid: {461f0bd2-2bd2-6354-2d00-000000001e00}
ParentProcessId: 2308
ParentImage: C:\ProgramData\Microsoft\Windows Defender\Platform\4.18.2209.7-0\MsMpEng.exe
ParentCommandLine: ""C:\ProgramData\Microsoft\Windows Defender\Platform\4.18.2209.7-0\MsMpEng.exe""
ParentUser: NT AUTHORITY\SYSTEM","-","-","-","-","-","-","-","-","-","-","-","-","C:\Windows\system32\wevtutil.exe, uninstall-manifest, C:\ProgramData\Microsoft\Windows Defender\Platform\4.18.2209.7-0\Microsoft-Antimalware-RTP.man",3,"C:\Windows\system32\wevtutil.exe uninstall-manifest ""C:\ProgramData\Microsoft\Windows Defender\Platform\4.18.2209.7-0\Microsoft-Antimalware-RTP.man""","C:\Windows\system32\wevtutil.exe uninstall-manifest ""C:\ProgramData\Microsoft\Windows Defender\Platform\4.18.2209.7-0\Microsoft-Antimalware-RTP.man""","{461f0bd2-2bd6-6354-4400-000000001e00}","C:\Windows\System32\wevtutil.exe","C:\Windows\System32\wevtutil.exe",1aae26bd68b911d0420626a27070eb8d,1256a1e89815aa5ade26a8fddddeebf056eb3d3a81ebfe0dd73636cc677a3d38,"wevtutil.exe","wevtutil.exe","C:\ProgramData\Microsoft\Windows Defender\Platform\4.18.2209.7-0\MsMpEng.exe",1,"""C:\ProgramData\Microsoft\Windows Defender\Platform\4.18.2209.7-0\MsMpEng.exe""","""C:\ProgramData\Microsoft\Windows Defender\Platform\4.18.2209.7-0\MsMpEng.exe""","{461f0bd2-2bd2-6354-2d00-000000001e00}","C:\ProgramData\Microsoft\Windows Defender\Platform\4.18.2209.7-0\MsMpEng.exe","C:\ProgramData\Microsoft\Windows Defender\Platform\4.18.2209.7-0\MsMpEng.exe","MsMpEng.exe","MsMpEng.exe",2308,"Microsoft Corporation","Eventing Command Line Utility","10.0.19041.1682 (WinBuild.160101.0800)",ed2979722859b770f49d66059479b256,"wevtutil.exe","Microsoft® Windows® Operating System",2352,"-","-","C:\Windows\system32\","C:\Windows\system32\","-","-","-","-","-","-","1256a1e89815aa5ade26a8fddddeebf056eb3d3a81ebfe0dd73636cc677a3d38, 1aae26bd68b911d0420626a27070eb8d, ed2979722859b770f49d66059479b256","-","-",SYSTEM,"-","-","NT AUTHORITY","-","S-1-5-18",SYSTEM,SYSTEM,"-",wineventlog,"Microsoft-Windows-Sysmon/Operational",victim,"Microsoft Corporation","-","Eventing Command Line Utility","-","10.0.19041.1682 (WinBuild.160101.0800)",System,"{461f0bd2-1c1d-6354-e703-000000000000}",0x3e7,"-","NT AUTHORITY\SYSTEM","-","Microsoft® Windows® Operating System","-","-","-","-","-","-","-","-",0,"-",1,"-","-",Info,"2,276","2,512","{5770385f-c22a-43e0-bf4c-06f5698ffbd9}","Microsoft-Windows-Sysmon",4720,"Process Create (rule: ProcessCreate)","NT AUTHORITY","S-1-5-18",SYSTEM,User,5
"Oct 23, 2022 @ 01:43:50.803",y0XQAIQBHC0TB3lJ8ZeE,".ds-winlogbeat-8.2.3-2022.10.22-000001","-","c2c04a29-9d47-4de5-86f6-5958b0d4222c",victim,"b15c43c7-63a1-423e-901b-f1acc6401711",victim,winlogbeat,"8.2.3","-","-","-","-","-","-","-","1.12.0","Process Create (rule: ProcessCreate)",process,1,"Oct 23, 2022 @ 01:50:07.758","Oct 23, 2022 @ 01:50:04.152",event,sysmon,"-","Microsoft-Windows-Sysmon","-",start,"-","-","-","-","-","x86_64",victim,"461f0bd2-c182-413a-8a41-2a8e4accb4a9","fe80::4959:93ba:69a6:522d, 10.0.2.15, fe80::91a8:3d9e:36ba:f548, 172.19.96.10","08:00:27:7c:f3:ae, 08:00:27:22:f7:3c",victim,"19044.1889",windows,"10.0.19041.1889 (WinBuild.160101.0800)","Windows 10 Enterprise Evaluation","Windows 10 Enterprise Evaluation",windows,windows,"10.0",information,"Process Create:
RuleName: -
UtcTime: 2022-10-22 17:43:50.803
ProcessGuid: {461f0bd2-2bd6-6354-4200-000000001e00}
ProcessId: 2396
Image: C:\Windows\System32\wevtutil.exe
FileVersion: 10.0.19041.1682 (WinBuild.160101.0800)
Description: Eventing Command Line Utility
Product: Microsoft® Windows® Operating System
Company: Microsoft Corporation
OriginalFileName: wevtutil.exe
CommandLine: C:\Windows\system32\wevtutil.exe install-manifest ""C:\ProgramData\Microsoft\Windows Defender\Platform\4.18.2209.7-0\Microsoft-Antimalware-NIS.man"" ""/resourceFilePath:C:\ProgramData\Microsoft\Windows Defender\Platform\4.18.2209.7-0\NisSrv.exe"" ""/messageFilePath:C:\ProgramData\Microsoft\Windows Defender\Platform\4.18.2209.7-0\NisSrv.exe"" ""/parameterFilePath:C:\ProgramData\Microsoft\Windows Defender\Platform\4.18.2209.7-0\NisSrv.exe""
CurrentDirectory: C:\Windows\system32\
User: NT AUTHORITY\SYSTEM
LogonGuid: {461f0bd2-1c1d-6354-e703-000000000000}
LogonId: 0x3E7
TerminalSessionId: 0
IntegrityLevel: System
Hashes: MD5=1AAE26BD68B911D0420626A27070EB8D,SHA256=1256A1E89815AA5ADE26A8FDDDDEEBF056EB3D3A81EBFE0DD73636CC677A3D38,IMPHASH=ED2979722859B770F49D66059479B256
ParentProcessGuid: {461f0bd2-2bd2-6354-2d00-000000001e00}
ParentProcessId: 2308
ParentImage: C:\ProgramData\Microsoft\Windows Defender\Platform\4.18.2209.7-0\MsMpEng.exe
ParentCommandLine: ""C:\ProgramData\Microsoft\Windows Defender\Platform\4.18.2209.7-0\MsMpEng.exe""
ParentUser: NT AUTHORITY\SYSTEM","-","-","-","-","-","-","-","-","-","-","-","-","C:\Windows\system32\wevtutil.exe, install-manifest, C:\ProgramData\Microsoft\Windows Defender\Platform\4.18.2209.7-0\Microsoft-Antimalware-NIS.man, /resourceFilePath:C:\ProgramData\Microsoft\Windows Defender\Platform\4.18.2209.7-0\NisSrv.exe, /messageFilePath:C:\ProgramData\Microsoft\Windows Defender\Platform\4.18.2209.7-0\NisSrv.exe, /parameterFilePath:C:\ProgramData\Microsoft\Windows Defender\Platform\4.18.2209.7-0\NisSrv.exe",6,"C:\Windows\system32\wevtutil.exe install-manifest ""C:\ProgramData\Microsoft\Windows Defender\Platform\4.18.2209.7-0\Microsoft-Antimalware-NIS.man"" ""/resourceFilePath:C:\ProgramData\Microsoft\Windows Defender\Platform\4.18.2209.7-0\NisSrv.exe"" ""/messageFilePath:C:\ProgramData\Microsoft\Windows Defender\Platform\4.18.2209.7-0\NisSrv.exe"" ""/parameterFilePath:C:\ProgramData\Microsoft\Windows Defender\Platform\4.18.2209.7-0\NisSrv.exe""","C:\Windows\system32\wevtutil.exe install-manifest ""C:\ProgramData\Microsoft\Windows Defender\Platform\4.18.2209.7-0\Microsoft-Antimalware-NIS.man"" ""/resourceFilePath:C:\ProgramData\Microsoft\Windows Defender\Platform\4.18.2209.7-0\NisSrv.exe"" ""/messageFilePath:C:\ProgramData\Microsoft\Windows Defender\Platform\4.18.2209.7-0\NisSrv.exe"" ""/parameterFilePath:C:\ProgramData\Microsoft\Windows Defender\Platform\4.18.2209.7-0\NisSrv.exe""","{461f0bd2-2bd6-6354-4200-000000001e00}","C:\Windows\System32\wevtutil.exe","C:\Windows\System32\wevtutil.exe",1aae26bd68b911d0420626a27070eb8d,1256a1e89815aa5ade26a8fddddeebf056eb3d3a81ebfe0dd73636cc677a3d38,"wevtutil.exe","wevtutil.exe","C:\ProgramData\Microsoft\Windows Defender\Platform\4.18.2209.7-0\MsMpEng.exe",1,"""C:\ProgramData\Microsoft\Windows Defender\Platform\4.18.2209.7-0\MsMpEng.exe""","""C:\ProgramData\Microsoft\Windows Defender\Platform\4.18.2209.7-0\MsMpEng.exe""","{461f0bd2-2bd2-6354-2d00-000000001e00}","C:\ProgramData\Microsoft\Windows Defender\Platform\4.18.2209.7-0\MsMpEng.exe","C:\ProgramData\Microsoft\Windows Defender\Platform\4.18.2209.7-0\MsMpEng.exe","MsMpEng.exe","MsMpEng.exe",2308,"Microsoft Corporation","Eventing Command Line Utility","10.0.19041.1682 (WinBuild.160101.0800)",ed2979722859b770f49d66059479b256,"wevtutil.exe","Microsoft® Windows® Operating System",2396,"-","-","C:\Windows\system32\","C:\Windows\system32\","-","-","-","-","-","-","1256a1e89815aa5ade26a8fddddeebf056eb3d3a81ebfe0dd73636cc677a3d38, 1aae26bd68b911d0420626a27070eb8d, ed2979722859b770f49d66059479b256","-","-",SYSTEM,"-","-","NT AUTHORITY","-","S-1-5-18",SYSTEM,SYSTEM,"-",wineventlog,"Microsoft-Windows-Sysmon/Operational",victim,"Microsoft Corporation","-","Eventing Command Line Utility","-","10.0.19041.1682 (WinBuild.160101.0800)",System,"{461f0bd2-1c1d-6354-e703-000000000000}",0x3e7,"-","NT AUTHORITY\SYSTEM","-","Microsoft® Windows® Operating System","-","-","-","-","-","-","-","-",0,"-",1,"-","-",Info,"2,276","2,512","{5770385f-c22a-43e0-bf4c-06f5698ffbd9}","Microsoft-Windows-Sysmon",4719,"Process Create (rule: ProcessCreate)","NT AUTHORITY","S-1-5-18",SYSTEM,User,5
