"Oct 23, 2022 @ 01:41:01.106",MEXJAIQBHC0TB3lJqpdu,".ds-winlogbeat-8.2.3-2022.10.22-000001","-","22391c00-748c-4308-b3a3-5a7add9445bd",victim,"b15c43c7-63a1-423e-901b-f1acc6401711",victim,winlogbeat,"8.2.3","-","-","-","-","-","-","-","1.12.0","File created (rule: FileCreate)",file,11,"Oct 23, 2022 @ 01:41:01.639","Oct 23, 2022 @ 01:42:07.212",event,sysmon,"-","Microsoft-Windows-Sysmon","-",creation,"C:\Users\PATRIC~1\AppData\Local\Temp\wxy",bat,"t20704.bat","C:\Users\PATRIC~1\AppData\Local\Temp\wxy\t20704.bat","C:\Users\PATRIC~1\AppData\Local\Temp\wxy\t20704.bat","x86_64",victim,"461f0bd2-c182-413a-8a41-2a8e4accb4a9","fe80::4959:93ba:69a6:522d, 10.0.2.15, fe80::91a8:3d9e:36ba:f548, 172.19.96.10","08:00:27:7c:f3:ae, 08:00:27:22:f7:3c",victim,"19044.1889",windows,"10.0.19041.1889 (WinBuild.160101.0800)","Windows 10 Enterprise Evaluation","Windows 10 Enterprise Evaluation",windows,windows,"10.0",information,"File created:
RuleName: -
UtcTime: 2022-10-22 17:41:01.106
ProcessGuid: {461f0bd2-2b2c-6354-e502-000000001d00}
ProcessId: 4324
Image: C:\Users\Patricia Goh\Downloads\SATA-update-14.1.0.exe
TargetFilename: C:\Users\PATRIC~1\AppData\Local\Temp\wxy\t20704.bat
CreationUtcTime: 2022-10-22 17:41:01.106
User: VICTIM\Patricia Goh","-","-","-","-","-","-","-","-","-","-","-","-","-","-","-","-","{461f0bd2-2b2c-6354-e502-000000001d00}","C:\Users\Patricia Goh\Downloads\SATA-update-14.1.0.exe","C:\Users\Patricia Goh\Downloads\SATA-update-14.1.0.exe","-","-","SATA-update-14.1.0.exe","SATA-update-14.1.0.exe","-","-","-","-","-","-","-","-","-","-","-","-","-","-","-","-",4324,"-","-","-","-","-","-","-","-","-","-","-","-","-","Patricia Goh","-","-",VICTIM,"-","S-1-5-18","Patricia Goh","Patricia Goh","-",wineventlog,"Microsoft-Windows-Sysmon/Operational",victim,"-","2022-10-22 17:41:01.106","-","-","-","-","-","-","-","-","-","-","-","-","-","-","-","-","-","-","-","-",11,"-","-",Info,"2,316","4,084","{5770385f-c22a-43e0-bf4c-06f5698ffbd9}","Microsoft-Windows-Sysmon",4624,"File created (rule: FileCreate)","NT AUTHORITY","S-1-5-18",SYSTEM,User,2
"Oct 23, 2022 @ 01:41:01.106",MUXJAIQBHC0TB3lJqpdu,".ds-winlogbeat-8.2.3-2022.10.22-000001","-","22391c00-748c-4308-b3a3-5a7add9445bd",victim,"b15c43c7-63a1-423e-901b-f1acc6401711",victim,winlogbeat,"8.2.3","-","-","-","-","-","-","-","1.12.0","File created (rule: FileCreate)",file,11,"Oct 23, 2022 @ 01:41:01.639","Oct 23, 2022 @ 01:42:07.212",event,sysmon,"-","Microsoft-Windows-Sysmon","-",creation,"C:\Users\PATRIC~1\AppData\Local\Temp\wxy",exe,"t20782.exe","C:\Users\PATRIC~1\AppData\Local\Temp\wxy\t20782.exe","C:\Users\PATRIC~1\AppData\Local\Temp\wxy\t20782.exe","x86_64",victim,"461f0bd2-c182-413a-8a41-2a8e4accb4a9","fe80::4959:93ba:69a6:522d, 10.0.2.15, fe80::91a8:3d9e:36ba:f548, 172.19.96.10","08:00:27:7c:f3:ae, 08:00:27:22:f7:3c",victim,"19044.1889",windows,"10.0.19041.1889 (WinBuild.160101.0800)","Windows 10 Enterprise Evaluation","Windows 10 Enterprise Evaluation",windows,windows,"10.0",information,"File created:
RuleName: EXE
UtcTime: 2022-10-22 17:41:01.106
ProcessGuid: {461f0bd2-2b2c-6354-e502-000000001d00}
ProcessId: 4324
Image: C:\Users\Patricia Goh\Downloads\SATA-update-14.1.0.exe
TargetFilename: C:\Users\PATRIC~1\AppData\Local\Temp\wxy\t20782.exe
CreationUtcTime: 2022-10-22 17:41:01.106
User: VICTIM\Patricia Goh","-","-","-","-","-","-","-","-","-","-","-","-","-","-","-","-","{461f0bd2-2b2c-6354-e502-000000001d00}","C:\Users\Patricia Goh\Downloads\SATA-update-14.1.0.exe","C:\Users\Patricia Goh\Downloads\SATA-update-14.1.0.exe","-","-","SATA-update-14.1.0.exe","SATA-update-14.1.0.exe","-","-","-","-","-","-","-","-","-","-","-","-","-","-","-","-",4324,"-","-","-","-","-","-","-","-","-","-","-","-","-","Patricia Goh",EXE,"-",VICTIM,"-","S-1-5-18","Patricia Goh","Patricia Goh","-",wineventlog,"Microsoft-Windows-Sysmon/Operational",victim,"-","2022-10-22 17:41:01.106","-","-","-","-","-","-","-","-","-","-","-","-","-","-","-","-","-","-","-","-",11,"-","-",Info,"2,316","4,084","{5770385f-c22a-43e0-bf4c-06f5698ffbd9}","Microsoft-Windows-Sysmon",4625,"File created (rule: FileCreate)","NT AUTHORITY","S-1-5-18",SYSTEM,User,2
"Oct 23, 2022 @ 01:41:00.944",L0XJAIQBHC0TB3lJqpdu,".ds-winlogbeat-8.2.3-2022.10.22-000001","-","22391c00-748c-4308-b3a3-5a7add9445bd",victim,"b15c43c7-63a1-423e-901b-f1acc6401711",victim,winlogbeat,"8.2.3","-","-","-","-","-","-","-","1.12.0","Process Create (rule: ProcessCreate)",process,1,"Oct 23, 2022 @ 01:41:01.639","Oct 23, 2022 @ 01:42:07.211",event,sysmon,"-","Microsoft-Windows-Sysmon","-",start,"-","-","-","-","-","x86_64",victim,"461f0bd2-c182-413a-8a41-2a8e4accb4a9","fe80::4959:93ba:69a6:522d, 10.0.2.15, fe80::91a8:3d9e:36ba:f548, 172.19.96.10","08:00:27:7c:f3:ae, 08:00:27:22:f7:3c",victim,"19044.1889",windows,"10.0.19041.1889 (WinBuild.160101.0800)","Windows 10 Enterprise Evaluation","Windows 10 Enterprise Evaluation",windows,windows,"10.0",information,"Process Create:
RuleName: -
UtcTime: 2022-10-22 17:41:00.944
ProcessGuid: {461f0bd2-2b2c-6354-e602-000000001d00}
ProcessId: 8788
Image: C:\Windows\SysWOW64\cmd.exe
FileVersion: 10.0.19041.746 (WinBuild.160101.0800)
Description: Windows Command Processor
Product: Microsoft® Windows® Operating System
Company: Microsoft Corporation
OriginalFileName: Cmd.Exe
CommandLine: C:\Windows\system32\cmd.exe /c """"C:\Users\PATRIC~1\AppData\Local\Temp\is64.bat"" ""
CurrentDirectory: C:\Users\Patricia Goh\Downloads\
User: VICTIM\Patricia Goh
LogonGuid: {461f0bd2-06a8-6354-36c5-050000000000}
LogonId: 0x5C536
TerminalSessionId: 1
IntegrityLevel: High
Hashes: MD5=D0FCE3AFA6AA1D58CE9FA336CC2B675B,SHA256=4D89FC34D5F0F9BABD022271C585A9477BF41E834E46B991DEAA0530FDB25E22,IMPHASH=392B4D61B1D1DADC1F06444DF258188A
ParentProcessGuid: {461f0bd2-2b2c-6354-e502-000000001d00}
ParentProcessId: 4324
ParentImage: C:\Users\Patricia Goh\Downloads\SATA-update-14.1.0.exe
ParentCommandLine: ""C:\Users\Patricia Goh\Downloads\SATA-update-14.1.0.exe"" 
ParentUser: VICTIM\Patricia Goh","-","-","-","-","-","-","-","-","-","-","-","-","C:\Windows\system32\cmd.exe, /c, C:\Users\PATRIC~1\AppData\Local\Temp\is64.bat ",3,"C:\Windows\system32\cmd.exe /c """"C:\Users\PATRIC~1\AppData\Local\Temp\is64.bat"" ""","C:\Windows\system32\cmd.exe /c """"C:\Users\PATRIC~1\AppData\Local\Temp\is64.bat"" ""","{461f0bd2-2b2c-6354-e602-000000001d00}","C:\Windows\SysWOW64\cmd.exe","C:\Windows\SysWOW64\cmd.exe",d0fce3afa6aa1d58ce9fa336cc2b675b,4d89fc34d5f0f9babd022271c585a9477bf41e834e46b991deaa0530fdb25e22,"cmd.exe","cmd.exe","C:\Users\Patricia Goh\Downloads\SATA-update-14.1.0.exe",1,"""C:\Users\Patricia Goh\Downloads\SATA-update-14.1.0.exe"" ","""C:\Users\Patricia Goh\Downloads\SATA-update-14.1.0.exe"" ","{461f0bd2-2b2c-6354-e502-000000001d00}","C:\Users\Patricia Goh\Downloads\SATA-update-14.1.0.exe","C:\Users\Patricia Goh\Downloads\SATA-update-14.1.0.exe","SATA-update-14.1.0.exe","SATA-update-14.1.0.exe",4324,"Microsoft Corporation","Windows Command Processor","10.0.19041.746 (WinBuild.160101.0800)",392b4d61b1d1dadc1f06444df258188a,"Cmd.Exe","Microsoft® Windows® Operating System",8788,"-","-","C:\Users\Patricia Goh\Downloads\","C:\Users\Patricia Goh\Downloads\","-","-","-","-","-","-","4d89fc34d5f0f9babd022271c585a9477bf41e834e46b991deaa0530fdb25e22, d0fce3afa6aa1d58ce9fa336cc2b675b, 392b4d61b1d1dadc1f06444df258188a","-","-","Patricia Goh","-","-",VICTIM,"-","S-1-5-18","Patricia Goh","Patricia Goh","-",wineventlog,"Microsoft-Windows-Sysmon/Operational",victim,"Microsoft Corporation","-","Windows Command Processor","-","10.0.19041.746 (WinBuild.160101.0800)",High,"{461f0bd2-06a8-6354-36c5-050000000000}",0x5c536,"-","VICTIM\Patricia Goh","-","Microsoft® Windows® Operating System","-","-","-","-","-","-","-","-",1,"-",1,"-","-",Info,"2,316","4,084","{5770385f-c22a-43e0-bf4c-06f5698ffbd9}","Microsoft-Windows-Sysmon",4623,"Process Create (rule: ProcessCreate)","NT AUTHORITY","S-1-5-18",SYSTEM,User,5
"Oct 23, 2022 @ 01:41:00.843",LkXJAIQBHC0TB3lJqpdu,".ds-winlogbeat-8.2.3-2022.10.22-000001","-","22391c00-748c-4308-b3a3-5a7add9445bd",victim,"b15c43c7-63a1-423e-901b-f1acc6401711",victim,winlogbeat,"8.2.3","-","-","-","-","-","-","-","1.12.0","File created (rule: FileCreate)",file,11,"Oct 23, 2022 @ 01:41:01.636","Oct 23, 2022 @ 01:42:07.211",event,sysmon,"-","Microsoft-Windows-Sysmon","-",creation,"C:\Users\PATRIC~1\AppData\Local\Temp",bat,"is64.bat","C:\Users\PATRIC~1\AppData\Local\Temp\is64.bat","C:\Users\PATRIC~1\AppData\Local\Temp\is64.bat","x86_64",victim,"461f0bd2-c182-413a-8a41-2a8e4accb4a9","fe80::4959:93ba:69a6:522d, 10.0.2.15, fe80::91a8:3d9e:36ba:f548, 172.19.96.10","08:00:27:7c:f3:ae, 08:00:27:22:f7:3c",victim,"19044.1889",windows,"10.0.19041.1889 (WinBuild.160101.0800)","Windows 10 Enterprise Evaluation","Windows 10 Enterprise Evaluation",windows,windows,"10.0",information,"File created:
RuleName: -
UtcTime: 2022-10-22 17:41:00.843
ProcessGuid: {461f0bd2-2b2c-6354-e502-000000001d00}
ProcessId: 4324
Image: C:\Users\Patricia Goh\Downloads\SATA-update-14.1.0.exe
TargetFilename: C:\Users\PATRIC~1\AppData\Local\Temp\is64.bat
CreationUtcTime: 2022-10-22 17:24:52.871
User: VICTIM\Patricia Goh","-","-","-","-","-","-","-","-","-","-","-","-","-","-","-","-","{461f0bd2-2b2c-6354-e502-000000001d00}","C:\Users\Patricia Goh\Downloads\SATA-update-14.1.0.exe","C:\Users\Patricia Goh\Downloads\SATA-update-14.1.0.exe","-","-","SATA-update-14.1.0.exe","SATA-update-14.1.0.exe","-","-","-","-","-","-","-","-","-","-","-","-","-","-","-","-",4324,"-","-","-","-","-","-","-","-","-","-","-","-","-","Patricia Goh","-","-",VICTIM,"-","S-1-5-18","Patricia Goh","Patricia Goh","-",wineventlog,"Microsoft-Windows-Sysmon/Operational",victim,"-","2022-10-22 17:24:52.871","-","-","-","-","-","-","-","-","-","-","-","-","-","-","-","-","-","-","-","-",11,"-","-",Info,"2,316","4,084","{5770385f-c22a-43e0-bf4c-06f5698ffbd9}","Microsoft-Windows-Sysmon",4622,"File created (rule: FileCreate)","NT AUTHORITY","S-1-5-18",SYSTEM,User,2
"Oct 23, 2022 @ 01:41:00.711",LEXJAIQBHC0TB3lJqpdu,".ds-winlogbeat-8.2.3-2022.10.22-000001","-","22391c00-748c-4308-b3a3-5a7add9445bd",victim,"b15c43c7-63a1-423e-901b-f1acc6401711",victim,winlogbeat,"8.2.3","-","-","-","-","-","-","-","1.12.0","Process Create (rule: ProcessCreate)",process,1,"Oct 23, 2022 @ 01:41:01.636","Oct 23, 2022 @ 01:42:07.210",event,sysmon,"-","Microsoft-Windows-Sysmon","-",start,"-","-","-","-","-","x86_64",victim,"461f0bd2-c182-413a-8a41-2a8e4accb4a9","fe80::4959:93ba:69a6:522d, 10.0.2.15, fe80::91a8:3d9e:36ba:f548, 172.19.96.10","08:00:27:7c:f3:ae, 08:00:27:22:f7:3c",victim,"19044.1889",windows,"10.0.19041.1889 (WinBuild.160101.0800)","Windows 10 Enterprise Evaluation","Windows 10 Enterprise Evaluation",windows,windows,"10.0",information,"Process Create:
RuleName: -
UtcTime: 2022-10-22 17:41:00.711
ProcessGuid: {461f0bd2-2b2c-6354-e502-000000001d00}
ProcessId: 4324
Image: C:\Users\Patricia Goh\Downloads\SATA-update-14.1.0.exe
FileVersion: 14.1.0.0
Description: Critical System Patches
Product: SATA Singapore
Company: SATA Singapore
OriginalFileName: -
CommandLine: ""C:\Users\Patricia Goh\Downloads\SATA-update-14.1.0.exe"" 
CurrentDirectory: C:\Users\Patricia Goh\Downloads\
User: VICTIM\Patricia Goh
LogonGuid: {461f0bd2-06a8-6354-36c5-050000000000}
LogonId: 0x5C536
TerminalSessionId: 1
IntegrityLevel: High
Hashes: MD5=5E32F6C1954F4275DF35AA2FB5656180,SHA256=C405408CCEA7DAD5B75CFC4696D792EF9C25819CB62D02A81101F12506A0497B,IMPHASH=C4B8B0ABA9F9C876CA624BDBDA64D516
ParentProcessGuid: {461f0bd2-07f2-6354-d400-000000001d00}
ParentProcessId: 2836
ParentImage: C:\Windows\explorer.exe
ParentCommandLine: explorer.exe
ParentUser: VICTIM\Patricia Goh","-","-","-","-","-","-","-","-","-","-","-","-","C:\Users\Patricia Goh\Downloads\SATA-update-14.1.0.exe",1,"""C:\Users\Patricia Goh\Downloads\SATA-update-14.1.0.exe"" ","""C:\Users\Patricia Goh\Downloads\SATA-update-14.1.0.exe"" ","{461f0bd2-2b2c-6354-e502-000000001d00}","C:\Users\Patricia Goh\Downloads\SATA-update-14.1.0.exe","C:\Users\Patricia Goh\Downloads\SATA-update-14.1.0.exe",5e32f6c1954f4275df35aa2fb5656180,c405408ccea7dad5b75cfc4696d792ef9c25819cb62d02a81101f12506a0497b,"SATA-update-14.1.0.exe","SATA-update-14.1.0.exe","explorer.exe",1,"explorer.exe","explorer.exe","{461f0bd2-07f2-6354-d400-000000001d00}","C:\Windows\explorer.exe","C:\Windows\explorer.exe","explorer.exe","explorer.exe",2836,"SATA Singapore","Critical System Patches","14.1.0.0",c4b8b0aba9f9c876ca624bdbda64d516,"-","SATA Singapore",4324,"-","-","C:\Users\Patricia Goh\Downloads\","C:\Users\Patricia Goh\Downloads\","-","-","-","-","-","-","c405408ccea7dad5b75cfc4696d792ef9c25819cb62d02a81101f12506a0497b, 5e32f6c1954f4275df35aa2fb5656180, c4b8b0aba9f9c876ca624bdbda64d516","-","-","Patricia Goh","-","-",VICTIM,"-","S-1-5-18","Patricia Goh","Patricia Goh","-",wineventlog,"Microsoft-Windows-Sysmon/Operational",victim,"SATA Singapore","-","Critical System Patches","-","14.1.0.0",High,"{461f0bd2-06a8-6354-36c5-050000000000}",0x5c536,"-","VICTIM\Patricia Goh","-","SATA Singapore","-","-","-","-","-","-","-","-",1,"-",1,"-","-",Info,"2,316","4,084","{5770385f-c22a-43e0-bf4c-06f5698ffbd9}","Microsoft-Windows-Sysmon",4620,"Process Create (rule: ProcessCreate)","NT AUTHORITY","S-1-5-18",SYSTEM,User,5
"Oct 23, 2022 @ 01:41:00.551",K0XJAIQBHC0TB3lJqpdu,".ds-winlogbeat-8.2.3-2022.10.22-000001","-","22391c00-748c-4308-b3a3-5a7add9445bd",victim,"b15c43c7-63a1-423e-901b-f1acc6401711",victim,winlogbeat,"8.2.3","-","-","-","-","-","-","-","1.12.0","Process Create (rule: ProcessCreate)",process,1,"Oct 23, 2022 @ 01:41:01.611","Oct 23, 2022 @ 01:42:07.210",event,sysmon,"-","Microsoft-Windows-Sysmon","-",start,"-","-","-","-","-","x86_64",victim,"461f0bd2-c182-413a-8a41-2a8e4accb4a9","fe80::4959:93ba:69a6:522d, 10.0.2.15, fe80::91a8:3d9e:36ba:f548, 172.19.96.10","08:00:27:7c:f3:ae, 08:00:27:22:f7:3c",victim,"19044.1889",windows,"10.0.19041.1889 (WinBuild.160101.0800)","Windows 10 Enterprise Evaluation","Windows 10 Enterprise Evaluation",windows,windows,"10.0",information,"Process Create:
RuleName: -
UtcTime: 2022-10-22 17:41:00.551
ProcessGuid: {461f0bd2-2b2c-6354-e402-000000001d00}
ProcessId: 6444
Image: C:\Windows\System32\smartscreen.exe
FileVersion: 10.0.19041.1682 (WinBuild.160101.0800)
Description: Windows Defender SmartScreen
Product: Microsoft® Windows® Operating System
Company: Microsoft Corporation
OriginalFileName: smartscreen.exe
CommandLine: C:\Windows\System32\smartscreen.exe -Embedding
CurrentDirectory: C:\Windows\system32\
User: VICTIM\Patricia Goh
LogonGuid: {461f0bd2-06a8-6354-36c5-050000000000}
LogonId: 0x5C536
TerminalSessionId: 1
IntegrityLevel: High
Hashes: MD5=02FB7069B8D8426DC72C9D8A495AF55A,SHA256=320213E0E9CA58BF5DE4B1B69DED1E06DF191D99866FAD26255A4D3FCAD2F124,IMPHASH=6DFBF12753AF176E3C203C407493A5B9
ParentProcessGuid: {00000000-0000-0000-0000-000000000000}
ParentProcessId: 800
ParentImage: -
ParentCommandLine: -
ParentUser: -","-","-","-","-","-","-","-","-","-","-","-","-","C:\Windows\System32\smartscreen.exe, -Embedding",2,"C:\Windows\System32\smartscreen.exe -Embedding","C:\Windows\System32\smartscreen.exe -Embedding","{461f0bd2-2b2c-6354-e402-000000001d00}","C:\Windows\System32\smartscreen.exe","C:\Windows\System32\smartscreen.exe",02fb7069b8d8426dc72c9d8a495af55a,320213e0e9ca58bf5de4b1b69ded1e06df191d99866fad26255a4d3fcad2f124,"smartscreen.exe","smartscreen.exe","-",1,"-","-","{00000000-0000-0000-0000-000000000000}","-","-","-","-",800,"Microsoft Corporation","Windows Defender SmartScreen","10.0.19041.1682 (WinBuild.160101.0800)",6dfbf12753af176e3c203c407493a5b9,"smartscreen.exe","Microsoft® Windows® Operating System",6444,"-","-","C:\Windows\system32\","C:\Windows\system32\","-","-","-","-","-","-","320213e0e9ca58bf5de4b1b69ded1e06df191d99866fad26255a4d3fcad2f124, 02fb7069b8d8426dc72c9d8a495af55a, 6dfbf12753af176e3c203c407493a5b9","-","-","Patricia Goh","-","-",VICTIM,"-","S-1-5-18","Patricia Goh","Patricia Goh","-",wineventlog,"Microsoft-Windows-Sysmon/Operational",victim,"Microsoft Corporation","-","Windows Defender SmartScreen","-","10.0.19041.1682 (WinBuild.160101.0800)",High,"{461f0bd2-06a8-6354-36c5-050000000000}",0x5c536,"-","-","-","Microsoft® Windows® Operating System","-","-","-","-","-","-","-","-",1,"-",1,"-","-",Info,"2,316","4,084","{5770385f-c22a-43e0-bf4c-06f5698ffbd9}","Microsoft-Windows-Sysmon",4619,"Process Create (rule: ProcessCreate)","NT AUTHORITY","S-1-5-18",SYSTEM,User,5
