"Oct 23, 2022 @ 01:44:23.676",GUXQAIQBHC0TB3lJ9ZjY,".ds-winlogbeat-8.2.3-2022.10.22-000001","-","c2c04a29-9d47-4de5-86f6-5958b0d4222c",victim,"b15c43c7-63a1-423e-901b-f1acc6401711",victim,winlogbeat,"8.2.3","-","-","-","-","-","-","-","1.12.0","Process Create (rule: ProcessCreate)",process,1,"Oct 23, 2022 @ 01:50:08.818","Oct 23, 2022 @ 01:50:05.271",event,sysmon,"-","Microsoft-Windows-Sysmon","-",start,"-","-","-","-","-","x86_64",victim,"461f0bd2-c182-413a-8a41-2a8e4accb4a9","fe80::4959:93ba:69a6:522d, 10.0.2.15, fe80::91a8:3d9e:36ba:f548, 172.19.96.10","08:00:27:7c:f3:ae, 08:00:27:22:f7:3c",victim,"19044.1889",windows,"10.0.19041.1889 (WinBuild.160101.0800)","Windows 10 Enterprise Evaluation","Windows 10 Enterprise Evaluation",windows,windows,"10.0",information,"Process Create:
RuleName: -
UtcTime: 2022-10-22 17:44:23.676
ProcessGuid: {461f0bd2-2bf7-6354-6e00-000000001e00}
ProcessId: 4432
Image: C:\Users\Patricia Goh\AppData\Local\Microsoft\OneDrive\OneDrive.exe
FileVersion: 19.043.0304.0013
Description: Microsoft OneDrive
Product: Microsoft OneDrive
Company: Microsoft Corporation
OriginalFileName: OneDrive.exe
CommandLine: ""C:\Users\Patricia Goh\AppData\Local\Microsoft\OneDrive\OneDrive.exe"" /background
CurrentDirectory: C:\Windows\system32\
User: VICTIM\Patricia Goh
LogonGuid: {461f0bd2-2bde-6354-1787-040000000000}
LogonId: 0x48717
TerminalSessionId: 1
IntegrityLevel: High
Hashes: MD5=CF1A1B2A6F227D5B06AB0B3C8B88618B,SHA256=1FD250A499B2912B1ACEC31A03CAA32F1B328F2861E1383E94F23386F724FB36,IMPHASH=2A395AA09AEC6C9EF61ECFF3C1D576D8
ParentProcessGuid: {461f0bd2-2be4-6354-5d00-000000001e00}
ParentProcessId: 3332
ParentImage: C:\Windows\explorer.exe
ParentCommandLine: C:\Windows\Explorer.EXE
ParentUser: VICTIM\Patricia Goh","-","-","-","-","-","-","-","-","-","-","-","-","C:\Users\Patricia Goh\AppData\Local\Microsoft\OneDrive\OneDrive.exe, /background",2,"""C:\Users\Patricia Goh\AppData\Local\Microsoft\OneDrive\OneDrive.exe"" /background","""C:\Users\Patricia Goh\AppData\Local\Microsoft\OneDrive\OneDrive.exe"" /background","{461f0bd2-2bf7-6354-6e00-000000001e00}","C:\Users\Patricia Goh\AppData\Local\Microsoft\OneDrive\OneDrive.exe","C:\Users\Patricia Goh\AppData\Local\Microsoft\OneDrive\OneDrive.exe",cf1a1b2a6f227d5b06ab0b3c8b88618b,1fd250a499b2912b1acec31a03caa32f1b328f2861e1383e94f23386f724fb36,"OneDrive.exe","OneDrive.exe","C:\Windows\Explorer.EXE",1,"C:\Windows\Explorer.EXE","C:\Windows\Explorer.EXE","{461f0bd2-2be4-6354-5d00-000000001e00}","C:\Windows\explorer.exe","C:\Windows\explorer.exe","explorer.exe","explorer.exe",3332,"Microsoft Corporation","Microsoft OneDrive","19.043.0304.0013",2a395aa09aec6c9ef61ecff3c1d576d8,"OneDrive.exe","Microsoft OneDrive",4432,"-","-","C:\Windows\system32\","C:\Windows\system32\","-","-","-","-","-","-","1fd250a499b2912b1acec31a03caa32f1b328f2861e1383e94f23386f724fb36, cf1a1b2a6f227d5b06ab0b3c8b88618b, 2a395aa09aec6c9ef61ecff3c1d576d8","-","-","Patricia Goh","-","-",VICTIM,"-","S-1-5-18","Patricia Goh","Patricia Goh","-",wineventlog,"Microsoft-Windows-Sysmon/Operational",victim,"Microsoft Corporation","-","Microsoft OneDrive","-","19.043.0304.0013",High,"{461f0bd2-2bde-6354-1787-040000000000}",0x48717,"-","VICTIM\Patricia Goh","-","Microsoft OneDrive","-","-","-","-","-","-","-","-",1,"-",1,"-","-",Info,"2,276","2,512","{5770385f-c22a-43e0-bf4c-06f5698ffbd9}","Microsoft-Windows-Sysmon",4797,"Process Create (rule: ProcessCreate)","NT AUTHORITY","S-1-5-18",SYSTEM,User,5
"Oct 23, 2022 @ 01:44:22.987",GEXQAIQBHC0TB3lJ9ZjY,".ds-winlogbeat-8.2.3-2022.10.22-000001","-","c2c04a29-9d47-4de5-86f6-5958b0d4222c",victim,"b15c43c7-63a1-423e-901b-f1acc6401711",victim,winlogbeat,"8.2.3","-","-","-","-","-","-","-","1.12.0","Process Create (rule: ProcessCreate)",process,1,"Oct 23, 2022 @ 01:50:08.818","Oct 23, 2022 @ 01:50:05.270",event,sysmon,"-","Microsoft-Windows-Sysmon","-",start,"-","-","-","-","-","x86_64",victim,"461f0bd2-c182-413a-8a41-2a8e4accb4a9","fe80::4959:93ba:69a6:522d, 10.0.2.15, fe80::91a8:3d9e:36ba:f548, 172.19.96.10","08:00:27:7c:f3:ae, 08:00:27:22:f7:3c",victim,"19044.1889",windows,"10.0.19041.1889 (WinBuild.160101.0800)","Windows 10 Enterprise Evaluation","Windows 10 Enterprise Evaluation",windows,windows,"10.0",information,"Process Create:
RuleName: -
UtcTime: 2022-10-22 17:44:22.987
ProcessGuid: {461f0bd2-2bf6-6354-6d00-000000001e00}
ProcessId: 4816
Image: C:\Windows\System32\VBoxTray.exe
FileVersion: 6.1.38.153438
Description: VirtualBox Guest Additions Tray Application
Product: Oracle VM VirtualBox Guest Additions
Company: Oracle Corporation
OriginalFileName: -
CommandLine: ""C:\Windows\System32\VBoxTray.exe"" 
CurrentDirectory: C:\Windows\system32\
User: VICTIM\Patricia Goh
LogonGuid: {461f0bd2-2bde-6354-1787-040000000000}
LogonId: 0x48717
TerminalSessionId: 1
IntegrityLevel: High
Hashes: MD5=75F331B81E7C9A8616F9C80348AB5445,SHA256=D3E5ADEB4AAA92C6111A14E317FDB7BD7E0D60A3929FA26B43652A90BDA588AF,IMPHASH=1F19FB0B0E5D917470AE0F468939593D
ParentProcessGuid: {461f0bd2-2be4-6354-5d00-000000001e00}
ParentProcessId: 3332
ParentImage: C:\Windows\explorer.exe
ParentCommandLine: C:\Windows\Explorer.EXE
ParentUser: VICTIM\Patricia Goh","-","-","-","-","-","-","-","-","-","-","-","-","C:\Windows\System32\VBoxTray.exe",1,"""C:\Windows\System32\VBoxTray.exe"" ","""C:\Windows\System32\VBoxTray.exe"" ","{461f0bd2-2bf6-6354-6d00-000000001e00}","C:\Windows\System32\VBoxTray.exe","C:\Windows\System32\VBoxTray.exe",75f331b81e7c9a8616f9c80348ab5445,d3e5adeb4aaa92c6111a14e317fdb7bd7e0d60a3929fa26b43652a90bda588af,"VBoxTray.exe","VBoxTray.exe","C:\Windows\Explorer.EXE",1,"C:\Windows\Explorer.EXE","C:\Windows\Explorer.EXE","{461f0bd2-2be4-6354-5d00-000000001e00}","C:\Windows\explorer.exe","C:\Windows\explorer.exe","explorer.exe","explorer.exe",3332,"Oracle Corporation","VirtualBox Guest Additions Tray Application","6.1.38.153438",1f19fb0b0e5d917470ae0f468939593d,"-","Oracle VM VirtualBox Guest Additions",4816,"-","-","C:\Windows\system32\","C:\Windows\system32\","-","-","-","-","-","-","d3e5adeb4aaa92c6111a14e317fdb7bd7e0d60a3929fa26b43652a90bda588af, 75f331b81e7c9a8616f9c80348ab5445, 1f19fb0b0e5d917470ae0f468939593d","-","-","Patricia Goh","-","-",VICTIM,"-","S-1-5-18","Patricia Goh","Patricia Goh","-",wineventlog,"Microsoft-Windows-Sysmon/Operational",victim,"Oracle Corporation","-","VirtualBox Guest Additions Tray Application","-","6.1.38.153438",High,"{461f0bd2-2bde-6354-1787-040000000000}",0x48717,"-","VICTIM\Patricia Goh","-","Oracle VM VirtualBox Guest Additions","-","-","-","-","-","-","-","-",1,"-",1,"-","-",Info,"2,276","2,512","{5770385f-c22a-43e0-bf4c-06f5698ffbd9}","Microsoft-Windows-Sysmon",4796,"Process Create (rule: ProcessCreate)","NT AUTHORITY","S-1-5-18",SYSTEM,User,5
"Oct 23, 2022 @ 01:44:22.620",F0XQAIQBHC0TB3lJ9ZjY,".ds-winlogbeat-8.2.3-2022.10.22-000001","-","c2c04a29-9d47-4de5-86f6-5958b0d4222c",victim,"b15c43c7-63a1-423e-901b-f1acc6401711",victim,winlogbeat,"8.2.3","-","-","-","-","-","-","-","1.12.0","Process Create (rule: ProcessCreate)",process,1,"Oct 23, 2022 @ 01:50:08.818","Oct 23, 2022 @ 01:50:05.270",event,sysmon,"-","Microsoft-Windows-Sysmon","-",start,"-","-","-","-","-","x86_64",victim,"461f0bd2-c182-413a-8a41-2a8e4accb4a9","fe80::4959:93ba:69a6:522d, 10.0.2.15, fe80::91a8:3d9e:36ba:f548, 172.19.96.10","08:00:27:7c:f3:ae, 08:00:27:22:f7:3c",victim,"19044.1889",windows,"10.0.19041.1889 (WinBuild.160101.0800)","Windows 10 Enterprise Evaluation","Windows 10 Enterprise Evaluation",windows,windows,"10.0",information,"Process Create:
RuleName: -
UtcTime: 2022-10-22 17:44:22.620
ProcessGuid: {461f0bd2-2bf6-6354-6c00-000000001e00}
ProcessId: 3180
Image: C:\Windows\System32\SecurityHealthService.exe
FileVersion: 4.18.1907.16384 (WinBuild.160101.0800)
Description: Windows Security Health Service
Product: Microsoft® Windows® Operating System
Company: Microsoft Corporation
OriginalFileName: SecurityHealthService.exe
CommandLine: C:\Windows\system32\SecurityHealthService.exe
CurrentDirectory: C:\Windows\system32\
User: NT AUTHORITY\SYSTEM
LogonGuid: {461f0bd2-1c1d-6354-e703-000000000000}
LogonId: 0x3E7
TerminalSessionId: 0
IntegrityLevel: System
Hashes: MD5=F5D2559BE41874ECF79D507689B53717,SHA256=9CC7953399C722DB4FC87B09D43D5DB8BB31E1116587A88DE24142F40FB569BE,IMPHASH=7DFC7478D6668760D96E18604ED6AB6E
ParentProcessGuid: {461f0bd2-1c1d-6354-0b00-000000001e00}
ParentProcessId: 660
ParentImage: C:\Windows\System32\services.exe
ParentCommandLine: C:\Windows\system32\services.exe
ParentUser: NT AUTHORITY\SYSTEM","-","-","-","-","-","-","-","-","-","-","-","-","C:\Windows\system32\SecurityHealthService.exe",1,"C:\Windows\system32\SecurityHealthService.exe","C:\Windows\system32\SecurityHealthService.exe","{461f0bd2-2bf6-6354-6c00-000000001e00}","C:\Windows\System32\SecurityHealthService.exe","C:\Windows\System32\SecurityHealthService.exe",f5d2559be41874ecf79d507689b53717,9cc7953399c722db4fc87b09d43d5db8bb31e1116587a88de24142f40fb569be,"SecurityHealthService.exe","SecurityHealthService.exe","C:\Windows\system32\services.exe",1,"C:\Windows\system32\services.exe","C:\Windows\system32\services.exe","{461f0bd2-1c1d-6354-0b00-000000001e00}","C:\Windows\System32\services.exe","C:\Windows\System32\services.exe","services.exe","services.exe",660,"Microsoft Corporation","Windows Security Health Service","4.18.1907.16384 (WinBuild.160101.0800)",7dfc7478d6668760d96e18604ed6ab6e,"SecurityHealthService.exe","Microsoft® Windows® Operating System",3180,"-","-","C:\Windows\system32\","C:\Windows\system32\","-","-","-","-","-","-","9cc7953399c722db4fc87b09d43d5db8bb31e1116587a88de24142f40fb569be, f5d2559be41874ecf79d507689b53717, 7dfc7478d6668760d96e18604ed6ab6e","-","-",SYSTEM,"-","-","NT AUTHORITY","-","S-1-5-18",SYSTEM,SYSTEM,"-",wineventlog,"Microsoft-Windows-Sysmon/Operational",victim,"Microsoft Corporation","-","Windows Security Health Service","-","4.18.1907.16384 (WinBuild.160101.0800)",System,"{461f0bd2-1c1d-6354-e703-000000000000}",0x3e7,"-","NT AUTHORITY\SYSTEM","-","Microsoft® Windows® Operating System","-","-","-","-","-","-","-","-",0,"-",1,"-","-",Info,"2,276","2,512","{5770385f-c22a-43e0-bf4c-06f5698ffbd9}","Microsoft-Windows-Sysmon",4795,"Process Create (rule: ProcessCreate)","NT AUTHORITY","S-1-5-18",SYSTEM,User,5
"Oct 23, 2022 @ 01:44:22.466",FkXQAIQBHC0TB3lJ9ZjY,".ds-winlogbeat-8.2.3-2022.10.22-000001","-","c2c04a29-9d47-4de5-86f6-5958b0d4222c",victim,"b15c43c7-63a1-423e-901b-f1acc6401711",victim,winlogbeat,"8.2.3","-","-","-","-","-","-","-","1.12.0","Process Create (rule: ProcessCreate)",process,1,"Oct 23, 2022 @ 01:50:08.817","Oct 23, 2022 @ 01:50:05.270",event,sysmon,"-","Microsoft-Windows-Sysmon","-",start,"-","-","-","-","-","x86_64",victim,"461f0bd2-c182-413a-8a41-2a8e4accb4a9","fe80::4959:93ba:69a6:522d, 10.0.2.15, fe80::91a8:3d9e:36ba:f548, 172.19.96.10","08:00:27:7c:f3:ae, 08:00:27:22:f7:3c",victim,"19044.1889",windows,"10.0.19041.1889 (WinBuild.160101.0800)","Windows 10 Enterprise Evaluation","Windows 10 Enterprise Evaluation",windows,windows,"10.0",information,"Process Create:
RuleName: -
UtcTime: 2022-10-22 17:44:22.466
ProcessGuid: {461f0bd2-2bf6-6354-6b00-000000001e00}
ProcessId: 2508
Image: C:\Windows\System32\SecurityHealthSystray.exe
FileVersion: 10.0.19041.1 (WinBuild.160101.0800)
Description: Windows Security notification icon
Product: Microsoft® Windows® Operating System
Company: Microsoft Corporation
OriginalFileName: SecurityHealthSystray.exe
CommandLine: ""C:\Windows\System32\SecurityHealthSystray.exe"" 
CurrentDirectory: C:\Windows\system32\
User: VICTIM\Patricia Goh
LogonGuid: {461f0bd2-2bde-6354-1787-040000000000}
LogonId: 0x48717
TerminalSessionId: 1
IntegrityLevel: High
Hashes: MD5=783C99AFD4C2AE6950FA5694389D2CFA,SHA256=570B37A7A3FFDAFCCECCC33CBC1968FEB857B73CA3CB4DFFEDC2E67E9ABD0878,IMPHASH=E6B44B525767F585EB30F35172497CB0
ParentProcessGuid: {461f0bd2-2be4-6354-5d00-000000001e00}
ParentProcessId: 3332
ParentImage: C:\Windows\explorer.exe
ParentCommandLine: C:\Windows\Explorer.EXE
ParentUser: VICTIM\Patricia Goh","-","-","-","-","-","-","-","-","-","-","-","-","C:\Windows\System32\SecurityHealthSystray.exe",1,"""C:\Windows\System32\SecurityHealthSystray.exe"" ","""C:\Windows\System32\SecurityHealthSystray.exe"" ","{461f0bd2-2bf6-6354-6b00-000000001e00}","C:\Windows\System32\SecurityHealthSystray.exe","C:\Windows\System32\SecurityHealthSystray.exe",783c99afd4c2ae6950fa5694389d2cfa,570b37a7a3ffdafcceccc33cbc1968feb857b73ca3cb4dffedc2e67e9abd0878,"SecurityHealthSystray.exe","SecurityHealthSystray.exe","C:\Windows\Explorer.EXE",1,"C:\Windows\Explorer.EXE","C:\Windows\Explorer.EXE","{461f0bd2-2be4-6354-5d00-000000001e00}","C:\Windows\explorer.exe","C:\Windows\explorer.exe","explorer.exe","explorer.exe",3332,"Microsoft Corporation","Windows Security notification icon","10.0.19041.1 (WinBuild.160101.0800)",e6b44b525767f585eb30f35172497cb0,"SecurityHealthSystray.exe","Microsoft® Windows® Operating System",2508,"-","-","C:\Windows\system32\","C:\Windows\system32\","-","-","-","-","-","-","570b37a7a3ffdafcceccc33cbc1968feb857b73ca3cb4dffedc2e67e9abd0878, 783c99afd4c2ae6950fa5694389d2cfa, e6b44b525767f585eb30f35172497cb0","-","-","Patricia Goh","-","-",VICTIM,"-","S-1-5-18","Patricia Goh","Patricia Goh","-",wineventlog,"Microsoft-Windows-Sysmon/Operational",victim,"Microsoft Corporation","-","Windows Security notification icon","-","10.0.19041.1 (WinBuild.160101.0800)",High,"{461f0bd2-2bde-6354-1787-040000000000}",0x48717,"-","VICTIM\Patricia Goh","-","Microsoft® Windows® Operating System","-","-","-","-","-","-","-","-",1,"-",1,"-","-",Info,"2,276","2,512","{5770385f-c22a-43e0-bf4c-06f5698ffbd9}","Microsoft-Windows-Sysmon",4794,"Process Create (rule: ProcessCreate)","NT AUTHORITY","S-1-5-18",SYSTEM,User,5
"Oct 23, 2022 @ 01:44:22.215",FUXQAIQBHC0TB3lJ9ZjY,".ds-winlogbeat-8.2.3-2022.10.22-000001","-","c2c04a29-9d47-4de5-86f6-5958b0d4222c",victim,"b15c43c7-63a1-423e-901b-f1acc6401711",victim,winlogbeat,"8.2.3","-","-","-","-","-","-","-","1.12.0","Process Create (rule: ProcessCreate)",process,1,"Oct 23, 2022 @ 01:50:08.817","Oct 23, 2022 @ 01:50:05.269",event,sysmon,"-","Microsoft-Windows-Sysmon","-",start,"-","-","-","-","-","x86_64",victim,"461f0bd2-c182-413a-8a41-2a8e4accb4a9","fe80::4959:93ba:69a6:522d, 10.0.2.15, fe80::91a8:3d9e:36ba:f548, 172.19.96.10","08:00:27:7c:f3:ae, 08:00:27:22:f7:3c",victim,"19044.1889",windows,"10.0.19041.1889 (WinBuild.160101.0800)","Windows 10 Enterprise Evaluation","Windows 10 Enterprise Evaluation",windows,windows,"10.0",information,"Process Create:
RuleName: -
UtcTime: 2022-10-22 17:44:22.215
ProcessGuid: {461f0bd2-2bf6-6354-6a00-000000001e00}
ProcessId: 3216
Image: C:\Windows\System32\smartscreen.exe
FileVersion: 10.0.19041.1682 (WinBuild.160101.0800)
Description: Windows Defender SmartScreen
Product: Microsoft® Windows® Operating System
Company: Microsoft Corporation
OriginalFileName: smartscreen.exe
CommandLine: C:\Windows\System32\smartscreen.exe -Embedding
CurrentDirectory: C:\Windows\system32\
User: VICTIM\Patricia Goh
LogonGuid: {461f0bd2-2bde-6354-1787-040000000000}
LogonId: 0x48717
TerminalSessionId: 1
IntegrityLevel: High
Hashes: MD5=02FB7069B8D8426DC72C9D8A495AF55A,SHA256=320213E0E9CA58BF5DE4B1B69DED1E06DF191D99866FAD26255A4D3FCAD2F124,IMPHASH=6DFBF12753AF176E3C203C407493A5B9
ParentProcessGuid: {461f0bd2-1c1e-6354-0f00-000000001e00}
ParentProcessId: 784
ParentImage: C:\Windows\System32\svchost.exe
ParentCommandLine: C:\Windows\system32\svchost.exe -k DcomLaunch -p
ParentUser: NT AUTHORITY\SYSTEM","-","-","-","-","-","-","-","-","-","-","-","-","C:\Windows\System32\smartscreen.exe, -Embedding",2,"C:\Windows\System32\smartscreen.exe -Embedding","C:\Windows\System32\smartscreen.exe -Embedding","{461f0bd2-2bf6-6354-6a00-000000001e00}","C:\Windows\System32\smartscreen.exe","C:\Windows\System32\smartscreen.exe",02fb7069b8d8426dc72c9d8a495af55a,320213e0e9ca58bf5de4b1b69ded1e06df191d99866fad26255a4d3fcad2f124,"smartscreen.exe","smartscreen.exe","C:\Windows\system32\svchost.exe, -k, DcomLaunch, -p",4,"C:\Windows\system32\svchost.exe -k DcomLaunch -p","C:\Windows\system32\svchost.exe -k DcomLaunch -p","{461f0bd2-1c1e-6354-0f00-000000001e00}","C:\Windows\System32\svchost.exe","C:\Windows\System32\svchost.exe","svchost.exe","svchost.exe",784,"Microsoft Corporation","Windows Defender SmartScreen","10.0.19041.1682 (WinBuild.160101.0800)",6dfbf12753af176e3c203c407493a5b9,"smartscreen.exe","Microsoft® Windows® Operating System",3216,"-","-","C:\Windows\system32\","C:\Windows\system32\","-","-","-","-","-","-","320213e0e9ca58bf5de4b1b69ded1e06df191d99866fad26255a4d3fcad2f124, 02fb7069b8d8426dc72c9d8a495af55a, 6dfbf12753af176e3c203c407493a5b9","-","-","Patricia Goh","-","-",VICTIM,"-","S-1-5-18","Patricia Goh","Patricia Goh","-",wineventlog,"Microsoft-Windows-Sysmon/Operational",victim,"Microsoft Corporation","-","Windows Defender SmartScreen","-","10.0.19041.1682 (WinBuild.160101.0800)",High,"{461f0bd2-2bde-6354-1787-040000000000}",0x48717,"-","NT AUTHORITY\SYSTEM","-","Microsoft® Windows® Operating System","-","-","-","-","-","-","-","-",1,"-",1,"-","-",Info,"2,276","2,512","{5770385f-c22a-43e0-bf4c-06f5698ffbd9}","Microsoft-Windows-Sysmon",4793,"Process Create (rule: ProcessCreate)","NT AUTHORITY","S-1-5-18",SYSTEM,User,5
"Oct 23, 2022 @ 01:44:06.988",FEXQAIQBHC0TB3lJ9ZjY,".ds-winlogbeat-8.2.3-2022.10.22-000001","-","c2c04a29-9d47-4de5-86f6-5958b0d4222c",victim,"b15c43c7-63a1-423e-901b-f1acc6401711",victim,winlogbeat,"8.2.3","cdn.onenote.net.edgekey.net, e1553.dspg.akamaiedge.net, 184.29.89.63","CNAME, CNAME, A","cdn.onenote.net","onenote.net",cdn,net,"184.29.89.63","1.12.0","Dns query (rule: DnsQuery)",network,22,"Oct 23, 2022 @ 01:50:08.817","Oct 23, 2022 @ 01:50:05.269",event,sysmon,"-","Microsoft-Windows-Sysmon","-","connection, protocol, info","-","-","-","-","-","x86_64",victim,"461f0bd2-c182-413a-8a41-2a8e4accb4a9","fe80::4959:93ba:69a6:522d, 10.0.2.15, fe80::91a8:3d9e:36ba:f548, 172.19.96.10","08:00:27:7c:f3:ae, 08:00:27:22:f7:3c",victim,"19044.1889",windows,"10.0.19041.1889 (WinBuild.160101.0800)","Windows 10 Enterprise Evaluation","Windows 10 Enterprise Evaluation",windows,windows,"10.0",information,"Dns query:
RuleName: -
UtcTime: 2022-10-22 17:44:06.988
ProcessGuid: {461f0bd2-2be2-6354-5600-000000001e00}
ProcessId: 3740
QueryName: cdn.onenote.net
QueryStatus: 0
QueryResults: type:  5 cdn.onenote.net.edgekey.net;type:  5 e1553.dspg.akamaiedge.net;::ffff:184.29.89.63;
Image: C:\Windows\System32\svchost.exe
User: VICTIM\Patricia Goh",dns,"-","-","-","-","-","-","-","-","-","-","-","-","-","-","-","{461f0bd2-2be2-6354-5600-000000001e00}","C:\Windows\System32\svchost.exe","C:\Windows\System32\svchost.exe","-","-","svchost.exe","svchost.exe","-","-","-","-","-","-","-","-","-","-","-","-","-","-","-","-",3740,"-","-","-","-","-","-","-","-","-","-","-","cdn.onenote.net.edgekey.net, e1553.dspg.akamaiedge.net, cdn.onenote.net","184.29.89.63","Patricia Goh","-",SUCCESS,VICTIM,"-","S-1-5-18","Patricia Goh","Patricia Goh","-",wineventlog,"Microsoft-Windows-Sysmon/Operational",victim,"-","-","-","-","-","-","-","-","-","-","-","-","-","-","-","-","-","-","-","-","-","-",22,"-","-",Info,"2,276","2,984","{5770385f-c22a-43e0-bf4c-06f5698ffbd9}","Microsoft-Windows-Sysmon",4792,"Dns query (rule: DnsQuery)","NT AUTHORITY","S-1-5-18",SYSTEM,User,5
"Oct 23, 2022 @ 01:44:05.509",E0XQAIQBHC0TB3lJ9ZjY,".ds-winlogbeat-8.2.3-2022.10.22-000001","-","c2c04a29-9d47-4de5-86f6-5958b0d4222c",victim,"b15c43c7-63a1-423e-901b-f1acc6401711",victim,winlogbeat,"8.2.3","-","-","-","-","-","-","-","1.12.0","Process Create (rule: ProcessCreate)",process,1,"Oct 23, 2022 @ 01:50:08.817","Oct 23, 2022 @ 01:50:05.269",event,sysmon,"-","Microsoft-Windows-Sysmon","-",start,"-","-","-","-","-","x86_64",victim,"461f0bd2-c182-413a-8a41-2a8e4accb4a9","fe80::4959:93ba:69a6:522d, 10.0.2.15, fe80::91a8:3d9e:36ba:f548, 172.19.96.10","08:00:27:7c:f3:ae, 08:00:27:22:f7:3c",victim,"19044.1889",windows,"10.0.19041.1889 (WinBuild.160101.0800)","Windows 10 Enterprise Evaluation","Windows 10 Enterprise Evaluation",windows,windows,"10.0",information,"Process Create:
RuleName: -
UtcTime: 2022-10-22 17:44:05.509
ProcessGuid: {461f0bd2-2be5-6354-5e00-000000001e00}
ProcessId: 3012
Image: C:\Windows\System32\svchost.exe
FileVersion: 10.0.19041.1806 (WinBuild.160101.0800)
Description: Host Process for Windows Services
Product: Microsoft® Windows® Operating System
Company: Microsoft Corporation
OriginalFileName: svchost.exe
CommandLine: C:\Windows\system32\svchost.exe -k ClipboardSvcGroup -p
CurrentDirectory: C:\Windows\system32\
User: VICTIM\Patricia Goh
LogonGuid: {461f0bd2-2bde-6354-1787-040000000000}
LogonId: 0x48717
TerminalSessionId: 1
IntegrityLevel: High
Hashes: MD5=B7F884C1B74A263F746EE12A5F7C9F6A,SHA256=ADD683A6910ABBBF0E28B557FAD0BA998166394932AE2ACA069D9AA19EA8FE88,IMPHASH=247B9220E5D9B720A82B2C8B5069AD69
ParentProcessGuid: {461f0bd2-1c1d-6354-0b00-000000001e00}
ParentProcessId: 660
ParentImage: C:\Windows\System32\services.exe
ParentCommandLine: C:\Windows\system32\services.exe
ParentUser: NT AUTHORITY\SYSTEM","-","-","-","-","-","-","-","-","-","-","-","-","C:\Windows\system32\svchost.exe, -k, ClipboardSvcGroup, -p",4,"C:\Windows\system32\svchost.exe -k ClipboardSvcGroup -p","C:\Windows\system32\svchost.exe -k ClipboardSvcGroup -p","{461f0bd2-2be5-6354-5e00-000000001e00}","C:\Windows\System32\svchost.exe","C:\Windows\System32\svchost.exe",b7f884c1b74a263f746ee12a5f7c9f6a,add683a6910abbbf0e28b557fad0ba998166394932ae2aca069d9aa19ea8fe88,"svchost.exe","svchost.exe","C:\Windows\system32\services.exe",1,"C:\Windows\system32\services.exe","C:\Windows\system32\services.exe","{461f0bd2-1c1d-6354-0b00-000000001e00}","C:\Windows\System32\services.exe","C:\Windows\System32\services.exe","services.exe","services.exe",660,"Microsoft Corporation","Host Process for Windows Services","10.0.19041.1806 (WinBuild.160101.0800)",247b9220e5d9b720a82b2c8b5069ad69,"svchost.exe","Microsoft® Windows® Operating System",3012,"-","-","C:\Windows\system32\","C:\Windows\system32\","-","-","-","-","-","-","add683a6910abbbf0e28b557fad0ba998166394932ae2aca069d9aa19ea8fe88, b7f884c1b74a263f746ee12a5f7c9f6a, 247b9220e5d9b720a82b2c8b5069ad69","-","-","Patricia Goh","-","-",VICTIM,"-","S-1-5-18","Patricia Goh","Patricia Goh","-",wineventlog,"Microsoft-Windows-Sysmon/Operational",victim,"Microsoft Corporation","-","Host Process for Windows Services","-","10.0.19041.1806 (WinBuild.160101.0800)",High,"{461f0bd2-2bde-6354-1787-040000000000}",0x48717,"-","NT AUTHORITY\SYSTEM","-","Microsoft® Windows® Operating System","-","-","-","-","-","-","-","-",1,"-",1,"-","-",Info,"2,276","2,512","{5770385f-c22a-43e0-bf4c-06f5698ffbd9}","Microsoft-Windows-Sysmon",4791,"Process Create (rule: ProcessCreate)","NT AUTHORITY","S-1-5-18",SYSTEM,User,5
"Oct 23, 2022 @ 01:44:04.527",EUXQAIQBHC0TB3lJ9ZjY,".ds-winlogbeat-8.2.3-2022.10.22-000001","-","c2c04a29-9d47-4de5-86f6-5958b0d4222c",victim,"b15c43c7-63a1-423e-901b-f1acc6401711",victim,winlogbeat,"8.2.3","172.19.96.10, 10.0.2.15","A, A",VICTIM,"-","-","-","172.19.96.10, 10.0.2.15","1.12.0","Dns query (rule: DnsQuery)",network,22,"Oct 23, 2022 @ 01:50:08.817","Oct 23, 2022 @ 01:50:05.268",event,sysmon,"-","Microsoft-Windows-Sysmon","-","connection, protocol, info","-","-","-","-","-","x86_64",victim,"461f0bd2-c182-413a-8a41-2a8e4accb4a9","fe80::4959:93ba:69a6:522d, 10.0.2.15, fe80::91a8:3d9e:36ba:f548, 172.19.96.10","08:00:27:7c:f3:ae, 08:00:27:22:f7:3c",victim,"19044.1889",windows,"10.0.19041.1889 (WinBuild.160101.0800)","Windows 10 Enterprise Evaluation","Windows 10 Enterprise Evaluation",windows,windows,"10.0",information,"Dns query:
RuleName: -
UtcTime: 2022-10-22 17:44:04.527
ProcessGuid: {461f0bd2-2bd1-6354-2600-000000001e00}
ProcessId: 1288
QueryName: VICTIM
QueryStatus: 0
QueryResults: 172.19.96.10;10.0.2.15;
Image: C:\Windows\System32\spoolsv.exe
User: NT AUTHORITY\SYSTEM",dns,"-","-","-","-","-","-","-","-","-","-","-","-","-","-","-","{461f0bd2-2bd1-6354-2600-000000001e00}","C:\Windows\System32\spoolsv.exe","C:\Windows\System32\spoolsv.exe","-","-","spoolsv.exe","spoolsv.exe","-","-","-","-","-","-","-","-","-","-","-","-","-","-","-","-",1288,"-","-","-","-","-","-","-","-","-","-","-",VICTIM,"172.19.96.10, 10.0.2.15",SYSTEM,"-",SUCCESS,"NT AUTHORITY","-","S-1-5-18",SYSTEM,SYSTEM,"-",wineventlog,"Microsoft-Windows-Sysmon/Operational",victim,"-","-","-","-","-","-","-","-","-","-","-","-","-","-","-","-","-","-","-","-","-","-",22,"-","-",Info,"2,276","2,984","{5770385f-c22a-43e0-bf4c-06f5698ffbd9}","Microsoft-Windows-Sysmon",4789,"Dns query (rule: DnsQuery)","NT AUTHORITY","S-1-5-18",SYSTEM,User,5
"Oct 23, 2022 @ 01:44:04.527",EkXQAIQBHC0TB3lJ9ZjY,".ds-winlogbeat-8.2.3-2022.10.22-000001","-","c2c04a29-9d47-4de5-86f6-5958b0d4222c",victim,"b15c43c7-63a1-423e-901b-f1acc6401711",victim,winlogbeat,"8.2.3","fe80::91a8:3d9e:36ba:f548, fe80::4959:93ba:69a6:522d","AAAA, AAAA",VICTIM,"-","-","-","fe80::91a8:3d9e:36ba:f548, fe80::4959:93ba:69a6:522d","1.12.0","Dns query (rule: DnsQuery)",network,22,"Oct 23, 2022 @ 01:50:08.817","Oct 23, 2022 @ 01:50:05.268",event,sysmon,"-","Microsoft-Windows-Sysmon","-","connection, protocol, info","-","-","-","-","-","x86_64",victim,"461f0bd2-c182-413a-8a41-2a8e4accb4a9","fe80::4959:93ba:69a6:522d, 10.0.2.15, fe80::91a8:3d9e:36ba:f548, 172.19.96.10","08:00:27:7c:f3:ae, 08:00:27:22:f7:3c",victim,"19044.1889",windows,"10.0.19041.1889 (WinBuild.160101.0800)","Windows 10 Enterprise Evaluation","Windows 10 Enterprise Evaluation",windows,windows,"10.0",information,"Dns query:
RuleName: -
UtcTime: 2022-10-22 17:44:04.527
ProcessGuid: {461f0bd2-2bd1-6354-2600-000000001e00}
ProcessId: 1288
QueryName: VICTIM
QueryStatus: 0
QueryResults: fe80::91a8:3d9e:36ba:f548;fe80::4959:93ba:69a6:522d;
Image: C:\Windows\System32\spoolsv.exe
User: NT AUTHORITY\SYSTEM",dns,"-","-","-","-","-","-","-","-","-","-","-","-","-","-","-","{461f0bd2-2bd1-6354-2600-000000001e00}","C:\Windows\System32\spoolsv.exe","C:\Windows\System32\spoolsv.exe","-","-","spoolsv.exe","spoolsv.exe","-","-","-","-","-","-","-","-","-","-","-","-","-","-","-","-",1288,"-","-","-","-","-","-","-","-","-","-","-",VICTIM,"fe80::91a8:3d9e:36ba:f548, fe80::4959:93ba:69a6:522d",SYSTEM,"-",SUCCESS,"NT AUTHORITY","-","S-1-5-18",SYSTEM,SYSTEM,"-",wineventlog,"Microsoft-Windows-Sysmon/Operational",victim,"-","-","-","-","-","-","-","-","-","-","-","-","-","-","-","-","-","-","-","-","-","-",22,"-","-",Info,"2,276","2,984","{5770385f-c22a-43e0-bf4c-06f5698ffbd9}","Microsoft-Windows-Sysmon",4790,"Dns query (rule: DnsQuery)","NT AUTHORITY","S-1-5-18",SYSTEM,User,5
"Oct 23, 2022 @ 01:44:04.344",EEXQAIQBHC0TB3lJ9ZjY,".ds-winlogbeat-8.2.3-2022.10.22-000001","-","c2c04a29-9d47-4de5-86f6-5958b0d4222c",victim,"b15c43c7-63a1-423e-901b-f1acc6401711",victim,winlogbeat,"8.2.3","-","-","-","-","-","-","-","1.12.0","Process Create (rule: ProcessCreate)",process,1,"Oct 23, 2022 @ 01:50:08.817","Oct 23, 2022 @ 01:50:05.267",event,sysmon,"-","Microsoft-Windows-Sysmon","-",start,"-","-","-","-","-","x86_64",victim,"461f0bd2-c182-413a-8a41-2a8e4accb4a9","fe80::4959:93ba:69a6:522d, 10.0.2.15, fe80::91a8:3d9e:36ba:f548, 172.19.96.10","08:00:27:7c:f3:ae, 08:00:27:22:f7:3c",victim,"19044.1889",windows,"10.0.19041.1889 (WinBuild.160101.0800)","Windows 10 Enterprise Evaluation","Windows 10 Enterprise Evaluation",windows,windows,"10.0",information,"Process Create:
RuleName: -
UtcTime: 2022-10-22 17:44:04.344
ProcessGuid: {461f0bd2-2be4-6354-5d00-000000001e00}
ProcessId: 3332
Image: C:\Windows\explorer.exe
FileVersion: 10.0.19041.1889 (WinBuild.160101.0800)
Description: Windows Explorer
Product: Microsoft® Windows® Operating System
Company: Microsoft Corporation
OriginalFileName: EXPLORER.EXE
CommandLine: C:\Windows\Explorer.EXE
CurrentDirectory: C:\Windows\system32\
User: VICTIM\Patricia Goh
LogonGuid: {461f0bd2-2bde-6354-1787-040000000000}
LogonId: 0x48717
TerminalSessionId: 1
IntegrityLevel: High
Hashes: MD5=7A413DDD10E81ADB6BB5D5E38F399D08,SHA256=FEEE9E66470888DA99330010AED17823A8207703194ACFECDF029DB21271C1BA,IMPHASH=C293497DF792EBFC8FD3676A54AAE635
ParentProcessGuid: {461f0bd2-2be4-6354-5c00-000000001e00}
ParentProcessId: 3268
ParentImage: C:\Windows\System32\userinit.exe
ParentCommandLine: C:\Windows\system32\userinit.exe
ParentUser: VICTIM\Patricia Goh","-","-","-","-","-","-","-","-","-","-","-","-","C:\Windows\Explorer.EXE",1,"C:\Windows\Explorer.EXE","C:\Windows\Explorer.EXE","{461f0bd2-2be4-6354-5d00-000000001e00}","C:\Windows\explorer.exe","C:\Windows\explorer.exe",7a413ddd10e81adb6bb5d5e38f399d08,feee9e66470888da99330010aed17823a8207703194acfecdf029db21271c1ba,"explorer.exe","explorer.exe","C:\Windows\system32\userinit.exe",1,"C:\Windows\system32\userinit.exe","C:\Windows\system32\userinit.exe","{461f0bd2-2be4-6354-5c00-000000001e00}","C:\Windows\System32\userinit.exe","C:\Windows\System32\userinit.exe","userinit.exe","userinit.exe",3268,"Microsoft Corporation","Windows Explorer","10.0.19041.1889 (WinBuild.160101.0800)",c293497df792ebfc8fd3676a54aae635,"EXPLORER.EXE","Microsoft® Windows® Operating System",3332,"-","-","C:\Windows\system32\","C:\Windows\system32\","-","-","-","-","-","-","feee9e66470888da99330010aed17823a8207703194acfecdf029db21271c1ba, 7a413ddd10e81adb6bb5d5e38f399d08, c293497df792ebfc8fd3676a54aae635","-","-","Patricia Goh","-","-",VICTIM,"-","S-1-5-18","Patricia Goh","Patricia Goh","-",wineventlog,"Microsoft-Windows-Sysmon/Operational",victim,"Microsoft Corporation","-","Windows Explorer","-","10.0.19041.1889 (WinBuild.160101.0800)",High,"{461f0bd2-2bde-6354-1787-040000000000}",0x48717,"-","VICTIM\Patricia Goh","-","Microsoft® Windows® Operating System","-","-","-","-","-","-","-","-",1,"-",1,"-","-",Info,"2,276","2,512","{5770385f-c22a-43e0-bf4c-06f5698ffbd9}","Microsoft-Windows-Sysmon",4788,"Process Create (rule: ProcessCreate)","NT AUTHORITY","S-1-5-18",SYSTEM,User,5
"Oct 23, 2022 @ 01:44:04.249",D0XQAIQBHC0TB3lJ9ZjY,".ds-winlogbeat-8.2.3-2022.10.22-000001","-","c2c04a29-9d47-4de5-86f6-5958b0d4222c",victim,"b15c43c7-63a1-423e-901b-f1acc6401711",victim,winlogbeat,"8.2.3","-","-","-","-","-","-","-","1.12.0","Process Create (rule: ProcessCreate)",process,1,"Oct 23, 2022 @ 01:50:08.817","Oct 23, 2022 @ 01:50:05.267",event,sysmon,"-","Microsoft-Windows-Sysmon","-",start,"-","-","-","-","-","x86_64",victim,"461f0bd2-c182-413a-8a41-2a8e4accb4a9","fe80::4959:93ba:69a6:522d, 10.0.2.15, fe80::91a8:3d9e:36ba:f548, 172.19.96.10","08:00:27:7c:f3:ae, 08:00:27:22:f7:3c",victim,"19044.1889",windows,"10.0.19041.1889 (WinBuild.160101.0800)","Windows 10 Enterprise Evaluation","Windows 10 Enterprise Evaluation",windows,windows,"10.0",information,"Process Create:
RuleName: -
UtcTime: 2022-10-22 17:44:04.249
ProcessGuid: {461f0bd2-2be4-6354-5c00-000000001e00}
ProcessId: 3268
Image: C:\Windows\System32\userinit.exe
FileVersion: 10.0.19041.1741 (WinBuild.160101.0800)
Description: Userinit Logon Application
Product: Microsoft® Windows® Operating System
Company: Microsoft Corporation
OriginalFileName: USERINIT.EXE
CommandLine: C:\Windows\system32\userinit.exe
CurrentDirectory: C:\Windows\system32\
User: VICTIM\Patricia Goh
LogonGuid: {461f0bd2-2bde-6354-1787-040000000000}
LogonId: 0x48717
TerminalSessionId: 1
IntegrityLevel: High
Hashes: MD5=47BBDBE152A597F4A840C5269ED961E8,SHA256=03C963391D522A764136008A878369C07FCDF05083274A8A9F27348A14E13D55,IMPHASH=F7CE4577C1C3EAEB2841C3E21921D9AA
ParentProcessGuid: {461f0bd2-1c1d-6354-0a00-000000001e00}
ParentProcessId: 612
ParentImage: C:\Windows\System32\winlogon.exe
ParentCommandLine: winlogon.exe
ParentUser: NT AUTHORITY\SYSTEM","-","-","-","-","-","-","-","-","-","-","-","-","C:\Windows\system32\userinit.exe",1,"C:\Windows\system32\userinit.exe","C:\Windows\system32\userinit.exe","{461f0bd2-2be4-6354-5c00-000000001e00}","C:\Windows\System32\userinit.exe","C:\Windows\System32\userinit.exe",47bbdbe152a597f4a840c5269ed961e8,03c963391d522a764136008a878369c07fcdf05083274a8a9f27348a14e13d55,"userinit.exe","userinit.exe","winlogon.exe",1,"winlogon.exe","winlogon.exe","{461f0bd2-1c1d-6354-0a00-000000001e00}","C:\Windows\System32\winlogon.exe","C:\Windows\System32\winlogon.exe","winlogon.exe","winlogon.exe",612,"Microsoft Corporation","Userinit Logon Application","10.0.19041.1741 (WinBuild.160101.0800)",f7ce4577c1c3eaeb2841c3e21921d9aa,"USERINIT.EXE","Microsoft® Windows® Operating System",3268,"-","-","C:\Windows\system32\","C:\Windows\system32\","-","-","-","-","-","-","03c963391d522a764136008a878369c07fcdf05083274a8a9f27348a14e13d55, 47bbdbe152a597f4a840c5269ed961e8, f7ce4577c1c3eaeb2841c3e21921d9aa","-","-","Patricia Goh","-","-",VICTIM,"-","S-1-5-18","Patricia Goh","Patricia Goh","-",wineventlog,"Microsoft-Windows-Sysmon/Operational",victim,"Microsoft Corporation","-","Userinit Logon Application","-","10.0.19041.1741 (WinBuild.160101.0800)",High,"{461f0bd2-2bde-6354-1787-040000000000}",0x48717,"-","NT AUTHORITY\SYSTEM","-","Microsoft® Windows® Operating System","-","-","-","-","-","-","-","-",1,"-",1,"-","-",Info,"2,276","2,512","{5770385f-c22a-43e0-bf4c-06f5698ffbd9}","Microsoft-Windows-Sysmon",4787,"Process Create (rule: ProcessCreate)","NT AUTHORITY","S-1-5-18",SYSTEM,User,5
"Oct 23, 2022 @ 01:44:03.664",DkXQAIQBHC0TB3lJ9ZjY,".ds-winlogbeat-8.2.3-2022.10.22-000001","-","c2c04a29-9d47-4de5-86f6-5958b0d4222c",victim,"b15c43c7-63a1-423e-901b-f1acc6401711",victim,winlogbeat,"8.2.3","fe80::91a8:3d9e:36ba:f548, fe80::4959:93ba:69a6:522d, 172.19.96.10, 10.0.2.15","AAAA, AAAA, A, A",VICTIM,"-","-","-","fe80::91a8:3d9e:36ba:f548, fe80::4959:93ba:69a6:522d, 172.19.96.10, 10.0.2.15","1.12.0","Dns query (rule: DnsQuery)",network,22,"Oct 23, 2022 @ 01:50:08.817","Oct 23, 2022 @ 01:50:05.267",event,sysmon,"-","Microsoft-Windows-Sysmon","-","connection, protocol, info","-","-","-","-","-","x86_64",victim,"461f0bd2-c182-413a-8a41-2a8e4accb4a9","fe80::4959:93ba:69a6:522d, 10.0.2.15, fe80::91a8:3d9e:36ba:f548, 172.19.96.10","08:00:27:7c:f3:ae, 08:00:27:22:f7:3c",victim,"19044.1889",windows,"10.0.19041.1889 (WinBuild.160101.0800)","Windows 10 Enterprise Evaluation","Windows 10 Enterprise Evaluation",windows,windows,"10.0",information,"Dns query:
RuleName: -
UtcTime: 2022-10-22 17:44:03.664
ProcessGuid: {461f0bd2-2bd1-6354-2600-000000001e00}
ProcessId: 1288
QueryName: VICTIM
QueryStatus: 0
QueryResults: fe80::91a8:3d9e:36ba:f548;fe80::4959:93ba:69a6:522d;::ffff:172.19.96.10;::ffff:10.0.2.15;
Image: C:\Windows\System32\spoolsv.exe
User: NT AUTHORITY\SYSTEM",dns,"-","-","-","-","-","-","-","-","-","-","-","-","-","-","-","{461f0bd2-2bd1-6354-2600-000000001e00}","C:\Windows\System32\spoolsv.exe","C:\Windows\System32\spoolsv.exe","-","-","spoolsv.exe","spoolsv.exe","-","-","-","-","-","-","-","-","-","-","-","-","-","-","-","-",1288,"-","-","-","-","-","-","-","-","-","-","-",VICTIM,"fe80::91a8:3d9e:36ba:f548, fe80::4959:93ba:69a6:522d, 172.19.96.10, 10.0.2.15",SYSTEM,"-",SUCCESS,"NT AUTHORITY","-","S-1-5-18",SYSTEM,SYSTEM,"-",wineventlog,"Microsoft-Windows-Sysmon/Operational",victim,"-","-","-","-","-","-","-","-","-","-","-","-","-","-","-","-","-","-","-","-","-","-",22,"-","-",Info,"2,276","2,984","{5770385f-c22a-43e0-bf4c-06f5698ffbd9}","Microsoft-Windows-Sysmon",4786,"Dns query (rule: DnsQuery)","NT AUTHORITY","S-1-5-18",SYSTEM,User,5
"Oct 23, 2022 @ 01:44:02.920",DEXQAIQBHC0TB3lJ9ZjY,".ds-winlogbeat-8.2.3-2022.10.22-000001","-","c2c04a29-9d47-4de5-86f6-5958b0d4222c",victim,"b15c43c7-63a1-423e-901b-f1acc6401711",victim,winlogbeat,"8.2.3","-","-","-","-","-","-","-","1.12.0","Process Create (rule: ProcessCreate)",process,1,"Oct 23, 2022 @ 01:50:08.817","Oct 23, 2022 @ 01:50:05.266",event,sysmon,"-","Microsoft-Windows-Sysmon","-",start,"-","-","-","-","-","x86_64",victim,"461f0bd2-c182-413a-8a41-2a8e4accb4a9","fe80::4959:93ba:69a6:522d, 10.0.2.15, fe80::91a8:3d9e:36ba:f548, 172.19.96.10","08:00:27:7c:f3:ae, 08:00:27:22:f7:3c",victim,"19044.1889",windows,"10.0.19041.1889 (WinBuild.160101.0800)","Windows 10 Enterprise Evaluation","Windows 10 Enterprise Evaluation",windows,windows,"10.0",information,"Process Create:
RuleName: -
UtcTime: 2022-10-22 17:44:02.920
ProcessGuid: {461f0bd2-2be2-6354-5b00-000000001e00}
ProcessId: 3992
Image: C:\Windows\System32\ctfmon.exe
FileVersion: 10.0.19041.1 (WinBuild.160101.0800)
Description: CTF Loader
Product: Microsoft® Windows® Operating System
Company: Microsoft Corporation
OriginalFileName: CTFMON.EXE
CommandLine: ""ctfmon.exe""
CurrentDirectory: C:\Windows\system32\
User: VICTIM\Patricia Goh
LogonGuid: {461f0bd2-2bde-6354-1787-040000000000}
LogonId: 0x48717
TerminalSessionId: 1
IntegrityLevel: High
Hashes: MD5=B625C18E177D5BEB5A6F6432CCF46FB3,SHA256=484FED5F039F429ED933931BA607B7EFDA7D1A343D79CFAB60910E1843147012,IMPHASH=6FD43544FB51C12382CAD7C88F550240
ParentProcessGuid: {461f0bd2-1c1e-6354-1700-000000001e00}
ParentProcessId: 1068
ParentImage: C:\Windows\System32\svchost.exe
ParentCommandLine: C:\Windows\System32\svchost.exe -k LocalSystemNetworkRestricted -p
ParentUser: NT AUTHORITY\SYSTEM","-","-","-","-","-","-","-","-","-","-","-","-","ctfmon.exe",1,"""ctfmon.exe""","""ctfmon.exe""","{461f0bd2-2be2-6354-5b00-000000001e00}","C:\Windows\System32\ctfmon.exe","C:\Windows\System32\ctfmon.exe",b625c18e177d5beb5a6f6432ccf46fb3,484fed5f039f429ed933931ba607b7efda7d1a343d79cfab60910e1843147012,"ctfmon.exe","ctfmon.exe","C:\Windows\System32\svchost.exe, -k, LocalSystemNetworkRestricted, -p",4,"C:\Windows\System32\svchost.exe -k LocalSystemNetworkRestricted -p","C:\Windows\System32\svchost.exe -k LocalSystemNetworkRestricted -p","{461f0bd2-1c1e-6354-1700-000000001e00}","C:\Windows\System32\svchost.exe","C:\Windows\System32\svchost.exe","svchost.exe","svchost.exe",1068,"Microsoft Corporation","CTF Loader","10.0.19041.1 (WinBuild.160101.0800)",6fd43544fb51c12382cad7c88f550240,"CTFMON.EXE","Microsoft® Windows® Operating System",3992,"-","-","C:\Windows\system32\","C:\Windows\system32\","-","-","-","-","-","-","484fed5f039f429ed933931ba607b7efda7d1a343d79cfab60910e1843147012, b625c18e177d5beb5a6f6432ccf46fb3, 6fd43544fb51c12382cad7c88f550240","-","-","Patricia Goh","-","-",VICTIM,"-","S-1-5-18","Patricia Goh","Patricia Goh","-",wineventlog,"Microsoft-Windows-Sysmon/Operational",victim,"Microsoft Corporation","-","CTF Loader","-","10.0.19041.1 (WinBuild.160101.0800)",High,"{461f0bd2-2bde-6354-1787-040000000000}",0x48717,"-","NT AUTHORITY\SYSTEM","-","Microsoft® Windows® Operating System","-","-","-","-","-","-","-","-",1,"-",1,"-","-",Info,"2,276","2,512","{5770385f-c22a-43e0-bf4c-06f5698ffbd9}","Microsoft-Windows-Sysmon",4784,"Process Create (rule: ProcessCreate)","NT AUTHORITY","S-1-5-18",SYSTEM,User,5
"Oct 23, 2022 @ 01:44:02.719",C0XQAIQBHC0TB3lJ9ZjY,".ds-winlogbeat-8.2.3-2022.10.22-000001","-","c2c04a29-9d47-4de5-86f6-5958b0d4222c",victim,"b15c43c7-63a1-423e-901b-f1acc6401711",victim,winlogbeat,"8.2.3","-","-","-","-","-","-","-","1.12.0","Process Create (rule: ProcessCreate)",process,1,"Oct 23, 2022 @ 01:50:08.817","Oct 23, 2022 @ 01:50:05.266",event,sysmon,"-","Microsoft-Windows-Sysmon","-",start,"-","-","-","-","-","x86_64",victim,"461f0bd2-c182-413a-8a41-2a8e4accb4a9","fe80::4959:93ba:69a6:522d, 10.0.2.15, fe80::91a8:3d9e:36ba:f548, 172.19.96.10","08:00:27:7c:f3:ae, 08:00:27:22:f7:3c",victim,"19044.1889",windows,"10.0.19041.1889 (WinBuild.160101.0800)","Windows 10 Enterprise Evaluation","Windows 10 Enterprise Evaluation",windows,windows,"10.0",information,"Process Create:
RuleName: -
UtcTime: 2022-10-22 17:44:02.719
ProcessGuid: {461f0bd2-2be2-6354-5a00-000000001e00}
ProcessId: 3896
Image: C:\Windows\System32\taskhostw.exe
FileVersion: 10.0.19041.1865 (WinBuild.160101.0800)
Description: Host Process for Windows Tasks
Product: Microsoft® Windows® Operating System
Company: Microsoft Corporation
OriginalFileName: taskhostw.exe
CommandLine: taskhostw.exe
CurrentDirectory: C:\Windows\system32\
User: VICTIM\Patricia Goh
LogonGuid: {461f0bd2-2bde-6354-1787-040000000000}
LogonId: 0x48717
TerminalSessionId: 1
IntegrityLevel: High
Hashes: MD5=A00BF82660835224CD6606A248321C5D,SHA256=E63709209D09BC0247E785F075DDB28A98C348206109E2B8BA321AD958402728,IMPHASH=3A0C6863CDE566AF997DB2DEFFF9D924
ParentProcessGuid: {461f0bd2-1c1e-6354-1300-000000001e00}
ParentProcessId: 512
ParentImage: C:\Windows\System32\svchost.exe
ParentCommandLine: C:\Windows\system32\svchost.exe -k netsvcs -p
ParentUser: NT AUTHORITY\SYSTEM","-","-","-","-","-","-","-","-","-","-","-","-","taskhostw.exe",1,"taskhostw.exe","taskhostw.exe","{461f0bd2-2be2-6354-5a00-000000001e00}","C:\Windows\System32\taskhostw.exe","C:\Windows\System32\taskhostw.exe",a00bf82660835224cd6606a248321c5d,e63709209d09bc0247e785f075ddb28a98c348206109e2b8ba321ad958402728,"taskhostw.exe","taskhostw.exe","C:\Windows\system32\svchost.exe, -k, netsvcs, -p",4,"C:\Windows\system32\svchost.exe -k netsvcs -p","C:\Windows\system32\svchost.exe -k netsvcs -p","{461f0bd2-1c1e-6354-1300-000000001e00}","C:\Windows\System32\svchost.exe","C:\Windows\System32\svchost.exe","svchost.exe","svchost.exe",512,"Microsoft Corporation","Host Process for Windows Tasks","10.0.19041.1865 (WinBuild.160101.0800)",3a0c6863cde566af997db2defff9d924,"taskhostw.exe","Microsoft® Windows® Operating System",3896,"-","-","C:\Windows\system32\","C:\Windows\system32\","-","-","-","-","-","-","e63709209d09bc0247e785f075ddb28a98c348206109e2b8ba321ad958402728, a00bf82660835224cd6606a248321c5d, 3a0c6863cde566af997db2defff9d924","-","-","Patricia Goh","-","-",VICTIM,"-","S-1-5-18","Patricia Goh","Patricia Goh","-",wineventlog,"Microsoft-Windows-Sysmon/Operational",victim,"Microsoft Corporation","-","Host Process for Windows Tasks","-","10.0.19041.1865 (WinBuild.160101.0800)",High,"{461f0bd2-2bde-6354-1787-040000000000}",0x48717,"-","NT AUTHORITY\SYSTEM","-","Microsoft® Windows® Operating System","-","-","-","-","-","-","-","-",1,"-",1,"-","-",Info,"2,276","2,512","{5770385f-c22a-43e0-bf4c-06f5698ffbd9}","Microsoft-Windows-Sysmon",4783,"Process Create (rule: ProcessCreate)","NT AUTHORITY","S-1-5-18",SYSTEM,User,5
"Oct 23, 2022 @ 01:44:02.623",CkXQAIQBHC0TB3lJ9ZjY,".ds-winlogbeat-8.2.3-2022.10.22-000001","-","c2c04a29-9d47-4de5-86f6-5958b0d4222c",victim,"b15c43c7-63a1-423e-901b-f1acc6401711",victim,winlogbeat,"8.2.3","-","-","-","-","-","-","-","1.12.0","Process Create (rule: ProcessCreate)",process,1,"Oct 23, 2022 @ 01:50:08.817","Oct 23, 2022 @ 01:50:05.265",event,sysmon,"-","Microsoft-Windows-Sysmon","-",start,"-","-","-","-","-","x86_64",victim,"461f0bd2-c182-413a-8a41-2a8e4accb4a9","fe80::4959:93ba:69a6:522d, 10.0.2.15, fe80::91a8:3d9e:36ba:f548, 172.19.96.10","08:00:27:7c:f3:ae, 08:00:27:22:f7:3c",victim,"19044.1889",windows,"10.0.19041.1889 (WinBuild.160101.0800)","Windows 10 Enterprise Evaluation","Windows 10 Enterprise Evaluation",windows,windows,"10.0",information,"Process Create:
RuleName: -
UtcTime: 2022-10-22 17:44:02.623
ProcessGuid: {461f0bd2-2be2-6354-5900-000000001e00}
ProcessId: 3832
Image: C:\Program Files (x86)\Microsoft\EdgeUpdate\MicrosoftEdgeUpdate.exe
FileVersion: 1.3.147.37
Description: Microsoft Edge Update
Product: Microsoft Edge Update
Company: Microsoft Corporation
OriginalFileName: msedgeupdate.dll
CommandLine: ""C:\Program Files (x86)\Microsoft\EdgeUpdate\MicrosoftEdgeUpdate.exe"" /c
CurrentDirectory: C:\Windows\system32\
User: NT AUTHORITY\SYSTEM
LogonGuid: {461f0bd2-1c1d-6354-e703-000000000000}
LogonId: 0x3E7
TerminalSessionId: 0
IntegrityLevel: System
Hashes: MD5=C019E421D9F897108E51666CBAE2C8B0,SHA256=3096D8E82917A9B73F322F4B1743E52E9B0C8B3C5933A957E73E29D6973CDD5B,IMPHASH=E00D60405A249A05D3B09AA7FE924B17
ParentProcessGuid: {461f0bd2-1c1e-6354-1300-000000001e00}
ParentProcessId: 512
ParentImage: C:\Windows\System32\svchost.exe
ParentCommandLine: C:\Windows\system32\svchost.exe -k netsvcs -p
ParentUser: NT AUTHORITY\SYSTEM","-","-","-","-","-","-","-","-","-","-","-","-","C:\Program Files (x86)\Microsoft\EdgeUpdate\MicrosoftEdgeUpdate.exe, /c",2,"""C:\Program Files (x86)\Microsoft\EdgeUpdate\MicrosoftEdgeUpdate.exe"" /c","""C:\Program Files (x86)\Microsoft\EdgeUpdate\MicrosoftEdgeUpdate.exe"" /c","{461f0bd2-2be2-6354-5900-000000001e00}","C:\Program Files (x86)\Microsoft\EdgeUpdate\MicrosoftEdgeUpdate.exe","C:\Program Files (x86)\Microsoft\EdgeUpdate\MicrosoftEdgeUpdate.exe",c019e421d9f897108e51666cbae2c8b0,3096d8e82917a9b73f322f4b1743e52e9b0c8b3c5933a957e73e29d6973cdd5b,"MicrosoftEdgeUpdate.exe","MicrosoftEdgeUpdate.exe","C:\Windows\system32\svchost.exe, -k, netsvcs, -p",4,"C:\Windows\system32\svchost.exe -k netsvcs -p","C:\Windows\system32\svchost.exe -k netsvcs -p","{461f0bd2-1c1e-6354-1300-000000001e00}","C:\Windows\System32\svchost.exe","C:\Windows\System32\svchost.exe","svchost.exe","svchost.exe",512,"Microsoft Corporation","Microsoft Edge Update","1.3.147.37",e00d60405a249a05d3b09aa7fe924b17,"msedgeupdate.dll","Microsoft Edge Update",3832,"-","-","C:\Windows\system32\","C:\Windows\system32\","-","-","-","-","-","-","3096d8e82917a9b73f322f4b1743e52e9b0c8b3c5933a957e73e29d6973cdd5b, c019e421d9f897108e51666cbae2c8b0, e00d60405a249a05d3b09aa7fe924b17","-","-",SYSTEM,"-","-","NT AUTHORITY","-","S-1-5-18",SYSTEM,SYSTEM,"-",wineventlog,"Microsoft-Windows-Sysmon/Operational",victim,"Microsoft Corporation","-","Microsoft Edge Update","-","1.3.147.37",System,"{461f0bd2-1c1d-6354-e703-000000000000}",0x3e7,"-","NT AUTHORITY\SYSTEM","-","Microsoft Edge Update","-","-","-","-","-","-","-","-",0,"-",1,"-","-",Info,"2,276","2,512","{5770385f-c22a-43e0-bf4c-06f5698ffbd9}","Microsoft-Windows-Sysmon",4782,"Process Create (rule: ProcessCreate)","NT AUTHORITY","S-1-5-18",SYSTEM,User,5
"Oct 23, 2022 @ 01:44:02.608",CUXQAIQBHC0TB3lJ9ZjY,".ds-winlogbeat-8.2.3-2022.10.22-000001","-","c2c04a29-9d47-4de5-86f6-5958b0d4222c",victim,"b15c43c7-63a1-423e-901b-f1acc6401711",victim,winlogbeat,"8.2.3","-","-","-","-","-","-","-","1.12.0","Process Create (rule: ProcessCreate)",process,1,"Oct 23, 2022 @ 01:50:08.817","Oct 23, 2022 @ 01:50:05.265",event,sysmon,"-","Microsoft-Windows-Sysmon","-",start,"-","-","-","-","-","x86_64",victim,"461f0bd2-c182-413a-8a41-2a8e4accb4a9","fe80::4959:93ba:69a6:522d, 10.0.2.15, fe80::91a8:3d9e:36ba:f548, 172.19.96.10","08:00:27:7c:f3:ae, 08:00:27:22:f7:3c",victim,"19044.1889",windows,"10.0.19041.1889 (WinBuild.160101.0800)","Windows 10 Enterprise Evaluation","Windows 10 Enterprise Evaluation",windows,windows,"10.0",information,"Process Create:
RuleName: -
UtcTime: 2022-10-22 17:44:02.608
ProcessGuid: {461f0bd2-2be2-6354-5800-000000001e00}
ProcessId: 3816
Image: C:\Windows\System32\taskhostw.exe
FileVersion: 10.0.19041.1865 (WinBuild.160101.0800)
Description: Host Process for Windows Tasks
Product: Microsoft® Windows® Operating System
Company: Microsoft Corporation
OriginalFileName: taskhostw.exe
CommandLine: taskhostw.exe {222A245B-E637-4AE9-A93F-A59CA119A75E}
CurrentDirectory: C:\Windows\system32\
User: VICTIM\Patricia Goh
LogonGuid: {461f0bd2-2bde-6354-1787-040000000000}
LogonId: 0x48717
TerminalSessionId: 1
IntegrityLevel: High
Hashes: MD5=A00BF82660835224CD6606A248321C5D,SHA256=E63709209D09BC0247E785F075DDB28A98C348206109E2B8BA321AD958402728,IMPHASH=3A0C6863CDE566AF997DB2DEFFF9D924
ParentProcessGuid: {461f0bd2-1c1e-6354-1300-000000001e00}
ParentProcessId: 512
ParentImage: C:\Windows\System32\svchost.exe
ParentCommandLine: C:\Windows\system32\svchost.exe -k netsvcs -p
ParentUser: NT AUTHORITY\SYSTEM","-","-","-","-","-","-","-","-","-","-","-","-","taskhostw.exe, {222A245B-E637-4AE9-A93F-A59CA119A75E}",2,"taskhostw.exe {222A245B-E637-4AE9-A93F-A59CA119A75E}","taskhostw.exe {222A245B-E637-4AE9-A93F-A59CA119A75E}","{461f0bd2-2be2-6354-5800-000000001e00}","C:\Windows\System32\taskhostw.exe","C:\Windows\System32\taskhostw.exe",a00bf82660835224cd6606a248321c5d,e63709209d09bc0247e785f075ddb28a98c348206109e2b8ba321ad958402728,"taskhostw.exe","taskhostw.exe","C:\Windows\system32\svchost.exe, -k, netsvcs, -p",4,"C:\Windows\system32\svchost.exe -k netsvcs -p","C:\Windows\system32\svchost.exe -k netsvcs -p","{461f0bd2-1c1e-6354-1300-000000001e00}","C:\Windows\System32\svchost.exe","C:\Windows\System32\svchost.exe","svchost.exe","svchost.exe",512,"Microsoft Corporation","Host Process for Windows Tasks","10.0.19041.1865 (WinBuild.160101.0800)",3a0c6863cde566af997db2defff9d924,"taskhostw.exe","Microsoft® Windows® Operating System",3816,"-","-","C:\Windows\system32\","C:\Windows\system32\","-","-","-","-","-","-","e63709209d09bc0247e785f075ddb28a98c348206109e2b8ba321ad958402728, a00bf82660835224cd6606a248321c5d, 3a0c6863cde566af997db2defff9d924","-","-","Patricia Goh","-","-",VICTIM,"-","S-1-5-18","Patricia Goh","Patricia Goh","-",wineventlog,"Microsoft-Windows-Sysmon/Operational",victim,"Microsoft Corporation","-","Host Process for Windows Tasks","-","10.0.19041.1865 (WinBuild.160101.0800)",High,"{461f0bd2-2bde-6354-1787-040000000000}",0x48717,"-","NT AUTHORITY\SYSTEM","-","Microsoft® Windows® Operating System","-","-","-","-","-","-","-","-",1,"-",1,"-","-",Info,"2,276","2,512","{5770385f-c22a-43e0-bf4c-06f5698ffbd9}","Microsoft-Windows-Sysmon",4781,"Process Create (rule: ProcessCreate)","NT AUTHORITY","S-1-5-18",SYSTEM,User,5
