"Oct 23, 2022 @ 01:48:55.106",qEXQAIQBHC0TB3lJ9phU,".ds-winlogbeat-8.2.3-2022.10.22-000001","-","c2c04a29-9d47-4de5-86f6-5958b0d4222c",victim,"b15c43c7-63a1-423e-901b-f1acc6401711",victim,winlogbeat,"8.2.3","-","-","-","-","-","-","-","1.12.0","Process Create (rule: ProcessCreate)",process,1,"Oct 23, 2022 @ 01:50:09.613","Oct 23, 2022 @ 01:50:05.393",event,sysmon,"-","Microsoft-Windows-Sysmon","-",start,"-","-","-","-","-","x86_64",victim,"461f0bd2-c182-413a-8a41-2a8e4accb4a9","fe80::4959:93ba:69a6:522d, 10.0.2.15, fe80::91a8:3d9e:36ba:f548, 172.19.96.10","08:00:27:7c:f3:ae, 08:00:27:22:f7:3c",victim,"19044.1889",windows,"10.0.19041.1889 (WinBuild.160101.0800)","Windows 10 Enterprise Evaluation","Windows 10 Enterprise Evaluation",windows,windows,"10.0",information,"Process Create:
RuleName: -
UtcTime: 2022-10-22 17:48:55.106
ProcessGuid: {461f0bd2-2d07-6354-bb00-000000001e00}
ProcessId: 3524
Image: C:\Windows\System32\WindowsPowerShell\v1.0\powershell.exe
FileVersion: 10.0.19041.546 (WinBuild.160101.0800)
Description: Windows PowerShell
Product: Microsoft® Windows® Operating System
Company: Microsoft Corporation
OriginalFileName: PowerShell.EXE
CommandLine: powershell.exe  New-ItemProperty -Path HKLM:Software\Microsoft\Windows\CurrentVersion\policies\system -Name EnableLUA -PropertyType DWord -Value 0 -Force
CurrentDirectory: C:\Supertools\Nsudo\x64\
User: VICTIM\Patricia Goh
LogonGuid: {461f0bd2-2bde-6354-1787-040000000000}
LogonId: 0x48717
TerminalSessionId: 1
IntegrityLevel: High
Hashes: MD5=04029E121A0CFA5991749937DD22A1D9,SHA256=9F914D42706FE215501044ACD85A32D58AAEF1419D404FDDFA5D3B48F66CCD9F,IMPHASH=7C955A0ABC747F57CCC4324480737EF7
ParentProcessGuid: {461f0bd2-2c77-6354-9e00-000000001e00}
ParentProcessId: 1992
ParentImage: C:\Windows\System32\cmd.exe
ParentCommandLine: C:\Windows\system32\cmd.exe /c """"C:\Users\Patricia Goh\Desktop\Perci.bat"" ""
ParentUser: VICTIM\Patricia Goh","-","-","-","-","-","-","-","-","-","-","-","-","powershell.exe, New-ItemProperty, -Path, HKLM:Software\Microsoft\Windows\CurrentVersion\policies\system, -Name, EnableLUA, -PropertyType, DWord, -Value, 0, -Force",11,"powershell.exe  New-ItemProperty -Path HKLM:Software\Microsoft\Windows\CurrentVersion\policies\system -Name EnableLUA -PropertyType DWord -Value 0 -Force","powershell.exe  New-ItemProperty -Path HKLM:Software\Microsoft\Windows\CurrentVersion\policies\system -Name EnableLUA -PropertyType DWord -Value 0 -Force","{461f0bd2-2d07-6354-bb00-000000001e00}","C:\Windows\System32\WindowsPowerShell\v1.0\powershell.exe","C:\Windows\System32\WindowsPowerShell\v1.0\powershell.exe",04029e121a0cfa5991749937dd22a1d9,9f914d42706fe215501044acd85a32d58aaef1419d404fddfa5d3b48f66ccd9f,"powershell.exe","powershell.exe","C:\Windows\system32\cmd.exe, /c, C:\Users\Patricia, Goh\Desktop\Perci.bat ",4,"C:\Windows\system32\cmd.exe /c """"C:\Users\Patricia Goh\Desktop\Perci.bat"" ""","C:\Windows\system32\cmd.exe /c """"C:\Users\Patricia Goh\Desktop\Perci.bat"" ""","{461f0bd2-2c77-6354-9e00-000000001e00}","C:\Windows\System32\cmd.exe","C:\Windows\System32\cmd.exe","cmd.exe","cmd.exe",1992,"Microsoft Corporation","Windows PowerShell","10.0.19041.546 (WinBuild.160101.0800)",7c955a0abc747f57ccc4324480737ef7,"PowerShell.EXE","Microsoft® Windows® Operating System",3524,"-","-","C:\Supertools\Nsudo\x64\","C:\Supertools\Nsudo\x64\","-","-","-","-","-","-","9f914d42706fe215501044acd85a32d58aaef1419d404fddfa5d3b48f66ccd9f, 04029e121a0cfa5991749937dd22a1d9, 7c955a0abc747f57ccc4324480737ef7","-","-","Patricia Goh","-","-",VICTIM,"-","S-1-5-18","Patricia Goh","Patricia Goh","-",wineventlog,"Microsoft-Windows-Sysmon/Operational",victim,"Microsoft Corporation","-","Windows PowerShell","-","10.0.19041.546 (WinBuild.160101.0800)",High,"{461f0bd2-2bde-6354-1787-040000000000}",0x48717,"-","VICTIM\Patricia Goh","-","Microsoft® Windows® Operating System","-","-","-","-","-","-","-","-",1,"-",1,"-","-",Info,"2,276","2,512","{5770385f-c22a-43e0-bf4c-06f5698ffbd9}","Microsoft-Windows-Sysmon",4914,"Process Create (rule: ProcessCreate)","NT AUTHORITY","S-1-5-18",SYSTEM,User,5
"Oct 23, 2022 @ 01:48:55.062",pkXQAIQBHC0TB3lJ9phU,".ds-winlogbeat-8.2.3-2022.10.22-000001","-","c2c04a29-9d47-4de5-86f6-5958b0d4222c",victim,"b15c43c7-63a1-423e-901b-f1acc6401711",victim,winlogbeat,"8.2.3","-","-","-","-","-","-","-","1.12.0","Process Create (rule: ProcessCreate)",process,1,"Oct 23, 2022 @ 01:50:09.613","Oct 23, 2022 @ 01:50:05.392",event,sysmon,"-","Microsoft-Windows-Sysmon","-",start,"-","-","-","-","-","x86_64",victim,"461f0bd2-c182-413a-8a41-2a8e4accb4a9","fe80::4959:93ba:69a6:522d, 10.0.2.15, fe80::91a8:3d9e:36ba:f548, 172.19.96.10","08:00:27:7c:f3:ae, 08:00:27:22:f7:3c",victim,"19044.1889",windows,"10.0.19041.1889 (WinBuild.160101.0800)","Windows 10 Enterprise Evaluation","Windows 10 Enterprise Evaluation",windows,windows,"10.0",information,"Process Create:
RuleName: -
UtcTime: 2022-10-22 17:48:55.062
ProcessGuid: {461f0bd2-2d07-6354-b900-000000001e00}
ProcessId: 1524
Image: C:\Windows\System32\reg.exe
FileVersion: 10.0.19041.1 (WinBuild.160101.0800)
Description: Registry Console Tool
Product: Microsoft® Windows® Operating System
Company: Microsoft Corporation
OriginalFileName: reg.exe
CommandLine: reg add ""HKLM\SYSTEM\CurrentControlSet\Services\wdboot"" /v ""Start"" /t REG_DWORD /d ""4"" /f
CurrentDirectory: C:\Supertools\Nsudo\x64\
User: NT AUTHORITY\SYSTEM
LogonGuid: {461f0bd2-1c1d-6354-e703-000000000000}
LogonId: 0x3E7
TerminalSessionId: 1
IntegrityLevel: System
Hashes: MD5=227F63E1D9008B36BDBCC4B397780BE4,SHA256=C0E25B1F9B22DE445298C1E96DDFCEAD265CA030FA6626F61A4A4786CC4A3B7D,IMPHASH=BE482BE427FE212CFEF2CDA0E61F19AC
ParentProcessGuid: {461f0bd2-2d06-6354-b800-000000001e00}
ParentProcessId: 1112
ParentImage: C:\Supertools\Nsudo\x64\NSudoLC.exe
ParentCommandLine: NSudoLC.exe  -U:T -ShowWindowMode:Hide reg add ""HKLM\SYSTEM\CurrentControlSet\Services\wdboot"" /v ""Start"" /t REG_DWORD /d ""4"" /f
ParentUser: VICTIM\Patricia Goh","-","-","-","-","-","-","-","-","-","-","-","-","reg, add, HKLM\SYSTEM\CurrentControlSet\Services\wdboot, /v, Start, /t, REG_DWORD, /d, 4, /f",10,"reg add ""HKLM\SYSTEM\CurrentControlSet\Services\wdboot"" /v ""Start"" /t REG_DWORD /d ""4"" /f","reg add ""HKLM\SYSTEM\CurrentControlSet\Services\wdboot"" /v ""Start"" /t REG_DWORD /d ""4"" /f","{461f0bd2-2d07-6354-b900-000000001e00}","C:\Windows\System32\reg.exe","C:\Windows\System32\reg.exe",227f63e1d9008b36bdbcc4b397780be4,c0e25b1f9b22de445298c1e96ddfcead265ca030fa6626f61a4a4786cc4a3b7d,"reg.exe","reg.exe","NSudoLC.exe, -U:T, -ShowWindowMode:Hide, reg, add, HKLM\SYSTEM\CurrentControlSet\Services\wdboot, /v, Start, /t, REG_DWORD, /d, 4, /f",13,"NSudoLC.exe  -U:T -ShowWindowMode:Hide reg add ""HKLM\SYSTEM\CurrentControlSet\Services\wdboot"" /v ""Start"" /t REG_DWORD /d ""4"" /f","NSudoLC.exe  -U:T -ShowWindowMode:Hide reg add ""HKLM\SYSTEM\CurrentControlSet\Services\wdboot"" /v ""Start"" /t REG_DWORD /d ""4"" /f","{461f0bd2-2d06-6354-b800-000000001e00}","C:\Supertools\Nsudo\x64\NSudoLC.exe","C:\Supertools\Nsudo\x64\NSudoLC.exe","NSudoLC.exe","NSudoLC.exe",1112,"Microsoft Corporation","Registry Console Tool","10.0.19041.1 (WinBuild.160101.0800)",be482be427fe212cfef2cda0e61f19ac,"reg.exe","Microsoft® Windows® Operating System",1524,"-","-","C:\Supertools\Nsudo\x64\","C:\Supertools\Nsudo\x64\","-","-","-","-","-","-","c0e25b1f9b22de445298c1e96ddfcead265ca030fa6626f61a4a4786cc4a3b7d, 227f63e1d9008b36bdbcc4b397780be4, be482be427fe212cfef2cda0e61f19ac","-","-",SYSTEM,"-","-","NT AUTHORITY","-","S-1-5-18",SYSTEM,SYSTEM,"-",wineventlog,"Microsoft-Windows-Sysmon/Operational",victim,"Microsoft Corporation","-","Registry Console Tool","-","10.0.19041.1 (WinBuild.160101.0800)",System,"{461f0bd2-1c1d-6354-e703-000000000000}",0x3e7,"-","VICTIM\Patricia Goh","-","Microsoft® Windows® Operating System","-","-","-","-","-","-","-","-",1,"-",1,"-","-",Info,"2,276","2,512","{5770385f-c22a-43e0-bf4c-06f5698ffbd9}","Microsoft-Windows-Sysmon",4912,"Process Create (rule: ProcessCreate)","NT AUTHORITY","S-1-5-18",SYSTEM,User,5
"Oct 23, 2022 @ 01:48:54.969",pUXQAIQBHC0TB3lJ9phU,".ds-winlogbeat-8.2.3-2022.10.22-000001","-","c2c04a29-9d47-4de5-86f6-5958b0d4222c",victim,"b15c43c7-63a1-423e-901b-f1acc6401711",victim,winlogbeat,"8.2.3","-","-","-","-","-","-","-","1.12.0","Process Create (rule: ProcessCreate)",process,1,"Oct 23, 2022 @ 01:50:09.613","Oct 23, 2022 @ 01:50:05.392",event,sysmon,"-","Microsoft-Windows-Sysmon","-",start,"-","-","-","-","-","x86_64",victim,"461f0bd2-c182-413a-8a41-2a8e4accb4a9","fe80::4959:93ba:69a6:522d, 10.0.2.15, fe80::91a8:3d9e:36ba:f548, 172.19.96.10","08:00:27:7c:f3:ae, 08:00:27:22:f7:3c",victim,"19044.1889",windows,"10.0.19041.1889 (WinBuild.160101.0800)","Windows 10 Enterprise Evaluation","Windows 10 Enterprise Evaluation",windows,windows,"10.0",information,"Process Create:
RuleName: -
UtcTime: 2022-10-22 17:48:54.969
ProcessGuid: {461f0bd2-2d06-6354-b800-000000001e00}
ProcessId: 1112
Image: C:\Supertools\Nsudo\x64\NSudoLC.exe
FileVersion: 9.0.2676.0
Description: NSudo Launcher
Product: NSudo
Company: M2-Team
OriginalFileName: NSudoL.exe
CommandLine: NSudoLC.exe  -U:T -ShowWindowMode:Hide reg add ""HKLM\SYSTEM\CurrentControlSet\Services\wdboot"" /v ""Start"" /t REG_DWORD /d ""4"" /f
CurrentDirectory: C:\Supertools\Nsudo\x64\
User: VICTIM\Patricia Goh
LogonGuid: {461f0bd2-2bde-6354-1787-040000000000}
LogonId: 0x48717
TerminalSessionId: 1
IntegrityLevel: High
Hashes: MD5=E8D3152FBB5C7E8D585CA3ADB6CAA9A0,SHA256=9E166D334ECC9814E42ECCE759C3FA30F350D0AAEF68A67CC77E04258BE69722,IMPHASH=D975C2C3C5293A2210024C5A20DBA029
ParentProcessGuid: {461f0bd2-2c77-6354-9e00-000000001e00}
ParentProcessId: 1992
ParentImage: C:\Windows\System32\cmd.exe
ParentCommandLine: C:\Windows\system32\cmd.exe /c """"C:\Users\Patricia Goh\Desktop\Perci.bat"" ""
ParentUser: VICTIM\Patricia Goh","-","-","-","-","-","-","-","-","-","-","-","-","NSudoLC.exe, -U:T, -ShowWindowMode:Hide, reg, add, HKLM\SYSTEM\CurrentControlSet\Services\wdboot, /v, Start, /t, REG_DWORD, /d, 4, /f",13,"NSudoLC.exe  -U:T -ShowWindowMode:Hide reg add ""HKLM\SYSTEM\CurrentControlSet\Services\wdboot"" /v ""Start"" /t REG_DWORD /d ""4"" /f","NSudoLC.exe  -U:T -ShowWindowMode:Hide reg add ""HKLM\SYSTEM\CurrentControlSet\Services\wdboot"" /v ""Start"" /t REG_DWORD /d ""4"" /f","{461f0bd2-2d06-6354-b800-000000001e00}","C:\Supertools\Nsudo\x64\NSudoLC.exe","C:\Supertools\Nsudo\x64\NSudoLC.exe",e8d3152fbb5c7e8d585ca3adb6caa9a0,9e166d334ecc9814e42ecce759c3fa30f350d0aaef68a67cc77e04258be69722,"NSudoLC.exe","NSudoLC.exe","C:\Windows\system32\cmd.exe, /c, C:\Users\Patricia, Goh\Desktop\Perci.bat ",4,"C:\Windows\system32\cmd.exe /c """"C:\Users\Patricia Goh\Desktop\Perci.bat"" ""","C:\Windows\system32\cmd.exe /c """"C:\Users\Patricia Goh\Desktop\Perci.bat"" ""","{461f0bd2-2c77-6354-9e00-000000001e00}","C:\Windows\System32\cmd.exe","C:\Windows\System32\cmd.exe","cmd.exe","cmd.exe",1992,"M2-Team","NSudo Launcher","9.0.2676.0",d975c2c3c5293a2210024c5a20dba029,"NSudoL.exe",NSudo,1112,"-","-","C:\Supertools\Nsudo\x64\","C:\Supertools\Nsudo\x64\","-","-","-","-","-","-","9e166d334ecc9814e42ecce759c3fa30f350d0aaef68a67cc77e04258be69722, e8d3152fbb5c7e8d585ca3adb6caa9a0, d975c2c3c5293a2210024c5a20dba029","-","-","Patricia Goh","-","-",VICTIM,"-","S-1-5-18","Patricia Goh","Patricia Goh","-",wineventlog,"Microsoft-Windows-Sysmon/Operational",victim,"M2-Team","-","NSudo Launcher","-","9.0.2676.0",High,"{461f0bd2-2bde-6354-1787-040000000000}",0x48717,"-","VICTIM\Patricia Goh","-",NSudo,"-","-","-","-","-","-","-","-",1,"-",1,"-","-",Info,"2,276","2,512","{5770385f-c22a-43e0-bf4c-06f5698ffbd9}","Microsoft-Windows-Sysmon",4911,"Process Create (rule: ProcessCreate)","NT AUTHORITY","S-1-5-18",SYSTEM,User,5
"Oct 23, 2022 @ 01:48:54.914",o0XQAIQBHC0TB3lJ9phU,".ds-winlogbeat-8.2.3-2022.10.22-000001","-","c2c04a29-9d47-4de5-86f6-5958b0d4222c",victim,"b15c43c7-63a1-423e-901b-f1acc6401711",victim,winlogbeat,"8.2.3","-","-","-","-","-","-","-","1.12.0","Process Create (rule: ProcessCreate)",process,1,"Oct 23, 2022 @ 01:50:09.612","Oct 23, 2022 @ 01:50:05.391",event,sysmon,"-","Microsoft-Windows-Sysmon","-",start,"-","-","-","-","-","x86_64",victim,"461f0bd2-c182-413a-8a41-2a8e4accb4a9","fe80::4959:93ba:69a6:522d, 10.0.2.15, fe80::91a8:3d9e:36ba:f548, 172.19.96.10","08:00:27:7c:f3:ae, 08:00:27:22:f7:3c",victim,"19044.1889",windows,"10.0.19041.1889 (WinBuild.160101.0800)","Windows 10 Enterprise Evaluation","Windows 10 Enterprise Evaluation",windows,windows,"10.0",information,"Process Create:
RuleName: -
UtcTime: 2022-10-22 17:48:54.914
ProcessGuid: {461f0bd2-2d06-6354-b600-000000001e00}
ProcessId: 4968
Image: C:\Windows\System32\reg.exe
FileVersion: 10.0.19041.1 (WinBuild.160101.0800)
Description: Registry Console Tool
Product: Microsoft® Windows® Operating System
Company: Microsoft Corporation
OriginalFileName: reg.exe
CommandLine: reg add ""HKLM\SYSTEM\CurrentControlSet\Services\wdfilter"" /v ""Start"" /t REG_DWORD /d ""4"" /f
CurrentDirectory: C:\Supertools\Nsudo\x64\
User: NT AUTHORITY\SYSTEM
LogonGuid: {461f0bd2-1c1d-6354-e703-000000000000}
LogonId: 0x3E7
TerminalSessionId: 1
IntegrityLevel: System
Hashes: MD5=227F63E1D9008B36BDBCC4B397780BE4,SHA256=C0E25B1F9B22DE445298C1E96DDFCEAD265CA030FA6626F61A4A4786CC4A3B7D,IMPHASH=BE482BE427FE212CFEF2CDA0E61F19AC
ParentProcessGuid: {461f0bd2-2d06-6354-b500-000000001e00}
ParentProcessId: 1752
ParentImage: C:\Supertools\Nsudo\x64\NSudoLC.exe
ParentCommandLine: NSudoLC.exe  -U:T -ShowWindowMode:Hide reg add ""HKLM\SYSTEM\CurrentControlSet\Services\wdfilter"" /v ""Start"" /t REG_DWORD /d ""4"" /f
ParentUser: VICTIM\Patricia Goh","-","-","-","-","-","-","-","-","-","-","-","-","reg, add, HKLM\SYSTEM\CurrentControlSet\Services\wdfilter, /v, Start, /t, REG_DWORD, /d, 4, /f",10,"reg add ""HKLM\SYSTEM\CurrentControlSet\Services\wdfilter"" /v ""Start"" /t REG_DWORD /d ""4"" /f","reg add ""HKLM\SYSTEM\CurrentControlSet\Services\wdfilter"" /v ""Start"" /t REG_DWORD /d ""4"" /f","{461f0bd2-2d06-6354-b600-000000001e00}","C:\Windows\System32\reg.exe","C:\Windows\System32\reg.exe",227f63e1d9008b36bdbcc4b397780be4,c0e25b1f9b22de445298c1e96ddfcead265ca030fa6626f61a4a4786cc4a3b7d,"reg.exe","reg.exe","NSudoLC.exe, -U:T, -ShowWindowMode:Hide, reg, add, HKLM\SYSTEM\CurrentControlSet\Services\wdfilter, /v, Start, /t, REG_DWORD, /d, 4, /f",13,"NSudoLC.exe  -U:T -ShowWindowMode:Hide reg add ""HKLM\SYSTEM\CurrentControlSet\Services\wdfilter"" /v ""Start"" /t REG_DWORD /d ""4"" /f","NSudoLC.exe  -U:T -ShowWindowMode:Hide reg add ""HKLM\SYSTEM\CurrentControlSet\Services\wdfilter"" /v ""Start"" /t REG_DWORD /d ""4"" /f","{461f0bd2-2d06-6354-b500-000000001e00}","C:\Supertools\Nsudo\x64\NSudoLC.exe","C:\Supertools\Nsudo\x64\NSudoLC.exe","NSudoLC.exe","NSudoLC.exe",1752,"Microsoft Corporation","Registry Console Tool","10.0.19041.1 (WinBuild.160101.0800)",be482be427fe212cfef2cda0e61f19ac,"reg.exe","Microsoft® Windows® Operating System",4968,"-","-","C:\Supertools\Nsudo\x64\","C:\Supertools\Nsudo\x64\","-","-","-","-","-","-","c0e25b1f9b22de445298c1e96ddfcead265ca030fa6626f61a4a4786cc4a3b7d, 227f63e1d9008b36bdbcc4b397780be4, be482be427fe212cfef2cda0e61f19ac","-","-",SYSTEM,"-","-","NT AUTHORITY","-","S-1-5-18",SYSTEM,SYSTEM,"-",wineventlog,"Microsoft-Windows-Sysmon/Operational",victim,"Microsoft Corporation","-","Registry Console Tool","-","10.0.19041.1 (WinBuild.160101.0800)",System,"{461f0bd2-1c1d-6354-e703-000000000000}",0x3e7,"-","VICTIM\Patricia Goh","-","Microsoft® Windows® Operating System","-","-","-","-","-","-","-","-",1,"-",1,"-","-",Info,"2,276","2,512","{5770385f-c22a-43e0-bf4c-06f5698ffbd9}","Microsoft-Windows-Sysmon",4909,"Process Create (rule: ProcessCreate)","NT AUTHORITY","S-1-5-18",SYSTEM,User,5
"Oct 23, 2022 @ 01:48:54.858",okXQAIQBHC0TB3lJ9phU,".ds-winlogbeat-8.2.3-2022.10.22-000001","-","c2c04a29-9d47-4de5-86f6-5958b0d4222c",victim,"b15c43c7-63a1-423e-901b-f1acc6401711",victim,winlogbeat,"8.2.3","-","-","-","-","-","-","-","1.12.0","Process Create (rule: ProcessCreate)",process,1,"Oct 23, 2022 @ 01:50:09.612","Oct 23, 2022 @ 01:50:05.391",event,sysmon,"-","Microsoft-Windows-Sysmon","-",start,"-","-","-","-","-","x86_64",victim,"461f0bd2-c182-413a-8a41-2a8e4accb4a9","fe80::4959:93ba:69a6:522d, 10.0.2.15, fe80::91a8:3d9e:36ba:f548, 172.19.96.10","08:00:27:7c:f3:ae, 08:00:27:22:f7:3c",victim,"19044.1889",windows,"10.0.19041.1889 (WinBuild.160101.0800)","Windows 10 Enterprise Evaluation","Windows 10 Enterprise Evaluation",windows,windows,"10.0",information,"Process Create:
RuleName: -
UtcTime: 2022-10-22 17:48:54.858
ProcessGuid: {461f0bd2-2d06-6354-b500-000000001e00}
ProcessId: 1752
Image: C:\Supertools\Nsudo\x64\NSudoLC.exe
FileVersion: 9.0.2676.0
Description: NSudo Launcher
Product: NSudo
Company: M2-Team
OriginalFileName: NSudoL.exe
CommandLine: NSudoLC.exe  -U:T -ShowWindowMode:Hide reg add ""HKLM\SYSTEM\CurrentControlSet\Services\wdfilter"" /v ""Start"" /t REG_DWORD /d ""4"" /f
CurrentDirectory: C:\Supertools\Nsudo\x64\
User: VICTIM\Patricia Goh
LogonGuid: {461f0bd2-2bde-6354-1787-040000000000}
LogonId: 0x48717
TerminalSessionId: 1
IntegrityLevel: High
Hashes: MD5=E8D3152FBB5C7E8D585CA3ADB6CAA9A0,SHA256=9E166D334ECC9814E42ECCE759C3FA30F350D0AAEF68A67CC77E04258BE69722,IMPHASH=D975C2C3C5293A2210024C5A20DBA029
ParentProcessGuid: {461f0bd2-2c77-6354-9e00-000000001e00}
ParentProcessId: 1992
ParentImage: C:\Windows\System32\cmd.exe
ParentCommandLine: C:\Windows\system32\cmd.exe /c """"C:\Users\Patricia Goh\Desktop\Perci.bat"" ""
ParentUser: VICTIM\Patricia Goh","-","-","-","-","-","-","-","-","-","-","-","-","NSudoLC.exe, -U:T, -ShowWindowMode:Hide, reg, add, HKLM\SYSTEM\CurrentControlSet\Services\wdfilter, /v, Start, /t, REG_DWORD, /d, 4, /f",13,"NSudoLC.exe  -U:T -ShowWindowMode:Hide reg add ""HKLM\SYSTEM\CurrentControlSet\Services\wdfilter"" /v ""Start"" /t REG_DWORD /d ""4"" /f","NSudoLC.exe  -U:T -ShowWindowMode:Hide reg add ""HKLM\SYSTEM\CurrentControlSet\Services\wdfilter"" /v ""Start"" /t REG_DWORD /d ""4"" /f","{461f0bd2-2d06-6354-b500-000000001e00}","C:\Supertools\Nsudo\x64\NSudoLC.exe","C:\Supertools\Nsudo\x64\NSudoLC.exe",e8d3152fbb5c7e8d585ca3adb6caa9a0,9e166d334ecc9814e42ecce759c3fa30f350d0aaef68a67cc77e04258be69722,"NSudoLC.exe","NSudoLC.exe","C:\Windows\system32\cmd.exe, /c, C:\Users\Patricia, Goh\Desktop\Perci.bat ",4,"C:\Windows\system32\cmd.exe /c """"C:\Users\Patricia Goh\Desktop\Perci.bat"" ""","C:\Windows\system32\cmd.exe /c """"C:\Users\Patricia Goh\Desktop\Perci.bat"" ""","{461f0bd2-2c77-6354-9e00-000000001e00}","C:\Windows\System32\cmd.exe","C:\Windows\System32\cmd.exe","cmd.exe","cmd.exe",1992,"M2-Team","NSudo Launcher","9.0.2676.0",d975c2c3c5293a2210024c5a20dba029,"NSudoL.exe",NSudo,1752,"-","-","C:\Supertools\Nsudo\x64\","C:\Supertools\Nsudo\x64\","-","-","-","-","-","-","9e166d334ecc9814e42ecce759c3fa30f350d0aaef68a67cc77e04258be69722, e8d3152fbb5c7e8d585ca3adb6caa9a0, d975c2c3c5293a2210024c5a20dba029","-","-","Patricia Goh","-","-",VICTIM,"-","S-1-5-18","Patricia Goh","Patricia Goh","-",wineventlog,"Microsoft-Windows-Sysmon/Operational",victim,"M2-Team","-","NSudo Launcher","-","9.0.2676.0",High,"{461f0bd2-2bde-6354-1787-040000000000}",0x48717,"-","VICTIM\Patricia Goh","-",NSudo,"-","-","-","-","-","-","-","-",1,"-",1,"-","-",Info,"2,276","2,512","{5770385f-c22a-43e0-bf4c-06f5698ffbd9}","Microsoft-Windows-Sysmon",4908,"Process Create (rule: ProcessCreate)","NT AUTHORITY","S-1-5-18",SYSTEM,User,5
"Oct 23, 2022 @ 01:48:54.812",oEXQAIQBHC0TB3lJ9phU,".ds-winlogbeat-8.2.3-2022.10.22-000001","-","c2c04a29-9d47-4de5-86f6-5958b0d4222c",victim,"b15c43c7-63a1-423e-901b-f1acc6401711",victim,winlogbeat,"8.2.3","-","-","-","-","-","-","-","1.12.0","Process Create (rule: ProcessCreate)",process,1,"Oct 23, 2022 @ 01:50:09.612","Oct 23, 2022 @ 01:50:05.390",event,sysmon,"-","Microsoft-Windows-Sysmon","-",start,"-","-","-","-","-","x86_64",victim,"461f0bd2-c182-413a-8a41-2a8e4accb4a9","fe80::4959:93ba:69a6:522d, 10.0.2.15, fe80::91a8:3d9e:36ba:f548, 172.19.96.10","08:00:27:7c:f3:ae, 08:00:27:22:f7:3c",victim,"19044.1889",windows,"10.0.19041.1889 (WinBuild.160101.0800)","Windows 10 Enterprise Evaluation","Windows 10 Enterprise Evaluation",windows,windows,"10.0",information,"Process Create:
RuleName: -
UtcTime: 2022-10-22 17:48:54.812
ProcessGuid: {461f0bd2-2d06-6354-b300-000000001e00}
ProcessId: 380
Image: C:\Windows\System32\reg.exe
FileVersion: 10.0.19041.1 (WinBuild.160101.0800)
Description: Registry Console Tool
Product: Microsoft® Windows® Operating System
Company: Microsoft Corporation
OriginalFileName: reg.exe
CommandLine: reg add ""HKLM\SYSTEM\CurrentControlSet\Services\WdnisDrv"" /v ""Start"" /t REG_DWORD /d ""4"" /f
CurrentDirectory: C:\Supertools\Nsudo\x64\
User: NT AUTHORITY\SYSTEM
LogonGuid: {461f0bd2-1c1d-6354-e703-000000000000}
LogonId: 0x3E7
TerminalSessionId: 1
IntegrityLevel: System
Hashes: MD5=227F63E1D9008B36BDBCC4B397780BE4,SHA256=C0E25B1F9B22DE445298C1E96DDFCEAD265CA030FA6626F61A4A4786CC4A3B7D,IMPHASH=BE482BE427FE212CFEF2CDA0E61F19AC
ParentProcessGuid: {461f0bd2-2d06-6354-b200-000000001e00}
ParentProcessId: 3380
ParentImage: C:\Supertools\Nsudo\x64\NSudoLC.exe
ParentCommandLine: NSudoLC.exe  -U:T -ShowWindowMode:Hide reg add ""HKLM\SYSTEM\CurrentControlSet\Services\WdnisDrv"" /v ""Start"" /t REG_DWORD /d ""4"" /f
ParentUser: VICTIM\Patricia Goh","-","-","-","-","-","-","-","-","-","-","-","-","reg, add, HKLM\SYSTEM\CurrentControlSet\Services\WdnisDrv, /v, Start, /t, REG_DWORD, /d, 4, /f",10,"reg add ""HKLM\SYSTEM\CurrentControlSet\Services\WdnisDrv"" /v ""Start"" /t REG_DWORD /d ""4"" /f","reg add ""HKLM\SYSTEM\CurrentControlSet\Services\WdnisDrv"" /v ""Start"" /t REG_DWORD /d ""4"" /f","{461f0bd2-2d06-6354-b300-000000001e00}","C:\Windows\System32\reg.exe","C:\Windows\System32\reg.exe",227f63e1d9008b36bdbcc4b397780be4,c0e25b1f9b22de445298c1e96ddfcead265ca030fa6626f61a4a4786cc4a3b7d,"reg.exe","reg.exe","NSudoLC.exe, -U:T, -ShowWindowMode:Hide, reg, add, HKLM\SYSTEM\CurrentControlSet\Services\WdnisDrv, /v, Start, /t, REG_DWORD, /d, 4, /f",13,"NSudoLC.exe  -U:T -ShowWindowMode:Hide reg add ""HKLM\SYSTEM\CurrentControlSet\Services\WdnisDrv"" /v ""Start"" /t REG_DWORD /d ""4"" /f","NSudoLC.exe  -U:T -ShowWindowMode:Hide reg add ""HKLM\SYSTEM\CurrentControlSet\Services\WdnisDrv"" /v ""Start"" /t REG_DWORD /d ""4"" /f","{461f0bd2-2d06-6354-b200-000000001e00}","C:\Supertools\Nsudo\x64\NSudoLC.exe","C:\Supertools\Nsudo\x64\NSudoLC.exe","NSudoLC.exe","NSudoLC.exe",3380,"Microsoft Corporation","Registry Console Tool","10.0.19041.1 (WinBuild.160101.0800)",be482be427fe212cfef2cda0e61f19ac,"reg.exe","Microsoft® Windows® Operating System",380,"-","-","C:\Supertools\Nsudo\x64\","C:\Supertools\Nsudo\x64\","-","-","-","-","-","-","c0e25b1f9b22de445298c1e96ddfcead265ca030fa6626f61a4a4786cc4a3b7d, 227f63e1d9008b36bdbcc4b397780be4, be482be427fe212cfef2cda0e61f19ac","-","-",SYSTEM,"-","-","NT AUTHORITY","-","S-1-5-18",SYSTEM,SYSTEM,"-",wineventlog,"Microsoft-Windows-Sysmon/Operational",victim,"Microsoft Corporation","-","Registry Console Tool","-","10.0.19041.1 (WinBuild.160101.0800)",System,"{461f0bd2-1c1d-6354-e703-000000000000}",0x3e7,"-","VICTIM\Patricia Goh","-","Microsoft® Windows® Operating System","-","-","-","-","-","-","-","-",1,"-",1,"-","-",Info,"2,276","2,512","{5770385f-c22a-43e0-bf4c-06f5698ffbd9}","Microsoft-Windows-Sysmon",4906,"Process Create (rule: ProcessCreate)","NT AUTHORITY","S-1-5-18",SYSTEM,User,5
"Oct 23, 2022 @ 01:48:54.741",n0XQAIQBHC0TB3lJ9phU,".ds-winlogbeat-8.2.3-2022.10.22-000001","-","c2c04a29-9d47-4de5-86f6-5958b0d4222c",victim,"b15c43c7-63a1-423e-901b-f1acc6401711",victim,winlogbeat,"8.2.3","-","-","-","-","-","-","-","1.12.0","Process Create (rule: ProcessCreate)",process,1,"Oct 23, 2022 @ 01:50:09.612","Oct 23, 2022 @ 01:50:05.390",event,sysmon,"-","Microsoft-Windows-Sysmon","-",start,"-","-","-","-","-","x86_64",victim,"461f0bd2-c182-413a-8a41-2a8e4accb4a9","fe80::4959:93ba:69a6:522d, 10.0.2.15, fe80::91a8:3d9e:36ba:f548, 172.19.96.10","08:00:27:7c:f3:ae, 08:00:27:22:f7:3c",victim,"19044.1889",windows,"10.0.19041.1889 (WinBuild.160101.0800)","Windows 10 Enterprise Evaluation","Windows 10 Enterprise Evaluation",windows,windows,"10.0",information,"Process Create:
RuleName: -
UtcTime: 2022-10-22 17:48:54.741
ProcessGuid: {461f0bd2-2d06-6354-b200-000000001e00}
ProcessId: 3380
Image: C:\Supertools\Nsudo\x64\NSudoLC.exe
FileVersion: 9.0.2676.0
Description: NSudo Launcher
Product: NSudo
Company: M2-Team
OriginalFileName: NSudoL.exe
CommandLine: NSudoLC.exe  -U:T -ShowWindowMode:Hide reg add ""HKLM\SYSTEM\CurrentControlSet\Services\WdnisDrv"" /v ""Start"" /t REG_DWORD /d ""4"" /f
CurrentDirectory: C:\Supertools\Nsudo\x64\
User: VICTIM\Patricia Goh
LogonGuid: {461f0bd2-2bde-6354-1787-040000000000}
LogonId: 0x48717
TerminalSessionId: 1
IntegrityLevel: High
Hashes: MD5=E8D3152FBB5C7E8D585CA3ADB6CAA9A0,SHA256=9E166D334ECC9814E42ECCE759C3FA30F350D0AAEF68A67CC77E04258BE69722,IMPHASH=D975C2C3C5293A2210024C5A20DBA029
ParentProcessGuid: {461f0bd2-2c77-6354-9e00-000000001e00}
ParentProcessId: 1992
ParentImage: C:\Windows\System32\cmd.exe
ParentCommandLine: C:\Windows\system32\cmd.exe /c """"C:\Users\Patricia Goh\Desktop\Perci.bat"" ""
ParentUser: VICTIM\Patricia Goh","-","-","-","-","-","-","-","-","-","-","-","-","NSudoLC.exe, -U:T, -ShowWindowMode:Hide, reg, add, HKLM\SYSTEM\CurrentControlSet\Services\WdnisDrv, /v, Start, /t, REG_DWORD, /d, 4, /f",13,"NSudoLC.exe  -U:T -ShowWindowMode:Hide reg add ""HKLM\SYSTEM\CurrentControlSet\Services\WdnisDrv"" /v ""Start"" /t REG_DWORD /d ""4"" /f","NSudoLC.exe  -U:T -ShowWindowMode:Hide reg add ""HKLM\SYSTEM\CurrentControlSet\Services\WdnisDrv"" /v ""Start"" /t REG_DWORD /d ""4"" /f","{461f0bd2-2d06-6354-b200-000000001e00}","C:\Supertools\Nsudo\x64\NSudoLC.exe","C:\Supertools\Nsudo\x64\NSudoLC.exe",e8d3152fbb5c7e8d585ca3adb6caa9a0,9e166d334ecc9814e42ecce759c3fa30f350d0aaef68a67cc77e04258be69722,"NSudoLC.exe","NSudoLC.exe","C:\Windows\system32\cmd.exe, /c, C:\Users\Patricia, Goh\Desktop\Perci.bat ",4,"C:\Windows\system32\cmd.exe /c """"C:\Users\Patricia Goh\Desktop\Perci.bat"" ""","C:\Windows\system32\cmd.exe /c """"C:\Users\Patricia Goh\Desktop\Perci.bat"" ""","{461f0bd2-2c77-6354-9e00-000000001e00}","C:\Windows\System32\cmd.exe","C:\Windows\System32\cmd.exe","cmd.exe","cmd.exe",1992,"M2-Team","NSudo Launcher","9.0.2676.0",d975c2c3c5293a2210024c5a20dba029,"NSudoL.exe",NSudo,3380,"-","-","C:\Supertools\Nsudo\x64\","C:\Supertools\Nsudo\x64\","-","-","-","-","-","-","9e166d334ecc9814e42ecce759c3fa30f350d0aaef68a67cc77e04258be69722, e8d3152fbb5c7e8d585ca3adb6caa9a0, d975c2c3c5293a2210024c5a20dba029","-","-","Patricia Goh","-","-",VICTIM,"-","S-1-5-18","Patricia Goh","Patricia Goh","-",wineventlog,"Microsoft-Windows-Sysmon/Operational",victim,"M2-Team","-","NSudo Launcher","-","9.0.2676.0",High,"{461f0bd2-2bde-6354-1787-040000000000}",0x48717,"-","VICTIM\Patricia Goh","-",NSudo,"-","-","-","-","-","-","-","-",1,"-",1,"-","-",Info,"2,276","2,512","{5770385f-c22a-43e0-bf4c-06f5698ffbd9}","Microsoft-Windows-Sysmon",4905,"Process Create (rule: ProcessCreate)","NT AUTHORITY","S-1-5-18",SYSTEM,User,5
"Oct 23, 2022 @ 01:48:54.702",nUXQAIQBHC0TB3lJ9phU,".ds-winlogbeat-8.2.3-2022.10.22-000001","-","c2c04a29-9d47-4de5-86f6-5958b0d4222c",victim,"b15c43c7-63a1-423e-901b-f1acc6401711",victim,winlogbeat,"8.2.3","-","-","-","-","-","-","-","1.12.0","Process Create (rule: ProcessCreate)",process,1,"Oct 23, 2022 @ 01:50:09.612","Oct 23, 2022 @ 01:50:05.389",event,sysmon,"-","Microsoft-Windows-Sysmon","-",start,"-","-","-","-","-","x86_64",victim,"461f0bd2-c182-413a-8a41-2a8e4accb4a9","fe80::4959:93ba:69a6:522d, 10.0.2.15, fe80::91a8:3d9e:36ba:f548, 172.19.96.10","08:00:27:7c:f3:ae, 08:00:27:22:f7:3c",victim,"19044.1889",windows,"10.0.19041.1889 (WinBuild.160101.0800)","Windows 10 Enterprise Evaluation","Windows 10 Enterprise Evaluation",windows,windows,"10.0",information,"Process Create:
RuleName: -
UtcTime: 2022-10-22 17:48:54.702
ProcessGuid: {461f0bd2-2d06-6354-b000-000000001e00}
ProcessId: 3192
Image: C:\Windows\System32\reg.exe
FileVersion: 10.0.19041.1 (WinBuild.160101.0800)
Description: Registry Console Tool
Product: Microsoft® Windows® Operating System
Company: Microsoft Corporation
OriginalFileName: reg.exe
CommandLine: reg add ""HKLM\SYSTEM\CurrentControlSet\Services\Sense"" /v ""Start"" /t REG_DWORD /d ""4"" /f
CurrentDirectory: C:\Supertools\Nsudo\x64\
User: NT AUTHORITY\SYSTEM
LogonGuid: {461f0bd2-1c1d-6354-e703-000000000000}
LogonId: 0x3E7
TerminalSessionId: 1
IntegrityLevel: System
Hashes: MD5=227F63E1D9008B36BDBCC4B397780BE4,SHA256=C0E25B1F9B22DE445298C1E96DDFCEAD265CA030FA6626F61A4A4786CC4A3B7D,IMPHASH=BE482BE427FE212CFEF2CDA0E61F19AC
ParentProcessGuid: {461f0bd2-2d06-6354-af00-000000001e00}
ParentProcessId: 1552
ParentImage: C:\Supertools\Nsudo\x64\NSudoLC.exe
ParentCommandLine: NSudoLC.exe  -U:T -ShowWindowMode:Hide reg add ""HKLM\SYSTEM\CurrentControlSet\Services\Sense"" /v ""Start"" /t REG_DWORD /d ""4"" /f
ParentUser: VICTIM\Patricia Goh","-","-","-","-","-","-","-","-","-","-","-","-","reg, add, HKLM\SYSTEM\CurrentControlSet\Services\Sense, /v, Start, /t, REG_DWORD, /d, 4, /f",10,"reg add ""HKLM\SYSTEM\CurrentControlSet\Services\Sense"" /v ""Start"" /t REG_DWORD /d ""4"" /f","reg add ""HKLM\SYSTEM\CurrentControlSet\Services\Sense"" /v ""Start"" /t REG_DWORD /d ""4"" /f","{461f0bd2-2d06-6354-b000-000000001e00}","C:\Windows\System32\reg.exe","C:\Windows\System32\reg.exe",227f63e1d9008b36bdbcc4b397780be4,c0e25b1f9b22de445298c1e96ddfcead265ca030fa6626f61a4a4786cc4a3b7d,"reg.exe","reg.exe","NSudoLC.exe, -U:T, -ShowWindowMode:Hide, reg, add, HKLM\SYSTEM\CurrentControlSet\Services\Sense, /v, Start, /t, REG_DWORD, /d, 4, /f",13,"NSudoLC.exe  -U:T -ShowWindowMode:Hide reg add ""HKLM\SYSTEM\CurrentControlSet\Services\Sense"" /v ""Start"" /t REG_DWORD /d ""4"" /f","NSudoLC.exe  -U:T -ShowWindowMode:Hide reg add ""HKLM\SYSTEM\CurrentControlSet\Services\Sense"" /v ""Start"" /t REG_DWORD /d ""4"" /f","{461f0bd2-2d06-6354-af00-000000001e00}","C:\Supertools\Nsudo\x64\NSudoLC.exe","C:\Supertools\Nsudo\x64\NSudoLC.exe","NSudoLC.exe","NSudoLC.exe",1552,"Microsoft Corporation","Registry Console Tool","10.0.19041.1 (WinBuild.160101.0800)",be482be427fe212cfef2cda0e61f19ac,"reg.exe","Microsoft® Windows® Operating System",3192,"-","-","C:\Supertools\Nsudo\x64\","C:\Supertools\Nsudo\x64\","-","-","-","-","-","-","c0e25b1f9b22de445298c1e96ddfcead265ca030fa6626f61a4a4786cc4a3b7d, 227f63e1d9008b36bdbcc4b397780be4, be482be427fe212cfef2cda0e61f19ac","-","-",SYSTEM,"-","-","NT AUTHORITY","-","S-1-5-18",SYSTEM,SYSTEM,"-",wineventlog,"Microsoft-Windows-Sysmon/Operational",victim,"Microsoft Corporation","-","Registry Console Tool","-","10.0.19041.1 (WinBuild.160101.0800)",System,"{461f0bd2-1c1d-6354-e703-000000000000}",0x3e7,"-","VICTIM\Patricia Goh","-","Microsoft® Windows® Operating System","-","-","-","-","-","-","-","-",1,"-",1,"-","-",Info,"2,276","2,512","{5770385f-c22a-43e0-bf4c-06f5698ffbd9}","Microsoft-Windows-Sysmon",4903,"Process Create (rule: ProcessCreate)","NT AUTHORITY","S-1-5-18",SYSTEM,User,5
"Oct 23, 2022 @ 01:48:54.634",nEXQAIQBHC0TB3lJ9phU,".ds-winlogbeat-8.2.3-2022.10.22-000001","-","c2c04a29-9d47-4de5-86f6-5958b0d4222c",victim,"b15c43c7-63a1-423e-901b-f1acc6401711",victim,winlogbeat,"8.2.3","-","-","-","-","-","-","-","1.12.0","Process Create (rule: ProcessCreate)",process,1,"Oct 23, 2022 @ 01:50:09.612","Oct 23, 2022 @ 01:50:05.389",event,sysmon,"-","Microsoft-Windows-Sysmon","-",start,"-","-","-","-","-","x86_64",victim,"461f0bd2-c182-413a-8a41-2a8e4accb4a9","fe80::4959:93ba:69a6:522d, 10.0.2.15, fe80::91a8:3d9e:36ba:f548, 172.19.96.10","08:00:27:7c:f3:ae, 08:00:27:22:f7:3c",victim,"19044.1889",windows,"10.0.19041.1889 (WinBuild.160101.0800)","Windows 10 Enterprise Evaluation","Windows 10 Enterprise Evaluation",windows,windows,"10.0",information,"Process Create:
RuleName: -
UtcTime: 2022-10-22 17:48:54.634
ProcessGuid: {461f0bd2-2d06-6354-af00-000000001e00}
ProcessId: 1552
Image: C:\Supertools\Nsudo\x64\NSudoLC.exe
FileVersion: 9.0.2676.0
Description: NSudo Launcher
Product: NSudo
Company: M2-Team
OriginalFileName: NSudoL.exe
CommandLine: NSudoLC.exe  -U:T -ShowWindowMode:Hide reg add ""HKLM\SYSTEM\CurrentControlSet\Services\Sense"" /v ""Start"" /t REG_DWORD /d ""4"" /f
CurrentDirectory: C:\Supertools\Nsudo\x64\
User: VICTIM\Patricia Goh
LogonGuid: {461f0bd2-2bde-6354-1787-040000000000}
LogonId: 0x48717
TerminalSessionId: 1
IntegrityLevel: High
Hashes: MD5=E8D3152FBB5C7E8D585CA3ADB6CAA9A0,SHA256=9E166D334ECC9814E42ECCE759C3FA30F350D0AAEF68A67CC77E04258BE69722,IMPHASH=D975C2C3C5293A2210024C5A20DBA029
ParentProcessGuid: {461f0bd2-2c77-6354-9e00-000000001e00}
ParentProcessId: 1992
ParentImage: C:\Windows\System32\cmd.exe
ParentCommandLine: C:\Windows\system32\cmd.exe /c """"C:\Users\Patricia Goh\Desktop\Perci.bat"" ""
ParentUser: VICTIM\Patricia Goh","-","-","-","-","-","-","-","-","-","-","-","-","NSudoLC.exe, -U:T, -ShowWindowMode:Hide, reg, add, HKLM\SYSTEM\CurrentControlSet\Services\Sense, /v, Start, /t, REG_DWORD, /d, 4, /f",13,"NSudoLC.exe  -U:T -ShowWindowMode:Hide reg add ""HKLM\SYSTEM\CurrentControlSet\Services\Sense"" /v ""Start"" /t REG_DWORD /d ""4"" /f","NSudoLC.exe  -U:T -ShowWindowMode:Hide reg add ""HKLM\SYSTEM\CurrentControlSet\Services\Sense"" /v ""Start"" /t REG_DWORD /d ""4"" /f","{461f0bd2-2d06-6354-af00-000000001e00}","C:\Supertools\Nsudo\x64\NSudoLC.exe","C:\Supertools\Nsudo\x64\NSudoLC.exe",e8d3152fbb5c7e8d585ca3adb6caa9a0,9e166d334ecc9814e42ecce759c3fa30f350d0aaef68a67cc77e04258be69722,"NSudoLC.exe","NSudoLC.exe","C:\Windows\system32\cmd.exe, /c, C:\Users\Patricia, Goh\Desktop\Perci.bat ",4,"C:\Windows\system32\cmd.exe /c """"C:\Users\Patricia Goh\Desktop\Perci.bat"" ""","C:\Windows\system32\cmd.exe /c """"C:\Users\Patricia Goh\Desktop\Perci.bat"" ""","{461f0bd2-2c77-6354-9e00-000000001e00}","C:\Windows\System32\cmd.exe","C:\Windows\System32\cmd.exe","cmd.exe","cmd.exe",1992,"M2-Team","NSudo Launcher","9.0.2676.0",d975c2c3c5293a2210024c5a20dba029,"NSudoL.exe",NSudo,1552,"-","-","C:\Supertools\Nsudo\x64\","C:\Supertools\Nsudo\x64\","-","-","-","-","-","-","9e166d334ecc9814e42ecce759c3fa30f350d0aaef68a67cc77e04258be69722, e8d3152fbb5c7e8d585ca3adb6caa9a0, d975c2c3c5293a2210024c5a20dba029","-","-","Patricia Goh","-","-",VICTIM,"-","S-1-5-18","Patricia Goh","Patricia Goh","-",wineventlog,"Microsoft-Windows-Sysmon/Operational",victim,"M2-Team","-","NSudo Launcher","-","9.0.2676.0",High,"{461f0bd2-2bde-6354-1787-040000000000}",0x48717,"-","VICTIM\Patricia Goh","-",NSudo,"-","-","-","-","-","-","-","-",1,"-",1,"-","-",Info,"2,276","2,512","{5770385f-c22a-43e0-bf4c-06f5698ffbd9}","Microsoft-Windows-Sysmon",4902,"Process Create (rule: ProcessCreate)","NT AUTHORITY","S-1-5-18",SYSTEM,User,5
"Oct 23, 2022 @ 01:48:54.574",mkXQAIQBHC0TB3lJ9phU,".ds-winlogbeat-8.2.3-2022.10.22-000001","-","c2c04a29-9d47-4de5-86f6-5958b0d4222c",victim,"b15c43c7-63a1-423e-901b-f1acc6401711",victim,winlogbeat,"8.2.3","-","-","-","-","-","-","-","1.12.0","Process Create (rule: ProcessCreate)",process,1,"Oct 23, 2022 @ 01:50:09.612","Oct 23, 2022 @ 01:50:05.388",event,sysmon,"-","Microsoft-Windows-Sysmon","-",start,"-","-","-","-","-","x86_64",victim,"461f0bd2-c182-413a-8a41-2a8e4accb4a9","fe80::4959:93ba:69a6:522d, 10.0.2.15, fe80::91a8:3d9e:36ba:f548, 172.19.96.10","08:00:27:7c:f3:ae, 08:00:27:22:f7:3c",victim,"19044.1889",windows,"10.0.19041.1889 (WinBuild.160101.0800)","Windows 10 Enterprise Evaluation","Windows 10 Enterprise Evaluation",windows,windows,"10.0",information,"Process Create:
RuleName: -
UtcTime: 2022-10-22 17:48:54.574
ProcessGuid: {461f0bd2-2d06-6354-ad00-000000001e00}
ProcessId: 5364
Image: C:\Windows\System32\reg.exe
FileVersion: 10.0.19041.1 (WinBuild.160101.0800)
Description: Registry Console Tool
Product: Microsoft® Windows® Operating System
Company: Microsoft Corporation
OriginalFileName: reg.exe
CommandLine: reg add ""HKLM\SYSTEM\CurrentControlSet\Services\WinDefend"" /v ""Start"" /t REG_DWORD /d ""4"" /f
CurrentDirectory: C:\Supertools\Nsudo\x64\
User: NT AUTHORITY\SYSTEM
LogonGuid: {461f0bd2-1c1d-6354-e703-000000000000}
LogonId: 0x3E7
TerminalSessionId: 1
IntegrityLevel: System
Hashes: MD5=227F63E1D9008B36BDBCC4B397780BE4,SHA256=C0E25B1F9B22DE445298C1E96DDFCEAD265CA030FA6626F61A4A4786CC4A3B7D,IMPHASH=BE482BE427FE212CFEF2CDA0E61F19AC
ParentProcessGuid: {461f0bd2-2d06-6354-ac00-000000001e00}
ParentProcessId: 4152
ParentImage: C:\Supertools\Nsudo\x64\NSudoLC.exe
ParentCommandLine: NSudoLC.exe  -U:T -ShowWindowMode:Hide reg add ""HKLM\SYSTEM\CurrentControlSet\Services\WinDefend"" /v ""Start"" /t REG_DWORD /d ""4"" /f
ParentUser: VICTIM\Patricia Goh","-","-","-","-","-","-","-","-","-","-","-","-","reg, add, HKLM\SYSTEM\CurrentControlSet\Services\WinDefend, /v, Start, /t, REG_DWORD, /d, 4, /f",10,"reg add ""HKLM\SYSTEM\CurrentControlSet\Services\WinDefend"" /v ""Start"" /t REG_DWORD /d ""4"" /f","reg add ""HKLM\SYSTEM\CurrentControlSet\Services\WinDefend"" /v ""Start"" /t REG_DWORD /d ""4"" /f","{461f0bd2-2d06-6354-ad00-000000001e00}","C:\Windows\System32\reg.exe","C:\Windows\System32\reg.exe",227f63e1d9008b36bdbcc4b397780be4,c0e25b1f9b22de445298c1e96ddfcead265ca030fa6626f61a4a4786cc4a3b7d,"reg.exe","reg.exe","NSudoLC.exe, -U:T, -ShowWindowMode:Hide, reg, add, HKLM\SYSTEM\CurrentControlSet\Services\WinDefend, /v, Start, /t, REG_DWORD, /d, 4, /f",13,"NSudoLC.exe  -U:T -ShowWindowMode:Hide reg add ""HKLM\SYSTEM\CurrentControlSet\Services\WinDefend"" /v ""Start"" /t REG_DWORD /d ""4"" /f","NSudoLC.exe  -U:T -ShowWindowMode:Hide reg add ""HKLM\SYSTEM\CurrentControlSet\Services\WinDefend"" /v ""Start"" /t REG_DWORD /d ""4"" /f","{461f0bd2-2d06-6354-ac00-000000001e00}","C:\Supertools\Nsudo\x64\NSudoLC.exe","C:\Supertools\Nsudo\x64\NSudoLC.exe","NSudoLC.exe","NSudoLC.exe",4152,"Microsoft Corporation","Registry Console Tool","10.0.19041.1 (WinBuild.160101.0800)",be482be427fe212cfef2cda0e61f19ac,"reg.exe","Microsoft® Windows® Operating System",5364,"-","-","C:\Supertools\Nsudo\x64\","C:\Supertools\Nsudo\x64\","-","-","-","-","-","-","c0e25b1f9b22de445298c1e96ddfcead265ca030fa6626f61a4a4786cc4a3b7d, 227f63e1d9008b36bdbcc4b397780be4, be482be427fe212cfef2cda0e61f19ac","-","-",SYSTEM,"-","-","NT AUTHORITY","-","S-1-5-18",SYSTEM,SYSTEM,"-",wineventlog,"Microsoft-Windows-Sysmon/Operational",victim,"Microsoft Corporation","-","Registry Console Tool","-","10.0.19041.1 (WinBuild.160101.0800)",System,"{461f0bd2-1c1d-6354-e703-000000000000}",0x3e7,"-","VICTIM\Patricia Goh","-","Microsoft® Windows® Operating System","-","-","-","-","-","-","-","-",1,"-",1,"-","-",Info,"2,276","2,512","{5770385f-c22a-43e0-bf4c-06f5698ffbd9}","Microsoft-Windows-Sysmon",4900,"Process Create (rule: ProcessCreate)","NT AUTHORITY","S-1-5-18",SYSTEM,User,5
"Oct 23, 2022 @ 01:48:54.509",mUXQAIQBHC0TB3lJ9phU,".ds-winlogbeat-8.2.3-2022.10.22-000001","-","c2c04a29-9d47-4de5-86f6-5958b0d4222c",victim,"b15c43c7-63a1-423e-901b-f1acc6401711",victim,winlogbeat,"8.2.3","-","-","-","-","-","-","-","1.12.0","Process Create (rule: ProcessCreate)",process,1,"Oct 23, 2022 @ 01:50:09.612","Oct 23, 2022 @ 01:50:05.388",event,sysmon,"-","Microsoft-Windows-Sysmon","-",start,"-","-","-","-","-","x86_64",victim,"461f0bd2-c182-413a-8a41-2a8e4accb4a9","fe80::4959:93ba:69a6:522d, 10.0.2.15, fe80::91a8:3d9e:36ba:f548, 172.19.96.10","08:00:27:7c:f3:ae, 08:00:27:22:f7:3c",victim,"19044.1889",windows,"10.0.19041.1889 (WinBuild.160101.0800)","Windows 10 Enterprise Evaluation","Windows 10 Enterprise Evaluation",windows,windows,"10.0",information,"Process Create:
RuleName: -
UtcTime: 2022-10-22 17:48:54.509
ProcessGuid: {461f0bd2-2d06-6354-ac00-000000001e00}
ProcessId: 4152
Image: C:\Supertools\Nsudo\x64\NSudoLC.exe
FileVersion: 9.0.2676.0
Description: NSudo Launcher
Product: NSudo
Company: M2-Team
OriginalFileName: NSudoL.exe
CommandLine: NSudoLC.exe  -U:T -ShowWindowMode:Hide reg add ""HKLM\SYSTEM\CurrentControlSet\Services\WinDefend"" /v ""Start"" /t REG_DWORD /d ""4"" /f
CurrentDirectory: C:\Supertools\Nsudo\x64\
User: VICTIM\Patricia Goh
LogonGuid: {461f0bd2-2bde-6354-1787-040000000000}
LogonId: 0x48717
TerminalSessionId: 1
IntegrityLevel: High
Hashes: MD5=E8D3152FBB5C7E8D585CA3ADB6CAA9A0,SHA256=9E166D334ECC9814E42ECCE759C3FA30F350D0AAEF68A67CC77E04258BE69722,IMPHASH=D975C2C3C5293A2210024C5A20DBA029
ParentProcessGuid: {461f0bd2-2c77-6354-9e00-000000001e00}
ParentProcessId: 1992
ParentImage: C:\Windows\System32\cmd.exe
ParentCommandLine: C:\Windows\system32\cmd.exe /c """"C:\Users\Patricia Goh\Desktop\Perci.bat"" ""
ParentUser: VICTIM\Patricia Goh","-","-","-","-","-","-","-","-","-","-","-","-","NSudoLC.exe, -U:T, -ShowWindowMode:Hide, reg, add, HKLM\SYSTEM\CurrentControlSet\Services\WinDefend, /v, Start, /t, REG_DWORD, /d, 4, /f",13,"NSudoLC.exe  -U:T -ShowWindowMode:Hide reg add ""HKLM\SYSTEM\CurrentControlSet\Services\WinDefend"" /v ""Start"" /t REG_DWORD /d ""4"" /f","NSudoLC.exe  -U:T -ShowWindowMode:Hide reg add ""HKLM\SYSTEM\CurrentControlSet\Services\WinDefend"" /v ""Start"" /t REG_DWORD /d ""4"" /f","{461f0bd2-2d06-6354-ac00-000000001e00}","C:\Supertools\Nsudo\x64\NSudoLC.exe","C:\Supertools\Nsudo\x64\NSudoLC.exe",e8d3152fbb5c7e8d585ca3adb6caa9a0,9e166d334ecc9814e42ecce759c3fa30f350d0aaef68a67cc77e04258be69722,"NSudoLC.exe","NSudoLC.exe","C:\Windows\system32\cmd.exe, /c, C:\Users\Patricia, Goh\Desktop\Perci.bat ",4,"C:\Windows\system32\cmd.exe /c """"C:\Users\Patricia Goh\Desktop\Perci.bat"" ""","C:\Windows\system32\cmd.exe /c """"C:\Users\Patricia Goh\Desktop\Perci.bat"" ""","{461f0bd2-2c77-6354-9e00-000000001e00}","C:\Windows\System32\cmd.exe","C:\Windows\System32\cmd.exe","cmd.exe","cmd.exe",1992,"M2-Team","NSudo Launcher","9.0.2676.0",d975c2c3c5293a2210024c5a20dba029,"NSudoL.exe",NSudo,4152,"-","-","C:\Supertools\Nsudo\x64\","C:\Supertools\Nsudo\x64\","-","-","-","-","-","-","9e166d334ecc9814e42ecce759c3fa30f350d0aaef68a67cc77e04258be69722, e8d3152fbb5c7e8d585ca3adb6caa9a0, d975c2c3c5293a2210024c5a20dba029","-","-","Patricia Goh","-","-",VICTIM,"-","S-1-5-18","Patricia Goh","Patricia Goh","-",wineventlog,"Microsoft-Windows-Sysmon/Operational",victim,"M2-Team","-","NSudo Launcher","-","9.0.2676.0",High,"{461f0bd2-2bde-6354-1787-040000000000}",0x48717,"-","VICTIM\Patricia Goh","-",NSudo,"-","-","-","-","-","-","-","-",1,"-",1,"-","-",Info,"2,276","2,512","{5770385f-c22a-43e0-bf4c-06f5698ffbd9}","Microsoft-Windows-Sysmon",4899,"Process Create (rule: ProcessCreate)","NT AUTHORITY","S-1-5-18",SYSTEM,User,5
"Oct 23, 2022 @ 01:48:54.440",mEXQAIQBHC0TB3lJ9phU,".ds-winlogbeat-8.2.3-2022.10.22-000001","-","c2c04a29-9d47-4de5-86f6-5958b0d4222c",victim,"b15c43c7-63a1-423e-901b-f1acc6401711",victim,winlogbeat,"8.2.3","-","-","-","-","-","-","-","1.12.0","Process Create (rule: ProcessCreate)",process,1,"Oct 23, 2022 @ 01:50:09.611","Oct 23, 2022 @ 01:50:05.387",event,sysmon,"-","Microsoft-Windows-Sysmon","-",start,"-","-","-","-","-","x86_64",victim,"461f0bd2-c182-413a-8a41-2a8e4accb4a9","fe80::4959:93ba:69a6:522d, 10.0.2.15, fe80::91a8:3d9e:36ba:f548, 172.19.96.10","08:00:27:7c:f3:ae, 08:00:27:22:f7:3c",victim,"19044.1889",windows,"10.0.19041.1889 (WinBuild.160101.0800)","Windows 10 Enterprise Evaluation","Windows 10 Enterprise Evaluation",windows,windows,"10.0",information,"Process Create:
RuleName: -
UtcTime: 2022-10-22 17:48:54.440
ProcessGuid: {461f0bd2-2d06-6354-aa00-000000001e00}
ProcessId: 1156
Image: C:\Windows\System32\reg.exe
FileVersion: 10.0.19041.1 (WinBuild.160101.0800)
Description: Registry Console Tool
Product: Microsoft® Windows® Operating System
Company: Microsoft Corporation
OriginalFileName: reg.exe
CommandLine: reg add ""HKLM\SYSTEM\CurrentControlSet\Services\WdNisSvc""  /v ""Start"" /t REG_DWORD /d ""4"" /f
CurrentDirectory: C:\Supertools\Nsudo\x64\
User: NT AUTHORITY\SYSTEM
LogonGuid: {461f0bd2-1c1d-6354-e703-000000000000}
LogonId: 0x3E7
TerminalSessionId: 1
IntegrityLevel: System
Hashes: MD5=227F63E1D9008B36BDBCC4B397780BE4,SHA256=C0E25B1F9B22DE445298C1E96DDFCEAD265CA030FA6626F61A4A4786CC4A3B7D,IMPHASH=BE482BE427FE212CFEF2CDA0E61F19AC
ParentProcessGuid: {461f0bd2-2d01-6354-a800-000000001e00}
ParentProcessId: 3900
ParentImage: C:\Supertools\Nsudo\x64\NSudoLC.exe
ParentCommandLine: NSudoLC.exe  -U:T -ShowWindowMode:Hide reg add ""HKLM\SYSTEM\CurrentControlSet\Services\WdNisSvc""  /v ""Start"" /t REG_DWORD /d ""4"" /f
ParentUser: VICTIM\Patricia Goh","-","-","-","-","-","-","-","-","-","-","-","-","reg, add, HKLM\SYSTEM\CurrentControlSet\Services\WdNisSvc, /v, Start, /t, REG_DWORD, /d, 4, /f",10,"reg add ""HKLM\SYSTEM\CurrentControlSet\Services\WdNisSvc""  /v ""Start"" /t REG_DWORD /d ""4"" /f","reg add ""HKLM\SYSTEM\CurrentControlSet\Services\WdNisSvc""  /v ""Start"" /t REG_DWORD /d ""4"" /f","{461f0bd2-2d06-6354-aa00-000000001e00}","C:\Windows\System32\reg.exe","C:\Windows\System32\reg.exe",227f63e1d9008b36bdbcc4b397780be4,c0e25b1f9b22de445298c1e96ddfcead265ca030fa6626f61a4a4786cc4a3b7d,"reg.exe","reg.exe","NSudoLC.exe, -U:T, -ShowWindowMode:Hide, reg, add, HKLM\SYSTEM\CurrentControlSet\Services\WdNisSvc, /v, Start, /t, REG_DWORD, /d, 4, /f",13,"NSudoLC.exe  -U:T -ShowWindowMode:Hide reg add ""HKLM\SYSTEM\CurrentControlSet\Services\WdNisSvc""  /v ""Start"" /t REG_DWORD /d ""4"" /f","NSudoLC.exe  -U:T -ShowWindowMode:Hide reg add ""HKLM\SYSTEM\CurrentControlSet\Services\WdNisSvc""  /v ""Start"" /t REG_DWORD /d ""4"" /f","{461f0bd2-2d01-6354-a800-000000001e00}","C:\Supertools\Nsudo\x64\NSudoLC.exe","C:\Supertools\Nsudo\x64\NSudoLC.exe","NSudoLC.exe","NSudoLC.exe",3900,"Microsoft Corporation","Registry Console Tool","10.0.19041.1 (WinBuild.160101.0800)",be482be427fe212cfef2cda0e61f19ac,"reg.exe","Microsoft® Windows® Operating System",1156,"-","-","C:\Supertools\Nsudo\x64\","C:\Supertools\Nsudo\x64\","-","-","-","-","-","-","c0e25b1f9b22de445298c1e96ddfcead265ca030fa6626f61a4a4786cc4a3b7d, 227f63e1d9008b36bdbcc4b397780be4, be482be427fe212cfef2cda0e61f19ac","-","-",SYSTEM,"-","-","NT AUTHORITY","-","S-1-5-18",SYSTEM,SYSTEM,"-",wineventlog,"Microsoft-Windows-Sysmon/Operational",victim,"Microsoft Corporation","-","Registry Console Tool","-","10.0.19041.1 (WinBuild.160101.0800)",System,"{461f0bd2-1c1d-6354-e703-000000000000}",0x3e7,"-","VICTIM\Patricia Goh","-","Microsoft® Windows® Operating System","-","-","-","-","-","-","-","-",1,"-",1,"-","-",Info,"2,276","2,512","{5770385f-c22a-43e0-bf4c-06f5698ffbd9}","Microsoft-Windows-Sysmon",4898,"Process Create (rule: ProcessCreate)","NT AUTHORITY","S-1-5-18",SYSTEM,User,5
"Oct 23, 2022 @ 01:48:49.381",l0XQAIQBHC0TB3lJ9phU,".ds-winlogbeat-8.2.3-2022.10.22-000001","-","c2c04a29-9d47-4de5-86f6-5958b0d4222c",victim,"b15c43c7-63a1-423e-901b-f1acc6401711",victim,winlogbeat,"8.2.3","-","-","-","-","-","-","-","1.12.0","Process Create (rule: ProcessCreate)",process,1,"Oct 23, 2022 @ 01:50:09.611","Oct 23, 2022 @ 01:50:05.387",event,sysmon,"-","Microsoft-Windows-Sysmon","-",start,"-","-","-","-","-","x86_64",victim,"461f0bd2-c182-413a-8a41-2a8e4accb4a9","fe80::4959:93ba:69a6:522d, 10.0.2.15, fe80::91a8:3d9e:36ba:f548, 172.19.96.10","08:00:27:7c:f3:ae, 08:00:27:22:f7:3c",victim,"19044.1889",windows,"10.0.19041.1889 (WinBuild.160101.0800)","Windows 10 Enterprise Evaluation","Windows 10 Enterprise Evaluation",windows,windows,"10.0",information,"Process Create:
RuleName: -
UtcTime: 2022-10-22 17:48:49.381
ProcessGuid: {461f0bd2-2d01-6354-a900-000000001e00}
ProcessId: 5980
Image: C:\Windows\servicing\TrustedInstaller.exe
FileVersion: 10.0.19041.1741 (WinBuild.160101.0800)
Description: Windows Modules Installer
Product: Microsoft® Windows® Operating System
Company: Microsoft Corporation
OriginalFileName: TrustedInstaller.exe
CommandLine: C:\Windows\servicing\TrustedInstaller.exe
CurrentDirectory: C:\Windows\system32\
User: NT AUTHORITY\SYSTEM
LogonGuid: {461f0bd2-1c1d-6354-e703-000000000000}
LogonId: 0x3E7
TerminalSessionId: 0
IntegrityLevel: System
Hashes: MD5=D098F2FC042FBF6879D47E3A86FBB4A1,SHA256=7F0E3E2682A24A6B27484226CC0C7B30F837EA08B01F82C7B7AC094BF0A88CE5,IMPHASH=A36251F871E741F4ABE36BD6D61A9C01
ParentProcessGuid: {00000000-0000-0000-0000-000000000000}
ParentProcessId: 660
ParentImage: -
ParentCommandLine: -
ParentUser: -","-","-","-","-","-","-","-","-","-","-","-","-","C:\Windows\servicing\TrustedInstaller.exe",1,"C:\Windows\servicing\TrustedInstaller.exe","C:\Windows\servicing\TrustedInstaller.exe","{461f0bd2-2d01-6354-a900-000000001e00}","C:\Windows\servicing\TrustedInstaller.exe","C:\Windows\servicing\TrustedInstaller.exe",d098f2fc042fbf6879d47e3a86fbb4a1,7f0e3e2682a24a6b27484226cc0c7b30f837ea08b01f82c7b7ac094bf0a88ce5,"TrustedInstaller.exe","TrustedInstaller.exe","-",1,"-","-","{00000000-0000-0000-0000-000000000000}","-","-","-","-",660,"Microsoft Corporation","Windows Modules Installer","10.0.19041.1741 (WinBuild.160101.0800)",a36251f871e741f4abe36bd6d61a9c01,"TrustedInstaller.exe","Microsoft® Windows® Operating System",5980,"-","-","C:\Windows\system32\","C:\Windows\system32\","-","-","-","-","-","-","7f0e3e2682a24a6b27484226cc0c7b30f837ea08b01f82c7b7ac094bf0a88ce5, d098f2fc042fbf6879d47e3a86fbb4a1, a36251f871e741f4abe36bd6d61a9c01","-","-",SYSTEM,"-","-","NT AUTHORITY","-","S-1-5-18",SYSTEM,SYSTEM,"-",wineventlog,"Microsoft-Windows-Sysmon/Operational",victim,"Microsoft Corporation","-","Windows Modules Installer","-","10.0.19041.1741 (WinBuild.160101.0800)",System,"{461f0bd2-1c1d-6354-e703-000000000000}",0x3e7,"-","-","-","Microsoft® Windows® Operating System","-","-","-","-","-","-","-","-",0,"-",1,"-","-",Info,"2,276","2,512","{5770385f-c22a-43e0-bf4c-06f5698ffbd9}","Microsoft-Windows-Sysmon",4897,"Process Create (rule: ProcessCreate)","NT AUTHORITY","S-1-5-18",SYSTEM,User,5
