"Oct 23, 2022 @ 01:48:49.304",lkXQAIQBHC0TB3lJ9phU,".ds-winlogbeat-8.2.3-2022.10.22-000001","-","c2c04a29-9d47-4de5-86f6-5958b0d4222c",victim,"b15c43c7-63a1-423e-901b-f1acc6401711",victim,winlogbeat,"8.2.3","-","-","-","-","-","-","-","1.12.0","Process Create (rule: ProcessCreate)",process,1,"Oct 23, 2022 @ 01:50:09.611","Oct 23, 2022 @ 01:50:05.387",event,sysmon,"-","Microsoft-Windows-Sysmon","-",start,"-","-","-","-","-","x86_64",victim,"461f0bd2-c182-413a-8a41-2a8e4accb4a9","fe80::4959:93ba:69a6:522d, 10.0.2.15, fe80::91a8:3d9e:36ba:f548, 172.19.96.10","08:00:27:7c:f3:ae, 08:00:27:22:f7:3c",victim,"19044.1889",windows,"10.0.19041.1889 (WinBuild.160101.0800)","Windows 10 Enterprise Evaluation","Windows 10 Enterprise Evaluation",windows,windows,"10.0",information,"Process Create:
RuleName: -
UtcTime: 2022-10-22 17:48:49.304
ProcessGuid: {461f0bd2-2d01-6354-a800-000000001e00}
ProcessId: 3900
Image: C:\Supertools\Nsudo\x64\NSudoLC.exe
FileVersion: 9.0.2676.0
Description: NSudo Launcher
Product: NSudo
Company: M2-Team
OriginalFileName: NSudoL.exe
CommandLine: NSudoLC.exe  -U:T -ShowWindowMode:Hide reg add ""HKLM\SYSTEM\CurrentControlSet\Services\WdNisSvc""  /v ""Start"" /t REG_DWORD /d ""4"" /f
CurrentDirectory: C:\Supertools\Nsudo\x64\
User: VICTIM\Patricia Goh
LogonGuid: {461f0bd2-2bde-6354-1787-040000000000}
LogonId: 0x48717
TerminalSessionId: 1
IntegrityLevel: High
Hashes: MD5=E8D3152FBB5C7E8D585CA3ADB6CAA9A0,SHA256=9E166D334ECC9814E42ECCE759C3FA30F350D0AAEF68A67CC77E04258BE69722,IMPHASH=D975C2C3C5293A2210024C5A20DBA029
ParentProcessGuid: {461f0bd2-2c77-6354-9e00-000000001e00}
ParentProcessId: 1992
ParentImage: C:\Windows\System32\cmd.exe
ParentCommandLine: C:\Windows\system32\cmd.exe /c """"C:\Users\Patricia Goh\Desktop\Perci.bat"" ""
ParentUser: VICTIM\Patricia Goh","-","-","-","-","-","-","-","-","-","-","-","-","NSudoLC.exe, -U:T, -ShowWindowMode:Hide, reg, add, HKLM\SYSTEM\CurrentControlSet\Services\WdNisSvc, /v, Start, /t, REG_DWORD, /d, 4, /f",13,"NSudoLC.exe  -U:T -ShowWindowMode:Hide reg add ""HKLM\SYSTEM\CurrentControlSet\Services\WdNisSvc""  /v ""Start"" /t REG_DWORD /d ""4"" /f","NSudoLC.exe  -U:T -ShowWindowMode:Hide reg add ""HKLM\SYSTEM\CurrentControlSet\Services\WdNisSvc""  /v ""Start"" /t REG_DWORD /d ""4"" /f","{461f0bd2-2d01-6354-a800-000000001e00}","C:\Supertools\Nsudo\x64\NSudoLC.exe","C:\Supertools\Nsudo\x64\NSudoLC.exe",e8d3152fbb5c7e8d585ca3adb6caa9a0,9e166d334ecc9814e42ecce759c3fa30f350d0aaef68a67cc77e04258be69722,"NSudoLC.exe","NSudoLC.exe","C:\Windows\system32\cmd.exe, /c, C:\Users\Patricia, Goh\Desktop\Perci.bat ",4,"C:\Windows\system32\cmd.exe /c """"C:\Users\Patricia Goh\Desktop\Perci.bat"" ""","C:\Windows\system32\cmd.exe /c """"C:\Users\Patricia Goh\Desktop\Perci.bat"" ""","{461f0bd2-2c77-6354-9e00-000000001e00}","C:\Windows\System32\cmd.exe","C:\Windows\System32\cmd.exe","cmd.exe","cmd.exe",1992,"M2-Team","NSudo Launcher","9.0.2676.0",d975c2c3c5293a2210024c5a20dba029,"NSudoL.exe",NSudo,3900,"-","-","C:\Supertools\Nsudo\x64\","C:\Supertools\Nsudo\x64\","-","-","-","-","-","-","9e166d334ecc9814e42ecce759c3fa30f350d0aaef68a67cc77e04258be69722, e8d3152fbb5c7e8d585ca3adb6caa9a0, d975c2c3c5293a2210024c5a20dba029","-","-","Patricia Goh","-","-",VICTIM,"-","S-1-5-18","Patricia Goh","Patricia Goh","-",wineventlog,"Microsoft-Windows-Sysmon/Operational",victim,"M2-Team","-","NSudo Launcher","-","9.0.2676.0",High,"{461f0bd2-2bde-6354-1787-040000000000}",0x48717,"-","VICTIM\Patricia Goh","-",NSudo,"-","-","-","-","-","-","-","-",1,"-",1,"-","-",Info,"2,276","2,512","{5770385f-c22a-43e0-bf4c-06f5698ffbd9}","Microsoft-Windows-Sysmon",4896,"Process Create (rule: ProcessCreate)","NT AUTHORITY","S-1-5-18",SYSTEM,User,5
"Oct 23, 2022 @ 01:48:49.053",lUXQAIQBHC0TB3lJ9phU,".ds-winlogbeat-8.2.3-2022.10.22-000001","-","c2c04a29-9d47-4de5-86f6-5958b0d4222c",victim,"b15c43c7-63a1-423e-901b-f1acc6401711",victim,winlogbeat,"8.2.3","-","-","-","-","-","-","-","1.12.0","File created (rule: FileCreate)",file,11,"Oct 23, 2022 @ 01:50:09.611","Oct 23, 2022 @ 01:50:05.386",event,sysmon,"-","Microsoft-Windows-Sysmon","-",creation,"C:\Supertools\Nsudo\x64",exe,"NSudoPluginHost.exe","C:\Supertools\Nsudo\x64\NSudoPluginHost.exe","C:\Supertools\Nsudo\x64\NSudoPluginHost.exe","x86_64",victim,"461f0bd2-c182-413a-8a41-2a8e4accb4a9","fe80::4959:93ba:69a6:522d, 10.0.2.15, fe80::91a8:3d9e:36ba:f548, 172.19.96.10","08:00:27:7c:f3:ae, 08:00:27:22:f7:3c",victim,"19044.1889",windows,"10.0.19041.1889 (WinBuild.160101.0800)","Windows 10 Enterprise Evaluation","Windows 10 Enterprise Evaluation",windows,windows,"10.0",information,"File created:
RuleName: EXE
UtcTime: 2022-10-22 17:48:49.053
ProcessGuid: {461f0bd2-2c7a-6354-a300-000000001e00}
ProcessId: 5936
Image: C:\Windows\System32\WindowsPowerShell\v1.0\powershell.exe
TargetFilename: C:\Supertools\Nsudo\x64\NSudoPluginHost.exe
CreationUtcTime: 2022-10-22 17:48:49.053
User: VICTIM\Patricia Goh","-","-","-","-","-","-","-","-","-","-","-","-","-","-","-","-","{461f0bd2-2c7a-6354-a300-000000001e00}","C:\Windows\System32\WindowsPowerShell\v1.0\powershell.exe","C:\Windows\System32\WindowsPowerShell\v1.0\powershell.exe","-","-","powershell.exe","powershell.exe","-","-","-","-","-","-","-","-","-","-","-","-","-","-","-","-",5936,"-","-","-","-","-","-","-","-","-","-","-","-","-","Patricia Goh",EXE,"-",VICTIM,"-","S-1-5-18","Patricia Goh","Patricia Goh","-",wineventlog,"Microsoft-Windows-Sysmon/Operational",victim,"-","2022-10-22 17:48:49.053","-","-","-","-","-","-","-","-","-","-","-","-","-","-","-","-","-","-","-","-",11,"-","-",Info,"2,276","2,512","{5770385f-c22a-43e0-bf4c-06f5698ffbd9}","Microsoft-Windows-Sysmon",4895,"File created (rule: FileCreate)","NT AUTHORITY","S-1-5-18",SYSTEM,User,2
"Oct 23, 2022 @ 01:48:49.016",lEXQAIQBHC0TB3lJ9phU,".ds-winlogbeat-8.2.3-2022.10.22-000001","-","c2c04a29-9d47-4de5-86f6-5958b0d4222c",victim,"b15c43c7-63a1-423e-901b-f1acc6401711",victim,winlogbeat,"8.2.3","-","-","-","-","-","-","-","1.12.0","File created (rule: FileCreate)",file,11,"Oct 23, 2022 @ 01:50:09.611","Oct 23, 2022 @ 01:50:05.386",event,sysmon,"-","Microsoft-Windows-Sysmon","-",creation,"C:\Supertools\Nsudo\x64",exe,"NSudoLG.exe","C:\Supertools\Nsudo\x64\NSudoLG.exe","C:\Supertools\Nsudo\x64\NSudoLG.exe","x86_64",victim,"461f0bd2-c182-413a-8a41-2a8e4accb4a9","fe80::4959:93ba:69a6:522d, 10.0.2.15, fe80::91a8:3d9e:36ba:f548, 172.19.96.10","08:00:27:7c:f3:ae, 08:00:27:22:f7:3c",victim,"19044.1889",windows,"10.0.19041.1889 (WinBuild.160101.0800)","Windows 10 Enterprise Evaluation","Windows 10 Enterprise Evaluation",windows,windows,"10.0",information,"File created:
RuleName: EXE
UtcTime: 2022-10-22 17:48:49.016
ProcessGuid: {461f0bd2-2c7a-6354-a300-000000001e00}
ProcessId: 5936
Image: C:\Windows\System32\WindowsPowerShell\v1.0\powershell.exe
TargetFilename: C:\Supertools\Nsudo\x64\NSudoLG.exe
CreationUtcTime: 2022-10-22 17:48:49.016
User: VICTIM\Patricia Goh","-","-","-","-","-","-","-","-","-","-","-","-","-","-","-","-","{461f0bd2-2c7a-6354-a300-000000001e00}","C:\Windows\System32\WindowsPowerShell\v1.0\powershell.exe","C:\Windows\System32\WindowsPowerShell\v1.0\powershell.exe","-","-","powershell.exe","powershell.exe","-","-","-","-","-","-","-","-","-","-","-","-","-","-","-","-",5936,"-","-","-","-","-","-","-","-","-","-","-","-","-","Patricia Goh",EXE,"-",VICTIM,"-","S-1-5-18","Patricia Goh","Patricia Goh","-",wineventlog,"Microsoft-Windows-Sysmon/Operational",victim,"-","2022-10-22 17:48:49.016","-","-","-","-","-","-","-","-","-","-","-","-","-","-","-","-","-","-","-","-",11,"-","-",Info,"2,276","2,512","{5770385f-c22a-43e0-bf4c-06f5698ffbd9}","Microsoft-Windows-Sysmon",4894,"File created (rule: FileCreate)","NT AUTHORITY","S-1-5-18",SYSTEM,User,2
"Oct 23, 2022 @ 01:48:48.772",k0XQAIQBHC0TB3lJ9phU,".ds-winlogbeat-8.2.3-2022.10.22-000001","-","c2c04a29-9d47-4de5-86f6-5958b0d4222c",victim,"b15c43c7-63a1-423e-901b-f1acc6401711",victim,winlogbeat,"8.2.3","-","-","-","-","-","-","-","1.12.0","File created (rule: FileCreate)",file,11,"Oct 23, 2022 @ 01:50:09.611","Oct 23, 2022 @ 01:50:05.386",event,sysmon,"-","Microsoft-Windows-Sysmon","-",creation,"C:\Supertools\Nsudo\x64",exe,"NSudoLC.exe","C:\Supertools\Nsudo\x64\NSudoLC.exe","C:\Supertools\Nsudo\x64\NSudoLC.exe","x86_64",victim,"461f0bd2-c182-413a-8a41-2a8e4accb4a9","fe80::4959:93ba:69a6:522d, 10.0.2.15, fe80::91a8:3d9e:36ba:f548, 172.19.96.10","08:00:27:7c:f3:ae, 08:00:27:22:f7:3c",victim,"19044.1889",windows,"10.0.19041.1889 (WinBuild.160101.0800)","Windows 10 Enterprise Evaluation","Windows 10 Enterprise Evaluation",windows,windows,"10.0",information,"File created:
RuleName: EXE
UtcTime: 2022-10-22 17:48:48.772
ProcessGuid: {461f0bd2-2c7a-6354-a300-000000001e00}
ProcessId: 5936
Image: C:\Windows\System32\WindowsPowerShell\v1.0\powershell.exe
TargetFilename: C:\Supertools\Nsudo\x64\NSudoLC.exe
CreationUtcTime: 2022-10-22 17:48:48.772
User: VICTIM\Patricia Goh","-","-","-","-","-","-","-","-","-","-","-","-","-","-","-","-","{461f0bd2-2c7a-6354-a300-000000001e00}","C:\Windows\System32\WindowsPowerShell\v1.0\powershell.exe","C:\Windows\System32\WindowsPowerShell\v1.0\powershell.exe","-","-","powershell.exe","powershell.exe","-","-","-","-","-","-","-","-","-","-","-","-","-","-","-","-",5936,"-","-","-","-","-","-","-","-","-","-","-","-","-","Patricia Goh",EXE,"-",VICTIM,"-","S-1-5-18","Patricia Goh","Patricia Goh","-",wineventlog,"Microsoft-Windows-Sysmon/Operational",victim,"-","2022-10-22 17:48:48.772","-","-","-","-","-","-","-","-","-","-","-","-","-","-","-","-","-","-","-","-",11,"-","-",Info,"2,276","2,512","{5770385f-c22a-43e0-bf4c-06f5698ffbd9}","Microsoft-Windows-Sysmon",4893,"File created (rule: FileCreate)","NT AUTHORITY","S-1-5-18",SYSTEM,User,2
"Oct 23, 2022 @ 01:48:48.564",kkXQAIQBHC0TB3lJ9phU,".ds-winlogbeat-8.2.3-2022.10.22-000001","-","c2c04a29-9d47-4de5-86f6-5958b0d4222c",victim,"b15c43c7-63a1-423e-901b-f1acc6401711",victim,winlogbeat,"8.2.3","-","-","-","-","-","-","-","1.12.0","File created (rule: FileCreate)",file,11,"Oct 23, 2022 @ 01:50:09.611","Oct 23, 2022 @ 01:50:05.386",event,sysmon,"-","Microsoft-Windows-Sysmon","-",creation,"C:\Supertools\Nsudo\x64",dll,"NSudoDM.dll","C:\Supertools\Nsudo\x64\NSudoDM.dll","C:\Supertools\Nsudo\x64\NSudoDM.dll","x86_64",victim,"461f0bd2-c182-413a-8a41-2a8e4accb4a9","fe80::4959:93ba:69a6:522d, 10.0.2.15, fe80::91a8:3d9e:36ba:f548, 172.19.96.10","08:00:27:7c:f3:ae, 08:00:27:22:f7:3c",victim,"19044.1889",windows,"10.0.19041.1889 (WinBuild.160101.0800)","Windows 10 Enterprise Evaluation","Windows 10 Enterprise Evaluation",windows,windows,"10.0",information,"File created:
RuleName: DLL
UtcTime: 2022-10-22 17:48:48.564
ProcessGuid: {461f0bd2-2c7a-6354-a300-000000001e00}
ProcessId: 5936
Image: C:\Windows\System32\WindowsPowerShell\v1.0\powershell.exe
TargetFilename: C:\Supertools\Nsudo\x64\NSudoDM.dll
CreationUtcTime: 2022-10-22 17:48:48.564
User: VICTIM\Patricia Goh","-","-","-","-","-","-","-","-","-","-","-","-","-","-","-","-","{461f0bd2-2c7a-6354-a300-000000001e00}","C:\Windows\System32\WindowsPowerShell\v1.0\powershell.exe","C:\Windows\System32\WindowsPowerShell\v1.0\powershell.exe","-","-","powershell.exe","powershell.exe","-","-","-","-","-","-","-","-","-","-","-","-","-","-","-","-",5936,"-","-","-","-","-","-","-","-","-","-","-","-","-","Patricia Goh",DLL,"-",VICTIM,"-","S-1-5-18","Patricia Goh","Patricia Goh","-",wineventlog,"Microsoft-Windows-Sysmon/Operational",victim,"-","2022-10-22 17:48:48.564","-","-","-","-","-","-","-","-","-","-","-","-","-","-","-","-","-","-","-","-",11,"-","-",Info,"2,276","2,512","{5770385f-c22a-43e0-bf4c-06f5698ffbd9}","Microsoft-Windows-Sysmon",4892,"File created (rule: FileCreate)","NT AUTHORITY","S-1-5-18",SYSTEM,User,2
"Oct 23, 2022 @ 01:48:48.159",kUXQAIQBHC0TB3lJ9phU,".ds-winlogbeat-8.2.3-2022.10.22-000001","-","c2c04a29-9d47-4de5-86f6-5958b0d4222c",victim,"b15c43c7-63a1-423e-901b-f1acc6401711",victim,winlogbeat,"8.2.3","-","-","-","-","-","-","-","1.12.0","File created (rule: FileCreate)",file,11,"Oct 23, 2022 @ 01:50:09.610","Oct 23, 2022 @ 01:50:05.385",event,sysmon,"-","Microsoft-Windows-Sysmon","-",creation,"C:\Supertools\Nsudo\x64",dll,"NSudoAPI.dll","C:\Supertools\Nsudo\x64\NSudoAPI.dll","C:\Supertools\Nsudo\x64\NSudoAPI.dll","x86_64",victim,"461f0bd2-c182-413a-8a41-2a8e4accb4a9","fe80::4959:93ba:69a6:522d, 10.0.2.15, fe80::91a8:3d9e:36ba:f548, 172.19.96.10","08:00:27:7c:f3:ae, 08:00:27:22:f7:3c",victim,"19044.1889",windows,"10.0.19041.1889 (WinBuild.160101.0800)","Windows 10 Enterprise Evaluation","Windows 10 Enterprise Evaluation",windows,windows,"10.0",information,"File created:
RuleName: DLL
UtcTime: 2022-10-22 17:48:48.159
ProcessGuid: {461f0bd2-2c7a-6354-a300-000000001e00}
ProcessId: 5936
Image: C:\Windows\System32\WindowsPowerShell\v1.0\powershell.exe
TargetFilename: C:\Supertools\Nsudo\x64\NSudoAPI.dll
CreationUtcTime: 2022-10-22 17:48:48.159
User: VICTIM\Patricia Goh","-","-","-","-","-","-","-","-","-","-","-","-","-","-","-","-","{461f0bd2-2c7a-6354-a300-000000001e00}","C:\Windows\System32\WindowsPowerShell\v1.0\powershell.exe","C:\Windows\System32\WindowsPowerShell\v1.0\powershell.exe","-","-","powershell.exe","powershell.exe","-","-","-","-","-","-","-","-","-","-","-","-","-","-","-","-",5936,"-","-","-","-","-","-","-","-","-","-","-","-","-","Patricia Goh",DLL,"-",VICTIM,"-","S-1-5-18","Patricia Goh","Patricia Goh","-",wineventlog,"Microsoft-Windows-Sysmon/Operational",victim,"-","2022-10-22 17:48:48.159","-","-","-","-","-","-","-","-","-","-","-","-","-","-","-","-","-","-","-","-",11,"-","-",Info,"2,276","2,512","{5770385f-c22a-43e0-bf4c-06f5698ffbd9}","Microsoft-Windows-Sysmon",4891,"File created (rule: FileCreate)","NT AUTHORITY","S-1-5-18",SYSTEM,User,2
"Oct 23, 2022 @ 01:48:47.696",kEXQAIQBHC0TB3lJ9phU,".ds-winlogbeat-8.2.3-2022.10.22-000001","-","c2c04a29-9d47-4de5-86f6-5958b0d4222c",victim,"b15c43c7-63a1-423e-901b-f1acc6401711",victim,winlogbeat,"8.2.3","-","-","-","-","-","-","-","1.12.0","File created (rule: FileCreate)",file,11,"Oct 23, 2022 @ 01:50:09.610","Oct 23, 2022 @ 01:50:05.385",event,sysmon,"-","Microsoft-Windows-Sysmon","-",creation,"C:\Supertools\Nsudo\x64",dll,"MoPlugin.dll","C:\Supertools\Nsudo\x64\MoPlugin.dll","C:\Supertools\Nsudo\x64\MoPlugin.dll","x86_64",victim,"461f0bd2-c182-413a-8a41-2a8e4accb4a9","fe80::4959:93ba:69a6:522d, 10.0.2.15, fe80::91a8:3d9e:36ba:f548, 172.19.96.10","08:00:27:7c:f3:ae, 08:00:27:22:f7:3c",victim,"19044.1889",windows,"10.0.19041.1889 (WinBuild.160101.0800)","Windows 10 Enterprise Evaluation","Windows 10 Enterprise Evaluation",windows,windows,"10.0",information,"File created:
RuleName: DLL
UtcTime: 2022-10-22 17:48:47.696
ProcessGuid: {461f0bd2-2c7a-6354-a300-000000001e00}
ProcessId: 5936
Image: C:\Windows\System32\WindowsPowerShell\v1.0\powershell.exe
TargetFilename: C:\Supertools\Nsudo\x64\MoPlugin.dll
CreationUtcTime: 2022-10-22 17:48:47.696
User: VICTIM\Patricia Goh","-","-","-","-","-","-","-","-","-","-","-","-","-","-","-","-","{461f0bd2-2c7a-6354-a300-000000001e00}","C:\Windows\System32\WindowsPowerShell\v1.0\powershell.exe","C:\Windows\System32\WindowsPowerShell\v1.0\powershell.exe","-","-","powershell.exe","powershell.exe","-","-","-","-","-","-","-","-","-","-","-","-","-","-","-","-",5936,"-","-","-","-","-","-","-","-","-","-","-","-","-","Patricia Goh",DLL,"-",VICTIM,"-","S-1-5-18","Patricia Goh","Patricia Goh","-",wineventlog,"Microsoft-Windows-Sysmon/Operational",victim,"-","2022-10-22 17:48:47.696","-","-","-","-","-","-","-","-","-","-","-","-","-","-","-","-","-","-","-","-",11,"-","-",Info,"2,276","2,512","{5770385f-c22a-43e0-bf4c-06f5698ffbd9}","Microsoft-Windows-Sysmon",4890,"File created (rule: FileCreate)","NT AUTHORITY","S-1-5-18",SYSTEM,User,2
"Oct 23, 2022 @ 01:48:47.399",j0XQAIQBHC0TB3lJ9phU,".ds-winlogbeat-8.2.3-2022.10.22-000001","-","c2c04a29-9d47-4de5-86f6-5958b0d4222c",victim,"b15c43c7-63a1-423e-901b-f1acc6401711",victim,winlogbeat,"8.2.3","-","-","-","-","-","-","-","1.12.0","File created (rule: FileCreate)",file,11,"Oct 23, 2022 @ 01:50:09.610","Oct 23, 2022 @ 01:50:05.385",event,sysmon,"-","Microsoft-Windows-Sysmon","-",creation,"C:\Supertools\Nsudo\Win32",exe,"NSudoPluginHost.exe","C:\Supertools\Nsudo\Win32\NSudoPluginHost.exe","C:\Supertools\Nsudo\Win32\NSudoPluginHost.exe","x86_64",victim,"461f0bd2-c182-413a-8a41-2a8e4accb4a9","fe80::4959:93ba:69a6:522d, 10.0.2.15, fe80::91a8:3d9e:36ba:f548, 172.19.96.10","08:00:27:7c:f3:ae, 08:00:27:22:f7:3c",victim,"19044.1889",windows,"10.0.19041.1889 (WinBuild.160101.0800)","Windows 10 Enterprise Evaluation","Windows 10 Enterprise Evaluation",windows,windows,"10.0",information,"File created:
RuleName: EXE
UtcTime: 2022-10-22 17:48:47.399
ProcessGuid: {461f0bd2-2c7a-6354-a300-000000001e00}
ProcessId: 5936
Image: C:\Windows\System32\WindowsPowerShell\v1.0\powershell.exe
TargetFilename: C:\Supertools\Nsudo\Win32\NSudoPluginHost.exe
CreationUtcTime: 2022-10-22 17:48:47.399
User: VICTIM\Patricia Goh","-","-","-","-","-","-","-","-","-","-","-","-","-","-","-","-","{461f0bd2-2c7a-6354-a300-000000001e00}","C:\Windows\System32\WindowsPowerShell\v1.0\powershell.exe","C:\Windows\System32\WindowsPowerShell\v1.0\powershell.exe","-","-","powershell.exe","powershell.exe","-","-","-","-","-","-","-","-","-","-","-","-","-","-","-","-",5936,"-","-","-","-","-","-","-","-","-","-","-","-","-","Patricia Goh",EXE,"-",VICTIM,"-","S-1-5-18","Patricia Goh","Patricia Goh","-",wineventlog,"Microsoft-Windows-Sysmon/Operational",victim,"-","2022-10-22 17:48:47.399","-","-","-","-","-","-","-","-","-","-","-","-","-","-","-","-","-","-","-","-",11,"-","-",Info,"2,276","2,512","{5770385f-c22a-43e0-bf4c-06f5698ffbd9}","Microsoft-Windows-Sysmon",4889,"File created (rule: FileCreate)","NT AUTHORITY","S-1-5-18",SYSTEM,User,2
"Oct 23, 2022 @ 01:48:46.961",jkXQAIQBHC0TB3lJ9phU,".ds-winlogbeat-8.2.3-2022.10.22-000001","-","c2c04a29-9d47-4de5-86f6-5958b0d4222c",victim,"b15c43c7-63a1-423e-901b-f1acc6401711",victim,winlogbeat,"8.2.3","-","-","-","-","-","-","-","1.12.0","File created (rule: FileCreate)",file,11,"Oct 23, 2022 @ 01:50:09.610","Oct 23, 2022 @ 01:50:05.385",event,sysmon,"-","Microsoft-Windows-Sysmon","-",creation,"C:\Supertools\Nsudo\Win32",exe,"NSudoLG.exe","C:\Supertools\Nsudo\Win32\NSudoLG.exe","C:\Supertools\Nsudo\Win32\NSudoLG.exe","x86_64",victim,"461f0bd2-c182-413a-8a41-2a8e4accb4a9","fe80::4959:93ba:69a6:522d, 10.0.2.15, fe80::91a8:3d9e:36ba:f548, 172.19.96.10","08:00:27:7c:f3:ae, 08:00:27:22:f7:3c",victim,"19044.1889",windows,"10.0.19041.1889 (WinBuild.160101.0800)","Windows 10 Enterprise Evaluation","Windows 10 Enterprise Evaluation",windows,windows,"10.0",information,"File created:
RuleName: EXE
UtcTime: 2022-10-22 17:48:46.961
ProcessGuid: {461f0bd2-2c7a-6354-a300-000000001e00}
ProcessId: 5936
Image: C:\Windows\System32\WindowsPowerShell\v1.0\powershell.exe
TargetFilename: C:\Supertools\Nsudo\Win32\NSudoLG.exe
CreationUtcTime: 2022-10-22 17:48:46.961
User: VICTIM\Patricia Goh","-","-","-","-","-","-","-","-","-","-","-","-","-","-","-","-","{461f0bd2-2c7a-6354-a300-000000001e00}","C:\Windows\System32\WindowsPowerShell\v1.0\powershell.exe","C:\Windows\System32\WindowsPowerShell\v1.0\powershell.exe","-","-","powershell.exe","powershell.exe","-","-","-","-","-","-","-","-","-","-","-","-","-","-","-","-",5936,"-","-","-","-","-","-","-","-","-","-","-","-","-","Patricia Goh",EXE,"-",VICTIM,"-","S-1-5-18","Patricia Goh","Patricia Goh","-",wineventlog,"Microsoft-Windows-Sysmon/Operational",victim,"-","2022-10-22 17:48:46.961","-","-","-","-","-","-","-","-","-","-","-","-","-","-","-","-","-","-","-","-",11,"-","-",Info,"2,276","2,512","{5770385f-c22a-43e0-bf4c-06f5698ffbd9}","Microsoft-Windows-Sysmon",4888,"File created (rule: FileCreate)","NT AUTHORITY","S-1-5-18",SYSTEM,User,2
"Oct 23, 2022 @ 01:48:46.560",jUXQAIQBHC0TB3lJ9phU,".ds-winlogbeat-8.2.3-2022.10.22-000001","-","c2c04a29-9d47-4de5-86f6-5958b0d4222c",victim,"b15c43c7-63a1-423e-901b-f1acc6401711",victim,winlogbeat,"8.2.3","-","-","-","-","-","-","-","1.12.0","File created (rule: FileCreate)",file,11,"Oct 23, 2022 @ 01:50:09.610","Oct 23, 2022 @ 01:50:05.384",event,sysmon,"-","Microsoft-Windows-Sysmon","-",creation,"C:\Supertools\Nsudo\Win32",exe,"NSudoLC.exe","C:\Supertools\Nsudo\Win32\NSudoLC.exe","C:\Supertools\Nsudo\Win32\NSudoLC.exe","x86_64",victim,"461f0bd2-c182-413a-8a41-2a8e4accb4a9","fe80::4959:93ba:69a6:522d, 10.0.2.15, fe80::91a8:3d9e:36ba:f548, 172.19.96.10","08:00:27:7c:f3:ae, 08:00:27:22:f7:3c",victim,"19044.1889",windows,"10.0.19041.1889 (WinBuild.160101.0800)","Windows 10 Enterprise Evaluation","Windows 10 Enterprise Evaluation",windows,windows,"10.0",information,"File created:
RuleName: EXE
UtcTime: 2022-10-22 17:48:46.560
ProcessGuid: {461f0bd2-2c7a-6354-a300-000000001e00}
ProcessId: 5936
Image: C:\Windows\System32\WindowsPowerShell\v1.0\powershell.exe
TargetFilename: C:\Supertools\Nsudo\Win32\NSudoLC.exe
CreationUtcTime: 2022-10-22 17:48:46.560
User: VICTIM\Patricia Goh","-","-","-","-","-","-","-","-","-","-","-","-","-","-","-","-","{461f0bd2-2c7a-6354-a300-000000001e00}","C:\Windows\System32\WindowsPowerShell\v1.0\powershell.exe","C:\Windows\System32\WindowsPowerShell\v1.0\powershell.exe","-","-","powershell.exe","powershell.exe","-","-","-","-","-","-","-","-","-","-","-","-","-","-","-","-",5936,"-","-","-","-","-","-","-","-","-","-","-","-","-","Patricia Goh",EXE,"-",VICTIM,"-","S-1-5-18","Patricia Goh","Patricia Goh","-",wineventlog,"Microsoft-Windows-Sysmon/Operational",victim,"-","2022-10-22 17:48:46.560","-","-","-","-","-","-","-","-","-","-","-","-","-","-","-","-","-","-","-","-",11,"-","-",Info,"2,276","2,512","{5770385f-c22a-43e0-bf4c-06f5698ffbd9}","Microsoft-Windows-Sysmon",4887,"File created (rule: FileCreate)","NT AUTHORITY","S-1-5-18",SYSTEM,User,2
"Oct 23, 2022 @ 01:48:45.731",jEXQAIQBHC0TB3lJ9phU,".ds-winlogbeat-8.2.3-2022.10.22-000001","-","c2c04a29-9d47-4de5-86f6-5958b0d4222c",victim,"b15c43c7-63a1-423e-901b-f1acc6401711",victim,winlogbeat,"8.2.3","-","-","-","-","-","-","-","1.12.0","Process Create (rule: ProcessCreate)",process,1,"Oct 23, 2022 @ 01:50:09.610","Oct 23, 2022 @ 01:50:05.384",event,sysmon,"-","Microsoft-Windows-Sysmon","-",start,"-","-","-","-","-","x86_64",victim,"461f0bd2-c182-413a-8a41-2a8e4accb4a9","fe80::4959:93ba:69a6:522d, 10.0.2.15, fe80::91a8:3d9e:36ba:f548, 172.19.96.10","08:00:27:7c:f3:ae, 08:00:27:22:f7:3c",victim,"19044.1889",windows,"10.0.19041.1889 (WinBuild.160101.0800)","Windows 10 Enterprise Evaluation","Windows 10 Enterprise Evaluation",windows,windows,"10.0",information,"Process Create:
RuleName: -
UtcTime: 2022-10-22 17:48:45.731
ProcessGuid: {461f0bd2-2cfd-6354-a500-000000001e00}
ProcessId: 6036
Image: C:\Windows\System32\SecurityHealthHost.exe
FileVersion: 4.18.1907.16384 (WinBuild.160101.0800)
Description: Windows Security Health Host
Product: Microsoft® Windows® Operating System
Company: Microsoft Corporation
OriginalFileName: SecurityHealthHost.exe
CommandLine: C:\Windows\System32\SecurityHealthHost.exe {08728914-3F57-4D52-9E31-49DAECA5A80A} -Embedding
CurrentDirectory: C:\Windows\system32\
User: VICTIM\Patricia Goh
LogonGuid: {461f0bd2-2bde-6354-1787-040000000000}
LogonId: 0x48717
TerminalSessionId: 1
IntegrityLevel: High
Hashes: MD5=0F6FB7C2C061B307F165E49C5AFF51CA,SHA256=A328AAA9BB109814BA2CB1269EE83DB5E239BF045314D8D976B372BA539F01F9,IMPHASH=4E28FDA241BEFA94F219E0683850258F
ParentProcessGuid: {00000000-0000-0000-0000-000000000000}
ParentProcessId: 784
ParentImage: -
ParentCommandLine: -
ParentUser: -","-","-","-","-","-","-","-","-","-","-","-","-","C:\Windows\System32\SecurityHealthHost.exe, {08728914-3F57-4D52-9E31-49DAECA5A80A}, -Embedding",3,"C:\Windows\System32\SecurityHealthHost.exe {08728914-3F57-4D52-9E31-49DAECA5A80A} -Embedding","C:\Windows\System32\SecurityHealthHost.exe {08728914-3F57-4D52-9E31-49DAECA5A80A} -Embedding","{461f0bd2-2cfd-6354-a500-000000001e00}","C:\Windows\System32\SecurityHealthHost.exe","C:\Windows\System32\SecurityHealthHost.exe",0f6fb7c2c061b307f165e49c5aff51ca,a328aaa9bb109814ba2cb1269ee83db5e239bf045314d8d976b372ba539f01f9,"SecurityHealthHost.exe","SecurityHealthHost.exe","-",1,"-","-","{00000000-0000-0000-0000-000000000000}","-","-","-","-",784,"Microsoft Corporation","Windows Security Health Host","4.18.1907.16384 (WinBuild.160101.0800)",4e28fda241befa94f219e0683850258f,"SecurityHealthHost.exe","Microsoft® Windows® Operating System",6036,"-","-","C:\Windows\system32\","C:\Windows\system32\","-","-","-","-","-","-","a328aaa9bb109814ba2cb1269ee83db5e239bf045314d8d976b372ba539f01f9, 0f6fb7c2c061b307f165e49c5aff51ca, 4e28fda241befa94f219e0683850258f","-","-","Patricia Goh","-","-",VICTIM,"-","S-1-5-18","Patricia Goh","Patricia Goh","-",wineventlog,"Microsoft-Windows-Sysmon/Operational",victim,"Microsoft Corporation","-","Windows Security Health Host","-","4.18.1907.16384 (WinBuild.160101.0800)",High,"{461f0bd2-2bde-6354-1787-040000000000}",0x48717,"-","-","-","Microsoft® Windows® Operating System","-","-","-","-","-","-","-","-",1,"-",1,"-","-",Info,"2,276","2,512","{5770385f-c22a-43e0-bf4c-06f5698ffbd9}","Microsoft-Windows-Sysmon",4886,"Process Create (rule: ProcessCreate)","NT AUTHORITY","S-1-5-18",SYSTEM,User,5
"Oct 23, 2022 @ 01:48:45.391",i0XQAIQBHC0TB3lJ9phU,".ds-winlogbeat-8.2.3-2022.10.22-000001","-","c2c04a29-9d47-4de5-86f6-5958b0d4222c",victim,"b15c43c7-63a1-423e-901b-f1acc6401711",victim,winlogbeat,"8.2.3","-","-","-","-","-","-","-","1.12.0","Process Create (rule: ProcessCreate)",process,1,"Oct 23, 2022 @ 01:50:09.609","Oct 23, 2022 @ 01:50:05.384",event,sysmon,"-","Microsoft-Windows-Sysmon","-",start,"-","-","-","-","-","x86_64",victim,"461f0bd2-c182-413a-8a41-2a8e4accb4a9","fe80::4959:93ba:69a6:522d, 10.0.2.15, fe80::91a8:3d9e:36ba:f548, 172.19.96.10","08:00:27:7c:f3:ae, 08:00:27:22:f7:3c",victim,"19044.1889",windows,"10.0.19041.1889 (WinBuild.160101.0800)","Windows 10 Enterprise Evaluation","Windows 10 Enterprise Evaluation",windows,windows,"10.0",information,"Process Create:
RuleName: -
UtcTime: 2022-10-22 17:48:45.391
ProcessGuid: {461f0bd2-2cfd-6354-a400-000000001e00}
ProcessId: 4056
Image: C:\Windows\System32\wbem\WMIADAP.exe
FileVersion: 10.0.19041.1320 (WinBuild.160101.0800)
Description: WMI Reverse Performance Adapter Maintenance Utility
Product: Microsoft® Windows® Operating System
Company: Microsoft Corporation
OriginalFileName: wmicookr.dll
CommandLine: wmiadap.exe /F /T /R
CurrentDirectory: C:\Windows\system32\
User: NT AUTHORITY\SYSTEM
LogonGuid: {461f0bd2-1c1d-6354-e703-000000000000}
LogonId: 0x3E7
TerminalSessionId: 0
IntegrityLevel: System
Hashes: MD5=1BFFABBD200C850E6346820E92B915DC,SHA256=6C51C1968A7AD1B40251AD58F44602114888DB2859B1375E0BFFC7EB8C2C22E4,IMPHASH=367D299428703C9A9715504BFE071C97
ParentProcessGuid: {461f0bd2-1c1e-6354-1300-000000001e00}
ParentProcessId: 512
ParentImage: C:\Windows\System32\svchost.exe
ParentCommandLine: C:\Windows\system32\svchost.exe -k netsvcs -p
ParentUser: NT AUTHORITY\SYSTEM","-","-","-","-","-","-","-","-","-","-","-","-","wmiadap.exe, /F, /T, /R",4,"wmiadap.exe /F /T /R","wmiadap.exe /F /T /R","{461f0bd2-2cfd-6354-a400-000000001e00}","C:\Windows\System32\wbem\WMIADAP.exe","C:\Windows\System32\wbem\WMIADAP.exe",1bffabbd200c850e6346820e92b915dc,6c51c1968a7ad1b40251ad58f44602114888db2859b1375e0bffc7eb8c2c22e4,"WMIADAP.exe","WMIADAP.exe","C:\Windows\system32\svchost.exe, -k, netsvcs, -p",4,"C:\Windows\system32\svchost.exe -k netsvcs -p","C:\Windows\system32\svchost.exe -k netsvcs -p","{461f0bd2-1c1e-6354-1300-000000001e00}","C:\Windows\System32\svchost.exe","C:\Windows\System32\svchost.exe","svchost.exe","svchost.exe",512,"Microsoft Corporation","WMI Reverse Performance Adapter Maintenance Utility","10.0.19041.1320 (WinBuild.160101.0800)",367d299428703c9a9715504bfe071c97,"wmicookr.dll","Microsoft® Windows® Operating System",4056,"-","-","C:\Windows\system32\","C:\Windows\system32\","-","-","-","-","-","-","6c51c1968a7ad1b40251ad58f44602114888db2859b1375e0bffc7eb8c2c22e4, 1bffabbd200c850e6346820e92b915dc, 367d299428703c9a9715504bfe071c97","-","-",SYSTEM,"-","-","NT AUTHORITY","-","S-1-5-18",SYSTEM,SYSTEM,"-",wineventlog,"Microsoft-Windows-Sysmon/Operational",victim,"Microsoft Corporation","-","WMI Reverse Performance Adapter Maintenance Utility","-","10.0.19041.1320 (WinBuild.160101.0800)",System,"{461f0bd2-1c1d-6354-e703-000000000000}",0x3e7,"-","NT AUTHORITY\SYSTEM","-","Microsoft® Windows® Operating System","-","-","-","-","-","-","-","-",0,"-",1,"-","-",Info,"2,276","2,512","{5770385f-c22a-43e0-bf4c-06f5698ffbd9}","Microsoft-Windows-Sysmon",4885,"Process Create (rule: ProcessCreate)","NT AUTHORITY","S-1-5-18",SYSTEM,User,5
"Oct 23, 2022 @ 01:48:31.116",w0XTAIQBHC0TB3lJzJnV,".ds-winlogbeat-8.2.3-2022.10.22-000001","-","25051d08-9df1-4629-b2c6-d1eeb5aa9cfd",victim,"b15c43c7-63a1-423e-901b-f1acc6401711",victim,winlogbeat,"8.2.3","-","-",wpad,"-","-","-","-","1.12.0","Dns query (rule: DnsQuery)",network,22,"Oct 23, 2022 @ 01:50:31.584","Oct 23, 2022 @ 01:53:11.366",event,sysmon,"-","Microsoft-Windows-Sysmon","-","connection, protocol, info","-","-","-","-","-","x86_64",victim,"461f0bd2-c182-413a-8a41-2a8e4accb4a9","fe80::4959:93ba:69a6:522d, 10.0.2.15, fe80::91a8:3d9e:36ba:f548, 172.19.96.10","08:00:27:7c:f3:ae, 08:00:27:22:f7:3c",victim,"19044.1889",windows,"10.0.19041.1889 (WinBuild.160101.0800)","Windows 10 Enterprise Evaluation","Windows 10 Enterprise Evaluation",windows,windows,"10.0",information,"Dns query:
RuleName: -
UtcTime: 2022-10-22 17:48:31.116
ProcessGuid: {461f0bd2-2cdc-6354-1600-000000001f00}
ProcessId: 640
QueryName: wpad
QueryStatus: 9003
QueryResults: -
Image: C:\Windows\System32\svchost.exe
User: NT AUTHORITY\LOCAL SERVICE",dns,"-","-","-","-","-","-","-","-","-","-","-","-","-","-","-","{461f0bd2-2cdc-6354-1600-000000001f00}","C:\Windows\System32\svchost.exe","C:\Windows\System32\svchost.exe","-","-","svchost.exe","svchost.exe","-","-","-","-","-","-","-","-","-","-","-","-","-","-","-","-",640,"-","-","-","-","-","-","-","-","-","-","-",wpad,"-","LOCAL SERVICE","-","DNS_ERROR_RCODE_NAME_ERROR","NT AUTHORITY","-","S-1-5-18","LOCAL SERVICE","LOCAL SERVICE","-",wineventlog,"Microsoft-Windows-Sysmon/Operational",victim,"-","-","-","-","-","-","-","-","-","-","-","-","-","-","-","-","-","-","-","-","-","-",22,"-","-",Info,"2,240","3,004","{5770385f-c22a-43e0-bf4c-06f5698ffbd9}","Microsoft-Windows-Sysmon",4981,"Dns query (rule: DnsQuery)","NT AUTHORITY","S-1-5-18",SYSTEM,User,5
"Oct 23, 2022 @ 01:48:25.192",wkXTAIQBHC0TB3lJzJnV,".ds-winlogbeat-8.2.3-2022.10.22-000001","-","25051d08-9df1-4629-b2c6-d1eeb5aa9cfd",victim,"b15c43c7-63a1-423e-901b-f1acc6401711",victim,winlogbeat,"8.2.3","-","-","-","-","-","-","-","1.12.0","Process Create (rule: ProcessCreate)",process,1,"Oct 23, 2022 @ 01:50:31.584","Oct 23, 2022 @ 01:53:11.365",event,sysmon,"-","Microsoft-Windows-Sysmon","-",start,"-","-","-","-","-","x86_64",victim,"461f0bd2-c182-413a-8a41-2a8e4accb4a9","fe80::4959:93ba:69a6:522d, 10.0.2.15, fe80::91a8:3d9e:36ba:f548, 172.19.96.10","08:00:27:7c:f3:ae, 08:00:27:22:f7:3c",victim,"19044.1889",windows,"10.0.19041.1889 (WinBuild.160101.0800)","Windows 10 Enterprise Evaluation","Windows 10 Enterprise Evaluation",windows,windows,"10.0",information,"Process Create:
RuleName: -
UtcTime: 2022-10-22 17:48:25.192
ProcessGuid: {461f0bd2-2ce9-6354-3600-000000001f00}
ProcessId: 3224
Image: C:\Windows\System32\taskhostw.exe
FileVersion: 10.0.19041.1865 (WinBuild.160101.0800)
Description: Host Process for Windows Tasks
Product: Microsoft® Windows® Operating System
Company: Microsoft Corporation
OriginalFileName: taskhostw.exe
CommandLine: taskhostw.exe SYSTEM
CurrentDirectory: C:\Windows\system32\
User: NT AUTHORITY\SYSTEM
LogonGuid: {461f0bd2-2cdb-6354-e703-000000000000}
LogonId: 0x3E7
TerminalSessionId: 0
IntegrityLevel: System
Hashes: MD5=A00BF82660835224CD6606A248321C5D,SHA256=E63709209D09BC0247E785F075DDB28A98C348206109E2B8BA321AD958402728,IMPHASH=3A0C6863CDE566AF997DB2DEFFF9D924
ParentProcessGuid: {461f0bd2-2cdc-6354-1300-000000001f00}
ParentProcessId: 432
ParentImage: C:\Windows\System32\svchost.exe
ParentCommandLine: C:\Windows\system32\svchost.exe -k netsvcs -p
ParentUser: NT AUTHORITY\SYSTEM","-","-","-","-","-","-","-","-","-","-","-","-","taskhostw.exe, SYSTEM",2,"taskhostw.exe SYSTEM","taskhostw.exe SYSTEM","{461f0bd2-2ce9-6354-3600-000000001f00}","C:\Windows\System32\taskhostw.exe","C:\Windows\System32\taskhostw.exe",a00bf82660835224cd6606a248321c5d,e63709209d09bc0247e785f075ddb28a98c348206109e2b8ba321ad958402728,"taskhostw.exe","taskhostw.exe","C:\Windows\system32\svchost.exe, -k, netsvcs, -p",4,"C:\Windows\system32\svchost.exe -k netsvcs -p","C:\Windows\system32\svchost.exe -k netsvcs -p","{461f0bd2-2cdc-6354-1300-000000001f00}","C:\Windows\System32\svchost.exe","C:\Windows\System32\svchost.exe","svchost.exe","svchost.exe",432,"Microsoft Corporation","Host Process for Windows Tasks","10.0.19041.1865 (WinBuild.160101.0800)",3a0c6863cde566af997db2defff9d924,"taskhostw.exe","Microsoft® Windows® Operating System",3224,"-","-","C:\Windows\system32\","C:\Windows\system32\","-","-","-","-","-","-","e63709209d09bc0247e785f075ddb28a98c348206109e2b8ba321ad958402728, a00bf82660835224cd6606a248321c5d, 3a0c6863cde566af997db2defff9d924","-","-",SYSTEM,"-","-","NT AUTHORITY","-","S-1-5-18",SYSTEM,SYSTEM,"-",wineventlog,"Microsoft-Windows-Sysmon/Operational",victim,"Microsoft Corporation","-","Host Process for Windows Tasks","-","10.0.19041.1865 (WinBuild.160101.0800)",System,"{461f0bd2-2cdb-6354-e703-000000000000}",0x3e7,"-","NT AUTHORITY\SYSTEM","-","Microsoft® Windows® Operating System","-","-","-","-","-","-","-","-",0,"-",1,"-","-",Info,"2,240","2,984","{5770385f-c22a-43e0-bf4c-06f5698ffbd9}","Microsoft-Windows-Sysmon",4980,"Process Create (rule: ProcessCreate)","NT AUTHORITY","S-1-5-18",SYSTEM,User,5
"Oct 23, 2022 @ 01:48:17.896",vkXTAIQBHC0TB3lJzJnV,".ds-winlogbeat-8.2.3-2022.10.22-000001","-","25051d08-9df1-4629-b2c6-d1eeb5aa9cfd",victim,"b15c43c7-63a1-423e-901b-f1acc6401711",victim,winlogbeat,"8.2.3","-","-","-","-","-","-","-","1.12.0","Process Create (rule: ProcessCreate)",process,1,"Oct 23, 2022 @ 01:50:31.584","Oct 23, 2022 @ 01:53:11.362",event,sysmon,"-","Microsoft-Windows-Sysmon","-",start,"-","-","-","-","-","x86_64",victim,"461f0bd2-c182-413a-8a41-2a8e4accb4a9","fe80::4959:93ba:69a6:522d, 10.0.2.15, fe80::91a8:3d9e:36ba:f548, 172.19.96.10","08:00:27:7c:f3:ae, 08:00:27:22:f7:3c",victim,"19044.1889",windows,"10.0.19041.1889 (WinBuild.160101.0800)","Windows 10 Enterprise Evaluation","Windows 10 Enterprise Evaluation",windows,windows,"10.0",information,"Process Create:
RuleName: -
UtcTime: 2022-10-22 17:48:17.896
ProcessGuid: {461f0bd2-2ce1-6354-3200-000000001f00}
ProcessId: 2736
Image: C:\Windows\System32\wbem\unsecapp.exe
FileVersion: 10.0.19041.1320 (WinBuild.160101.0800)
Description: Sink to receive asynchronous callbacks for WMI client application
Product: Microsoft® Windows® Operating System
Company: Microsoft Corporation
OriginalFileName: unsecapp.dll
CommandLine: C:\Windows\system32\wbem\unsecapp.exe -Embedding
CurrentDirectory: C:\Windows\system32\
User: NT AUTHORITY\SYSTEM
LogonGuid: {461f0bd2-2cdb-6354-e703-000000000000}
LogonId: 0x3E7
TerminalSessionId: 0
IntegrityLevel: System
Hashes: MD5=9B782B1E1D7A2C28302755F963EAC907,SHA256=FABB8CC6DE82A79F1EED0976E5CE741FF3B9D5B1B40D90146052F4393CCA80A3,IMPHASH=87E54E3D04D772F26002D8B564B2426C
ParentProcessGuid: {461f0bd2-2cdc-6354-0f00-000000001f00}
ParentProcessId: 780
ParentImage: C:\Windows\System32\svchost.exe
ParentCommandLine: C:\Windows\system32\svchost.exe -k DcomLaunch -p
ParentUser: NT AUTHORITY\SYSTEM","-","-","-","-","-","-","-","-","-","-","-","-","C:\Windows\system32\wbem\unsecapp.exe, -Embedding",2,"C:\Windows\system32\wbem\unsecapp.exe -Embedding","C:\Windows\system32\wbem\unsecapp.exe -Embedding","{461f0bd2-2ce1-6354-3200-000000001f00}","C:\Windows\System32\wbem\unsecapp.exe","C:\Windows\System32\wbem\unsecapp.exe",9b782b1e1d7a2c28302755f963eac907,fabb8cc6de82a79f1eed0976e5ce741ff3b9d5b1b40d90146052f4393cca80a3,"unsecapp.exe","unsecapp.exe","C:\Windows\system32\svchost.exe, -k, DcomLaunch, -p",4,"C:\Windows\system32\svchost.exe -k DcomLaunch -p","C:\Windows\system32\svchost.exe -k DcomLaunch -p","{461f0bd2-2cdc-6354-0f00-000000001f00}","C:\Windows\System32\svchost.exe","C:\Windows\System32\svchost.exe","svchost.exe","svchost.exe",780,"Microsoft Corporation","Sink to receive asynchronous callbacks for WMI client application","10.0.19041.1320 (WinBuild.160101.0800)",87e54e3d04d772f26002d8b564b2426c,"unsecapp.dll","Microsoft® Windows® Operating System",2736,"-","-","C:\Windows\system32\","C:\Windows\system32\","-","-","-","-","-","-","fabb8cc6de82a79f1eed0976e5ce741ff3b9d5b1b40d90146052f4393cca80a3, 9b782b1e1d7a2c28302755f963eac907, 87e54e3d04d772f26002d8b564b2426c","-","-",SYSTEM,"-","-","NT AUTHORITY","-","S-1-5-18",SYSTEM,SYSTEM,"-",wineventlog,"Microsoft-Windows-Sysmon/Operational",victim,"Microsoft Corporation","-","Sink to receive asynchronous callbacks for WMI client application","-","10.0.19041.1320 (WinBuild.160101.0800)",System,"{461f0bd2-2cdb-6354-e703-000000000000}",0x3e7,"-","NT AUTHORITY\SYSTEM","-","Microsoft® Windows® Operating System","-","-","-","-","-","-","-","-",0,"-",1,"-","-",Info,"2,240","2,984","{5770385f-c22a-43e0-bf4c-06f5698ffbd9}","Microsoft-Windows-Sysmon",4976,"Process Create (rule: ProcessCreate)","NT AUTHORITY","S-1-5-18",SYSTEM,User,5
"Oct 23, 2022 @ 01:48:17.643",vUXTAIQBHC0TB3lJzJmU,".ds-winlogbeat-8.2.3-2022.10.22-000001","-","25051d08-9df1-4629-b2c6-d1eeb5aa9cfd",victim,"b15c43c7-63a1-423e-901b-f1acc6401711",victim,winlogbeat,"8.2.3","-","-","-","-","-","-","-","1.12.0","File created (rule: FileCreate)",file,11,"Oct 23, 2022 @ 01:50:31.584","Oct 23, 2022 @ 01:53:11.316",event,sysmon,"-","Microsoft-Windows-Sysmon","-",creation,"C:\Windows\System32\wbem\Repository",TST,"WRITABLE.TST","C:\Windows\System32\wbem\Repository\WRITABLE.TST","C:\Windows\System32\wbem\Repository\WRITABLE.TST","x86_64",victim,"461f0bd2-c182-413a-8a41-2a8e4accb4a9","fe80::4959:93ba:69a6:522d, 10.0.2.15, fe80::91a8:3d9e:36ba:f548, 172.19.96.10","08:00:27:7c:f3:ae, 08:00:27:22:f7:3c",victim,"19044.1889",windows,"10.0.19041.1889 (WinBuild.160101.0800)","Windows 10 Enterprise Evaluation","Windows 10 Enterprise Evaluation",windows,windows,"10.0",information,"File created:
RuleName: -
UtcTime: 2022-10-22 17:48:17.643
ProcessGuid: {461f0bd2-2cdc-6354-1300-000000001f00}
ProcessId: 432
Image: C:\Windows\system32\svchost.exe
TargetFilename: C:\Windows\System32\wbem\Repository\WRITABLE.TST
CreationUtcTime: 2022-10-22 17:48:17.643
User: NT AUTHORITY\SYSTEM","-","-","-","-","-","-","-","-","-","-","-","-","-","-","-","-","{461f0bd2-2cdc-6354-1300-000000001f00}","C:\Windows\system32\svchost.exe","C:\Windows\system32\svchost.exe","-","-","svchost.exe","svchost.exe","-","-","-","-","-","-","-","-","-","-","-","-","-","-","-","-",432,"-","-","-","-","-","-","-","-","-","-","-","-","-",SYSTEM,"-","-","NT AUTHORITY","-","S-1-5-18",SYSTEM,SYSTEM,"-",wineventlog,"Microsoft-Windows-Sysmon/Operational",victim,"-","2022-10-22 17:48:17.643","-","-","-","-","-","-","-","-","-","-","-","-","-","-","-","-","-","-","-","-",11,"-","-",Info,"2,240","2,984","{5770385f-c22a-43e0-bf4c-06f5698ffbd9}","Microsoft-Windows-Sysmon",4975,"File created (rule: FileCreate)","NT AUTHORITY","S-1-5-18",SYSTEM,User,2
"Oct 23, 2022 @ 01:48:15.575",ukXTAIQBHC0TB3lJzJmU,".ds-winlogbeat-8.2.3-2022.10.22-000001","-","25051d08-9df1-4629-b2c6-d1eeb5aa9cfd",victim,"b15c43c7-63a1-423e-901b-f1acc6401711",victim,winlogbeat,"8.2.3","-","-","-","-","-","-","-","1.12.0","Process Create (rule: ProcessCreate)",process,1,"Oct 23, 2022 @ 01:50:31.584","Oct 23, 2022 @ 01:53:11.315",event,sysmon,"-","Microsoft-Windows-Sysmon","-",start,"-","-","-","-","-","x86_64",victim,"461f0bd2-c182-413a-8a41-2a8e4accb4a9","fe80::4959:93ba:69a6:522d, 10.0.2.15, fe80::91a8:3d9e:36ba:f548, 172.19.96.10","08:00:27:7c:f3:ae, 08:00:27:22:f7:3c",victim,"19044.1889",windows,"10.0.19041.1889 (WinBuild.160101.0800)","Windows 10 Enterprise Evaluation","Windows 10 Enterprise Evaluation",windows,windows,"10.0",information,"Process Create:
RuleName: -
UtcTime: 2022-10-22 17:48:15.575
ProcessGuid: {461f0bd2-2cdf-6354-2f00-000000001f00}
ProcessId: 2304
Image: C:\Program Files\OpenSSH-Win64\ssh-keygen.exe
FileVersion: 8.0.0.0
Description: -
Product: OpenSSH for Windows
Company: -
OriginalFileName: -
CommandLine: ssh-keygen -A
CurrentDirectory: C:\Program Files\OpenSSH-Win64\
User: NT AUTHORITY\SYSTEM
LogonGuid: {461f0bd2-2cdb-6354-e703-000000000000}
LogonId: 0x3E7
TerminalSessionId: 0
IntegrityLevel: System
Hashes: MD5=C49C37BC5E9A19B6E800C82514818C65,SHA256=F0629F0A8BD028F551C675933F89DE3AD4600A1A879E2B039E2A1A3676326219,IMPHASH=24B677B97489BB651563650A97710A01
ParentProcessGuid: {461f0bd2-2cdf-6354-2b00-000000001f00}
ParentProcessId: 2216
ParentImage: C:\Program Files\OpenSSH-Win64\sshd.exe
ParentCommandLine: ""C:\Program Files\OpenSSH-Win64\sshd.exe""
ParentUser: NT AUTHORITY\SYSTEM","-","-","-","-","-","-","-","-","-","-","-","-","ssh-keygen, -A",2,"ssh-keygen -A","ssh-keygen -A","{461f0bd2-2cdf-6354-2f00-000000001f00}","C:\Program Files\OpenSSH-Win64\ssh-keygen.exe","C:\Program Files\OpenSSH-Win64\ssh-keygen.exe",c49c37bc5e9a19b6e800c82514818c65,f0629f0a8bd028f551c675933f89de3ad4600a1a879e2b039e2a1a3676326219,"ssh-keygen.exe","ssh-keygen.exe","C:\Program Files\OpenSSH-Win64\sshd.exe",1,"""C:\Program Files\OpenSSH-Win64\sshd.exe""","""C:\Program Files\OpenSSH-Win64\sshd.exe""","{461f0bd2-2cdf-6354-2b00-000000001f00}","C:\Program Files\OpenSSH-Win64\sshd.exe","C:\Program Files\OpenSSH-Win64\sshd.exe","sshd.exe","sshd.exe",2216,"-","-","8.0.0.0",24b677b97489bb651563650a97710a01,"-","OpenSSH for Windows",2304,"-","-","C:\Program Files\OpenSSH-Win64\","C:\Program Files\OpenSSH-Win64\","-","-","-","-","-","-","f0629f0a8bd028f551c675933f89de3ad4600a1a879e2b039e2a1a3676326219, c49c37bc5e9a19b6e800c82514818c65, 24b677b97489bb651563650a97710a01","-","-",SYSTEM,"-","-","NT AUTHORITY","-","S-1-5-18",SYSTEM,SYSTEM,"-",wineventlog,"Microsoft-Windows-Sysmon/Operational",victim,"-","-","-","-","8.0.0.0",System,"{461f0bd2-2cdb-6354-e703-000000000000}",0x3e7,"-","NT AUTHORITY\SYSTEM","-","OpenSSH for Windows","-","-","-","-","-","-","-","-",0,"-",1,"-","-",Info,"2,240","2,984","{5770385f-c22a-43e0-bf4c-06f5698ffbd9}","Microsoft-Windows-Sysmon",4972,"Process Create (rule: ProcessCreate)","NT AUTHORITY","S-1-5-18",SYSTEM,User,5
"Oct 23, 2022 @ 01:48:15.569",uUXTAIQBHC0TB3lJzJmU,".ds-winlogbeat-8.2.3-2022.10.22-000001","-","25051d08-9df1-4629-b2c6-d1eeb5aa9cfd",victim,"b15c43c7-63a1-423e-901b-f1acc6401711",victim,winlogbeat,"8.2.3","-","-","-","-","-","-","-","1.12.0","Process Create (rule: ProcessCreate)",process,1,"Oct 23, 2022 @ 01:50:31.584","Oct 23, 2022 @ 01:53:11.314",event,sysmon,"-","Microsoft-Windows-Sysmon","-",start,"-","-","-","-","-","x86_64",victim,"461f0bd2-c182-413a-8a41-2a8e4accb4a9","fe80::4959:93ba:69a6:522d, 10.0.2.15, fe80::91a8:3d9e:36ba:f548, 172.19.96.10","08:00:27:7c:f3:ae, 08:00:27:22:f7:3c",victim,"19044.1889",windows,"10.0.19041.1889 (WinBuild.160101.0800)","Windows 10 Enterprise Evaluation","Windows 10 Enterprise Evaluation",windows,windows,"10.0",information,"Process Create:
RuleName: -
UtcTime: 2022-10-22 17:48:15.569
ProcessGuid: {461f0bd2-2cdf-6354-2e00-000000001f00}
ProcessId: 2296
Image: C:\Windows\System32\wlms\wlms.exe
FileVersion: 10.0.19041.1 (WinBuild.160101.0800)
Description: Windows License Monitoring Service
Product: Microsoft® Windows® Operating System
Company: Microsoft Corporation
OriginalFileName: wlms.exe
CommandLine: C:\Windows\system32\wlms\wlms.exe
CurrentDirectory: C:\Windows\system32\
User: NT AUTHORITY\SYSTEM
LogonGuid: {461f0bd2-2cdb-6354-e703-000000000000}
LogonId: 0x3E7
TerminalSessionId: 0
IntegrityLevel: System
Hashes: MD5=1DC6AB0E3063973866D24AFDB5CBB9F1,SHA256=B8CA06E71F3014DB30D8D98D934B10DE2F6A69E19108AABBBFD0C163B0BCCD31,IMPHASH=C4858787B32BE55BB0085C7B777727C2
ParentProcessGuid: {461f0bd2-2cdb-6354-0b00-000000001f00}
ParentProcessId: 644
ParentImage: C:\Windows\System32\services.exe
ParentCommandLine: C:\Windows\system32\services.exe
ParentUser: NT AUTHORITY\SYSTEM","-","-","-","-","-","-","-","-","-","-","-","-","C:\Windows\system32\wlms\wlms.exe",1,"C:\Windows\system32\wlms\wlms.exe","C:\Windows\system32\wlms\wlms.exe","{461f0bd2-2cdf-6354-2e00-000000001f00}","C:\Windows\System32\wlms\wlms.exe","C:\Windows\System32\wlms\wlms.exe",1dc6ab0e3063973866d24afdb5cbb9f1,b8ca06e71f3014db30d8d98d934b10de2f6a69e19108aabbbfd0c163b0bccd31,"wlms.exe","wlms.exe","C:\Windows\system32\services.exe",1,"C:\Windows\system32\services.exe","C:\Windows\system32\services.exe","{461f0bd2-2cdb-6354-0b00-000000001f00}","C:\Windows\System32\services.exe","C:\Windows\System32\services.exe","services.exe","services.exe",644,"Microsoft Corporation","Windows License Monitoring Service","10.0.19041.1 (WinBuild.160101.0800)",c4858787b32be55bb0085c7b777727c2,"wlms.exe","Microsoft® Windows® Operating System",2296,"-","-","C:\Windows\system32\","C:\Windows\system32\","-","-","-","-","-","-","b8ca06e71f3014db30d8d98d934b10de2f6a69e19108aabbbfd0c163b0bccd31, 1dc6ab0e3063973866d24afdb5cbb9f1, c4858787b32be55bb0085c7b777727c2","-","-",SYSTEM,"-","-","NT AUTHORITY","-","S-1-5-18",SYSTEM,SYSTEM,"-",wineventlog,"Microsoft-Windows-Sysmon/Operational",victim,"Microsoft Corporation","-","Windows License Monitoring Service","-","10.0.19041.1 (WinBuild.160101.0800)",System,"{461f0bd2-2cdb-6354-e703-000000000000}",0x3e7,"-","NT AUTHORITY\SYSTEM","-","Microsoft® Windows® Operating System","-","-","-","-","-","-","-","-",0,"-",1,"-","-",Info,"2,240","2,984","{5770385f-c22a-43e0-bf4c-06f5698ffbd9}","Microsoft-Windows-Sysmon",4971,"Process Create (rule: ProcessCreate)","NT AUTHORITY","S-1-5-18",SYSTEM,User,5
