"Oct 23, 2022 @ 01:49:45.396",N0XTAIQBHC0TB3lJ2ZqO,".ds-winlogbeat-8.2.3-2022.10.22-000001","-","25051d08-9df1-4629-b2c6-d1eeb5aa9cfd",victim,"b15c43c7-63a1-423e-901b-f1acc6401711",victim,winlogbeat,"8.2.3","-","-","-","-","-","-","-","1.12.0","Process Create (rule: ProcessCreate)",process,1,"Oct 23, 2022 @ 01:50:36.207","Oct 23, 2022 @ 01:53:14.628",event,sysmon,"-","Microsoft-Windows-Sysmon","-",start,"-","-","-","-","-","x86_64",victim,"461f0bd2-c182-413a-8a41-2a8e4accb4a9","fe80::4959:93ba:69a6:522d, 10.0.2.15, fe80::91a8:3d9e:36ba:f548, 172.19.96.10","08:00:27:7c:f3:ae, 08:00:27:22:f7:3c",victim,"19044.1889",windows,"10.0.19041.1889 (WinBuild.160101.0800)","Windows 10 Enterprise Evaluation","Windows 10 Enterprise Evaluation",windows,windows,"10.0",information,"Process Create:
RuleName: -
UtcTime: 2022-10-22 17:49:45.396
ProcessGuid: {461f0bd2-2d39-6354-5e00-000000001f00}
ProcessId: 5208
Image: C:\Program Files (x86)\Microsoft\Edge\Application\106.0.1370.52\identity_helper.exe
FileVersion: 106.0.1370.52
Description: PWA Identity Proxy Host
Product: Microsoft Edge
Company: Microsoft Corporation
OriginalFileName: identity_helper.exe
CommandLine: ""C:\Program Files (x86)\Microsoft\Edge\Application\106.0.1370.52\identity_helper.exe"" --type=utility --utility-sub-type=winrt_app_id.mojom.WinrtAppIdService --lang=en-US --service-sandbox-type=none --mojo-platform-channel-handle=3080 --field-trial-handle=2096,i,12931208589142636227,13865709978780780176,131072 /prefetch:8
CurrentDirectory: C:\Program Files (x86)\Microsoft\Edge\Application\106.0.1370.52\
User: VICTIM\Patricia Goh
LogonGuid: {461f0bd2-2d0d-6354-ef2b-030000000000}
LogonId: 0x32BEF
TerminalSessionId: 1
IntegrityLevel: High
Hashes: MD5=ECADD6642E49FEAC3F3B038F5A2C6432,SHA256=B32DAEF4F46AC58D95D1CC5D1201D6890991908D6889A85ECC7DBECDD18D3D96,IMPHASH=B9B1C3D57C07EFF51318AFD5131CBD82
ParentProcessGuid: {461f0bd2-2d33-6354-5300-000000001f00}
ParentProcessId: 1004
ParentImage: C:\Program Files (x86)\Microsoft\Edge\Application\msedge.exe
ParentCommandLine: ""C:\Program Files (x86)\Microsoft\Edge\Application\msedge.exe"" --no-startup-window --win-session-start /prefetch:5
ParentUser: VICTIM\Patricia Goh","-","-","-","-","-","-","-","-","-","-","-","-","C:\Program Files (x86)\Microsoft\Edge\Application\106.0.1370.52\identity_helper.exe, --type=utility, --utility-sub-type=winrt_app_id.mojom.WinrtAppIdService, --lang=en-US, --service-sandbox-type=none, --mojo-platform-channel-handle=3080, --field-trial-handle=2096,i,12931208589142636227,13865709978780780176,131072, /prefetch:8",8,"""C:\Program Files (x86)\Microsoft\Edge\Application\106.0.1370.52\identity_helper.exe"" --type=utility --utility-sub-type=winrt_app_id.mojom.WinrtAppIdService --lang=en-US --service-sandbox-type=none --mojo-platform-channel-handle=3080 --field-trial-handle=2096,i,12931208589142636227,13865709978780780176,131072 /prefetch:8","""C:\Program Files (x86)\Microsoft\Edge\Application\106.0.1370.52\identity_helper.exe"" --type=utility --utility-sub-type=winrt_app_id.mojom.WinrtAppIdService --lang=en-US --service-sandbox-type=none --mojo-platform-channel-handle=3080 --field-trial-handle=2096,i,12931208589142636227,13865709978780780176,131072 /prefetch:8","{461f0bd2-2d39-6354-5e00-000000001f00}","C:\Program Files (x86)\Microsoft\Edge\Application\106.0.1370.52\identity_helper.exe","C:\Program Files (x86)\Microsoft\Edge\Application\106.0.1370.52\identity_helper.exe",ecadd6642e49feac3f3b038f5a2c6432,b32daef4f46ac58d95d1cc5d1201d6890991908d6889a85ecc7dbecdd18d3d96,"identity_helper.exe","identity_helper.exe","C:\Program Files (x86)\Microsoft\Edge\Application\msedge.exe, --no-startup-window, --win-session-start, /prefetch:5",4,"""C:\Program Files (x86)\Microsoft\Edge\Application\msedge.exe"" --no-startup-window --win-session-start /prefetch:5","""C:\Program Files (x86)\Microsoft\Edge\Application\msedge.exe"" --no-startup-window --win-session-start /prefetch:5","{461f0bd2-2d33-6354-5300-000000001f00}","C:\Program Files (x86)\Microsoft\Edge\Application\msedge.exe","C:\Program Files (x86)\Microsoft\Edge\Application\msedge.exe","msedge.exe","msedge.exe",1004,"Microsoft Corporation","PWA Identity Proxy Host","106.0.1370.52",b9b1c3d57c07eff51318afd5131cbd82,"identity_helper.exe","Microsoft Edge",5208,"-","-","C:\Program Files (x86)\Microsoft\Edge\Application\106.0.1370.52\","C:\Program Files (x86)\Microsoft\Edge\Application\106.0.1370.52\","-","-","-","-","-","-","b32daef4f46ac58d95d1cc5d1201d6890991908d6889a85ecc7dbecdd18d3d96, ecadd6642e49feac3f3b038f5a2c6432, b9b1c3d57c07eff51318afd5131cbd82","-","-","Patricia Goh","-","-",VICTIM,"-","S-1-5-18","Patricia Goh","Patricia Goh","-",wineventlog,"Microsoft-Windows-Sysmon/Operational",victim,"Microsoft Corporation","-","PWA Identity Proxy Host","-","106.0.1370.52",High,"{461f0bd2-2d0d-6354-ef2b-030000000000}",0x32bef,"-","VICTIM\Patricia Goh","-","Microsoft Edge","-","-","-","-","-","-","-","-",1,"-",1,"-","-",Info,"2,240","2,984","{5770385f-c22a-43e0-bf4c-06f5698ffbd9}","Microsoft-Windows-Sysmon",5097,"Process Create (rule: ProcessCreate)","NT AUTHORITY","S-1-5-18",SYSTEM,User,5
"Oct 23, 2022 @ 01:49:45.063",NkXTAIQBHC0TB3lJ2ZqO,".ds-winlogbeat-8.2.3-2022.10.22-000001","-","25051d08-9df1-4629-b2c6-d1eeb5aa9cfd",victim,"b15c43c7-63a1-423e-901b-f1acc6401711",victim,winlogbeat,"8.2.3","-","-","-","-","-","-","-","1.12.0","Process Create (rule: ProcessCreate)",process,1,"Oct 23, 2022 @ 01:50:36.207","Oct 23, 2022 @ 01:53:14.628",event,sysmon,"-","Microsoft-Windows-Sysmon","-",start,"-","-","-","-","-","x86_64",victim,"461f0bd2-c182-413a-8a41-2a8e4accb4a9","fe80::4959:93ba:69a6:522d, 10.0.2.15, fe80::91a8:3d9e:36ba:f548, 172.19.96.10","08:00:27:7c:f3:ae, 08:00:27:22:f7:3c",victim,"19044.1889",windows,"10.0.19041.1889 (WinBuild.160101.0800)","Windows 10 Enterprise Evaluation","Windows 10 Enterprise Evaluation",windows,windows,"10.0",information,"Process Create:
RuleName: -
UtcTime: 2022-10-22 17:49:45.063
ProcessGuid: {461f0bd2-2d39-6354-5d00-000000001f00}
ProcessId: 5164
Image: C:\Program Files (x86)\Microsoft\Edge\Application\msedge.exe
FileVersion: 106.0.1370.52
Description: Microsoft Edge
Product: Microsoft Edge
Company: Microsoft Corporation
OriginalFileName: msedge.exe
CommandLine: ""C:\Program Files (x86)\Microsoft\Edge\Application\msedge.exe"" --type=utility --utility-sub-type=storage.mojom.StorageService --lang=en-US --service-sandbox-type=utility --mojo-platform-channel-handle=2428 --field-trial-handle=2096,i,12931208589142636227,13865709978780780176,131072 /prefetch:8
CurrentDirectory: C:\Program Files (x86)\Microsoft\Edge\Application\106.0.1370.52\
User: VICTIM\Patricia Goh
LogonGuid: {461f0bd2-2d0d-6354-ef2b-030000000000}
LogonId: 0x32BEF
TerminalSessionId: 1
IntegrityLevel: Low
Hashes: MD5=989EA45A2622F79475C56299E9EDBC0C,SHA256=163801C311DAF2FAC7B2DEA0996AD03DDB16DBA13A0AC25D85878B0587F84D44,IMPHASH=82F187E22098B6CC42EB6250BA0FA1DA
ParentProcessGuid: {461f0bd2-2d33-6354-5300-000000001f00}
ParentProcessId: 1004
ParentImage: C:\Program Files (x86)\Microsoft\Edge\Application\msedge.exe
ParentCommandLine: ""C:\Program Files (x86)\Microsoft\Edge\Application\msedge.exe"" --no-startup-window --win-session-start /prefetch:5
ParentUser: VICTIM\Patricia Goh","-","-","-","-","-","-","-","-","-","-","-","-","C:\Program Files (x86)\Microsoft\Edge\Application\msedge.exe, --type=utility, --utility-sub-type=storage.mojom.StorageService, --lang=en-US, --service-sandbox-type=utility, --mojo-platform-channel-handle=2428, --field-trial-handle=2096,i,12931208589142636227,13865709978780780176,131072, /prefetch:8",8,"""C:\Program Files (x86)\Microsoft\Edge\Application\msedge.exe"" --type=utility --utility-sub-type=storage.mojom.StorageService --lang=en-US --service-sandbox-type=utility --mojo-platform-channel-handle=2428 --field-trial-handle=2096,i,12931208589142636227,13865709978780780176,131072 /prefetch:8","""C:\Program Files (x86)\Microsoft\Edge\Application\msedge.exe"" --type=utility --utility-sub-type=storage.mojom.StorageService --lang=en-US --service-sandbox-type=utility --mojo-platform-channel-handle=2428 --field-trial-handle=2096,i,12931208589142636227,13865709978780780176,131072 /prefetch:8","{461f0bd2-2d39-6354-5d00-000000001f00}","C:\Program Files (x86)\Microsoft\Edge\Application\msedge.exe","C:\Program Files (x86)\Microsoft\Edge\Application\msedge.exe",989ea45a2622f79475c56299e9edbc0c,163801c311daf2fac7b2dea0996ad03ddb16dba13a0ac25d85878b0587f84d44,"msedge.exe","msedge.exe","C:\Program Files (x86)\Microsoft\Edge\Application\msedge.exe, --no-startup-window, --win-session-start, /prefetch:5",4,"""C:\Program Files (x86)\Microsoft\Edge\Application\msedge.exe"" --no-startup-window --win-session-start /prefetch:5","""C:\Program Files (x86)\Microsoft\Edge\Application\msedge.exe"" --no-startup-window --win-session-start /prefetch:5","{461f0bd2-2d33-6354-5300-000000001f00}","C:\Program Files (x86)\Microsoft\Edge\Application\msedge.exe","C:\Program Files (x86)\Microsoft\Edge\Application\msedge.exe","msedge.exe","msedge.exe",1004,"Microsoft Corporation","Microsoft Edge","106.0.1370.52",82f187e22098b6cc42eb6250ba0fa1da,"msedge.exe","Microsoft Edge",5164,"-","-","C:\Program Files (x86)\Microsoft\Edge\Application\106.0.1370.52\","C:\Program Files (x86)\Microsoft\Edge\Application\106.0.1370.52\","-","-","-","-","-","-","163801c311daf2fac7b2dea0996ad03ddb16dba13a0ac25d85878b0587f84d44, 989ea45a2622f79475c56299e9edbc0c, 82f187e22098b6cc42eb6250ba0fa1da","-","-","Patricia Goh","-","-",VICTIM,"-","S-1-5-18","Patricia Goh","Patricia Goh","-",wineventlog,"Microsoft-Windows-Sysmon/Operational",victim,"Microsoft Corporation","-","Microsoft Edge","-","106.0.1370.52",Low,"{461f0bd2-2d0d-6354-ef2b-030000000000}",0x32bef,"-","VICTIM\Patricia Goh","-","Microsoft Edge","-","-","-","-","-","-","-","-",1,"-",1,"-","-",Info,"2,240","2,984","{5770385f-c22a-43e0-bf4c-06f5698ffbd9}","Microsoft-Windows-Sysmon",5096,"Process Create (rule: ProcessCreate)","NT AUTHORITY","S-1-5-18",SYSTEM,User,5
"Oct 23, 2022 @ 01:49:44.875",NUXTAIQBHC0TB3lJ2ZqO,".ds-winlogbeat-8.2.3-2022.10.22-000001","-","25051d08-9df1-4629-b2c6-d1eeb5aa9cfd",victim,"b15c43c7-63a1-423e-901b-f1acc6401711",victim,winlogbeat,"8.2.3","-","-","-","-","-","-","-","1.12.0","Process Create (rule: ProcessCreate)",process,1,"Oct 23, 2022 @ 01:50:36.207","Oct 23, 2022 @ 01:53:14.627",event,sysmon,"-","Microsoft-Windows-Sysmon","-",start,"-","-","-","-","-","x86_64",victim,"461f0bd2-c182-413a-8a41-2a8e4accb4a9","fe80::4959:93ba:69a6:522d, 10.0.2.15, fe80::91a8:3d9e:36ba:f548, 172.19.96.10","08:00:27:7c:f3:ae, 08:00:27:22:f7:3c",victim,"19044.1889",windows,"10.0.19041.1889 (WinBuild.160101.0800)","Windows 10 Enterprise Evaluation","Windows 10 Enterprise Evaluation",windows,windows,"10.0",information,"Process Create:
RuleName: -
UtcTime: 2022-10-22 17:49:44.875
ProcessGuid: {461f0bd2-2d38-6354-5c00-000000001f00}
ProcessId: 5156
Image: C:\Program Files (x86)\Microsoft\Edge\Application\msedge.exe
FileVersion: 106.0.1370.52
Description: Microsoft Edge
Product: Microsoft Edge
Company: Microsoft Corporation
OriginalFileName: msedge.exe
CommandLine: ""C:\Program Files (x86)\Microsoft\Edge\Application\msedge.exe"" --type=utility --utility-sub-type=network.mojom.NetworkService --lang=en-US --service-sandbox-type=none --mojo-platform-channel-handle=2020 --field-trial-handle=2096,i,12931208589142636227,13865709978780780176,131072 /prefetch:3
CurrentDirectory: C:\Program Files (x86)\Microsoft\Edge\Application\106.0.1370.52\
User: VICTIM\Patricia Goh
LogonGuid: {461f0bd2-2d0d-6354-ef2b-030000000000}
LogonId: 0x32BEF
TerminalSessionId: 1
IntegrityLevel: High
Hashes: MD5=989EA45A2622F79475C56299E9EDBC0C,SHA256=163801C311DAF2FAC7B2DEA0996AD03DDB16DBA13A0AC25D85878B0587F84D44,IMPHASH=82F187E22098B6CC42EB6250BA0FA1DA
ParentProcessGuid: {461f0bd2-2d33-6354-5300-000000001f00}
ParentProcessId: 1004
ParentImage: C:\Program Files (x86)\Microsoft\Edge\Application\msedge.exe
ParentCommandLine: ""C:\Program Files (x86)\Microsoft\Edge\Application\msedge.exe"" --no-startup-window --win-session-start /prefetch:5
ParentUser: VICTIM\Patricia Goh","-","-","-","-","-","-","-","-","-","-","-","-","C:\Program Files (x86)\Microsoft\Edge\Application\msedge.exe, --type=utility, --utility-sub-type=network.mojom.NetworkService, --lang=en-US, --service-sandbox-type=none, --mojo-platform-channel-handle=2020, --field-trial-handle=2096,i,12931208589142636227,13865709978780780176,131072, /prefetch:3",8,"""C:\Program Files (x86)\Microsoft\Edge\Application\msedge.exe"" --type=utility --utility-sub-type=network.mojom.NetworkService --lang=en-US --service-sandbox-type=none --mojo-platform-channel-handle=2020 --field-trial-handle=2096,i,12931208589142636227,13865709978780780176,131072 /prefetch:3","""C:\Program Files (x86)\Microsoft\Edge\Application\msedge.exe"" --type=utility --utility-sub-type=network.mojom.NetworkService --lang=en-US --service-sandbox-type=none --mojo-platform-channel-handle=2020 --field-trial-handle=2096,i,12931208589142636227,13865709978780780176,131072 /prefetch:3","{461f0bd2-2d38-6354-5c00-000000001f00}","C:\Program Files (x86)\Microsoft\Edge\Application\msedge.exe","C:\Program Files (x86)\Microsoft\Edge\Application\msedge.exe",989ea45a2622f79475c56299e9edbc0c,163801c311daf2fac7b2dea0996ad03ddb16dba13a0ac25d85878b0587f84d44,"msedge.exe","msedge.exe","C:\Program Files (x86)\Microsoft\Edge\Application\msedge.exe, --no-startup-window, --win-session-start, /prefetch:5",4,"""C:\Program Files (x86)\Microsoft\Edge\Application\msedge.exe"" --no-startup-window --win-session-start /prefetch:5","""C:\Program Files (x86)\Microsoft\Edge\Application\msedge.exe"" --no-startup-window --win-session-start /prefetch:5","{461f0bd2-2d33-6354-5300-000000001f00}","C:\Program Files (x86)\Microsoft\Edge\Application\msedge.exe","C:\Program Files (x86)\Microsoft\Edge\Application\msedge.exe","msedge.exe","msedge.exe",1004,"Microsoft Corporation","Microsoft Edge","106.0.1370.52",82f187e22098b6cc42eb6250ba0fa1da,"msedge.exe","Microsoft Edge",5156,"-","-","C:\Program Files (x86)\Microsoft\Edge\Application\106.0.1370.52\","C:\Program Files (x86)\Microsoft\Edge\Application\106.0.1370.52\","-","-","-","-","-","-","163801c311daf2fac7b2dea0996ad03ddb16dba13a0ac25d85878b0587f84d44, 989ea45a2622f79475c56299e9edbc0c, 82f187e22098b6cc42eb6250ba0fa1da","-","-","Patricia Goh","-","-",VICTIM,"-","S-1-5-18","Patricia Goh","Patricia Goh","-",wineventlog,"Microsoft-Windows-Sysmon/Operational",victim,"Microsoft Corporation","-","Microsoft Edge","-","106.0.1370.52",High,"{461f0bd2-2d0d-6354-ef2b-030000000000}",0x32bef,"-","VICTIM\Patricia Goh","-","Microsoft Edge","-","-","-","-","-","-","-","-",1,"-",1,"-","-",Info,"2,240","2,984","{5770385f-c22a-43e0-bf4c-06f5698ffbd9}","Microsoft-Windows-Sysmon",5095,"Process Create (rule: ProcessCreate)","NT AUTHORITY","S-1-5-18",SYSTEM,User,5
"Oct 23, 2022 @ 01:49:44.858",NEXTAIQBHC0TB3lJ2ZqO,".ds-winlogbeat-8.2.3-2022.10.22-000001","-","25051d08-9df1-4629-b2c6-d1eeb5aa9cfd",victim,"b15c43c7-63a1-423e-901b-f1acc6401711",victim,winlogbeat,"8.2.3","-","-","-","-","-","-","-","1.12.0","Process Create (rule: ProcessCreate)",process,1,"Oct 23, 2022 @ 01:50:36.207","Oct 23, 2022 @ 01:53:14.627",event,sysmon,"-","Microsoft-Windows-Sysmon","-",start,"-","-","-","-","-","x86_64",victim,"461f0bd2-c182-413a-8a41-2a8e4accb4a9","fe80::4959:93ba:69a6:522d, 10.0.2.15, fe80::91a8:3d9e:36ba:f548, 172.19.96.10","08:00:27:7c:f3:ae, 08:00:27:22:f7:3c",victim,"19044.1889",windows,"10.0.19041.1889 (WinBuild.160101.0800)","Windows 10 Enterprise Evaluation","Windows 10 Enterprise Evaluation",windows,windows,"10.0",information,"Process Create:
RuleName: -
UtcTime: 2022-10-22 17:49:44.858
ProcessGuid: {461f0bd2-2d38-6354-5b00-000000001f00}
ProcessId: 5148
Image: C:\Program Files (x86)\Microsoft\Edge\Application\msedge.exe
FileVersion: 106.0.1370.52
Description: Microsoft Edge
Product: Microsoft Edge
Company: Microsoft Corporation
OriginalFileName: msedge.exe
CommandLine: ""C:\Program Files (x86)\Microsoft\Edge\Application\msedge.exe"" --type=gpu-process --gpu-preferences=UAAAAAAAAADgAAAYAAAAAAAAAAAAAAAAAABgAAAAAAAwAAAAAAAAAAAAAAAQAAAAAAAAAAAAAAAAAAAAAAAAAEgAAAAAAAAASAAAAAAAAAAYAAAAAgAAABAAAAAAAAAAGAAAAAAAAAAQAAAAAAAAAAAAAAAOAAAAEAAAAAAAAAABAAAADgAAAAgAAAAAAAAACAAAAAAAAAA= --mojo-platform-channel-handle=1936 --field-trial-handle=2096,i,12931208589142636227,13865709978780780176,131072 /prefetch:2
CurrentDirectory: C:\Program Files (x86)\Microsoft\Edge\Application\106.0.1370.52\
User: VICTIM\Patricia Goh
LogonGuid: {461f0bd2-2d0d-6354-ef2b-030000000000}
LogonId: 0x32BEF
TerminalSessionId: 1
IntegrityLevel: Low
Hashes: MD5=989EA45A2622F79475C56299E9EDBC0C,SHA256=163801C311DAF2FAC7B2DEA0996AD03DDB16DBA13A0AC25D85878B0587F84D44,IMPHASH=82F187E22098B6CC42EB6250BA0FA1DA
ParentProcessGuid: {461f0bd2-2d33-6354-5300-000000001f00}
ParentProcessId: 1004
ParentImage: C:\Program Files (x86)\Microsoft\Edge\Application\msedge.exe
ParentCommandLine: ""C:\Program Files (x86)\Microsoft\Edge\Application\msedge.exe"" --no-startup-window --win-session-start /prefetch:5
ParentUser: VICTIM\Patricia Goh","-","-","-","-","-","-","-","-","-","-","-","-","C:\Program Files (x86)\Microsoft\Edge\Application\msedge.exe, --type=gpu-process, --gpu-preferences=UAAAAAAAAADgAAAYAAAAAAAAAAAAAAAAAABgAAAAAAAwAAAAAAAAAAAAAAAQAAAAAAAAAAAAAAAAAAAAAAAAAEgAAAAAAAAASAAAAAAAAAAYAAAAAgAAABAAAAAAAAAAGAAAAAAAAAAQAAAAAAAAAAAAAAAOAAAAEAAAAAAAAAABAAAADgAAAAgAAAAAAAAACAAAAAAAAAA=, --mojo-platform-channel-handle=1936, --field-trial-handle=2096,i,12931208589142636227,13865709978780780176,131072, /prefetch:2",6,"""C:\Program Files (x86)\Microsoft\Edge\Application\msedge.exe"" --type=gpu-process --gpu-preferences=UAAAAAAAAADgAAAYAAAAAAAAAAAAAAAAAABgAAAAAAAwAAAAAAAAAAAAAAAQAAAAAAAAAAAAAAAAAAAAAAAAAEgAAAAAAAAASAAAAAAAAAAYAAAAAgAAABAAAAAAAAAAGAAAAAAAAAAQAAAAAAAAAAAAAAAOAAAAEAAAAAAAAAABAAAADgAAAAgAAAAAAAAACAAAAAAAAAA= --mojo-platform-channel-handle=1936 --field-trial-handle=2096,i,12931208589142636227,13865709978780780176,131072 /prefetch:2","""C:\Program Files (x86)\Microsoft\Edge\Application\msedge.exe"" --type=gpu-process --gpu-preferences=UAAAAAAAAADgAAAYAAAAAAAAAAAAAAAAAABgAAAAAAAwAAAAAAAAAAAAAAAQAAAAAAAAAAAAAAAAAAAAAAAAAEgAAAAAAAAASAAAAAAAAAAYAAAAAgAAABAAAAAAAAAAGAAAAAAAAAAQAAAAAAAAAAAAAAAOAAAAEAAAAAAAAAABAAAADgAAAAgAAAAAAAAACAAAAAAAAAA= --mojo-platform-channel-handle=1936 --field-trial-handle=2096,i,12931208589142636227,13865709978780780176,131072 /prefetch:2","{461f0bd2-2d38-6354-5b00-000000001f00}","C:\Program Files (x86)\Microsoft\Edge\Application\msedge.exe","C:\Program Files (x86)\Microsoft\Edge\Application\msedge.exe",989ea45a2622f79475c56299e9edbc0c,163801c311daf2fac7b2dea0996ad03ddb16dba13a0ac25d85878b0587f84d44,"msedge.exe","msedge.exe","C:\Program Files (x86)\Microsoft\Edge\Application\msedge.exe, --no-startup-window, --win-session-start, /prefetch:5",4,"""C:\Program Files (x86)\Microsoft\Edge\Application\msedge.exe"" --no-startup-window --win-session-start /prefetch:5","""C:\Program Files (x86)\Microsoft\Edge\Application\msedge.exe"" --no-startup-window --win-session-start /prefetch:5","{461f0bd2-2d33-6354-5300-000000001f00}","C:\Program Files (x86)\Microsoft\Edge\Application\msedge.exe","C:\Program Files (x86)\Microsoft\Edge\Application\msedge.exe","msedge.exe","msedge.exe",1004,"Microsoft Corporation","Microsoft Edge","106.0.1370.52",82f187e22098b6cc42eb6250ba0fa1da,"msedge.exe","Microsoft Edge",5148,"-","-","C:\Program Files (x86)\Microsoft\Edge\Application\106.0.1370.52\","C:\Program Files (x86)\Microsoft\Edge\Application\106.0.1370.52\","-","-","-","-","-","-","163801c311daf2fac7b2dea0996ad03ddb16dba13a0ac25d85878b0587f84d44, 989ea45a2622f79475c56299e9edbc0c, 82f187e22098b6cc42eb6250ba0fa1da","-","-","Patricia Goh","-","-",VICTIM,"-","S-1-5-18","Patricia Goh","Patricia Goh","-",wineventlog,"Microsoft-Windows-Sysmon/Operational",victim,"Microsoft Corporation","-","Microsoft Edge","-","106.0.1370.52",Low,"{461f0bd2-2d0d-6354-ef2b-030000000000}",0x32bef,"-","VICTIM\Patricia Goh","-","Microsoft Edge","-","-","-","-","-","-","-","-",1,"-",1,"-","-",Info,"2,240","2,984","{5770385f-c22a-43e0-bf4c-06f5698ffbd9}","Microsoft-Windows-Sysmon",5094,"Process Create (rule: ProcessCreate)","NT AUTHORITY","S-1-5-18",SYSTEM,User,5
"Oct 23, 2022 @ 01:49:44.463",MkXTAIQBHC0TB3lJ2ZqO,".ds-winlogbeat-8.2.3-2022.10.22-000001","-","25051d08-9df1-4629-b2c6-d1eeb5aa9cfd",victim,"b15c43c7-63a1-423e-901b-f1acc6401711",victim,winlogbeat,"8.2.3","-","-","-","-","-","-","-","1.12.0","File created (rule: FileCreate)",file,11,"Oct 23, 2022 @ 01:50:36.207","Oct 23, 2022 @ 01:53:14.626",event,sysmon,"-","Microsoft-Windows-Sysmon","-",creation,"C:\Users\Patricia Goh\AppData\Local\Temp",ps1,"__PSScriptPolicyTest_amefpjma.vwr.ps1","C:\Users\Patricia Goh\AppData\Local\Temp\__PSScriptPolicyTest_amefpjma.vwr.ps1","C:\Users\Patricia Goh\AppData\Local\Temp\__PSScriptPolicyTest_amefpjma.vwr.ps1","x86_64",victim,"461f0bd2-c182-413a-8a41-2a8e4accb4a9","fe80::4959:93ba:69a6:522d, 10.0.2.15, fe80::91a8:3d9e:36ba:f548, 172.19.96.10","08:00:27:7c:f3:ae, 08:00:27:22:f7:3c",victim,"19044.1889",windows,"10.0.19041.1889 (WinBuild.160101.0800)","Windows 10 Enterprise Evaluation","Windows 10 Enterprise Evaluation",windows,windows,"10.0",information,"File created:
RuleName: -
UtcTime: 2022-10-22 17:49:44.463
ProcessGuid: {461f0bd2-2d36-6354-5a00-000000001f00}
ProcessId: 2332
Image: C:\Windows\System32\WindowsPowerShell\v1.0\powershell.exe
TargetFilename: C:\Users\Patricia Goh\AppData\Local\Temp\__PSScriptPolicyTest_amefpjma.vwr.ps1
CreationUtcTime: 2022-10-22 17:49:44.463
User: VICTIM\Patricia Goh","-","-","-","-","-","-","-","-","-","-","-","-","-","-","-","-","{461f0bd2-2d36-6354-5a00-000000001f00}","C:\Windows\System32\WindowsPowerShell\v1.0\powershell.exe","C:\Windows\System32\WindowsPowerShell\v1.0\powershell.exe","-","-","powershell.exe","powershell.exe","-","-","-","-","-","-","-","-","-","-","-","-","-","-","-","-",2332,"-","-","-","-","-","-","-","-","-","-","-","-","-","Patricia Goh","-","-",VICTIM,"-","S-1-5-18","Patricia Goh","Patricia Goh","-",wineventlog,"Microsoft-Windows-Sysmon/Operational",victim,"-","2022-10-22 17:49:44.463","-","-","-","-","-","-","-","-","-","-","-","-","-","-","-","-","-","-","-","-",11,"-","-",Info,"2,240","2,984","{5770385f-c22a-43e0-bf4c-06f5698ffbd9}","Microsoft-Windows-Sysmon",5092,"File created (rule: FileCreate)","NT AUTHORITY","S-1-5-18",SYSTEM,User,2
"Oct 23, 2022 @ 01:49:42.867",MUXTAIQBHC0TB3lJ2ZqO,".ds-winlogbeat-8.2.3-2022.10.22-000001","-","25051d08-9df1-4629-b2c6-d1eeb5aa9cfd",victim,"b15c43c7-63a1-423e-901b-f1acc6401711",victim,winlogbeat,"8.2.3","-","-","-","-","-","-","-","1.12.0","Process Create (rule: ProcessCreate)",process,1,"Oct 23, 2022 @ 01:50:36.207","Oct 23, 2022 @ 01:53:14.626",event,sysmon,"-","Microsoft-Windows-Sysmon","-",start,"-","-","-","-","-","x86_64",victim,"461f0bd2-c182-413a-8a41-2a8e4accb4a9","fe80::4959:93ba:69a6:522d, 10.0.2.15, fe80::91a8:3d9e:36ba:f548, 172.19.96.10","08:00:27:7c:f3:ae, 08:00:27:22:f7:3c",victim,"19044.1889",windows,"10.0.19041.1889 (WinBuild.160101.0800)","Windows 10 Enterprise Evaluation","Windows 10 Enterprise Evaluation",windows,windows,"10.0",information,"Process Create:
RuleName: -
UtcTime: 2022-10-22 17:49:42.867
ProcessGuid: {461f0bd2-2d36-6354-5a00-000000001f00}
ProcessId: 2332
Image: C:\Windows\System32\WindowsPowerShell\v1.0\powershell.exe
FileVersion: 10.0.19041.546 (WinBuild.160101.0800)
Description: Windows PowerShell
Product: Microsoft® Windows® Operating System
Company: Microsoft Corporation
OriginalFileName: PowerShell.EXE
CommandLine: powershell.exe  -command ""Set-MpPreference -EnableControlledFolderAccess Disabled""
CurrentDirectory: C:\Users\PATRIC~1\AppData\Local\Temp\IXP000.TMP\
User: VICTIM\Patricia Goh
LogonGuid: {461f0bd2-2d0d-6354-ef2b-030000000000}
LogonId: 0x32BEF
TerminalSessionId: 1
IntegrityLevel: High
Hashes: MD5=04029E121A0CFA5991749937DD22A1D9,SHA256=9F914D42706FE215501044ACD85A32D58AAEF1419D404FDDFA5D3B48F66CCD9F,IMPHASH=7C955A0ABC747F57CCC4324480737EF7
ParentProcessGuid: {461f0bd2-2d35-6354-5700-000000001f00}
ParentProcessId: 256
ParentImage: C:\Windows\System32\cmd.exe
ParentCommandLine: cmd /c Percino.bat
ParentUser: VICTIM\Patricia Goh","-","-","-","-","-","-","-","-","-","-","-","-","powershell.exe, -command, Set-MpPreference -EnableControlledFolderAccess Disabled",3,"powershell.exe  -command ""Set-MpPreference -EnableControlledFolderAccess Disabled""","powershell.exe  -command ""Set-MpPreference -EnableControlledFolderAccess Disabled""","{461f0bd2-2d36-6354-5a00-000000001f00}","C:\Windows\System32\WindowsPowerShell\v1.0\powershell.exe","C:\Windows\System32\WindowsPowerShell\v1.0\powershell.exe",04029e121a0cfa5991749937dd22a1d9,9f914d42706fe215501044acd85a32d58aaef1419d404fddfa5d3b48f66ccd9f,"powershell.exe","powershell.exe","cmd, /c, Percino.bat",3,"cmd /c Percino.bat","cmd /c Percino.bat","{461f0bd2-2d35-6354-5700-000000001f00}","C:\Windows\System32\cmd.exe","C:\Windows\System32\cmd.exe","cmd.exe","cmd.exe",256,"Microsoft Corporation","Windows PowerShell","10.0.19041.546 (WinBuild.160101.0800)",7c955a0abc747f57ccc4324480737ef7,"PowerShell.EXE","Microsoft® Windows® Operating System",2332,"-","-","C:\Users\PATRIC~1\AppData\Local\Temp\IXP000.TMP\","C:\Users\PATRIC~1\AppData\Local\Temp\IXP000.TMP\","-","-","-","-","-","-","9f914d42706fe215501044acd85a32d58aaef1419d404fddfa5d3b48f66ccd9f, 04029e121a0cfa5991749937dd22a1d9, 7c955a0abc747f57ccc4324480737ef7","-","-","Patricia Goh","-","-",VICTIM,"-","S-1-5-18","Patricia Goh","Patricia Goh","-",wineventlog,"Microsoft-Windows-Sysmon/Operational",victim,"Microsoft Corporation","-","Windows PowerShell","-","10.0.19041.546 (WinBuild.160101.0800)",High,"{461f0bd2-2d0d-6354-ef2b-030000000000}",0x32bef,"-","VICTIM\Patricia Goh","-","Microsoft® Windows® Operating System","-","-","-","-","-","-","-","-",1,"-",1,"-","-",Info,"2,240","2,984","{5770385f-c22a-43e0-bf4c-06f5698ffbd9}","Microsoft-Windows-Sysmon",5091,"Process Create (rule: ProcessCreate)","NT AUTHORITY","S-1-5-18",SYSTEM,User,5
"Oct 23, 2022 @ 01:49:42.695",MEXTAIQBHC0TB3lJ2ZqO,".ds-winlogbeat-8.2.3-2022.10.22-000001","-","25051d08-9df1-4629-b2c6-d1eeb5aa9cfd",victim,"b15c43c7-63a1-423e-901b-f1acc6401711",victim,winlogbeat,"8.2.3","-","-","-","-","-","-","-","1.12.0","Process Create (rule: ProcessCreate)",process,1,"Oct 23, 2022 @ 01:50:36.207","Oct 23, 2022 @ 01:53:14.626",event,sysmon,"-","Microsoft-Windows-Sysmon","-",start,"-","-","-","-","-","x86_64",victim,"461f0bd2-c182-413a-8a41-2a8e4accb4a9","fe80::4959:93ba:69a6:522d, 10.0.2.15, fe80::91a8:3d9e:36ba:f548, 172.19.96.10","08:00:27:7c:f3:ae, 08:00:27:22:f7:3c",victim,"19044.1889",windows,"10.0.19041.1889 (WinBuild.160101.0800)","Windows 10 Enterprise Evaluation","Windows 10 Enterprise Evaluation",windows,windows,"10.0",information,"Process Create:
RuleName: -
UtcTime: 2022-10-22 17:49:42.695
ProcessGuid: {461f0bd2-2d36-6354-5900-000000001f00}
ProcessId: 1620
Image: C:\Windows\System32\PING.EXE
FileVersion: 10.0.19041.1 (WinBuild.160101.0800)
Description: TCP/IP Ping Command
Product: Microsoft® Windows® Operating System
Company: Microsoft Corporation
OriginalFileName: ping.exe
CommandLine: ping.exe  www.google.com -n 1 -w 1000
CurrentDirectory: C:\Users\PATRIC~1\AppData\Local\Temp\IXP000.TMP\
User: VICTIM\Patricia Goh
LogonGuid: {461f0bd2-2d0d-6354-ef2b-030000000000}
LogonId: 0x32BEF
TerminalSessionId: 1
IntegrityLevel: High
Hashes: MD5=2F46799D79D22AC72C241EC0322B011D,SHA256=7AF50FA112932EA3284F7821B2EEA2B7582F558DBA897231BB82182003C29F8B,IMPHASH=8C3BE1286CDAD6AC1136D0BB6C83FF41
ParentProcessGuid: {461f0bd2-2d35-6354-5700-000000001f00}
ParentProcessId: 256
ParentImage: C:\Windows\System32\cmd.exe
ParentCommandLine: cmd /c Percino.bat
ParentUser: VICTIM\Patricia Goh","-","-","-","-","-","-","-","-","-","-","-","-","ping.exe, www.google.com, -n, 1, -w, 1000",6,"ping.exe  www.google.com -n 1 -w 1000","ping.exe  www.google.com -n 1 -w 1000","{461f0bd2-2d36-6354-5900-000000001f00}","C:\Windows\System32\PING.EXE","C:\Windows\System32\PING.EXE",2f46799d79d22ac72c241ec0322b011d,7af50fa112932ea3284f7821b2eea2b7582f558dba897231bb82182003c29f8b,"PING.EXE","PING.EXE","cmd, /c, Percino.bat",3,"cmd /c Percino.bat","cmd /c Percino.bat","{461f0bd2-2d35-6354-5700-000000001f00}","C:\Windows\System32\cmd.exe","C:\Windows\System32\cmd.exe","cmd.exe","cmd.exe",256,"Microsoft Corporation","TCP/IP Ping Command","10.0.19041.1 (WinBuild.160101.0800)",8c3be1286cdad6ac1136d0bb6c83ff41,"ping.exe","Microsoft® Windows® Operating System",1620,"-","-","C:\Users\PATRIC~1\AppData\Local\Temp\IXP000.TMP\","C:\Users\PATRIC~1\AppData\Local\Temp\IXP000.TMP\","-","-","-","-","-","-","7af50fa112932ea3284f7821b2eea2b7582f558dba897231bb82182003c29f8b, 2f46799d79d22ac72c241ec0322b011d, 8c3be1286cdad6ac1136d0bb6c83ff41","-","-","Patricia Goh","-","-",VICTIM,"-","S-1-5-18","Patricia Goh","Patricia Goh","-",wineventlog,"Microsoft-Windows-Sysmon/Operational",victim,"Microsoft Corporation","-","TCP/IP Ping Command","-","10.0.19041.1 (WinBuild.160101.0800)",High,"{461f0bd2-2d0d-6354-ef2b-030000000000}",0x32bef,"-","VICTIM\Patricia Goh","-","Microsoft® Windows® Operating System","-","-","-","-","-","-","-","-",1,"-",1,"-","-",Info,"2,240","2,984","{5770385f-c22a-43e0-bf4c-06f5698ffbd9}","Microsoft-Windows-Sysmon",5090,"Process Create (rule: ProcessCreate)","NT AUTHORITY","S-1-5-18",SYSTEM,User,5
"Oct 23, 2022 @ 01:49:41.571",L0XTAIQBHC0TB3lJ2ZqO,".ds-winlogbeat-8.2.3-2022.10.22-000001","-","25051d08-9df1-4629-b2c6-d1eeb5aa9cfd",victim,"b15c43c7-63a1-423e-901b-f1acc6401711",victim,winlogbeat,"8.2.3","-","-","-","-","-","-","-","1.12.0","Process Create (rule: ProcessCreate)",process,1,"Oct 23, 2022 @ 01:50:36.207","Oct 23, 2022 @ 01:53:14.625",event,sysmon,"-","Microsoft-Windows-Sysmon","-",start,"-","-","-","-","-","x86_64",victim,"461f0bd2-c182-413a-8a41-2a8e4accb4a9","fe80::4959:93ba:69a6:522d, 10.0.2.15, fe80::91a8:3d9e:36ba:f548, 172.19.96.10","08:00:27:7c:f3:ae, 08:00:27:22:f7:3c",victim,"19044.1889",windows,"10.0.19041.1889 (WinBuild.160101.0800)","Windows 10 Enterprise Evaluation","Windows 10 Enterprise Evaluation",windows,windows,"10.0",information,"Process Create:
RuleName: -
UtcTime: 2022-10-22 17:49:41.571
ProcessGuid: {461f0bd2-2d35-6354-5700-000000001f00}
ProcessId: 256
Image: C:\Windows\System32\cmd.exe
FileVersion: 10.0.19041.746 (WinBuild.160101.0800)
Description: Windows Command Processor
Product: Microsoft® Windows® Operating System
Company: Microsoft Corporation
OriginalFileName: Cmd.Exe
CommandLine: cmd /c Percino.bat
CurrentDirectory: C:\Users\PATRIC~1\AppData\Local\Temp\IXP000.TMP\
User: VICTIM\Patricia Goh
LogonGuid: {461f0bd2-2d0d-6354-ef2b-030000000000}
LogonId: 0x32BEF
TerminalSessionId: 1
IntegrityLevel: High
Hashes: MD5=8A2122E8162DBEF04694B9C3E0B6CDEE,SHA256=B99D61D874728EDC0918CA0EB10EAB93D381E7367E377406E65963366C874450,IMPHASH=272245E2988E1E430500B852C4FB5E18
ParentProcessGuid: {461f0bd2-2d35-6354-5500-000000001f00}
ParentProcessId: 988
ParentImage: C:\Users\Patricia Goh\AppData\Roaming\Microsoft\Windows\Start Menu\Programs\Startup\Percino.exe
ParentCommandLine: ""C:\Users\Patricia Goh\AppData\Roaming\Microsoft\Windows\Start Menu\Programs\Startup\Percino.exe"" 
ParentUser: VICTIM\Patricia Goh","-","-","-","-","-","-","-","-","-","-","-","-","cmd, /c, Percino.bat",3,"cmd /c Percino.bat","cmd /c Percino.bat","{461f0bd2-2d35-6354-5700-000000001f00}","C:\Windows\System32\cmd.exe","C:\Windows\System32\cmd.exe",8a2122e8162dbef04694b9c3e0b6cdee,b99d61d874728edc0918ca0eb10eab93d381e7367e377406e65963366c874450,"cmd.exe","cmd.exe","C:\Users\Patricia Goh\AppData\Roaming\Microsoft\Windows\Start Menu\Programs\Startup\Percino.exe",1,"""C:\Users\Patricia Goh\AppData\Roaming\Microsoft\Windows\Start Menu\Programs\Startup\Percino.exe"" ","""C:\Users\Patricia Goh\AppData\Roaming\Microsoft\Windows\Start Menu\Programs\Startup\Percino.exe"" ","{461f0bd2-2d35-6354-5500-000000001f00}","C:\Users\Patricia Goh\AppData\Roaming\Microsoft\Windows\Start Menu\Programs\Startup\Percino.exe","C:\Users\Patricia Goh\AppData\Roaming\Microsoft\Windows\Start Menu\Programs\Startup\Percino.exe","Percino.exe","Percino.exe",988,"Microsoft Corporation","Windows Command Processor","10.0.19041.746 (WinBuild.160101.0800)",272245e2988e1e430500b852c4fb5e18,"Cmd.Exe","Microsoft® Windows® Operating System",256,"-","-","C:\Users\PATRIC~1\AppData\Local\Temp\IXP000.TMP\","C:\Users\PATRIC~1\AppData\Local\Temp\IXP000.TMP\","-","-","-","-","-","-","b99d61d874728edc0918ca0eb10eab93d381e7367e377406e65963366c874450, 8a2122e8162dbef04694b9c3e0b6cdee, 272245e2988e1e430500b852c4fb5e18","-","-","Patricia Goh","-","-",VICTIM,"-","S-1-5-18","Patricia Goh","Patricia Goh","-",wineventlog,"Microsoft-Windows-Sysmon/Operational",victim,"Microsoft Corporation","-","Windows Command Processor","-","10.0.19041.746 (WinBuild.160101.0800)",High,"{461f0bd2-2d0d-6354-ef2b-030000000000}",0x32bef,"-","VICTIM\Patricia Goh","-","Microsoft® Windows® Operating System","-","-","-","-","-","-","-","-",1,"-",1,"-","-",Info,"2,240","2,984","{5770385f-c22a-43e0-bf4c-06f5698ffbd9}","Microsoft-Windows-Sysmon",5089,"Process Create (rule: ProcessCreate)","NT AUTHORITY","S-1-5-18",SYSTEM,User,5
"Oct 23, 2022 @ 01:49:41.555",LUXTAIQBHC0TB3lJ2ZqO,".ds-winlogbeat-8.2.3-2022.10.22-000001","-","25051d08-9df1-4629-b2c6-d1eeb5aa9cfd",victim,"b15c43c7-63a1-423e-901b-f1acc6401711",victim,winlogbeat,"8.2.3","-","-","-","-","-","-","-","1.12.0","Process Create (rule: ProcessCreate)",process,1,"Oct 23, 2022 @ 01:50:36.207","Oct 23, 2022 @ 01:53:14.620",event,sysmon,"-","Microsoft-Windows-Sysmon","-",start,"-","-","-","-","-","x86_64",victim,"461f0bd2-c182-413a-8a41-2a8e4accb4a9","fe80::4959:93ba:69a6:522d, 10.0.2.15, fe80::91a8:3d9e:36ba:f548, 172.19.96.10","08:00:27:7c:f3:ae, 08:00:27:22:f7:3c",victim,"19044.1889",windows,"10.0.19041.1889 (WinBuild.160101.0800)","Windows 10 Enterprise Evaluation","Windows 10 Enterprise Evaluation",windows,windows,"10.0",information,"Process Create:
RuleName: -
UtcTime: 2022-10-22 17:49:41.555
ProcessGuid: {461f0bd2-2d35-6354-5600-000000001f00}
ProcessId: 4528
Image: C:\Program Files (x86)\Microsoft\Edge\Application\msedge.exe
FileVersion: 106.0.1370.52
Description: Microsoft Edge
Product: Microsoft Edge
Company: Microsoft Corporation
OriginalFileName: msedge.exe
CommandLine: ""C:\Program Files (x86)\Microsoft\Edge\Application\msedge.exe"" --type=crashpad-handler ""--user-data-dir=C:\Users\Patricia Goh\AppData\Local\Microsoft\Edge\User Data"" /prefetch:7 --monitor-self-annotation=ptype=crashpad-handler ""--database=C:\Users\Patricia Goh\AppData\Local\Microsoft\Edge\User Data\Crashpad"" --annotation=IsOfficialBuild=1 --annotation=channel= --annotation=chromium-version=106.0.5249.119 ""--annotation=exe=C:\Program Files (x86)\Microsoft\Edge\Application\msedge.exe"" --annotation=plat=Win64 ""--annotation=prod=Microsoft Edge"" --annotation=ver=106.0.1370.52 --initial-client-data=0x100,0x104,0x108,0xdc,0x1a0,0x7ffceb236e08,0x7ffceb236e18,0x7ffceb236e28
CurrentDirectory: C:\Program Files (x86)\Microsoft\Edge\Application\
User: VICTIM\Patricia Goh
LogonGuid: {461f0bd2-2d0d-6354-ef2b-030000000000}
LogonId: 0x32BEF
TerminalSessionId: 1
IntegrityLevel: High
Hashes: MD5=989EA45A2622F79475C56299E9EDBC0C,SHA256=163801C311DAF2FAC7B2DEA0996AD03DDB16DBA13A0AC25D85878B0587F84D44,IMPHASH=82F187E22098B6CC42EB6250BA0FA1DA
ParentProcessGuid: {461f0bd2-2d33-6354-5300-000000001f00}
ParentProcessId: 1004
ParentImage: C:\Program Files (x86)\Microsoft\Edge\Application\msedge.exe
ParentCommandLine: ""C:\Program Files (x86)\Microsoft\Edge\Application\msedge.exe"" --no-startup-window --win-session-start /prefetch:5
ParentUser: VICTIM\Patricia Goh","-","-","-","-","-","-","-","-","-","-","-","-","C:\Program Files (x86)\Microsoft\Edge\Application\msedge.exe, --type=crashpad-handler, --user-data-dir=C:\Users\Patricia Goh\AppData\Local\Microsoft\Edge\User Data, /prefetch:7, --monitor-self-annotation=ptype=crashpad-handler, --database=C:\Users\Patricia Goh\AppData\Local\Microsoft\Edge\User Data\Crashpad, --annotation=IsOfficialBuild=1, --annotation=channel=, --annotation=chromium-version=106.0.5249.119, --annotation=exe=C:\Program Files (x86)\Microsoft\Edge\Application\msedge.exe, --annotation=plat=Win64, --annotation=prod=Microsoft Edge, --annotation=ver=106.0.1370.52, --initial-client-data=0x100,0x104,0x108,0xdc,0x1a0,0x7ffceb236e08,0x7ffceb236e18,0x7ffceb236e28",14,"""C:\Program Files (x86)\Microsoft\Edge\Application\msedge.exe"" --type=crashpad-handler ""--user-data-dir=C:\Users\Patricia Goh\AppData\Local\Microsoft\Edge\User Data"" /prefetch:7 --monitor-self-annotation=ptype=crashpad-handler ""--database=C:\Users\Patricia Goh\AppData\Local\Microsoft\Edge\User Data\Crashpad"" --annotation=IsOfficialBuild=1 --annotation=channel= --annotation=chromium-version=106.0.5249.119 ""--annotation=exe=C:\Program Files (x86)\Microsoft\Edge\Application\msedge.exe"" --annotation=plat=Win64 ""--annotation=prod=Microsoft Edge"" --annotation=ver=106.0.1370.52 --initial-client-data=0x100,0x104,0x108,0xdc,0x1a0,0x7ffceb236e08,0x7ffceb236e18,0x7ffceb236e28","""C:\Program Files (x86)\Microsoft\Edge\Application\msedge.exe"" --type=crashpad-handler ""--user-data-dir=C:\Users\Patricia Goh\AppData\Local\Microsoft\Edge\User Data"" /prefetch:7 --monitor-self-annotation=ptype=crashpad-handler ""--database=C:\Users\Patricia Goh\AppData\Local\Microsoft\Edge\User Data\Crashpad"" --annotation=IsOfficialBuild=1 --annotation=channel= --annotation=chromium-version=106.0.5249.119 ""--annotation=exe=C:\Program Files (x86)\Microsoft\Edge\Application\msedge.exe"" --annotation=plat=Win64 ""--annotation=prod=Microsoft Edge"" --annotation=ver=106.0.1370.52 --initial-client-data=0x100,0x104,0x108,0xdc,0x1a0,0x7ffceb236e08,0x7ffceb236e18,0x7ffceb236e28","{461f0bd2-2d35-6354-5600-000000001f00}","C:\Program Files (x86)\Microsoft\Edge\Application\msedge.exe","C:\Program Files (x86)\Microsoft\Edge\Application\msedge.exe",989ea45a2622f79475c56299e9edbc0c,163801c311daf2fac7b2dea0996ad03ddb16dba13a0ac25d85878b0587f84d44,"msedge.exe","msedge.exe","C:\Program Files (x86)\Microsoft\Edge\Application\msedge.exe, --no-startup-window, --win-session-start, /prefetch:5",4,"""C:\Program Files (x86)\Microsoft\Edge\Application\msedge.exe"" --no-startup-window --win-session-start /prefetch:5","""C:\Program Files (x86)\Microsoft\Edge\Application\msedge.exe"" --no-startup-window --win-session-start /prefetch:5","{461f0bd2-2d33-6354-5300-000000001f00}","C:\Program Files (x86)\Microsoft\Edge\Application\msedge.exe","C:\Program Files (x86)\Microsoft\Edge\Application\msedge.exe","msedge.exe","msedge.exe",1004,"Microsoft Corporation","Microsoft Edge","106.0.1370.52",82f187e22098b6cc42eb6250ba0fa1da,"msedge.exe","Microsoft Edge",4528,"-","-","C:\Program Files (x86)\Microsoft\Edge\Application\","C:\Program Files (x86)\Microsoft\Edge\Application\","-","-","-","-","-","-","163801c311daf2fac7b2dea0996ad03ddb16dba13a0ac25d85878b0587f84d44, 989ea45a2622f79475c56299e9edbc0c, 82f187e22098b6cc42eb6250ba0fa1da","-","-","Patricia Goh","-","-",VICTIM,"-","S-1-5-18","Patricia Goh","Patricia Goh","-",wineventlog,"Microsoft-Windows-Sysmon/Operational",victim,"Microsoft Corporation","-","Microsoft Edge","-","106.0.1370.52",High,"{461f0bd2-2d0d-6354-ef2b-030000000000}",0x32bef,"-","VICTIM\Patricia Goh","-","Microsoft Edge","-","-","-","-","-","-","-","-",1,"-",1,"-","-",Info,"2,240","2,984","{5770385f-c22a-43e0-bf4c-06f5698ffbd9}","Microsoft-Windows-Sysmon",5087,"Process Create (rule: ProcessCreate)","NT AUTHORITY","S-1-5-18",SYSTEM,User,5
"Oct 23, 2022 @ 01:49:41.511",K0XTAIQBHC0TB3lJ2ZqO,".ds-winlogbeat-8.2.3-2022.10.22-000001","-","25051d08-9df1-4629-b2c6-d1eeb5aa9cfd",victim,"b15c43c7-63a1-423e-901b-f1acc6401711",victim,winlogbeat,"8.2.3","-","-","-","-","-","-","-","1.12.0","File created (rule: FileCreate)",file,11,"Oct 23, 2022 @ 01:50:36.207","Oct 23, 2022 @ 01:53:14.619",event,sysmon,"-","Microsoft-Windows-Sysmon","-",creation,"C:\Users\PATRIC~1\AppData\Local\Temp\IXP000.TMP",bat,"Percino.bat","C:\Users\PATRIC~1\AppData\Local\Temp\IXP000.TMP\Percino.bat","C:\Users\PATRIC~1\AppData\Local\Temp\IXP000.TMP\Percino.bat","x86_64",victim,"461f0bd2-c182-413a-8a41-2a8e4accb4a9","fe80::4959:93ba:69a6:522d, 10.0.2.15, fe80::91a8:3d9e:36ba:f548, 172.19.96.10","08:00:27:7c:f3:ae, 08:00:27:22:f7:3c",victim,"19044.1889",windows,"10.0.19041.1889 (WinBuild.160101.0800)","Windows 10 Enterprise Evaluation","Windows 10 Enterprise Evaluation",windows,windows,"10.0",information,"File created:
RuleName: -
UtcTime: 2022-10-22 17:49:41.511
ProcessGuid: {461f0bd2-2d35-6354-5500-000000001f00}
ProcessId: 988
Image: C:\Users\Patricia Goh\AppData\Roaming\Microsoft\Windows\Start Menu\Programs\Startup\Percino.exe
TargetFilename: C:\Users\PATRIC~1\AppData\Local\Temp\IXP000.TMP\Percino.bat
CreationUtcTime: 2022-10-22 17:49:41.511
User: VICTIM\Patricia Goh","-","-","-","-","-","-","-","-","-","-","-","-","-","-","-","-","{461f0bd2-2d35-6354-5500-000000001f00}","C:\Users\Patricia Goh\AppData\Roaming\Microsoft\Windows\Start Menu\Programs\Startup\Percino.exe","C:\Users\Patricia Goh\AppData\Roaming\Microsoft\Windows\Start Menu\Programs\Startup\Percino.exe","-","-","Percino.exe","Percino.exe","-","-","-","-","-","-","-","-","-","-","-","-","-","-","-","-",988,"-","-","-","-","-","-","-","-","-","-","-","-","-","Patricia Goh","-","-",VICTIM,"-","S-1-5-18","Patricia Goh","Patricia Goh","-",wineventlog,"Microsoft-Windows-Sysmon/Operational",victim,"-","2022-10-22 17:49:41.511","-","-","-","-","-","-","-","-","-","-","-","-","-","-","-","-","-","-","-","-",11,"-","-",Info,"2,240","2,984","{5770385f-c22a-43e0-bf4c-06f5698ffbd9}","Microsoft-Windows-Sysmon",5085,"File created (rule: FileCreate)","NT AUTHORITY","S-1-5-18",SYSTEM,User,2
"Oct 23, 2022 @ 01:49:41.443",KkXTAIQBHC0TB3lJ2ZqO,".ds-winlogbeat-8.2.3-2022.10.22-000001","-","25051d08-9df1-4629-b2c6-d1eeb5aa9cfd",victim,"b15c43c7-63a1-423e-901b-f1acc6401711",victim,winlogbeat,"8.2.3","-","-","-","-","-","-","-","1.12.0","Process Create (rule: ProcessCreate)",process,1,"Oct 23, 2022 @ 01:50:36.207","Oct 23, 2022 @ 01:53:14.619",event,sysmon,"-","Microsoft-Windows-Sysmon","-",start,"-","-","-","-","-","x86_64",victim,"461f0bd2-c182-413a-8a41-2a8e4accb4a9","fe80::4959:93ba:69a6:522d, 10.0.2.15, fe80::91a8:3d9e:36ba:f548, 172.19.96.10","08:00:27:7c:f3:ae, 08:00:27:22:f7:3c",victim,"19044.1889",windows,"10.0.19041.1889 (WinBuild.160101.0800)","Windows 10 Enterprise Evaluation","Windows 10 Enterprise Evaluation",windows,windows,"10.0",information,"Process Create:
RuleName: -
UtcTime: 2022-10-22 17:49:41.443
ProcessGuid: {461f0bd2-2d35-6354-5500-000000001f00}
ProcessId: 988
Image: C:\Users\Patricia Goh\AppData\Roaming\Microsoft\Windows\Start Menu\Programs\Startup\Percino.exe
FileVersion: 11.00.19041.1 (WinBuild.160101.0800)
Description: Win32 Cabinet Self-Extractor                                           
Product: Internet Explorer
Company: Microsoft Corporation
OriginalFileName: WEXTRACT.EXE            .MUI
CommandLine: ""C:\Users\Patricia Goh\AppData\Roaming\Microsoft\Windows\Start Menu\Programs\Startup\Percino.exe"" 
CurrentDirectory: C:\Windows\system32\
User: VICTIM\Patricia Goh
LogonGuid: {461f0bd2-2d0d-6354-ef2b-030000000000}
LogonId: 0x32BEF
TerminalSessionId: 1
IntegrityLevel: High
Hashes: MD5=8A25F669F5D0BD55E5C4AFB3666682CF,SHA256=5BE444A15DFEB3DA63DE7210E39BD97A7BE274AB74185AE8C81B0ABACDA917DB,IMPHASH=4CEA7AE85C87DDC7295D39FF9CDA31D1
ParentProcessGuid: {461f0bd2-2d14-6354-4100-000000001f00}
ParentProcessId: 3864
ParentImage: C:\Windows\explorer.exe
ParentCommandLine: C:\Windows\Explorer.EXE
ParentUser: VICTIM\Patricia Goh","-","-","-","-","-","-","-","-","-","-","-","-","C:\Users\Patricia Goh\AppData\Roaming\Microsoft\Windows\Start Menu\Programs\Startup\Percino.exe",1,"""C:\Users\Patricia Goh\AppData\Roaming\Microsoft\Windows\Start Menu\Programs\Startup\Percino.exe"" ","""C:\Users\Patricia Goh\AppData\Roaming\Microsoft\Windows\Start Menu\Programs\Startup\Percino.exe"" ","{461f0bd2-2d35-6354-5500-000000001f00}","C:\Users\Patricia Goh\AppData\Roaming\Microsoft\Windows\Start Menu\Programs\Startup\Percino.exe","C:\Users\Patricia Goh\AppData\Roaming\Microsoft\Windows\Start Menu\Programs\Startup\Percino.exe",8a25f669f5d0bd55e5c4afb3666682cf,5be444a15dfeb3da63de7210e39bd97a7be274ab74185ae8c81b0abacda917db,"Percino.exe","Percino.exe","C:\Windows\Explorer.EXE",1,"C:\Windows\Explorer.EXE","C:\Windows\Explorer.EXE","{461f0bd2-2d14-6354-4100-000000001f00}","C:\Windows\explorer.exe","C:\Windows\explorer.exe","explorer.exe","explorer.exe",3864,"Microsoft Corporation","Win32 Cabinet Self-Extractor                                           ","11.00.19041.1 (WinBuild.160101.0800)",4cea7ae85c87ddc7295d39ff9cda31d1,"WEXTRACT.EXE            .MUI","Internet Explorer",988,"-","-","C:\Windows\system32\","C:\Windows\system32\","-","-","-","-","-","-","5be444a15dfeb3da63de7210e39bd97a7be274ab74185ae8c81b0abacda917db, 8a25f669f5d0bd55e5c4afb3666682cf, 4cea7ae85c87ddc7295d39ff9cda31d1","-","-","Patricia Goh","-","-",VICTIM,"-","S-1-5-18","Patricia Goh","Patricia Goh","-",wineventlog,"Microsoft-Windows-Sysmon/Operational",victim,"Microsoft Corporation","-","Win32 Cabinet Self-Extractor                                           ","-","11.00.19041.1 (WinBuild.160101.0800)",High,"{461f0bd2-2d0d-6354-ef2b-030000000000}",0x32bef,"-","VICTIM\Patricia Goh","-","Internet Explorer","-","-","-","-","-","-","-","-",1,"-",1,"-","-",Info,"2,240","2,984","{5770385f-c22a-43e0-bf4c-06f5698ffbd9}","Microsoft-Windows-Sysmon",5084,"Process Create (rule: ProcessCreate)","NT AUTHORITY","S-1-5-18",SYSTEM,User,5
"Oct 23, 2022 @ 01:49:40.586",JUXTAIQBHC0TB3lJ2Zoq,".ds-winlogbeat-8.2.3-2022.10.22-000001","-","25051d08-9df1-4629-b2c6-d1eeb5aa9cfd",victim,"b15c43c7-63a1-423e-901b-f1acc6401711",victim,winlogbeat,"8.2.3","-","-","-","-","-","-","-","1.12.0","Process Create (rule: ProcessCreate)",process,1,"Oct 23, 2022 @ 01:50:36.207","Oct 23, 2022 @ 01:53:14.537",event,sysmon,"-","Microsoft-Windows-Sysmon","-",start,"-","-","-","-","-","x86_64",victim,"461f0bd2-c182-413a-8a41-2a8e4accb4a9","fe80::4959:93ba:69a6:522d, 10.0.2.15, fe80::91a8:3d9e:36ba:f548, 172.19.96.10","08:00:27:7c:f3:ae, 08:00:27:22:f7:3c",victim,"19044.1889",windows,"10.0.19041.1889 (WinBuild.160101.0800)","Windows 10 Enterprise Evaluation","Windows 10 Enterprise Evaluation",windows,windows,"10.0",information,"Process Create:
RuleName: -
UtcTime: 2022-10-22 17:49:40.586
ProcessGuid: {461f0bd2-2d34-6354-5400-000000001f00}
ProcessId: 364
Image: C:\Windows\System32\mmc.exe
FileVersion: 10.0.19041.1889 (WinBuild.160101.0800)
Description: Microsoft Management Console
Product: Microsoft® Windows® Operating System
Company: Microsoft Corporation
OriginalFileName: mmc.exe
CommandLine: ""C:\Windows\system32\mmc.exe"" ""C:\Windows\system32\services.msc"" 
CurrentDirectory: C:\Users\Patricia Goh\
User: VICTIM\Patricia Goh
LogonGuid: {461f0bd2-2d0d-6354-ef2b-030000000000}
LogonId: 0x32BEF
TerminalSessionId: 1
IntegrityLevel: High
Hashes: MD5=46486277EDD78D83308E16CE27254B5F,SHA256=32F08B19E1A041BCC0CAE192BEF8115D17D8F0ABF2B84C9129394C0CC47D38AA,IMPHASH=5AEF584EA4BCED674B66847FE9D61F23
ParentProcessGuid: {461f0bd2-2d14-6354-4100-000000001f00}
ParentProcessId: 3864
ParentImage: C:\Windows\explorer.exe
ParentCommandLine: C:\Windows\Explorer.EXE
ParentUser: VICTIM\Patricia Goh","-","-","-","-","-","-","-","-","-","-","-","-","C:\Windows\system32\mmc.exe, C:\Windows\system32\services.msc",2,"""C:\Windows\system32\mmc.exe"" ""C:\Windows\system32\services.msc"" ","""C:\Windows\system32\mmc.exe"" ""C:\Windows\system32\services.msc"" ","{461f0bd2-2d34-6354-5400-000000001f00}","C:\Windows\System32\mmc.exe","C:\Windows\System32\mmc.exe",46486277edd78d83308e16ce27254b5f,32f08b19e1a041bcc0cae192bef8115d17d8f0abf2b84c9129394c0cc47d38aa,"mmc.exe","mmc.exe","C:\Windows\Explorer.EXE",1,"C:\Windows\Explorer.EXE","C:\Windows\Explorer.EXE","{461f0bd2-2d14-6354-4100-000000001f00}","C:\Windows\explorer.exe","C:\Windows\explorer.exe","explorer.exe","explorer.exe",3864,"Microsoft Corporation","Microsoft Management Console","10.0.19041.1889 (WinBuild.160101.0800)",5aef584ea4bced674b66847fe9d61f23,"mmc.exe","Microsoft® Windows® Operating System",364,"-","-","C:\Users\Patricia Goh\","C:\Users\Patricia Goh\","-","-","-","-","-","-","32f08b19e1a041bcc0cae192bef8115d17d8f0abf2b84c9129394c0cc47d38aa, 46486277edd78d83308e16ce27254b5f, 5aef584ea4bced674b66847fe9d61f23","-","-","Patricia Goh","-","-",VICTIM,"-","S-1-5-18","Patricia Goh","Patricia Goh","-",wineventlog,"Microsoft-Windows-Sysmon/Operational",victim,"Microsoft Corporation","-","Microsoft Management Console","-","10.0.19041.1889 (WinBuild.160101.0800)",High,"{461f0bd2-2d0d-6354-ef2b-030000000000}",0x32bef,"-","VICTIM\Patricia Goh","-","Microsoft® Windows® Operating System","-","-","-","-","-","-","-","-",1,"-",1,"-","-",Info,"2,240","2,984","{5770385f-c22a-43e0-bf4c-06f5698ffbd9}","Microsoft-Windows-Sysmon",5079,"Process Create (rule: ProcessCreate)","NT AUTHORITY","S-1-5-18",SYSTEM,User,5
