"Oct 23, 2022 @ 01:49:39.677",AkXTAIQBHC0TB3lJ2Zoq,".ds-winlogbeat-8.2.3-2022.10.22-000001","-","25051d08-9df1-4629-b2c6-d1eeb5aa9cfd",victim,"b15c43c7-63a1-423e-901b-f1acc6401711",victim,winlogbeat,"8.2.3","-","-","-","-","-","-","-","1.12.0","Process Create (rule: ProcessCreate)",process,1,"Oct 23, 2022 @ 01:50:36.207","Oct 23, 2022 @ 01:53:14.528",event,sysmon,"-","Microsoft-Windows-Sysmon","-",start,"-","-","-","-","-","x86_64",victim,"461f0bd2-c182-413a-8a41-2a8e4accb4a9","fe80::4959:93ba:69a6:522d, 10.0.2.15, fe80::91a8:3d9e:36ba:f548, 172.19.96.10","08:00:27:7c:f3:ae, 08:00:27:22:f7:3c",victim,"19044.1889",windows,"10.0.19041.1889 (WinBuild.160101.0800)","Windows 10 Enterprise Evaluation","Windows 10 Enterprise Evaluation",windows,windows,"10.0",information,"Process Create:
RuleName: -
UtcTime: 2022-10-22 17:49:39.677
ProcessGuid: {461f0bd2-2d33-6354-5300-000000001f00}
ProcessId: 1004
Image: C:\Program Files (x86)\Microsoft\Edge\Application\msedge.exe
FileVersion: 106.0.1370.52
Description: Microsoft Edge
Product: Microsoft Edge
Company: Microsoft Corporation
OriginalFileName: msedge.exe
CommandLine: ""C:\Program Files (x86)\Microsoft\Edge\Application\msedge.exe"" --no-startup-window --win-session-start /prefetch:5
CurrentDirectory: C:\Windows\system32\
User: VICTIM\Patricia Goh
LogonGuid: {461f0bd2-2d0d-6354-ef2b-030000000000}
LogonId: 0x32BEF
TerminalSessionId: 1
IntegrityLevel: High
Hashes: MD5=989EA45A2622F79475C56299E9EDBC0C,SHA256=163801C311DAF2FAC7B2DEA0996AD03DDB16DBA13A0AC25D85878B0587F84D44,IMPHASH=82F187E22098B6CC42EB6250BA0FA1DA
ParentProcessGuid: {461f0bd2-2d14-6354-4100-000000001f00}
ParentProcessId: 3864
ParentImage: C:\Windows\explorer.exe
ParentCommandLine: C:\Windows\Explorer.EXE
ParentUser: VICTIM\Patricia Goh","-","-","-","-","-","-","-","-","-","-","-","-","C:\Program Files (x86)\Microsoft\Edge\Application\msedge.exe, --no-startup-window, --win-session-start, /prefetch:5",4,"""C:\Program Files (x86)\Microsoft\Edge\Application\msedge.exe"" --no-startup-window --win-session-start /prefetch:5","""C:\Program Files (x86)\Microsoft\Edge\Application\msedge.exe"" --no-startup-window --win-session-start /prefetch:5","{461f0bd2-2d33-6354-5300-000000001f00}","C:\Program Files (x86)\Microsoft\Edge\Application\msedge.exe","C:\Program Files (x86)\Microsoft\Edge\Application\msedge.exe",989ea45a2622f79475c56299e9edbc0c,163801c311daf2fac7b2dea0996ad03ddb16dba13a0ac25d85878b0587f84d44,"msedge.exe","msedge.exe","C:\Windows\Explorer.EXE",1,"C:\Windows\Explorer.EXE","C:\Windows\Explorer.EXE","{461f0bd2-2d14-6354-4100-000000001f00}","C:\Windows\explorer.exe","C:\Windows\explorer.exe","explorer.exe","explorer.exe",3864,"Microsoft Corporation","Microsoft Edge","106.0.1370.52",82f187e22098b6cc42eb6250ba0fa1da,"msedge.exe","Microsoft Edge",1004,"-","-","C:\Windows\system32\","C:\Windows\system32\","-","-","-","-","-","-","163801c311daf2fac7b2dea0996ad03ddb16dba13a0ac25d85878b0587f84d44, 989ea45a2622f79475c56299e9edbc0c, 82f187e22098b6cc42eb6250ba0fa1da","-","-","Patricia Goh","-","-",VICTIM,"-","S-1-5-18","Patricia Goh","Patricia Goh","-",wineventlog,"Microsoft-Windows-Sysmon/Operational",victim,"Microsoft Corporation","-","Microsoft Edge","-","106.0.1370.52",High,"{461f0bd2-2d0d-6354-ef2b-030000000000}",0x32bef,"-","VICTIM\Patricia Goh","-","Microsoft Edge","-","-","-","-","-","-","-","-",1,"-",1,"-","-",Info,"2,240","2,984","{5770385f-c22a-43e0-bf4c-06f5698ffbd9}","Microsoft-Windows-Sysmon",5044,"Process Create (rule: ProcessCreate)","NT AUTHORITY","S-1-5-18",SYSTEM,User,5
"Oct 23, 2022 @ 01:49:39.001",AUXTAIQBHC0TB3lJ2Zoq,".ds-winlogbeat-8.2.3-2022.10.22-000001","-","25051d08-9df1-4629-b2c6-d1eeb5aa9cfd",victim,"b15c43c7-63a1-423e-901b-f1acc6401711",victim,winlogbeat,"8.2.3","-","-","-","-","-","-","-","1.12.0","Process Create (rule: ProcessCreate)",process,1,"Oct 23, 2022 @ 01:50:36.207","Oct 23, 2022 @ 01:53:14.528",event,sysmon,"-","Microsoft-Windows-Sysmon","-",start,"-","-","-","-","-","x86_64",victim,"461f0bd2-c182-413a-8a41-2a8e4accb4a9","fe80::4959:93ba:69a6:522d, 10.0.2.15, fe80::91a8:3d9e:36ba:f548, 172.19.96.10","08:00:27:7c:f3:ae, 08:00:27:22:f7:3c",victim,"19044.1889",windows,"10.0.19041.1889 (WinBuild.160101.0800)","Windows 10 Enterprise Evaluation","Windows 10 Enterprise Evaluation",windows,windows,"10.0",information,"Process Create:
RuleName: -
UtcTime: 2022-10-22 17:49:39.001
ProcessGuid: {461f0bd2-2d33-6354-5200-000000001f00}
ProcessId: 2372
Image: C:\Users\Patricia Goh\AppData\Local\Microsoft\OneDrive\OneDrive.exe
FileVersion: 19.043.0304.0013
Description: Microsoft OneDrive
Product: Microsoft OneDrive
Company: Microsoft Corporation
OriginalFileName: OneDrive.exe
CommandLine: ""C:\Users\Patricia Goh\AppData\Local\Microsoft\OneDrive\OneDrive.exe"" /background
CurrentDirectory: C:\Windows\system32\
User: VICTIM\Patricia Goh
LogonGuid: {461f0bd2-2d0d-6354-ef2b-030000000000}
LogonId: 0x32BEF
TerminalSessionId: 1
IntegrityLevel: High
Hashes: MD5=CF1A1B2A6F227D5B06AB0B3C8B88618B,SHA256=1FD250A499B2912B1ACEC31A03CAA32F1B328F2861E1383E94F23386F724FB36,IMPHASH=2A395AA09AEC6C9EF61ECFF3C1D576D8
ParentProcessGuid: {461f0bd2-2d14-6354-4100-000000001f00}
ParentProcessId: 3864
ParentImage: C:\Windows\explorer.exe
ParentCommandLine: C:\Windows\Explorer.EXE
ParentUser: VICTIM\Patricia Goh","-","-","-","-","-","-","-","-","-","-","-","-","C:\Users\Patricia Goh\AppData\Local\Microsoft\OneDrive\OneDrive.exe, /background",2,"""C:\Users\Patricia Goh\AppData\Local\Microsoft\OneDrive\OneDrive.exe"" /background","""C:\Users\Patricia Goh\AppData\Local\Microsoft\OneDrive\OneDrive.exe"" /background","{461f0bd2-2d33-6354-5200-000000001f00}","C:\Users\Patricia Goh\AppData\Local\Microsoft\OneDrive\OneDrive.exe","C:\Users\Patricia Goh\AppData\Local\Microsoft\OneDrive\OneDrive.exe",cf1a1b2a6f227d5b06ab0b3c8b88618b,1fd250a499b2912b1acec31a03caa32f1b328f2861e1383e94f23386f724fb36,"OneDrive.exe","OneDrive.exe","C:\Windows\Explorer.EXE",1,"C:\Windows\Explorer.EXE","C:\Windows\Explorer.EXE","{461f0bd2-2d14-6354-4100-000000001f00}","C:\Windows\explorer.exe","C:\Windows\explorer.exe","explorer.exe","explorer.exe",3864,"Microsoft Corporation","Microsoft OneDrive","19.043.0304.0013",2a395aa09aec6c9ef61ecff3c1d576d8,"OneDrive.exe","Microsoft OneDrive",2372,"-","-","C:\Windows\system32\","C:\Windows\system32\","-","-","-","-","-","-","1fd250a499b2912b1acec31a03caa32f1b328f2861e1383e94f23386f724fb36, cf1a1b2a6f227d5b06ab0b3c8b88618b, 2a395aa09aec6c9ef61ecff3c1d576d8","-","-","Patricia Goh","-","-",VICTIM,"-","S-1-5-18","Patricia Goh","Patricia Goh","-",wineventlog,"Microsoft-Windows-Sysmon/Operational",victim,"Microsoft Corporation","-","Microsoft OneDrive","-","19.043.0304.0013",High,"{461f0bd2-2d0d-6354-ef2b-030000000000}",0x32bef,"-","VICTIM\Patricia Goh","-","Microsoft OneDrive","-","-","-","-","-","-","-","-",1,"-",1,"-","-",Info,"2,240","2,984","{5770385f-c22a-43e0-bf4c-06f5698ffbd9}","Microsoft-Windows-Sysmon",5043,"Process Create (rule: ProcessCreate)","NT AUTHORITY","S-1-5-18",SYSTEM,User,5
"Oct 23, 2022 @ 01:49:38.224",AEXTAIQBHC0TB3lJ2Zoq,".ds-winlogbeat-8.2.3-2022.10.22-000001","-","25051d08-9df1-4629-b2c6-d1eeb5aa9cfd",victim,"b15c43c7-63a1-423e-901b-f1acc6401711",victim,winlogbeat,"8.2.3","-","-","-","-","-","-","-","1.12.0","Process Create (rule: ProcessCreate)",process,1,"Oct 23, 2022 @ 01:50:36.207","Oct 23, 2022 @ 01:53:14.527",event,sysmon,"-","Microsoft-Windows-Sysmon","-",start,"-","-","-","-","-","x86_64",victim,"461f0bd2-c182-413a-8a41-2a8e4accb4a9","fe80::4959:93ba:69a6:522d, 10.0.2.15, fe80::91a8:3d9e:36ba:f548, 172.19.96.10","08:00:27:7c:f3:ae, 08:00:27:22:f7:3c",victim,"19044.1889",windows,"10.0.19041.1889 (WinBuild.160101.0800)","Windows 10 Enterprise Evaluation","Windows 10 Enterprise Evaluation",windows,windows,"10.0",information,"Process Create:
RuleName: -
UtcTime: 2022-10-22 17:49:38.224
ProcessGuid: {461f0bd2-2d32-6354-5100-000000001f00}
ProcessId: 5052
Image: C:\Windows\System32\VBoxTray.exe
FileVersion: 6.1.38.153438
Description: VirtualBox Guest Additions Tray Application
Product: Oracle VM VirtualBox Guest Additions
Company: Oracle Corporation
OriginalFileName: -
CommandLine: ""C:\Windows\System32\VBoxTray.exe"" 
CurrentDirectory: C:\Windows\system32\
User: VICTIM\Patricia Goh
LogonGuid: {461f0bd2-2d0d-6354-ef2b-030000000000}
LogonId: 0x32BEF
TerminalSessionId: 1
IntegrityLevel: High
Hashes: MD5=75F331B81E7C9A8616F9C80348AB5445,SHA256=D3E5ADEB4AAA92C6111A14E317FDB7BD7E0D60A3929FA26B43652A90BDA588AF,IMPHASH=1F19FB0B0E5D917470AE0F468939593D
ParentProcessGuid: {461f0bd2-2d14-6354-4100-000000001f00}
ParentProcessId: 3864
ParentImage: C:\Windows\explorer.exe
ParentCommandLine: C:\Windows\Explorer.EXE
ParentUser: VICTIM\Patricia Goh","-","-","-","-","-","-","-","-","-","-","-","-","C:\Windows\System32\VBoxTray.exe",1,"""C:\Windows\System32\VBoxTray.exe"" ","""C:\Windows\System32\VBoxTray.exe"" ","{461f0bd2-2d32-6354-5100-000000001f00}","C:\Windows\System32\VBoxTray.exe","C:\Windows\System32\VBoxTray.exe",75f331b81e7c9a8616f9c80348ab5445,d3e5adeb4aaa92c6111a14e317fdb7bd7e0d60a3929fa26b43652a90bda588af,"VBoxTray.exe","VBoxTray.exe","C:\Windows\Explorer.EXE",1,"C:\Windows\Explorer.EXE","C:\Windows\Explorer.EXE","{461f0bd2-2d14-6354-4100-000000001f00}","C:\Windows\explorer.exe","C:\Windows\explorer.exe","explorer.exe","explorer.exe",3864,"Oracle Corporation","VirtualBox Guest Additions Tray Application","6.1.38.153438",1f19fb0b0e5d917470ae0f468939593d,"-","Oracle VM VirtualBox Guest Additions",5052,"-","-","C:\Windows\system32\","C:\Windows\system32\","-","-","-","-","-","-","d3e5adeb4aaa92c6111a14e317fdb7bd7e0d60a3929fa26b43652a90bda588af, 75f331b81e7c9a8616f9c80348ab5445, 1f19fb0b0e5d917470ae0f468939593d","-","-","Patricia Goh","-","-",VICTIM,"-","S-1-5-18","Patricia Goh","Patricia Goh","-",wineventlog,"Microsoft-Windows-Sysmon/Operational",victim,"Oracle Corporation","-","VirtualBox Guest Additions Tray Application","-","6.1.38.153438",High,"{461f0bd2-2d0d-6354-ef2b-030000000000}",0x32bef,"-","VICTIM\Patricia Goh","-","Oracle VM VirtualBox Guest Additions","-","-","-","-","-","-","-","-",1,"-",1,"-","-",Info,"2,240","2,984","{5770385f-c22a-43e0-bf4c-06f5698ffbd9}","Microsoft-Windows-Sysmon",5042,"Process Create (rule: ProcessCreate)","NT AUTHORITY","S-1-5-18",SYSTEM,User,5
"Oct 23, 2022 @ 01:49:37.257","_0XTAIQBHC0TB3lJ2Zkq",".ds-winlogbeat-8.2.3-2022.10.22-000001","-","25051d08-9df1-4629-b2c6-d1eeb5aa9cfd",victim,"b15c43c7-63a1-423e-901b-f1acc6401711",victim,winlogbeat,"8.2.3","-","-","-","-","-","-","-","1.12.0","Process Create (rule: ProcessCreate)",process,1,"Oct 23, 2022 @ 01:50:36.207","Oct 23, 2022 @ 01:53:14.527",event,sysmon,"-","Microsoft-Windows-Sysmon","-",start,"-","-","-","-","-","x86_64",victim,"461f0bd2-c182-413a-8a41-2a8e4accb4a9","fe80::4959:93ba:69a6:522d, 10.0.2.15, fe80::91a8:3d9e:36ba:f548, 172.19.96.10","08:00:27:7c:f3:ae, 08:00:27:22:f7:3c",victim,"19044.1889",windows,"10.0.19041.1889 (WinBuild.160101.0800)","Windows 10 Enterprise Evaluation","Windows 10 Enterprise Evaluation",windows,windows,"10.0",information,"Process Create:
RuleName: -
UtcTime: 2022-10-22 17:49:37.257
ProcessGuid: {461f0bd2-2d31-6354-5000-000000001f00}
ProcessId: 4996
Image: C:\Windows\System32\SecurityHealthService.exe
FileVersion: 4.18.1907.16384 (WinBuild.160101.0800)
Description: Windows Security Health Service
Product: Microsoft® Windows® Operating System
Company: Microsoft Corporation
OriginalFileName: SecurityHealthService.exe
CommandLine: C:\Windows\system32\SecurityHealthService.exe
CurrentDirectory: C:\Windows\system32\
User: NT AUTHORITY\SYSTEM
LogonGuid: {461f0bd2-2cdb-6354-e703-000000000000}
LogonId: 0x3E7
TerminalSessionId: 0
IntegrityLevel: System
Hashes: MD5=F5D2559BE41874ECF79D507689B53717,SHA256=9CC7953399C722DB4FC87B09D43D5DB8BB31E1116587A88DE24142F40FB569BE,IMPHASH=7DFC7478D6668760D96E18604ED6AB6E
ParentProcessGuid: {00000000-0000-0000-0000-000000000000}
ParentProcessId: 644
ParentImage: -
ParentCommandLine: -
ParentUser: -","-","-","-","-","-","-","-","-","-","-","-","-","C:\Windows\system32\SecurityHealthService.exe",1,"C:\Windows\system32\SecurityHealthService.exe","C:\Windows\system32\SecurityHealthService.exe","{461f0bd2-2d31-6354-5000-000000001f00}","C:\Windows\System32\SecurityHealthService.exe","C:\Windows\System32\SecurityHealthService.exe",f5d2559be41874ecf79d507689b53717,9cc7953399c722db4fc87b09d43d5db8bb31e1116587a88de24142f40fb569be,"SecurityHealthService.exe","SecurityHealthService.exe","-",1,"-","-","{00000000-0000-0000-0000-000000000000}","-","-","-","-",644,"Microsoft Corporation","Windows Security Health Service","4.18.1907.16384 (WinBuild.160101.0800)",7dfc7478d6668760d96e18604ed6ab6e,"SecurityHealthService.exe","Microsoft® Windows® Operating System",4996,"-","-","C:\Windows\system32\","C:\Windows\system32\","-","-","-","-","-","-","9cc7953399c722db4fc87b09d43d5db8bb31e1116587a88de24142f40fb569be, f5d2559be41874ecf79d507689b53717, 7dfc7478d6668760d96e18604ed6ab6e","-","-",SYSTEM,"-","-","NT AUTHORITY","-","S-1-5-18",SYSTEM,SYSTEM,"-",wineventlog,"Microsoft-Windows-Sysmon/Operational",victim,"Microsoft Corporation","-","Windows Security Health Service","-","4.18.1907.16384 (WinBuild.160101.0800)",System,"{461f0bd2-2cdb-6354-e703-000000000000}",0x3e7,"-","-","-","Microsoft® Windows® Operating System","-","-","-","-","-","-","-","-",0,"-",1,"-","-",Info,"2,240","2,984","{5770385f-c22a-43e0-bf4c-06f5698ffbd9}","Microsoft-Windows-Sysmon",5041,"Process Create (rule: ProcessCreate)","NT AUTHORITY","S-1-5-18",SYSTEM,User,5
"Oct 23, 2022 @ 01:49:36.948","_kXTAIQBHC0TB3lJ2Zkq",".ds-winlogbeat-8.2.3-2022.10.22-000001","-","25051d08-9df1-4629-b2c6-d1eeb5aa9cfd",victim,"b15c43c7-63a1-423e-901b-f1acc6401711",victim,winlogbeat,"8.2.3","-","-","-","-","-","-","-","1.12.0","Process Create (rule: ProcessCreate)",process,1,"Oct 23, 2022 @ 01:50:36.207","Oct 23, 2022 @ 01:53:14.527",event,sysmon,"-","Microsoft-Windows-Sysmon","-",start,"-","-","-","-","-","x86_64",victim,"461f0bd2-c182-413a-8a41-2a8e4accb4a9","fe80::4959:93ba:69a6:522d, 10.0.2.15, fe80::91a8:3d9e:36ba:f548, 172.19.96.10","08:00:27:7c:f3:ae, 08:00:27:22:f7:3c",victim,"19044.1889",windows,"10.0.19041.1889 (WinBuild.160101.0800)","Windows 10 Enterprise Evaluation","Windows 10 Enterprise Evaluation",windows,windows,"10.0",information,"Process Create:
RuleName: -
UtcTime: 2022-10-22 17:49:36.948
ProcessGuid: {461f0bd2-2d30-6354-4f00-000000001f00}
ProcessId: 4952
Image: C:\Windows\System32\SecurityHealthSystray.exe
FileVersion: 10.0.19041.1 (WinBuild.160101.0800)
Description: Windows Security notification icon
Product: Microsoft® Windows® Operating System
Company: Microsoft Corporation
OriginalFileName: SecurityHealthSystray.exe
CommandLine: ""C:\Windows\System32\SecurityHealthSystray.exe"" 
CurrentDirectory: C:\Windows\system32\
User: VICTIM\Patricia Goh
LogonGuid: {461f0bd2-2d0d-6354-ef2b-030000000000}
LogonId: 0x32BEF
TerminalSessionId: 1
IntegrityLevel: High
Hashes: MD5=783C99AFD4C2AE6950FA5694389D2CFA,SHA256=570B37A7A3FFDAFCCECCC33CBC1968FEB857B73CA3CB4DFFEDC2E67E9ABD0878,IMPHASH=E6B44B525767F585EB30F35172497CB0
ParentProcessGuid: {461f0bd2-2d14-6354-4100-000000001f00}
ParentProcessId: 3864
ParentImage: C:\Windows\explorer.exe
ParentCommandLine: C:\Windows\Explorer.EXE
ParentUser: VICTIM\Patricia Goh","-","-","-","-","-","-","-","-","-","-","-","-","C:\Windows\System32\SecurityHealthSystray.exe",1,"""C:\Windows\System32\SecurityHealthSystray.exe"" ","""C:\Windows\System32\SecurityHealthSystray.exe"" ","{461f0bd2-2d30-6354-4f00-000000001f00}","C:\Windows\System32\SecurityHealthSystray.exe","C:\Windows\System32\SecurityHealthSystray.exe",783c99afd4c2ae6950fa5694389d2cfa,570b37a7a3ffdafcceccc33cbc1968feb857b73ca3cb4dffedc2e67e9abd0878,"SecurityHealthSystray.exe","SecurityHealthSystray.exe","C:\Windows\Explorer.EXE",1,"C:\Windows\Explorer.EXE","C:\Windows\Explorer.EXE","{461f0bd2-2d14-6354-4100-000000001f00}","C:\Windows\explorer.exe","C:\Windows\explorer.exe","explorer.exe","explorer.exe",3864,"Microsoft Corporation","Windows Security notification icon","10.0.19041.1 (WinBuild.160101.0800)",e6b44b525767f585eb30f35172497cb0,"SecurityHealthSystray.exe","Microsoft® Windows® Operating System",4952,"-","-","C:\Windows\system32\","C:\Windows\system32\","-","-","-","-","-","-","570b37a7a3ffdafcceccc33cbc1968feb857b73ca3cb4dffedc2e67e9abd0878, 783c99afd4c2ae6950fa5694389d2cfa, e6b44b525767f585eb30f35172497cb0","-","-","Patricia Goh","-","-",VICTIM,"-","S-1-5-18","Patricia Goh","Patricia Goh","-",wineventlog,"Microsoft-Windows-Sysmon/Operational",victim,"Microsoft Corporation","-","Windows Security notification icon","-","10.0.19041.1 (WinBuild.160101.0800)",High,"{461f0bd2-2d0d-6354-ef2b-030000000000}",0x32bef,"-","VICTIM\Patricia Goh","-","Microsoft® Windows® Operating System","-","-","-","-","-","-","-","-",1,"-",1,"-","-",Info,"2,240","2,984","{5770385f-c22a-43e0-bf4c-06f5698ffbd9}","Microsoft-Windows-Sysmon",5040,"Process Create (rule: ProcessCreate)","NT AUTHORITY","S-1-5-18",SYSTEM,User,5
"Oct 23, 2022 @ 01:49:36.266","_UXTAIQBHC0TB3lJ2Zkq",".ds-winlogbeat-8.2.3-2022.10.22-000001","-","25051d08-9df1-4629-b2c6-d1eeb5aa9cfd",victim,"b15c43c7-63a1-423e-901b-f1acc6401711",victim,winlogbeat,"8.2.3","-","-","-","-","-","-","-","1.12.0","Process Create (rule: ProcessCreate)",process,1,"Oct 23, 2022 @ 01:50:36.207","Oct 23, 2022 @ 01:53:14.527",event,sysmon,"-","Microsoft-Windows-Sysmon","-",start,"-","-","-","-","-","x86_64",victim,"461f0bd2-c182-413a-8a41-2a8e4accb4a9","fe80::4959:93ba:69a6:522d, 10.0.2.15, fe80::91a8:3d9e:36ba:f548, 172.19.96.10","08:00:27:7c:f3:ae, 08:00:27:22:f7:3c",victim,"19044.1889",windows,"10.0.19041.1889 (WinBuild.160101.0800)","Windows 10 Enterprise Evaluation","Windows 10 Enterprise Evaluation",windows,windows,"10.0",information,"Process Create:
RuleName: -
UtcTime: 2022-10-22 17:49:36.266
ProcessGuid: {461f0bd2-2d30-6354-4e00-000000001f00}
ProcessId: 4896
Image: C:\Windows\System32\smartscreen.exe
FileVersion: 10.0.19041.1682 (WinBuild.160101.0800)
Description: Windows Defender SmartScreen
Product: Microsoft® Windows® Operating System
Company: Microsoft Corporation
OriginalFileName: smartscreen.exe
CommandLine: C:\Windows\System32\smartscreen.exe -Embedding
CurrentDirectory: C:\Windows\system32\
User: VICTIM\Patricia Goh
LogonGuid: {461f0bd2-2d0d-6354-ef2b-030000000000}
LogonId: 0x32BEF
TerminalSessionId: 1
IntegrityLevel: High
Hashes: MD5=02FB7069B8D8426DC72C9D8A495AF55A,SHA256=320213E0E9CA58BF5DE4B1B69DED1E06DF191D99866FAD26255A4D3FCAD2F124,IMPHASH=6DFBF12753AF176E3C203C407493A5B9
ParentProcessGuid: {00000000-0000-0000-0000-000000000000}
ParentProcessId: 780
ParentImage: -
ParentCommandLine: -
ParentUser: -","-","-","-","-","-","-","-","-","-","-","-","-","C:\Windows\System32\smartscreen.exe, -Embedding",2,"C:\Windows\System32\smartscreen.exe -Embedding","C:\Windows\System32\smartscreen.exe -Embedding","{461f0bd2-2d30-6354-4e00-000000001f00}","C:\Windows\System32\smartscreen.exe","C:\Windows\System32\smartscreen.exe",02fb7069b8d8426dc72c9d8a495af55a,320213e0e9ca58bf5de4b1b69ded1e06df191d99866fad26255a4d3fcad2f124,"smartscreen.exe","smartscreen.exe","-",1,"-","-","{00000000-0000-0000-0000-000000000000}","-","-","-","-",780,"Microsoft Corporation","Windows Defender SmartScreen","10.0.19041.1682 (WinBuild.160101.0800)",6dfbf12753af176e3c203c407493a5b9,"smartscreen.exe","Microsoft® Windows® Operating System",4896,"-","-","C:\Windows\system32\","C:\Windows\system32\","-","-","-","-","-","-","320213e0e9ca58bf5de4b1b69ded1e06df191d99866fad26255a4d3fcad2f124, 02fb7069b8d8426dc72c9d8a495af55a, 6dfbf12753af176e3c203c407493a5b9","-","-","Patricia Goh","-","-",VICTIM,"-","S-1-5-18","Patricia Goh","Patricia Goh","-",wineventlog,"Microsoft-Windows-Sysmon/Operational",victim,"Microsoft Corporation","-","Windows Defender SmartScreen","-","10.0.19041.1682 (WinBuild.160101.0800)",High,"{461f0bd2-2d0d-6354-ef2b-030000000000}",0x32bef,"-","-","-","Microsoft® Windows® Operating System","-","-","-","-","-","-","-","-",1,"-",1,"-","-",Info,"2,240","2,984","{5770385f-c22a-43e0-bf4c-06f5698ffbd9}","Microsoft-Windows-Sysmon",5039,"Process Create (rule: ProcessCreate)","NT AUTHORITY","S-1-5-18",SYSTEM,User,5
"Oct 23, 2022 @ 01:49:31.161",RkXTAIQBHC0TB3lJ2ZqO,".ds-winlogbeat-8.2.3-2022.10.22-000001","-","25051d08-9df1-4629-b2c6-d1eeb5aa9cfd",victim,"b15c43c7-63a1-423e-901b-f1acc6401711",victim,winlogbeat,"8.2.3","-","-",wpad,"-","-","-","-","1.12.0","Dns query (rule: DnsQuery)",network,22,"Oct 23, 2022 @ 01:50:36.207","Oct 23, 2022 @ 01:53:14.633",event,sysmon,"-","Microsoft-Windows-Sysmon","-","connection, protocol, info","-","-","-","-","-","x86_64",victim,"461f0bd2-c182-413a-8a41-2a8e4accb4a9","fe80::4959:93ba:69a6:522d, 10.0.2.15, fe80::91a8:3d9e:36ba:f548, 172.19.96.10","08:00:27:7c:f3:ae, 08:00:27:22:f7:3c",victim,"19044.1889",windows,"10.0.19041.1889 (WinBuild.160101.0800)","Windows 10 Enterprise Evaluation","Windows 10 Enterprise Evaluation",windows,windows,"10.0",information,"Dns query:
RuleName: -
UtcTime: 2022-10-22 17:49:31.161
ProcessGuid: {461f0bd2-2cdc-6354-1600-000000001f00}
ProcessId: 640
QueryName: wpad
QueryStatus: 9003
QueryResults: -
Image: C:\Windows\System32\svchost.exe
User: NT AUTHORITY\LOCAL SERVICE",dns,"-","-","-","-","-","-","-","-","-","-","-","-","-","-","-","{461f0bd2-2cdc-6354-1600-000000001f00}","C:\Windows\System32\svchost.exe","C:\Windows\System32\svchost.exe","-","-","svchost.exe","svchost.exe","-","-","-","-","-","-","-","-","-","-","-","-","-","-","-","-",640,"-","-","-","-","-","-","-","-","-","-","-",wpad,"-","LOCAL SERVICE","-","DNS_ERROR_RCODE_NAME_ERROR","NT AUTHORITY","-","S-1-5-18","LOCAL SERVICE","LOCAL SERVICE","-",wineventlog,"Microsoft-Windows-Sysmon/Operational",victim,"-","-","-","-","-","-","-","-","-","-","-","-","-","-","-","-","-","-","-","-","-","-",22,"-","-",Info,"2,240","3,004","{5770385f-c22a-43e0-bf4c-06f5698ffbd9}","Microsoft-Windows-Sysmon",5112,"Dns query (rule: DnsQuery)","NT AUTHORITY","S-1-5-18",SYSTEM,User,5
"Oct 23, 2022 @ 01:49:30.049",REXTAIQBHC0TB3lJ2ZqO,".ds-winlogbeat-8.2.3-2022.10.22-000001","-","25051d08-9df1-4629-b2c6-d1eeb5aa9cfd",victim,"b15c43c7-63a1-423e-901b-f1acc6401711",victim,winlogbeat,"8.2.3","-","-",wpad,"-","-","-","-","1.12.0","Dns query (rule: DnsQuery)",network,22,"Oct 23, 2022 @ 01:50:36.207","Oct 23, 2022 @ 01:53:14.632",event,sysmon,"-","Microsoft-Windows-Sysmon","-","connection, protocol, info","-","-","-","-","-","x86_64",victim,"461f0bd2-c182-413a-8a41-2a8e4accb4a9","fe80::4959:93ba:69a6:522d, 10.0.2.15, fe80::91a8:3d9e:36ba:f548, 172.19.96.10","08:00:27:7c:f3:ae, 08:00:27:22:f7:3c",victim,"19044.1889",windows,"10.0.19041.1889 (WinBuild.160101.0800)","Windows 10 Enterprise Evaluation","Windows 10 Enterprise Evaluation",windows,windows,"10.0",information,"Dns query:
RuleName: -
UtcTime: 2022-10-22 17:49:30.049
ProcessGuid: {461f0bd2-2d38-6354-5c00-000000001f00}
ProcessId: 5156
QueryName: wpad
QueryStatus: 9003
QueryResults: -
Image: C:\Program Files (x86)\Microsoft\Edge\Application\msedge.exe
User: VICTIM\Patricia Goh",dns,"-","-","-","-","-","-","-","-","-","-","-","-","-","-","-","{461f0bd2-2d38-6354-5c00-000000001f00}","C:\Program Files (x86)\Microsoft\Edge\Application\msedge.exe","C:\Program Files (x86)\Microsoft\Edge\Application\msedge.exe","-","-","msedge.exe","msedge.exe","-","-","-","-","-","-","-","-","-","-","-","-","-","-","-","-",5156,"-","-","-","-","-","-","-","-","-","-","-",wpad,"-","Patricia Goh","-","DNS_ERROR_RCODE_NAME_ERROR",VICTIM,"-","S-1-5-18","Patricia Goh","Patricia Goh","-",wineventlog,"Microsoft-Windows-Sysmon/Operational",victim,"-","-","-","-","-","-","-","-","-","-","-","-","-","-","-","-","-","-","-","-","-","-",22,"-","-",Info,"2,240","3,004","{5770385f-c22a-43e0-bf4c-06f5698ffbd9}","Microsoft-Windows-Sysmon",5110,"Dns query (rule: DnsQuery)","NT AUTHORITY","S-1-5-18",SYSTEM,User,5
"Oct 23, 2022 @ 01:49:30.047",Q0XTAIQBHC0TB3lJ2ZqO,".ds-winlogbeat-8.2.3-2022.10.22-000001","-","25051d08-9df1-4629-b2c6-d1eeb5aa9cfd",victim,"b15c43c7-63a1-423e-901b-f1acc6401711",victim,winlogbeat,"8.2.3","-","-",wpad,"-","-","-","-","1.12.0","Dns query (rule: DnsQuery)",network,22,"Oct 23, 2022 @ 01:50:36.207","Oct 23, 2022 @ 01:53:14.632",event,sysmon,"-","Microsoft-Windows-Sysmon","-","connection, protocol, info","-","-","-","-","-","x86_64",victim,"461f0bd2-c182-413a-8a41-2a8e4accb4a9","fe80::4959:93ba:69a6:522d, 10.0.2.15, fe80::91a8:3d9e:36ba:f548, 172.19.96.10","08:00:27:7c:f3:ae, 08:00:27:22:f7:3c",victim,"19044.1889",windows,"10.0.19041.1889 (WinBuild.160101.0800)","Windows 10 Enterprise Evaluation","Windows 10 Enterprise Evaluation",windows,windows,"10.0",information,"Dns query:
RuleName: -
UtcTime: 2022-10-22 17:49:30.047
ProcessGuid: {461f0bd2-2d38-6354-5c00-000000001f00}
ProcessId: 5156
QueryName: wpad
QueryStatus: 9003
QueryResults: -
Image: C:\Program Files (x86)\Microsoft\Edge\Application\msedge.exe
User: VICTIM\Patricia Goh",dns,"-","-","-","-","-","-","-","-","-","-","-","-","-","-","-","{461f0bd2-2d38-6354-5c00-000000001f00}","C:\Program Files (x86)\Microsoft\Edge\Application\msedge.exe","C:\Program Files (x86)\Microsoft\Edge\Application\msedge.exe","-","-","msedge.exe","msedge.exe","-","-","-","-","-","-","-","-","-","-","-","-","-","-","-","-",5156,"-","-","-","-","-","-","-","-","-","-","-",wpad,"-","Patricia Goh","-","DNS_ERROR_RCODE_NAME_ERROR",VICTIM,"-","S-1-5-18","Patricia Goh","Patricia Goh","-",wineventlog,"Microsoft-Windows-Sysmon/Operational",victim,"-","-","-","-","-","-","-","-","-","-","-","-","-","-","-","-","-","-","-","-","-","-",22,"-","-",Info,"2,240","3,004","{5770385f-c22a-43e0-bf4c-06f5698ffbd9}","Microsoft-Windows-Sysmon",5109,"Dns query (rule: DnsQuery)","NT AUTHORITY","S-1-5-18",SYSTEM,User,5
"Oct 23, 2022 @ 01:49:29.972",QkXTAIQBHC0TB3lJ2ZqO,".ds-winlogbeat-8.2.3-2022.10.22-000001","-","25051d08-9df1-4629-b2c6-d1eeb5aa9cfd",victim,"b15c43c7-63a1-423e-901b-f1acc6401711",victim,winlogbeat,"8.2.3","-","-",wpad,"-","-","-","-","1.12.0","Dns query (rule: DnsQuery)",network,22,"Oct 23, 2022 @ 01:50:36.207","Oct 23, 2022 @ 01:53:14.632",event,sysmon,"-","Microsoft-Windows-Sysmon","-","connection, protocol, info","-","-","-","-","-","x86_64",victim,"461f0bd2-c182-413a-8a41-2a8e4accb4a9","fe80::4959:93ba:69a6:522d, 10.0.2.15, fe80::91a8:3d9e:36ba:f548, 172.19.96.10","08:00:27:7c:f3:ae, 08:00:27:22:f7:3c",victim,"19044.1889",windows,"10.0.19041.1889 (WinBuild.160101.0800)","Windows 10 Enterprise Evaluation","Windows 10 Enterprise Evaluation",windows,windows,"10.0",information,"Dns query:
RuleName: -
UtcTime: 2022-10-22 17:49:29.972
ProcessGuid: {461f0bd2-2d38-6354-5c00-000000001f00}
ProcessId: 5156
QueryName: wpad
QueryStatus: 9003
QueryResults: -
Image: C:\Program Files (x86)\Microsoft\Edge\Application\msedge.exe
User: VICTIM\Patricia Goh",dns,"-","-","-","-","-","-","-","-","-","-","-","-","-","-","-","{461f0bd2-2d38-6354-5c00-000000001f00}","C:\Program Files (x86)\Microsoft\Edge\Application\msedge.exe","C:\Program Files (x86)\Microsoft\Edge\Application\msedge.exe","-","-","msedge.exe","msedge.exe","-","-","-","-","-","-","-","-","-","-","-","-","-","-","-","-",5156,"-","-","-","-","-","-","-","-","-","-","-",wpad,"-","Patricia Goh","-","DNS_ERROR_RCODE_NAME_ERROR",VICTIM,"-","S-1-5-18","Patricia Goh","Patricia Goh","-",wineventlog,"Microsoft-Windows-Sysmon/Operational",victim,"-","-","-","-","-","-","-","-","-","-","-","-","-","-","-","-","-","-","-","-","-","-",22,"-","-",Info,"2,240","3,004","{5770385f-c22a-43e0-bf4c-06f5698ffbd9}","Microsoft-Windows-Sysmon",5108,"Dns query (rule: DnsQuery)","NT AUTHORITY","S-1-5-18",SYSTEM,User,5
"Oct 23, 2022 @ 01:49:29.036",sUXQAIQBHC0TB3lJ9phU,".ds-winlogbeat-8.2.3-2022.10.22-000001","-","c2c04a29-9d47-4de5-86f6-5958b0d4222c",victim,"b15c43c7-63a1-423e-901b-f1acc6401711",victim,winlogbeat,"8.2.3","-","-","-","-","-","-","-","1.12.0","Process Create (rule: ProcessCreate)",process,1,"Oct 23, 2022 @ 01:50:09.613","Oct 23, 2022 @ 01:50:05.395",event,sysmon,"-","Microsoft-Windows-Sysmon","-",start,"-","-","-","-","-","x86_64",victim,"461f0bd2-c182-413a-8a41-2a8e4accb4a9","fe80::4959:93ba:69a6:522d, 10.0.2.15, fe80::91a8:3d9e:36ba:f548, 172.19.96.10","08:00:27:7c:f3:ae, 08:00:27:22:f7:3c",victim,"19044.1889",windows,"10.0.19041.1889 (WinBuild.160101.0800)","Windows 10 Enterprise Evaluation","Windows 10 Enterprise Evaluation",windows,windows,"10.0",information,"Process Create:
RuleName: -
UtcTime: 2022-10-22 17:49:29.036
ProcessGuid: {461f0bd2-2d29-6354-c000-000000001e00}
ProcessId: 3868
Image: C:\Windows\System32\mmc.exe
FileVersion: 10.0.19041.1889 (WinBuild.160101.0800)
Description: Microsoft Management Console
Product: Microsoft® Windows® Operating System
Company: Microsoft Corporation
OriginalFileName: mmc.exe
CommandLine: ""C:\Windows\system32\mmc.exe"" ""C:\Windows\system32\services.msc"" 
CurrentDirectory: C:\Users\Patricia Goh\
User: VICTIM\Patricia Goh
LogonGuid: {461f0bd2-2bde-6354-1787-040000000000}
LogonId: 0x48717
TerminalSessionId: 1
IntegrityLevel: High
Hashes: MD5=46486277EDD78D83308E16CE27254B5F,SHA256=32F08B19E1A041BCC0CAE192BEF8115D17D8F0ABF2B84C9129394C0CC47D38AA,IMPHASH=5AEF584EA4BCED674B66847FE9D61F23
ParentProcessGuid: {461f0bd2-2be4-6354-5d00-000000001e00}
ParentProcessId: 3332
ParentImage: C:\Windows\explorer.exe
ParentCommandLine: C:\Windows\Explorer.EXE
ParentUser: VICTIM\Patricia Goh","-","-","-","-","-","-","-","-","-","-","-","-","C:\Windows\system32\mmc.exe, C:\Windows\system32\services.msc",2,"""C:\Windows\system32\mmc.exe"" ""C:\Windows\system32\services.msc"" ","""C:\Windows\system32\mmc.exe"" ""C:\Windows\system32\services.msc"" ","{461f0bd2-2d29-6354-c000-000000001e00}","C:\Windows\System32\mmc.exe","C:\Windows\System32\mmc.exe",46486277edd78d83308e16ce27254b5f,32f08b19e1a041bcc0cae192bef8115d17d8f0abf2b84c9129394c0cc47d38aa,"mmc.exe","mmc.exe","C:\Windows\Explorer.EXE",1,"C:\Windows\Explorer.EXE","C:\Windows\Explorer.EXE","{461f0bd2-2be4-6354-5d00-000000001e00}","C:\Windows\explorer.exe","C:\Windows\explorer.exe","explorer.exe","explorer.exe",3332,"Microsoft Corporation","Microsoft Management Console","10.0.19041.1889 (WinBuild.160101.0800)",5aef584ea4bced674b66847fe9d61f23,"mmc.exe","Microsoft® Windows® Operating System",3868,"-","-","C:\Users\Patricia Goh\","C:\Users\Patricia Goh\","-","-","-","-","-","-","32f08b19e1a041bcc0cae192bef8115d17d8f0abf2b84c9129394c0cc47d38aa, 46486277edd78d83308e16ce27254b5f, 5aef584ea4bced674b66847fe9d61f23","-","-","Patricia Goh","-","-",VICTIM,"-","S-1-5-18","Patricia Goh","Patricia Goh","-",wineventlog,"Microsoft-Windows-Sysmon/Operational",victim,"Microsoft Corporation","-","Microsoft Management Console","-","10.0.19041.1889 (WinBuild.160101.0800)",High,"{461f0bd2-2bde-6354-1787-040000000000}",0x48717,"-","VICTIM\Patricia Goh","-","Microsoft® Windows® Operating System","-","-","-","-","-","-","-","-",1,"-",1,"-","-",Info,"2,276","2,512","{5770385f-c22a-43e0-bf4c-06f5698ffbd9}","Microsoft-Windows-Sysmon",4923,"Process Create (rule: ProcessCreate)","NT AUTHORITY","S-1-5-18",SYSTEM,User,5
"Oct 23, 2022 @ 01:49:28.316",QEXTAIQBHC0TB3lJ2ZqO,".ds-winlogbeat-8.2.3-2022.10.22-000001","-","25051d08-9df1-4629-b2c6-d1eeb5aa9cfd",victim,"b15c43c7-63a1-423e-901b-f1acc6401711",victim,winlogbeat,"8.2.3","-","-","NT AUTHORITY","-","-","-","-","1.12.0","Dns query (rule: DnsQuery)",network,22,"Oct 23, 2022 @ 01:50:36.207","Oct 23, 2022 @ 01:53:14.631",event,sysmon,"-","Microsoft-Windows-Sysmon","-","connection, protocol, info","-","-","-","-","-","x86_64",victim,"461f0bd2-c182-413a-8a41-2a8e4accb4a9","fe80::4959:93ba:69a6:522d, 10.0.2.15, fe80::91a8:3d9e:36ba:f548, 172.19.96.10","08:00:27:7c:f3:ae, 08:00:27:22:f7:3c",victim,"19044.1889",windows,"10.0.19041.1889 (WinBuild.160101.0800)","Windows 10 Enterprise Evaluation","Windows 10 Enterprise Evaluation",windows,windows,"10.0",information,"Dns query:
RuleName: -
UtcTime: 2022-10-22 17:49:28.316
ProcessGuid: {461f0bd2-2cdd-6354-1900-000000001f00}
ProcessId: 1428
QueryName: NT AUTHORITY
QueryStatus: 9560
QueryResults: -
Image: C:\Windows\System32\svchost.exe
User: NT AUTHORITY\NETWORK SERVICE",dns,"-","-","-","-","-","-","-","-","-","-","-","-","-","-","-","{461f0bd2-2cdd-6354-1900-000000001f00}","C:\Windows\System32\svchost.exe","C:\Windows\System32\svchost.exe","-","-","svchost.exe","svchost.exe","-","-","-","-","-","-","-","-","-","-","-","-","-","-","-","-",1428,"-","-","-","-","-","-","-","-","-","-","-","NT AUTHORITY","-","NETWORK SERVICE","-","DNS_ERROR_INVALID_NAME_CHAR","NT AUTHORITY","-","S-1-5-18","NETWORK SERVICE","NETWORK SERVICE","-",wineventlog,"Microsoft-Windows-Sysmon/Operational",victim,"-","-","-","-","-","-","-","-","-","-","-","-","-","-","-","-","-","-","-","-","-","-",22,"-","-",Info,"2,240","3,004","{5770385f-c22a-43e0-bf4c-06f5698ffbd9}","Microsoft-Windows-Sysmon",5106,"Dns query (rule: DnsQuery)","NT AUTHORITY","S-1-5-18",SYSTEM,User,5
"Oct 23, 2022 @ 01:49:21.970",O0XTAIQBHC0TB3lJ2ZqO,".ds-winlogbeat-8.2.3-2022.10.22-000001","-","25051d08-9df1-4629-b2c6-d1eeb5aa9cfd",victim,"b15c43c7-63a1-423e-901b-f1acc6401711",victim,winlogbeat,"8.2.3","-","-",wpad,"-","-","-","-","1.12.0","Dns query (rule: DnsQuery)",network,22,"Oct 23, 2022 @ 01:50:36.207","Oct 23, 2022 @ 01:53:14.630",event,sysmon,"-","Microsoft-Windows-Sysmon","-","connection, protocol, info","-","-","-","-","-","x86_64",victim,"461f0bd2-c182-413a-8a41-2a8e4accb4a9","fe80::4959:93ba:69a6:522d, 10.0.2.15, fe80::91a8:3d9e:36ba:f548, 172.19.96.10","08:00:27:7c:f3:ae, 08:00:27:22:f7:3c",victim,"19044.1889",windows,"10.0.19041.1889 (WinBuild.160101.0800)","Windows 10 Enterprise Evaluation","Windows 10 Enterprise Evaluation",windows,windows,"10.0",information,"Dns query:
RuleName: -
UtcTime: 2022-10-22 17:49:21.970
ProcessGuid: {461f0bd2-2d38-6354-5c00-000000001f00}
ProcessId: 5156
QueryName: wpad
QueryStatus: 9003
QueryResults: -
Image: C:\Program Files (x86)\Microsoft\Edge\Application\msedge.exe
User: VICTIM\Patricia Goh",dns,"-","-","-","-","-","-","-","-","-","-","-","-","-","-","-","{461f0bd2-2d38-6354-5c00-000000001f00}","C:\Program Files (x86)\Microsoft\Edge\Application\msedge.exe","C:\Program Files (x86)\Microsoft\Edge\Application\msedge.exe","-","-","msedge.exe","msedge.exe","-","-","-","-","-","-","-","-","-","-","-","-","-","-","-","-",5156,"-","-","-","-","-","-","-","-","-","-","-",wpad,"-","Patricia Goh","-","DNS_ERROR_RCODE_NAME_ERROR",VICTIM,"-","S-1-5-18","Patricia Goh","Patricia Goh","-",wineventlog,"Microsoft-Windows-Sysmon/Operational",victim,"-","-","-","-","-","-","-","-","-","-","-","-","-","-","-","-","-","-","-","-","-","-",22,"-","-",Info,"2,240","3,004","{5770385f-c22a-43e0-bf4c-06f5698ffbd9}","Microsoft-Windows-Sysmon",5101,"Dns query (rule: DnsQuery)","NT AUTHORITY","S-1-5-18",SYSTEM,User,5
"Oct 23, 2022 @ 01:49:21.969",OkXTAIQBHC0TB3lJ2ZqO,".ds-winlogbeat-8.2.3-2022.10.22-000001","-","25051d08-9df1-4629-b2c6-d1eeb5aa9cfd",victim,"b15c43c7-63a1-423e-901b-f1acc6401711",victim,winlogbeat,"8.2.3","-","-",wpad,"-","-","-","-","1.12.0","Dns query (rule: DnsQuery)",network,22,"Oct 23, 2022 @ 01:50:36.207","Oct 23, 2022 @ 01:53:14.629",event,sysmon,"-","Microsoft-Windows-Sysmon","-","connection, protocol, info","-","-","-","-","-","x86_64",victim,"461f0bd2-c182-413a-8a41-2a8e4accb4a9","fe80::4959:93ba:69a6:522d, 10.0.2.15, fe80::91a8:3d9e:36ba:f548, 172.19.96.10","08:00:27:7c:f3:ae, 08:00:27:22:f7:3c",victim,"19044.1889",windows,"10.0.19041.1889 (WinBuild.160101.0800)","Windows 10 Enterprise Evaluation","Windows 10 Enterprise Evaluation",windows,windows,"10.0",information,"Dns query:
RuleName: -
UtcTime: 2022-10-22 17:49:21.969
ProcessGuid: {461f0bd2-2d38-6354-5c00-000000001f00}
ProcessId: 5156
QueryName: wpad
QueryStatus: 9003
QueryResults: -
Image: C:\Program Files (x86)\Microsoft\Edge\Application\msedge.exe
User: VICTIM\Patricia Goh",dns,"-","-","-","-","-","-","-","-","-","-","-","-","-","-","-","{461f0bd2-2d38-6354-5c00-000000001f00}","C:\Program Files (x86)\Microsoft\Edge\Application\msedge.exe","C:\Program Files (x86)\Microsoft\Edge\Application\msedge.exe","-","-","msedge.exe","msedge.exe","-","-","-","-","-","-","-","-","-","-","-","-","-","-","-","-",5156,"-","-","-","-","-","-","-","-","-","-","-",wpad,"-","Patricia Goh","-","DNS_ERROR_RCODE_NAME_ERROR",VICTIM,"-","S-1-5-18","Patricia Goh","Patricia Goh","-",wineventlog,"Microsoft-Windows-Sysmon/Operational",victim,"-","-","-","-","-","-","-","-","-","-","-","-","-","-","-","-","-","-","-","-","-","-",22,"-","-",Info,"2,240","3,004","{5770385f-c22a-43e0-bf4c-06f5698ffbd9}","Microsoft-Windows-Sysmon",5100,"Dns query (rule: DnsQuery)","NT AUTHORITY","S-1-5-18",SYSTEM,User,5
"Oct 23, 2022 @ 01:49:21.929",OUXTAIQBHC0TB3lJ2ZqO,".ds-winlogbeat-8.2.3-2022.10.22-000001","-","25051d08-9df1-4629-b2c6-d1eeb5aa9cfd",victim,"b15c43c7-63a1-423e-901b-f1acc6401711",victim,winlogbeat,"8.2.3","-","-",wpad,"-","-","-","-","1.12.0","Dns query (rule: DnsQuery)",network,22,"Oct 23, 2022 @ 01:50:36.207","Oct 23, 2022 @ 01:53:14.629",event,sysmon,"-","Microsoft-Windows-Sysmon","-","connection, protocol, info","-","-","-","-","-","x86_64",victim,"461f0bd2-c182-413a-8a41-2a8e4accb4a9","fe80::4959:93ba:69a6:522d, 10.0.2.15, fe80::91a8:3d9e:36ba:f548, 172.19.96.10","08:00:27:7c:f3:ae, 08:00:27:22:f7:3c",victim,"19044.1889",windows,"10.0.19041.1889 (WinBuild.160101.0800)","Windows 10 Enterprise Evaluation","Windows 10 Enterprise Evaluation",windows,windows,"10.0",information,"Dns query:
RuleName: -
UtcTime: 2022-10-22 17:49:21.929
ProcessGuid: {461f0bd2-2d38-6354-5c00-000000001f00}
ProcessId: 5156
QueryName: wpad
QueryStatus: 9003
QueryResults: -
Image: C:\Program Files (x86)\Microsoft\Edge\Application\msedge.exe
User: VICTIM\Patricia Goh",dns,"-","-","-","-","-","-","-","-","-","-","-","-","-","-","-","{461f0bd2-2d38-6354-5c00-000000001f00}","C:\Program Files (x86)\Microsoft\Edge\Application\msedge.exe","C:\Program Files (x86)\Microsoft\Edge\Application\msedge.exe","-","-","msedge.exe","msedge.exe","-","-","-","-","-","-","-","-","-","-","-","-","-","-","-","-",5156,"-","-","-","-","-","-","-","-","-","-","-",wpad,"-","Patricia Goh","-","DNS_ERROR_RCODE_NAME_ERROR",VICTIM,"-","S-1-5-18","Patricia Goh","Patricia Goh","-",wineventlog,"Microsoft-Windows-Sysmon/Operational",victim,"-","-","-","-","-","-","-","-","-","-","-","-","-","-","-","-","-","-","-","-","-","-",22,"-","-",Info,"2,240","3,004","{5770385f-c22a-43e0-bf4c-06f5698ffbd9}","Microsoft-Windows-Sysmon",5099,"Dns query (rule: DnsQuery)","NT AUTHORITY","S-1-5-18",SYSTEM,User,5
"Oct 23, 2022 @ 01:49:19.695",M0XTAIQBHC0TB3lJ2ZqO,".ds-winlogbeat-8.2.3-2022.10.22-000001","-","25051d08-9df1-4629-b2c6-d1eeb5aa9cfd",victim,"b15c43c7-63a1-423e-901b-f1acc6401711",victim,winlogbeat,"8.2.3","172.217.194.105, 172.217.194.147, 172.217.194.103, 172.217.194.99, 172.217.194.104, 172.217.194.106","A, A, A, A, A, A","www.google.com","google.com",www,com,"172.217.194.105, 172.217.194.147, 172.217.194.103, 172.217.194.99, 172.217.194.104, 172.217.194.106","1.12.0","Dns query (rule: DnsQuery)",network,22,"Oct 23, 2022 @ 01:50:36.207","Oct 23, 2022 @ 01:53:14.627",event,sysmon,"-","Microsoft-Windows-Sysmon","-","connection, protocol, info","-","-","-","-","-","x86_64",victim,"461f0bd2-c182-413a-8a41-2a8e4accb4a9","fe80::4959:93ba:69a6:522d, 10.0.2.15, fe80::91a8:3d9e:36ba:f548, 172.19.96.10","08:00:27:7c:f3:ae, 08:00:27:22:f7:3c",victim,"19044.1889",windows,"10.0.19041.1889 (WinBuild.160101.0800)","Windows 10 Enterprise Evaluation","Windows 10 Enterprise Evaluation",windows,windows,"10.0",information,"Dns query:
RuleName: -
UtcTime: 2022-10-22 17:49:19.695
ProcessGuid: {461f0bd2-2d36-6354-5900-000000001f00}
ProcessId: 1620
QueryName: www.google.com
QueryStatus: 0
QueryResults: ::ffff:172.217.194.105;::ffff:172.217.194.147;::ffff:172.217.194.103;::ffff:172.217.194.99;::ffff:172.217.194.104;::ffff:172.217.194.106;
Image: <unknown process>
User: VICTIM\Patricia Goh",dns,"-","-","-","-","-","-","-","-","-","-","-","-","-","-","-","{461f0bd2-2d36-6354-5900-000000001f00}","<unknown process>","<unknown process>","-","-","-","-","-","-","-","-","-","-","-","-","-","-","-","-","-","-","-","-",1620,"-","-","-","-","-","-","-","-","-","-","-","www.google.com","172.217.194.105, 172.217.194.147, 172.217.194.103, 172.217.194.99, 172.217.194.104, 172.217.194.106","Patricia Goh","-",SUCCESS,VICTIM,"-","S-1-5-18","Patricia Goh","Patricia Goh","-",wineventlog,"Microsoft-Windows-Sysmon/Operational",victim,"-","-","-","-","-","-","-","-","-","-","-","-","-","-","-","-","-","-","-","-","-","-",22,"-","-",Info,"2,240","3,004","{5770385f-c22a-43e0-bf4c-06f5698ffbd9}","Microsoft-Windows-Sysmon",5093,"Dns query (rule: DnsQuery)","NT AUTHORITY","S-1-5-18",SYSTEM,User,5
"Oct 23, 2022 @ 01:49:12.706",sEXQAIQBHC0TB3lJ9phU,".ds-winlogbeat-8.2.3-2022.10.22-000001","-","c2c04a29-9d47-4de5-86f6-5958b0d4222c",victim,"b15c43c7-63a1-423e-901b-f1acc6401711",victim,winlogbeat,"8.2.3","-","-","-","-","-","-","-","1.12.0","File created (rule: FileCreate)",file,11,"Oct 23, 2022 @ 01:50:09.613","Oct 23, 2022 @ 01:50:05.395",event,sysmon,"-","Microsoft-Windows-Sysmon","-",creation,"C:\Users\Patricia Goh\AppData\Local\Temp",ps1,"__PSScriptPolicyTest_dunzoypv.0bl.ps1","C:\Users\Patricia Goh\AppData\Local\Temp\__PSScriptPolicyTest_dunzoypv.0bl.ps1","C:\Users\Patricia Goh\AppData\Local\Temp\__PSScriptPolicyTest_dunzoypv.0bl.ps1","x86_64",victim,"461f0bd2-c182-413a-8a41-2a8e4accb4a9","fe80::4959:93ba:69a6:522d, 10.0.2.15, fe80::91a8:3d9e:36ba:f548, 172.19.96.10","08:00:27:7c:f3:ae, 08:00:27:22:f7:3c",victim,"19044.1889",windows,"10.0.19041.1889 (WinBuild.160101.0800)","Windows 10 Enterprise Evaluation","Windows 10 Enterprise Evaluation",windows,windows,"10.0",information,"File created:
RuleName: -
UtcTime: 2022-10-22 17:49:12.706
ProcessGuid: {461f0bd2-2d11-6354-bc00-000000001e00}
ProcessId: 1636
Image: C:\Windows\System32\WindowsPowerShell\v1.0\powershell.exe
TargetFilename: C:\Users\Patricia Goh\AppData\Local\Temp\__PSScriptPolicyTest_dunzoypv.0bl.ps1
CreationUtcTime: 2022-10-22 17:49:12.706
User: VICTIM\Patricia Goh","-","-","-","-","-","-","-","-","-","-","-","-","-","-","-","-","{461f0bd2-2d11-6354-bc00-000000001e00}","C:\Windows\System32\WindowsPowerShell\v1.0\powershell.exe","C:\Windows\System32\WindowsPowerShell\v1.0\powershell.exe","-","-","powershell.exe","powershell.exe","-","-","-","-","-","-","-","-","-","-","-","-","-","-","-","-",1636,"-","-","-","-","-","-","-","-","-","-","-","-","-","Patricia Goh","-","-",VICTIM,"-","S-1-5-18","Patricia Goh","Patricia Goh","-",wineventlog,"Microsoft-Windows-Sysmon/Operational",victim,"-","2022-10-22 17:49:12.706","-","-","-","-","-","-","-","-","-","-","-","-","-","-","-","-","-","-","-","-",11,"-","-",Info,"2,276","2,512","{5770385f-c22a-43e0-bf4c-06f5698ffbd9}","Microsoft-Windows-Sysmon",4922,"File created (rule: FileCreate)","NT AUTHORITY","S-1-5-18",SYSTEM,User,2
"Oct 23, 2022 @ 01:49:11.342","-0XTAIQBHC0TB3lJ2Zkq",".ds-winlogbeat-8.2.3-2022.10.22-000001","-","25051d08-9df1-4629-b2c6-d1eeb5aa9cfd",victim,"b15c43c7-63a1-423e-901b-f1acc6401711",victim,winlogbeat,"8.2.3","-","-","-","-","-","-","-","1.12.0","Process Create (rule: ProcessCreate)",process,1,"Oct 23, 2022 @ 01:50:36.207","Oct 23, 2022 @ 01:53:14.526",event,sysmon,"-","Microsoft-Windows-Sysmon","-",start,"-","-","-","-","-","x86_64",victim,"461f0bd2-c182-413a-8a41-2a8e4accb4a9","fe80::4959:93ba:69a6:522d, 10.0.2.15, fe80::91a8:3d9e:36ba:f548, 172.19.96.10","08:00:27:7c:f3:ae, 08:00:27:22:f7:3c",victim,"19044.1889",windows,"10.0.19041.1889 (WinBuild.160101.0800)","Windows 10 Enterprise Evaluation","Windows 10 Enterprise Evaluation",windows,windows,"10.0",information,"Process Create:
RuleName: -
UtcTime: 2022-10-22 17:49:11.342
ProcessGuid: {461f0bd2-2d17-6354-4200-000000001f00}
ProcessId: 3088
Image: C:\Windows\System32\svchost.exe
FileVersion: 10.0.19041.1806 (WinBuild.160101.0800)
Description: Host Process for Windows Services
Product: Microsoft® Windows® Operating System
Company: Microsoft Corporation
OriginalFileName: svchost.exe
CommandLine: C:\Windows\system32\svchost.exe -k ClipboardSvcGroup -p
CurrentDirectory: C:\Windows\system32\
User: VICTIM\Patricia Goh
LogonGuid: {461f0bd2-2d0d-6354-ef2b-030000000000}
LogonId: 0x32BEF
TerminalSessionId: 1
IntegrityLevel: High
Hashes: MD5=B7F884C1B74A263F746EE12A5F7C9F6A,SHA256=ADD683A6910ABBBF0E28B557FAD0BA998166394932AE2ACA069D9AA19EA8FE88,IMPHASH=247B9220E5D9B720A82B2C8B5069AD69
ParentProcessGuid: {461f0bd2-2cdb-6354-0b00-000000001f00}
ParentProcessId: 644
ParentImage: C:\Windows\System32\services.exe
ParentCommandLine: C:\Windows\system32\services.exe
ParentUser: NT AUTHORITY\SYSTEM","-","-","-","-","-","-","-","-","-","-","-","-","C:\Windows\system32\svchost.exe, -k, ClipboardSvcGroup, -p",4,"C:\Windows\system32\svchost.exe -k ClipboardSvcGroup -p","C:\Windows\system32\svchost.exe -k ClipboardSvcGroup -p","{461f0bd2-2d17-6354-4200-000000001f00}","C:\Windows\System32\svchost.exe","C:\Windows\System32\svchost.exe",b7f884c1b74a263f746ee12a5f7c9f6a,add683a6910abbbf0e28b557fad0ba998166394932ae2aca069d9aa19ea8fe88,"svchost.exe","svchost.exe","C:\Windows\system32\services.exe",1,"C:\Windows\system32\services.exe","C:\Windows\system32\services.exe","{461f0bd2-2cdb-6354-0b00-000000001f00}","C:\Windows\System32\services.exe","C:\Windows\System32\services.exe","services.exe","services.exe",644,"Microsoft Corporation","Host Process for Windows Services","10.0.19041.1806 (WinBuild.160101.0800)",247b9220e5d9b720a82b2c8b5069ad69,"svchost.exe","Microsoft® Windows® Operating System",3088,"-","-","C:\Windows\system32\","C:\Windows\system32\","-","-","-","-","-","-","add683a6910abbbf0e28b557fad0ba998166394932ae2aca069d9aa19ea8fe88, b7f884c1b74a263f746ee12a5f7c9f6a, 247b9220e5d9b720a82b2c8b5069ad69","-","-","Patricia Goh","-","-",VICTIM,"-","S-1-5-18","Patricia Goh","Patricia Goh","-",wineventlog,"Microsoft-Windows-Sysmon/Operational",victim,"Microsoft Corporation","-","Host Process for Windows Services","-","10.0.19041.1806 (WinBuild.160101.0800)",High,"{461f0bd2-2d0d-6354-ef2b-030000000000}",0x32bef,"-","NT AUTHORITY\SYSTEM","-","Microsoft® Windows® Operating System","-","-","-","-","-","-","-","-",1,"-",1,"-","-",Info,"2,240","2,984","{5770385f-c22a-43e0-bf4c-06f5698ffbd9}","Microsoft-Windows-Sysmon",5037,"Process Create (rule: ProcessCreate)","NT AUTHORITY","S-1-5-18",SYSTEM,User,5
"Oct 23, 2022 @ 01:49:08.883",90XTAIQBHC0TB3lJ2Zkq,".ds-winlogbeat-8.2.3-2022.10.22-000001","-","25051d08-9df1-4629-b2c6-d1eeb5aa9cfd",victim,"b15c43c7-63a1-423e-901b-f1acc6401711",victim,winlogbeat,"8.2.3","-","-","-","-","-","-","-","1.12.0","Process Create (rule: ProcessCreate)",process,1,"Oct 23, 2022 @ 01:50:36.207","Oct 23, 2022 @ 01:53:14.522",event,sysmon,"-","Microsoft-Windows-Sysmon","-",start,"-","-","-","-","-","x86_64",victim,"461f0bd2-c182-413a-8a41-2a8e4accb4a9","fe80::4959:93ba:69a6:522d, 10.0.2.15, fe80::91a8:3d9e:36ba:f548, 172.19.96.10","08:00:27:7c:f3:ae, 08:00:27:22:f7:3c",victim,"19044.1889",windows,"10.0.19041.1889 (WinBuild.160101.0800)","Windows 10 Enterprise Evaluation","Windows 10 Enterprise Evaluation",windows,windows,"10.0",information,"Process Create:
RuleName: -
UtcTime: 2022-10-22 17:49:08.883
ProcessGuid: {461f0bd2-2d14-6354-4100-000000001f00}
ProcessId: 3864
Image: C:\Windows\explorer.exe
FileVersion: 10.0.19041.1889 (WinBuild.160101.0800)
Description: Windows Explorer
Product: Microsoft® Windows® Operating System
Company: Microsoft Corporation
OriginalFileName: EXPLORER.EXE
CommandLine: C:\Windows\Explorer.EXE
CurrentDirectory: C:\Windows\system32\
User: VICTIM\Patricia Goh
LogonGuid: {461f0bd2-2d0d-6354-ef2b-030000000000}
LogonId: 0x32BEF
TerminalSessionId: 1
IntegrityLevel: High
Hashes: MD5=7A413DDD10E81ADB6BB5D5E38F399D08,SHA256=FEEE9E66470888DA99330010AED17823A8207703194ACFECDF029DB21271C1BA,IMPHASH=C293497DF792EBFC8FD3676A54AAE635
ParentProcessGuid: {461f0bd2-2d14-6354-4000-000000001f00}
ParentProcessId: 3832
ParentImage: C:\Windows\System32\userinit.exe
ParentCommandLine: C:\Windows\system32\userinit.exe
ParentUser: VICTIM\Patricia Goh","-","-","-","-","-","-","-","-","-","-","-","-","C:\Windows\Explorer.EXE",1,"C:\Windows\Explorer.EXE","C:\Windows\Explorer.EXE","{461f0bd2-2d14-6354-4100-000000001f00}","C:\Windows\explorer.exe","C:\Windows\explorer.exe",7a413ddd10e81adb6bb5d5e38f399d08,feee9e66470888da99330010aed17823a8207703194acfecdf029db21271c1ba,"explorer.exe","explorer.exe","C:\Windows\system32\userinit.exe",1,"C:\Windows\system32\userinit.exe","C:\Windows\system32\userinit.exe","{461f0bd2-2d14-6354-4000-000000001f00}","C:\Windows\System32\userinit.exe","C:\Windows\System32\userinit.exe","userinit.exe","userinit.exe",3832,"Microsoft Corporation","Windows Explorer","10.0.19041.1889 (WinBuild.160101.0800)",c293497df792ebfc8fd3676a54aae635,"EXPLORER.EXE","Microsoft® Windows® Operating System",3864,"-","-","C:\Windows\system32\","C:\Windows\system32\","-","-","-","-","-","-","feee9e66470888da99330010aed17823a8207703194acfecdf029db21271c1ba, 7a413ddd10e81adb6bb5d5e38f399d08, c293497df792ebfc8fd3676a54aae635","-","-","Patricia Goh","-","-",VICTIM,"-","S-1-5-18","Patricia Goh","Patricia Goh","-",wineventlog,"Microsoft-Windows-Sysmon/Operational",victim,"Microsoft Corporation","-","Windows Explorer","-","10.0.19041.1889 (WinBuild.160101.0800)",High,"{461f0bd2-2d0d-6354-ef2b-030000000000}",0x32bef,"-","VICTIM\Patricia Goh","-","Microsoft® Windows® Operating System","-","-","-","-","-","-","-","-",1,"-",1,"-","-",Info,"2,240","2,984","{5770385f-c22a-43e0-bf4c-06f5698ffbd9}","Microsoft-Windows-Sysmon",5033,"Process Create (rule: ProcessCreate)","NT AUTHORITY","S-1-5-18",SYSTEM,User,5
