"Oct 23, 2022 @ 01:43:46.211",rUXQAIQBHC0TB3lJ8ZdV,".ds-winlogbeat-8.2.3-2022.10.22-000001","-","c2c04a29-9d47-4de5-86f6-5958b0d4222c",victim,"b15c43c7-63a1-423e-901b-f1acc6401711",victim,winlogbeat,"8.2.3","-","-","-","-","-","-","-","1.12.0","Process Create (rule: ProcessCreate)",process,1,"Oct 23, 2022 @ 01:50:07.758","Oct 23, 2022 @ 01:50:04.113",event,sysmon,"-","Microsoft-Windows-Sysmon","-",start,"-","-","-","-","-","x86_64",victim,"461f0bd2-c182-413a-8a41-2a8e4accb4a9","fe80::4959:93ba:69a6:522d, 10.0.2.15, fe80::91a8:3d9e:36ba:f548, 172.19.96.10","08:00:27:7c:f3:ae, 08:00:27:22:f7:3c",victim,"19044.1889",windows,"10.0.19041.1889 (WinBuild.160101.0800)","Windows 10 Enterprise Evaluation","Windows 10 Enterprise Evaluation",windows,windows,"10.0",information,"Process Create:
RuleName: -
UtcTime: 2022-10-22 17:43:46.211
ProcessGuid: {461f0bd2-2bd2-6354-2d00-000000001e00}
ProcessId: 2308
Image: C:\ProgramData\Microsoft\Windows Defender\Platform\4.18.2209.7-0\MsMpEng.exe
FileVersion: 4.18.2209.7 (WinBuild.160101.0800)
Description: Antimalware Service Executable
Product: Microsoft® Windows® Operating System
Company: Microsoft Corporation
OriginalFileName: MsMpEng.exe
CommandLine: ""C:\ProgramData\Microsoft\Windows Defender\Platform\4.18.2209.7-0\MsMpEng.exe""
CurrentDirectory: C:\Windows\system32\
User: NT AUTHORITY\SYSTEM
LogonGuid: {461f0bd2-1c1d-6354-e703-000000000000}
LogonId: 0x3E7
TerminalSessionId: 0
IntegrityLevel: System
Hashes: MD5=2A1443B345731AC3205B502777008501,SHA256=55F831AD1DADF64AD02BEA6C9183189DE2A1865F0C3B47FABB82834BCCE2E686,IMPHASH=2272D9293AE93A94C060F2E87F6B7190
ParentProcessGuid: {461f0bd2-1c1d-6354-0b00-000000001e00}
ParentProcessId: 660
ParentImage: C:\Windows\System32\services.exe
ParentCommandLine: C:\Windows\system32\services.exe
ParentUser: NT AUTHORITY\SYSTEM","-","-","-","-","-","-","-","-","-","-","-","-","C:\ProgramData\Microsoft\Windows Defender\Platform\4.18.2209.7-0\MsMpEng.exe",1,"""C:\ProgramData\Microsoft\Windows Defender\Platform\4.18.2209.7-0\MsMpEng.exe""","""C:\ProgramData\Microsoft\Windows Defender\Platform\4.18.2209.7-0\MsMpEng.exe""","{461f0bd2-2bd2-6354-2d00-000000001e00}","C:\ProgramData\Microsoft\Windows Defender\Platform\4.18.2209.7-0\MsMpEng.exe","C:\ProgramData\Microsoft\Windows Defender\Platform\4.18.2209.7-0\MsMpEng.exe",2a1443b345731ac3205b502777008501,55f831ad1dadf64ad02bea6c9183189de2a1865f0c3b47fabb82834bcce2e686,"MsMpEng.exe","MsMpEng.exe","C:\Windows\system32\services.exe",1,"C:\Windows\system32\services.exe","C:\Windows\system32\services.exe","{461f0bd2-1c1d-6354-0b00-000000001e00}","C:\Windows\System32\services.exe","C:\Windows\System32\services.exe","services.exe","services.exe",660,"Microsoft Corporation","Antimalware Service Executable","4.18.2209.7 (WinBuild.160101.0800)",2272d9293ae93a94c060f2e87f6b7190,"MsMpEng.exe","Microsoft® Windows® Operating System",2308,"-","-","C:\Windows\system32\","C:\Windows\system32\","-","-","-","-","-","-","55f831ad1dadf64ad02bea6c9183189de2a1865f0c3b47fabb82834bcce2e686, 2a1443b345731ac3205b502777008501, 2272d9293ae93a94c060f2e87f6b7190","-","-",SYSTEM,"-","-","NT AUTHORITY","-","S-1-5-18",SYSTEM,SYSTEM,"-",wineventlog,"Microsoft-Windows-Sysmon/Operational",victim,"Microsoft Corporation","-","Antimalware Service Executable","-","4.18.2209.7 (WinBuild.160101.0800)",System,"{461f0bd2-1c1d-6354-e703-000000000000}",0x3e7,"-","NT AUTHORITY\SYSTEM","-","Microsoft® Windows® Operating System","-","-","-","-","-","-","-","-",0,"-",1,"-","-",Info,"2,276","2,512","{5770385f-c22a-43e0-bf4c-06f5698ffbd9}","Microsoft-Windows-Sysmon",4689,"Process Create (rule: ProcessCreate)","NT AUTHORITY","S-1-5-18",SYSTEM,User,5
"Oct 23, 2022 @ 01:43:46.097",rkXQAIQBHC0TB3lJ8ZdV,".ds-winlogbeat-8.2.3-2022.10.22-000001","-","c2c04a29-9d47-4de5-86f6-5958b0d4222c",victim,"b15c43c7-63a1-423e-901b-f1acc6401711",victim,winlogbeat,"8.2.3","-","-","-","-","-","-","-","1.12.0","Process Create (rule: ProcessCreate)",process,1,"Oct 23, 2022 @ 01:50:07.758","Oct 23, 2022 @ 01:50:04.114",event,sysmon,"-","Microsoft-Windows-Sysmon","-",start,"-","-","-","-","-","x86_64",victim,"461f0bd2-c182-413a-8a41-2a8e4accb4a9","fe80::4959:93ba:69a6:522d, 10.0.2.15, fe80::91a8:3d9e:36ba:f548, 172.19.96.10","08:00:27:7c:f3:ae, 08:00:27:22:f7:3c",victim,"19044.1889",windows,"10.0.19041.1889 (WinBuild.160101.0800)","Windows 10 Enterprise Evaluation","Windows 10 Enterprise Evaluation",windows,windows,"10.0",information,"Process Create:
RuleName: -
UtcTime: 2022-10-22 17:43:46.097
ProcessGuid: {461f0bd2-2bd2-6354-2c00-000000001e00}
ProcessId: 2276
Image: C:\Windows\Sysmon.exe
FileVersion: 14.1
Description: System activity monitor
Product: Sysinternals Sysmon
Company: Sysinternals - www.sysinternals.com
OriginalFileName: -
CommandLine: C:\Windows\Sysmon.exe
CurrentDirectory: C:\Windows\system32\
User: NT AUTHORITY\SYSTEM
LogonGuid: {461f0bd2-1c1d-6354-e703-000000000000}
LogonId: 0x3E7
TerminalSessionId: 0
IntegrityLevel: System
Hashes: MD5=0C6809BE65DE9AD3764521063817C475,SHA256=0F1AF990B9A2429E6EECA681FA174756B0BA1E129E428CAFF8E1D9D52C519934,IMPHASH=9F6C36511A328F748FB0A9C4C934D9B0
ParentProcessGuid: {461f0bd2-1c1d-6354-0b00-000000001e00}
ParentProcessId: 660
ParentImage: C:\Windows\System32\services.exe
ParentCommandLine: C:\Windows\system32\services.exe
ParentUser: NT AUTHORITY\SYSTEM","-","-","-","-","-","-","-","-","-","-","-","-","C:\Windows\Sysmon.exe",1,"C:\Windows\Sysmon.exe","C:\Windows\Sysmon.exe","{461f0bd2-2bd2-6354-2c00-000000001e00}","C:\Windows\Sysmon.exe","C:\Windows\Sysmon.exe",0c6809be65de9ad3764521063817c475,0f1af990b9a2429e6eeca681fa174756b0ba1e129e428caff8e1d9d52c519934,"Sysmon.exe","Sysmon.exe","C:\Windows\system32\services.exe",1,"C:\Windows\system32\services.exe","C:\Windows\system32\services.exe","{461f0bd2-1c1d-6354-0b00-000000001e00}","C:\Windows\System32\services.exe","C:\Windows\System32\services.exe","services.exe","services.exe",660,"Sysinternals - www.sysinternals.com","System activity monitor","14.1",9f6c36511a328f748fb0a9c4c934d9b0,"-","Sysinternals Sysmon",2276,"-","-","C:\Windows\system32\","C:\Windows\system32\","-","-","-","-","-","-","0f1af990b9a2429e6eeca681fa174756b0ba1e129e428caff8e1d9d52c519934, 0c6809be65de9ad3764521063817c475, 9f6c36511a328f748fb0a9c4c934d9b0","-","-",SYSTEM,"-","-","NT AUTHORITY","-","S-1-5-18",SYSTEM,SYSTEM,"-",wineventlog,"Microsoft-Windows-Sysmon/Operational",victim,"Sysinternals - www.sysinternals.com","-","System activity monitor","-","14.1",System,"{461f0bd2-1c1d-6354-e703-000000000000}",0x3e7,"-","NT AUTHORITY\SYSTEM","-","Sysinternals Sysmon","-","-","-","-","-","-","-","-",0,"-",1,"-","-",Info,"2,276","2,512","{5770385f-c22a-43e0-bf4c-06f5698ffbd9}","Microsoft-Windows-Sysmon",4690,"Process Create (rule: ProcessCreate)","NT AUTHORITY","S-1-5-18",SYSTEM,User,5
"Oct 23, 2022 @ 01:43:46.079",rEXQAIQBHC0TB3lJ8ZdV,".ds-winlogbeat-8.2.3-2022.10.22-000001","-","c2c04a29-9d47-4de5-86f6-5958b0d4222c",victim,"b15c43c7-63a1-423e-901b-f1acc6401711",victim,winlogbeat,"8.2.3","-","-","-","-","-","-","-","1.12.0","Process Create (rule: ProcessCreate)",process,1,"Oct 23, 2022 @ 01:50:07.758","Oct 23, 2022 @ 01:50:04.113",event,sysmon,"-","Microsoft-Windows-Sysmon","-",start,"-","-","-","-","-","x86_64",victim,"461f0bd2-c182-413a-8a41-2a8e4accb4a9","fe80::4959:93ba:69a6:522d, 10.0.2.15, fe80::91a8:3d9e:36ba:f548, 172.19.96.10","08:00:27:7c:f3:ae, 08:00:27:22:f7:3c",victim,"19044.1889",windows,"10.0.19041.1889 (WinBuild.160101.0800)","Windows 10 Enterprise Evaluation","Windows 10 Enterprise Evaluation",windows,windows,"10.0",information,"Process Create:
RuleName: -
UtcTime: 2022-10-22 17:43:46.079
ProcessGuid: {461f0bd2-2bd2-6354-2b00-000000001e00}
ProcessId: 2260
Image: C:\Program Files\OpenSSH-Win64\sshd.exe
FileVersion: 8.0.0.0
Description: -
Product: OpenSSH for Windows
Company: -
OriginalFileName: -
CommandLine: ""C:\Program Files\OpenSSH-Win64\sshd.exe""
CurrentDirectory: C:\Windows\system32\
User: NT AUTHORITY\SYSTEM
LogonGuid: {461f0bd2-1c1d-6354-e703-000000000000}
LogonId: 0x3E7
TerminalSessionId: 0
IntegrityLevel: System
Hashes: MD5=331BA0E529810EF718DD3EFBD1242302,SHA256=E6A972F9DB27DE18BE225095B3B3141B945BE8AADC4014C8704AE5ACAFE3E8E0,IMPHASH=10CB517ABF40F097E5F164AEF2B17A74
ParentProcessGuid: {461f0bd2-1c1d-6354-0b00-000000001e00}
ParentProcessId: 660
ParentImage: C:\Windows\System32\services.exe
ParentCommandLine: C:\Windows\system32\services.exe
ParentUser: NT AUTHORITY\SYSTEM","-","-","-","-","-","-","-","-","-","-","-","-","C:\Program Files\OpenSSH-Win64\sshd.exe",1,"""C:\Program Files\OpenSSH-Win64\sshd.exe""","""C:\Program Files\OpenSSH-Win64\sshd.exe""","{461f0bd2-2bd2-6354-2b00-000000001e00}","C:\Program Files\OpenSSH-Win64\sshd.exe","C:\Program Files\OpenSSH-Win64\sshd.exe",331ba0e529810ef718dd3efbd1242302,e6a972f9db27de18be225095b3b3141b945be8aadc4014c8704ae5acafe3e8e0,"sshd.exe","sshd.exe","C:\Windows\system32\services.exe",1,"C:\Windows\system32\services.exe","C:\Windows\system32\services.exe","{461f0bd2-1c1d-6354-0b00-000000001e00}","C:\Windows\System32\services.exe","C:\Windows\System32\services.exe","services.exe","services.exe",660,"-","-","8.0.0.0",10cb517abf40f097e5f164aef2b17a74,"-","OpenSSH for Windows",2260,"-","-","C:\Windows\system32\","C:\Windows\system32\","-","-","-","-","-","-","e6a972f9db27de18be225095b3b3141b945be8aadc4014c8704ae5acafe3e8e0, 331ba0e529810ef718dd3efbd1242302, 10cb517abf40f097e5f164aef2b17a74","-","-",SYSTEM,"-","-","NT AUTHORITY","-","S-1-5-18",SYSTEM,SYSTEM,"-",wineventlog,"Microsoft-Windows-Sysmon/Operational",victim,"-","-","-","-","8.0.0.0",System,"{461f0bd2-1c1d-6354-e703-000000000000}",0x3e7,"-","NT AUTHORITY\SYSTEM","-","OpenSSH for Windows","-","-","-","-","-","-","-","-",0,"-",1,"-","-",Info,"2,276","2,512","{5770385f-c22a-43e0-bf4c-06f5698ffbd9}","Microsoft-Windows-Sysmon",4688,"Process Create (rule: ProcessCreate)","NT AUTHORITY","S-1-5-18",SYSTEM,User,5
"Oct 23, 2022 @ 01:43:46.017",q0XQAIQBHC0TB3lJ8ZdV,".ds-winlogbeat-8.2.3-2022.10.22-000001","-","c2c04a29-9d47-4de5-86f6-5958b0d4222c",victim,"b15c43c7-63a1-423e-901b-f1acc6401711",victim,winlogbeat,"8.2.3","-","-","-","-","-","-","-","1.12.0","Process Create (rule: ProcessCreate)",process,1,"Oct 23, 2022 @ 01:50:07.758","Oct 23, 2022 @ 01:50:04.113",event,sysmon,"-","Microsoft-Windows-Sysmon","-",start,"-","-","-","-","-","x86_64",victim,"461f0bd2-c182-413a-8a41-2a8e4accb4a9","fe80::4959:93ba:69a6:522d, 10.0.2.15, fe80::91a8:3d9e:36ba:f548, 172.19.96.10","08:00:27:7c:f3:ae, 08:00:27:22:f7:3c",victim,"19044.1889",windows,"10.0.19041.1889 (WinBuild.160101.0800)","Windows 10 Enterprise Evaluation","Windows 10 Enterprise Evaluation",windows,windows,"10.0",information,"Process Create:
RuleName: -
UtcTime: 2022-10-22 17:43:46.017
ProcessGuid: {461f0bd2-2bd2-6354-2a00-000000001e00}
ProcessId: 2176
Image: C:\Windows\System32\svchost.exe
FileVersion: 10.0.19041.1806 (WinBuild.160101.0800)
Description: Host Process for Windows Services
Product: Microsoft® Windows® Operating System
Company: Microsoft Corporation
OriginalFileName: svchost.exe
CommandLine: C:\Windows\System32\svchost.exe -k utcsvc -p
CurrentDirectory: C:\Windows\system32\
User: NT AUTHORITY\SYSTEM
LogonGuid: {461f0bd2-1c1d-6354-e703-000000000000}
LogonId: 0x3E7
TerminalSessionId: 0
IntegrityLevel: System
Hashes: MD5=B7F884C1B74A263F746EE12A5F7C9F6A,SHA256=ADD683A6910ABBBF0E28B557FAD0BA998166394932AE2ACA069D9AA19EA8FE88,IMPHASH=247B9220E5D9B720A82B2C8B5069AD69
ParentProcessGuid: {461f0bd2-1c1d-6354-0b00-000000001e00}
ParentProcessId: 660
ParentImage: C:\Windows\System32\services.exe
ParentCommandLine: C:\Windows\system32\services.exe
ParentUser: NT AUTHORITY\SYSTEM","-","-","-","-","-","-","-","-","-","-","-","-","C:\Windows\System32\svchost.exe, -k, utcsvc, -p",4,"C:\Windows\System32\svchost.exe -k utcsvc -p","C:\Windows\System32\svchost.exe -k utcsvc -p","{461f0bd2-2bd2-6354-2a00-000000001e00}","C:\Windows\System32\svchost.exe","C:\Windows\System32\svchost.exe",b7f884c1b74a263f746ee12a5f7c9f6a,add683a6910abbbf0e28b557fad0ba998166394932ae2aca069d9aa19ea8fe88,"svchost.exe","svchost.exe","C:\Windows\system32\services.exe",1,"C:\Windows\system32\services.exe","C:\Windows\system32\services.exe","{461f0bd2-1c1d-6354-0b00-000000001e00}","C:\Windows\System32\services.exe","C:\Windows\System32\services.exe","services.exe","services.exe",660,"Microsoft Corporation","Host Process for Windows Services","10.0.19041.1806 (WinBuild.160101.0800)",247b9220e5d9b720a82b2c8b5069ad69,"svchost.exe","Microsoft® Windows® Operating System",2176,"-","-","C:\Windows\system32\","C:\Windows\system32\","-","-","-","-","-","-","add683a6910abbbf0e28b557fad0ba998166394932ae2aca069d9aa19ea8fe88, b7f884c1b74a263f746ee12a5f7c9f6a, 247b9220e5d9b720a82b2c8b5069ad69","-","-",SYSTEM,"-","-","NT AUTHORITY","-","S-1-5-18",SYSTEM,SYSTEM,"-",wineventlog,"Microsoft-Windows-Sysmon/Operational",victim,"Microsoft Corporation","-","Host Process for Windows Services","-","10.0.19041.1806 (WinBuild.160101.0800)",System,"{461f0bd2-1c1d-6354-e703-000000000000}",0x3e7,"-","NT AUTHORITY\SYSTEM","-","Microsoft® Windows® Operating System","-","-","-","-","-","-","-","-",0,"-",1,"-","-",Info,"2,276","2,512","{5770385f-c22a-43e0-bf4c-06f5698ffbd9}","Microsoft-Windows-Sysmon",4687,"Process Create (rule: ProcessCreate)","NT AUTHORITY","S-1-5-18",SYSTEM,User,5
"Oct 23, 2022 @ 01:43:45.936",qkXQAIQBHC0TB3lJ8ZdV,".ds-winlogbeat-8.2.3-2022.10.22-000001","-","c2c04a29-9d47-4de5-86f6-5958b0d4222c",victim,"b15c43c7-63a1-423e-901b-f1acc6401711",victim,winlogbeat,"8.2.3","-","-","-","-","-","-","-","1.12.0","Process Create (rule: ProcessCreate)",process,1,"Oct 23, 2022 @ 01:50:07.758","Oct 23, 2022 @ 01:50:04.112",event,sysmon,"-","Microsoft-Windows-Sysmon","-",start,"-","-","-","-","-","x86_64",victim,"461f0bd2-c182-413a-8a41-2a8e4accb4a9","fe80::4959:93ba:69a6:522d, 10.0.2.15, fe80::91a8:3d9e:36ba:f548, 172.19.96.10","08:00:27:7c:f3:ae, 08:00:27:22:f7:3c",victim,"19044.1889",windows,"10.0.19041.1889 (WinBuild.160101.0800)","Windows 10 Enterprise Evaluation","Windows 10 Enterprise Evaluation",windows,windows,"10.0",information,"Process Create:
RuleName: -
UtcTime: 2022-10-22 17:43:45.936
ProcessGuid: {461f0bd2-2bd1-6354-2900-000000001e00}
ProcessId: 2112
Image: C:\Windows\System32\svchost.exe
FileVersion: 10.0.19041.1806 (WinBuild.160101.0800)
Description: Host Process for Windows Services
Product: Microsoft® Windows® Operating System
Company: Microsoft Corporation
OriginalFileName: svchost.exe
CommandLine: C:\Windows\system32\svchost.exe -k NetworkServiceNetworkRestricted -p
CurrentDirectory: C:\Windows\system32\
User: NT AUTHORITY\NETWORK SERVICE
LogonGuid: {461f0bd2-1c1e-6354-e403-000000000000}
LogonId: 0x3E4
TerminalSessionId: 0
IntegrityLevel: System
Hashes: MD5=B7F884C1B74A263F746EE12A5F7C9F6A,SHA256=ADD683A6910ABBBF0E28B557FAD0BA998166394932AE2ACA069D9AA19EA8FE88,IMPHASH=247B9220E5D9B720A82B2C8B5069AD69
ParentProcessGuid: {461f0bd2-1c1d-6354-0b00-000000001e00}
ParentProcessId: 660
ParentImage: C:\Windows\System32\services.exe
ParentCommandLine: C:\Windows\system32\services.exe
ParentUser: NT AUTHORITY\SYSTEM","-","-","-","-","-","-","-","-","-","-","-","-","C:\Windows\system32\svchost.exe, -k, NetworkServiceNetworkRestricted, -p",4,"C:\Windows\system32\svchost.exe -k NetworkServiceNetworkRestricted -p","C:\Windows\system32\svchost.exe -k NetworkServiceNetworkRestricted -p","{461f0bd2-2bd1-6354-2900-000000001e00}","C:\Windows\System32\svchost.exe","C:\Windows\System32\svchost.exe",b7f884c1b74a263f746ee12a5f7c9f6a,add683a6910abbbf0e28b557fad0ba998166394932ae2aca069d9aa19ea8fe88,"svchost.exe","svchost.exe","C:\Windows\system32\services.exe",1,"C:\Windows\system32\services.exe","C:\Windows\system32\services.exe","{461f0bd2-1c1d-6354-0b00-000000001e00}","C:\Windows\System32\services.exe","C:\Windows\System32\services.exe","services.exe","services.exe",660,"Microsoft Corporation","Host Process for Windows Services","10.0.19041.1806 (WinBuild.160101.0800)",247b9220e5d9b720a82b2c8b5069ad69,"svchost.exe","Microsoft® Windows® Operating System",2112,"-","-","C:\Windows\system32\","C:\Windows\system32\","-","-","-","-","-","-","add683a6910abbbf0e28b557fad0ba998166394932ae2aca069d9aa19ea8fe88, b7f884c1b74a263f746ee12a5f7c9f6a, 247b9220e5d9b720a82b2c8b5069ad69","-","-","NETWORK SERVICE","-","-","NT AUTHORITY","-","S-1-5-18","NETWORK SERVICE","NETWORK SERVICE","-",wineventlog,"Microsoft-Windows-Sysmon/Operational",victim,"Microsoft Corporation","-","Host Process for Windows Services","-","10.0.19041.1806 (WinBuild.160101.0800)",System,"{461f0bd2-1c1e-6354-e403-000000000000}",0x3e4,"-","NT AUTHORITY\SYSTEM","-","Microsoft® Windows® Operating System","-","-","-","-","-","-","-","-",0,"-",1,"-","-",Info,"2,276","2,512","{5770385f-c22a-43e0-bf4c-06f5698ffbd9}","Microsoft-Windows-Sysmon",4686,"Process Create (rule: ProcessCreate)","NT AUTHORITY","S-1-5-18",SYSTEM,User,5
"Oct 23, 2022 @ 01:43:45.568",qUXQAIQBHC0TB3lJ8ZdV,".ds-winlogbeat-8.2.3-2022.10.22-000001","-","c2c04a29-9d47-4de5-86f6-5958b0d4222c",victim,"b15c43c7-63a1-423e-901b-f1acc6401711",victim,winlogbeat,"8.2.3","-","-","-","-","-","-","-","1.12.0","Process Create (rule: ProcessCreate)",process,1,"Oct 23, 2022 @ 01:50:07.758","Oct 23, 2022 @ 01:50:04.112",event,sysmon,"-","Microsoft-Windows-Sysmon","-",start,"-","-","-","-","-","x86_64",victim,"461f0bd2-c182-413a-8a41-2a8e4accb4a9","fe80::4959:93ba:69a6:522d, 10.0.2.15, fe80::91a8:3d9e:36ba:f548, 172.19.96.10","08:00:27:7c:f3:ae, 08:00:27:22:f7:3c",victim,"19044.1889",windows,"10.0.19041.1889 (WinBuild.160101.0800)","Windows 10 Enterprise Evaluation","Windows 10 Enterprise Evaluation",windows,windows,"10.0",information,"Process Create:
RuleName: -
UtcTime: 2022-10-22 17:43:45.568
ProcessGuid: {461f0bd2-2bd1-6354-2700-000000001e00}
ProcessId: 1716
Image: C:\Windows\System32\svchost.exe
FileVersion: 10.0.19041.1806 (WinBuild.160101.0800)
Description: Host Process for Windows Services
Product: Microsoft® Windows® Operating System
Company: Microsoft Corporation
OriginalFileName: svchost.exe
CommandLine: C:\Windows\system32\svchost.exe -k LocalServiceNoNetworkFirewall -p
CurrentDirectory: C:\Windows\system32\
User: NT AUTHORITY\LOCAL SERVICE
LogonGuid: {461f0bd2-1c1e-6354-e503-000000000000}
LogonId: 0x3E5
TerminalSessionId: 0
IntegrityLevel: System
Hashes: MD5=B7F884C1B74A263F746EE12A5F7C9F6A,SHA256=ADD683A6910ABBBF0E28B557FAD0BA998166394932AE2ACA069D9AA19EA8FE88,IMPHASH=247B9220E5D9B720A82B2C8B5069AD69
ParentProcessGuid: {461f0bd2-1c1d-6354-0b00-000000001e00}
ParentProcessId: 660
ParentImage: C:\Windows\System32\services.exe
ParentCommandLine: C:\Windows\system32\services.exe
ParentUser: NT AUTHORITY\SYSTEM","-","-","-","-","-","-","-","-","-","-","-","-","C:\Windows\system32\svchost.exe, -k, LocalServiceNoNetworkFirewall, -p",4,"C:\Windows\system32\svchost.exe -k LocalServiceNoNetworkFirewall -p","C:\Windows\system32\svchost.exe -k LocalServiceNoNetworkFirewall -p","{461f0bd2-2bd1-6354-2700-000000001e00}","C:\Windows\System32\svchost.exe","C:\Windows\System32\svchost.exe",b7f884c1b74a263f746ee12a5f7c9f6a,add683a6910abbbf0e28b557fad0ba998166394932ae2aca069d9aa19ea8fe88,"svchost.exe","svchost.exe","C:\Windows\system32\services.exe",1,"C:\Windows\system32\services.exe","C:\Windows\system32\services.exe","{461f0bd2-1c1d-6354-0b00-000000001e00}","C:\Windows\System32\services.exe","C:\Windows\System32\services.exe","services.exe","services.exe",660,"Microsoft Corporation","Host Process for Windows Services","10.0.19041.1806 (WinBuild.160101.0800)",247b9220e5d9b720a82b2c8b5069ad69,"svchost.exe","Microsoft® Windows® Operating System",1716,"-","-","C:\Windows\system32\","C:\Windows\system32\","-","-","-","-","-","-","add683a6910abbbf0e28b557fad0ba998166394932ae2aca069d9aa19ea8fe88, b7f884c1b74a263f746ee12a5f7c9f6a, 247b9220e5d9b720a82b2c8b5069ad69","-","-","LOCAL SERVICE","-","-","NT AUTHORITY","-","S-1-5-18","LOCAL SERVICE","LOCAL SERVICE","-",wineventlog,"Microsoft-Windows-Sysmon/Operational",victim,"Microsoft Corporation","-","Host Process for Windows Services","-","10.0.19041.1806 (WinBuild.160101.0800)",System,"{461f0bd2-1c1e-6354-e503-000000000000}",0x3e5,"-","NT AUTHORITY\SYSTEM","-","Microsoft® Windows® Operating System","-","-","-","-","-","-","-","-",0,"-",1,"-","-",Info,"2,276","2,512","{5770385f-c22a-43e0-bf4c-06f5698ffbd9}","Microsoft-Windows-Sysmon",4685,"Process Create (rule: ProcessCreate)","NT AUTHORITY","S-1-5-18",SYSTEM,User,5
"Oct 23, 2022 @ 01:43:45.448",qEXQAIQBHC0TB3lJ8ZdV,".ds-winlogbeat-8.2.3-2022.10.22-000001","-","c2c04a29-9d47-4de5-86f6-5958b0d4222c",victim,"b15c43c7-63a1-423e-901b-f1acc6401711",victim,winlogbeat,"8.2.3","-","-","-","-","-","-","-","1.12.0","Process Create (rule: ProcessCreate)",process,1,"Oct 23, 2022 @ 01:50:07.758","Oct 23, 2022 @ 01:50:04.112",event,sysmon,"-","Microsoft-Windows-Sysmon","-",start,"-","-","-","-","-","x86_64",victim,"461f0bd2-c182-413a-8a41-2a8e4accb4a9","fe80::4959:93ba:69a6:522d, 10.0.2.15, fe80::91a8:3d9e:36ba:f548, 172.19.96.10","08:00:27:7c:f3:ae, 08:00:27:22:f7:3c",victim,"19044.1889",windows,"10.0.19041.1889 (WinBuild.160101.0800)","Windows 10 Enterprise Evaluation","Windows 10 Enterprise Evaluation",windows,windows,"10.0",information,"Process Create:
RuleName: -
UtcTime: 2022-10-22 17:43:45.448
ProcessGuid: {461f0bd2-2bd1-6354-2600-000000001e00}
ProcessId: 1288
Image: C:\Windows\System32\spoolsv.exe
FileVersion: 10.0.19041.1826 (WinBuild.160101.0800)
Description: Spooler SubSystem App
Product: Microsoft® Windows® Operating System
Company: Microsoft Corporation
OriginalFileName: spoolsv.exe
CommandLine: C:\Windows\System32\spoolsv.exe
CurrentDirectory: C:\Windows\system32\
User: NT AUTHORITY\SYSTEM
LogonGuid: {461f0bd2-1c1d-6354-e703-000000000000}
LogonId: 0x3E7
TerminalSessionId: 0
IntegrityLevel: System
Hashes: MD5=998BE400D876EB5B2EC7144DA0CD4ED1,SHA256=35AB8BCE8347DE112DF5494E9BE07F0D06D22313B86D126B41E30762D5145DDE,IMPHASH=A73ACEC9E3E3E98034374977A7639495
ParentProcessGuid: {461f0bd2-1c1d-6354-0b00-000000001e00}
ParentProcessId: 660
ParentImage: C:\Windows\System32\services.exe
ParentCommandLine: C:\Windows\system32\services.exe
ParentUser: NT AUTHORITY\SYSTEM","-","-","-","-","-","-","-","-","-","-","-","-","C:\Windows\System32\spoolsv.exe",1,"C:\Windows\System32\spoolsv.exe","C:\Windows\System32\spoolsv.exe","{461f0bd2-2bd1-6354-2600-000000001e00}","C:\Windows\System32\spoolsv.exe","C:\Windows\System32\spoolsv.exe",998be400d876eb5b2ec7144da0cd4ed1,35ab8bce8347de112df5494e9be07f0d06d22313b86d126b41e30762d5145dde,"spoolsv.exe","spoolsv.exe","C:\Windows\system32\services.exe",1,"C:\Windows\system32\services.exe","C:\Windows\system32\services.exe","{461f0bd2-1c1d-6354-0b00-000000001e00}","C:\Windows\System32\services.exe","C:\Windows\System32\services.exe","services.exe","services.exe",660,"Microsoft Corporation","Spooler SubSystem App","10.0.19041.1826 (WinBuild.160101.0800)",a73acec9e3e3e98034374977a7639495,"spoolsv.exe","Microsoft® Windows® Operating System",1288,"-","-","C:\Windows\system32\","C:\Windows\system32\","-","-","-","-","-","-","35ab8bce8347de112df5494e9be07f0d06d22313b86d126b41e30762d5145dde, 998be400d876eb5b2ec7144da0cd4ed1, a73acec9e3e3e98034374977a7639495","-","-",SYSTEM,"-","-","NT AUTHORITY","-","S-1-5-18",SYSTEM,SYSTEM,"-",wineventlog,"Microsoft-Windows-Sysmon/Operational",victim,"Microsoft Corporation","-","Spooler SubSystem App","-","10.0.19041.1826 (WinBuild.160101.0800)",System,"{461f0bd2-1c1d-6354-e703-000000000000}",0x3e7,"-","NT AUTHORITY\SYSTEM","-","Microsoft® Windows® Operating System","-","-","-","-","-","-","-","-",0,"-",1,"-","-",Info,"2,276","2,512","{5770385f-c22a-43e0-bf4c-06f5698ffbd9}","Microsoft-Windows-Sysmon",4684,"Process Create (rule: ProcessCreate)","NT AUTHORITY","S-1-5-18",SYSTEM,User,5
"Oct 23, 2022 @ 01:43:45.264",p0XQAIQBHC0TB3lJ8ZdV,".ds-winlogbeat-8.2.3-2022.10.22-000001","-","c2c04a29-9d47-4de5-86f6-5958b0d4222c",victim,"b15c43c7-63a1-423e-901b-f1acc6401711",victim,winlogbeat,"8.2.3","-","-","-","-","-","-","-","1.12.0","Process Create (rule: ProcessCreate)",process,1,"Oct 23, 2022 @ 01:50:07.758","Oct 23, 2022 @ 01:50:04.111",event,sysmon,"-","Microsoft-Windows-Sysmon","-",start,"-","-","-","-","-","x86_64",victim,"461f0bd2-c182-413a-8a41-2a8e4accb4a9","fe80::4959:93ba:69a6:522d, 10.0.2.15, fe80::91a8:3d9e:36ba:f548, 172.19.96.10","08:00:27:7c:f3:ae, 08:00:27:22:f7:3c",victim,"19044.1889",windows,"10.0.19041.1889 (WinBuild.160101.0800)","Windows 10 Enterprise Evaluation","Windows 10 Enterprise Evaluation",windows,windows,"10.0",information,"Process Create:
RuleName: -
UtcTime: 2022-10-22 17:43:45.264
ProcessGuid: {461f0bd2-2bd1-6354-2500-000000001e00}
ProcessId: 1980
Image: C:\Windows\System32\dxgiadaptercache.exe
FileVersion: 10.0.19041.1741 (WinBuild.160101.0800)
Description: DXGI Adapter Cache
Product: Microsoft® Windows® Operating System
Company: Microsoft Corporation
OriginalFileName: DXGIAdapterCache.exe
CommandLine: C:\Windows\system32\dxgiadaptercache.exe
CurrentDirectory: C:\Windows\system32\
User: NT AUTHORITY\SYSTEM
LogonGuid: {461f0bd2-1c1d-6354-e703-000000000000}
LogonId: 0x3E7
TerminalSessionId: 0
IntegrityLevel: System
Hashes: MD5=9E0D2CDEB2C4716C83A6EE6FA738EC18,SHA256=AB0650455EC56043DD4D749BFA70A3C4F800B66159A8C752EC89B348380E306A,IMPHASH=FFB8C8134BBB1572B7BDBEA1214AE140
ParentProcessGuid: {461f0bd2-1c1e-6354-1300-000000001e00}
ParentProcessId: 512
ParentImage: C:\Windows\System32\svchost.exe
ParentCommandLine: C:\Windows\system32\svchost.exe -k netsvcs -p
ParentUser: NT AUTHORITY\SYSTEM","-","-","-","-","-","-","-","-","-","-","-","-","C:\Windows\system32\dxgiadaptercache.exe",1,"C:\Windows\system32\dxgiadaptercache.exe","C:\Windows\system32\dxgiadaptercache.exe","{461f0bd2-2bd1-6354-2500-000000001e00}","C:\Windows\System32\dxgiadaptercache.exe","C:\Windows\System32\dxgiadaptercache.exe",9e0d2cdeb2c4716c83a6ee6fa738ec18,ab0650455ec56043dd4d749bfa70a3c4f800b66159a8c752ec89b348380e306a,"dxgiadaptercache.exe","dxgiadaptercache.exe","C:\Windows\system32\svchost.exe, -k, netsvcs, -p",4,"C:\Windows\system32\svchost.exe -k netsvcs -p","C:\Windows\system32\svchost.exe -k netsvcs -p","{461f0bd2-1c1e-6354-1300-000000001e00}","C:\Windows\System32\svchost.exe","C:\Windows\System32\svchost.exe","svchost.exe","svchost.exe",512,"Microsoft Corporation","DXGI Adapter Cache","10.0.19041.1741 (WinBuild.160101.0800)",ffb8c8134bbb1572b7bdbea1214ae140,"DXGIAdapterCache.exe","Microsoft® Windows® Operating System",1980,"-","-","C:\Windows\system32\","C:\Windows\system32\","-","-","-","-","-","-","ab0650455ec56043dd4d749bfa70a3c4f800b66159a8c752ec89b348380e306a, 9e0d2cdeb2c4716c83a6ee6fa738ec18, ffb8c8134bbb1572b7bdbea1214ae140","-","-",SYSTEM,"-","-","NT AUTHORITY","-","S-1-5-18",SYSTEM,SYSTEM,"-",wineventlog,"Microsoft-Windows-Sysmon/Operational",victim,"Microsoft Corporation","-","DXGI Adapter Cache","-","10.0.19041.1741 (WinBuild.160101.0800)",System,"{461f0bd2-1c1d-6354-e703-000000000000}",0x3e7,"-","NT AUTHORITY\SYSTEM","-","Microsoft® Windows® Operating System","-","-","-","-","-","-","-","-",0,"-",1,"-","-",Info,"2,276","2,512","{5770385f-c22a-43e0-bf4c-06f5698ffbd9}","Microsoft-Windows-Sysmon",4683,"Process Create (rule: ProcessCreate)","NT AUTHORITY","S-1-5-18",SYSTEM,User,5
"Oct 23, 2022 @ 01:43:45.228",pkXQAIQBHC0TB3lJ8ZdV,".ds-winlogbeat-8.2.3-2022.10.22-000001","-","c2c04a29-9d47-4de5-86f6-5958b0d4222c",victim,"b15c43c7-63a1-423e-901b-f1acc6401711",victim,winlogbeat,"8.2.3","-","-","-","-","-","-","-","1.12.0","Process Create (rule: ProcessCreate)",process,1,"Oct 23, 2022 @ 01:50:07.758","Oct 23, 2022 @ 01:50:04.111",event,sysmon,"-","Microsoft-Windows-Sysmon","-",start,"-","-","-","-","-","x86_64",victim,"461f0bd2-c182-413a-8a41-2a8e4accb4a9","fe80::4959:93ba:69a6:522d, 10.0.2.15, fe80::91a8:3d9e:36ba:f548, 172.19.96.10","08:00:27:7c:f3:ae, 08:00:27:22:f7:3c",victim,"19044.1889",windows,"10.0.19041.1889 (WinBuild.160101.0800)","Windows 10 Enterprise Evaluation","Windows 10 Enterprise Evaluation",windows,windows,"10.0",information,"Process Create:
RuleName: -
UtcTime: 2022-10-22 17:43:45.228
ProcessGuid: {461f0bd2-2bd1-6354-2400-000000001e00}
ProcessId: 1940
Image: C:\Windows\System32\svchost.exe
FileVersion: 10.0.19041.1806 (WinBuild.160101.0800)
Description: Host Process for Windows Services
Product: Microsoft® Windows® Operating System
Company: Microsoft Corporation
OriginalFileName: svchost.exe
CommandLine: C:\Windows\system32\svchost.exe -k LocalServiceNetworkRestricted -p
CurrentDirectory: C:\Windows\system32\
User: NT AUTHORITY\LOCAL SERVICE
LogonGuid: {461f0bd2-1c1e-6354-e503-000000000000}
LogonId: 0x3E5
TerminalSessionId: 0
IntegrityLevel: System
Hashes: MD5=B7F884C1B74A263F746EE12A5F7C9F6A,SHA256=ADD683A6910ABBBF0E28B557FAD0BA998166394932AE2ACA069D9AA19EA8FE88,IMPHASH=247B9220E5D9B720A82B2C8B5069AD69
ParentProcessGuid: {461f0bd2-1c1d-6354-0b00-000000001e00}
ParentProcessId: 660
ParentImage: C:\Windows\System32\services.exe
ParentCommandLine: C:\Windows\system32\services.exe
ParentUser: NT AUTHORITY\SYSTEM","-","-","-","-","-","-","-","-","-","-","-","-","C:\Windows\system32\svchost.exe, -k, LocalServiceNetworkRestricted, -p",4,"C:\Windows\system32\svchost.exe -k LocalServiceNetworkRestricted -p","C:\Windows\system32\svchost.exe -k LocalServiceNetworkRestricted -p","{461f0bd2-2bd1-6354-2400-000000001e00}","C:\Windows\System32\svchost.exe","C:\Windows\System32\svchost.exe",b7f884c1b74a263f746ee12a5f7c9f6a,add683a6910abbbf0e28b557fad0ba998166394932ae2aca069d9aa19ea8fe88,"svchost.exe","svchost.exe","C:\Windows\system32\services.exe",1,"C:\Windows\system32\services.exe","C:\Windows\system32\services.exe","{461f0bd2-1c1d-6354-0b00-000000001e00}","C:\Windows\System32\services.exe","C:\Windows\System32\services.exe","services.exe","services.exe",660,"Microsoft Corporation","Host Process for Windows Services","10.0.19041.1806 (WinBuild.160101.0800)",247b9220e5d9b720a82b2c8b5069ad69,"svchost.exe","Microsoft® Windows® Operating System",1940,"-","-","C:\Windows\system32\","C:\Windows\system32\","-","-","-","-","-","-","add683a6910abbbf0e28b557fad0ba998166394932ae2aca069d9aa19ea8fe88, b7f884c1b74a263f746ee12a5f7c9f6a, 247b9220e5d9b720a82b2c8b5069ad69","-","-","LOCAL SERVICE","-","-","NT AUTHORITY","-","S-1-5-18","LOCAL SERVICE","LOCAL SERVICE","-",wineventlog,"Microsoft-Windows-Sysmon/Operational",victim,"Microsoft Corporation","-","Host Process for Windows Services","-","10.0.19041.1806 (WinBuild.160101.0800)",System,"{461f0bd2-1c1e-6354-e503-000000000000}",0x3e5,"-","NT AUTHORITY\SYSTEM","-","Microsoft® Windows® Operating System","-","-","-","-","-","-","-","-",0,"-",1,"-","-",Info,"2,276","2,512","{5770385f-c22a-43e0-bf4c-06f5698ffbd9}","Microsoft-Windows-Sysmon",4682,"Process Create (rule: ProcessCreate)","NT AUTHORITY","S-1-5-18",SYSTEM,User,5
"Oct 23, 2022 @ 01:43:45.226",pUXQAIQBHC0TB3lJ8ZdV,".ds-winlogbeat-8.2.3-2022.10.22-000001","-","c2c04a29-9d47-4de5-86f6-5958b0d4222c",victim,"b15c43c7-63a1-423e-901b-f1acc6401711",victim,winlogbeat,"8.2.3","-","-","-","-","-","-","-","1.12.0","Process Create (rule: ProcessCreate)",process,1,"Oct 23, 2022 @ 01:50:07.758","Oct 23, 2022 @ 01:50:04.111",event,sysmon,"-","Microsoft-Windows-Sysmon","-",start,"-","-","-","-","-","x86_64",victim,"461f0bd2-c182-413a-8a41-2a8e4accb4a9","fe80::4959:93ba:69a6:522d, 10.0.2.15, fe80::91a8:3d9e:36ba:f548, 172.19.96.10","08:00:27:7c:f3:ae, 08:00:27:22:f7:3c",victim,"19044.1889",windows,"10.0.19041.1889 (WinBuild.160101.0800)","Windows 10 Enterprise Evaluation","Windows 10 Enterprise Evaluation",windows,windows,"10.0",information,"Process Create:
RuleName: -
UtcTime: 2022-10-22 17:43:45.226
ProcessGuid: {461f0bd2-2bd1-6354-2300-000000001e00}
ProcessId: 1932
Image: C:\Windows\System32\svchost.exe
FileVersion: 10.0.19041.1806 (WinBuild.160101.0800)
Description: Host Process for Windows Services
Product: Microsoft® Windows® Operating System
Company: Microsoft Corporation
OriginalFileName: svchost.exe
CommandLine: C:\Windows\System32\svchost.exe -k LocalServiceNetworkRestricted -p
CurrentDirectory: C:\Windows\system32\
User: NT AUTHORITY\LOCAL SERVICE
LogonGuid: {461f0bd2-1c1e-6354-e503-000000000000}
LogonId: 0x3E5
TerminalSessionId: 0
IntegrityLevel: System
Hashes: MD5=B7F884C1B74A263F746EE12A5F7C9F6A,SHA256=ADD683A6910ABBBF0E28B557FAD0BA998166394932AE2ACA069D9AA19EA8FE88,IMPHASH=247B9220E5D9B720A82B2C8B5069AD69
ParentProcessGuid: {461f0bd2-1c1d-6354-0b00-000000001e00}
ParentProcessId: 660
ParentImage: C:\Windows\System32\services.exe
ParentCommandLine: C:\Windows\system32\services.exe
ParentUser: NT AUTHORITY\SYSTEM","-","-","-","-","-","-","-","-","-","-","-","-","C:\Windows\System32\svchost.exe, -k, LocalServiceNetworkRestricted, -p",4,"C:\Windows\System32\svchost.exe -k LocalServiceNetworkRestricted -p","C:\Windows\System32\svchost.exe -k LocalServiceNetworkRestricted -p","{461f0bd2-2bd1-6354-2300-000000001e00}","C:\Windows\System32\svchost.exe","C:\Windows\System32\svchost.exe",b7f884c1b74a263f746ee12a5f7c9f6a,add683a6910abbbf0e28b557fad0ba998166394932ae2aca069d9aa19ea8fe88,"svchost.exe","svchost.exe","C:\Windows\system32\services.exe",1,"C:\Windows\system32\services.exe","C:\Windows\system32\services.exe","{461f0bd2-1c1d-6354-0b00-000000001e00}","C:\Windows\System32\services.exe","C:\Windows\System32\services.exe","services.exe","services.exe",660,"Microsoft Corporation","Host Process for Windows Services","10.0.19041.1806 (WinBuild.160101.0800)",247b9220e5d9b720a82b2c8b5069ad69,"svchost.exe","Microsoft® Windows® Operating System",1932,"-","-","C:\Windows\system32\","C:\Windows\system32\","-","-","-","-","-","-","add683a6910abbbf0e28b557fad0ba998166394932ae2aca069d9aa19ea8fe88, b7f884c1b74a263f746ee12a5f7c9f6a, 247b9220e5d9b720a82b2c8b5069ad69","-","-","LOCAL SERVICE","-","-","NT AUTHORITY","-","S-1-5-18","LOCAL SERVICE","LOCAL SERVICE","-",wineventlog,"Microsoft-Windows-Sysmon/Operational",victim,"Microsoft Corporation","-","Host Process for Windows Services","-","10.0.19041.1806 (WinBuild.160101.0800)",System,"{461f0bd2-1c1e-6354-e503-000000000000}",0x3e5,"-","NT AUTHORITY\SYSTEM","-","Microsoft® Windows® Operating System","-","-","-","-","-","-","-","-",0,"-",1,"-","-",Info,"2,276","2,512","{5770385f-c22a-43e0-bf4c-06f5698ffbd9}","Microsoft-Windows-Sysmon",4681,"Process Create (rule: ProcessCreate)","NT AUTHORITY","S-1-5-18",SYSTEM,User,5
"Oct 23, 2022 @ 01:43:45.054",o0XQAIQBHC0TB3lJ8ZdV,".ds-winlogbeat-8.2.3-2022.10.22-000001","-","c2c04a29-9d47-4de5-86f6-5958b0d4222c",victim,"b15c43c7-63a1-423e-901b-f1acc6401711",victim,winlogbeat,"8.2.3","-","-","-","-","-","-","-","1.12.0","Process Create (rule: ProcessCreate)",process,1,"Oct 23, 2022 @ 01:50:07.758","Oct 23, 2022 @ 01:50:04.110",event,sysmon,"-","Microsoft-Windows-Sysmon","-",start,"-","-","-","-","-","x86_64",victim,"461f0bd2-c182-413a-8a41-2a8e4accb4a9","fe80::4959:93ba:69a6:522d, 10.0.2.15, fe80::91a8:3d9e:36ba:f548, 172.19.96.10","08:00:27:7c:f3:ae, 08:00:27:22:f7:3c",victim,"19044.1889",windows,"10.0.19041.1889 (WinBuild.160101.0800)","Windows 10 Enterprise Evaluation","Windows 10 Enterprise Evaluation",windows,windows,"10.0",information,"Process Create:
RuleName: -
UtcTime: 2022-10-22 17:43:45.054
ProcessGuid: {461f0bd2-2bd1-6354-2200-000000001e00}
ProcessId: 1828
Image: C:\Windows\System32\svchost.exe
FileVersion: 10.0.19041.1806 (WinBuild.160101.0800)
Description: Host Process for Windows Services
Product: Microsoft® Windows® Operating System
Company: Microsoft Corporation
OriginalFileName: svchost.exe
CommandLine: C:\Windows\System32\svchost.exe -k LocalServiceNetworkRestricted -p
CurrentDirectory: C:\Windows\system32\
User: NT AUTHORITY\LOCAL SERVICE
LogonGuid: {461f0bd2-1c1e-6354-e503-000000000000}
LogonId: 0x3E5
TerminalSessionId: 0
IntegrityLevel: System
Hashes: MD5=B7F884C1B74A263F746EE12A5F7C9F6A,SHA256=ADD683A6910ABBBF0E28B557FAD0BA998166394932AE2ACA069D9AA19EA8FE88,IMPHASH=247B9220E5D9B720A82B2C8B5069AD69
ParentProcessGuid: {461f0bd2-1c1d-6354-0b00-000000001e00}
ParentProcessId: 660
ParentImage: C:\Windows\System32\services.exe
ParentCommandLine: C:\Windows\system32\services.exe
ParentUser: NT AUTHORITY\SYSTEM","-","-","-","-","-","-","-","-","-","-","-","-","C:\Windows\System32\svchost.exe, -k, LocalServiceNetworkRestricted, -p",4,"C:\Windows\System32\svchost.exe -k LocalServiceNetworkRestricted -p","C:\Windows\System32\svchost.exe -k LocalServiceNetworkRestricted -p","{461f0bd2-2bd1-6354-2200-000000001e00}","C:\Windows\System32\svchost.exe","C:\Windows\System32\svchost.exe",b7f884c1b74a263f746ee12a5f7c9f6a,add683a6910abbbf0e28b557fad0ba998166394932ae2aca069d9aa19ea8fe88,"svchost.exe","svchost.exe","C:\Windows\system32\services.exe",1,"C:\Windows\system32\services.exe","C:\Windows\system32\services.exe","{461f0bd2-1c1d-6354-0b00-000000001e00}","C:\Windows\System32\services.exe","C:\Windows\System32\services.exe","services.exe","services.exe",660,"Microsoft Corporation","Host Process for Windows Services","10.0.19041.1806 (WinBuild.160101.0800)",247b9220e5d9b720a82b2c8b5069ad69,"svchost.exe","Microsoft® Windows® Operating System",1828,"-","-","C:\Windows\system32\","C:\Windows\system32\","-","-","-","-","-","-","add683a6910abbbf0e28b557fad0ba998166394932ae2aca069d9aa19ea8fe88, b7f884c1b74a263f746ee12a5f7c9f6a, 247b9220e5d9b720a82b2c8b5069ad69","-","-","LOCAL SERVICE","-","-","NT AUTHORITY","-","S-1-5-18","LOCAL SERVICE","LOCAL SERVICE","-",wineventlog,"Microsoft-Windows-Sysmon/Operational",victim,"Microsoft Corporation","-","Host Process for Windows Services","-","10.0.19041.1806 (WinBuild.160101.0800)",System,"{461f0bd2-1c1e-6354-e503-000000000000}",0x3e5,"-","NT AUTHORITY\SYSTEM","-","Microsoft® Windows® Operating System","-","-","-","-","-","-","-","-",0,"-",1,"-","-",Info,"2,276","2,512","{5770385f-c22a-43e0-bf4c-06f5698ffbd9}","Microsoft-Windows-Sysmon",4679,"Process Create (rule: ProcessCreate)","NT AUTHORITY","S-1-5-18",SYSTEM,User,5
"Oct 23, 2022 @ 01:42:17.322",WEXJAIQBHC0TB3lJ8JdA,".ds-winlogbeat-8.2.3-2022.10.22-000001","-","22391c00-748c-4308-b3a3-5a7add9445bd",victim,"b15c43c7-63a1-423e-901b-f1acc6401711",victim,winlogbeat,"8.2.3","185.199.111.133, 185.199.108.133, 185.199.109.133, 185.199.110.133","A, A, A, A","raw.githubusercontent.com","raw.githubusercontent.com","-","githubusercontent.com","185.199.111.133, 185.199.108.133, 185.199.109.133, 185.199.110.133","1.12.0","Dns query (rule: DnsQuery)",network,22,"Oct 23, 2022 @ 01:41:19.258","Oct 23, 2022 @ 01:42:25.086",event,sysmon,"-","Microsoft-Windows-Sysmon","-","connection, protocol, info","-","-","-","-","-","x86_64",victim,"461f0bd2-c182-413a-8a41-2a8e4accb4a9","fe80::4959:93ba:69a6:522d, 10.0.2.15, fe80::91a8:3d9e:36ba:f548, 172.19.96.10","08:00:27:7c:f3:ae, 08:00:27:22:f7:3c",victim,"19044.1889",windows,"10.0.19041.1889 (WinBuild.160101.0800)","Windows 10 Enterprise Evaluation","Windows 10 Enterprise Evaluation",windows,windows,"10.0",information,"Dns query:
RuleName: -
UtcTime: 2022-10-22 17:42:17.322
ProcessGuid: {461f0bd2-0668-6354-1300-000000001d00}
ProcessId: 664
QueryName: raw.githubusercontent.com
QueryStatus: 0
QueryResults: ::ffff:185.199.111.133;::ffff:185.199.108.133;::ffff:185.199.109.133;::ffff:185.199.110.133;
Image: C:\Windows\System32\svchost.exe
User: NT AUTHORITY\SYSTEM",dns,"-","-","-","-","-","-","-","-","-","-","-","-","-","-","-","{461f0bd2-0668-6354-1300-000000001d00}","C:\Windows\System32\svchost.exe","C:\Windows\System32\svchost.exe","-","-","svchost.exe","svchost.exe","-","-","-","-","-","-","-","-","-","-","-","-","-","-","-","-",664,"-","-","-","-","-","-","-","-","-","-","-","raw.githubusercontent.com","185.199.111.133, 185.199.108.133, 185.199.109.133, 185.199.110.133",SYSTEM,"-",SUCCESS,"NT AUTHORITY","-","S-1-5-18",SYSTEM,SYSTEM,"-",wineventlog,"Microsoft-Windows-Sysmon/Operational",victim,"-","-","-","-","-","-","-","-","-","-","-","-","-","-","-","-","-","-","-","-","-","-",22,"-","-",Info,"2,316","2,492","{5770385f-c22a-43e0-bf4c-06f5698ffbd9}","Microsoft-Windows-Sysmon",4644,"Dns query (rule: DnsQuery)","NT AUTHORITY","S-1-5-18",SYSTEM,User,5
"Oct 23, 2022 @ 01:41:17.802",WUXJAIQBHC0TB3lJ8JdA,".ds-winlogbeat-8.2.3-2022.10.22-000001","-","22391c00-748c-4308-b3a3-5a7add9445bd",victim,"b15c43c7-63a1-423e-901b-f1acc6401711",victim,winlogbeat,"8.2.3","-","-","-","-","-","-","-","1.12.0","Process terminated (rule: ProcessTerminate)",process,5,"Oct 23, 2022 @ 01:41:19.292","Oct 23, 2022 @ 01:42:25.087",event,sysmon,"-","Microsoft-Windows-Sysmon","-",end,"-","-","-","-","-","x86_64",victim,"461f0bd2-c182-413a-8a41-2a8e4accb4a9","fe80::4959:93ba:69a6:522d, 10.0.2.15, fe80::91a8:3d9e:36ba:f548, 172.19.96.10","08:00:27:7c:f3:ae, 08:00:27:22:f7:3c",victim,"19044.1889",windows,"10.0.19041.1889 (WinBuild.160101.0800)","Windows 10 Enterprise Evaluation","Windows 10 Enterprise Evaluation",windows,windows,"10.0",information,"Process terminated:
RuleName: -
UtcTime: 2022-10-22 17:41:17.802
ProcessGuid: {461f0bd2-16d5-6354-c101-000000001d00}
ProcessId: 7876
Image: C:\Users\AdministratorDB\AppData\Local\Microsoft\OneDrive\OneDrive.exe
User: VICTIM\AdministratorDB","-","-","-","-","-","-","-","-","-","-","-","-","-","-","-","-","{461f0bd2-16d5-6354-c101-000000001d00}","C:\Users\AdministratorDB\AppData\Local\Microsoft\OneDrive\OneDrive.exe","C:\Users\AdministratorDB\AppData\Local\Microsoft\OneDrive\OneDrive.exe","-","-","OneDrive.exe","OneDrive.exe","-","-","-","-","-","-","-","-","-","-","-","-","-","-","-","-",7876,"-","-","-","-","-","-","-","-","-","-","-","-","-",AdministratorDB,"-","-",VICTIM,"-","S-1-5-18",AdministratorDB,AdministratorDB,"-",wineventlog,"Microsoft-Windows-Sysmon/Operational",victim,"-","-","-","-","-","-","-","-","-","-","-","-","-","-","-","-","-","-","-","-","-","-",5,"-","-",Info,"2,316","4,084","{5770385f-c22a-43e0-bf4c-06f5698ffbd9}","Microsoft-Windows-Sysmon",4645,"Process terminated (rule: ProcessTerminate)","NT AUTHORITY","S-1-5-18",SYSTEM,User,3
"Oct 23, 2022 @ 01:41:16.993",V0XJAIQBHC0TB3lJ8JdA,".ds-winlogbeat-8.2.3-2022.10.22-000001","-","22391c00-748c-4308-b3a3-5a7add9445bd",victim,"b15c43c7-63a1-423e-901b-f1acc6401711",victim,winlogbeat,"8.2.3","-","-","-","-","-","-","-","1.12.0","Process Create (rule: ProcessCreate)",process,1,"Oct 23, 2022 @ 01:41:19.258","Oct 23, 2022 @ 01:42:25.086",event,sysmon,"-","Microsoft-Windows-Sysmon","-",start,"-","-","-","-","-","x86_64",victim,"461f0bd2-c182-413a-8a41-2a8e4accb4a9","fe80::4959:93ba:69a6:522d, 10.0.2.15, fe80::91a8:3d9e:36ba:f548, 172.19.96.10","08:00:27:7c:f3:ae, 08:00:27:22:f7:3c",victim,"19044.1889",windows,"10.0.19041.1889 (WinBuild.160101.0800)","Windows 10 Enterprise Evaluation","Windows 10 Enterprise Evaluation",windows,windows,"10.0",information,"Process Create:
RuleName: -
UtcTime: 2022-10-22 17:41:16.993
ProcessGuid: {461f0bd2-2b3c-6354-f302-000000001d00}
ProcessId: 4184
Image: C:\Windows\System32\LogonUI.exe
FileVersion: 10.0.19041.1 (WinBuild.160101.0800)
Description: Windows Logon User Interface Host
Product: Microsoft® Windows® Operating System
Company: Microsoft Corporation
OriginalFileName: logonui.exe
CommandLine: ""LogonUI.exe"" /flags:0x4 /state0:0xa3224055 /state1:0x41c64e6d
CurrentDirectory: C:\Windows\system32\
User: NT AUTHORITY\SYSTEM
LogonGuid: {461f0bd2-0667-6354-e703-000000000000}
LogonId: 0x3E7
TerminalSessionId: 1
IntegrityLevel: System
Hashes: MD5=893144FE49AA16124B5BD3034E79BBC6,SHA256=CF01E46C146699F6C0E3DD447043F59BC9438DBBCB9563AF6C60EBC6D82727F2,IMPHASH=B9B0B64B08B38276711093CA94348D39
ParentProcessGuid: {00000000-0000-0000-0000-000000000000}
ParentProcessId: 600
ParentImage: -
ParentCommandLine: -
ParentUser: -","-","-","-","-","-","-","-","-","-","-","-","-","LogonUI.exe, /flags:0x4, /state0:0xa3224055, /state1:0x41c64e6d",4,"""LogonUI.exe"" /flags:0x4 /state0:0xa3224055 /state1:0x41c64e6d","""LogonUI.exe"" /flags:0x4 /state0:0xa3224055 /state1:0x41c64e6d","{461f0bd2-2b3c-6354-f302-000000001d00}","C:\Windows\System32\LogonUI.exe","C:\Windows\System32\LogonUI.exe",893144fe49aa16124b5bd3034e79bbc6,cf01e46c146699f6c0e3dd447043f59bc9438dbbcb9563af6c60ebc6d82727f2,"LogonUI.exe","LogonUI.exe","-",1,"-","-","{00000000-0000-0000-0000-000000000000}","-","-","-","-",600,"Microsoft Corporation","Windows Logon User Interface Host","10.0.19041.1 (WinBuild.160101.0800)",b9b0b64b08b38276711093ca94348d39,"logonui.exe","Microsoft® Windows® Operating System",4184,"-","-","C:\Windows\system32\","C:\Windows\system32\","-","-","-","-","-","-","cf01e46c146699f6c0e3dd447043f59bc9438dbbcb9563af6c60ebc6d82727f2, 893144fe49aa16124b5bd3034e79bbc6, b9b0b64b08b38276711093ca94348d39","-","-",SYSTEM,"-","-","NT AUTHORITY","-","S-1-5-18",SYSTEM,SYSTEM,"-",wineventlog,"Microsoft-Windows-Sysmon/Operational",victim,"Microsoft Corporation","-","Windows Logon User Interface Host","-","10.0.19041.1 (WinBuild.160101.0800)",System,"{461f0bd2-0667-6354-e703-000000000000}",0x3e7,"-","-","-","Microsoft® Windows® Operating System","-","-","-","-","-","-","-","-",1,"-",1,"-","-",Info,"2,316","4,084","{5770385f-c22a-43e0-bf4c-06f5698ffbd9}","Microsoft-Windows-Sysmon",4643,"Process Create (rule: ProcessCreate)","NT AUTHORITY","S-1-5-18",SYSTEM,User,5
"Oct 23, 2022 @ 01:41:15.917",VkXJAIQBHC0TB3lJ65cn,".ds-winlogbeat-8.2.3-2022.10.22-000001","-","22391c00-748c-4308-b3a3-5a7add9445bd",victim,"b15c43c7-63a1-423e-901b-f1acc6401711",victim,winlogbeat,"8.2.3","-","-","-","-","-","-","-","1.12.0","Process terminated (rule: ProcessTerminate)",process,5,"Oct 23, 2022 @ 01:41:17.853","Oct 23, 2022 @ 01:42:23.783",event,sysmon,"-","Microsoft-Windows-Sysmon","-",end,"-","-","-","-","-","x86_64",victim,"461f0bd2-c182-413a-8a41-2a8e4accb4a9","fe80::4959:93ba:69a6:522d, 10.0.2.15, fe80::91a8:3d9e:36ba:f548, 172.19.96.10","08:00:27:7c:f3:ae, 08:00:27:22:f7:3c",victim,"19044.1889",windows,"10.0.19041.1889 (WinBuild.160101.0800)","Windows 10 Enterprise Evaluation","Windows 10 Enterprise Evaluation",windows,windows,"10.0",information,"Process terminated:
RuleName: -
UtcTime: 2022-10-22 17:41:15.917
ProcessGuid: {461f0bd2-2b2c-6354-e502-000000001d00}
ProcessId: 4324
Image: C:\Users\Patricia Goh\Downloads\SATA-update-14.1.0.exe
User: VICTIM\Patricia Goh","-","-","-","-","-","-","-","-","-","-","-","-","-","-","-","-","{461f0bd2-2b2c-6354-e502-000000001d00}","C:\Users\Patricia Goh\Downloads\SATA-update-14.1.0.exe","C:\Users\Patricia Goh\Downloads\SATA-update-14.1.0.exe","-","-","SATA-update-14.1.0.exe","SATA-update-14.1.0.exe","-","-","-","-","-","-","-","-","-","-","-","-","-","-","-","-",4324,"-","-","-","-","-","-","-","-","-","-","-","-","-","Patricia Goh","-","-",VICTIM,"-","S-1-5-18","Patricia Goh","Patricia Goh","-",wineventlog,"Microsoft-Windows-Sysmon/Operational",victim,"-","-","-","-","-","-","-","-","-","-","-","-","-","-","-","-","-","-","-","-","-","-",5,"-","-",Info,"2,316","4,084","{5770385f-c22a-43e0-bf4c-06f5698ffbd9}","Microsoft-Windows-Sysmon",4642,"Process terminated (rule: ProcessTerminate)","NT AUTHORITY","S-1-5-18",SYSTEM,User,3
