"Oct 23, 2022 @ 02:34:53.991",1EX6AIQBHC0TB3lJfadU,.ds-winlogbeat-8.2.3-2022.10.22-000001,-,328b516e-a0ac-4310-8b30-40bfab86de53,admin,6f94e196-447e-4d41-8eea-e6c40bba83e4,admin,winlogbeat,8.2.3,-,-,-,-,1.12.0,Process Create (rule: ProcessCreate),process,1,"Oct 23, 2022 @ 02:34:55.017","Oct 23, 2022 @ 02:35:26.931",event,sysmon,Microsoft-Windows-Sysmon,start,-,-,-,-,-,x86_64,admin,612eed94-10de-48e9-b9de-7108e40bddcc,"fe80::d592:a7d7:c0fb:10f9, 10.0.2.16, fe80::298d:fd6:72cd:b0a3, 172.19.96.11","08:00:27:7c:f3:ae, 08:00:27:4c:ba:b7",admin,19044.1889,windows,10.0.19041.1889 (WinBuild.160101.0800),Windows 10 Enterprise Evaluation,Windows 10 Enterprise Evaluation,windows,windows,10,information,"Process Create:
RuleName: -
UtcTime: 2022-10-22 18:34:53.991
ProcessGuid: {612eed94-37cd-6354-4001-000000001f00}
ProcessId: 3864
Image: C:\Windows\System32\taskhostw.exe
FileVersion: 10.0.19041.1865 (WinBuild.160101.0800)
Description: Host Process for Windows Tasks
Product: Microsoft® Windows® Operating System
Company: Microsoft Corporation
OriginalFileName: taskhostw.exe
CommandLine: taskhostw.exe $(Arg0)
CurrentDirectory: C:\Windows\system32\
User: ADMIN\AdministratorDB
LogonGuid: {612eed94-34a0-6354-1241-040000000000}
LogonId: 0x44112
TerminalSessionId: 1
IntegrityLevel: High
Hashes: MD5=A00BF82660835224CD6606A248321C5D,SHA256=E63709209D09BC0247E785F075DDB28A98C348206109E2B8BA321AD958402728,IMPHASH=3A0C6863CDE566AF997DB2DEFFF9D924
ParentProcessGuid: {612eed94-3466-6354-1300-000000001f00}
ParentProcessId: 472
ParentImage: C:\Windows\System32\svchost.exe
ParentCommandLine: C:\Windows\system32\svchost.exe -k netsvcs -p
ParentUser: NT AUTHORITY\SYSTEM",-,"taskhostw.exe, $(Arg0)",2,taskhostw.exe $(Arg0),taskhostw.exe $(Arg0),{612eed94-37cd-6354-4001-000000001f00},C:\Windows\System32\taskhostw.exe,C:\Windows\System32\taskhostw.exe,a00bf82660835224cd6606a248321c5d,e63709209d09bc0247e785f075ddb28a98c348206109e2b8ba321ad958402728,taskhostw.exe,taskhostw.exe,"C:\Windows\system32\svchost.exe, -k, netsvcs, -p",4,C:\Windows\system32\svchost.exe -k netsvcs -p,C:\Windows\system32\svchost.exe -k netsvcs -p,{612eed94-3466-6354-1300-000000001f00},C:\Windows\System32\svchost.exe,C:\Windows\System32\svchost.exe,svchost.exe,svchost.exe,472,Microsoft Corporation,Host Process for Windows Tasks,10.0.19041.1865 (WinBuild.160101.0800),3a0c6863cde566af997db2defff9d924,taskhostw.exe,Microsoft® Windows® Operating System,3864,C:\Windows\system32\,C:\Windows\system32\,-,-,-,-,"e63709209d09bc0247e785f075ddb28a98c348206109e2b8ba321ad958402728, a00bf82660835224cd6606a248321c5d, 3a0c6863cde566af997db2defff9d924",-,-,AdministratorDB,-,-,ADMIN,S-1-5-18,AdministratorDB,AdministratorDB,wineventlog,Microsoft-Windows-Sysmon/Operational,admin,Microsoft Corporation,-,Host Process for Windows Tasks,-,10.0.19041.1865 (WinBuild.160101.0800),High,{612eed94-34a0-6354-1241-040000000000},0x44112,NT AUTHORITY\SYSTEM,Microsoft® Windows® Operating System,1,1,Info,"2,260","2,772",{5770385f-c22a-43e0-bf4c-06f5698ffbd9},Microsoft-Windows-Sysmon,6072,Process Create (rule: ProcessCreate),NT AUTHORITY,S-1-5-18,SYSTEM,User,5
"Oct 23, 2022 @ 02:34:54.005",1UX6AIQBHC0TB3lJfadU,.ds-winlogbeat-8.2.3-2022.10.22-000001,-,328b516e-a0ac-4310-8b30-40bfab86de53,admin,6f94e196-447e-4d41-8eea-e6c40bba83e4,admin,winlogbeat,8.2.3,-,-,-,-,1.12.0,Process Create (rule: ProcessCreate),process,1,"Oct 23, 2022 @ 02:34:55.017","Oct 23, 2022 @ 02:35:26.931",event,sysmon,Microsoft-Windows-Sysmon,start,-,-,-,-,-,x86_64,admin,612eed94-10de-48e9-b9de-7108e40bddcc,"fe80::d592:a7d7:c0fb:10f9, 10.0.2.16, fe80::298d:fd6:72cd:b0a3, 172.19.96.11","08:00:27:7c:f3:ae, 08:00:27:4c:ba:b7",admin,19044.1889,windows,10.0.19041.1889 (WinBuild.160101.0800),Windows 10 Enterprise Evaluation,Windows 10 Enterprise Evaluation,windows,windows,10,information,"Process Create:
RuleName: -
UtcTime: 2022-10-22 18:34:54.005
ProcessGuid: {612eed94-37ce-6354-4201-000000001f00}
ProcessId: 4380
Image: C:\Windows\System32\taskhostw.exe
FileVersion: 10.0.19041.1865 (WinBuild.160101.0800)
Description: Host Process for Windows Tasks
Product: Microsoft® Windows® Operating System
Company: Microsoft Corporation
OriginalFileName: taskhostw.exe
CommandLine: taskhostw.exe
CurrentDirectory: C:\Windows\system32\
User: NT AUTHORITY\SYSTEM
LogonGuid: {612eed94-3465-6354-e703-000000000000}
LogonId: 0x3E7
TerminalSessionId: 0
IntegrityLevel: System
Hashes: MD5=A00BF82660835224CD6606A248321C5D,SHA256=E63709209D09BC0247E785F075DDB28A98C348206109E2B8BA321AD958402728,IMPHASH=3A0C6863CDE566AF997DB2DEFFF9D924
ParentProcessGuid: {612eed94-3466-6354-1300-000000001f00}
ParentProcessId: 472
ParentImage: C:\Windows\System32\svchost.exe
ParentCommandLine: C:\Windows\system32\svchost.exe -k netsvcs -p
ParentUser: NT AUTHORITY\SYSTEM",-,taskhostw.exe,1,taskhostw.exe,taskhostw.exe,{612eed94-37ce-6354-4201-000000001f00},C:\Windows\System32\taskhostw.exe,C:\Windows\System32\taskhostw.exe,a00bf82660835224cd6606a248321c5d,e63709209d09bc0247e785f075ddb28a98c348206109e2b8ba321ad958402728,taskhostw.exe,taskhostw.exe,"C:\Windows\system32\svchost.exe, -k, netsvcs, -p",4,C:\Windows\system32\svchost.exe -k netsvcs -p,C:\Windows\system32\svchost.exe -k netsvcs -p,{612eed94-3466-6354-1300-000000001f00},C:\Windows\System32\svchost.exe,C:\Windows\System32\svchost.exe,svchost.exe,svchost.exe,472,Microsoft Corporation,Host Process for Windows Tasks,10.0.19041.1865 (WinBuild.160101.0800),3a0c6863cde566af997db2defff9d924,taskhostw.exe,Microsoft® Windows® Operating System,4380,C:\Windows\system32\,C:\Windows\system32\,-,-,-,-,"e63709209d09bc0247e785f075ddb28a98c348206109e2b8ba321ad958402728, a00bf82660835224cd6606a248321c5d, 3a0c6863cde566af997db2defff9d924",-,-,SYSTEM,-,-,NT AUTHORITY,S-1-5-18,SYSTEM,SYSTEM,wineventlog,Microsoft-Windows-Sysmon/Operational,admin,Microsoft Corporation,-,Host Process for Windows Tasks,-,10.0.19041.1865 (WinBuild.160101.0800),System,{612eed94-3465-6354-e703-000000000000},0x3e7,NT AUTHORITY\SYSTEM,Microsoft® Windows® Operating System,0,1,Info,"2,260","2,772",{5770385f-c22a-43e0-bf4c-06f5698ffbd9},Microsoft-Windows-Sysmon,6073,Process Create (rule: ProcessCreate),NT AUTHORITY,S-1-5-18,SYSTEM,User,5
"Oct 23, 2022 @ 02:34:54.026",1kX6AIQBHC0TB3lJfadU,.ds-winlogbeat-8.2.3-2022.10.22-000001,-,328b516e-a0ac-4310-8b30-40bfab86de53,admin,6f94e196-447e-4d41-8eea-e6c40bba83e4,admin,winlogbeat,8.2.3,-,-,-,-,1.12.0,Process Create (rule: ProcessCreate),process,1,"Oct 23, 2022 @ 02:34:55.018","Oct 23, 2022 @ 02:35:26.932",event,sysmon,Microsoft-Windows-Sysmon,start,-,-,-,-,-,x86_64,admin,612eed94-10de-48e9-b9de-7108e40bddcc,"fe80::d592:a7d7:c0fb:10f9, 10.0.2.16, fe80::298d:fd6:72cd:b0a3, 172.19.96.11","08:00:27:7c:f3:ae, 08:00:27:4c:ba:b7",admin,19044.1889,windows,10.0.19041.1889 (WinBuild.160101.0800),Windows 10 Enterprise Evaluation,Windows 10 Enterprise Evaluation,windows,windows,10,information,"Process Create:
RuleName: -
UtcTime: 2022-10-22 18:34:54.026
ProcessGuid: {612eed94-37ce-6354-4301-000000001f00}
ProcessId: 3908
Image: C:\Windows\System32\taskhostw.exe
FileVersion: 10.0.19041.1865 (WinBuild.160101.0800)
Description: Host Process for Windows Tasks
Product: Microsoft® Windows® Operating System
Company: Microsoft Corporation
OriginalFileName: taskhostw.exe
CommandLine: taskhostw.exe Logon
CurrentDirectory: C:\Windows\system32\
User: ADMIN\AdministratorDB
LogonGuid: {612eed94-34a0-6354-1241-040000000000}
LogonId: 0x44112
TerminalSessionId: 1
IntegrityLevel: High
Hashes: MD5=A00BF82660835224CD6606A248321C5D,SHA256=E63709209D09BC0247E785F075DDB28A98C348206109E2B8BA321AD958402728,IMPHASH=3A0C6863CDE566AF997DB2DEFFF9D924
ParentProcessGuid: {612eed94-3466-6354-1300-000000001f00}
ParentProcessId: 472
ParentImage: C:\Windows\System32\svchost.exe
ParentCommandLine: C:\Windows\system32\svchost.exe -k netsvcs -p
ParentUser: NT AUTHORITY\SYSTEM",-,"taskhostw.exe, Logon",2,taskhostw.exe Logon,taskhostw.exe Logon,{612eed94-37ce-6354-4301-000000001f00},C:\Windows\System32\taskhostw.exe,C:\Windows\System32\taskhostw.exe,a00bf82660835224cd6606a248321c5d,e63709209d09bc0247e785f075ddb28a98c348206109e2b8ba321ad958402728,taskhostw.exe,taskhostw.exe,"C:\Windows\system32\svchost.exe, -k, netsvcs, -p",4,C:\Windows\system32\svchost.exe -k netsvcs -p,C:\Windows\system32\svchost.exe -k netsvcs -p,{612eed94-3466-6354-1300-000000001f00},C:\Windows\System32\svchost.exe,C:\Windows\System32\svchost.exe,svchost.exe,svchost.exe,472,Microsoft Corporation,Host Process for Windows Tasks,10.0.19041.1865 (WinBuild.160101.0800),3a0c6863cde566af997db2defff9d924,taskhostw.exe,Microsoft® Windows® Operating System,3908,C:\Windows\system32\,C:\Windows\system32\,-,-,-,-,"e63709209d09bc0247e785f075ddb28a98c348206109e2b8ba321ad958402728, a00bf82660835224cd6606a248321c5d, 3a0c6863cde566af997db2defff9d924",-,-,AdministratorDB,-,-,ADMIN,S-1-5-18,AdministratorDB,AdministratorDB,wineventlog,Microsoft-Windows-Sysmon/Operational,admin,Microsoft Corporation,-,Host Process for Windows Tasks,-,10.0.19041.1865 (WinBuild.160101.0800),High,{612eed94-34a0-6354-1241-040000000000},0x44112,NT AUTHORITY\SYSTEM,Microsoft® Windows® Operating System,1,1,Info,"2,260","2,772",{5770385f-c22a-43e0-bf4c-06f5698ffbd9},Microsoft-Windows-Sysmon,6074,Process Create (rule: ProcessCreate),NT AUTHORITY,S-1-5-18,SYSTEM,User,5
"Oct 23, 2022 @ 02:35:34.684",j0X7AIQBHC0TB3lJRqha,.ds-winlogbeat-8.2.3-2022.10.22-000001,-,328b516e-a0ac-4310-8b30-40bfab86de53,admin,6f94e196-447e-4d41-8eea-e6c40bba83e4,admin,winlogbeat,8.2.3,-,-,-,-,1.12.0,Process Create (rule: ProcessCreate),process,1,"Oct 23, 2022 @ 02:35:36.305","Oct 23, 2022 @ 02:36:18.394",event,sysmon,Microsoft-Windows-Sysmon,start,-,-,-,-,-,x86_64,admin,612eed94-10de-48e9-b9de-7108e40bddcc,"fe80::d592:a7d7:c0fb:10f9, 10.0.2.16, fe80::298d:fd6:72cd:b0a3, 172.19.96.11","08:00:27:7c:f3:ae, 08:00:27:4c:ba:b7",admin,19044.1889,windows,10.0.19041.1889 (WinBuild.160101.0800),Windows 10 Enterprise Evaluation,Windows 10 Enterprise Evaluation,windows,windows,10,information,"Process Create:
RuleName: -
UtcTime: 2022-10-22 18:35:34.684
ProcessGuid: {612eed94-37f6-6354-4801-000000001f00}
ProcessId: 5072
Image: C:\Windows\System32\WindowsPowerShell\v1.0\powershell.exe
FileVersion: 10.0.19041.546 (WinBuild.160101.0800)
Description: Windows PowerShell
Product: Microsoft® Windows® Operating System
Company: Microsoft Corporation
OriginalFileName: PowerShell.EXE
CommandLine: powershell.exe -ExecutionPolicy Restricted -Command Write-Host 'Final result: 1';
CurrentDirectory: C:\Windows\system32\
User: NT AUTHORITY\SYSTEM
LogonGuid: {612eed94-3465-6354-e703-000000000000}
LogonId: 0x3E7
TerminalSessionId: 0
IntegrityLevel: System
Hashes: MD5=04029E121A0CFA5991749937DD22A1D9,SHA256=9F914D42706FE215501044ACD85A32D58AAEF1419D404FDDFA5D3B48F66CCD9F,IMPHASH=7C955A0ABC747F57CCC4324480737EF7
ParentProcessGuid: {612eed94-37d6-6354-4401-000000001f00}
ParentProcessId: 5368
ParentImage: C:\Windows\System32\CompatTelRunner.exe
ParentCommandLine: C:\Windows\system32\CompatTelRunner.exe -m:appraiser.dll -f:DoScheduledTelemetryRun -cv:gSysNs3VQEucrH1I.1
ParentUser: NT AUTHORITY\SYSTEM",-,"powershell.exe, -ExecutionPolicy, Restricted, -Command, Write-Host, 'Final, result:, 1';",8,powershell.exe -ExecutionPolicy Restricted -Command Write-Host 'Final result: 1';,powershell.exe -ExecutionPolicy Restricted -Command Write-Host 'Final result: 1';,{612eed94-37f6-6354-4801-000000001f00},C:\Windows\System32\WindowsPowerShell\v1.0\powershell.exe,C:\Windows\System32\WindowsPowerShell\v1.0\powershell.exe,04029e121a0cfa5991749937dd22a1d9,9f914d42706fe215501044acd85a32d58aaef1419d404fddfa5d3b48f66ccd9f,powershell.exe,powershell.exe,"C:\Windows\system32\CompatTelRunner.exe, -m:appraiser.dll, -f:DoScheduledTelemetryRun, -cv:gSysNs3VQEucrH1I.1",4,C:\Windows\system32\CompatTelRunner.exe -m:appraiser.dll -f:DoScheduledTelemetryRun -cv:gSysNs3VQEucrH1I.1,C:\Windows\system32\CompatTelRunner.exe -m:appraiser.dll -f:DoScheduledTelemetryRun -cv:gSysNs3VQEucrH1I.1,{612eed94-37d6-6354-4401-000000001f00},C:\Windows\System32\CompatTelRunner.exe,C:\Windows\System32\CompatTelRunner.exe,CompatTelRunner.exe,CompatTelRunner.exe,5368,Microsoft Corporation,Windows PowerShell,10.0.19041.546 (WinBuild.160101.0800),7c955a0abc747f57ccc4324480737ef7,PowerShell.EXE,Microsoft® Windows® Operating System,5072,C:\Windows\system32\,C:\Windows\system32\,-,-,-,-,"9f914d42706fe215501044acd85a32d58aaef1419d404fddfa5d3b48f66ccd9f, 04029e121a0cfa5991749937dd22a1d9, 7c955a0abc747f57ccc4324480737ef7",-,-,SYSTEM,-,-,NT AUTHORITY,S-1-5-18,SYSTEM,SYSTEM,wineventlog,Microsoft-Windows-Sysmon/Operational,admin,Microsoft Corporation,-,Windows PowerShell,-,10.0.19041.546 (WinBuild.160101.0800),System,{612eed94-3465-6354-e703-000000000000},0x3e7,NT AUTHORITY\SYSTEM,Microsoft® Windows® Operating System,0,1,Info,"2,260","2,772",{5770385f-c22a-43e0-bf4c-06f5698ffbd9},Microsoft-Windows-Sysmon,6234,Process Create (rule: ProcessCreate),NT AUTHORITY,S-1-5-18,SYSTEM,User,5
"Oct 23, 2022 @ 02:35:36.697",kEX7AIQBHC0TB3lJTqhm,.ds-winlogbeat-8.2.3-2022.10.22-000001,-,328b516e-a0ac-4310-8b30-40bfab86de53,admin,6f94e196-447e-4d41-8eea-e6c40bba83e4,admin,winlogbeat,8.2.3,-,-,-,-,1.12.0,File created (rule: FileCreate),file,11,"Oct 23, 2022 @ 02:35:38.331","Oct 23, 2022 @ 02:36:20.451",event,sysmon,Microsoft-Windows-Sysmon,creation,C:\Windows\Temp,ps1,__PSScriptPolicyTest_t52wmxid.z0l.ps1,C:\Windows\Temp\__PSScriptPolicyTest_t52wmxid.z0l.ps1,C:\Windows\Temp\__PSScriptPolicyTest_t52wmxid.z0l.ps1,x86_64,admin,612eed94-10de-48e9-b9de-7108e40bddcc,"fe80::d592:a7d7:c0fb:10f9, 10.0.2.16, fe80::298d:fd6:72cd:b0a3, 172.19.96.11","08:00:27:7c:f3:ae, 08:00:27:4c:ba:b7",admin,19044.1889,windows,10.0.19041.1889 (WinBuild.160101.0800),Windows 10 Enterprise Evaluation,Windows 10 Enterprise Evaluation,windows,windows,10,information,"File created:
RuleName: -
UtcTime: 2022-10-22 18:35:36.697
ProcessGuid: {612eed94-37f6-6354-4801-000000001f00}
ProcessId: 5072
Image: C:\Windows\System32\WindowsPowerShell\v1.0\powershell.exe
TargetFilename: C:\Windows\Temp\__PSScriptPolicyTest_t52wmxid.z0l.ps1
CreationUtcTime: 2022-10-22 18:35:36.697
User: NT AUTHORITY\SYSTEM",-,-,-,-,-,{612eed94-37f6-6354-4801-000000001f00},C:\Windows\System32\WindowsPowerShell\v1.0\powershell.exe,C:\Windows\System32\WindowsPowerShell\v1.0\powershell.exe,-,-,powershell.exe,powershell.exe,-,-,-,-,-,-,-,-,-,-,-,-,-,-,-,-,5072,-,-,-,-,-,-,-,-,-,SYSTEM,-,-,NT AUTHORITY,S-1-5-18,SYSTEM,SYSTEM,wineventlog,Microsoft-Windows-Sysmon/Operational,admin,-,35:36.7,-,-,-,-,-,-,-,-,-,11,Info,"2,260","2,772",{5770385f-c22a-43e0-bf4c-06f5698ffbd9},Microsoft-Windows-Sysmon,6235,File created (rule: FileCreate),NT AUTHORITY,S-1-5-18,SYSTEM,User,2
"Oct 23, 2022 @ 02:35:47.244",m0X7AIQBHC0TB3lJdKig,.ds-winlogbeat-8.2.3-2022.10.22-000001,-,328b516e-a0ac-4310-8b30-40bfab86de53,admin,6f94e196-447e-4d41-8eea-e6c40bba83e4,admin,winlogbeat,8.2.3,-,-,-,-,1.12.0,File created (rule: FileCreate),file,11,"Oct 23, 2022 @ 02:35:48.832","Oct 23, 2022 @ 02:36:30.239",event,sysmon,Microsoft-Windows-Sysmon,creation,C:\Windows\Temp,ps1,__PSScriptPolicyTest_atdrchcv.aky.ps1,C:\Windows\Temp\__PSScriptPolicyTest_atdrchcv.aky.ps1,C:\Windows\Temp\__PSScriptPolicyTest_atdrchcv.aky.ps1,x86_64,admin,612eed94-10de-48e9-b9de-7108e40bddcc,"fe80::d592:a7d7:c0fb:10f9, 10.0.2.16, fe80::298d:fd6:72cd:b0a3, 172.19.96.11","08:00:27:7c:f3:ae, 08:00:27:4c:ba:b7",admin,19044.1889,windows,10.0.19041.1889 (WinBuild.160101.0800),Windows 10 Enterprise Evaluation,Windows 10 Enterprise Evaluation,windows,windows,10,information,"File created:
RuleName: -
UtcTime: 2022-10-22 18:35:47.244
ProcessGuid: {612eed94-37f6-6354-4801-000000001f00}
ProcessId: 5072
Image: C:\Windows\System32\WindowsPowerShell\v1.0\powershell.exe
TargetFilename: C:\Windows\Temp\__PSScriptPolicyTest_atdrchcv.aky.ps1
CreationUtcTime: 2022-10-22 18:35:47.244
User: NT AUTHORITY\SYSTEM",-,-,-,-,-,{612eed94-37f6-6354-4801-000000001f00},C:\Windows\System32\WindowsPowerShell\v1.0\powershell.exe,C:\Windows\System32\WindowsPowerShell\v1.0\powershell.exe,-,-,powershell.exe,powershell.exe,-,-,-,-,-,-,-,-,-,-,-,-,-,-,-,-,5072,-,-,-,-,-,-,-,-,-,SYSTEM,-,-,NT AUTHORITY,S-1-5-18,SYSTEM,SYSTEM,wineventlog,Microsoft-Windows-Sysmon/Operational,admin,-,35:47.2,-,-,-,-,-,-,-,-,-,11,Info,"2,260","2,772",{5770385f-c22a-43e0-bf4c-06f5698ffbd9},Microsoft-Windows-Sysmon,6237,File created (rule: FileCreate),NT AUTHORITY,S-1-5-18,SYSTEM,User,2
"Oct 23, 2022 @ 02:35:47.259",7kX6AIQBHC0TB3lJ4acX,.ds-winlogbeat-8.2.3-2022.10.22-000001,-,328b516e-a0ac-4310-8b30-40bfab86de53,admin,6f94e196-447e-4d41-8eea-e6c40bba83e4,admin,winlogbeat,8.2.3,"fe80::298d:fd6:72cd:b0a3, fe80::d592:a7d7:c0fb:10f9, 172.19.96.11, 10.0.2.16","AAAA, AAAA, A, A",admin,"fe80::298d:fd6:72cd:b0a3, fe80::d592:a7d7:c0fb:10f9, 172.19.96.11, 10.0.2.16",1.12.0,Dns query (rule: DnsQuery),network,22,"Oct 23, 2022 @ 02:35:13.115","Oct 23, 2022 @ 02:35:52.470",event,sysmon,Microsoft-Windows-Sysmon,"connection, protocol, info",-,-,-,-,-,x86_64,admin,612eed94-10de-48e9-b9de-7108e40bddcc,"fe80::d592:a7d7:c0fb:10f9, 10.0.2.16, fe80::298d:fd6:72cd:b0a3, 172.19.96.11","08:00:27:7c:f3:ae, 08:00:27:4c:ba:b7",admin,19044.1889,windows,10.0.19041.1889 (WinBuild.160101.0800),Windows 10 Enterprise Evaluation,Windows 10 Enterprise Evaluation,windows,windows,10,information,"Dns query:
RuleName: -
UtcTime: 2022-10-22 18:35:47.259
ProcessGuid: {612eed94-37d6-6354-4401-000000001f00}
ProcessId: 5368
QueryName: admin
QueryStatus: 0
QueryResults: fe80::298d:fd6:72cd:b0a3;fe80::d592:a7d7:c0fb:10f9;::ffff:172.19.96.11;::ffff:10.0.2.16;
Image: C:\Windows\System32\CompatTelRunner.exe
User: NT AUTHORITY\SYSTEM",dns,-,-,-,-,{612eed94-37d6-6354-4401-000000001f00},C:\Windows\System32\CompatTelRunner.exe,C:\Windows\System32\CompatTelRunner.exe,-,-,CompatTelRunner.exe,CompatTelRunner.exe,-,-,-,-,-,-,-,-,-,-,-,-,-,-,-,-,5368,-,-,-,-,-,-,-,admin,"fe80::298d:fd6:72cd:b0a3, fe80::d592:a7d7:c0fb:10f9, 172.19.96.11, 10.0.2.16",SYSTEM,-,SUCCESS,NT AUTHORITY,S-1-5-18,SYSTEM,SYSTEM,wineventlog,Microsoft-Windows-Sysmon/Operational,admin,-,-,-,-,-,-,-,-,-,-,-,22,Info,"2,260","2,736",{5770385f-c22a-43e0-bf4c-06f5698ffbd9},Microsoft-Windows-Sysmon,6075,Dns query (rule: DnsQuery),NT AUTHORITY,S-1-5-18,SYSTEM,User,5
"Oct 23, 2022 @ 02:35:48.011",nEX7AIQBHC0TB3lJdKig,.ds-winlogbeat-8.2.3-2022.10.22-000001,-,328b516e-a0ac-4310-8b30-40bfab86de53,admin,6f94e196-447e-4d41-8eea-e6c40bba83e4,admin,winlogbeat,8.2.3,-,-,-,-,1.12.0,File created (rule: FileCreate),file,11,"Oct 23, 2022 @ 02:35:48.833","Oct 23, 2022 @ 02:36:30.239",event,sysmon,Microsoft-Windows-Sysmon,creation,C:\Windows\System32\config\systemprofile\AppData\Local\Microsoft\CLR_v4.0\UsageLogs,log,powershell.exe.log,C:\Windows\System32\config\systemprofile\AppData\Local\Microsoft\CLR_v4.0\UsageLogs\powershell.exe.log,C:\Windows\System32\config\systemprofile\AppData\Local\Microsoft\CLR_v4.0\UsageLogs\powershell.exe.log,x86_64,admin,612eed94-10de-48e9-b9de-7108e40bddcc,"fe80::d592:a7d7:c0fb:10f9, 10.0.2.16, fe80::298d:fd6:72cd:b0a3, 172.19.96.11","08:00:27:7c:f3:ae, 08:00:27:4c:ba:b7",admin,19044.1889,windows,10.0.19041.1889 (WinBuild.160101.0800),Windows 10 Enterprise Evaluation,Windows 10 Enterprise Evaluation,windows,windows,10,information,"File created:
RuleName: ProcessHostingdotNETCode
UtcTime: 2022-10-22 18:35:48.011
ProcessGuid: {612eed94-37f6-6354-4801-000000001f00}
ProcessId: 5072
Image: C:\Windows\System32\WindowsPowerShell\v1.0\powershell.exe
TargetFilename: C:\Windows\System32\config\systemprofile\AppData\Local\Microsoft\CLR_v4.0\UsageLogs\powershell.exe.log
CreationUtcTime: 2022-10-18 05:34:53.951
User: NT AUTHORITY\SYSTEM",-,-,-,-,-,{612eed94-37f6-6354-4801-000000001f00},C:\Windows\System32\WindowsPowerShell\v1.0\powershell.exe,C:\Windows\System32\WindowsPowerShell\v1.0\powershell.exe,-,-,powershell.exe,powershell.exe,-,-,-,-,-,-,-,-,-,-,-,-,-,-,-,-,5072,-,-,-,-,-,-,-,-,-,SYSTEM,ProcessHostingdotNETCode,-,NT AUTHORITY,S-1-5-18,SYSTEM,SYSTEM,wineventlog,Microsoft-Windows-Sysmon/Operational,admin,-,34:54.0,-,-,-,-,-,-,-,-,-,11,Info,"2,260","2,772",{5770385f-c22a-43e0-bf4c-06f5698ffbd9},Microsoft-Windows-Sysmon,6238,File created (rule: FileCreate),NT AUTHORITY,S-1-5-18,SYSTEM,User,2
"Oct 23, 2022 @ 02:36:06.197",sUX7AIQBHC0TB3lJs6j4,.ds-winlogbeat-8.2.3-2022.10.22-000001,-,328b516e-a0ac-4310-8b30-40bfab86de53,admin,6f94e196-447e-4d41-8eea-e6c40bba83e4,admin,winlogbeat,8.2.3,-,-,-,-,1.12.0,Process Create (rule: ProcessCreate),process,1,"Oct 23, 2022 @ 02:36:08.687","Oct 23, 2022 @ 02:36:46.455",event,sysmon,Microsoft-Windows-Sysmon,start,-,-,-,-,-,x86_64,admin,612eed94-10de-48e9-b9de-7108e40bddcc,"fe80::d592:a7d7:c0fb:10f9, 10.0.2.16, fe80::298d:fd6:72cd:b0a3, 172.19.96.11","08:00:27:7c:f3:ae, 08:00:27:4c:ba:b7",admin,19044.1889,windows,10.0.19041.1889 (WinBuild.160101.0800),Windows 10 Enterprise Evaluation,Windows 10 Enterprise Evaluation,windows,windows,10,information,"Process Create:
RuleName: -
UtcTime: 2022-10-22 18:36:06.197
ProcessGuid: {612eed94-3816-6354-4c01-000000001f00}
ProcessId: 6608
Image: C:\Windows\System32\taskhostw.exe
FileVersion: 10.0.19041.1865 (WinBuild.160101.0800)
Description: Host Process for Windows Tasks
Product: Microsoft® Windows® Operating System
Company: Microsoft Corporation
OriginalFileName: taskhostw.exe
CommandLine: taskhostw.exe
CurrentDirectory: C:\Windows\system32\
User: NT AUTHORITY\SYSTEM
LogonGuid: {612eed94-3465-6354-e703-000000000000}
LogonId: 0x3E7
TerminalSessionId: 0
IntegrityLevel: System
Hashes: MD5=A00BF82660835224CD6606A248321C5D,SHA256=E63709209D09BC0247E785F075DDB28A98C348206109E2B8BA321AD958402728,IMPHASH=3A0C6863CDE566AF997DB2DEFFF9D924
ParentProcessGuid: {612eed94-3466-6354-1300-000000001f00}
ParentProcessId: 472
ParentImage: C:\Windows\System32\svchost.exe
ParentCommandLine: C:\Windows\system32\svchost.exe -k netsvcs -p
ParentUser: NT AUTHORITY\SYSTEM",-,taskhostw.exe,1,taskhostw.exe,taskhostw.exe,{612eed94-3816-6354-4c01-000000001f00},C:\Windows\System32\taskhostw.exe,C:\Windows\System32\taskhostw.exe,a00bf82660835224cd6606a248321c5d,e63709209d09bc0247e785f075ddb28a98c348206109e2b8ba321ad958402728,taskhostw.exe,taskhostw.exe,"C:\Windows\system32\svchost.exe, -k, netsvcs, -p",4,C:\Windows\system32\svchost.exe -k netsvcs -p,C:\Windows\system32\svchost.exe -k netsvcs -p,{612eed94-3466-6354-1300-000000001f00},C:\Windows\System32\svchost.exe,C:\Windows\System32\svchost.exe,svchost.exe,svchost.exe,472,Microsoft Corporation,Host Process for Windows Tasks,10.0.19041.1865 (WinBuild.160101.0800),3a0c6863cde566af997db2defff9d924,taskhostw.exe,Microsoft® Windows® Operating System,6608,C:\Windows\system32\,C:\Windows\system32\,-,-,-,-,"e63709209d09bc0247e785f075ddb28a98c348206109e2b8ba321ad958402728, a00bf82660835224cd6606a248321c5d, 3a0c6863cde566af997db2defff9d924",-,-,SYSTEM,-,-,NT AUTHORITY,S-1-5-18,SYSTEM,SYSTEM,wineventlog,Microsoft-Windows-Sysmon/Operational,admin,Microsoft Corporation,-,Host Process for Windows Tasks,-,10.0.19041.1865 (WinBuild.160101.0800),System,{612eed94-3465-6354-e703-000000000000},0x3e7,NT AUTHORITY\SYSTEM,Microsoft® Windows® Operating System,0,1,Info,"2,260","2,772",{5770385f-c22a-43e0-bf4c-06f5698ffbd9},Microsoft-Windows-Sysmon,6239,Process Create (rule: ProcessCreate),NT AUTHORITY,S-1-5-18,SYSTEM,User,5
"Oct 23, 2022 @ 02:36:23.536",mUX7AIQBHC0TB3lJcKih,.ds-winlogbeat-8.2.3-2022.10.22-000001,-,328b516e-a0ac-4310-8b30-40bfab86de53,admin,6f94e196-447e-4d41-8eea-e6c40bba83e4,admin,winlogbeat,8.2.3,"fe80::298d:fd6:72cd:b0a3, fe80::d592:a7d7:c0fb:10f9, 172.19.96.11, 10.0.2.16","AAAA, AAAA, A, A",ADMIN,"fe80::298d:fd6:72cd:b0a3, fe80::d592:a7d7:c0fb:10f9, 172.19.96.11, 10.0.2.16",1.12.0,Dns query (rule: DnsQuery),network,22,"Oct 23, 2022 @ 02:35:47.745","Oct 23, 2022 @ 02:36:29.216",event,sysmon,Microsoft-Windows-Sysmon,"connection, protocol, info",-,-,-,-,-,x86_64,admin,612eed94-10de-48e9-b9de-7108e40bddcc,"fe80::d592:a7d7:c0fb:10f9, 10.0.2.16, fe80::298d:fd6:72cd:b0a3, 172.19.96.11","08:00:27:7c:f3:ae, 08:00:27:4c:ba:b7",admin,19044.1889,windows,10.0.19041.1889 (WinBuild.160101.0800),Windows 10 Enterprise Evaluation,Windows 10 Enterprise Evaluation,windows,windows,10,information,"Dns query:
RuleName: -
UtcTime: 2022-10-22 18:36:23.536
ProcessGuid: {612eed94-37e2-6354-4701-000000001f00}
ProcessId: 4008
QueryName: ADMIN
QueryStatus: 0
QueryResults: fe80::298d:fd6:72cd:b0a3;fe80::d592:a7d7:c0fb:10f9;::ffff:172.19.96.11;::ffff:10.0.2.16;
Image: C:\Windows\System32\wbem\WmiPrvSE.exe
User: NT AUTHORITY\NETWORK SERVICE",dns,-,-,-,-,{612eed94-37e2-6354-4701-000000001f00},C:\Windows\System32\wbem\WmiPrvSE.exe,C:\Windows\System32\wbem\WmiPrvSE.exe,-,-,WmiPrvSE.exe,WmiPrvSE.exe,-,-,-,-,-,-,-,-,-,-,-,-,-,-,-,-,4008,-,-,-,-,-,-,-,ADMIN,"fe80::298d:fd6:72cd:b0a3, fe80::d592:a7d7:c0fb:10f9, 172.19.96.11, 10.0.2.16",NETWORK SERVICE,-,SUCCESS,NT AUTHORITY,S-1-5-18,NETWORK SERVICE,NETWORK SERVICE,wineventlog,Microsoft-Windows-Sysmon/Operational,admin,-,-,-,-,-,-,-,-,-,-,-,22,Info,"2,260","2,736",{5770385f-c22a-43e0-bf4c-06f5698ffbd9},Microsoft-Windows-Sysmon,6236,Dns query (rule: DnsQuery),NT AUTHORITY,S-1-5-18,SYSTEM,User,5
"Oct 23, 2022 @ 02:37:05.387",tEX8AIQBHC0TB3lJcqiD,.ds-winlogbeat-8.2.3-2022.10.22-000001,-,328b516e-a0ac-4310-8b30-40bfab86de53,admin,6f94e196-447e-4d41-8eea-e6c40bba83e4,admin,winlogbeat,8.2.3,-,-,-,-,1.12.0,Process Create (rule: ProcessCreate),process,1,"Oct 23, 2022 @ 02:37:07.315","Oct 23, 2022 @ 02:37:35.234",event,sysmon,Microsoft-Windows-Sysmon,start,-,-,-,-,-,x86_64,admin,612eed94-10de-48e9-b9de-7108e40bddcc,"fe80::d592:a7d7:c0fb:10f9, 10.0.2.16, fe80::298d:fd6:72cd:b0a3, 172.19.96.11","08:00:27:7c:f3:ae, 08:00:27:4c:ba:b7",admin,19044.1889,windows,10.0.19041.1889 (WinBuild.160101.0800),Windows 10 Enterprise Evaluation,Windows 10 Enterprise Evaluation,windows,windows,10,information,"Process Create:
RuleName: -
UtcTime: 2022-10-22 18:37:05.387
ProcessGuid: {612eed94-3851-6354-5001-000000001f00}
ProcessId: 4472
Image: C:\Windows\System32\notepad.exe
FileVersion: 10.0.19041.1865 (WinBuild.160101.0800)
Description: Notepad
Product: Microsoft® Windows® Operating System
Company: Microsoft Corporation
OriginalFileName: NOTEPAD.EXE
CommandLine: ""C:\Windows\system32\NOTEPAD.EXE"" C:\Users\AdministratorDB\Desktop\bin\bin\key.txt
CurrentDirectory: C:\Users\AdministratorDB\Desktop\bin\bin\
User: ADMIN\AdministratorDB
LogonGuid: {612eed94-34a0-6354-1241-040000000000}
LogonId: 0x44112
TerminalSessionId: 1
IntegrityLevel: High
Hashes: MD5=27F71B12CB585541885A31BE22F61C83,SHA256=F9D9B9DED9A67AA3CFDBD5002F3B524B265C4086C188E1BE7C936AB25627BF01,IMPHASH=320FAF01086570930EFF84A436797927
ParentProcessGuid: {612eed94-34a5-6354-6300-000000001f00}
ParentProcessId: 3732
ParentImage: C:\Windows\explorer.exe
ParentCommandLine: C:\Windows\Explorer.EXE
ParentUser: ADMIN\AdministratorDB",-,"C:\Windows\system32\NOTEPAD.EXE, C:\Users\AdministratorDB\Desktop\bin\bin\key.txt",2,"""C:\Windows\system32\NOTEPAD.EXE"" C:\Users\AdministratorDB\Desktop\bin\bin\key.txt","""C:\Windows\system32\NOTEPAD.EXE"" C:\Users\AdministratorDB\Desktop\bin\bin\key.txt",{612eed94-3851-6354-5001-000000001f00},C:\Windows\System32\notepad.exe,C:\Windows\System32\notepad.exe,27f71b12cb585541885a31be22f61c83,f9d9b9ded9a67aa3cfdbd5002f3b524b265c4086c188e1be7c936ab25627bf01,notepad.exe,notepad.exe,C:\Windows\Explorer.EXE,1,C:\Windows\Explorer.EXE,C:\Windows\Explorer.EXE,{612eed94-34a5-6354-6300-000000001f00},C:\Windows\explorer.exe,C:\Windows\explorer.exe,explorer.exe,explorer.exe,3732,Microsoft Corporation,Notepad,10.0.19041.1865 (WinBuild.160101.0800),320faf01086570930eff84a436797927,NOTEPAD.EXE,Microsoft® Windows® Operating System,4472,C:\Users\AdministratorDB\Desktop\bin\bin\,C:\Users\AdministratorDB\Desktop\bin\bin\,-,-,-,-,"f9d9b9ded9a67aa3cfdbd5002f3b524b265c4086c188e1be7c936ab25627bf01, 27f71b12cb585541885a31be22f61c83, 320faf01086570930eff84a436797927",-,-,AdministratorDB,-,-,ADMIN,S-1-5-18,AdministratorDB,AdministratorDB,wineventlog,Microsoft-Windows-Sysmon/Operational,admin,Microsoft Corporation,-,Notepad,-,10.0.19041.1865 (WinBuild.160101.0800),High,{612eed94-34a0-6354-1241-040000000000},0x44112,ADMIN\AdministratorDB,Microsoft® Windows® Operating System,1,1,Info,"2,260","2,772",{5770385f-c22a-43e0-bf4c-06f5698ffbd9},Microsoft-Windows-Sysmon,6240,Process Create (rule: ProcessCreate),NT AUTHORITY,S-1-5-18,SYSTEM,User,5
"Oct 23, 2022 @ 02:37:06.147",tUX8AIQBHC0TB3lJcqiD,.ds-winlogbeat-8.2.3-2022.10.22-000001,-,328b516e-a0ac-4310-8b30-40bfab86de53,admin,6f94e196-447e-4d41-8eea-e6c40bba83e4,admin,winlogbeat,8.2.3,-,-,-,-,1.12.0,Process Create (rule: ProcessCreate),process,1,"Oct 23, 2022 @ 02:37:07.315","Oct 23, 2022 @ 02:37:35.234",event,sysmon,Microsoft-Windows-Sysmon,start,-,-,-,-,-,x86_64,admin,612eed94-10de-48e9-b9de-7108e40bddcc,"fe80::d592:a7d7:c0fb:10f9, 10.0.2.16, fe80::298d:fd6:72cd:b0a3, 172.19.96.11","08:00:27:7c:f3:ae, 08:00:27:4c:ba:b7",admin,19044.1889,windows,10.0.19041.1889 (WinBuild.160101.0800),Windows 10 Enterprise Evaluation,Windows 10 Enterprise Evaluation,windows,windows,10,information,"Process Create:
RuleName: -
UtcTime: 2022-10-22 18:37:06.147
ProcessGuid: {612eed94-3852-6354-5101-000000001f00}
ProcessId: 6228
Image: C:\Windows\System32\SearchProtocolHost.exe
FileVersion: 7.0.19041.1865 (WinBuild.160101.0800)
Description: Microsoft Windows Search Protocol Host
Product: Windows® Search
Company: Microsoft Corporation
OriginalFileName: SearchProtocolHost.exe
CommandLine: ""C:\Windows\system32\SearchProtocolHost.exe"" Global\UsGthrFltPipeMssGthrPipe_S-1-5-21-3636077943-3669489707-987131759-10026_ Global\UsGthrCtrlFltPipeMssGthrPipe_S-1-5-21-3636077943-3669489707-987131759-10026 1 -2147483646 ""Software\Microsoft\Windows Search"" ""Mozilla/4.0 (compatible; MSIE 6.0; Windows NT; MS Search 4.0 Robot)"" ""C:\ProgramData\Microsoft\Search\Data\Temp\usgthrsvc"" ""DownLevelDaemon""  ""1""
CurrentDirectory: C:\Windows\system32\
User: ADMIN\AdministratorDB
LogonGuid: {612eed94-34a0-6354-1241-040000000000}
LogonId: 0x44112
TerminalSessionId: 1
IntegrityLevel: High
Hashes: MD5=0AE82E02F55E74E1F7FAFFE7FACCB287,SHA256=DE66A82EA4634B03A76AC11370C070D4A6AAC1FA8D4CA907136BEEDCD279316A,IMPHASH=8B2A73CF81704F7AED84C67134EC39AC
ParentProcessGuid: {00000000-0000-0000-0000-000000000000}
ParentProcessId: 2536
ParentImage: -
ParentCommandLine: -
ParentUser: -",-,"C:\Windows\system32\SearchProtocolHost.exe, Global\UsGthrFltPipeMssGthrPipe_S-1-5-21-3636077943-3669489707-987131759-10026_, Global\UsGthrCtrlFltPipeMssGthrPipe_S-1-5-21-3636077943-3669489707-987131759-10026, 1, -2147483646, Software\Microsoft\Windows Search, Mozilla/4.0 (compatible; MSIE 6.0; Windows NT; MS Search 4.0 Robot), C:\ProgramData\Microsoft\Search\Data\Temp\usgthrsvc, DownLevelDaemon, 1",10,"""C:\Windows\system32\SearchProtocolHost.exe"" Global\UsGthrFltPipeMssGthrPipe_S-1-5-21-3636077943-3669489707-987131759-10026_ Global\UsGthrCtrlFltPipeMssGthrPipe_S-1-5-21-3636077943-3669489707-987131759-10026 1 -2147483646 ""Software\Microsoft\Windows Search"" ""Mozilla/4.0 (compatible; MSIE 6.0; Windows NT; MS Search 4.0 Robot)"" ""C:\ProgramData\Microsoft\Search\Data\Temp\usgthrsvc"" ""DownLevelDaemon""  ""1""","""C:\Windows\system32\SearchProtocolHost.exe"" Global\UsGthrFltPipeMssGthrPipe_S-1-5-21-3636077943-3669489707-987131759-10026_ Global\UsGthrCtrlFltPipeMssGthrPipe_S-1-5-21-3636077943-3669489707-987131759-10026 1 -2147483646 ""Software\Microsoft\Windows Search"" ""Mozilla/4.0 (compatible; MSIE 6.0; Windows NT; MS Search 4.0 Robot)"" ""C:\ProgramData\Microsoft\Search\Data\Temp\usgthrsvc"" ""DownLevelDaemon""  ""1""",{612eed94-3852-6354-5101-000000001f00},C:\Windows\System32\SearchProtocolHost.exe,C:\Windows\System32\SearchProtocolHost.exe,0ae82e02f55e74e1f7faffe7faccb287,de66a82ea4634b03a76ac11370c070d4a6aac1fa8d4ca907136beedcd279316a,SearchProtocolHost.exe,SearchProtocolHost.exe,-,1,-,-,{00000000-0000-0000-0000-000000000000},-,-,-,-,2536,Microsoft Corporation,Microsoft Windows Search Protocol Host,7.0.19041.1865 (WinBuild.160101.0800),8b2a73cf81704f7aed84c67134ec39ac,SearchProtocolHost.exe,Windows® Search,6228,C:\Windows\system32\,C:\Windows\system32\,-,-,-,-,"de66a82ea4634b03a76ac11370c070d4a6aac1fa8d4ca907136beedcd279316a, 0ae82e02f55e74e1f7faffe7faccb287, 8b2a73cf81704f7aed84c67134ec39ac",-,-,AdministratorDB,-,-,ADMIN,S-1-5-18,AdministratorDB,AdministratorDB,wineventlog,Microsoft-Windows-Sysmon/Operational,admin,Microsoft Corporation,-,Microsoft Windows Search Protocol Host,-,7.0.19041.1865 (WinBuild.160101.0800),High,{612eed94-34a0-6354-1241-040000000000},0x44112,-,Windows® Search,1,1,Info,"2,260","2,772",{5770385f-c22a-43e0-bf4c-06f5698ffbd9},Microsoft-Windows-Sysmon,6241,Process Create (rule: ProcessCreate),NT AUTHORITY,S-1-5-18,SYSTEM,User,5
"Oct 23, 2022 @ 02:37:06.226",tkX8AIQBHC0TB3lJcqiD,.ds-winlogbeat-8.2.3-2022.10.22-000001,-,328b516e-a0ac-4310-8b30-40bfab86de53,admin,6f94e196-447e-4d41-8eea-e6c40bba83e4,admin,winlogbeat,8.2.3,-,-,-,-,1.12.0,Process Create (rule: ProcessCreate),process,1,"Oct 23, 2022 @ 02:37:07.315","Oct 23, 2022 @ 02:37:35.235",event,sysmon,Microsoft-Windows-Sysmon,start,-,-,-,-,-,x86_64,admin,612eed94-10de-48e9-b9de-7108e40bddcc,"fe80::d592:a7d7:c0fb:10f9, 10.0.2.16, fe80::298d:fd6:72cd:b0a3, 172.19.96.11","08:00:27:7c:f3:ae, 08:00:27:4c:ba:b7",admin,19044.1889,windows,10.0.19041.1889 (WinBuild.160101.0800),Windows 10 Enterprise Evaluation,Windows 10 Enterprise Evaluation,windows,windows,10,information,"Process Create:
RuleName: -
UtcTime: 2022-10-22 18:37:06.226
ProcessGuid: {612eed94-3852-6354-5201-000000001f00}
ProcessId: 6544
Image: C:\Windows\System32\SearchFilterHost.exe
FileVersion: 7.0.19041.1865 (WinBuild.160101.0800)
Description: Microsoft Windows Search Filter Host
Product: Windows® Search
Company: Microsoft Corporation
OriginalFileName: SearchFilterHost.exe
CommandLine: ""C:\Windows\system32\SearchFilterHost.exe"" 0 796 800 808 8192 804 780 
CurrentDirectory: C:\Windows\system32\
User: NT AUTHORITY\SYSTEM
LogonGuid: {612eed94-3465-6354-e703-000000000000}
LogonId: 0x3E7
TerminalSessionId: 0
IntegrityLevel: Medium
Hashes: MD5=0F423D1F8CB44280566E7248EB0AD4DA,SHA256=3F09D87197A80251A55BF2D819BAE9AB7B1791AC31E96413E0C06FAA21A0A169,IMPHASH=25975932FE65B44EA2DD939DC008D453
ParentProcessGuid: {00000000-0000-0000-0000-000000000000}
ParentProcessId: 2536
ParentImage: -
ParentCommandLine: -
ParentUser: -",-,"C:\Windows\system32\SearchFilterHost.exe, 0, 796, 800, 808, 8192, 804, 780",8,"""C:\Windows\system32\SearchFilterHost.exe"" 0 796 800 808 8192 804 780 ","""C:\Windows\system32\SearchFilterHost.exe"" 0 796 800 808 8192 804 780 ",{612eed94-3852-6354-5201-000000001f00},C:\Windows\System32\SearchFilterHost.exe,C:\Windows\System32\SearchFilterHost.exe,0f423d1f8cb44280566e7248eb0ad4da,3f09d87197a80251a55bf2d819bae9ab7b1791ac31e96413e0c06faa21a0a169,SearchFilterHost.exe,SearchFilterHost.exe,-,1,-,-,{00000000-0000-0000-0000-000000000000},-,-,-,-,2536,Microsoft Corporation,Microsoft Windows Search Filter Host,7.0.19041.1865 (WinBuild.160101.0800),25975932fe65b44ea2dd939dc008d453,SearchFilterHost.exe,Windows® Search,6544,C:\Windows\system32\,C:\Windows\system32\,-,-,-,-,"3f09d87197a80251a55bf2d819bae9ab7b1791ac31e96413e0c06faa21a0a169, 0f423d1f8cb44280566e7248eb0ad4da, 25975932fe65b44ea2dd939dc008d453",-,-,SYSTEM,-,-,NT AUTHORITY,S-1-5-18,SYSTEM,SYSTEM,wineventlog,Microsoft-Windows-Sysmon/Operational,admin,Microsoft Corporation,-,Microsoft Windows Search Filter Host,-,7.0.19041.1865 (WinBuild.160101.0800),Medium,{612eed94-3465-6354-e703-000000000000},0x3e7,-,Windows® Search,0,1,Info,"2,260","2,772",{5770385f-c22a-43e0-bf4c-06f5698ffbd9},Microsoft-Windows-Sysmon,6242,Process Create (rule: ProcessCreate),NT AUTHORITY,S-1-5-18,SYSTEM,User,5
"Oct 23, 2022 @ 02:37:12.656",t0X8AIQBHC0TB3lJjqgh,.ds-winlogbeat-8.2.3-2022.10.22-000001,-,328b516e-a0ac-4310-8b30-40bfab86de53,admin,6f94e196-447e-4d41-8eea-e6c40bba83e4,admin,winlogbeat,8.2.3,-,-,-,-,1.12.0,File created (rule: FileCreate),file,11,"Oct 23, 2022 @ 02:37:13.761","Oct 23, 2022 @ 02:37:42.305",event,sysmon,Microsoft-Windows-Sysmon,creation,C:\Users\AdministratorDB\AppData\Local\Microsoft\CLR_v4.0_32\UsageLogs,log,powershell.exe.log,C:\Users\AdministratorDB\AppData\Local\Microsoft\CLR_v4.0_32\UsageLogs\powershell.exe.log,C:\Users\AdministratorDB\AppData\Local\Microsoft\CLR_v4.0_32\UsageLogs\powershell.exe.log,x86_64,admin,612eed94-10de-48e9-b9de-7108e40bddcc,"fe80::d592:a7d7:c0fb:10f9, 10.0.2.16, fe80::298d:fd6:72cd:b0a3, 172.19.96.11","08:00:27:7c:f3:ae, 08:00:27:4c:ba:b7",admin,19044.1889,windows,10.0.19041.1889 (WinBuild.160101.0800),Windows 10 Enterprise Evaluation,Windows 10 Enterprise Evaluation,windows,windows,10,information,"File created:
RuleName: ProcessHostingdotNETCode
UtcTime: 2022-10-22 18:37:12.656
ProcessGuid: {612eed94-37b9-6354-3001-000000001f00}
ProcessId: 1412
Image: C:\Users\AdministratorDB\Desktop\bin\bin\Ransomware.exe
TargetFilename: C:\Users\AdministratorDB\AppData\Local\Microsoft\CLR_v4.0_32\UsageLogs\powershell.exe.log
CreationUtcTime: 2022-10-22 18:37:12.656
User: ADMIN\AdministratorDB",-,-,-,-,-,{612eed94-37b9-6354-3001-000000001f00},C:\Users\AdministratorDB\Desktop\bin\bin\Ransomware.exe,C:\Users\AdministratorDB\Desktop\bin\bin\Ransomware.exe,-,-,Ransomware.exe,Ransomware.exe,-,-,-,-,-,-,-,-,-,-,-,-,-,-,-,-,1412,-,-,-,-,-,-,-,-,-,AdministratorDB,ProcessHostingdotNETCode,-,ADMIN,S-1-5-18,AdministratorDB,AdministratorDB,wineventlog,Microsoft-Windows-Sysmon/Operational,admin,-,37:12.7,-,-,-,-,-,-,-,-,-,11,Info,"2,260","2,772",{5770385f-c22a-43e0-bf4c-06f5698ffbd9},Microsoft-Windows-Sysmon,6243,File created (rule: FileCreate),NT AUTHORITY,S-1-5-18,SYSTEM,User,2
"Oct 23, 2022 @ 02:37:14.461",uEX8AIQBHC0TB3lJlqgP,.ds-winlogbeat-8.2.3-2022.10.22-000001,-,328b516e-a0ac-4310-8b30-40bfab86de53,admin,6f94e196-447e-4d41-8eea-e6c40bba83e4,admin,winlogbeat,8.2.3,-,-,-,-,1.12.0,File created (rule: FileCreate),file,11,"Oct 23, 2022 @ 02:37:15.458","Oct 23, 2022 @ 02:37:44.334",event,sysmon,Microsoft-Windows-Sysmon,creation,C:\Users\AdministratorDB\AppData\Local\Microsoft\OneDrive\19.043.0304.0013,bat,CollectSyncLogs.bat,C:\Users\AdministratorDB\AppData\Local\Microsoft\OneDrive\19.043.0304.0013\CollectSyncLogs.bat,C:\Users\AdministratorDB\AppData\Local\Microsoft\OneDrive\19.043.0304.0013\CollectSyncLogs.bat,x86_64,admin,612eed94-10de-48e9-b9de-7108e40bddcc,"fe80::d592:a7d7:c0fb:10f9, 10.0.2.16, fe80::298d:fd6:72cd:b0a3, 172.19.96.11","08:00:27:7c:f3:ae, 08:00:27:4c:ba:b7",admin,19044.1889,windows,10.0.19041.1889 (WinBuild.160101.0800),Windows 10 Enterprise Evaluation,Windows 10 Enterprise Evaluation,windows,windows,10,information,"File created:
RuleName: -
UtcTime: 2022-10-22 18:37:14.461
ProcessGuid: {612eed94-37b9-6354-3001-000000001f00}
ProcessId: 1412
Image: C:\Users\AdministratorDB\Desktop\bin\bin\Ransomware.exe
TargetFilename: C:\Users\AdministratorDB\AppData\Local\Microsoft\OneDrive\19.043.0304.0013\CollectSyncLogs.bat
CreationUtcTime: 2022-10-22 18:37:14.461
User: ADMIN\AdministratorDB",-,-,-,-,-,{612eed94-37b9-6354-3001-000000001f00},C:\Users\AdministratorDB\Desktop\bin\bin\Ransomware.exe,C:\Users\AdministratorDB\Desktop\bin\bin\Ransomware.exe,-,-,Ransomware.exe,Ransomware.exe,-,-,-,-,-,-,-,-,-,-,-,-,-,-,-,-,1412,-,-,-,-,-,-,-,-,-,AdministratorDB,-,-,ADMIN,S-1-5-18,AdministratorDB,AdministratorDB,wineventlog,Microsoft-Windows-Sysmon/Operational,admin,-,37:14.5,-,-,-,-,-,-,-,-,-,11,Info,"2,260","2,772",{5770385f-c22a-43e0-bf4c-06f5698ffbd9},Microsoft-Windows-Sysmon,6244,File created (rule: FileCreate),NT AUTHORITY,S-1-5-18,SYSTEM,User,2
"Oct 23, 2022 @ 02:37:17.242",uUX8AIQBHC0TB3lJpajs,.ds-winlogbeat-8.2.3-2022.10.22-000001,-,328b516e-a0ac-4310-8b30-40bfab86de53,admin,6f94e196-447e-4d41-8eea-e6c40bba83e4,admin,winlogbeat,8.2.3,-,-,-,-,1.12.0,File created (rule: FileCreate),file,11,"Oct 23, 2022 @ 02:37:18.886","Oct 23, 2022 @ 02:37:48.396",event,sysmon,Microsoft-Windows-Sysmon,creation,C:\Users\AdministratorDB\AppData\Local\Packages\Microsoft.MicrosoftOfficeHub_8wekyb3d8bbwe\LocalCache\Local\Microsoft\CLR_v4.0\UsageLogs,log,LocalBridge.exe.log,C:\Users\AdministratorDB\AppData\Local\Packages\Microsoft.MicrosoftOfficeHub_8wekyb3d8bbwe\LocalCache\Local\Microsoft\CLR_v4.0\UsageLogs\LocalBridge.exe.log,C:\Users\AdministratorDB\AppData\Local\Packages\Microsoft.MicrosoftOfficeHub_8wekyb3d8bbwe\LocalCache\Local\Microsoft\CLR_v4.0\UsageLogs\LocalBridge.exe.log,x86_64,admin,612eed94-10de-48e9-b9de-7108e40bddcc,"fe80::d592:a7d7:c0fb:10f9, 10.0.2.16, fe80::298d:fd6:72cd:b0a3, 172.19.96.11","08:00:27:7c:f3:ae, 08:00:27:4c:ba:b7",admin,19044.1889,windows,10.0.19041.1889 (WinBuild.160101.0800),Windows 10 Enterprise Evaluation,Windows 10 Enterprise Evaluation,windows,windows,10,information,"File created:
RuleName: ProcessHostingdotNETCode
UtcTime: 2022-10-22 18:37:17.242
ProcessGuid: {612eed94-37b9-6354-3001-000000001f00}
ProcessId: 1412
Image: C:\Users\AdministratorDB\Desktop\bin\bin\Ransomware.exe
TargetFilename: C:\Users\AdministratorDB\AppData\Local\Packages\Microsoft.MicrosoftOfficeHub_8wekyb3d8bbwe\LocalCache\Local\Microsoft\CLR_v4.0\UsageLogs\LocalBridge.exe.log
CreationUtcTime: 2022-10-22 18:37:17.242
User: ADMIN\AdministratorDB",-,-,-,-,-,{612eed94-37b9-6354-3001-000000001f00},C:\Users\AdministratorDB\Desktop\bin\bin\Ransomware.exe,C:\Users\AdministratorDB\Desktop\bin\bin\Ransomware.exe,-,-,Ransomware.exe,Ransomware.exe,-,-,-,-,-,-,-,-,-,-,-,-,-,-,-,-,1412,-,-,-,-,-,-,-,-,-,AdministratorDB,ProcessHostingdotNETCode,-,ADMIN,S-1-5-18,AdministratorDB,AdministratorDB,wineventlog,Microsoft-Windows-Sysmon/Operational,admin,-,37:17.2,-,-,-,-,-,-,-,-,-,11,Info,"2,260","2,772",{5770385f-c22a-43e0-bf4c-06f5698ffbd9},Microsoft-Windows-Sysmon,6245,File created (rule: FileCreate),NT AUTHORITY,S-1-5-18,SYSTEM,User,2
"Oct 23, 2022 @ 02:37:21.924",ukX8AIQBHC0TB3lJuqgy,.ds-winlogbeat-8.2.3-2022.10.22-000001,-,328b516e-a0ac-4310-8b30-40bfab86de53,admin,6f94e196-447e-4d41-8eea-e6c40bba83e4,admin,winlogbeat,8.2.3,-,-,-,-,1.12.0,File created (rule: FileCreate),file,11,"Oct 23, 2022 @ 02:37:22.977","Oct 23, 2022 @ 02:37:53.583",event,sysmon,Microsoft-Windows-Sysmon,creation,C:\Users\AdministratorDB\AppData\Local\Temp\RarSFX0,bat,a.bat,C:\Users\AdministratorDB\AppData\Local\Temp\RarSFX0\a.bat,C:\Users\AdministratorDB\AppData\Local\Temp\RarSFX0\a.bat,x86_64,admin,612eed94-10de-48e9-b9de-7108e40bddcc,"fe80::d592:a7d7:c0fb:10f9, 10.0.2.16, fe80::298d:fd6:72cd:b0a3, 172.19.96.11","08:00:27:7c:f3:ae, 08:00:27:4c:ba:b7",admin,19044.1889,windows,10.0.19041.1889 (WinBuild.160101.0800),Windows 10 Enterprise Evaluation,Windows 10 Enterprise Evaluation,windows,windows,10,information,"File created:
RuleName: -
UtcTime: 2022-10-22 18:37:21.924
ProcessGuid: {612eed94-37b9-6354-3001-000000001f00}
ProcessId: 1412
Image: C:\Users\AdministratorDB\Desktop\bin\bin\Ransomware.exe
TargetFilename: C:\Users\AdministratorDB\AppData\Local\Temp\RarSFX0\a.bat
CreationUtcTime: 2022-10-22 18:37:21.924
User: ADMIN\AdministratorDB",-,-,-,-,-,{612eed94-37b9-6354-3001-000000001f00},C:\Users\AdministratorDB\Desktop\bin\bin\Ransomware.exe,C:\Users\AdministratorDB\Desktop\bin\bin\Ransomware.exe,-,-,Ransomware.exe,Ransomware.exe,-,-,-,-,-,-,-,-,-,-,-,-,-,-,-,-,1412,-,-,-,-,-,-,-,-,-,AdministratorDB,-,-,ADMIN,S-1-5-18,AdministratorDB,AdministratorDB,wineventlog,Microsoft-Windows-Sysmon/Operational,admin,-,37:21.9,-,-,-,-,-,-,-,-,-,11,Info,"2,260","2,772",{5770385f-c22a-43e0-bf4c-06f5698ffbd9},Microsoft-Windows-Sysmon,6246,File created (rule: FileCreate),NT AUTHORITY,S-1-5-18,SYSTEM,User,2
"Oct 23, 2022 @ 02:37:22.027",u0X8AIQBHC0TB3lJuqgy,.ds-winlogbeat-8.2.3-2022.10.22-000001,-,328b516e-a0ac-4310-8b30-40bfab86de53,admin,6f94e196-447e-4d41-8eea-e6c40bba83e4,admin,winlogbeat,8.2.3,-,-,-,-,1.12.0,File created (rule: FileCreate),file,11,"Oct 23, 2022 @ 02:37:22.977","Oct 23, 2022 @ 02:37:53.583",event,sysmon,Microsoft-Windows-Sysmon,creation,C:\Users\AdministratorDB\AppData\Roaming\Microsoft\Windows\Start Menu,ini,desktop.ini,C:\Users\AdministratorDB\AppData\Roaming\Microsoft\Windows\Start Menu\desktop.ini,C:\Users\AdministratorDB\AppData\Roaming\Microsoft\Windows\Start Menu\desktop.ini,x86_64,admin,612eed94-10de-48e9-b9de-7108e40bddcc,"fe80::d592:a7d7:c0fb:10f9, 10.0.2.16, fe80::298d:fd6:72cd:b0a3, 172.19.96.11","08:00:27:7c:f3:ae, 08:00:27:4c:ba:b7",admin,19044.1889,windows,10.0.19041.1889 (WinBuild.160101.0800),Windows 10 Enterprise Evaluation,Windows 10 Enterprise Evaluation,windows,windows,10,information,"File created:
RuleName: T1023
UtcTime: 2022-10-22 18:37:22.027
ProcessGuid: {612eed94-37b9-6354-3001-000000001f00}
ProcessId: 1412
Image: C:\Users\AdministratorDB\Desktop\bin\bin\Ransomware.exe
TargetFilename: C:\Users\AdministratorDB\AppData\Roaming\Microsoft\Windows\Start Menu\desktop.ini
CreationUtcTime: 2022-10-22 18:37:22.027
User: ADMIN\AdministratorDB",-,-,-,-,-,{612eed94-37b9-6354-3001-000000001f00},C:\Users\AdministratorDB\Desktop\bin\bin\Ransomware.exe,C:\Users\AdministratorDB\Desktop\bin\bin\Ransomware.exe,-,-,Ransomware.exe,Ransomware.exe,-,-,-,-,-,-,-,-,-,-,-,-,-,-,-,-,1412,-,-,-,-,-,-,-,-,-,AdministratorDB,T1023,-,ADMIN,S-1-5-18,AdministratorDB,AdministratorDB,wineventlog,Microsoft-Windows-Sysmon/Operational,admin,-,37:22.0,-,-,-,-,-,-,-,-,-,11,Info,"2,260","2,772",{5770385f-c22a-43e0-bf4c-06f5698ffbd9},Microsoft-Windows-Sysmon,6247,File created (rule: FileCreate),NT AUTHORITY,S-1-5-18,SYSTEM,User,2
"Oct 23, 2022 @ 02:37:22.038",vEX8AIQBHC0TB3lJuqgy,.ds-winlogbeat-8.2.3-2022.10.22-000001,-,328b516e-a0ac-4310-8b30-40bfab86de53,admin,6f94e196-447e-4d41-8eea-e6c40bba83e4,admin,winlogbeat,8.2.3,-,-,-,-,1.12.0,File created (rule: FileCreate),file,11,"Oct 23, 2022 @ 02:37:22.977","Oct 23, 2022 @ 02:37:53.584",event,sysmon,Microsoft-Windows-Sysmon,creation,C:\Users\AdministratorDB\AppData\Roaming\Microsoft\Windows\Start Menu\Programs,ini,desktop.ini,C:\Users\AdministratorDB\AppData\Roaming\Microsoft\Windows\Start Menu\Programs\desktop.ini,C:\Users\AdministratorDB\AppData\Roaming\Microsoft\Windows\Start Menu\Programs\desktop.ini,x86_64,admin,612eed94-10de-48e9-b9de-7108e40bddcc,"fe80::d592:a7d7:c0fb:10f9, 10.0.2.16, fe80::298d:fd6:72cd:b0a3, 172.19.96.11","08:00:27:7c:f3:ae, 08:00:27:4c:ba:b7",admin,19044.1889,windows,10.0.19041.1889 (WinBuild.160101.0800),Windows 10 Enterprise Evaluation,Windows 10 Enterprise Evaluation,windows,windows,10,information,"File created:
RuleName: T1023
UtcTime: 2022-10-22 18:37:22.038
ProcessGuid: {612eed94-37b9-6354-3001-000000001f00}
ProcessId: 1412
Image: C:\Users\AdministratorDB\Desktop\bin\bin\Ransomware.exe
TargetFilename: C:\Users\AdministratorDB\AppData\Roaming\Microsoft\Windows\Start Menu\Programs\desktop.ini
CreationUtcTime: 2022-10-22 18:37:22.037
User: ADMIN\AdministratorDB",-,-,-,-,-,{612eed94-37b9-6354-3001-000000001f00},C:\Users\AdministratorDB\Desktop\bin\bin\Ransomware.exe,C:\Users\AdministratorDB\Desktop\bin\bin\Ransomware.exe,-,-,Ransomware.exe,Ransomware.exe,-,-,-,-,-,-,-,-,-,-,-,-,-,-,-,-,1412,-,-,-,-,-,-,-,-,-,AdministratorDB,T1023,-,ADMIN,S-1-5-18,AdministratorDB,AdministratorDB,wineventlog,Microsoft-Windows-Sysmon/Operational,admin,-,37:22.0,-,-,-,-,-,-,-,-,-,11,Info,"2,260","2,772",{5770385f-c22a-43e0-bf4c-06f5698ffbd9},Microsoft-Windows-Sysmon,6248,File created (rule: FileCreate),NT AUTHORITY,S-1-5-18,SYSTEM,User,2
"Oct 23, 2022 @ 02:37:22.050",vUX8AIQBHC0TB3lJuqgy,.ds-winlogbeat-8.2.3-2022.10.22-000001,-,328b516e-a0ac-4310-8b30-40bfab86de53,admin,6f94e196-447e-4d41-8eea-e6c40bba83e4,admin,winlogbeat,8.2.3,-,-,-,-,1.12.0,File created (rule: FileCreate),file,11,"Oct 23, 2022 @ 02:37:22.978","Oct 23, 2022 @ 02:37:53.584",event,sysmon,Microsoft-Windows-Sysmon,creation,C:\Users\AdministratorDB\AppData\Roaming\Microsoft\Windows\Start Menu\Programs\Accessibility,ini,desktop.ini,C:\Users\AdministratorDB\AppData\Roaming\Microsoft\Windows\Start Menu\Programs\Accessibility\desktop.ini,C:\Users\AdministratorDB\AppData\Roaming\Microsoft\Windows\Start Menu\Programs\Accessibility\desktop.ini,x86_64,admin,612eed94-10de-48e9-b9de-7108e40bddcc,"fe80::d592:a7d7:c0fb:10f9, 10.0.2.16, fe80::298d:fd6:72cd:b0a3, 172.19.96.11","08:00:27:7c:f3:ae, 08:00:27:4c:ba:b7",admin,19044.1889,windows,10.0.19041.1889 (WinBuild.160101.0800),Windows 10 Enterprise Evaluation,Windows 10 Enterprise Evaluation,windows,windows,10,information,"File created:
RuleName: T1023
UtcTime: 2022-10-22 18:37:22.050
ProcessGuid: {612eed94-37b9-6354-3001-000000001f00}
ProcessId: 1412
Image: C:\Users\AdministratorDB\Desktop\bin\bin\Ransomware.exe
TargetFilename: C:\Users\AdministratorDB\AppData\Roaming\Microsoft\Windows\Start Menu\Programs\Accessibility\desktop.ini
CreationUtcTime: 2022-10-22 18:37:22.050
User: ADMIN\AdministratorDB",-,-,-,-,-,{612eed94-37b9-6354-3001-000000001f00},C:\Users\AdministratorDB\Desktop\bin\bin\Ransomware.exe,C:\Users\AdministratorDB\Desktop\bin\bin\Ransomware.exe,-,-,Ransomware.exe,Ransomware.exe,-,-,-,-,-,-,-,-,-,-,-,-,-,-,-,-,1412,-,-,-,-,-,-,-,-,-,AdministratorDB,T1023,-,ADMIN,S-1-5-18,AdministratorDB,AdministratorDB,wineventlog,Microsoft-Windows-Sysmon/Operational,admin,-,37:22.0,-,-,-,-,-,-,-,-,-,11,Info,"2,260","2,772",{5770385f-c22a-43e0-bf4c-06f5698ffbd9},Microsoft-Windows-Sysmon,6249,File created (rule: FileCreate),NT AUTHORITY,S-1-5-18,SYSTEM,User,2
