"Oct 23, 2022 @ 02:37:22.062",vkX8AIQBHC0TB3lJuqgy,.ds-winlogbeat-8.2.3-2022.10.22-000001,-,328b516e-a0ac-4310-8b30-40bfab86de53,admin,6f94e196-447e-4d41-8eea-e6c40bba83e4,admin,winlogbeat,8.2.3,-,-,-,-,1.12.0,File created (rule: FileCreate),file,11,"Oct 23, 2022 @ 02:37:22.978","Oct 23, 2022 @ 02:37:53.584",event,sysmon,Microsoft-Windows-Sysmon,creation,C:\Users\AdministratorDB\AppData\Roaming\Microsoft\Windows\Start Menu\Programs\Accessories,ini,desktop.ini,C:\Users\AdministratorDB\AppData\Roaming\Microsoft\Windows\Start Menu\Programs\Accessories\desktop.ini,C:\Users\AdministratorDB\AppData\Roaming\Microsoft\Windows\Start Menu\Programs\Accessories\desktop.ini,x86_64,admin,612eed94-10de-48e9-b9de-7108e40bddcc,"fe80::d592:a7d7:c0fb:10f9, 10.0.2.16, fe80::298d:fd6:72cd:b0a3, 172.19.96.11","08:00:27:7c:f3:ae, 08:00:27:4c:ba:b7",admin,19044.1889,windows,10.0.19041.1889 (WinBuild.160101.0800),Windows 10 Enterprise Evaluation,Windows 10 Enterprise Evaluation,windows,windows,10,information,"File created:
RuleName: T1023
UtcTime: 2022-10-22 18:37:22.062
ProcessGuid: {612eed94-37b9-6354-3001-000000001f00}
ProcessId: 1412
Image: C:\Users\AdministratorDB\Desktop\bin\bin\Ransomware.exe
TargetFilename: C:\Users\AdministratorDB\AppData\Roaming\Microsoft\Windows\Start Menu\Programs\Accessories\desktop.ini
CreationUtcTime: 2022-10-22 18:37:22.062
User: ADMIN\AdministratorDB",-,-,-,-,-,{612eed94-37b9-6354-3001-000000001f00},C:\Users\AdministratorDB\Desktop\bin\bin\Ransomware.exe,C:\Users\AdministratorDB\Desktop\bin\bin\Ransomware.exe,-,-,Ransomware.exe,Ransomware.exe,-,-,-,-,-,-,-,-,-,-,-,-,-,-,-,-,1412,-,-,-,-,-,-,-,-,-,AdministratorDB,T1023,-,ADMIN,S-1-5-18,AdministratorDB,AdministratorDB,wineventlog,Microsoft-Windows-Sysmon/Operational,admin,-,37:22.1,-,-,-,-,-,-,-,-,-,11,Info,"2,260","2,772",{5770385f-c22a-43e0-bf4c-06f5698ffbd9},Microsoft-Windows-Sysmon,6250,File created (rule: FileCreate),NT AUTHORITY,S-1-5-18,SYSTEM,User,2
"Oct 23, 2022 @ 02:37:22.074",v0X8AIQBHC0TB3lJuqgy,.ds-winlogbeat-8.2.3-2022.10.22-000001,-,328b516e-a0ac-4310-8b30-40bfab86de53,admin,6f94e196-447e-4d41-8eea-e6c40bba83e4,admin,winlogbeat,8.2.3,-,-,-,-,1.12.0,File created (rule: FileCreate),file,11,"Oct 23, 2022 @ 02:37:22.978","Oct 23, 2022 @ 02:37:53.585",event,sysmon,Microsoft-Windows-Sysmon,creation,C:\Users\AdministratorDB\AppData\Roaming\Microsoft\Windows\Start Menu\Programs\Administrative Tools,ini,desktop.ini,C:\Users\AdministratorDB\AppData\Roaming\Microsoft\Windows\Start Menu\Programs\Administrative Tools\desktop.ini,C:\Users\AdministratorDB\AppData\Roaming\Microsoft\Windows\Start Menu\Programs\Administrative Tools\desktop.ini,x86_64,admin,612eed94-10de-48e9-b9de-7108e40bddcc,"fe80::d592:a7d7:c0fb:10f9, 10.0.2.16, fe80::298d:fd6:72cd:b0a3, 172.19.96.11","08:00:27:7c:f3:ae, 08:00:27:4c:ba:b7",admin,19044.1889,windows,10.0.19041.1889 (WinBuild.160101.0800),Windows 10 Enterprise Evaluation,Windows 10 Enterprise Evaluation,windows,windows,10,information,"File created:
RuleName: T1023
UtcTime: 2022-10-22 18:37:22.074
ProcessGuid: {612eed94-37b9-6354-3001-000000001f00}
ProcessId: 1412
Image: C:\Users\AdministratorDB\Desktop\bin\bin\Ransomware.exe
TargetFilename: C:\Users\AdministratorDB\AppData\Roaming\Microsoft\Windows\Start Menu\Programs\Administrative Tools\desktop.ini
CreationUtcTime: 2022-10-22 18:37:22.074
User: ADMIN\AdministratorDB",-,-,-,-,-,{612eed94-37b9-6354-3001-000000001f00},C:\Users\AdministratorDB\Desktop\bin\bin\Ransomware.exe,C:\Users\AdministratorDB\Desktop\bin\bin\Ransomware.exe,-,-,Ransomware.exe,Ransomware.exe,-,-,-,-,-,-,-,-,-,-,-,-,-,-,-,-,1412,-,-,-,-,-,-,-,-,-,AdministratorDB,T1023,-,ADMIN,S-1-5-18,AdministratorDB,AdministratorDB,wineventlog,Microsoft-Windows-Sysmon/Operational,admin,-,37:22.1,-,-,-,-,-,-,-,-,-,11,Info,"2,260","2,772",{5770385f-c22a-43e0-bf4c-06f5698ffbd9},Microsoft-Windows-Sysmon,6251,File created (rule: FileCreate),NT AUTHORITY,S-1-5-18,SYSTEM,User,2
"Oct 23, 2022 @ 02:37:22.086",wEX8AIQBHC0TB3lJuqgy,.ds-winlogbeat-8.2.3-2022.10.22-000001,-,328b516e-a0ac-4310-8b30-40bfab86de53,admin,6f94e196-447e-4d41-8eea-e6c40bba83e4,admin,winlogbeat,8.2.3,-,-,-,-,1.12.0,File created (rule: FileCreate),file,11,"Oct 23, 2022 @ 02:37:22.978","Oct 23, 2022 @ 02:37:53.585",event,sysmon,Microsoft-Windows-Sysmon,creation,C:\Users\AdministratorDB\AppData\Roaming\Microsoft\Windows\Start Menu\Programs\Maintenance,ini,Desktop.ini,C:\Users\AdministratorDB\AppData\Roaming\Microsoft\Windows\Start Menu\Programs\Maintenance\Desktop.ini,C:\Users\AdministratorDB\AppData\Roaming\Microsoft\Windows\Start Menu\Programs\Maintenance\Desktop.ini,x86_64,admin,612eed94-10de-48e9-b9de-7108e40bddcc,"fe80::d592:a7d7:c0fb:10f9, 10.0.2.16, fe80::298d:fd6:72cd:b0a3, 172.19.96.11","08:00:27:7c:f3:ae, 08:00:27:4c:ba:b7",admin,19044.1889,windows,10.0.19041.1889 (WinBuild.160101.0800),Windows 10 Enterprise Evaluation,Windows 10 Enterprise Evaluation,windows,windows,10,information,"File created:
RuleName: T1023
UtcTime: 2022-10-22 18:37:22.086
ProcessGuid: {612eed94-37b9-6354-3001-000000001f00}
ProcessId: 1412
Image: C:\Users\AdministratorDB\Desktop\bin\bin\Ransomware.exe
TargetFilename: C:\Users\AdministratorDB\AppData\Roaming\Microsoft\Windows\Start Menu\Programs\Maintenance\Desktop.ini
CreationUtcTime: 2022-10-22 18:37:22.086
User: ADMIN\AdministratorDB",-,-,-,-,-,{612eed94-37b9-6354-3001-000000001f00},C:\Users\AdministratorDB\Desktop\bin\bin\Ransomware.exe,C:\Users\AdministratorDB\Desktop\bin\bin\Ransomware.exe,-,-,Ransomware.exe,Ransomware.exe,-,-,-,-,-,-,-,-,-,-,-,-,-,-,-,-,1412,-,-,-,-,-,-,-,-,-,AdministratorDB,T1023,-,ADMIN,S-1-5-18,AdministratorDB,AdministratorDB,wineventlog,Microsoft-Windows-Sysmon/Operational,admin,-,37:22.1,-,-,-,-,-,-,-,-,-,11,Info,"2,260","2,772",{5770385f-c22a-43e0-bf4c-06f5698ffbd9},Microsoft-Windows-Sysmon,6252,File created (rule: FileCreate),NT AUTHORITY,S-1-5-18,SYSTEM,User,2
"Oct 23, 2022 @ 02:37:22.094",wUX8AIQBHC0TB3lJuqgy,.ds-winlogbeat-8.2.3-2022.10.22-000001,-,328b516e-a0ac-4310-8b30-40bfab86de53,admin,6f94e196-447e-4d41-8eea-e6c40bba83e4,admin,winlogbeat,8.2.3,-,-,-,-,1.12.0,File created (rule: FileCreate),file,11,"Oct 23, 2022 @ 02:37:22.978","Oct 23, 2022 @ 02:37:53.585",event,sysmon,Microsoft-Windows-Sysmon,creation,C:\Users\AdministratorDB\AppData\Roaming\Microsoft\Windows\Start Menu\Programs\Startup,ini,desktop.ini,C:\Users\AdministratorDB\AppData\Roaming\Microsoft\Windows\Start Menu\Programs\Startup\desktop.ini,C:\Users\AdministratorDB\AppData\Roaming\Microsoft\Windows\Start Menu\Programs\Startup\desktop.ini,x86_64,admin,612eed94-10de-48e9-b9de-7108e40bddcc,"fe80::d592:a7d7:c0fb:10f9, 10.0.2.16, fe80::298d:fd6:72cd:b0a3, 172.19.96.11","08:00:27:7c:f3:ae, 08:00:27:4c:ba:b7",admin,19044.1889,windows,10.0.19041.1889 (WinBuild.160101.0800),Windows 10 Enterprise Evaluation,Windows 10 Enterprise Evaluation,windows,windows,10,information,"File created:
RuleName: T1023
UtcTime: 2022-10-22 18:37:22.094
ProcessGuid: {612eed94-37b9-6354-3001-000000001f00}
ProcessId: 1412
Image: C:\Users\AdministratorDB\Desktop\bin\bin\Ransomware.exe
TargetFilename: C:\Users\AdministratorDB\AppData\Roaming\Microsoft\Windows\Start Menu\Programs\Startup\desktop.ini
CreationUtcTime: 2022-10-22 18:37:22.094
User: ADMIN\AdministratorDB",-,-,-,-,-,{612eed94-37b9-6354-3001-000000001f00},C:\Users\AdministratorDB\Desktop\bin\bin\Ransomware.exe,C:\Users\AdministratorDB\Desktop\bin\bin\Ransomware.exe,-,-,Ransomware.exe,Ransomware.exe,-,-,-,-,-,-,-,-,-,-,-,-,-,-,-,-,1412,-,-,-,-,-,-,-,-,-,AdministratorDB,T1023,-,ADMIN,S-1-5-18,AdministratorDB,AdministratorDB,wineventlog,Microsoft-Windows-Sysmon/Operational,admin,-,37:22.1,-,-,-,-,-,-,-,-,-,11,Info,"2,260","2,772",{5770385f-c22a-43e0-bf4c-06f5698ffbd9},Microsoft-Windows-Sysmon,6253,File created (rule: FileCreate),NT AUTHORITY,S-1-5-18,SYSTEM,User,2
"Oct 23, 2022 @ 02:37:22.103",wkX8AIQBHC0TB3lJuqgy,.ds-winlogbeat-8.2.3-2022.10.22-000001,-,328b516e-a0ac-4310-8b30-40bfab86de53,admin,6f94e196-447e-4d41-8eea-e6c40bba83e4,admin,winlogbeat,8.2.3,-,-,-,-,1.12.0,File created (rule: FileCreate),file,11,"Oct 23, 2022 @ 02:37:22.978","Oct 23, 2022 @ 02:37:53.585",event,sysmon,Microsoft-Windows-Sysmon,creation,C:\Users\AdministratorDB\AppData\Roaming\Microsoft\Windows\Start Menu\Programs\System Tools,ini,Desktop.ini,C:\Users\AdministratorDB\AppData\Roaming\Microsoft\Windows\Start Menu\Programs\System Tools\Desktop.ini,C:\Users\AdministratorDB\AppData\Roaming\Microsoft\Windows\Start Menu\Programs\System Tools\Desktop.ini,x86_64,admin,612eed94-10de-48e9-b9de-7108e40bddcc,"fe80::d592:a7d7:c0fb:10f9, 10.0.2.16, fe80::298d:fd6:72cd:b0a3, 172.19.96.11","08:00:27:7c:f3:ae, 08:00:27:4c:ba:b7",admin,19044.1889,windows,10.0.19041.1889 (WinBuild.160101.0800),Windows 10 Enterprise Evaluation,Windows 10 Enterprise Evaluation,windows,windows,10,information,"File created:
RuleName: T1023
UtcTime: 2022-10-22 18:37:22.103
ProcessGuid: {612eed94-37b9-6354-3001-000000001f00}
ProcessId: 1412
Image: C:\Users\AdministratorDB\Desktop\bin\bin\Ransomware.exe
TargetFilename: C:\Users\AdministratorDB\AppData\Roaming\Microsoft\Windows\Start Menu\Programs\System Tools\Desktop.ini
CreationUtcTime: 2022-10-22 18:37:22.103
User: ADMIN\AdministratorDB",-,-,-,-,-,{612eed94-37b9-6354-3001-000000001f00},C:\Users\AdministratorDB\Desktop\bin\bin\Ransomware.exe,C:\Users\AdministratorDB\Desktop\bin\bin\Ransomware.exe,-,-,Ransomware.exe,Ransomware.exe,-,-,-,-,-,-,-,-,-,-,-,-,-,-,-,-,1412,-,-,-,-,-,-,-,-,-,AdministratorDB,T1023,-,ADMIN,S-1-5-18,AdministratorDB,AdministratorDB,wineventlog,Microsoft-Windows-Sysmon/Operational,admin,-,37:22.1,-,-,-,-,-,-,-,-,-,11,Info,"2,260","2,772",{5770385f-c22a-43e0-bf4c-06f5698ffbd9},Microsoft-Windows-Sysmon,6254,File created (rule: FileCreate),NT AUTHORITY,S-1-5-18,SYSTEM,User,2
"Oct 23, 2022 @ 02:37:22.678",w0X8AIQBHC0TB3lJuqgy,.ds-winlogbeat-8.2.3-2022.10.22-000001,-,328b516e-a0ac-4310-8b30-40bfab86de53,admin,6f94e196-447e-4d41-8eea-e6c40bba83e4,admin,winlogbeat,8.2.3,-,-,-,-,1.12.0,File created (rule: FileCreate),file,11,"Oct 23, 2022 @ 02:37:22.978","Oct 23, 2022 @ 02:37:53.586",event,sysmon,Microsoft-Windows-Sysmon,creation,C:\Users\AdministratorDB\Desktop\Fee-Exfiltrate\seperate files,bat,a.bat,C:\Users\AdministratorDB\Desktop\Fee-Exfiltrate\seperate files\a.bat,C:\Users\AdministratorDB\Desktop\Fee-Exfiltrate\seperate files\a.bat,x86_64,admin,612eed94-10de-48e9-b9de-7108e40bddcc,"fe80::d592:a7d7:c0fb:10f9, 10.0.2.16, fe80::298d:fd6:72cd:b0a3, 172.19.96.11","08:00:27:7c:f3:ae, 08:00:27:4c:ba:b7",admin,19044.1889,windows,10.0.19041.1889 (WinBuild.160101.0800),Windows 10 Enterprise Evaluation,Windows 10 Enterprise Evaluation,windows,windows,10,information,"File created:
RuleName: -
UtcTime: 2022-10-22 18:37:22.678
ProcessGuid: {612eed94-37b9-6354-3001-000000001f00}
ProcessId: 1412
Image: C:\Users\AdministratorDB\Desktop\bin\bin\Ransomware.exe
TargetFilename: C:\Users\AdministratorDB\Desktop\Fee-Exfiltrate\seperate files\a.bat
CreationUtcTime: 2022-10-22 18:37:22.678
User: ADMIN\AdministratorDB",-,-,-,-,-,{612eed94-37b9-6354-3001-000000001f00},C:\Users\AdministratorDB\Desktop\bin\bin\Ransomware.exe,C:\Users\AdministratorDB\Desktop\bin\bin\Ransomware.exe,-,-,Ransomware.exe,Ransomware.exe,-,-,-,-,-,-,-,-,-,-,-,-,-,-,-,-,1412,-,-,-,-,-,-,-,-,-,AdministratorDB,-,-,ADMIN,S-1-5-18,AdministratorDB,AdministratorDB,wineventlog,Microsoft-Windows-Sysmon/Operational,admin,-,37:22.7,-,-,-,-,-,-,-,-,-,11,Info,"2,260","2,772",{5770385f-c22a-43e0-bf4c-06f5698ffbd9},Microsoft-Windows-Sysmon,6255,File created (rule: FileCreate),NT AUTHORITY,S-1-5-18,SYSTEM,User,2
"Oct 23, 2022 @ 02:37:22.832",xEX8AIQBHC0TB3lJvqgn,.ds-winlogbeat-8.2.3-2022.10.22-000001,-,328b516e-a0ac-4310-8b30-40bfab86de53,admin,6f94e196-447e-4d41-8eea-e6c40bba83e4,admin,winlogbeat,8.2.3,-,-,-,-,1.12.0,File created (rule: FileCreate),file,11,"Oct 23, 2022 @ 02:37:23.757","Oct 23, 2022 @ 02:37:54.597",event,sysmon,Microsoft-Windows-Sysmon,creation,C:\Users\AdministratorDB\Downloads,ini,desktop.ini,C:\Users\AdministratorDB\Downloads\desktop.ini,C:\Users\AdministratorDB\Downloads\desktop.ini,x86_64,admin,612eed94-10de-48e9-b9de-7108e40bddcc,"fe80::d592:a7d7:c0fb:10f9, 10.0.2.16, fe80::298d:fd6:72cd:b0a3, 172.19.96.11","08:00:27:7c:f3:ae, 08:00:27:4c:ba:b7",admin,19044.1889,windows,10.0.19041.1889 (WinBuild.160101.0800),Windows 10 Enterprise Evaluation,Windows 10 Enterprise Evaluation,windows,windows,10,information,"File created:
RuleName: Downloads
UtcTime: 2022-10-22 18:37:22.832
ProcessGuid: {612eed94-37b9-6354-3001-000000001f00}
ProcessId: 1412
Image: C:\Users\AdministratorDB\Desktop\bin\bin\Ransomware.exe
TargetFilename: C:\Users\AdministratorDB\Downloads\desktop.ini
CreationUtcTime: 2022-10-22 18:37:22.832
User: ADMIN\AdministratorDB",-,-,-,-,-,{612eed94-37b9-6354-3001-000000001f00},C:\Users\AdministratorDB\Desktop\bin\bin\Ransomware.exe,C:\Users\AdministratorDB\Desktop\bin\bin\Ransomware.exe,-,-,Ransomware.exe,Ransomware.exe,-,-,-,-,-,-,-,-,-,-,-,-,-,-,-,-,1412,-,-,-,-,-,-,-,-,-,AdministratorDB,Downloads,-,ADMIN,S-1-5-18,AdministratorDB,AdministratorDB,wineventlog,Microsoft-Windows-Sysmon/Operational,admin,-,37:22.8,-,-,-,-,-,-,-,-,-,11,Info,"2,260","2,772",{5770385f-c22a-43e0-bf4c-06f5698ffbd9},Microsoft-Windows-Sysmon,6256,File created (rule: FileCreate),NT AUTHORITY,S-1-5-18,SYSTEM,User,2
"Oct 23, 2022 @ 02:37:22.935",xUX8AIQBHC0TB3lJvqgn,.ds-winlogbeat-8.2.3-2022.10.22-000001,-,328b516e-a0ac-4310-8b30-40bfab86de53,admin,6f94e196-447e-4d41-8eea-e6c40bba83e4,admin,winlogbeat,8.2.3,-,-,-,-,1.12.0,Registry object added or deleted (rule: RegistryEvent),"configuration, registry",12,"Oct 23, 2022 @ 02:37:23.757","Oct 23, 2022 @ 02:37:54.598",event,sysmon,Microsoft-Windows-Sysmon,change,-,-,-,-,-,x86_64,admin,612eed94-10de-48e9-b9de-7108e40bddcc,"fe80::d592:a7d7:c0fb:10f9, 10.0.2.16, fe80::298d:fd6:72cd:b0a3, 172.19.96.11","08:00:27:7c:f3:ae, 08:00:27:4c:ba:b7",admin,19044.1889,windows,10.0.19041.1889 (WinBuild.160101.0800),Windows 10 Enterprise Evaluation,Windows 10 Enterprise Evaluation,windows,windows,10,information,"Registry object added or deleted:
RuleName: T1060,RunKey
EventType: DeleteValue
UtcTime: 2022-10-22 18:37:22.935
ProcessGuid: {612eed94-37b9-6354-3001-000000001f00}
ProcessId: 1412
Image: C:\Users\AdministratorDB\Desktop\bin\bin\Ransomware.exe
TargetObject: HKU\S-1-5-21-3636077943-3669489707-987131759-1002\SOFTWARE\Microsoft\Windows\CurrentVersion\Run\Ransomware
User: ADMIN\AdministratorDB",-,-,-,-,-,{612eed94-37b9-6354-3001-000000001f00},C:\Users\AdministratorDB\Desktop\bin\bin\Ransomware.exe,C:\Users\AdministratorDB\Desktop\bin\bin\Ransomware.exe,-,-,Ransomware.exe,Ransomware.exe,-,-,-,-,-,-,-,-,-,-,-,-,-,-,-,-,1412,-,-,HKU,S-1-5-21-3636077943-3669489707-987131759-1002\SOFTWARE\Microsoft\Windows\CurrentVersion\Run\Ransomware,HKU\S-1-5-21-3636077943-3669489707-987131759-1002\SOFTWARE\Microsoft\Windows\CurrentVersion\Run\Ransomware,Ransomware,-,-,-,AdministratorDB,"T1060,RunKey",-,ADMIN,S-1-5-18,AdministratorDB,AdministratorDB,wineventlog,Microsoft-Windows-Sysmon/Operational,admin,-,-,-,DeleteValue,-,-,-,-,-,-,-,12,Info,"2,260","2,772",{5770385f-c22a-43e0-bf4c-06f5698ffbd9},Microsoft-Windows-Sysmon,6257,Registry object added or deleted (rule: RegistryEvent),NT AUTHORITY,S-1-5-18,SYSTEM,User,2
"Oct 23, 2022 @ 02:38:01.153",yEX9AIQBHC0TB3lJdKi9,.ds-winlogbeat-8.2.3-2022.10.22-000001,-,328b516e-a0ac-4310-8b30-40bfab86de53,admin,6f94e196-447e-4d41-8eea-e6c40bba83e4,admin,winlogbeat,8.2.3,-,-,-,-,1.12.0,Process terminated (rule: ProcessTerminate),process,5,"Oct 23, 2022 @ 02:38:01.963","Oct 23, 2022 @ 02:38:41.333",event,sysmon,Microsoft-Windows-Sysmon,end,-,-,-,-,-,x86_64,admin,612eed94-10de-48e9-b9de-7108e40bddcc,"fe80::d592:a7d7:c0fb:10f9, 10.0.2.16, fe80::298d:fd6:72cd:b0a3, 172.19.96.11","08:00:27:7c:f3:ae, 08:00:27:4c:ba:b7",admin,19044.1889,windows,10.0.19041.1889 (WinBuild.160101.0800),Windows 10 Enterprise Evaluation,Windows 10 Enterprise Evaluation,windows,windows,10,information,"Process terminated:
RuleName: -
UtcTime: 2022-10-22 18:38:01.153
ProcessGuid: {612eed94-37b9-6354-3001-000000001f00}
ProcessId: 1412
Image: C:\Users\AdministratorDB\Desktop\bin\bin\Ransomware.exe
User: ADMIN\AdministratorDB",-,-,-,-,-,{612eed94-37b9-6354-3001-000000001f00},C:\Users\AdministratorDB\Desktop\bin\bin\Ransomware.exe,C:\Users\AdministratorDB\Desktop\bin\bin\Ransomware.exe,-,-,Ransomware.exe,Ransomware.exe,-,-,-,-,-,-,-,-,-,-,-,-,-,-,-,-,1412,-,-,-,-,-,-,-,-,-,AdministratorDB,-,-,ADMIN,S-1-5-18,AdministratorDB,AdministratorDB,wineventlog,Microsoft-Windows-Sysmon/Operational,admin,-,-,-,-,-,-,-,-,-,-,-,5,Info,"2,260","2,772",{5770385f-c22a-43e0-bf4c-06f5698ffbd9},Microsoft-Windows-Sysmon,6258,Process terminated (rule: ProcessTerminate),NT AUTHORITY,S-1-5-18,SYSTEM,User,3
"Oct 23, 2022 @ 02:38:01.165",yUX9AIQBHC0TB3lJdKi9,.ds-winlogbeat-8.2.3-2022.10.22-000001,-,328b516e-a0ac-4310-8b30-40bfab86de53,admin,6f94e196-447e-4d41-8eea-e6c40bba83e4,admin,winlogbeat,8.2.3,-,-,-,-,1.12.0,Process terminated (rule: ProcessTerminate),process,5,"Oct 23, 2022 @ 02:38:01.976","Oct 23, 2022 @ 02:38:41.340",event,sysmon,Microsoft-Windows-Sysmon,end,-,-,-,-,-,x86_64,admin,612eed94-10de-48e9-b9de-7108e40bddcc,"fe80::d592:a7d7:c0fb:10f9, 10.0.2.16, fe80::298d:fd6:72cd:b0a3, 172.19.96.11","08:00:27:7c:f3:ae, 08:00:27:4c:ba:b7",admin,19044.1889,windows,10.0.19041.1889 (WinBuild.160101.0800),Windows 10 Enterprise Evaluation,Windows 10 Enterprise Evaluation,windows,windows,10,information,"Process terminated:
RuleName: -
UtcTime: 2022-10-22 18:38:01.165
ProcessGuid: {612eed94-37b8-6354-2f01-000000001f00}
ProcessId: 6736
Image: C:\Users\AdministratorDB\Desktop\bin\bin\Ransomware.exe
User: ADMIN\AdministratorDB",-,-,-,-,-,{612eed94-37b8-6354-2f01-000000001f00},C:\Users\AdministratorDB\Desktop\bin\bin\Ransomware.exe,C:\Users\AdministratorDB\Desktop\bin\bin\Ransomware.exe,-,-,Ransomware.exe,Ransomware.exe,-,-,-,-,-,-,-,-,-,-,-,-,-,-,-,-,6736,-,-,-,-,-,-,-,-,-,AdministratorDB,-,-,ADMIN,S-1-5-18,AdministratorDB,AdministratorDB,wineventlog,Microsoft-Windows-Sysmon/Operational,admin,-,-,-,-,-,-,-,-,-,-,-,5,Info,"2,260","2,772",{5770385f-c22a-43e0-bf4c-06f5698ffbd9},Microsoft-Windows-Sysmon,6259,Process terminated (rule: ProcessTerminate),NT AUTHORITY,S-1-5-18,SYSTEM,User,3
