@timestamp,_id,_index,_score,agent.ephemeral_id,agent.hostname,agent.id,agent.name,agent.type,agent.version,dns.answers.data,dns.answers.type,dns.question.name,dns.resolved_ip,ecs.version,event.action,event.category,event.code,event.created,event.ingested,event.kind,event.module,event.provider,event.type,file.directory,file.extension,file.name,file.path,file.path.text,host.architecture,host.hostname,host.id,host.ip,host.mac,host.name,host.os.build,host.os.family,host.os.kernel,host.os.name,host.os.name.text,host.os.platform,host.os.type,host.os.version,log.level,message,network.protocol,process.args,process.args_count,process.command_line,process.command_line.text,process.entity_id,process.executable,process.executable.text,process.hash.md5,process.hash.sha256,process.name,process.name.text,process.parent.args,process.parent.args_count,process.parent.command_line,process.parent.command_line.text,process.parent.entity_id,process.parent.executable,process.parent.executable.text,process.parent.name,process.parent.name.text,process.parent.pid,process.pe.company,process.pe.description,process.pe.file_version,process.pe.imphash,process.pe.original_file_name,process.pe.product,process.pid,process.working_directory,process.working_directory.text,registry.hive,registry.key,registry.path,registry.value,related.hash,related.hosts,related.ip,related.user,rule.name,sysmon.dns.status,user.domain,user.id,user.name,user.name.text,winlog.api,winlog.channel,winlog.computer_name,winlog.event_data.Company,winlog.event_data.CreationUtcTime,winlog.event_data.Description,winlog.event_data.EventType,winlog.event_data.FileVersion,winlog.event_data.IntegrityLevel,winlog.event_data.LogonGuid,winlog.event_data.LogonId,winlog.event_data.ParentUser,winlog.event_data.Product,winlog.event_data.TerminalSessionId,winlog.event_id,winlog.opcode,winlog.process.pid,winlog.process.thread.id,winlog.provider_guid,winlog.provider_name,winlog.record_id,winlog.task,winlog.user.domain,winlog.user.identifier,winlog.user.name,winlog.user.type,winlog.version
"Oct 23, 2022 @ 02:34:17.282",Y0UCAYQBHC0TB3lJB6k5,.ds-winlogbeat-8.2.3-2022.10.22-000001,-,bf0ac5bf-d14e-4d89-a456-0a53ca157c24,victim,b15c43c7-63a1-423e-901b-f1acc6401711,victim,winlogbeat,8.2.3,-,-,-,-,1.12.0,Process Create (rule: ProcessCreate),process,1,"Oct 23, 2022 @ 02:34:18.387","Oct 23, 2022 @ 02:43:40.981",event,sysmon,Microsoft-Windows-Sysmon,start,-,-,-,-,-,x86_64,victim,461f0bd2-c182-413a-8a41-2a8e4accb4a9,"fe80::4959:93ba:69a6:522d, 10.0.2.15, fe80::91a8:3d9e:36ba:f548, 172.19.96.10","08:00:27:7c:f3:ae, 08:00:27:22:f7:3c",victim,19044.1889,windows,10.0.19041.1889 (WinBuild.160101.0800),Windows 10 Enterprise Evaluation,Windows 10 Enterprise Evaluation,windows,windows,10,information,"Process Create:
RuleName: -
UtcTime: 2022-10-22 18:34:17.282
ProcessGuid: {461f0bd2-37a9-6354-d000-000000002100}
ProcessId: 1536
Image: C:\Windows\System32\mstsc.exe
FileVersion: 10.0.19041.1682 (WinBuild.160101.0800)
Description: Remote Desktop Connection
Product: Microsoft® Windows® Operating System
Company: Microsoft Corporation
OriginalFileName: mstsc.exe
CommandLine: ""C:\Windows\system32\mstsc.exe"" 
CurrentDirectory: C:\Windows\system32\
User: VICTIM\Patricia Goh
LogonGuid: {461f0bd2-3423-6354-c6b6-030000000000}
LogonId: 0x3B6C6
TerminalSessionId: 1
IntegrityLevel: High
Hashes: MD5=4988A6CC3CAB9C16C0ADE8003208F4F8,SHA256=BF45FE2983C4E089B6BB2DE88CF25218465A0343F491E580BEB1021D6E41670E,IMPHASH=8ED9FD7812149E8C5396DE875FB2685E
ParentProcessGuid: {461f0bd2-3426-6354-5700-000000002100}
ParentProcessId: 2984
ParentImage: C:\Windows\explorer.exe
ParentCommandLine: C:\Windows\Explorer.EXE
ParentUser: VICTIM\Patricia Goh",-,C:\Windows\system32\mstsc.exe,1,"""C:\Windows\system32\mstsc.exe"" ","""C:\Windows\system32\mstsc.exe"" ",{461f0bd2-37a9-6354-d000-000000002100},C:\Windows\System32\mstsc.exe,C:\Windows\System32\mstsc.exe,4988a6cc3cab9c16c0ade8003208f4f8,bf45fe2983c4e089b6bb2de88cf25218465a0343f491e580beb1021d6e41670e,mstsc.exe,mstsc.exe,C:\Windows\Explorer.EXE,1,C:\Windows\Explorer.EXE,C:\Windows\Explorer.EXE,{461f0bd2-3426-6354-5700-000000002100},C:\Windows\explorer.exe,C:\Windows\explorer.exe,explorer.exe,explorer.exe,2984,Microsoft Corporation,Remote Desktop Connection,10.0.19041.1682 (WinBuild.160101.0800),8ed9fd7812149e8c5396de875fb2685e,mstsc.exe,Microsoft® Windows® Operating System,1536,C:\Windows\system32\,C:\Windows\system32\,-,-,-,-,"bf45fe2983c4e089b6bb2de88cf25218465a0343f491e580beb1021d6e41670e, 4988a6cc3cab9c16c0ade8003208f4f8, 8ed9fd7812149e8c5396de875fb2685e",-,-,Patricia Goh,-,-,VICTIM,S-1-5-18,Patricia Goh,Patricia Goh,wineventlog,Microsoft-Windows-Sysmon/Operational,victim,Microsoft Corporation,-,Remote Desktop Connection,-,10.0.19041.1682 (WinBuild.160101.0800),High,{461f0bd2-3423-6354-c6b6-030000000000},0x3b6c6,VICTIM\Patricia Goh,Microsoft® Windows® Operating System,1,1,Info,"2,264","3,148",{5770385f-c22a-43e0-bf4c-06f5698ffbd9},Microsoft-Windows-Sysmon,6114,Process Create (rule: ProcessCreate),NT AUTHORITY,S-1-5-18,SYSTEM,User,5
"Oct 23, 2022 @ 02:34:25.167",vkUCAYQBHC0TB3lJKane,.ds-winlogbeat-8.2.3-2022.10.22-000001,-,bf0ac5bf-d14e-4d89-a456-0a53ca157c24,victim,b15c43c7-63a1-423e-901b-f1acc6401711,victim,winlogbeat,8.2.3,-,-,-,-,1.12.0,Process Create (rule: ProcessCreate),process,1,"Oct 23, 2022 @ 02:34:27.062","Oct 23, 2022 @ 02:43:49.852",event,sysmon,Microsoft-Windows-Sysmon,start,-,-,-,-,-,x86_64,victim,461f0bd2-c182-413a-8a41-2a8e4accb4a9,"fe80::4959:93ba:69a6:522d, 10.0.2.15, fe80::91a8:3d9e:36ba:f548, 172.19.96.10","08:00:27:7c:f3:ae, 08:00:27:22:f7:3c",victim,19044.1889,windows,10.0.19041.1889 (WinBuild.160101.0800),Windows 10 Enterprise Evaluation,Windows 10 Enterprise Evaluation,windows,windows,10,information,"Process Create:
RuleName: -
UtcTime: 2022-10-22 18:34:25.167
ProcessGuid: {461f0bd2-37b1-6354-d100-000000002100}
ProcessId: 3208
Image: C:\Windows\System32\taskhostw.exe
FileVersion: 10.0.19041.1865 (WinBuild.160101.0800)
Description: Host Process for Windows Tasks
Product: Microsoft® Windows® Operating System
Company: Microsoft Corporation
OriginalFileName: taskhostw.exe
CommandLine: taskhostw.exe
CurrentDirectory: C:\Windows\system32\
User: NT AUTHORITY\SYSTEM
LogonGuid: {461f0bd2-3401-6354-e703-000000000000}
LogonId: 0x3E7
TerminalSessionId: 0
IntegrityLevel: System
Hashes: MD5=A00BF82660835224CD6606A248321C5D,SHA256=E63709209D09BC0247E785F075DDB28A98C348206109E2B8BA321AD958402728,IMPHASH=3A0C6863CDE566AF997DB2DEFFF9D924
ParentProcessGuid: {461f0bd2-3402-6354-1300-000000002100}
ParentProcessId: 432
ParentImage: C:\Windows\System32\svchost.exe
ParentCommandLine: C:\Windows\system32\svchost.exe -k netsvcs -p
ParentUser: NT AUTHORITY\SYSTEM",-,taskhostw.exe,1,taskhostw.exe,taskhostw.exe,{461f0bd2-37b1-6354-d100-000000002100},C:\Windows\System32\taskhostw.exe,C:\Windows\System32\taskhostw.exe,a00bf82660835224cd6606a248321c5d,e63709209d09bc0247e785f075ddb28a98c348206109e2b8ba321ad958402728,taskhostw.exe,taskhostw.exe,"C:\Windows\system32\svchost.exe, -k, netsvcs, -p",4,C:\Windows\system32\svchost.exe -k netsvcs -p,C:\Windows\system32\svchost.exe -k netsvcs -p,{461f0bd2-3402-6354-1300-000000002100},C:\Windows\System32\svchost.exe,C:\Windows\System32\svchost.exe,svchost.exe,svchost.exe,432,Microsoft Corporation,Host Process for Windows Tasks,10.0.19041.1865 (WinBuild.160101.0800),3a0c6863cde566af997db2defff9d924,taskhostw.exe,Microsoft® Windows® Operating System,3208,C:\Windows\system32\,C:\Windows\system32\,-,-,-,-,"e63709209d09bc0247e785f075ddb28a98c348206109e2b8ba321ad958402728, a00bf82660835224cd6606a248321c5d, 3a0c6863cde566af997db2defff9d924",-,-,SYSTEM,-,-,NT AUTHORITY,S-1-5-18,SYSTEM,SYSTEM,wineventlog,Microsoft-Windows-Sysmon/Operational,victim,Microsoft Corporation,-,Host Process for Windows Tasks,-,10.0.19041.1865 (WinBuild.160101.0800),System,{461f0bd2-3401-6354-e703-000000000000},0x3e7,NT AUTHORITY\SYSTEM,Microsoft® Windows® Operating System,0,1,Info,"2,264","3,148",{5770385f-c22a-43e0-bf4c-06f5698ffbd9},Microsoft-Windows-Sysmon,6118,Process Create (rule: ProcessCreate),NT AUTHORITY,S-1-5-18,SYSTEM,User,5
"Oct 23, 2022 @ 02:34:25.179",v0UCAYQBHC0TB3lJKane,.ds-winlogbeat-8.2.3-2022.10.22-000001,-,bf0ac5bf-d14e-4d89-a456-0a53ca157c24,victim,b15c43c7-63a1-423e-901b-f1acc6401711,victim,winlogbeat,8.2.3,-,-,-,-,1.12.0,Process Create (rule: ProcessCreate),process,1,"Oct 23, 2022 @ 02:34:27.062","Oct 23, 2022 @ 02:43:49.853",event,sysmon,Microsoft-Windows-Sysmon,start,-,-,-,-,-,x86_64,victim,461f0bd2-c182-413a-8a41-2a8e4accb4a9,"fe80::4959:93ba:69a6:522d, 10.0.2.15, fe80::91a8:3d9e:36ba:f548, 172.19.96.10","08:00:27:7c:f3:ae, 08:00:27:22:f7:3c",victim,19044.1889,windows,10.0.19041.1889 (WinBuild.160101.0800),Windows 10 Enterprise Evaluation,Windows 10 Enterprise Evaluation,windows,windows,10,information,"Process Create:
RuleName: -
UtcTime: 2022-10-22 18:34:25.179
ProcessGuid: {461f0bd2-37b1-6354-d200-000000002100}
ProcessId: 5848
Image: C:\Windows\System32\taskhostw.exe
FileVersion: 10.0.19041.1865 (WinBuild.160101.0800)
Description: Host Process for Windows Tasks
Product: Microsoft® Windows® Operating System
Company: Microsoft Corporation
OriginalFileName: taskhostw.exe
CommandLine: taskhostw.exe Install $(Arg0)
CurrentDirectory: C:\Windows\system32\
User: VICTIM\Patricia Goh
LogonGuid: {461f0bd2-3423-6354-c6b6-030000000000}
LogonId: 0x3B6C6
TerminalSessionId: 1
IntegrityLevel: High
Hashes: MD5=A00BF82660835224CD6606A248321C5D,SHA256=E63709209D09BC0247E785F075DDB28A98C348206109E2B8BA321AD958402728,IMPHASH=3A0C6863CDE566AF997DB2DEFFF9D924
ParentProcessGuid: {461f0bd2-3402-6354-1300-000000002100}
ParentProcessId: 432
ParentImage: C:\Windows\System32\svchost.exe
ParentCommandLine: C:\Windows\system32\svchost.exe -k netsvcs -p
ParentUser: NT AUTHORITY\SYSTEM",-,"taskhostw.exe, Install, $(Arg0)",3,taskhostw.exe Install $(Arg0),taskhostw.exe Install $(Arg0),{461f0bd2-37b1-6354-d200-000000002100},C:\Windows\System32\taskhostw.exe,C:\Windows\System32\taskhostw.exe,a00bf82660835224cd6606a248321c5d,e63709209d09bc0247e785f075ddb28a98c348206109e2b8ba321ad958402728,taskhostw.exe,taskhostw.exe,"C:\Windows\system32\svchost.exe, -k, netsvcs, -p",4,C:\Windows\system32\svchost.exe -k netsvcs -p,C:\Windows\system32\svchost.exe -k netsvcs -p,{461f0bd2-3402-6354-1300-000000002100},C:\Windows\System32\svchost.exe,C:\Windows\System32\svchost.exe,svchost.exe,svchost.exe,432,Microsoft Corporation,Host Process for Windows Tasks,10.0.19041.1865 (WinBuild.160101.0800),3a0c6863cde566af997db2defff9d924,taskhostw.exe,Microsoft® Windows® Operating System,5848,C:\Windows\system32\,C:\Windows\system32\,-,-,-,-,"e63709209d09bc0247e785f075ddb28a98c348206109e2b8ba321ad958402728, a00bf82660835224cd6606a248321c5d, 3a0c6863cde566af997db2defff9d924",-,-,Patricia Goh,-,-,VICTIM,S-1-5-18,Patricia Goh,Patricia Goh,wineventlog,Microsoft-Windows-Sysmon/Operational,victim,Microsoft Corporation,-,Host Process for Windows Tasks,-,10.0.19041.1865 (WinBuild.160101.0800),High,{461f0bd2-3423-6354-c6b6-030000000000},0x3b6c6,NT AUTHORITY\SYSTEM,Microsoft® Windows® Operating System,1,1,Info,"2,264","3,148",{5770385f-c22a-43e0-bf4c-06f5698ffbd9},Microsoft-Windows-Sysmon,6119,Process Create (rule: ProcessCreate),NT AUTHORITY,S-1-5-18,SYSTEM,User,5
"Oct 23, 2022 @ 02:34:25.333",wEUCAYQBHC0TB3lJKane,.ds-winlogbeat-8.2.3-2022.10.22-000001,-,bf0ac5bf-d14e-4d89-a456-0a53ca157c24,victim,b15c43c7-63a1-423e-901b-f1acc6401711,victim,winlogbeat,8.2.3,-,-,-,-,1.12.0,Process Create (rule: ProcessCreate),process,1,"Oct 23, 2022 @ 02:34:27.062","Oct 23, 2022 @ 02:43:49.853",event,sysmon,Microsoft-Windows-Sysmon,start,-,-,-,-,-,x86_64,victim,461f0bd2-c182-413a-8a41-2a8e4accb4a9,"fe80::4959:93ba:69a6:522d, 10.0.2.15, fe80::91a8:3d9e:36ba:f548, 172.19.96.10","08:00:27:7c:f3:ae, 08:00:27:22:f7:3c",victim,19044.1889,windows,10.0.19041.1889 (WinBuild.160101.0800),Windows 10 Enterprise Evaluation,Windows 10 Enterprise Evaluation,windows,windows,10,information,"Process Create:
RuleName: -
UtcTime: 2022-10-22 18:34:25.333
ProcessGuid: {461f0bd2-37b1-6354-d300-000000002100}
ProcessId: 2044
Image: C:\Windows\servicing\TrustedInstaller.exe
FileVersion: 10.0.19041.1741 (WinBuild.160101.0800)
Description: Windows Modules Installer
Product: Microsoft® Windows® Operating System
Company: Microsoft Corporation
OriginalFileName: TrustedInstaller.exe
CommandLine: C:\Windows\servicing\TrustedInstaller.exe
CurrentDirectory: C:\Windows\system32\
User: NT AUTHORITY\SYSTEM
LogonGuid: {461f0bd2-3401-6354-e703-000000000000}
LogonId: 0x3E7
TerminalSessionId: 0
IntegrityLevel: System
Hashes: MD5=D098F2FC042FBF6879D47E3A86FBB4A1,SHA256=7F0E3E2682A24A6B27484226CC0C7B30F837EA08B01F82C7B7AC094BF0A88CE5,IMPHASH=A36251F871E741F4ABE36BD6D61A9C01
ParentProcessGuid: {00000000-0000-0000-0000-000000000000}
ParentProcessId: 652
ParentImage: -
ParentCommandLine: -
ParentUser: -",-,C:\Windows\servicing\TrustedInstaller.exe,1,C:\Windows\servicing\TrustedInstaller.exe,C:\Windows\servicing\TrustedInstaller.exe,{461f0bd2-37b1-6354-d300-000000002100},C:\Windows\servicing\TrustedInstaller.exe,C:\Windows\servicing\TrustedInstaller.exe,d098f2fc042fbf6879d47e3a86fbb4a1,7f0e3e2682a24a6b27484226cc0c7b30f837ea08b01f82c7b7ac094bf0a88ce5,TrustedInstaller.exe,TrustedInstaller.exe,-,1,-,-,{00000000-0000-0000-0000-000000000000},-,-,-,-,652,Microsoft Corporation,Windows Modules Installer,10.0.19041.1741 (WinBuild.160101.0800),a36251f871e741f4abe36bd6d61a9c01,TrustedInstaller.exe,Microsoft® Windows® Operating System,2044,C:\Windows\system32\,C:\Windows\system32\,-,-,-,-,"7f0e3e2682a24a6b27484226cc0c7b30f837ea08b01f82c7b7ac094bf0a88ce5, d098f2fc042fbf6879d47e3a86fbb4a1, a36251f871e741f4abe36bd6d61a9c01",-,-,SYSTEM,-,-,NT AUTHORITY,S-1-5-18,SYSTEM,SYSTEM,wineventlog,Microsoft-Windows-Sysmon/Operational,victim,Microsoft Corporation,-,Windows Modules Installer,-,10.0.19041.1741 (WinBuild.160101.0800),System,{461f0bd2-3401-6354-e703-000000000000},0x3e7,-,Microsoft® Windows® Operating System,0,1,Info,"2,264","3,148",{5770385f-c22a-43e0-bf4c-06f5698ffbd9},Microsoft-Windows-Sysmon,6120,Process Create (rule: ProcessCreate),NT AUTHORITY,S-1-5-18,SYSTEM,User,5
"Oct 23, 2022 @ 02:34:25.456",wUUCAYQBHC0TB3lJKane,.ds-winlogbeat-8.2.3-2022.10.22-000001,-,bf0ac5bf-d14e-4d89-a456-0a53ca157c24,victim,b15c43c7-63a1-423e-901b-f1acc6401711,victim,winlogbeat,8.2.3,-,-,-,-,1.12.0,Process Create (rule: ProcessCreate),process,1,"Oct 23, 2022 @ 02:34:27.062","Oct 23, 2022 @ 02:43:49.853",event,sysmon,Microsoft-Windows-Sysmon,start,-,-,-,-,-,x86_64,victim,461f0bd2-c182-413a-8a41-2a8e4accb4a9,"fe80::4959:93ba:69a6:522d, 10.0.2.15, fe80::91a8:3d9e:36ba:f548, 172.19.96.10","08:00:27:7c:f3:ae, 08:00:27:22:f7:3c",victim,19044.1889,windows,10.0.19041.1889 (WinBuild.160101.0800),Windows 10 Enterprise Evaluation,Windows 10 Enterprise Evaluation,windows,windows,10,information,"Process Create:
RuleName: -
UtcTime: 2022-10-22 18:34:25.456
ProcessGuid: {461f0bd2-37b1-6354-d400-000000002100}
ProcessId: 3756
Image: C:\Windows\WinSxS\amd64_microsoft-windows-servicingstack_31bf3856ad364e35_10.0.19041.1852_none_7de3b01c7cacf858\TiWorker.exe
FileVersion: 10.0.19041.1852 (WinBuild.160101.0800)
Description: Windows Modules Installer Worker
Product: Microsoft® Windows® Operating System
Company: Microsoft Corporation
OriginalFileName: TiWorker.exe
CommandLine: C:\Windows\winsxs\amd64_microsoft-windows-servicingstack_31bf3856ad364e35_10.0.19041.1852_none_7de3b01c7cacf858\TiWorker.exe -Embedding
CurrentDirectory: C:\Windows\system32\
User: NT AUTHORITY\SYSTEM
LogonGuid: {461f0bd2-3401-6354-e703-000000000000}
LogonId: 0x3E7
TerminalSessionId: 0
IntegrityLevel: System
Hashes: MD5=557FF8A110BF7990CC6425E1D7291B56,SHA256=9D711A6E85F3B14A5788255E4DB71C8BB45118736B19DAEA9ED845C27AF6F7BB,IMPHASH=A85EB04C60D9F7AE6C25298B2A8FE3E9
ParentProcessGuid: {00000000-0000-0000-0000-000000000000}
ParentProcessId: 772
ParentImage: -
ParentCommandLine: -
ParentUser: -",-,"C:\Windows\winsxs\amd64_microsoft-windows-servicingstack_31bf3856ad364e35_10.0.19041.1852_none_7de3b01c7cacf858\TiWorker.exe, -Embedding",2,C:\Windows\winsxs\amd64_microsoft-windows-servicingstack_31bf3856ad364e35_10.0.19041.1852_none_7de3b01c7cacf858\TiWorker.exe -Embedding,C:\Windows\winsxs\amd64_microsoft-windows-servicingstack_31bf3856ad364e35_10.0.19041.1852_none_7de3b01c7cacf858\TiWorker.exe -Embedding,{461f0bd2-37b1-6354-d400-000000002100},C:\Windows\WinSxS\amd64_microsoft-windows-servicingstack_31bf3856ad364e35_10.0.19041.1852_none_7de3b01c7cacf858\TiWorker.exe,C:\Windows\WinSxS\amd64_microsoft-windows-servicingstack_31bf3856ad364e35_10.0.19041.1852_none_7de3b01c7cacf858\TiWorker.exe,557ff8a110bf7990cc6425e1d7291b56,9d711a6e85f3b14a5788255e4db71c8bb45118736b19daea9ed845c27af6f7bb,TiWorker.exe,TiWorker.exe,-,1,-,-,{00000000-0000-0000-0000-000000000000},-,-,-,-,772,Microsoft Corporation,Windows Modules Installer Worker,10.0.19041.1852 (WinBuild.160101.0800),a85eb04c60d9f7ae6c25298b2a8fe3e9,TiWorker.exe,Microsoft® Windows® Operating System,3756,C:\Windows\system32\,C:\Windows\system32\,-,-,-,-,"9d711a6e85f3b14a5788255e4db71c8bb45118736b19daea9ed845c27af6f7bb, 557ff8a110bf7990cc6425e1d7291b56, a85eb04c60d9f7ae6c25298b2a8fe3e9",-,-,SYSTEM,-,-,NT AUTHORITY,S-1-5-18,SYSTEM,SYSTEM,wineventlog,Microsoft-Windows-Sysmon/Operational,victim,Microsoft Corporation,-,Windows Modules Installer Worker,-,10.0.19041.1852 (WinBuild.160101.0800),System,{461f0bd2-3401-6354-e703-000000000000},0x3e7,-,Microsoft® Windows® Operating System,0,1,Info,"2,264","3,148",{5770385f-c22a-43e0-bf4c-06f5698ffbd9},Microsoft-Windows-Sysmon,6121,Process Create (rule: ProcessCreate),NT AUTHORITY,S-1-5-18,SYSTEM,User,5
"Oct 23, 2022 @ 02:34:32.923",o0X5AIQBHC0TB3lJ5qcK,.ds-winlogbeat-8.2.3-2022.10.22-000001,-,328b516e-a0ac-4310-8b30-40bfab86de53,admin,6f94e196-447e-4d41-8eea-e6c40bba83e4,admin,winlogbeat,8.2.3,-,-,-,-,1.12.0,Process Create (rule: ProcessCreate),process,1,"Oct 23, 2022 @ 02:34:34.251","Oct 23, 2022 @ 02:34:48.197",event,sysmon,Microsoft-Windows-Sysmon,start,-,-,-,-,-,x86_64,admin,612eed94-10de-48e9-b9de-7108e40bddcc,"fe80::d592:a7d7:c0fb:10f9, 10.0.2.16, fe80::298d:fd6:72cd:b0a3, 172.19.96.11","08:00:27:7c:f3:ae, 08:00:27:4c:ba:b7",admin,19044.1889,windows,10.0.19041.1889 (WinBuild.160101.0800),Windows 10 Enterprise Evaluation,Windows 10 Enterprise Evaluation,windows,windows,10,information,"Process Create:
RuleName: -
UtcTime: 2022-10-22 18:34:32.923
ProcessGuid: {612eed94-37b8-6354-2f01-000000001f00}
ProcessId: 6736
Image: C:\Users\AdministratorDB\Desktop\bin\bin\Ransomware.exe
FileVersion: -
Description: -
Product: -
Company: -
OriginalFileName: -
CommandLine: ""C:\Users\AdministratorDB\Desktop\bin\bin\Ransomware.exe"" 
CurrentDirectory: C:\Users\AdministratorDB\Desktop\bin\bin\
User: ADMIN\AdministratorDB
LogonGuid: {612eed94-34a0-6354-1241-040000000000}
LogonId: 0x44112
TerminalSessionId: 1
IntegrityLevel: High
Hashes: MD5=38407440316A77E6F691F9368FD9E9D4,SHA256=02F1754FC605AD2B348FE0FCA488317436EB82BA28582ECDE9A6CC2A38FA12E4,IMPHASH=809EA02D92FEA89353F33279290E8C9F
ParentProcessGuid: {612eed94-34a5-6354-6300-000000001f00}
ParentProcessId: 3732
ParentImage: C:\Windows\explorer.exe
ParentCommandLine: C:\Windows\Explorer.EXE
ParentUser: ADMIN\AdministratorDB",-,C:\Users\AdministratorDB\Desktop\bin\bin\Ransomware.exe,1,"""C:\Users\AdministratorDB\Desktop\bin\bin\Ransomware.exe"" ","""C:\Users\AdministratorDB\Desktop\bin\bin\Ransomware.exe"" ",{612eed94-37b8-6354-2f01-000000001f00},C:\Users\AdministratorDB\Desktop\bin\bin\Ransomware.exe,C:\Users\AdministratorDB\Desktop\bin\bin\Ransomware.exe,38407440316a77e6f691f9368fd9e9d4,02f1754fc605ad2b348fe0fca488317436eb82ba28582ecde9a6cc2a38fa12e4,Ransomware.exe,Ransomware.exe,C:\Windows\Explorer.EXE,1,C:\Windows\Explorer.EXE,C:\Windows\Explorer.EXE,{612eed94-34a5-6354-6300-000000001f00},C:\Windows\explorer.exe,C:\Windows\explorer.exe,explorer.exe,explorer.exe,3732,-,-,-,809ea02d92fea89353f33279290e8c9f,-,-,6736,C:\Users\AdministratorDB\Desktop\bin\bin\,C:\Users\AdministratorDB\Desktop\bin\bin\,-,-,-,-,"02f1754fc605ad2b348fe0fca488317436eb82ba28582ecde9a6cc2a38fa12e4, 38407440316a77e6f691f9368fd9e9d4, 809ea02d92fea89353f33279290e8c9f",-,-,AdministratorDB,-,-,ADMIN,S-1-5-18,AdministratorDB,AdministratorDB,wineventlog,Microsoft-Windows-Sysmon/Operational,admin,-,-,-,-,-,High,{612eed94-34a0-6354-1241-040000000000},0x44112,ADMIN\AdministratorDB,-,1,1,Info,"2,260","2,772",{5770385f-c22a-43e0-bf4c-06f5698ffbd9},Microsoft-Windows-Sysmon,6037,Process Create (rule: ProcessCreate),NT AUTHORITY,S-1-5-18,SYSTEM,User,5
"Oct 23, 2022 @ 02:34:33.124",pUX5AIQBHC0TB3lJ5qcK,.ds-winlogbeat-8.2.3-2022.10.22-000001,-,328b516e-a0ac-4310-8b30-40bfab86de53,admin,6f94e196-447e-4d41-8eea-e6c40bba83e4,admin,winlogbeat,8.2.3,-,-,-,-,1.12.0,File created (rule: FileCreate),file,11,"Oct 23, 2022 @ 02:34:34.251","Oct 23, 2022 @ 02:34:48.198",event,sysmon,Microsoft-Windows-Sysmon,creation,C:\Users\ADMINI~1\AppData\Local\Temp\_MEI67362,dll,MSVCP140.dll,C:\Users\ADMINI~1\AppData\Local\Temp\_MEI67362\MSVCP140.dll,C:\Users\ADMINI~1\AppData\Local\Temp\_MEI67362\MSVCP140.dll,x86_64,admin,612eed94-10de-48e9-b9de-7108e40bddcc,"fe80::d592:a7d7:c0fb:10f9, 10.0.2.16, fe80::298d:fd6:72cd:b0a3, 172.19.96.11","08:00:27:7c:f3:ae, 08:00:27:4c:ba:b7",admin,19044.1889,windows,10.0.19041.1889 (WinBuild.160101.0800),Windows 10 Enterprise Evaluation,Windows 10 Enterprise Evaluation,windows,windows,10,information,"File created:
RuleName: DLL
UtcTime: 2022-10-22 18:34:33.124
ProcessGuid: {612eed94-37b8-6354-2f01-000000001f00}
ProcessId: 6736
Image: C:\Users\AdministratorDB\Desktop\bin\bin\Ransomware.exe
TargetFilename: C:\Users\ADMINI~1\AppData\Local\Temp\_MEI67362\MSVCP140.dll
CreationUtcTime: 2022-10-22 18:34:33.124
User: ADMIN\AdministratorDB",-,-,-,-,-,{612eed94-37b8-6354-2f01-000000001f00},C:\Users\AdministratorDB\Desktop\bin\bin\Ransomware.exe,C:\Users\AdministratorDB\Desktop\bin\bin\Ransomware.exe,-,-,Ransomware.exe,Ransomware.exe,-,-,-,-,-,-,-,-,-,-,-,-,-,-,-,-,6736,-,-,-,-,-,-,-,-,-,AdministratorDB,DLL,-,ADMIN,S-1-5-18,AdministratorDB,AdministratorDB,wineventlog,Microsoft-Windows-Sysmon/Operational,admin,-,34:33.1,-,-,-,-,-,-,-,-,-,11,Info,"2,260","2,772",{5770385f-c22a-43e0-bf4c-06f5698ffbd9},Microsoft-Windows-Sysmon,6039,File created (rule: FileCreate),NT AUTHORITY,S-1-5-18,SYSTEM,User,2
"Oct 23, 2022 @ 02:34:33.129",pkX5AIQBHC0TB3lJ5qcK,.ds-winlogbeat-8.2.3-2022.10.22-000001,-,328b516e-a0ac-4310-8b30-40bfab86de53,admin,6f94e196-447e-4d41-8eea-e6c40bba83e4,admin,winlogbeat,8.2.3,-,-,-,-,1.12.0,File created (rule: FileCreate),file,11,"Oct 23, 2022 @ 02:34:34.251","Oct 23, 2022 @ 02:34:48.198",event,sysmon,Microsoft-Windows-Sysmon,creation,C:\Users\ADMINI~1\AppData\Local\Temp\_MEI67362,dll,VCRUNTIME140.dll,C:\Users\ADMINI~1\AppData\Local\Temp\_MEI67362\VCRUNTIME140.dll,C:\Users\ADMINI~1\AppData\Local\Temp\_MEI67362\VCRUNTIME140.dll,x86_64,admin,612eed94-10de-48e9-b9de-7108e40bddcc,"fe80::d592:a7d7:c0fb:10f9, 10.0.2.16, fe80::298d:fd6:72cd:b0a3, 172.19.96.11","08:00:27:7c:f3:ae, 08:00:27:4c:ba:b7",admin,19044.1889,windows,10.0.19041.1889 (WinBuild.160101.0800),Windows 10 Enterprise Evaluation,Windows 10 Enterprise Evaluation,windows,windows,10,information,"File created:
RuleName: DLL
UtcTime: 2022-10-22 18:34:33.129
ProcessGuid: {612eed94-37b8-6354-2f01-000000001f00}
ProcessId: 6736
Image: C:\Users\AdministratorDB\Desktop\bin\bin\Ransomware.exe
TargetFilename: C:\Users\ADMINI~1\AppData\Local\Temp\_MEI67362\VCRUNTIME140.dll
CreationUtcTime: 2022-10-22 18:34:33.124
User: ADMIN\AdministratorDB",-,-,-,-,-,{612eed94-37b8-6354-2f01-000000001f00},C:\Users\AdministratorDB\Desktop\bin\bin\Ransomware.exe,C:\Users\AdministratorDB\Desktop\bin\bin\Ransomware.exe,-,-,Ransomware.exe,Ransomware.exe,-,-,-,-,-,-,-,-,-,-,-,-,-,-,-,-,6736,-,-,-,-,-,-,-,-,-,AdministratorDB,DLL,-,ADMIN,S-1-5-18,AdministratorDB,AdministratorDB,wineventlog,Microsoft-Windows-Sysmon/Operational,admin,-,34:33.1,-,-,-,-,-,-,-,-,-,11,Info,"2,260","2,772",{5770385f-c22a-43e0-bf4c-06f5698ffbd9},Microsoft-Windows-Sysmon,6040,File created (rule: FileCreate),NT AUTHORITY,S-1-5-18,SYSTEM,User,2
"Oct 23, 2022 @ 02:34:33.138",p0X5AIQBHC0TB3lJ5qcK,.ds-winlogbeat-8.2.3-2022.10.22-000001,-,328b516e-a0ac-4310-8b30-40bfab86de53,admin,6f94e196-447e-4d41-8eea-e6c40bba83e4,admin,winlogbeat,8.2.3,-,-,-,-,1.12.0,File created (rule: FileCreate),file,11,"Oct 23, 2022 @ 02:34:34.251","Oct 23, 2022 @ 02:34:48.199",event,sysmon,Microsoft-Windows-Sysmon,creation,C:\Users\ADMINI~1\AppData\Local\Temp\_MEI67362,dll,python36.dll,C:\Users\ADMINI~1\AppData\Local\Temp\_MEI67362\python36.dll,C:\Users\ADMINI~1\AppData\Local\Temp\_MEI67362\python36.dll,x86_64,admin,612eed94-10de-48e9-b9de-7108e40bddcc,"fe80::d592:a7d7:c0fb:10f9, 10.0.2.16, fe80::298d:fd6:72cd:b0a3, 172.19.96.11","08:00:27:7c:f3:ae, 08:00:27:4c:ba:b7",admin,19044.1889,windows,10.0.19041.1889 (WinBuild.160101.0800),Windows 10 Enterprise Evaluation,Windows 10 Enterprise Evaluation,windows,windows,10,information,"File created:
RuleName: DLL
UtcTime: 2022-10-22 18:34:33.138
ProcessGuid: {612eed94-37b8-6354-2f01-000000001f00}
ProcessId: 6736
Image: C:\Users\AdministratorDB\Desktop\bin\bin\Ransomware.exe
TargetFilename: C:\Users\ADMINI~1\AppData\Local\Temp\_MEI67362\python36.dll
CreationUtcTime: 2022-10-22 18:34:33.138
User: ADMIN\AdministratorDB",-,-,-,-,-,{612eed94-37b8-6354-2f01-000000001f00},C:\Users\AdministratorDB\Desktop\bin\bin\Ransomware.exe,C:\Users\AdministratorDB\Desktop\bin\bin\Ransomware.exe,-,-,Ransomware.exe,Ransomware.exe,-,-,-,-,-,-,-,-,-,-,-,-,-,-,-,-,6736,-,-,-,-,-,-,-,-,-,AdministratorDB,DLL,-,ADMIN,S-1-5-18,AdministratorDB,AdministratorDB,wineventlog,Microsoft-Windows-Sysmon/Operational,admin,-,34:33.1,-,-,-,-,-,-,-,-,-,11,Info,"2,260","2,772",{5770385f-c22a-43e0-bf4c-06f5698ffbd9},Microsoft-Windows-Sysmon,6041,File created (rule: FileCreate),NT AUTHORITY,S-1-5-18,SYSTEM,User,2
"Oct 23, 2022 @ 02:34:33.138",qEX5AIQBHC0TB3lJ5qcK,.ds-winlogbeat-8.2.3-2022.10.22-000001,-,328b516e-a0ac-4310-8b30-40bfab86de53,admin,6f94e196-447e-4d41-8eea-e6c40bba83e4,admin,winlogbeat,8.2.3,-,-,-,-,1.12.0,File created (rule: FileCreate),file,11,"Oct 23, 2022 @ 02:34:34.251","Oct 23, 2022 @ 02:34:48.199",event,sysmon,Microsoft-Windows-Sysmon,creation,C:\Users\ADMINI~1\AppData\Local\Temp\_MEI67362,dll,pywintypes36.dll,C:\Users\ADMINI~1\AppData\Local\Temp\_MEI67362\pywintypes36.dll,C:\Users\ADMINI~1\AppData\Local\Temp\_MEI67362\pywintypes36.dll,x86_64,admin,612eed94-10de-48e9-b9de-7108e40bddcc,"fe80::d592:a7d7:c0fb:10f9, 10.0.2.16, fe80::298d:fd6:72cd:b0a3, 172.19.96.11","08:00:27:7c:f3:ae, 08:00:27:4c:ba:b7",admin,19044.1889,windows,10.0.19041.1889 (WinBuild.160101.0800),Windows 10 Enterprise Evaluation,Windows 10 Enterprise Evaluation,windows,windows,10,information,"File created:
RuleName: DLL
UtcTime: 2022-10-22 18:34:33.138
ProcessGuid: {612eed94-37b8-6354-2f01-000000001f00}
ProcessId: 6736
Image: C:\Users\AdministratorDB\Desktop\bin\bin\Ransomware.exe
TargetFilename: C:\Users\ADMINI~1\AppData\Local\Temp\_MEI67362\pywintypes36.dll
CreationUtcTime: 2022-10-22 18:34:33.138
User: ADMIN\AdministratorDB",-,-,-,-,-,{612eed94-37b8-6354-2f01-000000001f00},C:\Users\AdministratorDB\Desktop\bin\bin\Ransomware.exe,C:\Users\AdministratorDB\Desktop\bin\bin\Ransomware.exe,-,-,Ransomware.exe,Ransomware.exe,-,-,-,-,-,-,-,-,-,-,-,-,-,-,-,-,6736,-,-,-,-,-,-,-,-,-,AdministratorDB,DLL,-,ADMIN,S-1-5-18,AdministratorDB,AdministratorDB,wineventlog,Microsoft-Windows-Sysmon/Operational,admin,-,34:33.1,-,-,-,-,-,-,-,-,-,11,Info,"2,260","2,772",{5770385f-c22a-43e0-bf4c-06f5698ffbd9},Microsoft-Windows-Sysmon,6042,File created (rule: FileCreate),NT AUTHORITY,S-1-5-18,SYSTEM,User,2
"Oct 23, 2022 @ 02:34:33.202",qUX5AIQBHC0TB3lJ5qcK,.ds-winlogbeat-8.2.3-2022.10.22-000001,-,328b516e-a0ac-4310-8b30-40bfab86de53,admin,6f94e196-447e-4d41-8eea-e6c40bba83e4,admin,winlogbeat,8.2.3,-,-,-,-,1.12.0,File created (rule: FileCreate),file,11,"Oct 23, 2022 @ 02:34:34.251","Oct 23, 2022 @ 02:34:48.199",event,sysmon,Microsoft-Windows-Sysmon,creation,C:\Users\ADMINI~1\AppData\Local\Temp\_MEI67362,dll,wxbase30u_net_vc140_x64.dll,C:\Users\ADMINI~1\AppData\Local\Temp\_MEI67362\wxbase30u_net_vc140_x64.dll,C:\Users\ADMINI~1\AppData\Local\Temp\_MEI67362\wxbase30u_net_vc140_x64.dll,x86_64,admin,612eed94-10de-48e9-b9de-7108e40bddcc,"fe80::d592:a7d7:c0fb:10f9, 10.0.2.16, fe80::298d:fd6:72cd:b0a3, 172.19.96.11","08:00:27:7c:f3:ae, 08:00:27:4c:ba:b7",admin,19044.1889,windows,10.0.19041.1889 (WinBuild.160101.0800),Windows 10 Enterprise Evaluation,Windows 10 Enterprise Evaluation,windows,windows,10,information,"File created:
RuleName: DLL
UtcTime: 2022-10-22 18:34:33.202
ProcessGuid: {612eed94-37b8-6354-2f01-000000001f00}
ProcessId: 6736
Image: C:\Users\AdministratorDB\Desktop\bin\bin\Ransomware.exe
TargetFilename: C:\Users\ADMINI~1\AppData\Local\Temp\_MEI67362\wxbase30u_net_vc140_x64.dll
CreationUtcTime: 2022-10-22 18:34:33.202
User: ADMIN\AdministratorDB",-,-,-,-,-,{612eed94-37b8-6354-2f01-000000001f00},C:\Users\AdministratorDB\Desktop\bin\bin\Ransomware.exe,C:\Users\AdministratorDB\Desktop\bin\bin\Ransomware.exe,-,-,Ransomware.exe,Ransomware.exe,-,-,-,-,-,-,-,-,-,-,-,-,-,-,-,-,6736,-,-,-,-,-,-,-,-,-,AdministratorDB,DLL,-,ADMIN,S-1-5-18,AdministratorDB,AdministratorDB,wineventlog,Microsoft-Windows-Sysmon/Operational,admin,-,34:33.2,-,-,-,-,-,-,-,-,-,11,Info,"2,260","2,772",{5770385f-c22a-43e0-bf4c-06f5698ffbd9},Microsoft-Windows-Sysmon,6043,File created (rule: FileCreate),NT AUTHORITY,S-1-5-18,SYSTEM,User,2
"Oct 23, 2022 @ 02:34:33.205",qkX5AIQBHC0TB3lJ5qcK,.ds-winlogbeat-8.2.3-2022.10.22-000001,-,328b516e-a0ac-4310-8b30-40bfab86de53,admin,6f94e196-447e-4d41-8eea-e6c40bba83e4,admin,winlogbeat,8.2.3,-,-,-,-,1.12.0,File created (rule: FileCreate),file,11,"Oct 23, 2022 @ 02:34:34.251","Oct 23, 2022 @ 02:34:48.199",event,sysmon,Microsoft-Windows-Sysmon,creation,C:\Users\ADMINI~1\AppData\Local\Temp\_MEI67362,dll,wxbase30u_vc140_x64.dll,C:\Users\ADMINI~1\AppData\Local\Temp\_MEI67362\wxbase30u_vc140_x64.dll,C:\Users\ADMINI~1\AppData\Local\Temp\_MEI67362\wxbase30u_vc140_x64.dll,x86_64,admin,612eed94-10de-48e9-b9de-7108e40bddcc,"fe80::d592:a7d7:c0fb:10f9, 10.0.2.16, fe80::298d:fd6:72cd:b0a3, 172.19.96.11","08:00:27:7c:f3:ae, 08:00:27:4c:ba:b7",admin,19044.1889,windows,10.0.19041.1889 (WinBuild.160101.0800),Windows 10 Enterprise Evaluation,Windows 10 Enterprise Evaluation,windows,windows,10,information,"File created:
RuleName: DLL
UtcTime: 2022-10-22 18:34:33.205
ProcessGuid: {612eed94-37b8-6354-2f01-000000001f00}
ProcessId: 6736
Image: C:\Users\AdministratorDB\Desktop\bin\bin\Ransomware.exe
TargetFilename: C:\Users\ADMINI~1\AppData\Local\Temp\_MEI67362\wxbase30u_vc140_x64.dll
CreationUtcTime: 2022-10-22 18:34:33.205
User: ADMIN\AdministratorDB",-,-,-,-,-,{612eed94-37b8-6354-2f01-000000001f00},C:\Users\AdministratorDB\Desktop\bin\bin\Ransomware.exe,C:\Users\AdministratorDB\Desktop\bin\bin\Ransomware.exe,-,-,Ransomware.exe,Ransomware.exe,-,-,-,-,-,-,-,-,-,-,-,-,-,-,-,-,6736,-,-,-,-,-,-,-,-,-,AdministratorDB,DLL,-,ADMIN,S-1-5-18,AdministratorDB,AdministratorDB,wineventlog,Microsoft-Windows-Sysmon/Operational,admin,-,34:33.2,-,-,-,-,-,-,-,-,-,11,Info,"2,260","2,772",{5770385f-c22a-43e0-bf4c-06f5698ffbd9},Microsoft-Windows-Sysmon,6044,File created (rule: FileCreate),NT AUTHORITY,S-1-5-18,SYSTEM,User,2
"Oct 23, 2022 @ 02:34:33.205",q0X5AIQBHC0TB3lJ5qcK,.ds-winlogbeat-8.2.3-2022.10.22-000001,-,328b516e-a0ac-4310-8b30-40bfab86de53,admin,6f94e196-447e-4d41-8eea-e6c40bba83e4,admin,winlogbeat,8.2.3,-,-,-,-,1.12.0,File created (rule: FileCreate),file,11,"Oct 23, 2022 @ 02:34:34.251","Oct 23, 2022 @ 02:34:48.200",event,sysmon,Microsoft-Windows-Sysmon,creation,C:\Users\ADMINI~1\AppData\Local\Temp\_MEI67362,dll,wxbase30u_xml_vc140_x64.dll,C:\Users\ADMINI~1\AppData\Local\Temp\_MEI67362\wxbase30u_xml_vc140_x64.dll,C:\Users\ADMINI~1\AppData\Local\Temp\_MEI67362\wxbase30u_xml_vc140_x64.dll,x86_64,admin,612eed94-10de-48e9-b9de-7108e40bddcc,"fe80::d592:a7d7:c0fb:10f9, 10.0.2.16, fe80::298d:fd6:72cd:b0a3, 172.19.96.11","08:00:27:7c:f3:ae, 08:00:27:4c:ba:b7",admin,19044.1889,windows,10.0.19041.1889 (WinBuild.160101.0800),Windows 10 Enterprise Evaluation,Windows 10 Enterprise Evaluation,windows,windows,10,information,"File created:
RuleName: DLL
UtcTime: 2022-10-22 18:34:33.205
ProcessGuid: {612eed94-37b8-6354-2f01-000000001f00}
ProcessId: 6736
Image: C:\Users\AdministratorDB\Desktop\bin\bin\Ransomware.exe
TargetFilename: C:\Users\ADMINI~1\AppData\Local\Temp\_MEI67362\wxbase30u_xml_vc140_x64.dll
CreationUtcTime: 2022-10-22 18:34:33.205
User: ADMIN\AdministratorDB",-,-,-,-,-,{612eed94-37b8-6354-2f01-000000001f00},C:\Users\AdministratorDB\Desktop\bin\bin\Ransomware.exe,C:\Users\AdministratorDB\Desktop\bin\bin\Ransomware.exe,-,-,Ransomware.exe,Ransomware.exe,-,-,-,-,-,-,-,-,-,-,-,-,-,-,-,-,6736,-,-,-,-,-,-,-,-,-,AdministratorDB,DLL,-,ADMIN,S-1-5-18,AdministratorDB,AdministratorDB,wineventlog,Microsoft-Windows-Sysmon/Operational,admin,-,34:33.2,-,-,-,-,-,-,-,-,-,11,Info,"2,260","2,772",{5770385f-c22a-43e0-bf4c-06f5698ffbd9},Microsoft-Windows-Sysmon,6045,File created (rule: FileCreate),NT AUTHORITY,S-1-5-18,SYSTEM,User,2
"Oct 23, 2022 @ 02:34:33.697",rEX5AIQBHC0TB3lJ5qcK,.ds-winlogbeat-8.2.3-2022.10.22-000001,-,328b516e-a0ac-4310-8b30-40bfab86de53,admin,6f94e196-447e-4d41-8eea-e6c40bba83e4,admin,winlogbeat,8.2.3,-,-,-,-,1.12.0,File created (rule: FileCreate),file,11,"Oct 23, 2022 @ 02:34:34.259","Oct 23, 2022 @ 02:34:48.200",event,sysmon,Microsoft-Windows-Sysmon,creation,C:\Users\ADMINI~1\AppData\Local\Temp\_MEI67362,dll,wxmsw30u_adv_vc140_x64.dll,C:\Users\ADMINI~1\AppData\Local\Temp\_MEI67362\wxmsw30u_adv_vc140_x64.dll,C:\Users\ADMINI~1\AppData\Local\Temp\_MEI67362\wxmsw30u_adv_vc140_x64.dll,x86_64,admin,612eed94-10de-48e9-b9de-7108e40bddcc,"fe80::d592:a7d7:c0fb:10f9, 10.0.2.16, fe80::298d:fd6:72cd:b0a3, 172.19.96.11","08:00:27:7c:f3:ae, 08:00:27:4c:ba:b7",admin,19044.1889,windows,10.0.19041.1889 (WinBuild.160101.0800),Windows 10 Enterprise Evaluation,Windows 10 Enterprise Evaluation,windows,windows,10,information,"File created:
RuleName: DLL
UtcTime: 2022-10-22 18:34:33.697
ProcessGuid: {612eed94-37b8-6354-2f01-000000001f00}
ProcessId: 6736
Image: C:\Users\AdministratorDB\Desktop\bin\bin\Ransomware.exe
TargetFilename: C:\Users\ADMINI~1\AppData\Local\Temp\_MEI67362\wxmsw30u_adv_vc140_x64.dll
CreationUtcTime: 2022-10-22 18:34:33.697
User: ADMIN\AdministratorDB",-,-,-,-,-,{612eed94-37b8-6354-2f01-000000001f00},C:\Users\AdministratorDB\Desktop\bin\bin\Ransomware.exe,C:\Users\AdministratorDB\Desktop\bin\bin\Ransomware.exe,-,-,Ransomware.exe,Ransomware.exe,-,-,-,-,-,-,-,-,-,-,-,-,-,-,-,-,6736,-,-,-,-,-,-,-,-,-,AdministratorDB,DLL,-,ADMIN,S-1-5-18,AdministratorDB,AdministratorDB,wineventlog,Microsoft-Windows-Sysmon/Operational,admin,-,34:33.7,-,-,-,-,-,-,-,-,-,11,Info,"2,260","2,772",{5770385f-c22a-43e0-bf4c-06f5698ffbd9},Microsoft-Windows-Sysmon,6046,File created (rule: FileCreate),NT AUTHORITY,S-1-5-18,SYSTEM,User,2
"Oct 23, 2022 @ 02:34:33.717",rUX5AIQBHC0TB3lJ5qcK,.ds-winlogbeat-8.2.3-2022.10.22-000001,-,328b516e-a0ac-4310-8b30-40bfab86de53,admin,6f94e196-447e-4d41-8eea-e6c40bba83e4,admin,winlogbeat,8.2.3,-,-,-,-,1.12.0,File created (rule: FileCreate),file,11,"Oct 23, 2022 @ 02:34:34.259","Oct 23, 2022 @ 02:34:48.200",event,sysmon,Microsoft-Windows-Sysmon,creation,C:\Users\ADMINI~1\AppData\Local\Temp\_MEI67362,dll,wxmsw30u_core_vc140_x64.dll,C:\Users\ADMINI~1\AppData\Local\Temp\_MEI67362\wxmsw30u_core_vc140_x64.dll,C:\Users\ADMINI~1\AppData\Local\Temp\_MEI67362\wxmsw30u_core_vc140_x64.dll,x86_64,admin,612eed94-10de-48e9-b9de-7108e40bddcc,"fe80::d592:a7d7:c0fb:10f9, 10.0.2.16, fe80::298d:fd6:72cd:b0a3, 172.19.96.11","08:00:27:7c:f3:ae, 08:00:27:4c:ba:b7",admin,19044.1889,windows,10.0.19041.1889 (WinBuild.160101.0800),Windows 10 Enterprise Evaluation,Windows 10 Enterprise Evaluation,windows,windows,10,information,"File created:
RuleName: DLL
UtcTime: 2022-10-22 18:34:33.717
ProcessGuid: {612eed94-37b8-6354-2f01-000000001f00}
ProcessId: 6736
Image: C:\Users\AdministratorDB\Desktop\bin\bin\Ransomware.exe
TargetFilename: C:\Users\ADMINI~1\AppData\Local\Temp\_MEI67362\wxmsw30u_core_vc140_x64.dll
CreationUtcTime: 2022-10-22 18:34:33.697
User: ADMIN\AdministratorDB",-,-,-,-,-,{612eed94-37b8-6354-2f01-000000001f00},C:\Users\AdministratorDB\Desktop\bin\bin\Ransomware.exe,C:\Users\AdministratorDB\Desktop\bin\bin\Ransomware.exe,-,-,Ransomware.exe,Ransomware.exe,-,-,-,-,-,-,-,-,-,-,-,-,-,-,-,-,6736,-,-,-,-,-,-,-,-,-,AdministratorDB,DLL,-,ADMIN,S-1-5-18,AdministratorDB,AdministratorDB,wineventlog,Microsoft-Windows-Sysmon/Operational,admin,-,34:33.7,-,-,-,-,-,-,-,-,-,11,Info,"2,260","2,772",{5770385f-c22a-43e0-bf4c-06f5698ffbd9},Microsoft-Windows-Sysmon,6047,File created (rule: FileCreate),NT AUTHORITY,S-1-5-18,SYSTEM,User,2
"Oct 23, 2022 @ 02:34:33.717",rkX5AIQBHC0TB3lJ5qcK,.ds-winlogbeat-8.2.3-2022.10.22-000001,-,328b516e-a0ac-4310-8b30-40bfab86de53,admin,6f94e196-447e-4d41-8eea-e6c40bba83e4,admin,winlogbeat,8.2.3,-,-,-,-,1.12.0,File created (rule: FileCreate),file,11,"Oct 23, 2022 @ 02:34:34.259","Oct 23, 2022 @ 02:34:48.200",event,sysmon,Microsoft-Windows-Sysmon,creation,C:\Users\ADMINI~1\AppData\Local\Temp\_MEI67362,dll,wxmsw30u_html_vc140_x64.dll,C:\Users\ADMINI~1\AppData\Local\Temp\_MEI67362\wxmsw30u_html_vc140_x64.dll,C:\Users\ADMINI~1\AppData\Local\Temp\_MEI67362\wxmsw30u_html_vc140_x64.dll,x86_64,admin,612eed94-10de-48e9-b9de-7108e40bddcc,"fe80::d592:a7d7:c0fb:10f9, 10.0.2.16, fe80::298d:fd6:72cd:b0a3, 172.19.96.11","08:00:27:7c:f3:ae, 08:00:27:4c:ba:b7",admin,19044.1889,windows,10.0.19041.1889 (WinBuild.160101.0800),Windows 10 Enterprise Evaluation,Windows 10 Enterprise Evaluation,windows,windows,10,information,"File created:
RuleName: DLL
UtcTime: 2022-10-22 18:34:33.717
ProcessGuid: {612eed94-37b8-6354-2f01-000000001f00}
ProcessId: 6736
Image: C:\Users\AdministratorDB\Desktop\bin\bin\Ransomware.exe
TargetFilename: C:\Users\ADMINI~1\AppData\Local\Temp\_MEI67362\wxmsw30u_html_vc140_x64.dll
CreationUtcTime: 2022-10-22 18:34:33.717
User: ADMIN\AdministratorDB",-,-,-,-,-,{612eed94-37b8-6354-2f01-000000001f00},C:\Users\AdministratorDB\Desktop\bin\bin\Ransomware.exe,C:\Users\AdministratorDB\Desktop\bin\bin\Ransomware.exe,-,-,Ransomware.exe,Ransomware.exe,-,-,-,-,-,-,-,-,-,-,-,-,-,-,-,-,6736,-,-,-,-,-,-,-,-,-,AdministratorDB,DLL,-,ADMIN,S-1-5-18,AdministratorDB,AdministratorDB,wineventlog,Microsoft-Windows-Sysmon/Operational,admin,-,34:33.7,-,-,-,-,-,-,-,-,-,11,Info,"2,260","2,772",{5770385f-c22a-43e0-bf4c-06f5698ffbd9},Microsoft-Windows-Sysmon,6048,File created (rule: FileCreate),NT AUTHORITY,S-1-5-18,SYSTEM,User,2
"Oct 23, 2022 @ 02:34:33.739",r0X5AIQBHC0TB3lJ5qcK,.ds-winlogbeat-8.2.3-2022.10.22-000001,-,328b516e-a0ac-4310-8b30-40bfab86de53,admin,6f94e196-447e-4d41-8eea-e6c40bba83e4,admin,winlogbeat,8.2.3,-,-,-,-,1.12.0,File created (rule: FileCreate),file,11,"Oct 23, 2022 @ 02:34:34.259","Oct 23, 2022 @ 02:34:48.201",event,sysmon,Microsoft-Windows-Sysmon,creation,C:\Users\ADMINI~1\AppData\Local\Temp\_MEI67362,dll,wxmsw30u_xrc_vc140_x64.dll,C:\Users\ADMINI~1\AppData\Local\Temp\_MEI67362\wxmsw30u_xrc_vc140_x64.dll,C:\Users\ADMINI~1\AppData\Local\Temp\_MEI67362\wxmsw30u_xrc_vc140_x64.dll,x86_64,admin,612eed94-10de-48e9-b9de-7108e40bddcc,"fe80::d592:a7d7:c0fb:10f9, 10.0.2.16, fe80::298d:fd6:72cd:b0a3, 172.19.96.11","08:00:27:7c:f3:ae, 08:00:27:4c:ba:b7",admin,19044.1889,windows,10.0.19041.1889 (WinBuild.160101.0800),Windows 10 Enterprise Evaluation,Windows 10 Enterprise Evaluation,windows,windows,10,information,"File created:
RuleName: DLL
UtcTime: 2022-10-22 18:34:33.739
ProcessGuid: {612eed94-37b8-6354-2f01-000000001f00}
ProcessId: 6736
Image: C:\Users\AdministratorDB\Desktop\bin\bin\Ransomware.exe
TargetFilename: C:\Users\ADMINI~1\AppData\Local\Temp\_MEI67362\wxmsw30u_xrc_vc140_x64.dll
CreationUtcTime: 2022-10-22 18:34:33.739
User: ADMIN\AdministratorDB",-,-,-,-,-,{612eed94-37b8-6354-2f01-000000001f00},C:\Users\AdministratorDB\Desktop\bin\bin\Ransomware.exe,C:\Users\AdministratorDB\Desktop\bin\bin\Ransomware.exe,-,-,Ransomware.exe,Ransomware.exe,-,-,-,-,-,-,-,-,-,-,-,-,-,-,-,-,6736,-,-,-,-,-,-,-,-,-,AdministratorDB,DLL,-,ADMIN,S-1-5-18,AdministratorDB,AdministratorDB,wineventlog,Microsoft-Windows-Sysmon/Operational,admin,-,34:33.7,-,-,-,-,-,-,-,-,-,11,Info,"2,260","2,772",{5770385f-c22a-43e0-bf4c-06f5698ffbd9},Microsoft-Windows-Sysmon,6049,File created (rule: FileCreate),NT AUTHORITY,S-1-5-18,SYSTEM,User,2
"Oct 23, 2022 @ 02:34:33.748",sEX5AIQBHC0TB3lJ5qcK,.ds-winlogbeat-8.2.3-2022.10.22-000001,-,328b516e-a0ac-4310-8b30-40bfab86de53,admin,6f94e196-447e-4d41-8eea-e6c40bba83e4,admin,winlogbeat,8.2.3,-,-,-,-,1.12.0,Process Create (rule: ProcessCreate),process,1,"Oct 23, 2022 @ 02:34:34.259","Oct 23, 2022 @ 02:34:48.201",event,sysmon,Microsoft-Windows-Sysmon,start,-,-,-,-,-,x86_64,admin,612eed94-10de-48e9-b9de-7108e40bddcc,"fe80::d592:a7d7:c0fb:10f9, 10.0.2.16, fe80::298d:fd6:72cd:b0a3, 172.19.96.11","08:00:27:7c:f3:ae, 08:00:27:4c:ba:b7",admin,19044.1889,windows,10.0.19041.1889 (WinBuild.160101.0800),Windows 10 Enterprise Evaluation,Windows 10 Enterprise Evaluation,windows,windows,10,information,"Process Create:
RuleName: -
UtcTime: 2022-10-22 18:34:33.748
ProcessGuid: {612eed94-37b9-6354-3001-000000001f00}
ProcessId: 1412
Image: C:\Users\AdministratorDB\Desktop\bin\bin\Ransomware.exe
FileVersion: -
Description: -
Product: -
Company: -
OriginalFileName: -
CommandLine: ""C:\Users\AdministratorDB\Desktop\bin\bin\Ransomware.exe"" 
CurrentDirectory: C:\Users\AdministratorDB\Desktop\bin\bin\
User: ADMIN\AdministratorDB
LogonGuid: {612eed94-34a0-6354-1241-040000000000}
LogonId: 0x44112
TerminalSessionId: 1
IntegrityLevel: High
Hashes: MD5=38407440316A77E6F691F9368FD9E9D4,SHA256=02F1754FC605AD2B348FE0FCA488317436EB82BA28582ECDE9A6CC2A38FA12E4,IMPHASH=809EA02D92FEA89353F33279290E8C9F
ParentProcessGuid: {612eed94-37b8-6354-2f01-000000001f00}
ParentProcessId: 6736
ParentImage: C:\Users\AdministratorDB\Desktop\bin\bin\Ransomware.exe
ParentCommandLine: ""C:\Users\AdministratorDB\Desktop\bin\bin\Ransomware.exe"" 
ParentUser: ADMIN\AdministratorDB",-,C:\Users\AdministratorDB\Desktop\bin\bin\Ransomware.exe,1,"""C:\Users\AdministratorDB\Desktop\bin\bin\Ransomware.exe"" ","""C:\Users\AdministratorDB\Desktop\bin\bin\Ransomware.exe"" ",{612eed94-37b9-6354-3001-000000001f00},C:\Users\AdministratorDB\Desktop\bin\bin\Ransomware.exe,C:\Users\AdministratorDB\Desktop\bin\bin\Ransomware.exe,38407440316a77e6f691f9368fd9e9d4,02f1754fc605ad2b348fe0fca488317436eb82ba28582ecde9a6cc2a38fa12e4,Ransomware.exe,Ransomware.exe,C:\Users\AdministratorDB\Desktop\bin\bin\Ransomware.exe,1,"""C:\Users\AdministratorDB\Desktop\bin\bin\Ransomware.exe"" ","""C:\Users\AdministratorDB\Desktop\bin\bin\Ransomware.exe"" ",{612eed94-37b8-6354-2f01-000000001f00},C:\Users\AdministratorDB\Desktop\bin\bin\Ransomware.exe,C:\Users\AdministratorDB\Desktop\bin\bin\Ransomware.exe,Ransomware.exe,Ransomware.exe,6736,-,-,-,809ea02d92fea89353f33279290e8c9f,-,-,1412,C:\Users\AdministratorDB\Desktop\bin\bin\,C:\Users\AdministratorDB\Desktop\bin\bin\,-,-,-,-,"02f1754fc605ad2b348fe0fca488317436eb82ba28582ecde9a6cc2a38fa12e4, 38407440316a77e6f691f9368fd9e9d4, 809ea02d92fea89353f33279290e8c9f",-,-,AdministratorDB,-,-,ADMIN,S-1-5-18,AdministratorDB,AdministratorDB,wineventlog,Microsoft-Windows-Sysmon/Operational,admin,-,-,-,-,-,High,{612eed94-34a0-6354-1241-040000000000},0x44112,ADMIN\AdministratorDB,-,1,1,Info,"2,260","2,772",{5770385f-c22a-43e0-bf4c-06f5698ffbd9},Microsoft-Windows-Sysmon,6050,Process Create (rule: ProcessCreate),NT AUTHORITY,S-1-5-18,SYSTEM,User,5
"Oct 23, 2022 @ 02:34:33.992",sUX5AIQBHC0TB3lJ5qcK,.ds-winlogbeat-8.2.3-2022.10.22-000001,-,328b516e-a0ac-4310-8b30-40bfab86de53,admin,6f94e196-447e-4d41-8eea-e6c40bba83e4,admin,winlogbeat,8.2.3,-,-,-,-,1.12.0,Registry value set (rule: RegistryEvent),"configuration, registry",13,"Oct 23, 2022 @ 02:34:34.259","Oct 23, 2022 @ 02:34:48.201",event,sysmon,Microsoft-Windows-Sysmon,change,-,-,-,-,-,x86_64,admin,612eed94-10de-48e9-b9de-7108e40bddcc,"fe80::d592:a7d7:c0fb:10f9, 10.0.2.16, fe80::298d:fd6:72cd:b0a3, 172.19.96.11","08:00:27:7c:f3:ae, 08:00:27:4c:ba:b7",admin,19044.1889,windows,10.0.19041.1889 (WinBuild.160101.0800),Windows 10 Enterprise Evaluation,Windows 10 Enterprise Evaluation,windows,windows,10,information,"Registry value set:
RuleName: T1060,RunKey
EventType: SetValue
UtcTime: 2022-10-22 18:34:33.992
ProcessGuid: {612eed94-37b9-6354-3001-000000001f00}
ProcessId: 1412
Image: C:\Users\AdministratorDB\Desktop\bin\bin\Ransomware.exe
TargetObject: HKU\S-1-5-21-3636077943-3669489707-987131759-1002\SOFTWARE\Microsoft\Windows\CurrentVersion\Run\Ransomware
Details: C:\Users\AdministratorDB\Desktop\bin\bin\Ransomware.exe
User: ADMIN\AdministratorDB",-,-,-,-,-,{612eed94-37b9-6354-3001-000000001f00},C:\Users\AdministratorDB\Desktop\bin\bin\Ransomware.exe,C:\Users\AdministratorDB\Desktop\bin\bin\Ransomware.exe,-,-,Ransomware.exe,Ransomware.exe,-,-,-,-,-,-,-,-,-,-,-,-,-,-,-,-,1412,-,-,HKU,S-1-5-21-3636077943-3669489707-987131759-1002\SOFTWARE\Microsoft\Windows\CurrentVersion\Run\Ransomware,HKU\S-1-5-21-3636077943-3669489707-987131759-1002\SOFTWARE\Microsoft\Windows\CurrentVersion\Run\Ransomware,Ransomware,-,-,-,AdministratorDB,"T1060,RunKey",-,ADMIN,S-1-5-18,AdministratorDB,AdministratorDB,wineventlog,Microsoft-Windows-Sysmon/Operational,admin,-,-,-,SetValue,-,-,-,-,-,-,-,13,Info,"2,260","2,772",{5770385f-c22a-43e0-bf4c-06f5698ffbd9},Microsoft-Windows-Sysmon,6051,Registry value set (rule: RegistryEvent),NT AUTHORITY,S-1-5-18,SYSTEM,User,2
"Oct 23, 2022 @ 02:34:35.552",skX5AIQBHC0TB3lJ9afc,.ds-winlogbeat-8.2.3-2022.10.22-000001,-,328b516e-a0ac-4310-8b30-40bfab86de53,admin,6f94e196-447e-4d41-8eea-e6c40bba83e4,admin,winlogbeat,8.2.3,-,-,-,-,1.12.0,Process Create (rule: ProcessCreate),process,1,"Oct 23, 2022 @ 02:34:36.296","Oct 23, 2022 @ 02:34:52.251",event,sysmon,Microsoft-Windows-Sysmon,start,-,-,-,-,-,x86_64,admin,612eed94-10de-48e9-b9de-7108e40bddcc,"fe80::d592:a7d7:c0fb:10f9, 10.0.2.16, fe80::298d:fd6:72cd:b0a3, 172.19.96.11","08:00:27:7c:f3:ae, 08:00:27:4c:ba:b7",admin,19044.1889,windows,10.0.19041.1889 (WinBuild.160101.0800),Windows 10 Enterprise Evaluation,Windows 10 Enterprise Evaluation,windows,windows,10,information,"Process Create:
RuleName: -
UtcTime: 2022-10-22 18:34:35.552
ProcessGuid: {612eed94-37bb-6354-3101-000000001f00}
ProcessId: 4128
Image: C:\Windows\System32\SearchProtocolHost.exe
FileVersion: 7.0.19041.1865 (WinBuild.160101.0800)
Description: Microsoft Windows Search Protocol Host
Product: Windows® Search
Company: Microsoft Corporation
OriginalFileName: SearchProtocolHost.exe
CommandLine: ""C:\Windows\system32\SearchProtocolHost.exe"" Global\UsGthrFltPipeMssGthrPipe5_ Global\UsGthrCtrlFltPipeMssGthrPipe5 1 -2147483646 ""Software\Microsoft\Windows Search"" ""Mozilla/4.0 (compatible; MSIE 6.0; Windows NT; MS Search 4.0 Robot)"" ""C:\ProgramData\Microsoft\Search\Data\Temp\usgthrsvc"" ""DownLevelDaemon"" 
CurrentDirectory: C:\Windows\system32\
User: NT AUTHORITY\SYSTEM
LogonGuid: {612eed94-3465-6354-e703-000000000000}
LogonId: 0x3E7
TerminalSessionId: 0
IntegrityLevel: System
Hashes: MD5=0AE82E02F55E74E1F7FAFFE7FACCB287,SHA256=DE66A82EA4634B03A76AC11370C070D4A6AAC1FA8D4CA907136BEEDCD279316A,IMPHASH=8B2A73CF81704F7AED84C67134EC39AC
ParentProcessGuid: {00000000-0000-0000-0000-000000000000}
ParentProcessId: 2536
ParentImage: -
ParentCommandLine: -
ParentUser: -",-,"C:\Windows\system32\SearchProtocolHost.exe, Global\UsGthrFltPipeMssGthrPipe5_, Global\UsGthrCtrlFltPipeMssGthrPipe5, 1, -2147483646, Software\Microsoft\Windows Search, Mozilla/4.0 (compatible; MSIE 6.0; Windows NT; MS Search 4.0 Robot), C:\ProgramData\Microsoft\Search\Data\Temp\usgthrsvc, DownLevelDaemon",9,"""C:\Windows\system32\SearchProtocolHost.exe"" Global\UsGthrFltPipeMssGthrPipe5_ Global\UsGthrCtrlFltPipeMssGthrPipe5 1 -2147483646 ""Software\Microsoft\Windows Search"" ""Mozilla/4.0 (compatible; MSIE 6.0; Windows NT; MS Search 4.0 Robot)"" ""C:\ProgramData\Microsoft\Search\Data\Temp\usgthrsvc"" ""DownLevelDaemon"" ","""C:\Windows\system32\SearchProtocolHost.exe"" Global\UsGthrFltPipeMssGthrPipe5_ Global\UsGthrCtrlFltPipeMssGthrPipe5 1 -2147483646 ""Software\Microsoft\Windows Search"" ""Mozilla/4.0 (compatible; MSIE 6.0; Windows NT; MS Search 4.0 Robot)"" ""C:\ProgramData\Microsoft\Search\Data\Temp\usgthrsvc"" ""DownLevelDaemon"" ",{612eed94-37bb-6354-3101-000000001f00},C:\Windows\System32\SearchProtocolHost.exe,C:\Windows\System32\SearchProtocolHost.exe,0ae82e02f55e74e1f7faffe7faccb287,de66a82ea4634b03a76ac11370c070d4a6aac1fa8d4ca907136beedcd279316a,SearchProtocolHost.exe,SearchProtocolHost.exe,-,1,-,-,{00000000-0000-0000-0000-000000000000},-,-,-,-,2536,Microsoft Corporation,Microsoft Windows Search Protocol Host,7.0.19041.1865 (WinBuild.160101.0800),8b2a73cf81704f7aed84c67134ec39ac,SearchProtocolHost.exe,Windows® Search,4128,C:\Windows\system32\,C:\Windows\system32\,-,-,-,-,"de66a82ea4634b03a76ac11370c070d4a6aac1fa8d4ca907136beedcd279316a, 0ae82e02f55e74e1f7faffe7faccb287, 8b2a73cf81704f7aed84c67134ec39ac",-,-,SYSTEM,-,-,NT AUTHORITY,S-1-5-18,SYSTEM,SYSTEM,wineventlog,Microsoft-Windows-Sysmon/Operational,admin,Microsoft Corporation,-,Microsoft Windows Search Protocol Host,-,7.0.19041.1865 (WinBuild.160101.0800),System,{612eed94-3465-6354-e703-000000000000},0x3e7,-,Windows® Search,0,1,Info,"2,260","2,772",{5770385f-c22a-43e0-bf4c-06f5698ffbd9},Microsoft-Windows-Sysmon,6052,Process Create (rule: ProcessCreate),NT AUTHORITY,S-1-5-18,SYSTEM,User,5
