"Oct 23, 2022 @ 02:34:35.620",s0X5AIQBHC0TB3lJ9afc,.ds-winlogbeat-8.2.3-2022.10.22-000001,-,328b516e-a0ac-4310-8b30-40bfab86de53,admin,6f94e196-447e-4d41-8eea-e6c40bba83e4,admin,winlogbeat,8.2.3,-,-,-,-,1.12.0,Process Create (rule: ProcessCreate),process,1,"Oct 23, 2022 @ 02:34:36.296","Oct 23, 2022 @ 02:34:52.251",event,sysmon,Microsoft-Windows-Sysmon,start,-,-,-,-,-,x86_64,admin,612eed94-10de-48e9-b9de-7108e40bddcc,"fe80::d592:a7d7:c0fb:10f9, 10.0.2.16, fe80::298d:fd6:72cd:b0a3, 172.19.96.11","08:00:27:7c:f3:ae, 08:00:27:4c:ba:b7",admin,19044.1889,windows,10.0.19041.1889 (WinBuild.160101.0800),Windows 10 Enterprise Evaluation,Windows 10 Enterprise Evaluation,windows,windows,10,information,"Process Create:
RuleName: -
UtcTime: 2022-10-22 18:34:35.620
ProcessGuid: {612eed94-37bb-6354-3201-000000001f00}
ProcessId: 6840
Image: C:\Windows\System32\SearchFilterHost.exe
FileVersion: 7.0.19041.1865 (WinBuild.160101.0800)
Description: Microsoft Windows Search Filter Host
Product: Windows® Search
Company: Microsoft Corporation
OriginalFileName: SearchFilterHost.exe
CommandLine: ""C:\Windows\system32\SearchFilterHost.exe"" 0 796 800 808 8192 804 780 
CurrentDirectory: C:\Windows\system32\
User: NT AUTHORITY\SYSTEM
LogonGuid: {612eed94-3465-6354-e703-000000000000}
LogonId: 0x3E7
TerminalSessionId: 0
IntegrityLevel: Medium
Hashes: MD5=0F423D1F8CB44280566E7248EB0AD4DA,SHA256=3F09D87197A80251A55BF2D819BAE9AB7B1791AC31E96413E0C06FAA21A0A169,IMPHASH=25975932FE65B44EA2DD939DC008D453
ParentProcessGuid: {00000000-0000-0000-0000-000000000000}
ParentProcessId: 2536
ParentImage: -
ParentCommandLine: -
ParentUser: -",-,"C:\Windows\system32\SearchFilterHost.exe, 0, 796, 800, 808, 8192, 804, 780",8,"""C:\Windows\system32\SearchFilterHost.exe"" 0 796 800 808 8192 804 780 ","""C:\Windows\system32\SearchFilterHost.exe"" 0 796 800 808 8192 804 780 ",{612eed94-37bb-6354-3201-000000001f00},C:\Windows\System32\SearchFilterHost.exe,C:\Windows\System32\SearchFilterHost.exe,0f423d1f8cb44280566e7248eb0ad4da,3f09d87197a80251a55bf2d819bae9ab7b1791ac31e96413e0c06faa21a0a169,SearchFilterHost.exe,SearchFilterHost.exe,-,1,-,-,{00000000-0000-0000-0000-000000000000},-,-,-,-,2536,Microsoft Corporation,Microsoft Windows Search Filter Host,7.0.19041.1865 (WinBuild.160101.0800),25975932fe65b44ea2dd939dc008d453,SearchFilterHost.exe,Windows® Search,6840,C:\Windows\system32\,C:\Windows\system32\,-,-,-,-,"3f09d87197a80251a55bf2d819bae9ab7b1791ac31e96413e0c06faa21a0a169, 0f423d1f8cb44280566e7248eb0ad4da, 25975932fe65b44ea2dd939dc008d453",-,-,SYSTEM,-,-,NT AUTHORITY,S-1-5-18,SYSTEM,SYSTEM,wineventlog,Microsoft-Windows-Sysmon/Operational,admin,Microsoft Corporation,-,Microsoft Windows Search Filter Host,-,7.0.19041.1865 (WinBuild.160101.0800),Medium,{612eed94-3465-6354-e703-000000000000},0x3e7,-,Windows® Search,0,1,Info,"2,260","2,772",{5770385f-c22a-43e0-bf4c-06f5698ffbd9},Microsoft-Windows-Sysmon,6053,Process Create (rule: ProcessCreate),NT AUTHORITY,S-1-5-18,SYSTEM,User,5
"Oct 23, 2022 @ 02:34:37.540",tEX6AIQBHC0TB3lJBaf_,.ds-winlogbeat-8.2.3-2022.10.22-000001,-,328b516e-a0ac-4310-8b30-40bfab86de53,admin,6f94e196-447e-4d41-8eea-e6c40bba83e4,admin,winlogbeat,8.2.3,-,-,-,-,1.12.0,File created (rule: FileCreate),file,11,"Oct 23, 2022 @ 02:34:38.361","Oct 23, 2022 @ 02:34:56.373",event,sysmon,Microsoft-Windows-Sysmon,creation,C:\Users\AdministratorDB\AppData\Roaming\Microsoft\Windows\Start Menu,locked,desktop.ini.locked,C:\Users\AdministratorDB\AppData\Roaming\Microsoft\Windows\Start Menu\desktop.ini.locked,C:\Users\AdministratorDB\AppData\Roaming\Microsoft\Windows\Start Menu\desktop.ini.locked,x86_64,admin,612eed94-10de-48e9-b9de-7108e40bddcc,"fe80::d592:a7d7:c0fb:10f9, 10.0.2.16, fe80::298d:fd6:72cd:b0a3, 172.19.96.11","08:00:27:7c:f3:ae, 08:00:27:4c:ba:b7",admin,19044.1889,windows,10.0.19041.1889 (WinBuild.160101.0800),Windows 10 Enterprise Evaluation,Windows 10 Enterprise Evaluation,windows,windows,10,information,"File created:
RuleName: T1023
UtcTime: 2022-10-22 18:34:37.540
ProcessGuid: {612eed94-37b9-6354-3001-000000001f00}
ProcessId: 1412
Image: C:\Users\AdministratorDB\Desktop\bin\bin\Ransomware.exe
TargetFilename: C:\Users\AdministratorDB\AppData\Roaming\Microsoft\Windows\Start Menu\desktop.ini.locked
CreationUtcTime: 2022-10-22 18:34:37.540
User: ADMIN\AdministratorDB",-,-,-,-,-,{612eed94-37b9-6354-3001-000000001f00},C:\Users\AdministratorDB\Desktop\bin\bin\Ransomware.exe,C:\Users\AdministratorDB\Desktop\bin\bin\Ransomware.exe,-,-,Ransomware.exe,Ransomware.exe,-,-,-,-,-,-,-,-,-,-,-,-,-,-,-,-,1412,-,-,-,-,-,-,-,-,-,AdministratorDB,T1023,-,ADMIN,S-1-5-18,AdministratorDB,AdministratorDB,wineventlog,Microsoft-Windows-Sysmon/Operational,admin,-,34:37.5,-,-,-,-,-,-,-,-,-,11,Info,"2,260","2,772",{5770385f-c22a-43e0-bf4c-06f5698ffbd9},Microsoft-Windows-Sysmon,6054,File created (rule: FileCreate),NT AUTHORITY,S-1-5-18,SYSTEM,User,2
"Oct 23, 2022 @ 02:34:37.540",tUX6AIQBHC0TB3lJBaf_,.ds-winlogbeat-8.2.3-2022.10.22-000001,-,328b516e-a0ac-4310-8b30-40bfab86de53,admin,6f94e196-447e-4d41-8eea-e6c40bba83e4,admin,winlogbeat,8.2.3,-,-,-,-,1.12.0,File created (rule: FileCreate),file,11,"Oct 23, 2022 @ 02:34:38.361","Oct 23, 2022 @ 02:34:56.380",event,sysmon,Microsoft-Windows-Sysmon,creation,C:\Users\AdministratorDB\AppData\Roaming\Microsoft\Windows\Start Menu\Programs,locked,desktop.ini.locked,C:\Users\AdministratorDB\AppData\Roaming\Microsoft\Windows\Start Menu\Programs\desktop.ini.locked,C:\Users\AdministratorDB\AppData\Roaming\Microsoft\Windows\Start Menu\Programs\desktop.ini.locked,x86_64,admin,612eed94-10de-48e9-b9de-7108e40bddcc,"fe80::d592:a7d7:c0fb:10f9, 10.0.2.16, fe80::298d:fd6:72cd:b0a3, 172.19.96.11","08:00:27:7c:f3:ae, 08:00:27:4c:ba:b7",admin,19044.1889,windows,10.0.19041.1889 (WinBuild.160101.0800),Windows 10 Enterprise Evaluation,Windows 10 Enterprise Evaluation,windows,windows,10,information,"File created:
RuleName: T1023
UtcTime: 2022-10-22 18:34:37.540
ProcessGuid: {612eed94-37b9-6354-3001-000000001f00}
ProcessId: 1412
Image: C:\Users\AdministratorDB\Desktop\bin\bin\Ransomware.exe
TargetFilename: C:\Users\AdministratorDB\AppData\Roaming\Microsoft\Windows\Start Menu\Programs\desktop.ini.locked
CreationUtcTime: 2022-10-22 18:34:37.540
User: ADMIN\AdministratorDB",-,-,-,-,-,{612eed94-37b9-6354-3001-000000001f00},C:\Users\AdministratorDB\Desktop\bin\bin\Ransomware.exe,C:\Users\AdministratorDB\Desktop\bin\bin\Ransomware.exe,-,-,Ransomware.exe,Ransomware.exe,-,-,-,-,-,-,-,-,-,-,-,-,-,-,-,-,1412,-,-,-,-,-,-,-,-,-,AdministratorDB,T1023,-,ADMIN,S-1-5-18,AdministratorDB,AdministratorDB,wineventlog,Microsoft-Windows-Sysmon/Operational,admin,-,34:37.5,-,-,-,-,-,-,-,-,-,11,Info,"2,260","2,772",{5770385f-c22a-43e0-bf4c-06f5698ffbd9},Microsoft-Windows-Sysmon,6055,File created (rule: FileCreate),NT AUTHORITY,S-1-5-18,SYSTEM,User,2
"Oct 23, 2022 @ 02:34:37.543",tkX6AIQBHC0TB3lJBaf_,.ds-winlogbeat-8.2.3-2022.10.22-000001,-,328b516e-a0ac-4310-8b30-40bfab86de53,admin,6f94e196-447e-4d41-8eea-e6c40bba83e4,admin,winlogbeat,8.2.3,-,-,-,-,1.12.0,File created (rule: FileCreate),file,11,"Oct 23, 2022 @ 02:34:38.361","Oct 23, 2022 @ 02:34:56.381",event,sysmon,Microsoft-Windows-Sysmon,creation,C:\Users\AdministratorDB\AppData\Roaming\Microsoft\Windows\Start Menu\Programs\Accessibility,locked,desktop.ini.locked,C:\Users\AdministratorDB\AppData\Roaming\Microsoft\Windows\Start Menu\Programs\Accessibility\desktop.ini.locked,C:\Users\AdministratorDB\AppData\Roaming\Microsoft\Windows\Start Menu\Programs\Accessibility\desktop.ini.locked,x86_64,admin,612eed94-10de-48e9-b9de-7108e40bddcc,"fe80::d592:a7d7:c0fb:10f9, 10.0.2.16, fe80::298d:fd6:72cd:b0a3, 172.19.96.11","08:00:27:7c:f3:ae, 08:00:27:4c:ba:b7",admin,19044.1889,windows,10.0.19041.1889 (WinBuild.160101.0800),Windows 10 Enterprise Evaluation,Windows 10 Enterprise Evaluation,windows,windows,10,information,"File created:
RuleName: T1023
UtcTime: 2022-10-22 18:34:37.543
ProcessGuid: {612eed94-37b9-6354-3001-000000001f00}
ProcessId: 1412
Image: C:\Users\AdministratorDB\Desktop\bin\bin\Ransomware.exe
TargetFilename: C:\Users\AdministratorDB\AppData\Roaming\Microsoft\Windows\Start Menu\Programs\Accessibility\desktop.ini.locked
CreationUtcTime: 2022-10-22 18:34:37.543
User: ADMIN\AdministratorDB",-,-,-,-,-,{612eed94-37b9-6354-3001-000000001f00},C:\Users\AdministratorDB\Desktop\bin\bin\Ransomware.exe,C:\Users\AdministratorDB\Desktop\bin\bin\Ransomware.exe,-,-,Ransomware.exe,Ransomware.exe,-,-,-,-,-,-,-,-,-,-,-,-,-,-,-,-,1412,-,-,-,-,-,-,-,-,-,AdministratorDB,T1023,-,ADMIN,S-1-5-18,AdministratorDB,AdministratorDB,wineventlog,Microsoft-Windows-Sysmon/Operational,admin,-,34:37.5,-,-,-,-,-,-,-,-,-,11,Info,"2,260","2,772",{5770385f-c22a-43e0-bf4c-06f5698ffbd9},Microsoft-Windows-Sysmon,6056,File created (rule: FileCreate),NT AUTHORITY,S-1-5-18,SYSTEM,User,2
"Oct 23, 2022 @ 02:34:37.544",t0X6AIQBHC0TB3lJBaf_,.ds-winlogbeat-8.2.3-2022.10.22-000001,-,328b516e-a0ac-4310-8b30-40bfab86de53,admin,6f94e196-447e-4d41-8eea-e6c40bba83e4,admin,winlogbeat,8.2.3,-,-,-,-,1.12.0,File created (rule: FileCreate),file,11,"Oct 23, 2022 @ 02:34:38.361","Oct 23, 2022 @ 02:34:56.381",event,sysmon,Microsoft-Windows-Sysmon,creation,C:\Users\AdministratorDB\AppData\Roaming\Microsoft\Windows\Start Menu\Programs\Accessories,locked,desktop.ini.locked,C:\Users\AdministratorDB\AppData\Roaming\Microsoft\Windows\Start Menu\Programs\Accessories\desktop.ini.locked,C:\Users\AdministratorDB\AppData\Roaming\Microsoft\Windows\Start Menu\Programs\Accessories\desktop.ini.locked,x86_64,admin,612eed94-10de-48e9-b9de-7108e40bddcc,"fe80::d592:a7d7:c0fb:10f9, 10.0.2.16, fe80::298d:fd6:72cd:b0a3, 172.19.96.11","08:00:27:7c:f3:ae, 08:00:27:4c:ba:b7",admin,19044.1889,windows,10.0.19041.1889 (WinBuild.160101.0800),Windows 10 Enterprise Evaluation,Windows 10 Enterprise Evaluation,windows,windows,10,information,"File created:
RuleName: T1023
UtcTime: 2022-10-22 18:34:37.544
ProcessGuid: {612eed94-37b9-6354-3001-000000001f00}
ProcessId: 1412
Image: C:\Users\AdministratorDB\Desktop\bin\bin\Ransomware.exe
TargetFilename: C:\Users\AdministratorDB\AppData\Roaming\Microsoft\Windows\Start Menu\Programs\Accessories\desktop.ini.locked
CreationUtcTime: 2022-10-22 18:34:37.544
User: ADMIN\AdministratorDB",-,-,-,-,-,{612eed94-37b9-6354-3001-000000001f00},C:\Users\AdministratorDB\Desktop\bin\bin\Ransomware.exe,C:\Users\AdministratorDB\Desktop\bin\bin\Ransomware.exe,-,-,Ransomware.exe,Ransomware.exe,-,-,-,-,-,-,-,-,-,-,-,-,-,-,-,-,1412,-,-,-,-,-,-,-,-,-,AdministratorDB,T1023,-,ADMIN,S-1-5-18,AdministratorDB,AdministratorDB,wineventlog,Microsoft-Windows-Sysmon/Operational,admin,-,34:37.5,-,-,-,-,-,-,-,-,-,11,Info,"2,260","2,772",{5770385f-c22a-43e0-bf4c-06f5698ffbd9},Microsoft-Windows-Sysmon,6057,File created (rule: FileCreate),NT AUTHORITY,S-1-5-18,SYSTEM,User,2
"Oct 23, 2022 @ 02:34:37.544",uEX6AIQBHC0TB3lJBaf_,.ds-winlogbeat-8.2.3-2022.10.22-000001,-,328b516e-a0ac-4310-8b30-40bfab86de53,admin,6f94e196-447e-4d41-8eea-e6c40bba83e4,admin,winlogbeat,8.2.3,-,-,-,-,1.12.0,File created (rule: FileCreate),file,11,"Oct 23, 2022 @ 02:34:38.361","Oct 23, 2022 @ 02:34:56.381",event,sysmon,Microsoft-Windows-Sysmon,creation,C:\Users\AdministratorDB\AppData\Roaming\Microsoft\Windows\Start Menu\Programs\Administrative Tools,locked,desktop.ini.locked,C:\Users\AdministratorDB\AppData\Roaming\Microsoft\Windows\Start Menu\Programs\Administrative Tools\desktop.ini.locked,C:\Users\AdministratorDB\AppData\Roaming\Microsoft\Windows\Start Menu\Programs\Administrative Tools\desktop.ini.locked,x86_64,admin,612eed94-10de-48e9-b9de-7108e40bddcc,"fe80::d592:a7d7:c0fb:10f9, 10.0.2.16, fe80::298d:fd6:72cd:b0a3, 172.19.96.11","08:00:27:7c:f3:ae, 08:00:27:4c:ba:b7",admin,19044.1889,windows,10.0.19041.1889 (WinBuild.160101.0800),Windows 10 Enterprise Evaluation,Windows 10 Enterprise Evaluation,windows,windows,10,information,"File created:
RuleName: T1023
UtcTime: 2022-10-22 18:34:37.544
ProcessGuid: {612eed94-37b9-6354-3001-000000001f00}
ProcessId: 1412
Image: C:\Users\AdministratorDB\Desktop\bin\bin\Ransomware.exe
TargetFilename: C:\Users\AdministratorDB\AppData\Roaming\Microsoft\Windows\Start Menu\Programs\Administrative Tools\desktop.ini.locked
CreationUtcTime: 2022-10-22 18:34:37.544
User: ADMIN\AdministratorDB",-,-,-,-,-,{612eed94-37b9-6354-3001-000000001f00},C:\Users\AdministratorDB\Desktop\bin\bin\Ransomware.exe,C:\Users\AdministratorDB\Desktop\bin\bin\Ransomware.exe,-,-,Ransomware.exe,Ransomware.exe,-,-,-,-,-,-,-,-,-,-,-,-,-,-,-,-,1412,-,-,-,-,-,-,-,-,-,AdministratorDB,T1023,-,ADMIN,S-1-5-18,AdministratorDB,AdministratorDB,wineventlog,Microsoft-Windows-Sysmon/Operational,admin,-,34:37.5,-,-,-,-,-,-,-,-,-,11,Info,"2,260","2,772",{5770385f-c22a-43e0-bf4c-06f5698ffbd9},Microsoft-Windows-Sysmon,6058,File created (rule: FileCreate),NT AUTHORITY,S-1-5-18,SYSTEM,User,2
"Oct 23, 2022 @ 02:34:37.544",uUX6AIQBHC0TB3lJBaf_,.ds-winlogbeat-8.2.3-2022.10.22-000001,-,328b516e-a0ac-4310-8b30-40bfab86de53,admin,6f94e196-447e-4d41-8eea-e6c40bba83e4,admin,winlogbeat,8.2.3,-,-,-,-,1.12.0,File created (rule: FileCreate),file,11,"Oct 23, 2022 @ 02:34:38.361","Oct 23, 2022 @ 02:34:56.381",event,sysmon,Microsoft-Windows-Sysmon,creation,C:\Users\AdministratorDB\AppData\Roaming\Microsoft\Windows\Start Menu\Programs\Maintenance,locked,Desktop.ini.locked,C:\Users\AdministratorDB\AppData\Roaming\Microsoft\Windows\Start Menu\Programs\Maintenance\Desktop.ini.locked,C:\Users\AdministratorDB\AppData\Roaming\Microsoft\Windows\Start Menu\Programs\Maintenance\Desktop.ini.locked,x86_64,admin,612eed94-10de-48e9-b9de-7108e40bddcc,"fe80::d592:a7d7:c0fb:10f9, 10.0.2.16, fe80::298d:fd6:72cd:b0a3, 172.19.96.11","08:00:27:7c:f3:ae, 08:00:27:4c:ba:b7",admin,19044.1889,windows,10.0.19041.1889 (WinBuild.160101.0800),Windows 10 Enterprise Evaluation,Windows 10 Enterprise Evaluation,windows,windows,10,information,"File created:
RuleName: T1023
UtcTime: 2022-10-22 18:34:37.544
ProcessGuid: {612eed94-37b9-6354-3001-000000001f00}
ProcessId: 1412
Image: C:\Users\AdministratorDB\Desktop\bin\bin\Ransomware.exe
TargetFilename: C:\Users\AdministratorDB\AppData\Roaming\Microsoft\Windows\Start Menu\Programs\Maintenance\Desktop.ini.locked
CreationUtcTime: 2022-10-22 18:34:37.544
User: ADMIN\AdministratorDB",-,-,-,-,-,{612eed94-37b9-6354-3001-000000001f00},C:\Users\AdministratorDB\Desktop\bin\bin\Ransomware.exe,C:\Users\AdministratorDB\Desktop\bin\bin\Ransomware.exe,-,-,Ransomware.exe,Ransomware.exe,-,-,-,-,-,-,-,-,-,-,-,-,-,-,-,-,1412,-,-,-,-,-,-,-,-,-,AdministratorDB,T1023,-,ADMIN,S-1-5-18,AdministratorDB,AdministratorDB,wineventlog,Microsoft-Windows-Sysmon/Operational,admin,-,34:37.5,-,-,-,-,-,-,-,-,-,11,Info,"2,260","2,772",{5770385f-c22a-43e0-bf4c-06f5698ffbd9},Microsoft-Windows-Sysmon,6059,File created (rule: FileCreate),NT AUTHORITY,S-1-5-18,SYSTEM,User,2
"Oct 23, 2022 @ 02:34:37.544",ukX6AIQBHC0TB3lJBaf_,.ds-winlogbeat-8.2.3-2022.10.22-000001,-,328b516e-a0ac-4310-8b30-40bfab86de53,admin,6f94e196-447e-4d41-8eea-e6c40bba83e4,admin,winlogbeat,8.2.3,-,-,-,-,1.12.0,File created (rule: FileCreate),file,11,"Oct 23, 2022 @ 02:34:38.361","Oct 23, 2022 @ 02:34:56.382",event,sysmon,Microsoft-Windows-Sysmon,creation,C:\Users\AdministratorDB\AppData\Roaming\Microsoft\Windows\Start Menu\Programs\Startup,locked,desktop.ini.locked,C:\Users\AdministratorDB\AppData\Roaming\Microsoft\Windows\Start Menu\Programs\Startup\desktop.ini.locked,C:\Users\AdministratorDB\AppData\Roaming\Microsoft\Windows\Start Menu\Programs\Startup\desktop.ini.locked,x86_64,admin,612eed94-10de-48e9-b9de-7108e40bddcc,"fe80::d592:a7d7:c0fb:10f9, 10.0.2.16, fe80::298d:fd6:72cd:b0a3, 172.19.96.11","08:00:27:7c:f3:ae, 08:00:27:4c:ba:b7",admin,19044.1889,windows,10.0.19041.1889 (WinBuild.160101.0800),Windows 10 Enterprise Evaluation,Windows 10 Enterprise Evaluation,windows,windows,10,information,"File created:
RuleName: T1023
UtcTime: 2022-10-22 18:34:37.544
ProcessGuid: {612eed94-37b9-6354-3001-000000001f00}
ProcessId: 1412
Image: C:\Users\AdministratorDB\Desktop\bin\bin\Ransomware.exe
TargetFilename: C:\Users\AdministratorDB\AppData\Roaming\Microsoft\Windows\Start Menu\Programs\Startup\desktop.ini.locked
CreationUtcTime: 2022-10-22 18:34:37.544
User: ADMIN\AdministratorDB",-,-,-,-,-,{612eed94-37b9-6354-3001-000000001f00},C:\Users\AdministratorDB\Desktop\bin\bin\Ransomware.exe,C:\Users\AdministratorDB\Desktop\bin\bin\Ransomware.exe,-,-,Ransomware.exe,Ransomware.exe,-,-,-,-,-,-,-,-,-,-,-,-,-,-,-,-,1412,-,-,-,-,-,-,-,-,-,AdministratorDB,T1023,-,ADMIN,S-1-5-18,AdministratorDB,AdministratorDB,wineventlog,Microsoft-Windows-Sysmon/Operational,admin,-,34:37.5,-,-,-,-,-,-,-,-,-,11,Info,"2,260","2,772",{5770385f-c22a-43e0-bf4c-06f5698ffbd9},Microsoft-Windows-Sysmon,6060,File created (rule: FileCreate),NT AUTHORITY,S-1-5-18,SYSTEM,User,2
"Oct 23, 2022 @ 02:34:37.544",u0X6AIQBHC0TB3lJBaf_,.ds-winlogbeat-8.2.3-2022.10.22-000001,-,328b516e-a0ac-4310-8b30-40bfab86de53,admin,6f94e196-447e-4d41-8eea-e6c40bba83e4,admin,winlogbeat,8.2.3,-,-,-,-,1.12.0,File created (rule: FileCreate),file,11,"Oct 23, 2022 @ 02:34:38.362","Oct 23, 2022 @ 02:34:56.382",event,sysmon,Microsoft-Windows-Sysmon,creation,C:\Users\AdministratorDB\AppData\Roaming\Microsoft\Windows\Start Menu\Programs\System Tools,locked,Desktop.ini.locked,C:\Users\AdministratorDB\AppData\Roaming\Microsoft\Windows\Start Menu\Programs\System Tools\Desktop.ini.locked,C:\Users\AdministratorDB\AppData\Roaming\Microsoft\Windows\Start Menu\Programs\System Tools\Desktop.ini.locked,x86_64,admin,612eed94-10de-48e9-b9de-7108e40bddcc,"fe80::d592:a7d7:c0fb:10f9, 10.0.2.16, fe80::298d:fd6:72cd:b0a3, 172.19.96.11","08:00:27:7c:f3:ae, 08:00:27:4c:ba:b7",admin,19044.1889,windows,10.0.19041.1889 (WinBuild.160101.0800),Windows 10 Enterprise Evaluation,Windows 10 Enterprise Evaluation,windows,windows,10,information,"File created:
RuleName: T1023
UtcTime: 2022-10-22 18:34:37.544
ProcessGuid: {612eed94-37b9-6354-3001-000000001f00}
ProcessId: 1412
Image: C:\Users\AdministratorDB\Desktop\bin\bin\Ransomware.exe
TargetFilename: C:\Users\AdministratorDB\AppData\Roaming\Microsoft\Windows\Start Menu\Programs\System Tools\Desktop.ini.locked
CreationUtcTime: 2022-10-22 18:34:37.544
User: ADMIN\AdministratorDB",-,-,-,-,-,{612eed94-37b9-6354-3001-000000001f00},C:\Users\AdministratorDB\Desktop\bin\bin\Ransomware.exe,C:\Users\AdministratorDB\Desktop\bin\bin\Ransomware.exe,-,-,Ransomware.exe,Ransomware.exe,-,-,-,-,-,-,-,-,-,-,-,-,-,-,-,-,1412,-,-,-,-,-,-,-,-,-,AdministratorDB,T1023,-,ADMIN,S-1-5-18,AdministratorDB,AdministratorDB,wineventlog,Microsoft-Windows-Sysmon/Operational,admin,-,34:37.5,-,-,-,-,-,-,-,-,-,11,Info,"2,260","2,772",{5770385f-c22a-43e0-bf4c-06f5698ffbd9},Microsoft-Windows-Sysmon,6061,File created (rule: FileCreate),NT AUTHORITY,S-1-5-18,SYSTEM,User,2
"Oct 23, 2022 @ 02:34:37.742",vEX6AIQBHC0TB3lJBaf_,.ds-winlogbeat-8.2.3-2022.10.22-000001,-,328b516e-a0ac-4310-8b30-40bfab86de53,admin,6f94e196-447e-4d41-8eea-e6c40bba83e4,admin,winlogbeat,8.2.3,-,-,-,-,1.12.0,File created (rule: FileCreate),file,11,"Oct 23, 2022 @ 02:34:38.362","Oct 23, 2022 @ 02:34:56.382",event,sysmon,Microsoft-Windows-Sysmon,creation,C:\Users\AdministratorDB\Downloads,locked,desktop.ini.locked,C:\Users\AdministratorDB\Downloads\desktop.ini.locked,C:\Users\AdministratorDB\Downloads\desktop.ini.locked,x86_64,admin,612eed94-10de-48e9-b9de-7108e40bddcc,"fe80::d592:a7d7:c0fb:10f9, 10.0.2.16, fe80::298d:fd6:72cd:b0a3, 172.19.96.11","08:00:27:7c:f3:ae, 08:00:27:4c:ba:b7",admin,19044.1889,windows,10.0.19041.1889 (WinBuild.160101.0800),Windows 10 Enterprise Evaluation,Windows 10 Enterprise Evaluation,windows,windows,10,information,"File created:
RuleName: Downloads
UtcTime: 2022-10-22 18:34:37.742
ProcessGuid: {612eed94-37b9-6354-3001-000000001f00}
ProcessId: 1412
Image: C:\Users\AdministratorDB\Desktop\bin\bin\Ransomware.exe
TargetFilename: C:\Users\AdministratorDB\Downloads\desktop.ini.locked
CreationUtcTime: 2022-10-22 18:34:37.742
User: ADMIN\AdministratorDB",-,-,-,-,-,{612eed94-37b9-6354-3001-000000001f00},C:\Users\AdministratorDB\Desktop\bin\bin\Ransomware.exe,C:\Users\AdministratorDB\Desktop\bin\bin\Ransomware.exe,-,-,Ransomware.exe,Ransomware.exe,-,-,-,-,-,-,-,-,-,-,-,-,-,-,-,-,1412,-,-,-,-,-,-,-,-,-,AdministratorDB,Downloads,-,ADMIN,S-1-5-18,AdministratorDB,AdministratorDB,wineventlog,Microsoft-Windows-Sysmon/Operational,admin,-,34:37.7,-,-,-,-,-,-,-,-,-,11,Info,"2,260","2,772",{5770385f-c22a-43e0-bf4c-06f5698ffbd9},Microsoft-Windows-Sysmon,6062,File created (rule: FileCreate),NT AUTHORITY,S-1-5-18,SYSTEM,User,2
"Oct 23, 2022 @ 02:34:37.754",vUX6AIQBHC0TB3lJBaf_,.ds-winlogbeat-8.2.3-2022.10.22-000001,-,328b516e-a0ac-4310-8b30-40bfab86de53,admin,6f94e196-447e-4d41-8eea-e6c40bba83e4,admin,winlogbeat,8.2.3,-,-,-,-,1.12.0,Process Create (rule: ProcessCreate),process,1,"Oct 23, 2022 @ 02:34:38.362","Oct 23, 2022 @ 02:34:56.382",event,sysmon,Microsoft-Windows-Sysmon,start,-,-,-,-,-,x86_64,admin,612eed94-10de-48e9-b9de-7108e40bddcc,"fe80::d592:a7d7:c0fb:10f9, 10.0.2.16, fe80::298d:fd6:72cd:b0a3, 172.19.96.11","08:00:27:7c:f3:ae, 08:00:27:4c:ba:b7",admin,19044.1889,windows,10.0.19041.1889 (WinBuild.160101.0800),Windows 10 Enterprise Evaluation,Windows 10 Enterprise Evaluation,windows,windows,10,information,"Process Create:
RuleName: -
UtcTime: 2022-10-22 18:34:37.754
ProcessGuid: {612eed94-37bd-6354-3301-000000001f00}
ProcessId: 6568
Image: C:\Windows\System32\cmd.exe
FileVersion: 10.0.19041.746 (WinBuild.160101.0800)
Description: Windows Command Processor
Product: Microsoft® Windows® Operating System
Company: Microsoft Corporation
OriginalFileName: Cmd.Exe
CommandLine: C:\Windows\system32\cmd.exe /c ""schtasks /create /tn updater47 /sc once /sd 01/01/1901 /tr ""vssadmin Delete Shadows /All /Quiet"" /st 00:00 /rl highest /ru SYSTEM /f""
CurrentDirectory: C:\Users\AdministratorDB\Desktop\bin\bin\
User: ADMIN\AdministratorDB
LogonGuid: {612eed94-34a0-6354-1241-040000000000}
LogonId: 0x44112
TerminalSessionId: 1
IntegrityLevel: High
Hashes: MD5=8A2122E8162DBEF04694B9C3E0B6CDEE,SHA256=B99D61D874728EDC0918CA0EB10EAB93D381E7367E377406E65963366C874450,IMPHASH=272245E2988E1E430500B852C4FB5E18
ParentProcessGuid: {612eed94-37b9-6354-3001-000000001f00}
ParentProcessId: 1412
ParentImage: C:\Users\AdministratorDB\Desktop\bin\bin\Ransomware.exe
ParentCommandLine: ""C:\Users\AdministratorDB\Desktop\bin\bin\Ransomware.exe"" 
ParentUser: ADMIN\AdministratorDB",-,"C:\Windows\system32\cmd.exe, /c, schtasks /create /tn updater47 /sc once /sd 01/01/1901 /tr vssadmin, Delete, Shadows, /All, /Quiet /st 00:00 /rl highest /ru SYSTEM /f",7,"C:\Windows\system32\cmd.exe /c ""schtasks /create /tn updater47 /sc once /sd 01/01/1901 /tr ""vssadmin Delete Shadows /All /Quiet"" /st 00:00 /rl highest /ru SYSTEM /f""","C:\Windows\system32\cmd.exe /c ""schtasks /create /tn updater47 /sc once /sd 01/01/1901 /tr ""vssadmin Delete Shadows /All /Quiet"" /st 00:00 /rl highest /ru SYSTEM /f""",{612eed94-37bd-6354-3301-000000001f00},C:\Windows\System32\cmd.exe,C:\Windows\System32\cmd.exe,8a2122e8162dbef04694b9c3e0b6cdee,b99d61d874728edc0918ca0eb10eab93d381e7367e377406e65963366c874450,cmd.exe,cmd.exe,C:\Users\AdministratorDB\Desktop\bin\bin\Ransomware.exe,1,"""C:\Users\AdministratorDB\Desktop\bin\bin\Ransomware.exe"" ","""C:\Users\AdministratorDB\Desktop\bin\bin\Ransomware.exe"" ",{612eed94-37b9-6354-3001-000000001f00},C:\Users\AdministratorDB\Desktop\bin\bin\Ransomware.exe,C:\Users\AdministratorDB\Desktop\bin\bin\Ransomware.exe,Ransomware.exe,Ransomware.exe,1412,Microsoft Corporation,Windows Command Processor,10.0.19041.746 (WinBuild.160101.0800),272245e2988e1e430500b852c4fb5e18,Cmd.Exe,Microsoft® Windows® Operating System,6568,C:\Users\AdministratorDB\Desktop\bin\bin\,C:\Users\AdministratorDB\Desktop\bin\bin\,-,-,-,-,"b99d61d874728edc0918ca0eb10eab93d381e7367e377406e65963366c874450, 8a2122e8162dbef04694b9c3e0b6cdee, 272245e2988e1e430500b852c4fb5e18",-,-,AdministratorDB,-,-,ADMIN,S-1-5-18,AdministratorDB,AdministratorDB,wineventlog,Microsoft-Windows-Sysmon/Operational,admin,Microsoft Corporation,-,Windows Command Processor,-,10.0.19041.746 (WinBuild.160101.0800),High,{612eed94-34a0-6354-1241-040000000000},0x44112,ADMIN\AdministratorDB,Microsoft® Windows® Operating System,1,1,Info,"2,260","2,772",{5770385f-c22a-43e0-bf4c-06f5698ffbd9},Microsoft-Windows-Sysmon,6063,Process Create (rule: ProcessCreate),NT AUTHORITY,S-1-5-18,SYSTEM,User,5
"Oct 23, 2022 @ 02:34:37.998",vkX6AIQBHC0TB3lJBaf_,.ds-winlogbeat-8.2.3-2022.10.22-000001,-,328b516e-a0ac-4310-8b30-40bfab86de53,admin,6f94e196-447e-4d41-8eea-e6c40bba83e4,admin,winlogbeat,8.2.3,-,-,-,-,1.12.0,Process Create (rule: ProcessCreate),process,1,"Oct 23, 2022 @ 02:34:38.362","Oct 23, 2022 @ 02:34:56.383",event,sysmon,Microsoft-Windows-Sysmon,start,-,-,-,-,-,x86_64,admin,612eed94-10de-48e9-b9de-7108e40bddcc,"fe80::d592:a7d7:c0fb:10f9, 10.0.2.16, fe80::298d:fd6:72cd:b0a3, 172.19.96.11","08:00:27:7c:f3:ae, 08:00:27:4c:ba:b7",admin,19044.1889,windows,10.0.19041.1889 (WinBuild.160101.0800),Windows 10 Enterprise Evaluation,Windows 10 Enterprise Evaluation,windows,windows,10,information,"Process Create:
RuleName: -
UtcTime: 2022-10-22 18:34:37.998
ProcessGuid: {612eed94-37bd-6354-3501-000000001f00}
ProcessId: 6984
Image: C:\Windows\System32\schtasks.exe
FileVersion: 10.0.19041.1503 (WinBuild.160101.0800)
Description: Task Scheduler Configuration Tool
Product: Microsoft® Windows® Operating System
Company: Microsoft Corporation
OriginalFileName: schtasks.exe
CommandLine: schtasks  /create /tn updater47 /sc once /sd 01/01/1901 /tr ""vssadmin Delete Shadows /All /Quiet"" /st 00:00 /rl highest /ru SYSTEM /f
CurrentDirectory: C:\Users\AdministratorDB\Desktop\bin\bin\
User: ADMIN\AdministratorDB
LogonGuid: {612eed94-34a0-6354-1241-040000000000}
LogonId: 0x44112
TerminalSessionId: 1
IntegrityLevel: High
Hashes: MD5=76CD6626DD8834BD4A42E6A565104DC2,SHA256=013C013E0EFD13C9380FAD58418B7ACA8356E591A5CCEFFDB910F7D8B0AD28EF,IMPHASH=ECCE05491F2E8F279F4790BCB1318C05
ParentProcessGuid: {612eed94-37bd-6354-3301-000000001f00}
ParentProcessId: 6568
ParentImage: C:\Windows\System32\cmd.exe
ParentCommandLine: C:\Windows\system32\cmd.exe /c ""schtasks /create /tn updater47 /sc once /sd 01/01/1901 /tr ""vssadmin Delete Shadows /All /Quiet"" /st 00:00 /rl highest /ru SYSTEM /f""
ParentUser: ADMIN\AdministratorDB",-,"schtasks, /create, /tn, updater47, /sc, once, /sd, 01/01/1901, /tr, vssadmin Delete Shadows /All /Quiet, /st, 00:00, /rl, highest, /ru, SYSTEM, /f",17,"schtasks  /create /tn updater47 /sc once /sd 01/01/1901 /tr ""vssadmin Delete Shadows /All /Quiet"" /st 00:00 /rl highest /ru SYSTEM /f","schtasks  /create /tn updater47 /sc once /sd 01/01/1901 /tr ""vssadmin Delete Shadows /All /Quiet"" /st 00:00 /rl highest /ru SYSTEM /f",{612eed94-37bd-6354-3501-000000001f00},C:\Windows\System32\schtasks.exe,C:\Windows\System32\schtasks.exe,76cd6626dd8834bd4a42e6a565104dc2,013c013e0efd13c9380fad58418b7aca8356e591a5cceffdb910f7d8b0ad28ef,schtasks.exe,schtasks.exe,"C:\Windows\system32\cmd.exe, /c, schtasks /create /tn updater47 /sc once /sd 01/01/1901 /tr vssadmin, Delete, Shadows, /All, /Quiet /st 00:00 /rl highest /ru SYSTEM /f",7,"C:\Windows\system32\cmd.exe /c ""schtasks /create /tn updater47 /sc once /sd 01/01/1901 /tr ""vssadmin Delete Shadows /All /Quiet"" /st 00:00 /rl highest /ru SYSTEM /f""","C:\Windows\system32\cmd.exe /c ""schtasks /create /tn updater47 /sc once /sd 01/01/1901 /tr ""vssadmin Delete Shadows /All /Quiet"" /st 00:00 /rl highest /ru SYSTEM /f""",{612eed94-37bd-6354-3301-000000001f00},C:\Windows\System32\cmd.exe,C:\Windows\System32\cmd.exe,cmd.exe,cmd.exe,6568,Microsoft Corporation,Task Scheduler Configuration Tool,10.0.19041.1503 (WinBuild.160101.0800),ecce05491f2e8f279f4790bcb1318c05,schtasks.exe,Microsoft® Windows® Operating System,6984,C:\Users\AdministratorDB\Desktop\bin\bin\,C:\Users\AdministratorDB\Desktop\bin\bin\,-,-,-,-,"013c013e0efd13c9380fad58418b7aca8356e591a5cceffdb910f7d8b0ad28ef, 76cd6626dd8834bd4a42e6a565104dc2, ecce05491f2e8f279f4790bcb1318c05",-,-,AdministratorDB,-,-,ADMIN,S-1-5-18,AdministratorDB,AdministratorDB,wineventlog,Microsoft-Windows-Sysmon/Operational,admin,Microsoft Corporation,-,Task Scheduler Configuration Tool,-,10.0.19041.1503 (WinBuild.160101.0800),High,{612eed94-34a0-6354-1241-040000000000},0x44112,ADMIN\AdministratorDB,Microsoft® Windows® Operating System,1,1,Info,"2,260","2,772",{5770385f-c22a-43e0-bf4c-06f5698ffbd9},Microsoft-Windows-Sysmon,6064,Process Create (rule: ProcessCreate),NT AUTHORITY,S-1-5-18,SYSTEM,User,5
"Oct 23, 2022 @ 02:34:38.029",v0X6AIQBHC0TB3lJBaf_,.ds-winlogbeat-8.2.3-2022.10.22-000001,-,328b516e-a0ac-4310-8b30-40bfab86de53,admin,6f94e196-447e-4d41-8eea-e6c40bba83e4,admin,winlogbeat,8.2.3,-,-,-,-,1.12.0,File created (rule: FileCreate),file,11,"Oct 23, 2022 @ 02:34:38.362","Oct 23, 2022 @ 02:34:56.383",event,sysmon,Microsoft-Windows-Sysmon,creation,C:\Windows\System32\Tasks,-,updater47,C:\Windows\System32\Tasks\updater47,C:\Windows\System32\Tasks\updater47,x86_64,admin,612eed94-10de-48e9-b9de-7108e40bddcc,"fe80::d592:a7d7:c0fb:10f9, 10.0.2.16, fe80::298d:fd6:72cd:b0a3, 172.19.96.11","08:00:27:7c:f3:ae, 08:00:27:4c:ba:b7",admin,19044.1889,windows,10.0.19041.1889 (WinBuild.160101.0800),Windows 10 Enterprise Evaluation,Windows 10 Enterprise Evaluation,windows,windows,10,information,"File created:
RuleName: T1053
UtcTime: 2022-10-22 18:34:38.029
ProcessGuid: {612eed94-3466-6354-1300-000000001f00}
ProcessId: 472
Image: C:\Windows\system32\svchost.exe
TargetFilename: C:\Windows\System32\Tasks\updater47
CreationUtcTime: 2022-10-22 18:34:38.029
User: NT AUTHORITY\SYSTEM",-,-,-,-,-,{612eed94-3466-6354-1300-000000001f00},C:\Windows\system32\svchost.exe,C:\Windows\system32\svchost.exe,-,-,svchost.exe,svchost.exe,-,-,-,-,-,-,-,-,-,-,-,-,-,-,-,-,472,-,-,-,-,-,-,-,-,-,SYSTEM,T1053,-,NT AUTHORITY,S-1-5-18,SYSTEM,SYSTEM,wineventlog,Microsoft-Windows-Sysmon/Operational,admin,-,34:38.0,-,-,-,-,-,-,-,-,-,11,Info,"2,260","2,772",{5770385f-c22a-43e0-bf4c-06f5698ffbd9},Microsoft-Windows-Sysmon,6065,File created (rule: FileCreate),NT AUTHORITY,S-1-5-18,SYSTEM,User,2
"Oct 23, 2022 @ 02:34:38.053",wEX6AIQBHC0TB3lJCqcW,.ds-winlogbeat-8.2.3-2022.10.22-000001,-,328b516e-a0ac-4310-8b30-40bfab86de53,admin,6f94e196-447e-4d41-8eea-e6c40bba83e4,admin,winlogbeat,8.2.3,-,-,-,-,1.12.0,Process Create (rule: ProcessCreate),process,1,"Oct 23, 2022 @ 02:34:38.881","Oct 23, 2022 @ 02:34:57.422",event,sysmon,Microsoft-Windows-Sysmon,start,-,-,-,-,-,x86_64,admin,612eed94-10de-48e9-b9de-7108e40bddcc,"fe80::d592:a7d7:c0fb:10f9, 10.0.2.16, fe80::298d:fd6:72cd:b0a3, 172.19.96.11","08:00:27:7c:f3:ae, 08:00:27:4c:ba:b7",admin,19044.1889,windows,10.0.19041.1889 (WinBuild.160101.0800),Windows 10 Enterprise Evaluation,Windows 10 Enterprise Evaluation,windows,windows,10,information,"Process Create:
RuleName: -
UtcTime: 2022-10-22 18:34:38.053
ProcessGuid: {612eed94-37be-6354-3601-000000001f00}
ProcessId: 4680
Image: C:\Windows\System32\cmd.exe
FileVersion: 10.0.19041.746 (WinBuild.160101.0800)
Description: Windows Command Processor
Product: Microsoft® Windows® Operating System
Company: Microsoft Corporation
OriginalFileName: Cmd.Exe
CommandLine: C:\Windows\system32\cmd.exe /c ""schtasks /run /i /tn updater47""
CurrentDirectory: C:\Users\AdministratorDB\Desktop\bin\bin\
User: ADMIN\AdministratorDB
LogonGuid: {612eed94-34a0-6354-1241-040000000000}
LogonId: 0x44112
TerminalSessionId: 1
IntegrityLevel: High
Hashes: MD5=8A2122E8162DBEF04694B9C3E0B6CDEE,SHA256=B99D61D874728EDC0918CA0EB10EAB93D381E7367E377406E65963366C874450,IMPHASH=272245E2988E1E430500B852C4FB5E18
ParentProcessGuid: {612eed94-37b9-6354-3001-000000001f00}
ParentProcessId: 1412
ParentImage: C:\Users\AdministratorDB\Desktop\bin\bin\Ransomware.exe
ParentCommandLine: ""C:\Users\AdministratorDB\Desktop\bin\bin\Ransomware.exe"" 
ParentUser: ADMIN\AdministratorDB",-,"C:\Windows\system32\cmd.exe, /c, schtasks /run /i /tn updater47",3,"C:\Windows\system32\cmd.exe /c ""schtasks /run /i /tn updater47""","C:\Windows\system32\cmd.exe /c ""schtasks /run /i /tn updater47""",{612eed94-37be-6354-3601-000000001f00},C:\Windows\System32\cmd.exe,C:\Windows\System32\cmd.exe,8a2122e8162dbef04694b9c3e0b6cdee,b99d61d874728edc0918ca0eb10eab93d381e7367e377406e65963366c874450,cmd.exe,cmd.exe,C:\Users\AdministratorDB\Desktop\bin\bin\Ransomware.exe,1,"""C:\Users\AdministratorDB\Desktop\bin\bin\Ransomware.exe"" ","""C:\Users\AdministratorDB\Desktop\bin\bin\Ransomware.exe"" ",{612eed94-37b9-6354-3001-000000001f00},C:\Users\AdministratorDB\Desktop\bin\bin\Ransomware.exe,C:\Users\AdministratorDB\Desktop\bin\bin\Ransomware.exe,Ransomware.exe,Ransomware.exe,1412,Microsoft Corporation,Windows Command Processor,10.0.19041.746 (WinBuild.160101.0800),272245e2988e1e430500b852c4fb5e18,Cmd.Exe,Microsoft® Windows® Operating System,4680,C:\Users\AdministratorDB\Desktop\bin\bin\,C:\Users\AdministratorDB\Desktop\bin\bin\,-,-,-,-,"b99d61d874728edc0918ca0eb10eab93d381e7367e377406e65963366c874450, 8a2122e8162dbef04694b9c3e0b6cdee, 272245e2988e1e430500b852c4fb5e18",-,-,AdministratorDB,-,-,ADMIN,S-1-5-18,AdministratorDB,AdministratorDB,wineventlog,Microsoft-Windows-Sysmon/Operational,admin,Microsoft Corporation,-,Windows Command Processor,-,10.0.19041.746 (WinBuild.160101.0800),High,{612eed94-34a0-6354-1241-040000000000},0x44112,ADMIN\AdministratorDB,Microsoft® Windows® Operating System,1,1,Info,"2,260","2,772",{5770385f-c22a-43e0-bf4c-06f5698ffbd9},Microsoft-Windows-Sysmon,6066,Process Create (rule: ProcessCreate),NT AUTHORITY,S-1-5-18,SYSTEM,User,5
"Oct 23, 2022 @ 02:34:38.219",wUX6AIQBHC0TB3lJCqcW,.ds-winlogbeat-8.2.3-2022.10.22-000001,-,328b516e-a0ac-4310-8b30-40bfab86de53,admin,6f94e196-447e-4d41-8eea-e6c40bba83e4,admin,winlogbeat,8.2.3,-,-,-,-,1.12.0,Process Create (rule: ProcessCreate),process,1,"Oct 23, 2022 @ 02:34:38.882","Oct 23, 2022 @ 02:34:57.423",event,sysmon,Microsoft-Windows-Sysmon,start,-,-,-,-,-,x86_64,admin,612eed94-10de-48e9-b9de-7108e40bddcc,"fe80::d592:a7d7:c0fb:10f9, 10.0.2.16, fe80::298d:fd6:72cd:b0a3, 172.19.96.11","08:00:27:7c:f3:ae, 08:00:27:4c:ba:b7",admin,19044.1889,windows,10.0.19041.1889 (WinBuild.160101.0800),Windows 10 Enterprise Evaluation,Windows 10 Enterprise Evaluation,windows,windows,10,information,"Process Create:
RuleName: -
UtcTime: 2022-10-22 18:34:38.219
ProcessGuid: {612eed94-37be-6354-3801-000000001f00}
ProcessId: 6800
Image: C:\Windows\System32\schtasks.exe
FileVersion: 10.0.19041.1503 (WinBuild.160101.0800)
Description: Task Scheduler Configuration Tool
Product: Microsoft® Windows® Operating System
Company: Microsoft Corporation
OriginalFileName: schtasks.exe
CommandLine: schtasks  /run /i /tn updater47
CurrentDirectory: C:\Users\AdministratorDB\Desktop\bin\bin\
User: ADMIN\AdministratorDB
LogonGuid: {612eed94-34a0-6354-1241-040000000000}
LogonId: 0x44112
TerminalSessionId: 1
IntegrityLevel: High
Hashes: MD5=76CD6626DD8834BD4A42E6A565104DC2,SHA256=013C013E0EFD13C9380FAD58418B7ACA8356E591A5CCEFFDB910F7D8B0AD28EF,IMPHASH=ECCE05491F2E8F279F4790BCB1318C05
ParentProcessGuid: {612eed94-37be-6354-3601-000000001f00}
ParentProcessId: 4680
ParentImage: C:\Windows\System32\cmd.exe
ParentCommandLine: C:\Windows\system32\cmd.exe /c ""schtasks /run /i /tn updater47""
ParentUser: ADMIN\AdministratorDB",-,"schtasks, /run, /i, /tn, updater47",5,schtasks  /run /i /tn updater47,schtasks  /run /i /tn updater47,{612eed94-37be-6354-3801-000000001f00},C:\Windows\System32\schtasks.exe,C:\Windows\System32\schtasks.exe,76cd6626dd8834bd4a42e6a565104dc2,013c013e0efd13c9380fad58418b7aca8356e591a5cceffdb910f7d8b0ad28ef,schtasks.exe,schtasks.exe,"C:\Windows\system32\cmd.exe, /c, schtasks /run /i /tn updater47",3,"C:\Windows\system32\cmd.exe /c ""schtasks /run /i /tn updater47""","C:\Windows\system32\cmd.exe /c ""schtasks /run /i /tn updater47""",{612eed94-37be-6354-3601-000000001f00},C:\Windows\System32\cmd.exe,C:\Windows\System32\cmd.exe,cmd.exe,cmd.exe,4680,Microsoft Corporation,Task Scheduler Configuration Tool,10.0.19041.1503 (WinBuild.160101.0800),ecce05491f2e8f279f4790bcb1318c05,schtasks.exe,Microsoft® Windows® Operating System,6800,C:\Users\AdministratorDB\Desktop\bin\bin\,C:\Users\AdministratorDB\Desktop\bin\bin\,-,-,-,-,"013c013e0efd13c9380fad58418b7aca8356e591a5cceffdb910f7d8b0ad28ef, 76cd6626dd8834bd4a42e6a565104dc2, ecce05491f2e8f279f4790bcb1318c05",-,-,AdministratorDB,-,-,ADMIN,S-1-5-18,AdministratorDB,AdministratorDB,wineventlog,Microsoft-Windows-Sysmon/Operational,admin,Microsoft Corporation,-,Task Scheduler Configuration Tool,-,10.0.19041.1503 (WinBuild.160101.0800),High,{612eed94-34a0-6354-1241-040000000000},0x44112,ADMIN\AdministratorDB,Microsoft® Windows® Operating System,1,1,Info,"2,260","2,772",{5770385f-c22a-43e0-bf4c-06f5698ffbd9},Microsoft-Windows-Sysmon,6067,Process Create (rule: ProcessCreate),NT AUTHORITY,S-1-5-18,SYSTEM,User,5
"Oct 23, 2022 @ 02:34:38.248",wkX6AIQBHC0TB3lJCqcW,.ds-winlogbeat-8.2.3-2022.10.22-000001,-,328b516e-a0ac-4310-8b30-40bfab86de53,admin,6f94e196-447e-4d41-8eea-e6c40bba83e4,admin,winlogbeat,8.2.3,-,-,-,-,1.12.0,Process Create (rule: ProcessCreate),process,1,"Oct 23, 2022 @ 02:34:38.882","Oct 23, 2022 @ 02:34:57.424",event,sysmon,Microsoft-Windows-Sysmon,start,-,-,-,-,-,x86_64,admin,612eed94-10de-48e9-b9de-7108e40bddcc,"fe80::d592:a7d7:c0fb:10f9, 10.0.2.16, fe80::298d:fd6:72cd:b0a3, 172.19.96.11","08:00:27:7c:f3:ae, 08:00:27:4c:ba:b7",admin,19044.1889,windows,10.0.19041.1889 (WinBuild.160101.0800),Windows 10 Enterprise Evaluation,Windows 10 Enterprise Evaluation,windows,windows,10,information,"Process Create:
RuleName: -
UtcTime: 2022-10-22 18:34:38.248
ProcessGuid: {612eed94-37be-6354-3901-000000001f00}
ProcessId: 3036
Image: C:\Windows\System32\vssadmin.exe
FileVersion: 10.0.19041.1 (WinBuild.160101.0800)
Description: Command Line Interface for Microsoft® Volume Shadow Copy Service 
Product: Microsoft® Windows® Operating System
Company: Microsoft Corporation
OriginalFileName: VSSADMIN.EXE
CommandLine: C:\Windows\system32\vssadmin.EXE Delete Shadows /All /Quiet
CurrentDirectory: C:\Windows\system32\
User: NT AUTHORITY\SYSTEM
LogonGuid: {612eed94-3465-6354-e703-000000000000}
LogonId: 0x3E7
TerminalSessionId: 0
IntegrityLevel: System
Hashes: MD5=B58073DB8892B67A672906C9358020EC,SHA256=8C1FABCC2196E4D096B7D155837C5F699AD7F55EDBF84571E4F8E03500B7A8B0,IMPHASH=C1EDC431CD345F0A0F32019895D13FCE
ParentProcessGuid: {612eed94-3466-6354-1300-000000001f00}
ParentProcessId: 472
ParentImage: C:\Windows\System32\svchost.exe
ParentCommandLine: C:\Windows\system32\svchost.exe -k netsvcs -p
ParentUser: NT AUTHORITY\SYSTEM",-,"C:\Windows\system32\vssadmin.EXE, Delete, Shadows, /All, /Quiet",5,C:\Windows\system32\vssadmin.EXE Delete Shadows /All /Quiet,C:\Windows\system32\vssadmin.EXE Delete Shadows /All /Quiet,{612eed94-37be-6354-3901-000000001f00},C:\Windows\System32\vssadmin.exe,C:\Windows\System32\vssadmin.exe,b58073db8892b67a672906c9358020ec,8c1fabcc2196e4d096b7d155837c5f699ad7f55edbf84571e4f8e03500b7a8b0,vssadmin.exe,vssadmin.exe,"C:\Windows\system32\svchost.exe, -k, netsvcs, -p",4,C:\Windows\system32\svchost.exe -k netsvcs -p,C:\Windows\system32\svchost.exe -k netsvcs -p,{612eed94-3466-6354-1300-000000001f00},C:\Windows\System32\svchost.exe,C:\Windows\System32\svchost.exe,svchost.exe,svchost.exe,472,Microsoft Corporation,Command Line Interface for Microsoft® Volume Shadow Copy Service ,10.0.19041.1 (WinBuild.160101.0800),c1edc431cd345f0a0f32019895d13fce,VSSADMIN.EXE,Microsoft® Windows® Operating System,3036,C:\Windows\system32\,C:\Windows\system32\,-,-,-,-,"8c1fabcc2196e4d096b7d155837c5f699ad7f55edbf84571e4f8e03500b7a8b0, b58073db8892b67a672906c9358020ec, c1edc431cd345f0a0f32019895d13fce",-,-,SYSTEM,-,-,NT AUTHORITY,S-1-5-18,SYSTEM,SYSTEM,wineventlog,Microsoft-Windows-Sysmon/Operational,admin,Microsoft Corporation,-,Command Line Interface for Microsoft® Volume Shadow Copy Service ,-,10.0.19041.1 (WinBuild.160101.0800),System,{612eed94-3465-6354-e703-000000000000},0x3e7,NT AUTHORITY\SYSTEM,Microsoft® Windows® Operating System,0,1,Info,"2,260","2,772",{5770385f-c22a-43e0-bf4c-06f5698ffbd9},Microsoft-Windows-Sysmon,6068,Process Create (rule: ProcessCreate),NT AUTHORITY,S-1-5-18,SYSTEM,User,5
"Oct 23, 2022 @ 02:34:38.265",w0X6AIQBHC0TB3lJCqcW,.ds-winlogbeat-8.2.3-2022.10.22-000001,-,328b516e-a0ac-4310-8b30-40bfab86de53,admin,6f94e196-447e-4d41-8eea-e6c40bba83e4,admin,winlogbeat,8.2.3,-,-,-,-,1.12.0,Process Create (rule: ProcessCreate),process,1,"Oct 23, 2022 @ 02:34:38.882","Oct 23, 2022 @ 02:34:57.424",event,sysmon,Microsoft-Windows-Sysmon,start,-,-,-,-,-,x86_64,admin,612eed94-10de-48e9-b9de-7108e40bddcc,"fe80::d592:a7d7:c0fb:10f9, 10.0.2.16, fe80::298d:fd6:72cd:b0a3, 172.19.96.11","08:00:27:7c:f3:ae, 08:00:27:4c:ba:b7",admin,19044.1889,windows,10.0.19041.1889 (WinBuild.160101.0800),Windows 10 Enterprise Evaluation,Windows 10 Enterprise Evaluation,windows,windows,10,information,"Process Create:
RuleName: -
UtcTime: 2022-10-22 18:34:38.265
ProcessGuid: {612eed94-37be-6354-3a01-000000001f00}
ProcessId: 5124
Image: C:\Windows\System32\cmd.exe
FileVersion: 10.0.19041.746 (WinBuild.160101.0800)
Description: Windows Command Processor
Product: Microsoft® Windows® Operating System
Company: Microsoft Corporation
OriginalFileName: Cmd.Exe
CommandLine: C:\Windows\system32\cmd.exe /c ""schtasks /delete /tn updater47 /f""
CurrentDirectory: C:\Users\AdministratorDB\Desktop\bin\bin\
User: ADMIN\AdministratorDB
LogonGuid: {612eed94-34a0-6354-1241-040000000000}
LogonId: 0x44112
TerminalSessionId: 1
IntegrityLevel: High
Hashes: MD5=8A2122E8162DBEF04694B9C3E0B6CDEE,SHA256=B99D61D874728EDC0918CA0EB10EAB93D381E7367E377406E65963366C874450,IMPHASH=272245E2988E1E430500B852C4FB5E18
ParentProcessGuid: {612eed94-37b9-6354-3001-000000001f00}
ParentProcessId: 1412
ParentImage: C:\Users\AdministratorDB\Desktop\bin\bin\Ransomware.exe
ParentCommandLine: ""C:\Users\AdministratorDB\Desktop\bin\bin\Ransomware.exe"" 
ParentUser: ADMIN\AdministratorDB",-,"C:\Windows\system32\cmd.exe, /c, schtasks /delete /tn updater47 /f",3,"C:\Windows\system32\cmd.exe /c ""schtasks /delete /tn updater47 /f""","C:\Windows\system32\cmd.exe /c ""schtasks /delete /tn updater47 /f""",{612eed94-37be-6354-3a01-000000001f00},C:\Windows\System32\cmd.exe,C:\Windows\System32\cmd.exe,8a2122e8162dbef04694b9c3e0b6cdee,b99d61d874728edc0918ca0eb10eab93d381e7367e377406e65963366c874450,cmd.exe,cmd.exe,C:\Users\AdministratorDB\Desktop\bin\bin\Ransomware.exe,1,"""C:\Users\AdministratorDB\Desktop\bin\bin\Ransomware.exe"" ","""C:\Users\AdministratorDB\Desktop\bin\bin\Ransomware.exe"" ",{612eed94-37b9-6354-3001-000000001f00},C:\Users\AdministratorDB\Desktop\bin\bin\Ransomware.exe,C:\Users\AdministratorDB\Desktop\bin\bin\Ransomware.exe,Ransomware.exe,Ransomware.exe,1412,Microsoft Corporation,Windows Command Processor,10.0.19041.746 (WinBuild.160101.0800),272245e2988e1e430500b852c4fb5e18,Cmd.Exe,Microsoft® Windows® Operating System,5124,C:\Users\AdministratorDB\Desktop\bin\bin\,C:\Users\AdministratorDB\Desktop\bin\bin\,-,-,-,-,"b99d61d874728edc0918ca0eb10eab93d381e7367e377406e65963366c874450, 8a2122e8162dbef04694b9c3e0b6cdee, 272245e2988e1e430500b852c4fb5e18",-,-,AdministratorDB,-,-,ADMIN,S-1-5-18,AdministratorDB,AdministratorDB,wineventlog,Microsoft-Windows-Sysmon/Operational,admin,Microsoft Corporation,-,Windows Command Processor,-,10.0.19041.746 (WinBuild.160101.0800),High,{612eed94-34a0-6354-1241-040000000000},0x44112,ADMIN\AdministratorDB,Microsoft® Windows® Operating System,1,1,Info,"2,260","2,772",{5770385f-c22a-43e0-bf4c-06f5698ffbd9},Microsoft-Windows-Sysmon,6069,Process Create (rule: ProcessCreate),NT AUTHORITY,S-1-5-18,SYSTEM,User,5
"Oct 23, 2022 @ 02:34:38.330",xEX6AIQBHC0TB3lJCqcW,.ds-winlogbeat-8.2.3-2022.10.22-000001,-,328b516e-a0ac-4310-8b30-40bfab86de53,admin,6f94e196-447e-4d41-8eea-e6c40bba83e4,admin,winlogbeat,8.2.3,-,-,-,-,1.12.0,Process Create (rule: ProcessCreate),process,1,"Oct 23, 2022 @ 02:34:38.882","Oct 23, 2022 @ 02:34:57.424",event,sysmon,Microsoft-Windows-Sysmon,start,-,-,-,-,-,x86_64,admin,612eed94-10de-48e9-b9de-7108e40bddcc,"fe80::d592:a7d7:c0fb:10f9, 10.0.2.16, fe80::298d:fd6:72cd:b0a3, 172.19.96.11","08:00:27:7c:f3:ae, 08:00:27:4c:ba:b7",admin,19044.1889,windows,10.0.19041.1889 (WinBuild.160101.0800),Windows 10 Enterprise Evaluation,Windows 10 Enterprise Evaluation,windows,windows,10,information,"Process Create:
RuleName: -
UtcTime: 2022-10-22 18:34:38.330
ProcessGuid: {612eed94-37be-6354-3d01-000000001f00}
ProcessId: 6444
Image: C:\Windows\System32\schtasks.exe
FileVersion: 10.0.19041.1503 (WinBuild.160101.0800)
Description: Task Scheduler Configuration Tool
Product: Microsoft® Windows® Operating System
Company: Microsoft Corporation
OriginalFileName: schtasks.exe
CommandLine: schtasks  /delete /tn updater47 /f
CurrentDirectory: C:\Users\AdministratorDB\Desktop\bin\bin\
User: ADMIN\AdministratorDB
LogonGuid: {612eed94-34a0-6354-1241-040000000000}
LogonId: 0x44112
TerminalSessionId: 1
IntegrityLevel: High
Hashes: MD5=76CD6626DD8834BD4A42E6A565104DC2,SHA256=013C013E0EFD13C9380FAD58418B7ACA8356E591A5CCEFFDB910F7D8B0AD28EF,IMPHASH=ECCE05491F2E8F279F4790BCB1318C05
ParentProcessGuid: {612eed94-37be-6354-3a01-000000001f00}
ParentProcessId: 5124
ParentImage: C:\Windows\System32\cmd.exe
ParentCommandLine: C:\Windows\system32\cmd.exe /c ""schtasks /delete /tn updater47 /f""
ParentUser: ADMIN\AdministratorDB",-,"schtasks, /delete, /tn, updater47, /f",5,schtasks  /delete /tn updater47 /f,schtasks  /delete /tn updater47 /f,{612eed94-37be-6354-3d01-000000001f00},C:\Windows\System32\schtasks.exe,C:\Windows\System32\schtasks.exe,76cd6626dd8834bd4a42e6a565104dc2,013c013e0efd13c9380fad58418b7aca8356e591a5cceffdb910f7d8b0ad28ef,schtasks.exe,schtasks.exe,"C:\Windows\system32\cmd.exe, /c, schtasks /delete /tn updater47 /f",3,"C:\Windows\system32\cmd.exe /c ""schtasks /delete /tn updater47 /f""","C:\Windows\system32\cmd.exe /c ""schtasks /delete /tn updater47 /f""",{612eed94-37be-6354-3a01-000000001f00},C:\Windows\System32\cmd.exe,C:\Windows\System32\cmd.exe,cmd.exe,cmd.exe,5124,Microsoft Corporation,Task Scheduler Configuration Tool,10.0.19041.1503 (WinBuild.160101.0800),ecce05491f2e8f279f4790bcb1318c05,schtasks.exe,Microsoft® Windows® Operating System,6444,C:\Users\AdministratorDB\Desktop\bin\bin\,C:\Users\AdministratorDB\Desktop\bin\bin\,-,-,-,-,"013c013e0efd13c9380fad58418b7aca8356e591a5cceffdb910f7d8b0ad28ef, 76cd6626dd8834bd4a42e6a565104dc2, ecce05491f2e8f279f4790bcb1318c05",-,-,AdministratorDB,-,-,ADMIN,S-1-5-18,AdministratorDB,AdministratorDB,wineventlog,Microsoft-Windows-Sysmon/Operational,admin,Microsoft Corporation,-,Task Scheduler Configuration Tool,-,10.0.19041.1503 (WinBuild.160101.0800),High,{612eed94-34a0-6354-1241-040000000000},0x44112,ADMIN\AdministratorDB,Microsoft® Windows® Operating System,1,1,Info,"2,260","2,772",{5770385f-c22a-43e0-bf4c-06f5698ffbd9},Microsoft-Windows-Sysmon,6070,Process Create (rule: ProcessCreate),NT AUTHORITY,S-1-5-18,SYSTEM,User,5
"Oct 23, 2022 @ 02:34:38.432",xUX6AIQBHC0TB3lJCqcW,.ds-winlogbeat-8.2.3-2022.10.22-000001,-,328b516e-a0ac-4310-8b30-40bfab86de53,admin,6f94e196-447e-4d41-8eea-e6c40bba83e4,admin,winlogbeat,8.2.3,-,-,-,-,1.12.0,Process Create (rule: ProcessCreate),process,1,"Oct 23, 2022 @ 02:34:38.882","Oct 23, 2022 @ 02:34:57.425",event,sysmon,Microsoft-Windows-Sysmon,start,-,-,-,-,-,x86_64,admin,612eed94-10de-48e9-b9de-7108e40bddcc,"fe80::d592:a7d7:c0fb:10f9, 10.0.2.16, fe80::298d:fd6:72cd:b0a3, 172.19.96.11","08:00:27:7c:f3:ae, 08:00:27:4c:ba:b7",admin,19044.1889,windows,10.0.19041.1889 (WinBuild.160101.0800),Windows 10 Enterprise Evaluation,Windows 10 Enterprise Evaluation,windows,windows,10,information,"Process Create:
RuleName: -
UtcTime: 2022-10-22 18:34:38.432
ProcessGuid: {612eed94-37be-6354-3e01-000000001f00}
ProcessId: 1340
Image: C:\Windows\System32\VSSVC.exe
FileVersion: 10.0.19041.1741 (WinBuild.160101.0800)
Description: Microsoft® Volume Shadow Copy Service
Product: Microsoft® Windows® Operating System
Company: Microsoft Corporation
OriginalFileName: VSSVC.EXE
CommandLine: C:\Windows\system32\vssvc.exe
CurrentDirectory: C:\Windows\system32\
User: NT AUTHORITY\SYSTEM
LogonGuid: {612eed94-3465-6354-e703-000000000000}
LogonId: 0x3E7
TerminalSessionId: 0
IntegrityLevel: System
Hashes: MD5=875046AD4755396636A68F4A9EDB22A4,SHA256=82459B7D6CEEFF22E6E81CA445F9134C3EE917BDC3DF185700813F23AC7DB77E,IMPHASH=0BF1B64AF19D0AFACCB000F015F48095
ParentProcessGuid: {00000000-0000-0000-0000-000000000000}
ParentProcessId: 640
ParentImage: -
ParentCommandLine: -
ParentUser: -",-,C:\Windows\system32\vssvc.exe,1,C:\Windows\system32\vssvc.exe,C:\Windows\system32\vssvc.exe,{612eed94-37be-6354-3e01-000000001f00},C:\Windows\System32\VSSVC.exe,C:\Windows\System32\VSSVC.exe,875046ad4755396636a68f4a9edb22a4,82459b7d6ceeff22e6e81ca445f9134c3ee917bdc3df185700813f23ac7db77e,VSSVC.exe,VSSVC.exe,-,1,-,-,{00000000-0000-0000-0000-000000000000},-,-,-,-,640,Microsoft Corporation,Microsoft® Volume Shadow Copy Service,10.0.19041.1741 (WinBuild.160101.0800),0bf1b64af19d0afaccb000f015f48095,VSSVC.EXE,Microsoft® Windows® Operating System,1340,C:\Windows\system32\,C:\Windows\system32\,-,-,-,-,"82459b7d6ceeff22e6e81ca445f9134c3ee917bdc3df185700813f23ac7db77e, 875046ad4755396636a68f4a9edb22a4, 0bf1b64af19d0afaccb000f015f48095",-,-,SYSTEM,-,-,NT AUTHORITY,S-1-5-18,SYSTEM,SYSTEM,wineventlog,Microsoft-Windows-Sysmon/Operational,admin,Microsoft Corporation,-,Microsoft® Volume Shadow Copy Service,-,10.0.19041.1741 (WinBuild.160101.0800),System,{612eed94-3465-6354-e703-000000000000},0x3e7,-,Microsoft® Windows® Operating System,0,1,Info,"2,260","2,772",{5770385f-c22a-43e0-bf4c-06f5698ffbd9},Microsoft-Windows-Sysmon,6071,Process Create (rule: ProcessCreate),NT AUTHORITY,S-1-5-18,SYSTEM,User,5
