"Oct 23, 2022 @ 02:30:44.427",aEX2AIQBHC0TB3lJJKcZ,.ds-winlogbeat-8.2.3-2022.10.22-000001,-,328b516e-a0ac-4310-8b30-40bfab86de53,admin,6f94e196-447e-4d41-8eea-e6c40bba83e4,admin,winlogbeat,8.2.3,-,-,-,-,-,-,-,-,-,1.12.0,File created (rule: FileCreate),file,11,"Oct 23, 2022 @ 02:30:44.754","Oct 23, 2022 @ 02:30:41.938",event,sysmon,Microsoft-Windows-Sysmon,creation,C:\Users\ADMINI~1\AppData\Local\Temp\_MEI64882,dll,api-ms-win-core-namedpipe-l1-1-0.dll,C:\Users\ADMINI~1\AppData\Local\Temp\_MEI64882\api-ms-win-core-namedpipe-l1-1-0.dll,C:\Users\ADMINI~1\AppData\Local\Temp\_MEI64882\api-ms-win-core-namedpipe-l1-1-0.dll,x86_64,admin,612eed94-10de-48e9-b9de-7108e40bddcc,"fe80::d592:a7d7:c0fb:10f9, 10.0.2.16, fe80::298d:fd6:72cd:b0a3, 172.19.96.11","08:00:27:7c:f3:ae, 08:00:27:4c:ba:b7",admin,19044.1889,windows,10.0.19041.1889 (WinBuild.160101.0800),Windows 10 Enterprise Evaluation,Windows 10 Enterprise Evaluation,windows,windows,10,information,"File created:
RuleName: DLL
UtcTime: 2022-10-22 18:30:44.427
ProcessGuid: {612eed94-36d3-6354-2401-000000001f00}
ProcessId: 6488
Image: C:\Users\AdministratorDB\AppData\Local\Temp\RarSFX0\main.exe
TargetFilename: C:\Users\ADMINI~1\AppData\Local\Temp\_MEI64882\api-ms-win-core-namedpipe-l1-1-0.dll
CreationUtcTime: 2022-10-22 18:30:44.427
User: ADMIN\AdministratorDB",-,-,-,-,-,-,-,-,-,{612eed94-36d3-6354-2401-000000001f00},C:\Users\AdministratorDB\AppData\Local\Temp\RarSFX0\main.exe,C:\Users\AdministratorDB\AppData\Local\Temp\RarSFX0\main.exe,-,-,main.exe,main.exe,-,-,-,-,-,-,-,-,-,-,-,-,-,-,-,-,6488,-,-,-,-,-,AdministratorDB,DLL,-,-,-,-,ADMIN,S-1-5-18,AdministratorDB,AdministratorDB,wineventlog,Microsoft-Windows-Sysmon/Operational,admin,-,30:44.4,-,-,-,-,-,-,-,-,11,Info,"2,260","2,772",{5770385f-c22a-43e0-bf4c-06f5698ffbd9},Microsoft-Windows-Sysmon,5986,File created (rule: FileCreate),NT AUTHORITY,S-1-5-18,SYSTEM,User,2
"Oct 23, 2022 @ 02:30:44.427",aUX2AIQBHC0TB3lJJKcZ,.ds-winlogbeat-8.2.3-2022.10.22-000001,-,328b516e-a0ac-4310-8b30-40bfab86de53,admin,6f94e196-447e-4d41-8eea-e6c40bba83e4,admin,winlogbeat,8.2.3,-,-,-,-,-,-,-,-,-,1.12.0,File created (rule: FileCreate),file,11,"Oct 23, 2022 @ 02:30:44.754","Oct 23, 2022 @ 02:30:41.938",event,sysmon,Microsoft-Windows-Sysmon,creation,C:\Users\ADMINI~1\AppData\Local\Temp\_MEI64882,dll,api-ms-win-core-processenvironment-l1-1-0.dll,C:\Users\ADMINI~1\AppData\Local\Temp\_MEI64882\api-ms-win-core-processenvironment-l1-1-0.dll,C:\Users\ADMINI~1\AppData\Local\Temp\_MEI64882\api-ms-win-core-processenvironment-l1-1-0.dll,x86_64,admin,612eed94-10de-48e9-b9de-7108e40bddcc,"fe80::d592:a7d7:c0fb:10f9, 10.0.2.16, fe80::298d:fd6:72cd:b0a3, 172.19.96.11","08:00:27:7c:f3:ae, 08:00:27:4c:ba:b7",admin,19044.1889,windows,10.0.19041.1889 (WinBuild.160101.0800),Windows 10 Enterprise Evaluation,Windows 10 Enterprise Evaluation,windows,windows,10,information,"File created:
RuleName: DLL
UtcTime: 2022-10-22 18:30:44.427
ProcessGuid: {612eed94-36d3-6354-2401-000000001f00}
ProcessId: 6488
Image: C:\Users\AdministratorDB\AppData\Local\Temp\RarSFX0\main.exe
TargetFilename: C:\Users\ADMINI~1\AppData\Local\Temp\_MEI64882\api-ms-win-core-processenvironment-l1-1-0.dll
CreationUtcTime: 2022-10-22 18:30:44.427
User: ADMIN\AdministratorDB",-,-,-,-,-,-,-,-,-,{612eed94-36d3-6354-2401-000000001f00},C:\Users\AdministratorDB\AppData\Local\Temp\RarSFX0\main.exe,C:\Users\AdministratorDB\AppData\Local\Temp\RarSFX0\main.exe,-,-,main.exe,main.exe,-,-,-,-,-,-,-,-,-,-,-,-,-,-,-,-,6488,-,-,-,-,-,AdministratorDB,DLL,-,-,-,-,ADMIN,S-1-5-18,AdministratorDB,AdministratorDB,wineventlog,Microsoft-Windows-Sysmon/Operational,admin,-,30:44.4,-,-,-,-,-,-,-,-,11,Info,"2,260","2,772",{5770385f-c22a-43e0-bf4c-06f5698ffbd9},Microsoft-Windows-Sysmon,5987,File created (rule: FileCreate),NT AUTHORITY,S-1-5-18,SYSTEM,User,2
"Oct 23, 2022 @ 02:30:44.427",akX2AIQBHC0TB3lJJKcZ,.ds-winlogbeat-8.2.3-2022.10.22-000001,-,328b516e-a0ac-4310-8b30-40bfab86de53,admin,6f94e196-447e-4d41-8eea-e6c40bba83e4,admin,winlogbeat,8.2.3,-,-,-,-,-,-,-,-,-,1.12.0,File created (rule: FileCreate),file,11,"Oct 23, 2022 @ 02:30:44.754","Oct 23, 2022 @ 02:30:41.938",event,sysmon,Microsoft-Windows-Sysmon,creation,C:\Users\ADMINI~1\AppData\Local\Temp\_MEI64882,dll,api-ms-win-core-processthreads-l1-1-0.dll,C:\Users\ADMINI~1\AppData\Local\Temp\_MEI64882\api-ms-win-core-processthreads-l1-1-0.dll,C:\Users\ADMINI~1\AppData\Local\Temp\_MEI64882\api-ms-win-core-processthreads-l1-1-0.dll,x86_64,admin,612eed94-10de-48e9-b9de-7108e40bddcc,"fe80::d592:a7d7:c0fb:10f9, 10.0.2.16, fe80::298d:fd6:72cd:b0a3, 172.19.96.11","08:00:27:7c:f3:ae, 08:00:27:4c:ba:b7",admin,19044.1889,windows,10.0.19041.1889 (WinBuild.160101.0800),Windows 10 Enterprise Evaluation,Windows 10 Enterprise Evaluation,windows,windows,10,information,"File created:
RuleName: DLL
UtcTime: 2022-10-22 18:30:44.427
ProcessGuid: {612eed94-36d3-6354-2401-000000001f00}
ProcessId: 6488
Image: C:\Users\AdministratorDB\AppData\Local\Temp\RarSFX0\main.exe
TargetFilename: C:\Users\ADMINI~1\AppData\Local\Temp\_MEI64882\api-ms-win-core-processthreads-l1-1-0.dll
CreationUtcTime: 2022-10-22 18:30:44.427
User: ADMIN\AdministratorDB",-,-,-,-,-,-,-,-,-,{612eed94-36d3-6354-2401-000000001f00},C:\Users\AdministratorDB\AppData\Local\Temp\RarSFX0\main.exe,C:\Users\AdministratorDB\AppData\Local\Temp\RarSFX0\main.exe,-,-,main.exe,main.exe,-,-,-,-,-,-,-,-,-,-,-,-,-,-,-,-,6488,-,-,-,-,-,AdministratorDB,DLL,-,-,-,-,ADMIN,S-1-5-18,AdministratorDB,AdministratorDB,wineventlog,Microsoft-Windows-Sysmon/Operational,admin,-,30:44.4,-,-,-,-,-,-,-,-,11,Info,"2,260","2,772",{5770385f-c22a-43e0-bf4c-06f5698ffbd9},Microsoft-Windows-Sysmon,5988,File created (rule: FileCreate),NT AUTHORITY,S-1-5-18,SYSTEM,User,2
"Oct 23, 2022 @ 02:30:44.427",a0X2AIQBHC0TB3lJJKcZ,.ds-winlogbeat-8.2.3-2022.10.22-000001,-,328b516e-a0ac-4310-8b30-40bfab86de53,admin,6f94e196-447e-4d41-8eea-e6c40bba83e4,admin,winlogbeat,8.2.3,-,-,-,-,-,-,-,-,-,1.12.0,File created (rule: FileCreate),file,11,"Oct 23, 2022 @ 02:30:44.754","Oct 23, 2022 @ 02:30:41.939",event,sysmon,Microsoft-Windows-Sysmon,creation,C:\Users\ADMINI~1\AppData\Local\Temp\_MEI64882,dll,api-ms-win-core-processthreads-l1-1-1.dll,C:\Users\ADMINI~1\AppData\Local\Temp\_MEI64882\api-ms-win-core-processthreads-l1-1-1.dll,C:\Users\ADMINI~1\AppData\Local\Temp\_MEI64882\api-ms-win-core-processthreads-l1-1-1.dll,x86_64,admin,612eed94-10de-48e9-b9de-7108e40bddcc,"fe80::d592:a7d7:c0fb:10f9, 10.0.2.16, fe80::298d:fd6:72cd:b0a3, 172.19.96.11","08:00:27:7c:f3:ae, 08:00:27:4c:ba:b7",admin,19044.1889,windows,10.0.19041.1889 (WinBuild.160101.0800),Windows 10 Enterprise Evaluation,Windows 10 Enterprise Evaluation,windows,windows,10,information,"File created:
RuleName: DLL
UtcTime: 2022-10-22 18:30:44.427
ProcessGuid: {612eed94-36d3-6354-2401-000000001f00}
ProcessId: 6488
Image: C:\Users\AdministratorDB\AppData\Local\Temp\RarSFX0\main.exe
TargetFilename: C:\Users\ADMINI~1\AppData\Local\Temp\_MEI64882\api-ms-win-core-processthreads-l1-1-1.dll
CreationUtcTime: 2022-10-22 18:30:44.427
User: ADMIN\AdministratorDB",-,-,-,-,-,-,-,-,-,{612eed94-36d3-6354-2401-000000001f00},C:\Users\AdministratorDB\AppData\Local\Temp\RarSFX0\main.exe,C:\Users\AdministratorDB\AppData\Local\Temp\RarSFX0\main.exe,-,-,main.exe,main.exe,-,-,-,-,-,-,-,-,-,-,-,-,-,-,-,-,6488,-,-,-,-,-,AdministratorDB,DLL,-,-,-,-,ADMIN,S-1-5-18,AdministratorDB,AdministratorDB,wineventlog,Microsoft-Windows-Sysmon/Operational,admin,-,30:44.4,-,-,-,-,-,-,-,-,11,Info,"2,260","2,772",{5770385f-c22a-43e0-bf4c-06f5698ffbd9},Microsoft-Windows-Sysmon,5989,File created (rule: FileCreate),NT AUTHORITY,S-1-5-18,SYSTEM,User,2
"Oct 23, 2022 @ 02:30:44.427",bEX2AIQBHC0TB3lJJKcZ,.ds-winlogbeat-8.2.3-2022.10.22-000001,-,328b516e-a0ac-4310-8b30-40bfab86de53,admin,6f94e196-447e-4d41-8eea-e6c40bba83e4,admin,winlogbeat,8.2.3,-,-,-,-,-,-,-,-,-,1.12.0,File created (rule: FileCreate),file,11,"Oct 23, 2022 @ 02:30:44.754","Oct 23, 2022 @ 02:30:41.939",event,sysmon,Microsoft-Windows-Sysmon,creation,C:\Users\ADMINI~1\AppData\Local\Temp\_MEI64882,dll,api-ms-win-core-profile-l1-1-0.dll,C:\Users\ADMINI~1\AppData\Local\Temp\_MEI64882\api-ms-win-core-profile-l1-1-0.dll,C:\Users\ADMINI~1\AppData\Local\Temp\_MEI64882\api-ms-win-core-profile-l1-1-0.dll,x86_64,admin,612eed94-10de-48e9-b9de-7108e40bddcc,"fe80::d592:a7d7:c0fb:10f9, 10.0.2.16, fe80::298d:fd6:72cd:b0a3, 172.19.96.11","08:00:27:7c:f3:ae, 08:00:27:4c:ba:b7",admin,19044.1889,windows,10.0.19041.1889 (WinBuild.160101.0800),Windows 10 Enterprise Evaluation,Windows 10 Enterprise Evaluation,windows,windows,10,information,"File created:
RuleName: DLL
UtcTime: 2022-10-22 18:30:44.427
ProcessGuid: {612eed94-36d3-6354-2401-000000001f00}
ProcessId: 6488
Image: C:\Users\AdministratorDB\AppData\Local\Temp\RarSFX0\main.exe
TargetFilename: C:\Users\ADMINI~1\AppData\Local\Temp\_MEI64882\api-ms-win-core-profile-l1-1-0.dll
CreationUtcTime: 2022-10-22 18:30:44.427
User: ADMIN\AdministratorDB",-,-,-,-,-,-,-,-,-,{612eed94-36d3-6354-2401-000000001f00},C:\Users\AdministratorDB\AppData\Local\Temp\RarSFX0\main.exe,C:\Users\AdministratorDB\AppData\Local\Temp\RarSFX0\main.exe,-,-,main.exe,main.exe,-,-,-,-,-,-,-,-,-,-,-,-,-,-,-,-,6488,-,-,-,-,-,AdministratorDB,DLL,-,-,-,-,ADMIN,S-1-5-18,AdministratorDB,AdministratorDB,wineventlog,Microsoft-Windows-Sysmon/Operational,admin,-,30:44.4,-,-,-,-,-,-,-,-,11,Info,"2,260","2,772",{5770385f-c22a-43e0-bf4c-06f5698ffbd9},Microsoft-Windows-Sysmon,5990,File created (rule: FileCreate),NT AUTHORITY,S-1-5-18,SYSTEM,User,2
"Oct 23, 2022 @ 02:30:44.427",bUX2AIQBHC0TB3lJJKcZ,.ds-winlogbeat-8.2.3-2022.10.22-000001,-,328b516e-a0ac-4310-8b30-40bfab86de53,admin,6f94e196-447e-4d41-8eea-e6c40bba83e4,admin,winlogbeat,8.2.3,-,-,-,-,-,-,-,-,-,1.12.0,File created (rule: FileCreate),file,11,"Oct 23, 2022 @ 02:30:44.754","Oct 23, 2022 @ 02:30:41.939",event,sysmon,Microsoft-Windows-Sysmon,creation,C:\Users\ADMINI~1\AppData\Local\Temp\_MEI64882,dll,api-ms-win-core-rtlsupport-l1-1-0.dll,C:\Users\ADMINI~1\AppData\Local\Temp\_MEI64882\api-ms-win-core-rtlsupport-l1-1-0.dll,C:\Users\ADMINI~1\AppData\Local\Temp\_MEI64882\api-ms-win-core-rtlsupport-l1-1-0.dll,x86_64,admin,612eed94-10de-48e9-b9de-7108e40bddcc,"fe80::d592:a7d7:c0fb:10f9, 10.0.2.16, fe80::298d:fd6:72cd:b0a3, 172.19.96.11","08:00:27:7c:f3:ae, 08:00:27:4c:ba:b7",admin,19044.1889,windows,10.0.19041.1889 (WinBuild.160101.0800),Windows 10 Enterprise Evaluation,Windows 10 Enterprise Evaluation,windows,windows,10,information,"File created:
RuleName: DLL
UtcTime: 2022-10-22 18:30:44.427
ProcessGuid: {612eed94-36d3-6354-2401-000000001f00}
ProcessId: 6488
Image: C:\Users\AdministratorDB\AppData\Local\Temp\RarSFX0\main.exe
TargetFilename: C:\Users\ADMINI~1\AppData\Local\Temp\_MEI64882\api-ms-win-core-rtlsupport-l1-1-0.dll
CreationUtcTime: 2022-10-22 18:30:44.427
User: ADMIN\AdministratorDB",-,-,-,-,-,-,-,-,-,{612eed94-36d3-6354-2401-000000001f00},C:\Users\AdministratorDB\AppData\Local\Temp\RarSFX0\main.exe,C:\Users\AdministratorDB\AppData\Local\Temp\RarSFX0\main.exe,-,-,main.exe,main.exe,-,-,-,-,-,-,-,-,-,-,-,-,-,-,-,-,6488,-,-,-,-,-,AdministratorDB,DLL,-,-,-,-,ADMIN,S-1-5-18,AdministratorDB,AdministratorDB,wineventlog,Microsoft-Windows-Sysmon/Operational,admin,-,30:44.4,-,-,-,-,-,-,-,-,11,Info,"2,260","2,772",{5770385f-c22a-43e0-bf4c-06f5698ffbd9},Microsoft-Windows-Sysmon,5991,File created (rule: FileCreate),NT AUTHORITY,S-1-5-18,SYSTEM,User,2
"Oct 23, 2022 @ 02:30:44.427",bkX2AIQBHC0TB3lJJKcZ,.ds-winlogbeat-8.2.3-2022.10.22-000001,-,328b516e-a0ac-4310-8b30-40bfab86de53,admin,6f94e196-447e-4d41-8eea-e6c40bba83e4,admin,winlogbeat,8.2.3,-,-,-,-,-,-,-,-,-,1.12.0,File created (rule: FileCreate),file,11,"Oct 23, 2022 @ 02:30:44.754","Oct 23, 2022 @ 02:30:41.939",event,sysmon,Microsoft-Windows-Sysmon,creation,C:\Users\ADMINI~1\AppData\Local\Temp\_MEI64882,dll,api-ms-win-core-string-l1-1-0.dll,C:\Users\ADMINI~1\AppData\Local\Temp\_MEI64882\api-ms-win-core-string-l1-1-0.dll,C:\Users\ADMINI~1\AppData\Local\Temp\_MEI64882\api-ms-win-core-string-l1-1-0.dll,x86_64,admin,612eed94-10de-48e9-b9de-7108e40bddcc,"fe80::d592:a7d7:c0fb:10f9, 10.0.2.16, fe80::298d:fd6:72cd:b0a3, 172.19.96.11","08:00:27:7c:f3:ae, 08:00:27:4c:ba:b7",admin,19044.1889,windows,10.0.19041.1889 (WinBuild.160101.0800),Windows 10 Enterprise Evaluation,Windows 10 Enterprise Evaluation,windows,windows,10,information,"File created:
RuleName: DLL
UtcTime: 2022-10-22 18:30:44.427
ProcessGuid: {612eed94-36d3-6354-2401-000000001f00}
ProcessId: 6488
Image: C:\Users\AdministratorDB\AppData\Local\Temp\RarSFX0\main.exe
TargetFilename: C:\Users\ADMINI~1\AppData\Local\Temp\_MEI64882\api-ms-win-core-string-l1-1-0.dll
CreationUtcTime: 2022-10-22 18:30:44.427
User: ADMIN\AdministratorDB",-,-,-,-,-,-,-,-,-,{612eed94-36d3-6354-2401-000000001f00},C:\Users\AdministratorDB\AppData\Local\Temp\RarSFX0\main.exe,C:\Users\AdministratorDB\AppData\Local\Temp\RarSFX0\main.exe,-,-,main.exe,main.exe,-,-,-,-,-,-,-,-,-,-,-,-,-,-,-,-,6488,-,-,-,-,-,AdministratorDB,DLL,-,-,-,-,ADMIN,S-1-5-18,AdministratorDB,AdministratorDB,wineventlog,Microsoft-Windows-Sysmon/Operational,admin,-,30:44.4,-,-,-,-,-,-,-,-,11,Info,"2,260","2,772",{5770385f-c22a-43e0-bf4c-06f5698ffbd9},Microsoft-Windows-Sysmon,5992,File created (rule: FileCreate),NT AUTHORITY,S-1-5-18,SYSTEM,User,2
"Oct 23, 2022 @ 02:30:44.427",b0X2AIQBHC0TB3lJJKcZ,.ds-winlogbeat-8.2.3-2022.10.22-000001,-,328b516e-a0ac-4310-8b30-40bfab86de53,admin,6f94e196-447e-4d41-8eea-e6c40bba83e4,admin,winlogbeat,8.2.3,-,-,-,-,-,-,-,-,-,1.12.0,File created (rule: FileCreate),file,11,"Oct 23, 2022 @ 02:30:44.754","Oct 23, 2022 @ 02:30:41.940",event,sysmon,Microsoft-Windows-Sysmon,creation,C:\Users\ADMINI~1\AppData\Local\Temp\_MEI64882,dll,api-ms-win-core-synch-l1-1-0.dll,C:\Users\ADMINI~1\AppData\Local\Temp\_MEI64882\api-ms-win-core-synch-l1-1-0.dll,C:\Users\ADMINI~1\AppData\Local\Temp\_MEI64882\api-ms-win-core-synch-l1-1-0.dll,x86_64,admin,612eed94-10de-48e9-b9de-7108e40bddcc,"fe80::d592:a7d7:c0fb:10f9, 10.0.2.16, fe80::298d:fd6:72cd:b0a3, 172.19.96.11","08:00:27:7c:f3:ae, 08:00:27:4c:ba:b7",admin,19044.1889,windows,10.0.19041.1889 (WinBuild.160101.0800),Windows 10 Enterprise Evaluation,Windows 10 Enterprise Evaluation,windows,windows,10,information,"File created:
RuleName: DLL
UtcTime: 2022-10-22 18:30:44.427
ProcessGuid: {612eed94-36d3-6354-2401-000000001f00}
ProcessId: 6488
Image: C:\Users\AdministratorDB\AppData\Local\Temp\RarSFX0\main.exe
TargetFilename: C:\Users\ADMINI~1\AppData\Local\Temp\_MEI64882\api-ms-win-core-synch-l1-1-0.dll
CreationUtcTime: 2022-10-22 18:30:44.427
User: ADMIN\AdministratorDB",-,-,-,-,-,-,-,-,-,{612eed94-36d3-6354-2401-000000001f00},C:\Users\AdministratorDB\AppData\Local\Temp\RarSFX0\main.exe,C:\Users\AdministratorDB\AppData\Local\Temp\RarSFX0\main.exe,-,-,main.exe,main.exe,-,-,-,-,-,-,-,-,-,-,-,-,-,-,-,-,6488,-,-,-,-,-,AdministratorDB,DLL,-,-,-,-,ADMIN,S-1-5-18,AdministratorDB,AdministratorDB,wineventlog,Microsoft-Windows-Sysmon/Operational,admin,-,30:44.4,-,-,-,-,-,-,-,-,11,Info,"2,260","2,772",{5770385f-c22a-43e0-bf4c-06f5698ffbd9},Microsoft-Windows-Sysmon,5993,File created (rule: FileCreate),NT AUTHORITY,S-1-5-18,SYSTEM,User,2
"Oct 23, 2022 @ 02:30:44.427",cEX2AIQBHC0TB3lJJKcZ,.ds-winlogbeat-8.2.3-2022.10.22-000001,-,328b516e-a0ac-4310-8b30-40bfab86de53,admin,6f94e196-447e-4d41-8eea-e6c40bba83e4,admin,winlogbeat,8.2.3,-,-,-,-,-,-,-,-,-,1.12.0,File created (rule: FileCreate),file,11,"Oct 23, 2022 @ 02:30:44.754","Oct 23, 2022 @ 02:30:41.940",event,sysmon,Microsoft-Windows-Sysmon,creation,C:\Users\ADMINI~1\AppData\Local\Temp\_MEI64882,dll,api-ms-win-core-synch-l1-2-0.dll,C:\Users\ADMINI~1\AppData\Local\Temp\_MEI64882\api-ms-win-core-synch-l1-2-0.dll,C:\Users\ADMINI~1\AppData\Local\Temp\_MEI64882\api-ms-win-core-synch-l1-2-0.dll,x86_64,admin,612eed94-10de-48e9-b9de-7108e40bddcc,"fe80::d592:a7d7:c0fb:10f9, 10.0.2.16, fe80::298d:fd6:72cd:b0a3, 172.19.96.11","08:00:27:7c:f3:ae, 08:00:27:4c:ba:b7",admin,19044.1889,windows,10.0.19041.1889 (WinBuild.160101.0800),Windows 10 Enterprise Evaluation,Windows 10 Enterprise Evaluation,windows,windows,10,information,"File created:
RuleName: DLL
UtcTime: 2022-10-22 18:30:44.427
ProcessGuid: {612eed94-36d3-6354-2401-000000001f00}
ProcessId: 6488
Image: C:\Users\AdministratorDB\AppData\Local\Temp\RarSFX0\main.exe
TargetFilename: C:\Users\ADMINI~1\AppData\Local\Temp\_MEI64882\api-ms-win-core-synch-l1-2-0.dll
CreationUtcTime: 2022-10-22 18:30:44.427
User: ADMIN\AdministratorDB",-,-,-,-,-,-,-,-,-,{612eed94-36d3-6354-2401-000000001f00},C:\Users\AdministratorDB\AppData\Local\Temp\RarSFX0\main.exe,C:\Users\AdministratorDB\AppData\Local\Temp\RarSFX0\main.exe,-,-,main.exe,main.exe,-,-,-,-,-,-,-,-,-,-,-,-,-,-,-,-,6488,-,-,-,-,-,AdministratorDB,DLL,-,-,-,-,ADMIN,S-1-5-18,AdministratorDB,AdministratorDB,wineventlog,Microsoft-Windows-Sysmon/Operational,admin,-,30:44.4,-,-,-,-,-,-,-,-,11,Info,"2,260","2,772",{5770385f-c22a-43e0-bf4c-06f5698ffbd9},Microsoft-Windows-Sysmon,5994,File created (rule: FileCreate),NT AUTHORITY,S-1-5-18,SYSTEM,User,2
"Oct 23, 2022 @ 02:30:44.427",cUX2AIQBHC0TB3lJJKcZ,.ds-winlogbeat-8.2.3-2022.10.22-000001,-,328b516e-a0ac-4310-8b30-40bfab86de53,admin,6f94e196-447e-4d41-8eea-e6c40bba83e4,admin,winlogbeat,8.2.3,-,-,-,-,-,-,-,-,-,1.12.0,File created (rule: FileCreate),file,11,"Oct 23, 2022 @ 02:30:44.754","Oct 23, 2022 @ 02:30:41.940",event,sysmon,Microsoft-Windows-Sysmon,creation,C:\Users\ADMINI~1\AppData\Local\Temp\_MEI64882,dll,api-ms-win-core-sysinfo-l1-1-0.dll,C:\Users\ADMINI~1\AppData\Local\Temp\_MEI64882\api-ms-win-core-sysinfo-l1-1-0.dll,C:\Users\ADMINI~1\AppData\Local\Temp\_MEI64882\api-ms-win-core-sysinfo-l1-1-0.dll,x86_64,admin,612eed94-10de-48e9-b9de-7108e40bddcc,"fe80::d592:a7d7:c0fb:10f9, 10.0.2.16, fe80::298d:fd6:72cd:b0a3, 172.19.96.11","08:00:27:7c:f3:ae, 08:00:27:4c:ba:b7",admin,19044.1889,windows,10.0.19041.1889 (WinBuild.160101.0800),Windows 10 Enterprise Evaluation,Windows 10 Enterprise Evaluation,windows,windows,10,information,"File created:
RuleName: DLL
UtcTime: 2022-10-22 18:30:44.427
ProcessGuid: {612eed94-36d3-6354-2401-000000001f00}
ProcessId: 6488
Image: C:\Users\AdministratorDB\AppData\Local\Temp\RarSFX0\main.exe
TargetFilename: C:\Users\ADMINI~1\AppData\Local\Temp\_MEI64882\api-ms-win-core-sysinfo-l1-1-0.dll
CreationUtcTime: 2022-10-22 18:30:44.427
User: ADMIN\AdministratorDB",-,-,-,-,-,-,-,-,-,{612eed94-36d3-6354-2401-000000001f00},C:\Users\AdministratorDB\AppData\Local\Temp\RarSFX0\main.exe,C:\Users\AdministratorDB\AppData\Local\Temp\RarSFX0\main.exe,-,-,main.exe,main.exe,-,-,-,-,-,-,-,-,-,-,-,-,-,-,-,-,6488,-,-,-,-,-,AdministratorDB,DLL,-,-,-,-,ADMIN,S-1-5-18,AdministratorDB,AdministratorDB,wineventlog,Microsoft-Windows-Sysmon/Operational,admin,-,30:44.4,-,-,-,-,-,-,-,-,11,Info,"2,260","2,772",{5770385f-c22a-43e0-bf4c-06f5698ffbd9},Microsoft-Windows-Sysmon,5995,File created (rule: FileCreate),NT AUTHORITY,S-1-5-18,SYSTEM,User,2
"Oct 23, 2022 @ 02:30:44.427",ckX2AIQBHC0TB3lJJKcZ,.ds-winlogbeat-8.2.3-2022.10.22-000001,-,328b516e-a0ac-4310-8b30-40bfab86de53,admin,6f94e196-447e-4d41-8eea-e6c40bba83e4,admin,winlogbeat,8.2.3,-,-,-,-,-,-,-,-,-,1.12.0,File created (rule: FileCreate),file,11,"Oct 23, 2022 @ 02:30:44.754","Oct 23, 2022 @ 02:30:41.941",event,sysmon,Microsoft-Windows-Sysmon,creation,C:\Users\ADMINI~1\AppData\Local\Temp\_MEI64882,dll,api-ms-win-core-timezone-l1-1-0.dll,C:\Users\ADMINI~1\AppData\Local\Temp\_MEI64882\api-ms-win-core-timezone-l1-1-0.dll,C:\Users\ADMINI~1\AppData\Local\Temp\_MEI64882\api-ms-win-core-timezone-l1-1-0.dll,x86_64,admin,612eed94-10de-48e9-b9de-7108e40bddcc,"fe80::d592:a7d7:c0fb:10f9, 10.0.2.16, fe80::298d:fd6:72cd:b0a3, 172.19.96.11","08:00:27:7c:f3:ae, 08:00:27:4c:ba:b7",admin,19044.1889,windows,10.0.19041.1889 (WinBuild.160101.0800),Windows 10 Enterprise Evaluation,Windows 10 Enterprise Evaluation,windows,windows,10,information,"File created:
RuleName: DLL
UtcTime: 2022-10-22 18:30:44.427
ProcessGuid: {612eed94-36d3-6354-2401-000000001f00}
ProcessId: 6488
Image: C:\Users\AdministratorDB\AppData\Local\Temp\RarSFX0\main.exe
TargetFilename: C:\Users\ADMINI~1\AppData\Local\Temp\_MEI64882\api-ms-win-core-timezone-l1-1-0.dll
CreationUtcTime: 2022-10-22 18:30:44.427
User: ADMIN\AdministratorDB",-,-,-,-,-,-,-,-,-,{612eed94-36d3-6354-2401-000000001f00},C:\Users\AdministratorDB\AppData\Local\Temp\RarSFX0\main.exe,C:\Users\AdministratorDB\AppData\Local\Temp\RarSFX0\main.exe,-,-,main.exe,main.exe,-,-,-,-,-,-,-,-,-,-,-,-,-,-,-,-,6488,-,-,-,-,-,AdministratorDB,DLL,-,-,-,-,ADMIN,S-1-5-18,AdministratorDB,AdministratorDB,wineventlog,Microsoft-Windows-Sysmon/Operational,admin,-,30:44.4,-,-,-,-,-,-,-,-,11,Info,"2,260","2,772",{5770385f-c22a-43e0-bf4c-06f5698ffbd9},Microsoft-Windows-Sysmon,5996,File created (rule: FileCreate),NT AUTHORITY,S-1-5-18,SYSTEM,User,2
"Oct 23, 2022 @ 02:30:44.427",c0X2AIQBHC0TB3lJJKcZ,.ds-winlogbeat-8.2.3-2022.10.22-000001,-,328b516e-a0ac-4310-8b30-40bfab86de53,admin,6f94e196-447e-4d41-8eea-e6c40bba83e4,admin,winlogbeat,8.2.3,-,-,-,-,-,-,-,-,-,1.12.0,File created (rule: FileCreate),file,11,"Oct 23, 2022 @ 02:30:44.754","Oct 23, 2022 @ 02:30:41.941",event,sysmon,Microsoft-Windows-Sysmon,creation,C:\Users\ADMINI~1\AppData\Local\Temp\_MEI64882,dll,api-ms-win-core-util-l1-1-0.dll,C:\Users\ADMINI~1\AppData\Local\Temp\_MEI64882\api-ms-win-core-util-l1-1-0.dll,C:\Users\ADMINI~1\AppData\Local\Temp\_MEI64882\api-ms-win-core-util-l1-1-0.dll,x86_64,admin,612eed94-10de-48e9-b9de-7108e40bddcc,"fe80::d592:a7d7:c0fb:10f9, 10.0.2.16, fe80::298d:fd6:72cd:b0a3, 172.19.96.11","08:00:27:7c:f3:ae, 08:00:27:4c:ba:b7",admin,19044.1889,windows,10.0.19041.1889 (WinBuild.160101.0800),Windows 10 Enterprise Evaluation,Windows 10 Enterprise Evaluation,windows,windows,10,information,"File created:
RuleName: DLL
UtcTime: 2022-10-22 18:30:44.427
ProcessGuid: {612eed94-36d3-6354-2401-000000001f00}
ProcessId: 6488
Image: C:\Users\AdministratorDB\AppData\Local\Temp\RarSFX0\main.exe
TargetFilename: C:\Users\ADMINI~1\AppData\Local\Temp\_MEI64882\api-ms-win-core-util-l1-1-0.dll
CreationUtcTime: 2022-10-22 18:30:44.427
User: ADMIN\AdministratorDB",-,-,-,-,-,-,-,-,-,{612eed94-36d3-6354-2401-000000001f00},C:\Users\AdministratorDB\AppData\Local\Temp\RarSFX0\main.exe,C:\Users\AdministratorDB\AppData\Local\Temp\RarSFX0\main.exe,-,-,main.exe,main.exe,-,-,-,-,-,-,-,-,-,-,-,-,-,-,-,-,6488,-,-,-,-,-,AdministratorDB,DLL,-,-,-,-,ADMIN,S-1-5-18,AdministratorDB,AdministratorDB,wineventlog,Microsoft-Windows-Sysmon/Operational,admin,-,30:44.4,-,-,-,-,-,-,-,-,11,Info,"2,260","2,772",{5770385f-c22a-43e0-bf4c-06f5698ffbd9},Microsoft-Windows-Sysmon,5997,File created (rule: FileCreate),NT AUTHORITY,S-1-5-18,SYSTEM,User,2
"Oct 23, 2022 @ 02:30:44.446",dEX2AIQBHC0TB3lJJKcZ,.ds-winlogbeat-8.2.3-2022.10.22-000001,-,328b516e-a0ac-4310-8b30-40bfab86de53,admin,6f94e196-447e-4d41-8eea-e6c40bba83e4,admin,winlogbeat,8.2.3,-,-,-,-,-,-,-,-,-,1.12.0,File created (rule: FileCreate),file,11,"Oct 23, 2022 @ 02:30:44.754","Oct 23, 2022 @ 02:30:41.941",event,sysmon,Microsoft-Windows-Sysmon,creation,C:\Users\ADMINI~1\AppData\Local\Temp\_MEI64882,dll,api-ms-win-crt-conio-l1-1-0.dll,C:\Users\ADMINI~1\AppData\Local\Temp\_MEI64882\api-ms-win-crt-conio-l1-1-0.dll,C:\Users\ADMINI~1\AppData\Local\Temp\_MEI64882\api-ms-win-crt-conio-l1-1-0.dll,x86_64,admin,612eed94-10de-48e9-b9de-7108e40bddcc,"fe80::d592:a7d7:c0fb:10f9, 10.0.2.16, fe80::298d:fd6:72cd:b0a3, 172.19.96.11","08:00:27:7c:f3:ae, 08:00:27:4c:ba:b7",admin,19044.1889,windows,10.0.19041.1889 (WinBuild.160101.0800),Windows 10 Enterprise Evaluation,Windows 10 Enterprise Evaluation,windows,windows,10,information,"File created:
RuleName: DLL
UtcTime: 2022-10-22 18:30:44.446
ProcessGuid: {612eed94-36d3-6354-2401-000000001f00}
ProcessId: 6488
Image: C:\Users\AdministratorDB\AppData\Local\Temp\RarSFX0\main.exe
TargetFilename: C:\Users\ADMINI~1\AppData\Local\Temp\_MEI64882\api-ms-win-crt-conio-l1-1-0.dll
CreationUtcTime: 2022-10-22 18:30:44.446
User: ADMIN\AdministratorDB",-,-,-,-,-,-,-,-,-,{612eed94-36d3-6354-2401-000000001f00},C:\Users\AdministratorDB\AppData\Local\Temp\RarSFX0\main.exe,C:\Users\AdministratorDB\AppData\Local\Temp\RarSFX0\main.exe,-,-,main.exe,main.exe,-,-,-,-,-,-,-,-,-,-,-,-,-,-,-,-,6488,-,-,-,-,-,AdministratorDB,DLL,-,-,-,-,ADMIN,S-1-5-18,AdministratorDB,AdministratorDB,wineventlog,Microsoft-Windows-Sysmon/Operational,admin,-,30:44.4,-,-,-,-,-,-,-,-,11,Info,"2,260","2,772",{5770385f-c22a-43e0-bf4c-06f5698ffbd9},Microsoft-Windows-Sysmon,5998,File created (rule: FileCreate),NT AUTHORITY,S-1-5-18,SYSTEM,User,2
"Oct 23, 2022 @ 02:30:44.448",dUX2AIQBHC0TB3lJJKcZ,.ds-winlogbeat-8.2.3-2022.10.22-000001,-,328b516e-a0ac-4310-8b30-40bfab86de53,admin,6f94e196-447e-4d41-8eea-e6c40bba83e4,admin,winlogbeat,8.2.3,-,-,-,-,-,-,-,-,-,1.12.0,File created (rule: FileCreate),file,11,"Oct 23, 2022 @ 02:30:44.754","Oct 23, 2022 @ 02:30:41.941",event,sysmon,Microsoft-Windows-Sysmon,creation,C:\Users\ADMINI~1\AppData\Local\Temp\_MEI64882,dll,api-ms-win-crt-convert-l1-1-0.dll,C:\Users\ADMINI~1\AppData\Local\Temp\_MEI64882\api-ms-win-crt-convert-l1-1-0.dll,C:\Users\ADMINI~1\AppData\Local\Temp\_MEI64882\api-ms-win-crt-convert-l1-1-0.dll,x86_64,admin,612eed94-10de-48e9-b9de-7108e40bddcc,"fe80::d592:a7d7:c0fb:10f9, 10.0.2.16, fe80::298d:fd6:72cd:b0a3, 172.19.96.11","08:00:27:7c:f3:ae, 08:00:27:4c:ba:b7",admin,19044.1889,windows,10.0.19041.1889 (WinBuild.160101.0800),Windows 10 Enterprise Evaluation,Windows 10 Enterprise Evaluation,windows,windows,10,information,"File created:
RuleName: DLL
UtcTime: 2022-10-22 18:30:44.448
ProcessGuid: {612eed94-36d3-6354-2401-000000001f00}
ProcessId: 6488
Image: C:\Users\AdministratorDB\AppData\Local\Temp\RarSFX0\main.exe
TargetFilename: C:\Users\ADMINI~1\AppData\Local\Temp\_MEI64882\api-ms-win-crt-convert-l1-1-0.dll
CreationUtcTime: 2022-10-22 18:30:44.448
User: ADMIN\AdministratorDB",-,-,-,-,-,-,-,-,-,{612eed94-36d3-6354-2401-000000001f00},C:\Users\AdministratorDB\AppData\Local\Temp\RarSFX0\main.exe,C:\Users\AdministratorDB\AppData\Local\Temp\RarSFX0\main.exe,-,-,main.exe,main.exe,-,-,-,-,-,-,-,-,-,-,-,-,-,-,-,-,6488,-,-,-,-,-,AdministratorDB,DLL,-,-,-,-,ADMIN,S-1-5-18,AdministratorDB,AdministratorDB,wineventlog,Microsoft-Windows-Sysmon/Operational,admin,-,30:44.4,-,-,-,-,-,-,-,-,11,Info,"2,260","2,772",{5770385f-c22a-43e0-bf4c-06f5698ffbd9},Microsoft-Windows-Sysmon,5999,File created (rule: FileCreate),NT AUTHORITY,S-1-5-18,SYSTEM,User,2
"Oct 23, 2022 @ 02:30:44.448",dkX2AIQBHC0TB3lJJKcZ,.ds-winlogbeat-8.2.3-2022.10.22-000001,-,328b516e-a0ac-4310-8b30-40bfab86de53,admin,6f94e196-447e-4d41-8eea-e6c40bba83e4,admin,winlogbeat,8.2.3,-,-,-,-,-,-,-,-,-,1.12.0,File created (rule: FileCreate),file,11,"Oct 23, 2022 @ 02:30:44.754","Oct 23, 2022 @ 02:30:41.942",event,sysmon,Microsoft-Windows-Sysmon,creation,C:\Users\ADMINI~1\AppData\Local\Temp\_MEI64882,dll,api-ms-win-crt-environment-l1-1-0.dll,C:\Users\ADMINI~1\AppData\Local\Temp\_MEI64882\api-ms-win-crt-environment-l1-1-0.dll,C:\Users\ADMINI~1\AppData\Local\Temp\_MEI64882\api-ms-win-crt-environment-l1-1-0.dll,x86_64,admin,612eed94-10de-48e9-b9de-7108e40bddcc,"fe80::d592:a7d7:c0fb:10f9, 10.0.2.16, fe80::298d:fd6:72cd:b0a3, 172.19.96.11","08:00:27:7c:f3:ae, 08:00:27:4c:ba:b7",admin,19044.1889,windows,10.0.19041.1889 (WinBuild.160101.0800),Windows 10 Enterprise Evaluation,Windows 10 Enterprise Evaluation,windows,windows,10,information,"File created:
RuleName: DLL
UtcTime: 2022-10-22 18:30:44.448
ProcessGuid: {612eed94-36d3-6354-2401-000000001f00}
ProcessId: 6488
Image: C:\Users\AdministratorDB\AppData\Local\Temp\RarSFX0\main.exe
TargetFilename: C:\Users\ADMINI~1\AppData\Local\Temp\_MEI64882\api-ms-win-crt-environment-l1-1-0.dll
CreationUtcTime: 2022-10-22 18:30:44.448
User: ADMIN\AdministratorDB",-,-,-,-,-,-,-,-,-,{612eed94-36d3-6354-2401-000000001f00},C:\Users\AdministratorDB\AppData\Local\Temp\RarSFX0\main.exe,C:\Users\AdministratorDB\AppData\Local\Temp\RarSFX0\main.exe,-,-,main.exe,main.exe,-,-,-,-,-,-,-,-,-,-,-,-,-,-,-,-,6488,-,-,-,-,-,AdministratorDB,DLL,-,-,-,-,ADMIN,S-1-5-18,AdministratorDB,AdministratorDB,wineventlog,Microsoft-Windows-Sysmon/Operational,admin,-,30:44.4,-,-,-,-,-,-,-,-,11,Info,"2,260","2,772",{5770385f-c22a-43e0-bf4c-06f5698ffbd9},Microsoft-Windows-Sysmon,6000,File created (rule: FileCreate),NT AUTHORITY,S-1-5-18,SYSTEM,User,2
"Oct 23, 2022 @ 02:30:44.448",d0X2AIQBHC0TB3lJJKcZ,.ds-winlogbeat-8.2.3-2022.10.22-000001,-,328b516e-a0ac-4310-8b30-40bfab86de53,admin,6f94e196-447e-4d41-8eea-e6c40bba83e4,admin,winlogbeat,8.2.3,-,-,-,-,-,-,-,-,-,1.12.0,File created (rule: FileCreate),file,11,"Oct 23, 2022 @ 02:30:44.754","Oct 23, 2022 @ 02:30:41.942",event,sysmon,Microsoft-Windows-Sysmon,creation,C:\Users\ADMINI~1\AppData\Local\Temp\_MEI64882,dll,api-ms-win-crt-filesystem-l1-1-0.dll,C:\Users\ADMINI~1\AppData\Local\Temp\_MEI64882\api-ms-win-crt-filesystem-l1-1-0.dll,C:\Users\ADMINI~1\AppData\Local\Temp\_MEI64882\api-ms-win-crt-filesystem-l1-1-0.dll,x86_64,admin,612eed94-10de-48e9-b9de-7108e40bddcc,"fe80::d592:a7d7:c0fb:10f9, 10.0.2.16, fe80::298d:fd6:72cd:b0a3, 172.19.96.11","08:00:27:7c:f3:ae, 08:00:27:4c:ba:b7",admin,19044.1889,windows,10.0.19041.1889 (WinBuild.160101.0800),Windows 10 Enterprise Evaluation,Windows 10 Enterprise Evaluation,windows,windows,10,information,"File created:
RuleName: DLL
UtcTime: 2022-10-22 18:30:44.448
ProcessGuid: {612eed94-36d3-6354-2401-000000001f00}
ProcessId: 6488
Image: C:\Users\AdministratorDB\AppData\Local\Temp\RarSFX0\main.exe
TargetFilename: C:\Users\ADMINI~1\AppData\Local\Temp\_MEI64882\api-ms-win-crt-filesystem-l1-1-0.dll
CreationUtcTime: 2022-10-22 18:30:44.448
User: ADMIN\AdministratorDB",-,-,-,-,-,-,-,-,-,{612eed94-36d3-6354-2401-000000001f00},C:\Users\AdministratorDB\AppData\Local\Temp\RarSFX0\main.exe,C:\Users\AdministratorDB\AppData\Local\Temp\RarSFX0\main.exe,-,-,main.exe,main.exe,-,-,-,-,-,-,-,-,-,-,-,-,-,-,-,-,6488,-,-,-,-,-,AdministratorDB,DLL,-,-,-,-,ADMIN,S-1-5-18,AdministratorDB,AdministratorDB,wineventlog,Microsoft-Windows-Sysmon/Operational,admin,-,30:44.4,-,-,-,-,-,-,-,-,11,Info,"2,260","2,772",{5770385f-c22a-43e0-bf4c-06f5698ffbd9},Microsoft-Windows-Sysmon,6001,File created (rule: FileCreate),NT AUTHORITY,S-1-5-18,SYSTEM,User,2
"Oct 23, 2022 @ 02:30:44.448",eEX2AIQBHC0TB3lJJKcZ,.ds-winlogbeat-8.2.3-2022.10.22-000001,-,328b516e-a0ac-4310-8b30-40bfab86de53,admin,6f94e196-447e-4d41-8eea-e6c40bba83e4,admin,winlogbeat,8.2.3,-,-,-,-,-,-,-,-,-,1.12.0,File created (rule: FileCreate),file,11,"Oct 23, 2022 @ 02:30:44.754","Oct 23, 2022 @ 02:30:41.942",event,sysmon,Microsoft-Windows-Sysmon,creation,C:\Users\ADMINI~1\AppData\Local\Temp\_MEI64882,dll,api-ms-win-crt-heap-l1-1-0.dll,C:\Users\ADMINI~1\AppData\Local\Temp\_MEI64882\api-ms-win-crt-heap-l1-1-0.dll,C:\Users\ADMINI~1\AppData\Local\Temp\_MEI64882\api-ms-win-crt-heap-l1-1-0.dll,x86_64,admin,612eed94-10de-48e9-b9de-7108e40bddcc,"fe80::d592:a7d7:c0fb:10f9, 10.0.2.16, fe80::298d:fd6:72cd:b0a3, 172.19.96.11","08:00:27:7c:f3:ae, 08:00:27:4c:ba:b7",admin,19044.1889,windows,10.0.19041.1889 (WinBuild.160101.0800),Windows 10 Enterprise Evaluation,Windows 10 Enterprise Evaluation,windows,windows,10,information,"File created:
RuleName: DLL
UtcTime: 2022-10-22 18:30:44.448
ProcessGuid: {612eed94-36d3-6354-2401-000000001f00}
ProcessId: 6488
Image: C:\Users\AdministratorDB\AppData\Local\Temp\RarSFX0\main.exe
TargetFilename: C:\Users\ADMINI~1\AppData\Local\Temp\_MEI64882\api-ms-win-crt-heap-l1-1-0.dll
CreationUtcTime: 2022-10-22 18:30:44.448
User: ADMIN\AdministratorDB",-,-,-,-,-,-,-,-,-,{612eed94-36d3-6354-2401-000000001f00},C:\Users\AdministratorDB\AppData\Local\Temp\RarSFX0\main.exe,C:\Users\AdministratorDB\AppData\Local\Temp\RarSFX0\main.exe,-,-,main.exe,main.exe,-,-,-,-,-,-,-,-,-,-,-,-,-,-,-,-,6488,-,-,-,-,-,AdministratorDB,DLL,-,-,-,-,ADMIN,S-1-5-18,AdministratorDB,AdministratorDB,wineventlog,Microsoft-Windows-Sysmon/Operational,admin,-,30:44.4,-,-,-,-,-,-,-,-,11,Info,"2,260","2,772",{5770385f-c22a-43e0-bf4c-06f5698ffbd9},Microsoft-Windows-Sysmon,6002,File created (rule: FileCreate),NT AUTHORITY,S-1-5-18,SYSTEM,User,2
"Oct 23, 2022 @ 02:30:44.448",eUX2AIQBHC0TB3lJJKcZ,.ds-winlogbeat-8.2.3-2022.10.22-000001,-,328b516e-a0ac-4310-8b30-40bfab86de53,admin,6f94e196-447e-4d41-8eea-e6c40bba83e4,admin,winlogbeat,8.2.3,-,-,-,-,-,-,-,-,-,1.12.0,File created (rule: FileCreate),file,11,"Oct 23, 2022 @ 02:30:44.754","Oct 23, 2022 @ 02:30:41.942",event,sysmon,Microsoft-Windows-Sysmon,creation,C:\Users\ADMINI~1\AppData\Local\Temp\_MEI64882,dll,api-ms-win-crt-locale-l1-1-0.dll,C:\Users\ADMINI~1\AppData\Local\Temp\_MEI64882\api-ms-win-crt-locale-l1-1-0.dll,C:\Users\ADMINI~1\AppData\Local\Temp\_MEI64882\api-ms-win-crt-locale-l1-1-0.dll,x86_64,admin,612eed94-10de-48e9-b9de-7108e40bddcc,"fe80::d592:a7d7:c0fb:10f9, 10.0.2.16, fe80::298d:fd6:72cd:b0a3, 172.19.96.11","08:00:27:7c:f3:ae, 08:00:27:4c:ba:b7",admin,19044.1889,windows,10.0.19041.1889 (WinBuild.160101.0800),Windows 10 Enterprise Evaluation,Windows 10 Enterprise Evaluation,windows,windows,10,information,"File created:
RuleName: DLL
UtcTime: 2022-10-22 18:30:44.448
ProcessGuid: {612eed94-36d3-6354-2401-000000001f00}
ProcessId: 6488
Image: C:\Users\AdministratorDB\AppData\Local\Temp\RarSFX0\main.exe
TargetFilename: C:\Users\ADMINI~1\AppData\Local\Temp\_MEI64882\api-ms-win-crt-locale-l1-1-0.dll
CreationUtcTime: 2022-10-22 18:30:44.448
User: ADMIN\AdministratorDB",-,-,-,-,-,-,-,-,-,{612eed94-36d3-6354-2401-000000001f00},C:\Users\AdministratorDB\AppData\Local\Temp\RarSFX0\main.exe,C:\Users\AdministratorDB\AppData\Local\Temp\RarSFX0\main.exe,-,-,main.exe,main.exe,-,-,-,-,-,-,-,-,-,-,-,-,-,-,-,-,6488,-,-,-,-,-,AdministratorDB,DLL,-,-,-,-,ADMIN,S-1-5-18,AdministratorDB,AdministratorDB,wineventlog,Microsoft-Windows-Sysmon/Operational,admin,-,30:44.4,-,-,-,-,-,-,-,-,11,Info,"2,260","2,772",{5770385f-c22a-43e0-bf4c-06f5698ffbd9},Microsoft-Windows-Sysmon,6003,File created (rule: FileCreate),NT AUTHORITY,S-1-5-18,SYSTEM,User,2
"Oct 23, 2022 @ 02:30:44.448",ekX2AIQBHC0TB3lJJKcZ,.ds-winlogbeat-8.2.3-2022.10.22-000001,-,328b516e-a0ac-4310-8b30-40bfab86de53,admin,6f94e196-447e-4d41-8eea-e6c40bba83e4,admin,winlogbeat,8.2.3,-,-,-,-,-,-,-,-,-,1.12.0,File created (rule: FileCreate),file,11,"Oct 23, 2022 @ 02:30:44.754","Oct 23, 2022 @ 02:30:41.943",event,sysmon,Microsoft-Windows-Sysmon,creation,C:\Users\ADMINI~1\AppData\Local\Temp\_MEI64882,dll,api-ms-win-crt-math-l1-1-0.dll,C:\Users\ADMINI~1\AppData\Local\Temp\_MEI64882\api-ms-win-crt-math-l1-1-0.dll,C:\Users\ADMINI~1\AppData\Local\Temp\_MEI64882\api-ms-win-crt-math-l1-1-0.dll,x86_64,admin,612eed94-10de-48e9-b9de-7108e40bddcc,"fe80::d592:a7d7:c0fb:10f9, 10.0.2.16, fe80::298d:fd6:72cd:b0a3, 172.19.96.11","08:00:27:7c:f3:ae, 08:00:27:4c:ba:b7",admin,19044.1889,windows,10.0.19041.1889 (WinBuild.160101.0800),Windows 10 Enterprise Evaluation,Windows 10 Enterprise Evaluation,windows,windows,10,information,"File created:
RuleName: DLL
UtcTime: 2022-10-22 18:30:44.448
ProcessGuid: {612eed94-36d3-6354-2401-000000001f00}
ProcessId: 6488
Image: C:\Users\AdministratorDB\AppData\Local\Temp\RarSFX0\main.exe
TargetFilename: C:\Users\ADMINI~1\AppData\Local\Temp\_MEI64882\api-ms-win-crt-math-l1-1-0.dll
CreationUtcTime: 2022-10-22 18:30:44.448
User: ADMIN\AdministratorDB",-,-,-,-,-,-,-,-,-,{612eed94-36d3-6354-2401-000000001f00},C:\Users\AdministratorDB\AppData\Local\Temp\RarSFX0\main.exe,C:\Users\AdministratorDB\AppData\Local\Temp\RarSFX0\main.exe,-,-,main.exe,main.exe,-,-,-,-,-,-,-,-,-,-,-,-,-,-,-,-,6488,-,-,-,-,-,AdministratorDB,DLL,-,-,-,-,ADMIN,S-1-5-18,AdministratorDB,AdministratorDB,wineventlog,Microsoft-Windows-Sysmon/Operational,admin,-,30:44.4,-,-,-,-,-,-,-,-,11,Info,"2,260","2,772",{5770385f-c22a-43e0-bf4c-06f5698ffbd9},Microsoft-Windows-Sysmon,6004,File created (rule: FileCreate),NT AUTHORITY,S-1-5-18,SYSTEM,User,2
"Oct 23, 2022 @ 02:30:44.448",e0X2AIQBHC0TB3lJJKcZ,.ds-winlogbeat-8.2.3-2022.10.22-000001,-,328b516e-a0ac-4310-8b30-40bfab86de53,admin,6f94e196-447e-4d41-8eea-e6c40bba83e4,admin,winlogbeat,8.2.3,-,-,-,-,-,-,-,-,-,1.12.0,File created (rule: FileCreate),file,11,"Oct 23, 2022 @ 02:30:44.754","Oct 23, 2022 @ 02:30:41.943",event,sysmon,Microsoft-Windows-Sysmon,creation,C:\Users\ADMINI~1\AppData\Local\Temp\_MEI64882,dll,api-ms-win-crt-process-l1-1-0.dll,C:\Users\ADMINI~1\AppData\Local\Temp\_MEI64882\api-ms-win-crt-process-l1-1-0.dll,C:\Users\ADMINI~1\AppData\Local\Temp\_MEI64882\api-ms-win-crt-process-l1-1-0.dll,x86_64,admin,612eed94-10de-48e9-b9de-7108e40bddcc,"fe80::d592:a7d7:c0fb:10f9, 10.0.2.16, fe80::298d:fd6:72cd:b0a3, 172.19.96.11","08:00:27:7c:f3:ae, 08:00:27:4c:ba:b7",admin,19044.1889,windows,10.0.19041.1889 (WinBuild.160101.0800),Windows 10 Enterprise Evaluation,Windows 10 Enterprise Evaluation,windows,windows,10,information,"File created:
RuleName: DLL
UtcTime: 2022-10-22 18:30:44.448
ProcessGuid: {612eed94-36d3-6354-2401-000000001f00}
ProcessId: 6488
Image: C:\Users\AdministratorDB\AppData\Local\Temp\RarSFX0\main.exe
TargetFilename: C:\Users\ADMINI~1\AppData\Local\Temp\_MEI64882\api-ms-win-crt-process-l1-1-0.dll
CreationUtcTime: 2022-10-22 18:30:44.448
User: ADMIN\AdministratorDB",-,-,-,-,-,-,-,-,-,{612eed94-36d3-6354-2401-000000001f00},C:\Users\AdministratorDB\AppData\Local\Temp\RarSFX0\main.exe,C:\Users\AdministratorDB\AppData\Local\Temp\RarSFX0\main.exe,-,-,main.exe,main.exe,-,-,-,-,-,-,-,-,-,-,-,-,-,-,-,-,6488,-,-,-,-,-,AdministratorDB,DLL,-,-,-,-,ADMIN,S-1-5-18,AdministratorDB,AdministratorDB,wineventlog,Microsoft-Windows-Sysmon/Operational,admin,-,30:44.4,-,-,-,-,-,-,-,-,11,Info,"2,260","2,772",{5770385f-c22a-43e0-bf4c-06f5698ffbd9},Microsoft-Windows-Sysmon,6005,File created (rule: FileCreate),NT AUTHORITY,S-1-5-18,SYSTEM,User,2
"Oct 23, 2022 @ 02:30:44.448",fEX2AIQBHC0TB3lJJKcZ,.ds-winlogbeat-8.2.3-2022.10.22-000001,-,328b516e-a0ac-4310-8b30-40bfab86de53,admin,6f94e196-447e-4d41-8eea-e6c40bba83e4,admin,winlogbeat,8.2.3,-,-,-,-,-,-,-,-,-,1.12.0,File created (rule: FileCreate),file,11,"Oct 23, 2022 @ 02:30:44.754","Oct 23, 2022 @ 02:30:41.943",event,sysmon,Microsoft-Windows-Sysmon,creation,C:\Users\ADMINI~1\AppData\Local\Temp\_MEI64882,dll,api-ms-win-crt-runtime-l1-1-0.dll,C:\Users\ADMINI~1\AppData\Local\Temp\_MEI64882\api-ms-win-crt-runtime-l1-1-0.dll,C:\Users\ADMINI~1\AppData\Local\Temp\_MEI64882\api-ms-win-crt-runtime-l1-1-0.dll,x86_64,admin,612eed94-10de-48e9-b9de-7108e40bddcc,"fe80::d592:a7d7:c0fb:10f9, 10.0.2.16, fe80::298d:fd6:72cd:b0a3, 172.19.96.11","08:00:27:7c:f3:ae, 08:00:27:4c:ba:b7",admin,19044.1889,windows,10.0.19041.1889 (WinBuild.160101.0800),Windows 10 Enterprise Evaluation,Windows 10 Enterprise Evaluation,windows,windows,10,information,"File created:
RuleName: DLL
UtcTime: 2022-10-22 18:30:44.448
ProcessGuid: {612eed94-36d3-6354-2401-000000001f00}
ProcessId: 6488
Image: C:\Users\AdministratorDB\AppData\Local\Temp\RarSFX0\main.exe
TargetFilename: C:\Users\ADMINI~1\AppData\Local\Temp\_MEI64882\api-ms-win-crt-runtime-l1-1-0.dll
CreationUtcTime: 2022-10-22 18:30:44.448
User: ADMIN\AdministratorDB",-,-,-,-,-,-,-,-,-,{612eed94-36d3-6354-2401-000000001f00},C:\Users\AdministratorDB\AppData\Local\Temp\RarSFX0\main.exe,C:\Users\AdministratorDB\AppData\Local\Temp\RarSFX0\main.exe,-,-,main.exe,main.exe,-,-,-,-,-,-,-,-,-,-,-,-,-,-,-,-,6488,-,-,-,-,-,AdministratorDB,DLL,-,-,-,-,ADMIN,S-1-5-18,AdministratorDB,AdministratorDB,wineventlog,Microsoft-Windows-Sysmon/Operational,admin,-,30:44.4,-,-,-,-,-,-,-,-,11,Info,"2,260","2,772",{5770385f-c22a-43e0-bf4c-06f5698ffbd9},Microsoft-Windows-Sysmon,6006,File created (rule: FileCreate),NT AUTHORITY,S-1-5-18,SYSTEM,User,2
"Oct 23, 2022 @ 02:30:44.462",fUX2AIQBHC0TB3lJJKcZ,.ds-winlogbeat-8.2.3-2022.10.22-000001,-,328b516e-a0ac-4310-8b30-40bfab86de53,admin,6f94e196-447e-4d41-8eea-e6c40bba83e4,admin,winlogbeat,8.2.3,-,-,-,-,-,-,-,-,-,1.12.0,File created (rule: FileCreate),file,11,"Oct 23, 2022 @ 02:30:44.754","Oct 23, 2022 @ 02:30:41.944",event,sysmon,Microsoft-Windows-Sysmon,creation,C:\Users\ADMINI~1\AppData\Local\Temp\_MEI64882,dll,api-ms-win-crt-stdio-l1-1-0.dll,C:\Users\ADMINI~1\AppData\Local\Temp\_MEI64882\api-ms-win-crt-stdio-l1-1-0.dll,C:\Users\ADMINI~1\AppData\Local\Temp\_MEI64882\api-ms-win-crt-stdio-l1-1-0.dll,x86_64,admin,612eed94-10de-48e9-b9de-7108e40bddcc,"fe80::d592:a7d7:c0fb:10f9, 10.0.2.16, fe80::298d:fd6:72cd:b0a3, 172.19.96.11","08:00:27:7c:f3:ae, 08:00:27:4c:ba:b7",admin,19044.1889,windows,10.0.19041.1889 (WinBuild.160101.0800),Windows 10 Enterprise Evaluation,Windows 10 Enterprise Evaluation,windows,windows,10,information,"File created:
RuleName: DLL
UtcTime: 2022-10-22 18:30:44.462
ProcessGuid: {612eed94-36d3-6354-2401-000000001f00}
ProcessId: 6488
Image: C:\Users\AdministratorDB\AppData\Local\Temp\RarSFX0\main.exe
TargetFilename: C:\Users\ADMINI~1\AppData\Local\Temp\_MEI64882\api-ms-win-crt-stdio-l1-1-0.dll
CreationUtcTime: 2022-10-22 18:30:44.462
User: ADMIN\AdministratorDB",-,-,-,-,-,-,-,-,-,{612eed94-36d3-6354-2401-000000001f00},C:\Users\AdministratorDB\AppData\Local\Temp\RarSFX0\main.exe,C:\Users\AdministratorDB\AppData\Local\Temp\RarSFX0\main.exe,-,-,main.exe,main.exe,-,-,-,-,-,-,-,-,-,-,-,-,-,-,-,-,6488,-,-,-,-,-,AdministratorDB,DLL,-,-,-,-,ADMIN,S-1-5-18,AdministratorDB,AdministratorDB,wineventlog,Microsoft-Windows-Sysmon/Operational,admin,-,30:44.5,-,-,-,-,-,-,-,-,11,Info,"2,260","2,772",{5770385f-c22a-43e0-bf4c-06f5698ffbd9},Microsoft-Windows-Sysmon,6007,File created (rule: FileCreate),NT AUTHORITY,S-1-5-18,SYSTEM,User,2
"Oct 23, 2022 @ 02:30:44.462",fkX2AIQBHC0TB3lJJKcZ,.ds-winlogbeat-8.2.3-2022.10.22-000001,-,328b516e-a0ac-4310-8b30-40bfab86de53,admin,6f94e196-447e-4d41-8eea-e6c40bba83e4,admin,winlogbeat,8.2.3,-,-,-,-,-,-,-,-,-,1.12.0,File created (rule: FileCreate),file,11,"Oct 23, 2022 @ 02:30:44.754","Oct 23, 2022 @ 02:30:41.944",event,sysmon,Microsoft-Windows-Sysmon,creation,C:\Users\ADMINI~1\AppData\Local\Temp\_MEI64882,dll,api-ms-win-crt-string-l1-1-0.dll,C:\Users\ADMINI~1\AppData\Local\Temp\_MEI64882\api-ms-win-crt-string-l1-1-0.dll,C:\Users\ADMINI~1\AppData\Local\Temp\_MEI64882\api-ms-win-crt-string-l1-1-0.dll,x86_64,admin,612eed94-10de-48e9-b9de-7108e40bddcc,"fe80::d592:a7d7:c0fb:10f9, 10.0.2.16, fe80::298d:fd6:72cd:b0a3, 172.19.96.11","08:00:27:7c:f3:ae, 08:00:27:4c:ba:b7",admin,19044.1889,windows,10.0.19041.1889 (WinBuild.160101.0800),Windows 10 Enterprise Evaluation,Windows 10 Enterprise Evaluation,windows,windows,10,information,"File created:
RuleName: DLL
UtcTime: 2022-10-22 18:30:44.462
ProcessGuid: {612eed94-36d3-6354-2401-000000001f00}
ProcessId: 6488
Image: C:\Users\AdministratorDB\AppData\Local\Temp\RarSFX0\main.exe
TargetFilename: C:\Users\ADMINI~1\AppData\Local\Temp\_MEI64882\api-ms-win-crt-string-l1-1-0.dll
CreationUtcTime: 2022-10-22 18:30:44.462
User: ADMIN\AdministratorDB",-,-,-,-,-,-,-,-,-,{612eed94-36d3-6354-2401-000000001f00},C:\Users\AdministratorDB\AppData\Local\Temp\RarSFX0\main.exe,C:\Users\AdministratorDB\AppData\Local\Temp\RarSFX0\main.exe,-,-,main.exe,main.exe,-,-,-,-,-,-,-,-,-,-,-,-,-,-,-,-,6488,-,-,-,-,-,AdministratorDB,DLL,-,-,-,-,ADMIN,S-1-5-18,AdministratorDB,AdministratorDB,wineventlog,Microsoft-Windows-Sysmon/Operational,admin,-,30:44.5,-,-,-,-,-,-,-,-,11,Info,"2,260","2,772",{5770385f-c22a-43e0-bf4c-06f5698ffbd9},Microsoft-Windows-Sysmon,6008,File created (rule: FileCreate),NT AUTHORITY,S-1-5-18,SYSTEM,User,2
"Oct 23, 2022 @ 02:30:44.462",f0X2AIQBHC0TB3lJJKcZ,.ds-winlogbeat-8.2.3-2022.10.22-000001,-,328b516e-a0ac-4310-8b30-40bfab86de53,admin,6f94e196-447e-4d41-8eea-e6c40bba83e4,admin,winlogbeat,8.2.3,-,-,-,-,-,-,-,-,-,1.12.0,File created (rule: FileCreate),file,11,"Oct 23, 2022 @ 02:30:44.754","Oct 23, 2022 @ 02:30:41.944",event,sysmon,Microsoft-Windows-Sysmon,creation,C:\Users\ADMINI~1\AppData\Local\Temp\_MEI64882,dll,api-ms-win-crt-time-l1-1-0.dll,C:\Users\ADMINI~1\AppData\Local\Temp\_MEI64882\api-ms-win-crt-time-l1-1-0.dll,C:\Users\ADMINI~1\AppData\Local\Temp\_MEI64882\api-ms-win-crt-time-l1-1-0.dll,x86_64,admin,612eed94-10de-48e9-b9de-7108e40bddcc,"fe80::d592:a7d7:c0fb:10f9, 10.0.2.16, fe80::298d:fd6:72cd:b0a3, 172.19.96.11","08:00:27:7c:f3:ae, 08:00:27:4c:ba:b7",admin,19044.1889,windows,10.0.19041.1889 (WinBuild.160101.0800),Windows 10 Enterprise Evaluation,Windows 10 Enterprise Evaluation,windows,windows,10,information,"File created:
RuleName: DLL
UtcTime: 2022-10-22 18:30:44.462
ProcessGuid: {612eed94-36d3-6354-2401-000000001f00}
ProcessId: 6488
Image: C:\Users\AdministratorDB\AppData\Local\Temp\RarSFX0\main.exe
TargetFilename: C:\Users\ADMINI~1\AppData\Local\Temp\_MEI64882\api-ms-win-crt-time-l1-1-0.dll
CreationUtcTime: 2022-10-22 18:30:44.462
User: ADMIN\AdministratorDB",-,-,-,-,-,-,-,-,-,{612eed94-36d3-6354-2401-000000001f00},C:\Users\AdministratorDB\AppData\Local\Temp\RarSFX0\main.exe,C:\Users\AdministratorDB\AppData\Local\Temp\RarSFX0\main.exe,-,-,main.exe,main.exe,-,-,-,-,-,-,-,-,-,-,-,-,-,-,-,-,6488,-,-,-,-,-,AdministratorDB,DLL,-,-,-,-,ADMIN,S-1-5-18,AdministratorDB,AdministratorDB,wineventlog,Microsoft-Windows-Sysmon/Operational,admin,-,30:44.5,-,-,-,-,-,-,-,-,11,Info,"2,260","2,772",{5770385f-c22a-43e0-bf4c-06f5698ffbd9},Microsoft-Windows-Sysmon,6009,File created (rule: FileCreate),NT AUTHORITY,S-1-5-18,SYSTEM,User,2
"Oct 23, 2022 @ 02:30:44.462",gEX2AIQBHC0TB3lJJKcZ,.ds-winlogbeat-8.2.3-2022.10.22-000001,-,328b516e-a0ac-4310-8b30-40bfab86de53,admin,6f94e196-447e-4d41-8eea-e6c40bba83e4,admin,winlogbeat,8.2.3,-,-,-,-,-,-,-,-,-,1.12.0,File created (rule: FileCreate),file,11,"Oct 23, 2022 @ 02:30:44.754","Oct 23, 2022 @ 02:30:41.944",event,sysmon,Microsoft-Windows-Sysmon,creation,C:\Users\ADMINI~1\AppData\Local\Temp\_MEI64882,dll,api-ms-win-crt-utility-l1-1-0.dll,C:\Users\ADMINI~1\AppData\Local\Temp\_MEI64882\api-ms-win-crt-utility-l1-1-0.dll,C:\Users\ADMINI~1\AppData\Local\Temp\_MEI64882\api-ms-win-crt-utility-l1-1-0.dll,x86_64,admin,612eed94-10de-48e9-b9de-7108e40bddcc,"fe80::d592:a7d7:c0fb:10f9, 10.0.2.16, fe80::298d:fd6:72cd:b0a3, 172.19.96.11","08:00:27:7c:f3:ae, 08:00:27:4c:ba:b7",admin,19044.1889,windows,10.0.19041.1889 (WinBuild.160101.0800),Windows 10 Enterprise Evaluation,Windows 10 Enterprise Evaluation,windows,windows,10,information,"File created:
RuleName: DLL
UtcTime: 2022-10-22 18:30:44.462
ProcessGuid: {612eed94-36d3-6354-2401-000000001f00}
ProcessId: 6488
Image: C:\Users\AdministratorDB\AppData\Local\Temp\RarSFX0\main.exe
TargetFilename: C:\Users\ADMINI~1\AppData\Local\Temp\_MEI64882\api-ms-win-crt-utility-l1-1-0.dll
CreationUtcTime: 2022-10-22 18:30:44.462
User: ADMIN\AdministratorDB",-,-,-,-,-,-,-,-,-,{612eed94-36d3-6354-2401-000000001f00},C:\Users\AdministratorDB\AppData\Local\Temp\RarSFX0\main.exe,C:\Users\AdministratorDB\AppData\Local\Temp\RarSFX0\main.exe,-,-,main.exe,main.exe,-,-,-,-,-,-,-,-,-,-,-,-,-,-,-,-,6488,-,-,-,-,-,AdministratorDB,DLL,-,-,-,-,ADMIN,S-1-5-18,AdministratorDB,AdministratorDB,wineventlog,Microsoft-Windows-Sysmon/Operational,admin,-,30:44.5,-,-,-,-,-,-,-,-,11,Info,"2,260","2,772",{5770385f-c22a-43e0-bf4c-06f5698ffbd9},Microsoft-Windows-Sysmon,6010,File created (rule: FileCreate),NT AUTHORITY,S-1-5-18,SYSTEM,User,2
"Oct 23, 2022 @ 02:30:44.597",gkX2AIQBHC0TB3lJKKca,.ds-winlogbeat-8.2.3-2022.10.22-000001,-,328b516e-a0ac-4310-8b30-40bfab86de53,admin,6f94e196-447e-4d41-8eea-e6c40bba83e4,admin,winlogbeat,8.2.3,-,-,-,-,-,-,-,-,-,1.12.0,File created (rule: FileCreate),file,11,"Oct 23, 2022 @ 02:30:46.143","Oct 23, 2022 @ 02:30:42.967",event,sysmon,Microsoft-Windows-Sysmon,creation,C:\Users\ADMINI~1\AppData\Local\Temp\_MEI64882,dll,libcrypto-1_1.dll,C:\Users\ADMINI~1\AppData\Local\Temp\_MEI64882\libcrypto-1_1.dll,C:\Users\ADMINI~1\AppData\Local\Temp\_MEI64882\libcrypto-1_1.dll,x86_64,admin,612eed94-10de-48e9-b9de-7108e40bddcc,"fe80::d592:a7d7:c0fb:10f9, 10.0.2.16, fe80::298d:fd6:72cd:b0a3, 172.19.96.11","08:00:27:7c:f3:ae, 08:00:27:4c:ba:b7",admin,19044.1889,windows,10.0.19041.1889 (WinBuild.160101.0800),Windows 10 Enterprise Evaluation,Windows 10 Enterprise Evaluation,windows,windows,10,information,"File created:
RuleName: DLL
UtcTime: 2022-10-22 18:30:44.597
ProcessGuid: {612eed94-36d3-6354-2401-000000001f00}
ProcessId: 6488
Image: C:\Users\AdministratorDB\AppData\Local\Temp\RarSFX0\main.exe
TargetFilename: C:\Users\ADMINI~1\AppData\Local\Temp\_MEI64882\libcrypto-1_1.dll
CreationUtcTime: 2022-10-22 18:30:44.597
User: ADMIN\AdministratorDB",-,-,-,-,-,-,-,-,-,{612eed94-36d3-6354-2401-000000001f00},C:\Users\AdministratorDB\AppData\Local\Temp\RarSFX0\main.exe,C:\Users\AdministratorDB\AppData\Local\Temp\RarSFX0\main.exe,-,-,main.exe,main.exe,-,-,-,-,-,-,-,-,-,-,-,-,-,-,-,-,6488,-,-,-,-,-,AdministratorDB,DLL,-,-,-,-,ADMIN,S-1-5-18,AdministratorDB,AdministratorDB,wineventlog,Microsoft-Windows-Sysmon/Operational,admin,-,30:44.6,-,-,-,-,-,-,-,-,11,Info,"2,260","2,772",{5770385f-c22a-43e0-bf4c-06f5698ffbd9},Microsoft-Windows-Sysmon,6011,File created (rule: FileCreate),NT AUTHORITY,S-1-5-18,SYSTEM,User,2
