@timestamp,_id,_index,_score,agent.ephemeral_id,agent.hostname,agent.id,agent.name,agent.type,agent.version,destination.domain,destination.ip,destination.port,dns.answers.data,dns.answers.type,dns.question.name,dns.question.registered_domain,dns.question.top_level_domain,dns.resolved_ip,ecs.version,event.action,event.category,event.code,event.created,event.ingested,event.kind,event.module,event.provider,event.type,file.directory,file.extension,file.name,file.path,file.path.text,host.architecture,host.hostname,host.id,host.ip,host.mac,host.name,host.os.build,host.os.family,host.os.kernel,host.os.name,host.os.name.text,host.os.platform,host.os.type,host.os.version,log.level,message,network.community_id,network.direction,network.protocol,network.transport,network.type,process.args,process.args_count,process.command_line,process.command_line.text,process.entity_id,process.executable,process.executable.text,process.hash.md5,process.hash.sha256,process.name,process.name.text,process.parent.args,process.parent.args_count,process.parent.command_line,process.parent.command_line.text,process.parent.entity_id,process.parent.executable,process.parent.executable.text,process.parent.name,process.parent.name.text,process.parent.pid,process.pe.company,process.pe.description,process.pe.file_version,process.pe.imphash,process.pe.original_file_name,process.pe.product,process.pid,process.working_directory,process.working_directory.text,related.hash,related.hosts,related.ip,related.user,rule.name,source.domain,source.ip,source.port,sysmon.dns.status,user.domain,user.id,user.name,user.name.text,winlog.api,winlog.channel,winlog.computer_name,winlog.event_data.Company,winlog.event_data.CreationUtcTime,winlog.event_data.Description,winlog.event_data.FileVersion,winlog.event_data.IntegrityLevel,winlog.event_data.LogonGuid,winlog.event_data.LogonId,winlog.event_data.ParentUser,winlog.event_data.Product,winlog.event_data.TerminalSessionId,winlog.event_id,winlog.opcode,winlog.process.pid,winlog.process.thread.id,winlog.provider_guid,winlog.provider_name,winlog.record_id,winlog.task,winlog.user.domain,winlog.user.identifier,winlog.user.name,winlog.user.type,winlog.version
"Oct 23, 2022 @ 02:30:34.149",SkX2AIQBHC0TB3lJDKcY,.ds-winlogbeat-8.2.3-2022.10.22-000001,-,328b516e-a0ac-4310-8b30-40bfab86de53,admin,6f94e196-447e-4d41-8eea-e6c40bba83e4,admin,winlogbeat,8.2.3,-,-,-,-,-,-,-,-,-,1.12.0,File created (rule: FileCreate),file,11,"Oct 23, 2022 @ 02:30:36.118","Oct 23, 2022 @ 02:30:35.797",event,sysmon,Microsoft-Windows-Sysmon,creation,C:\Users\AdministratorDB\AppData\Local\Temp,ps1,__PSScriptPolicyTest_ggbl3q00.411.ps1,C:\Users\AdministratorDB\AppData\Local\Temp\__PSScriptPolicyTest_ggbl3q00.411.ps1,C:\Users\AdministratorDB\AppData\Local\Temp\__PSScriptPolicyTest_ggbl3q00.411.ps1,x86_64,admin,612eed94-10de-48e9-b9de-7108e40bddcc,"fe80::d592:a7d7:c0fb:10f9, 10.0.2.16, fe80::298d:fd6:72cd:b0a3, 172.19.96.11","08:00:27:7c:f3:ae, 08:00:27:4c:ba:b7",admin,19044.1889,windows,10.0.19041.1889 (WinBuild.160101.0800),Windows 10 Enterprise Evaluation,Windows 10 Enterprise Evaluation,windows,windows,10,information,"File created:
RuleName: -
UtcTime: 2022-10-22 18:30:34.149
ProcessGuid: {612eed94-36c9-6354-1e01-000000001f00}
ProcessId: 780
Image: C:\Windows\SysWOW64\WindowsPowerShell\v1.0\powershell.exe
TargetFilename: C:\Users\AdministratorDB\AppData\Local\Temp\__PSScriptPolicyTest_ggbl3q00.411.ps1
CreationUtcTime: 2022-10-22 18:30:34.149
User: ADMIN\AdministratorDB",-,-,-,-,-,-,-,-,-,{612eed94-36c9-6354-1e01-000000001f00},C:\Windows\SysWOW64\WindowsPowerShell\v1.0\powershell.exe,C:\Windows\SysWOW64\WindowsPowerShell\v1.0\powershell.exe,-,-,powershell.exe,powershell.exe,-,-,-,-,-,-,-,-,-,-,-,-,-,-,-,-,780,-,-,-,-,-,AdministratorDB,-,-,-,-,-,ADMIN,S-1-5-18,AdministratorDB,AdministratorDB,wineventlog,Microsoft-Windows-Sysmon/Operational,admin,-,30:34.1,-,-,-,-,-,-,-,-,11,Info,"2,260","2,772",{5770385f-c22a-43e0-bf4c-06f5698ffbd9},Microsoft-Windows-Sysmon,5963,File created (rule: FileCreate),NT AUTHORITY,S-1-5-18,SYSTEM,User,2
"Oct 23, 2022 @ 02:30:39.494",VEX2AIQBHC0TB3lJF6f1,.ds-winlogbeat-8.2.3-2022.10.22-000001,-,328b516e-a0ac-4310-8b30-40bfab86de53,admin,6f94e196-447e-4d41-8eea-e6c40bba83e4,admin,winlogbeat,8.2.3,-,-,-,-,-,-,-,-,-,1.12.0,File created (rule: FileCreate),file,11,"Oct 23, 2022 @ 02:30:40.586","Oct 23, 2022 @ 02:30:38.836",event,sysmon,Microsoft-Windows-Sysmon,creation,C:\Users\AdministratorDB\AppData\Local\Temp,ps1,__PSScriptPolicyTest_oi00ej0i.1go.ps1,C:\Users\AdministratorDB\AppData\Local\Temp\__PSScriptPolicyTest_oi00ej0i.1go.ps1,C:\Users\AdministratorDB\AppData\Local\Temp\__PSScriptPolicyTest_oi00ej0i.1go.ps1,x86_64,admin,612eed94-10de-48e9-b9de-7108e40bddcc,"fe80::d592:a7d7:c0fb:10f9, 10.0.2.16, fe80::298d:fd6:72cd:b0a3, 172.19.96.11","08:00:27:7c:f3:ae, 08:00:27:4c:ba:b7",admin,19044.1889,windows,10.0.19041.1889 (WinBuild.160101.0800),Windows 10 Enterprise Evaluation,Windows 10 Enterprise Evaluation,windows,windows,10,information,"File created:
RuleName: -
UtcTime: 2022-10-22 18:30:39.494
ProcessGuid: {612eed94-36c9-6354-1e01-000000001f00}
ProcessId: 780
Image: C:\Windows\SysWOW64\WindowsPowerShell\v1.0\powershell.exe
TargetFilename: C:\Users\AdministratorDB\AppData\Local\Temp\__PSScriptPolicyTest_oi00ej0i.1go.ps1
CreationUtcTime: 2022-10-22 18:30:39.494
User: ADMIN\AdministratorDB",-,-,-,-,-,-,-,-,-,{612eed94-36c9-6354-1e01-000000001f00},C:\Windows\SysWOW64\WindowsPowerShell\v1.0\powershell.exe,C:\Windows\SysWOW64\WindowsPowerShell\v1.0\powershell.exe,-,-,powershell.exe,powershell.exe,-,-,-,-,-,-,-,-,-,-,-,-,-,-,-,-,780,-,-,-,-,-,AdministratorDB,-,-,-,-,-,ADMIN,S-1-5-18,AdministratorDB,AdministratorDB,wineventlog,Microsoft-Windows-Sysmon/Operational,admin,-,30:39.5,-,-,-,-,-,-,-,-,11,Info,"2,260","2,772",{5770385f-c22a-43e0-bf4c-06f5698ffbd9},Microsoft-Windows-Sysmon,5966,File created (rule: FileCreate),NT AUTHORITY,S-1-5-18,SYSTEM,User,2
"Oct 23, 2022 @ 02:30:40.294",VUX2AIQBHC0TB3lJG6f6,.ds-winlogbeat-8.2.3-2022.10.22-000001,-,328b516e-a0ac-4310-8b30-40bfab86de53,admin,6f94e196-447e-4d41-8eea-e6c40bba83e4,admin,winlogbeat,8.2.3,-,-,-,-,-,-,-,-,-,1.12.0,File created (rule: FileCreate),file,11,"Oct 23, 2022 @ 02:30:41.951","Oct 23, 2022 @ 02:30:39.865",event,sysmon,Microsoft-Windows-Sysmon,creation,C:\Users\AdministratorDB\AppData\Local\Temp,ps1,__PSScriptPolicyTest_f4uylgug.2by.ps1,C:\Users\AdministratorDB\AppData\Local\Temp\__PSScriptPolicyTest_f4uylgug.2by.ps1,C:\Users\AdministratorDB\AppData\Local\Temp\__PSScriptPolicyTest_f4uylgug.2by.ps1,x86_64,admin,612eed94-10de-48e9-b9de-7108e40bddcc,"fe80::d592:a7d7:c0fb:10f9, 10.0.2.16, fe80::298d:fd6:72cd:b0a3, 172.19.96.11","08:00:27:7c:f3:ae, 08:00:27:4c:ba:b7",admin,19044.1889,windows,10.0.19041.1889 (WinBuild.160101.0800),Windows 10 Enterprise Evaluation,Windows 10 Enterprise Evaluation,windows,windows,10,information,"File created:
RuleName: -
UtcTime: 2022-10-22 18:30:40.294
ProcessGuid: {612eed94-36c9-6354-1e01-000000001f00}
ProcessId: 780
Image: C:\Windows\SysWOW64\WindowsPowerShell\v1.0\powershell.exe
TargetFilename: C:\Users\AdministratorDB\AppData\Local\Temp\__PSScriptPolicyTest_f4uylgug.2by.ps1
CreationUtcTime: 2022-10-22 18:30:40.294
User: ADMIN\AdministratorDB",-,-,-,-,-,-,-,-,-,{612eed94-36c9-6354-1e01-000000001f00},C:\Windows\SysWOW64\WindowsPowerShell\v1.0\powershell.exe,C:\Windows\SysWOW64\WindowsPowerShell\v1.0\powershell.exe,-,-,powershell.exe,powershell.exe,-,-,-,-,-,-,-,-,-,-,-,-,-,-,-,-,780,-,-,-,-,-,AdministratorDB,-,-,-,-,-,ADMIN,S-1-5-18,AdministratorDB,AdministratorDB,wineventlog,Microsoft-Windows-Sysmon/Operational,admin,-,30:40.3,-,-,-,-,-,-,-,-,11,Info,"2,260","2,772",{5770385f-c22a-43e0-bf4c-06f5698ffbd9},Microsoft-Windows-Sysmon,5967,File created (rule: FileCreate),NT AUTHORITY,S-1-5-18,SYSTEM,User,2
"Oct 23, 2022 @ 02:30:43.179",VkX2AIQBHC0TB3lJJKcZ,.ds-winlogbeat-8.2.3-2022.10.22-000001,-,328b516e-a0ac-4310-8b30-40bfab86de53,admin,6f94e196-447e-4d41-8eea-e6c40bba83e4,admin,winlogbeat,8.2.3,-,-,-,-,-,-,-,-,-,1.12.0,Process Create (rule: ProcessCreate),process,1,"Oct 23, 2022 @ 02:30:44.754","Oct 23, 2022 @ 02:30:41.932",event,sysmon,Microsoft-Windows-Sysmon,start,-,-,-,-,-,x86_64,admin,612eed94-10de-48e9-b9de-7108e40bddcc,"fe80::d592:a7d7:c0fb:10f9, 10.0.2.16, fe80::298d:fd6:72cd:b0a3, 172.19.96.11","08:00:27:7c:f3:ae, 08:00:27:4c:ba:b7",admin,19044.1889,windows,10.0.19041.1889 (WinBuild.160101.0800),Windows 10 Enterprise Evaluation,Windows 10 Enterprise Evaluation,windows,windows,10,information,"Process Create:
RuleName: -
UtcTime: 2022-10-22 18:30:43.179
ProcessGuid: {612eed94-36d3-6354-1f01-000000001f00}
ProcessId: 6652
Image: C:\ProgramData\Microsoft\Windows Defender\Platform\4.18.2209.7-0\MpCmdRun.exe
FileVersion: 4.18.2209.7 (WinBuild.160101.0800)
Description: Microsoft Malware Protection Command Line Utility
Product: Microsoft® Windows® Operating System
Company: Microsoft Corporation
OriginalFileName: MpCmdRun.exe
CommandLine: ""C:\ProgramData\Microsoft\Windows Defender\Platform\4.18.2209.7-0\MpCmdRun.exe"" SignatureUpdate -ScheduleJob -RestrictPrivileges
CurrentDirectory: C:\Windows\system32\
User: NT AUTHORITY\SYSTEM
LogonGuid: {612eed94-3465-6354-e703-000000000000}
LogonId: 0x3E7
TerminalSessionId: 0
IntegrityLevel: System
Hashes: MD5=0D800706BF6B70A0F892261262349A0F,SHA256=E8A515CAF02F0A75622FD1CC0D34D6CBC045E073BCC3CC2F08C38E86C1FE9A4F,IMPHASH=C0AB138D21991F47C1952DF4C9D5601D
ParentProcessGuid: {00000000-0000-0000-0000-000000000000}
ParentProcessId: 2292
ParentImage: -
ParentCommandLine: -
ParentUser: -",-,-,-,-,-,"C:\ProgramData\Microsoft\Windows Defender\Platform\4.18.2209.7-0\MpCmdRun.exe, SignatureUpdate, -ScheduleJob, -RestrictPrivileges",4,"""C:\ProgramData\Microsoft\Windows Defender\Platform\4.18.2209.7-0\MpCmdRun.exe"" SignatureUpdate -ScheduleJob -RestrictPrivileges","""C:\ProgramData\Microsoft\Windows Defender\Platform\4.18.2209.7-0\MpCmdRun.exe"" SignatureUpdate -ScheduleJob -RestrictPrivileges",{612eed94-36d3-6354-1f01-000000001f00},C:\ProgramData\Microsoft\Windows Defender\Platform\4.18.2209.7-0\MpCmdRun.exe,C:\ProgramData\Microsoft\Windows Defender\Platform\4.18.2209.7-0\MpCmdRun.exe,0d800706bf6b70a0f892261262349a0f,e8a515caf02f0a75622fd1cc0d34d6cbc045e073bcc3cc2f08c38e86c1fe9a4f,MpCmdRun.exe,MpCmdRun.exe,-,1,-,-,{00000000-0000-0000-0000-000000000000},-,-,-,-,2292,Microsoft Corporation,Microsoft Malware Protection Command Line Utility,4.18.2209.7 (WinBuild.160101.0800),c0ab138d21991f47c1952df4c9d5601d,MpCmdRun.exe,Microsoft® Windows® Operating System,6652,C:\Windows\system32\,C:\Windows\system32\,"e8a515caf02f0a75622fd1cc0d34d6cbc045e073bcc3cc2f08c38e86c1fe9a4f, 0d800706bf6b70a0f892261262349a0f, c0ab138d21991f47c1952df4c9d5601d",-,-,SYSTEM,-,-,-,-,-,NT AUTHORITY,S-1-5-18,SYSTEM,SYSTEM,wineventlog,Microsoft-Windows-Sysmon/Operational,admin,Microsoft Corporation,-,Microsoft Malware Protection Command Line Utility,4.18.2209.7 (WinBuild.160101.0800),System,{612eed94-3465-6354-e703-000000000000},0x3e7,-,Microsoft® Windows® Operating System,0,1,Info,"2,260","2,772",{5770385f-c22a-43e0-bf4c-06f5698ffbd9},Microsoft-Windows-Sysmon,5968,Process Create (rule: ProcessCreate),NT AUTHORITY,S-1-5-18,SYSTEM,User,5
"Oct 23, 2022 @ 02:30:43.361",V0X2AIQBHC0TB3lJJKcZ,.ds-winlogbeat-8.2.3-2022.10.22-000001,-,328b516e-a0ac-4310-8b30-40bfab86de53,admin,6f94e196-447e-4d41-8eea-e6c40bba83e4,admin,winlogbeat,8.2.3,-,-,-,-,-,-,-,-,-,1.12.0,Process Create (rule: ProcessCreate),process,1,"Oct 23, 2022 @ 02:30:44.754","Oct 23, 2022 @ 02:30:41.932",event,sysmon,Microsoft-Windows-Sysmon,start,-,-,-,-,-,x86_64,admin,612eed94-10de-48e9-b9de-7108e40bddcc,"fe80::d592:a7d7:c0fb:10f9, 10.0.2.16, fe80::298d:fd6:72cd:b0a3, 172.19.96.11","08:00:27:7c:f3:ae, 08:00:27:4c:ba:b7",admin,19044.1889,windows,10.0.19041.1889 (WinBuild.160101.0800),Windows 10 Enterprise Evaluation,Windows 10 Enterprise Evaluation,windows,windows,10,information,"Process Create:
RuleName: -
UtcTime: 2022-10-22 18:30:43.361
ProcessGuid: {612eed94-36d3-6354-2101-000000001f00}
ProcessId: 6984
Image: C:\ProgramData\Microsoft\Windows Defender\Platform\4.18.2209.7-0\MpCmdRun.exe
FileVersion: 4.18.2209.7 (WinBuild.160101.0800)
Description: Microsoft Malware Protection Command Line Utility
Product: Microsoft® Windows® Operating System
Company: Microsoft Corporation
OriginalFileName: MpCmdRun.exe
CommandLine: ""C:\ProgramData\Microsoft\Windows Defender\Platform\4.18.2209.7-0\MpCmdRun.exe"" SignatureUpdate -ScheduleJob -RestrictPrivileges -Reinvoke
CurrentDirectory: C:\Windows\system32\
User: NT AUTHORITY\NETWORK SERVICE
LogonGuid: {612eed94-3466-6354-e403-000000000000}
LogonId: 0x3E4
TerminalSessionId: 0
IntegrityLevel: System
Hashes: MD5=0D800706BF6B70A0F892261262349A0F,SHA256=E8A515CAF02F0A75622FD1CC0D34D6CBC045E073BCC3CC2F08C38E86C1FE9A4F,IMPHASH=C0AB138D21991F47C1952DF4C9D5601D
ParentProcessGuid: {612eed94-36d3-6354-1f01-000000001f00}
ParentProcessId: 6652
ParentImage: C:\ProgramData\Microsoft\Windows Defender\Platform\4.18.2209.7-0\MpCmdRun.exe
ParentCommandLine: ""C:\ProgramData\Microsoft\Windows Defender\Platform\4.18.2209.7-0\MpCmdRun.exe"" SignatureUpdate -ScheduleJob -RestrictPrivileges
ParentUser: NT AUTHORITY\SYSTEM",-,-,-,-,-,"C:\ProgramData\Microsoft\Windows Defender\Platform\4.18.2209.7-0\MpCmdRun.exe, SignatureUpdate, -ScheduleJob, -RestrictPrivileges, -Reinvoke",5,"""C:\ProgramData\Microsoft\Windows Defender\Platform\4.18.2209.7-0\MpCmdRun.exe"" SignatureUpdate -ScheduleJob -RestrictPrivileges -Reinvoke","""C:\ProgramData\Microsoft\Windows Defender\Platform\4.18.2209.7-0\MpCmdRun.exe"" SignatureUpdate -ScheduleJob -RestrictPrivileges -Reinvoke",{612eed94-36d3-6354-2101-000000001f00},C:\ProgramData\Microsoft\Windows Defender\Platform\4.18.2209.7-0\MpCmdRun.exe,C:\ProgramData\Microsoft\Windows Defender\Platform\4.18.2209.7-0\MpCmdRun.exe,0d800706bf6b70a0f892261262349a0f,e8a515caf02f0a75622fd1cc0d34d6cbc045e073bcc3cc2f08c38e86c1fe9a4f,MpCmdRun.exe,MpCmdRun.exe,"C:\ProgramData\Microsoft\Windows Defender\Platform\4.18.2209.7-0\MpCmdRun.exe, SignatureUpdate, -ScheduleJob, -RestrictPrivileges",4,"""C:\ProgramData\Microsoft\Windows Defender\Platform\4.18.2209.7-0\MpCmdRun.exe"" SignatureUpdate -ScheduleJob -RestrictPrivileges","""C:\ProgramData\Microsoft\Windows Defender\Platform\4.18.2209.7-0\MpCmdRun.exe"" SignatureUpdate -ScheduleJob -RestrictPrivileges",{612eed94-36d3-6354-1f01-000000001f00},C:\ProgramData\Microsoft\Windows Defender\Platform\4.18.2209.7-0\MpCmdRun.exe,C:\ProgramData\Microsoft\Windows Defender\Platform\4.18.2209.7-0\MpCmdRun.exe,MpCmdRun.exe,MpCmdRun.exe,6652,Microsoft Corporation,Microsoft Malware Protection Command Line Utility,4.18.2209.7 (WinBuild.160101.0800),c0ab138d21991f47c1952df4c9d5601d,MpCmdRun.exe,Microsoft® Windows® Operating System,6984,C:\Windows\system32\,C:\Windows\system32\,"e8a515caf02f0a75622fd1cc0d34d6cbc045e073bcc3cc2f08c38e86c1fe9a4f, 0d800706bf6b70a0f892261262349a0f, c0ab138d21991f47c1952df4c9d5601d",-,-,NETWORK SERVICE,-,-,-,-,-,NT AUTHORITY,S-1-5-18,NETWORK SERVICE,NETWORK SERVICE,wineventlog,Microsoft-Windows-Sysmon/Operational,admin,Microsoft Corporation,-,Microsoft Malware Protection Command Line Utility,4.18.2209.7 (WinBuild.160101.0800),System,{612eed94-3466-6354-e403-000000000000},0x3e4,NT AUTHORITY\SYSTEM,Microsoft® Windows® Operating System,0,1,Info,"2,260","2,772",{5770385f-c22a-43e0-bf4c-06f5698ffbd9},Microsoft-Windows-Sysmon,5969,Process Create (rule: ProcessCreate),NT AUTHORITY,S-1-5-18,SYSTEM,User,5
"Oct 23, 2022 @ 02:30:43.471",WEX2AIQBHC0TB3lJJKcZ,.ds-winlogbeat-8.2.3-2022.10.22-000001,-,328b516e-a0ac-4310-8b30-40bfab86de53,admin,6f94e196-447e-4d41-8eea-e6c40bba83e4,admin,winlogbeat,8.2.3,-,-,-,-,-,-,-,-,-,1.12.0,Process Create (rule: ProcessCreate),process,1,"Oct 23, 2022 @ 02:30:44.754","Oct 23, 2022 @ 02:30:41.933",event,sysmon,Microsoft-Windows-Sysmon,start,-,-,-,-,-,x86_64,admin,612eed94-10de-48e9-b9de-7108e40bddcc,"fe80::d592:a7d7:c0fb:10f9, 10.0.2.16, fe80::298d:fd6:72cd:b0a3, 172.19.96.11","08:00:27:7c:f3:ae, 08:00:27:4c:ba:b7",admin,19044.1889,windows,10.0.19041.1889 (WinBuild.160101.0800),Windows 10 Enterprise Evaluation,Windows 10 Enterprise Evaluation,windows,windows,10,information,"Process Create:
RuleName: -
UtcTime: 2022-10-22 18:30:43.471
ProcessGuid: {612eed94-36d3-6354-2201-000000001f00}
ProcessId: 7016
Image: C:\ProgramData\Microsoft\Windows Defender\Platform\4.18.2209.7-0\MpCmdRun.exe
FileVersion: 4.18.2209.7 (WinBuild.160101.0800)
Description: Microsoft Malware Protection Command Line Utility
Product: Microsoft® Windows® Operating System
Company: Microsoft Corporation
OriginalFileName: MpCmdRun.exe
CommandLine: ""C:\ProgramData\Microsoft\Windows Defender\Platform\4.18.2209.7-0\MpCmdRun.exe"" SignaturesUpdateService -ScheduleJob -UnmanagedUpdate
CurrentDirectory: C:\Windows\system32\
User: NT AUTHORITY\SYSTEM
LogonGuid: {612eed94-3465-6354-e703-000000000000}
LogonId: 0x3E7
TerminalSessionId: 0
IntegrityLevel: System
Hashes: MD5=0D800706BF6B70A0F892261262349A0F,SHA256=E8A515CAF02F0A75622FD1CC0D34D6CBC045E073BCC3CC2F08C38E86C1FE9A4F,IMPHASH=C0AB138D21991F47C1952DF4C9D5601D
ParentProcessGuid: {00000000-0000-0000-0000-000000000000}
ParentProcessId: 2292
ParentImage: -
ParentCommandLine: -
ParentUser: -",-,-,-,-,-,"C:\ProgramData\Microsoft\Windows Defender\Platform\4.18.2209.7-0\MpCmdRun.exe, SignaturesUpdateService, -ScheduleJob, -UnmanagedUpdate",4,"""C:\ProgramData\Microsoft\Windows Defender\Platform\4.18.2209.7-0\MpCmdRun.exe"" SignaturesUpdateService -ScheduleJob -UnmanagedUpdate","""C:\ProgramData\Microsoft\Windows Defender\Platform\4.18.2209.7-0\MpCmdRun.exe"" SignaturesUpdateService -ScheduleJob -UnmanagedUpdate",{612eed94-36d3-6354-2201-000000001f00},C:\ProgramData\Microsoft\Windows Defender\Platform\4.18.2209.7-0\MpCmdRun.exe,C:\ProgramData\Microsoft\Windows Defender\Platform\4.18.2209.7-0\MpCmdRun.exe,0d800706bf6b70a0f892261262349a0f,e8a515caf02f0a75622fd1cc0d34d6cbc045e073bcc3cc2f08c38e86c1fe9a4f,MpCmdRun.exe,MpCmdRun.exe,-,1,-,-,{00000000-0000-0000-0000-000000000000},-,-,-,-,2292,Microsoft Corporation,Microsoft Malware Protection Command Line Utility,4.18.2209.7 (WinBuild.160101.0800),c0ab138d21991f47c1952df4c9d5601d,MpCmdRun.exe,Microsoft® Windows® Operating System,7016,C:\Windows\system32\,C:\Windows\system32\,"e8a515caf02f0a75622fd1cc0d34d6cbc045e073bcc3cc2f08c38e86c1fe9a4f, 0d800706bf6b70a0f892261262349a0f, c0ab138d21991f47c1952df4c9d5601d",-,-,SYSTEM,-,-,-,-,-,NT AUTHORITY,S-1-5-18,SYSTEM,SYSTEM,wineventlog,Microsoft-Windows-Sysmon/Operational,admin,Microsoft Corporation,-,Microsoft Malware Protection Command Line Utility,4.18.2209.7 (WinBuild.160101.0800),System,{612eed94-3465-6354-e703-000000000000},0x3e7,-,Microsoft® Windows® Operating System,0,1,Info,"2,260","2,772",{5770385f-c22a-43e0-bf4c-06f5698ffbd9},Microsoft-Windows-Sysmon,5970,Process Create (rule: ProcessCreate),NT AUTHORITY,S-1-5-18,SYSTEM,User,5
"Oct 23, 2022 @ 02:30:43.793",WUX2AIQBHC0TB3lJJKcZ,.ds-winlogbeat-8.2.3-2022.10.22-000001,-,328b516e-a0ac-4310-8b30-40bfab86de53,admin,6f94e196-447e-4d41-8eea-e6c40bba83e4,admin,winlogbeat,8.2.3,-,-,-,-,-,-,-,-,-,1.12.0,Process Create (rule: ProcessCreate),process,1,"Oct 23, 2022 @ 02:30:44.754","Oct 23, 2022 @ 02:30:41.933",event,sysmon,Microsoft-Windows-Sysmon,start,-,-,-,-,-,x86_64,admin,612eed94-10de-48e9-b9de-7108e40bddcc,"fe80::d592:a7d7:c0fb:10f9, 10.0.2.16, fe80::298d:fd6:72cd:b0a3, 172.19.96.11","08:00:27:7c:f3:ae, 08:00:27:4c:ba:b7",admin,19044.1889,windows,10.0.19041.1889 (WinBuild.160101.0800),Windows 10 Enterprise Evaluation,Windows 10 Enterprise Evaluation,windows,windows,10,information,"Process Create:
RuleName: -
UtcTime: 2022-10-22 18:30:43.793
ProcessGuid: {612eed94-36d3-6354-2401-000000001f00}
ProcessId: 6488
Image: C:\Users\AdministratorDB\AppData\Local\Temp\RarSFX0\main.exe
FileVersion: -
Description: -
Product: -
Company: -
OriginalFileName: -
CommandLine: ""C:\Users\AdministratorDB\AppData\Local\Temp\RarSFX0\main.exe"" 
CurrentDirectory: C:\Users\AdministratorDB\AppData\Local\Temp\RarSFX0\
User: ADMIN\AdministratorDB
LogonGuid: {612eed94-34a0-6354-1241-040000000000}
LogonId: 0x44112
TerminalSessionId: 1
IntegrityLevel: High
Hashes: MD5=EA3AC38220EFEC9A4E0D5E6FF377E619,SHA256=88A6E22C60DB4B361B3D902EE8D9290D64228140AD508FA0C4D007418AB1B2D9,IMPHASH=69EB46A9F63EDCC604B0BDAAA8E0F2F5
ParentProcessGuid: {612eed94-36c9-6354-1e01-000000001f00}
ParentProcessId: 780
ParentImage: C:\Windows\SysWOW64\WindowsPowerShell\v1.0\powershell.exe
ParentCommandLine: Powershell.exe  Start-Process -WindowStyle hidden main.exe
ParentUser: ADMIN\AdministratorDB",-,-,-,-,-,C:\Users\AdministratorDB\AppData\Local\Temp\RarSFX0\main.exe,1,"""C:\Users\AdministratorDB\AppData\Local\Temp\RarSFX0\main.exe"" ","""C:\Users\AdministratorDB\AppData\Local\Temp\RarSFX0\main.exe"" ",{612eed94-36d3-6354-2401-000000001f00},C:\Users\AdministratorDB\AppData\Local\Temp\RarSFX0\main.exe,C:\Users\AdministratorDB\AppData\Local\Temp\RarSFX0\main.exe,ea3ac38220efec9a4e0d5e6ff377e619,88a6e22c60db4b361b3d902ee8d9290d64228140ad508fa0c4d007418ab1b2d9,main.exe,main.exe,"Powershell.exe, Start-Process, -WindowStyle, hidden, main.exe",5,Powershell.exe  Start-Process -WindowStyle hidden main.exe,Powershell.exe  Start-Process -WindowStyle hidden main.exe,{612eed94-36c9-6354-1e01-000000001f00},C:\Windows\SysWOW64\WindowsPowerShell\v1.0\powershell.exe,C:\Windows\SysWOW64\WindowsPowerShell\v1.0\powershell.exe,powershell.exe,powershell.exe,780,-,-,-,69eb46a9f63edcc604b0bdaaa8e0f2f5,-,-,6488,C:\Users\AdministratorDB\AppData\Local\Temp\RarSFX0\,C:\Users\AdministratorDB\AppData\Local\Temp\RarSFX0\,"88a6e22c60db4b361b3d902ee8d9290d64228140ad508fa0c4d007418ab1b2d9, ea3ac38220efec9a4e0d5e6ff377e619, 69eb46a9f63edcc604b0bdaaa8e0f2f5",-,-,AdministratorDB,-,-,-,-,-,ADMIN,S-1-5-18,AdministratorDB,AdministratorDB,wineventlog,Microsoft-Windows-Sysmon/Operational,admin,-,-,-,-,High,{612eed94-34a0-6354-1241-040000000000},0x44112,ADMIN\AdministratorDB,-,1,1,Info,"2,260","2,772",{5770385f-c22a-43e0-bf4c-06f5698ffbd9},Microsoft-Windows-Sysmon,5971,Process Create (rule: ProcessCreate),NT AUTHORITY,S-1-5-18,SYSTEM,User,5
"Oct 23, 2022 @ 02:30:44.267",WkX2AIQBHC0TB3lJJKcZ,.ds-winlogbeat-8.2.3-2022.10.22-000001,-,328b516e-a0ac-4310-8b30-40bfab86de53,admin,6f94e196-447e-4d41-8eea-e6c40bba83e4,admin,winlogbeat,8.2.3,-,-,-,-,-,-,-,-,-,1.12.0,File created (rule: FileCreate),file,11,"Oct 23, 2022 @ 02:30:44.754","Oct 23, 2022 @ 02:30:41.934",event,sysmon,Microsoft-Windows-Sysmon,creation,C:\Users\ADMINI~1\AppData\Local\Temp\_MEI64882,dll,VCRUNTIME140.dll,C:\Users\ADMINI~1\AppData\Local\Temp\_MEI64882\VCRUNTIME140.dll,C:\Users\ADMINI~1\AppData\Local\Temp\_MEI64882\VCRUNTIME140.dll,x86_64,admin,612eed94-10de-48e9-b9de-7108e40bddcc,"fe80::d592:a7d7:c0fb:10f9, 10.0.2.16, fe80::298d:fd6:72cd:b0a3, 172.19.96.11","08:00:27:7c:f3:ae, 08:00:27:4c:ba:b7",admin,19044.1889,windows,10.0.19041.1889 (WinBuild.160101.0800),Windows 10 Enterprise Evaluation,Windows 10 Enterprise Evaluation,windows,windows,10,information,"File created:
RuleName: DLL
UtcTime: 2022-10-22 18:30:44.267
ProcessGuid: {612eed94-36d3-6354-2401-000000001f00}
ProcessId: 6488
Image: C:\Users\AdministratorDB\AppData\Local\Temp\RarSFX0\main.exe
TargetFilename: C:\Users\ADMINI~1\AppData\Local\Temp\_MEI64882\VCRUNTIME140.dll
CreationUtcTime: 2022-10-22 18:30:44.267
User: ADMIN\AdministratorDB",-,-,-,-,-,-,-,-,-,{612eed94-36d3-6354-2401-000000001f00},C:\Users\AdministratorDB\AppData\Local\Temp\RarSFX0\main.exe,C:\Users\AdministratorDB\AppData\Local\Temp\RarSFX0\main.exe,-,-,main.exe,main.exe,-,-,-,-,-,-,-,-,-,-,-,-,-,-,-,-,6488,-,-,-,-,-,AdministratorDB,DLL,-,-,-,-,ADMIN,S-1-5-18,AdministratorDB,AdministratorDB,wineventlog,Microsoft-Windows-Sysmon/Operational,admin,-,30:44.3,-,-,-,-,-,-,-,-,11,Info,"2,260","2,772",{5770385f-c22a-43e0-bf4c-06f5698ffbd9},Microsoft-Windows-Sysmon,5972,File created (rule: FileCreate),NT AUTHORITY,S-1-5-18,SYSTEM,User,2
"Oct 23, 2022 @ 02:30:44.385",W0X2AIQBHC0TB3lJJKcZ,.ds-winlogbeat-8.2.3-2022.10.22-000001,-,328b516e-a0ac-4310-8b30-40bfab86de53,admin,6f94e196-447e-4d41-8eea-e6c40bba83e4,admin,winlogbeat,8.2.3,-,-,-,-,-,-,-,-,-,1.12.0,File created (rule: FileCreate),file,11,"Oct 23, 2022 @ 02:30:44.754","Oct 23, 2022 @ 02:30:41.934",event,sysmon,Microsoft-Windows-Sysmon,creation,C:\Users\ADMINI~1\AppData\Local\Temp\_MEI64882,dll,api-ms-win-core-console-l1-1-0.dll,C:\Users\ADMINI~1\AppData\Local\Temp\_MEI64882\api-ms-win-core-console-l1-1-0.dll,C:\Users\ADMINI~1\AppData\Local\Temp\_MEI64882\api-ms-win-core-console-l1-1-0.dll,x86_64,admin,612eed94-10de-48e9-b9de-7108e40bddcc,"fe80::d592:a7d7:c0fb:10f9, 10.0.2.16, fe80::298d:fd6:72cd:b0a3, 172.19.96.11","08:00:27:7c:f3:ae, 08:00:27:4c:ba:b7",admin,19044.1889,windows,10.0.19041.1889 (WinBuild.160101.0800),Windows 10 Enterprise Evaluation,Windows 10 Enterprise Evaluation,windows,windows,10,information,"File created:
RuleName: DLL
UtcTime: 2022-10-22 18:30:44.385
ProcessGuid: {612eed94-36d3-6354-2401-000000001f00}
ProcessId: 6488
Image: C:\Users\AdministratorDB\AppData\Local\Temp\RarSFX0\main.exe
TargetFilename: C:\Users\ADMINI~1\AppData\Local\Temp\_MEI64882\api-ms-win-core-console-l1-1-0.dll
CreationUtcTime: 2022-10-22 18:30:44.385
User: ADMIN\AdministratorDB",-,-,-,-,-,-,-,-,-,{612eed94-36d3-6354-2401-000000001f00},C:\Users\AdministratorDB\AppData\Local\Temp\RarSFX0\main.exe,C:\Users\AdministratorDB\AppData\Local\Temp\RarSFX0\main.exe,-,-,main.exe,main.exe,-,-,-,-,-,-,-,-,-,-,-,-,-,-,-,-,6488,-,-,-,-,-,AdministratorDB,DLL,-,-,-,-,ADMIN,S-1-5-18,AdministratorDB,AdministratorDB,wineventlog,Microsoft-Windows-Sysmon/Operational,admin,-,30:44.4,-,-,-,-,-,-,-,-,11,Info,"2,260","2,772",{5770385f-c22a-43e0-bf4c-06f5698ffbd9},Microsoft-Windows-Sysmon,5973,File created (rule: FileCreate),NT AUTHORITY,S-1-5-18,SYSTEM,User,2
"Oct 23, 2022 @ 02:30:44.385",XEX2AIQBHC0TB3lJJKcZ,.ds-winlogbeat-8.2.3-2022.10.22-000001,-,328b516e-a0ac-4310-8b30-40bfab86de53,admin,6f94e196-447e-4d41-8eea-e6c40bba83e4,admin,winlogbeat,8.2.3,-,-,-,-,-,-,-,-,-,1.12.0,File created (rule: FileCreate),file,11,"Oct 23, 2022 @ 02:30:44.754","Oct 23, 2022 @ 02:30:41.934",event,sysmon,Microsoft-Windows-Sysmon,creation,C:\Users\ADMINI~1\AppData\Local\Temp\_MEI64882,dll,api-ms-win-core-datetime-l1-1-0.dll,C:\Users\ADMINI~1\AppData\Local\Temp\_MEI64882\api-ms-win-core-datetime-l1-1-0.dll,C:\Users\ADMINI~1\AppData\Local\Temp\_MEI64882\api-ms-win-core-datetime-l1-1-0.dll,x86_64,admin,612eed94-10de-48e9-b9de-7108e40bddcc,"fe80::d592:a7d7:c0fb:10f9, 10.0.2.16, fe80::298d:fd6:72cd:b0a3, 172.19.96.11","08:00:27:7c:f3:ae, 08:00:27:4c:ba:b7",admin,19044.1889,windows,10.0.19041.1889 (WinBuild.160101.0800),Windows 10 Enterprise Evaluation,Windows 10 Enterprise Evaluation,windows,windows,10,information,"File created:
RuleName: DLL
UtcTime: 2022-10-22 18:30:44.385
ProcessGuid: {612eed94-36d3-6354-2401-000000001f00}
ProcessId: 6488
Image: C:\Users\AdministratorDB\AppData\Local\Temp\RarSFX0\main.exe
TargetFilename: C:\Users\ADMINI~1\AppData\Local\Temp\_MEI64882\api-ms-win-core-datetime-l1-1-0.dll
CreationUtcTime: 2022-10-22 18:30:44.385
User: ADMIN\AdministratorDB",-,-,-,-,-,-,-,-,-,{612eed94-36d3-6354-2401-000000001f00},C:\Users\AdministratorDB\AppData\Local\Temp\RarSFX0\main.exe,C:\Users\AdministratorDB\AppData\Local\Temp\RarSFX0\main.exe,-,-,main.exe,main.exe,-,-,-,-,-,-,-,-,-,-,-,-,-,-,-,-,6488,-,-,-,-,-,AdministratorDB,DLL,-,-,-,-,ADMIN,S-1-5-18,AdministratorDB,AdministratorDB,wineventlog,Microsoft-Windows-Sysmon/Operational,admin,-,30:44.4,-,-,-,-,-,-,-,-,11,Info,"2,260","2,772",{5770385f-c22a-43e0-bf4c-06f5698ffbd9},Microsoft-Windows-Sysmon,5974,File created (rule: FileCreate),NT AUTHORITY,S-1-5-18,SYSTEM,User,2
"Oct 23, 2022 @ 02:30:44.385",XUX2AIQBHC0TB3lJJKcZ,.ds-winlogbeat-8.2.3-2022.10.22-000001,-,328b516e-a0ac-4310-8b30-40bfab86de53,admin,6f94e196-447e-4d41-8eea-e6c40bba83e4,admin,winlogbeat,8.2.3,-,-,-,-,-,-,-,-,-,1.12.0,File created (rule: FileCreate),file,11,"Oct 23, 2022 @ 02:30:44.754","Oct 23, 2022 @ 02:30:41.935",event,sysmon,Microsoft-Windows-Sysmon,creation,C:\Users\ADMINI~1\AppData\Local\Temp\_MEI64882,dll,api-ms-win-core-debug-l1-1-0.dll,C:\Users\ADMINI~1\AppData\Local\Temp\_MEI64882\api-ms-win-core-debug-l1-1-0.dll,C:\Users\ADMINI~1\AppData\Local\Temp\_MEI64882\api-ms-win-core-debug-l1-1-0.dll,x86_64,admin,612eed94-10de-48e9-b9de-7108e40bddcc,"fe80::d592:a7d7:c0fb:10f9, 10.0.2.16, fe80::298d:fd6:72cd:b0a3, 172.19.96.11","08:00:27:7c:f3:ae, 08:00:27:4c:ba:b7",admin,19044.1889,windows,10.0.19041.1889 (WinBuild.160101.0800),Windows 10 Enterprise Evaluation,Windows 10 Enterprise Evaluation,windows,windows,10,information,"File created:
RuleName: DLL
UtcTime: 2022-10-22 18:30:44.385
ProcessGuid: {612eed94-36d3-6354-2401-000000001f00}
ProcessId: 6488
Image: C:\Users\AdministratorDB\AppData\Local\Temp\RarSFX0\main.exe
TargetFilename: C:\Users\ADMINI~1\AppData\Local\Temp\_MEI64882\api-ms-win-core-debug-l1-1-0.dll
CreationUtcTime: 2022-10-22 18:30:44.385
User: ADMIN\AdministratorDB",-,-,-,-,-,-,-,-,-,{612eed94-36d3-6354-2401-000000001f00},C:\Users\AdministratorDB\AppData\Local\Temp\RarSFX0\main.exe,C:\Users\AdministratorDB\AppData\Local\Temp\RarSFX0\main.exe,-,-,main.exe,main.exe,-,-,-,-,-,-,-,-,-,-,-,-,-,-,-,-,6488,-,-,-,-,-,AdministratorDB,DLL,-,-,-,-,ADMIN,S-1-5-18,AdministratorDB,AdministratorDB,wineventlog,Microsoft-Windows-Sysmon/Operational,admin,-,30:44.4,-,-,-,-,-,-,-,-,11,Info,"2,260","2,772",{5770385f-c22a-43e0-bf4c-06f5698ffbd9},Microsoft-Windows-Sysmon,5975,File created (rule: FileCreate),NT AUTHORITY,S-1-5-18,SYSTEM,User,2
"Oct 23, 2022 @ 02:30:44.385",XkX2AIQBHC0TB3lJJKcZ,.ds-winlogbeat-8.2.3-2022.10.22-000001,-,328b516e-a0ac-4310-8b30-40bfab86de53,admin,6f94e196-447e-4d41-8eea-e6c40bba83e4,admin,winlogbeat,8.2.3,-,-,-,-,-,-,-,-,-,1.12.0,File created (rule: FileCreate),file,11,"Oct 23, 2022 @ 02:30:44.754","Oct 23, 2022 @ 02:30:41.935",event,sysmon,Microsoft-Windows-Sysmon,creation,C:\Users\ADMINI~1\AppData\Local\Temp\_MEI64882,dll,api-ms-win-core-errorhandling-l1-1-0.dll,C:\Users\ADMINI~1\AppData\Local\Temp\_MEI64882\api-ms-win-core-errorhandling-l1-1-0.dll,C:\Users\ADMINI~1\AppData\Local\Temp\_MEI64882\api-ms-win-core-errorhandling-l1-1-0.dll,x86_64,admin,612eed94-10de-48e9-b9de-7108e40bddcc,"fe80::d592:a7d7:c0fb:10f9, 10.0.2.16, fe80::298d:fd6:72cd:b0a3, 172.19.96.11","08:00:27:7c:f3:ae, 08:00:27:4c:ba:b7",admin,19044.1889,windows,10.0.19041.1889 (WinBuild.160101.0800),Windows 10 Enterprise Evaluation,Windows 10 Enterprise Evaluation,windows,windows,10,information,"File created:
RuleName: DLL
UtcTime: 2022-10-22 18:30:44.385
ProcessGuid: {612eed94-36d3-6354-2401-000000001f00}
ProcessId: 6488
Image: C:\Users\AdministratorDB\AppData\Local\Temp\RarSFX0\main.exe
TargetFilename: C:\Users\ADMINI~1\AppData\Local\Temp\_MEI64882\api-ms-win-core-errorhandling-l1-1-0.dll
CreationUtcTime: 2022-10-22 18:30:44.385
User: ADMIN\AdministratorDB",-,-,-,-,-,-,-,-,-,{612eed94-36d3-6354-2401-000000001f00},C:\Users\AdministratorDB\AppData\Local\Temp\RarSFX0\main.exe,C:\Users\AdministratorDB\AppData\Local\Temp\RarSFX0\main.exe,-,-,main.exe,main.exe,-,-,-,-,-,-,-,-,-,-,-,-,-,-,-,-,6488,-,-,-,-,-,AdministratorDB,DLL,-,-,-,-,ADMIN,S-1-5-18,AdministratorDB,AdministratorDB,wineventlog,Microsoft-Windows-Sysmon/Operational,admin,-,30:44.4,-,-,-,-,-,-,-,-,11,Info,"2,260","2,772",{5770385f-c22a-43e0-bf4c-06f5698ffbd9},Microsoft-Windows-Sysmon,5976,File created (rule: FileCreate),NT AUTHORITY,S-1-5-18,SYSTEM,User,2
"Oct 23, 2022 @ 02:30:44.385",X0X2AIQBHC0TB3lJJKcZ,.ds-winlogbeat-8.2.3-2022.10.22-000001,-,328b516e-a0ac-4310-8b30-40bfab86de53,admin,6f94e196-447e-4d41-8eea-e6c40bba83e4,admin,winlogbeat,8.2.3,-,-,-,-,-,-,-,-,-,1.12.0,File created (rule: FileCreate),file,11,"Oct 23, 2022 @ 02:30:44.754","Oct 23, 2022 @ 02:30:41.935",event,sysmon,Microsoft-Windows-Sysmon,creation,C:\Users\ADMINI~1\AppData\Local\Temp\_MEI64882,dll,api-ms-win-core-file-l1-1-0.dll,C:\Users\ADMINI~1\AppData\Local\Temp\_MEI64882\api-ms-win-core-file-l1-1-0.dll,C:\Users\ADMINI~1\AppData\Local\Temp\_MEI64882\api-ms-win-core-file-l1-1-0.dll,x86_64,admin,612eed94-10de-48e9-b9de-7108e40bddcc,"fe80::d592:a7d7:c0fb:10f9, 10.0.2.16, fe80::298d:fd6:72cd:b0a3, 172.19.96.11","08:00:27:7c:f3:ae, 08:00:27:4c:ba:b7",admin,19044.1889,windows,10.0.19041.1889 (WinBuild.160101.0800),Windows 10 Enterprise Evaluation,Windows 10 Enterprise Evaluation,windows,windows,10,information,"File created:
RuleName: DLL
UtcTime: 2022-10-22 18:30:44.385
ProcessGuid: {612eed94-36d3-6354-2401-000000001f00}
ProcessId: 6488
Image: C:\Users\AdministratorDB\AppData\Local\Temp\RarSFX0\main.exe
TargetFilename: C:\Users\ADMINI~1\AppData\Local\Temp\_MEI64882\api-ms-win-core-file-l1-1-0.dll
CreationUtcTime: 2022-10-22 18:30:44.385
User: ADMIN\AdministratorDB",-,-,-,-,-,-,-,-,-,{612eed94-36d3-6354-2401-000000001f00},C:\Users\AdministratorDB\AppData\Local\Temp\RarSFX0\main.exe,C:\Users\AdministratorDB\AppData\Local\Temp\RarSFX0\main.exe,-,-,main.exe,main.exe,-,-,-,-,-,-,-,-,-,-,-,-,-,-,-,-,6488,-,-,-,-,-,AdministratorDB,DLL,-,-,-,-,ADMIN,S-1-5-18,AdministratorDB,AdministratorDB,wineventlog,Microsoft-Windows-Sysmon/Operational,admin,-,30:44.4,-,-,-,-,-,-,-,-,11,Info,"2,260","2,772",{5770385f-c22a-43e0-bf4c-06f5698ffbd9},Microsoft-Windows-Sysmon,5977,File created (rule: FileCreate),NT AUTHORITY,S-1-5-18,SYSTEM,User,2
"Oct 23, 2022 @ 02:30:44.408",YEX2AIQBHC0TB3lJJKcZ,.ds-winlogbeat-8.2.3-2022.10.22-000001,-,328b516e-a0ac-4310-8b30-40bfab86de53,admin,6f94e196-447e-4d41-8eea-e6c40bba83e4,admin,winlogbeat,8.2.3,-,-,-,-,-,-,-,-,-,1.12.0,File created (rule: FileCreate),file,11,"Oct 23, 2022 @ 02:30:44.754","Oct 23, 2022 @ 02:30:41.935",event,sysmon,Microsoft-Windows-Sysmon,creation,C:\Users\ADMINI~1\AppData\Local\Temp\_MEI64882,dll,api-ms-win-core-file-l1-2-0.dll,C:\Users\ADMINI~1\AppData\Local\Temp\_MEI64882\api-ms-win-core-file-l1-2-0.dll,C:\Users\ADMINI~1\AppData\Local\Temp\_MEI64882\api-ms-win-core-file-l1-2-0.dll,x86_64,admin,612eed94-10de-48e9-b9de-7108e40bddcc,"fe80::d592:a7d7:c0fb:10f9, 10.0.2.16, fe80::298d:fd6:72cd:b0a3, 172.19.96.11","08:00:27:7c:f3:ae, 08:00:27:4c:ba:b7",admin,19044.1889,windows,10.0.19041.1889 (WinBuild.160101.0800),Windows 10 Enterprise Evaluation,Windows 10 Enterprise Evaluation,windows,windows,10,information,"File created:
RuleName: DLL
UtcTime: 2022-10-22 18:30:44.408
ProcessGuid: {612eed94-36d3-6354-2401-000000001f00}
ProcessId: 6488
Image: C:\Users\AdministratorDB\AppData\Local\Temp\RarSFX0\main.exe
TargetFilename: C:\Users\ADMINI~1\AppData\Local\Temp\_MEI64882\api-ms-win-core-file-l1-2-0.dll
CreationUtcTime: 2022-10-22 18:30:44.408
User: ADMIN\AdministratorDB",-,-,-,-,-,-,-,-,-,{612eed94-36d3-6354-2401-000000001f00},C:\Users\AdministratorDB\AppData\Local\Temp\RarSFX0\main.exe,C:\Users\AdministratorDB\AppData\Local\Temp\RarSFX0\main.exe,-,-,main.exe,main.exe,-,-,-,-,-,-,-,-,-,-,-,-,-,-,-,-,6488,-,-,-,-,-,AdministratorDB,DLL,-,-,-,-,ADMIN,S-1-5-18,AdministratorDB,AdministratorDB,wineventlog,Microsoft-Windows-Sysmon/Operational,admin,-,30:44.4,-,-,-,-,-,-,-,-,11,Info,"2,260","2,772",{5770385f-c22a-43e0-bf4c-06f5698ffbd9},Microsoft-Windows-Sysmon,5978,File created (rule: FileCreate),NT AUTHORITY,S-1-5-18,SYSTEM,User,2
"Oct 23, 2022 @ 02:30:44.408",YUX2AIQBHC0TB3lJJKcZ,.ds-winlogbeat-8.2.3-2022.10.22-000001,-,328b516e-a0ac-4310-8b30-40bfab86de53,admin,6f94e196-447e-4d41-8eea-e6c40bba83e4,admin,winlogbeat,8.2.3,-,-,-,-,-,-,-,-,-,1.12.0,File created (rule: FileCreate),file,11,"Oct 23, 2022 @ 02:30:44.754","Oct 23, 2022 @ 02:30:41.936",event,sysmon,Microsoft-Windows-Sysmon,creation,C:\Users\ADMINI~1\AppData\Local\Temp\_MEI64882,dll,api-ms-win-core-file-l2-1-0.dll,C:\Users\ADMINI~1\AppData\Local\Temp\_MEI64882\api-ms-win-core-file-l2-1-0.dll,C:\Users\ADMINI~1\AppData\Local\Temp\_MEI64882\api-ms-win-core-file-l2-1-0.dll,x86_64,admin,612eed94-10de-48e9-b9de-7108e40bddcc,"fe80::d592:a7d7:c0fb:10f9, 10.0.2.16, fe80::298d:fd6:72cd:b0a3, 172.19.96.11","08:00:27:7c:f3:ae, 08:00:27:4c:ba:b7",admin,19044.1889,windows,10.0.19041.1889 (WinBuild.160101.0800),Windows 10 Enterprise Evaluation,Windows 10 Enterprise Evaluation,windows,windows,10,information,"File created:
RuleName: DLL
UtcTime: 2022-10-22 18:30:44.408
ProcessGuid: {612eed94-36d3-6354-2401-000000001f00}
ProcessId: 6488
Image: C:\Users\AdministratorDB\AppData\Local\Temp\RarSFX0\main.exe
TargetFilename: C:\Users\ADMINI~1\AppData\Local\Temp\_MEI64882\api-ms-win-core-file-l2-1-0.dll
CreationUtcTime: 2022-10-22 18:30:44.408
User: ADMIN\AdministratorDB",-,-,-,-,-,-,-,-,-,{612eed94-36d3-6354-2401-000000001f00},C:\Users\AdministratorDB\AppData\Local\Temp\RarSFX0\main.exe,C:\Users\AdministratorDB\AppData\Local\Temp\RarSFX0\main.exe,-,-,main.exe,main.exe,-,-,-,-,-,-,-,-,-,-,-,-,-,-,-,-,6488,-,-,-,-,-,AdministratorDB,DLL,-,-,-,-,ADMIN,S-1-5-18,AdministratorDB,AdministratorDB,wineventlog,Microsoft-Windows-Sysmon/Operational,admin,-,30:44.4,-,-,-,-,-,-,-,-,11,Info,"2,260","2,772",{5770385f-c22a-43e0-bf4c-06f5698ffbd9},Microsoft-Windows-Sysmon,5979,File created (rule: FileCreate),NT AUTHORITY,S-1-5-18,SYSTEM,User,2
"Oct 23, 2022 @ 02:30:44.408",YkX2AIQBHC0TB3lJJKcZ,.ds-winlogbeat-8.2.3-2022.10.22-000001,-,328b516e-a0ac-4310-8b30-40bfab86de53,admin,6f94e196-447e-4d41-8eea-e6c40bba83e4,admin,winlogbeat,8.2.3,-,-,-,-,-,-,-,-,-,1.12.0,File created (rule: FileCreate),file,11,"Oct 23, 2022 @ 02:30:44.754","Oct 23, 2022 @ 02:30:41.936",event,sysmon,Microsoft-Windows-Sysmon,creation,C:\Users\ADMINI~1\AppData\Local\Temp\_MEI64882,dll,api-ms-win-core-handle-l1-1-0.dll,C:\Users\ADMINI~1\AppData\Local\Temp\_MEI64882\api-ms-win-core-handle-l1-1-0.dll,C:\Users\ADMINI~1\AppData\Local\Temp\_MEI64882\api-ms-win-core-handle-l1-1-0.dll,x86_64,admin,612eed94-10de-48e9-b9de-7108e40bddcc,"fe80::d592:a7d7:c0fb:10f9, 10.0.2.16, fe80::298d:fd6:72cd:b0a3, 172.19.96.11","08:00:27:7c:f3:ae, 08:00:27:4c:ba:b7",admin,19044.1889,windows,10.0.19041.1889 (WinBuild.160101.0800),Windows 10 Enterprise Evaluation,Windows 10 Enterprise Evaluation,windows,windows,10,information,"File created:
RuleName: DLL
UtcTime: 2022-10-22 18:30:44.408
ProcessGuid: {612eed94-36d3-6354-2401-000000001f00}
ProcessId: 6488
Image: C:\Users\AdministratorDB\AppData\Local\Temp\RarSFX0\main.exe
TargetFilename: C:\Users\ADMINI~1\AppData\Local\Temp\_MEI64882\api-ms-win-core-handle-l1-1-0.dll
CreationUtcTime: 2022-10-22 18:30:44.408
User: ADMIN\AdministratorDB",-,-,-,-,-,-,-,-,-,{612eed94-36d3-6354-2401-000000001f00},C:\Users\AdministratorDB\AppData\Local\Temp\RarSFX0\main.exe,C:\Users\AdministratorDB\AppData\Local\Temp\RarSFX0\main.exe,-,-,main.exe,main.exe,-,-,-,-,-,-,-,-,-,-,-,-,-,-,-,-,6488,-,-,-,-,-,AdministratorDB,DLL,-,-,-,-,ADMIN,S-1-5-18,AdministratorDB,AdministratorDB,wineventlog,Microsoft-Windows-Sysmon/Operational,admin,-,30:44.4,-,-,-,-,-,-,-,-,11,Info,"2,260","2,772",{5770385f-c22a-43e0-bf4c-06f5698ffbd9},Microsoft-Windows-Sysmon,5980,File created (rule: FileCreate),NT AUTHORITY,S-1-5-18,SYSTEM,User,2
"Oct 23, 2022 @ 02:30:44.408",Y0X2AIQBHC0TB3lJJKcZ,.ds-winlogbeat-8.2.3-2022.10.22-000001,-,328b516e-a0ac-4310-8b30-40bfab86de53,admin,6f94e196-447e-4d41-8eea-e6c40bba83e4,admin,winlogbeat,8.2.3,-,-,-,-,-,-,-,-,-,1.12.0,File created (rule: FileCreate),file,11,"Oct 23, 2022 @ 02:30:44.754","Oct 23, 2022 @ 02:30:41.936",event,sysmon,Microsoft-Windows-Sysmon,creation,C:\Users\ADMINI~1\AppData\Local\Temp\_MEI64882,dll,api-ms-win-core-heap-l1-1-0.dll,C:\Users\ADMINI~1\AppData\Local\Temp\_MEI64882\api-ms-win-core-heap-l1-1-0.dll,C:\Users\ADMINI~1\AppData\Local\Temp\_MEI64882\api-ms-win-core-heap-l1-1-0.dll,x86_64,admin,612eed94-10de-48e9-b9de-7108e40bddcc,"fe80::d592:a7d7:c0fb:10f9, 10.0.2.16, fe80::298d:fd6:72cd:b0a3, 172.19.96.11","08:00:27:7c:f3:ae, 08:00:27:4c:ba:b7",admin,19044.1889,windows,10.0.19041.1889 (WinBuild.160101.0800),Windows 10 Enterprise Evaluation,Windows 10 Enterprise Evaluation,windows,windows,10,information,"File created:
RuleName: DLL
UtcTime: 2022-10-22 18:30:44.408
ProcessGuid: {612eed94-36d3-6354-2401-000000001f00}
ProcessId: 6488
Image: C:\Users\AdministratorDB\AppData\Local\Temp\RarSFX0\main.exe
TargetFilename: C:\Users\ADMINI~1\AppData\Local\Temp\_MEI64882\api-ms-win-core-heap-l1-1-0.dll
CreationUtcTime: 2022-10-22 18:30:44.408
User: ADMIN\AdministratorDB",-,-,-,-,-,-,-,-,-,{612eed94-36d3-6354-2401-000000001f00},C:\Users\AdministratorDB\AppData\Local\Temp\RarSFX0\main.exe,C:\Users\AdministratorDB\AppData\Local\Temp\RarSFX0\main.exe,-,-,main.exe,main.exe,-,-,-,-,-,-,-,-,-,-,-,-,-,-,-,-,6488,-,-,-,-,-,AdministratorDB,DLL,-,-,-,-,ADMIN,S-1-5-18,AdministratorDB,AdministratorDB,wineventlog,Microsoft-Windows-Sysmon/Operational,admin,-,30:44.4,-,-,-,-,-,-,-,-,11,Info,"2,260","2,772",{5770385f-c22a-43e0-bf4c-06f5698ffbd9},Microsoft-Windows-Sysmon,5981,File created (rule: FileCreate),NT AUTHORITY,S-1-5-18,SYSTEM,User,2
"Oct 23, 2022 @ 02:30:44.427",ZEX2AIQBHC0TB3lJJKcZ,.ds-winlogbeat-8.2.3-2022.10.22-000001,-,328b516e-a0ac-4310-8b30-40bfab86de53,admin,6f94e196-447e-4d41-8eea-e6c40bba83e4,admin,winlogbeat,8.2.3,-,-,-,-,-,-,-,-,-,1.12.0,File created (rule: FileCreate),file,11,"Oct 23, 2022 @ 02:30:44.754","Oct 23, 2022 @ 02:30:41.937",event,sysmon,Microsoft-Windows-Sysmon,creation,C:\Users\ADMINI~1\AppData\Local\Temp\_MEI64882,dll,api-ms-win-core-interlocked-l1-1-0.dll,C:\Users\ADMINI~1\AppData\Local\Temp\_MEI64882\api-ms-win-core-interlocked-l1-1-0.dll,C:\Users\ADMINI~1\AppData\Local\Temp\_MEI64882\api-ms-win-core-interlocked-l1-1-0.dll,x86_64,admin,612eed94-10de-48e9-b9de-7108e40bddcc,"fe80::d592:a7d7:c0fb:10f9, 10.0.2.16, fe80::298d:fd6:72cd:b0a3, 172.19.96.11","08:00:27:7c:f3:ae, 08:00:27:4c:ba:b7",admin,19044.1889,windows,10.0.19041.1889 (WinBuild.160101.0800),Windows 10 Enterprise Evaluation,Windows 10 Enterprise Evaluation,windows,windows,10,information,"File created:
RuleName: DLL
UtcTime: 2022-10-22 18:30:44.427
ProcessGuid: {612eed94-36d3-6354-2401-000000001f00}
ProcessId: 6488
Image: C:\Users\AdministratorDB\AppData\Local\Temp\RarSFX0\main.exe
TargetFilename: C:\Users\ADMINI~1\AppData\Local\Temp\_MEI64882\api-ms-win-core-interlocked-l1-1-0.dll
CreationUtcTime: 2022-10-22 18:30:44.426
User: ADMIN\AdministratorDB",-,-,-,-,-,-,-,-,-,{612eed94-36d3-6354-2401-000000001f00},C:\Users\AdministratorDB\AppData\Local\Temp\RarSFX0\main.exe,C:\Users\AdministratorDB\AppData\Local\Temp\RarSFX0\main.exe,-,-,main.exe,main.exe,-,-,-,-,-,-,-,-,-,-,-,-,-,-,-,-,6488,-,-,-,-,-,AdministratorDB,DLL,-,-,-,-,ADMIN,S-1-5-18,AdministratorDB,AdministratorDB,wineventlog,Microsoft-Windows-Sysmon/Operational,admin,-,30:44.4,-,-,-,-,-,-,-,-,11,Info,"2,260","2,772",{5770385f-c22a-43e0-bf4c-06f5698ffbd9},Microsoft-Windows-Sysmon,5982,File created (rule: FileCreate),NT AUTHORITY,S-1-5-18,SYSTEM,User,2
"Oct 23, 2022 @ 02:30:44.427",ZUX2AIQBHC0TB3lJJKcZ,.ds-winlogbeat-8.2.3-2022.10.22-000001,-,328b516e-a0ac-4310-8b30-40bfab86de53,admin,6f94e196-447e-4d41-8eea-e6c40bba83e4,admin,winlogbeat,8.2.3,-,-,-,-,-,-,-,-,-,1.12.0,File created (rule: FileCreate),file,11,"Oct 23, 2022 @ 02:30:44.754","Oct 23, 2022 @ 02:30:41.937",event,sysmon,Microsoft-Windows-Sysmon,creation,C:\Users\ADMINI~1\AppData\Local\Temp\_MEI64882,dll,api-ms-win-core-libraryloader-l1-1-0.dll,C:\Users\ADMINI~1\AppData\Local\Temp\_MEI64882\api-ms-win-core-libraryloader-l1-1-0.dll,C:\Users\ADMINI~1\AppData\Local\Temp\_MEI64882\api-ms-win-core-libraryloader-l1-1-0.dll,x86_64,admin,612eed94-10de-48e9-b9de-7108e40bddcc,"fe80::d592:a7d7:c0fb:10f9, 10.0.2.16, fe80::298d:fd6:72cd:b0a3, 172.19.96.11","08:00:27:7c:f3:ae, 08:00:27:4c:ba:b7",admin,19044.1889,windows,10.0.19041.1889 (WinBuild.160101.0800),Windows 10 Enterprise Evaluation,Windows 10 Enterprise Evaluation,windows,windows,10,information,"File created:
RuleName: DLL
UtcTime: 2022-10-22 18:30:44.427
ProcessGuid: {612eed94-36d3-6354-2401-000000001f00}
ProcessId: 6488
Image: C:\Users\AdministratorDB\AppData\Local\Temp\RarSFX0\main.exe
TargetFilename: C:\Users\ADMINI~1\AppData\Local\Temp\_MEI64882\api-ms-win-core-libraryloader-l1-1-0.dll
CreationUtcTime: 2022-10-22 18:30:44.427
User: ADMIN\AdministratorDB",-,-,-,-,-,-,-,-,-,{612eed94-36d3-6354-2401-000000001f00},C:\Users\AdministratorDB\AppData\Local\Temp\RarSFX0\main.exe,C:\Users\AdministratorDB\AppData\Local\Temp\RarSFX0\main.exe,-,-,main.exe,main.exe,-,-,-,-,-,-,-,-,-,-,-,-,-,-,-,-,6488,-,-,-,-,-,AdministratorDB,DLL,-,-,-,-,ADMIN,S-1-5-18,AdministratorDB,AdministratorDB,wineventlog,Microsoft-Windows-Sysmon/Operational,admin,-,30:44.4,-,-,-,-,-,-,-,-,11,Info,"2,260","2,772",{5770385f-c22a-43e0-bf4c-06f5698ffbd9},Microsoft-Windows-Sysmon,5983,File created (rule: FileCreate),NT AUTHORITY,S-1-5-18,SYSTEM,User,2
"Oct 23, 2022 @ 02:30:44.427",ZkX2AIQBHC0TB3lJJKcZ,.ds-winlogbeat-8.2.3-2022.10.22-000001,-,328b516e-a0ac-4310-8b30-40bfab86de53,admin,6f94e196-447e-4d41-8eea-e6c40bba83e4,admin,winlogbeat,8.2.3,-,-,-,-,-,-,-,-,-,1.12.0,File created (rule: FileCreate),file,11,"Oct 23, 2022 @ 02:30:44.754","Oct 23, 2022 @ 02:30:41.937",event,sysmon,Microsoft-Windows-Sysmon,creation,C:\Users\ADMINI~1\AppData\Local\Temp\_MEI64882,dll,api-ms-win-core-localization-l1-2-0.dll,C:\Users\ADMINI~1\AppData\Local\Temp\_MEI64882\api-ms-win-core-localization-l1-2-0.dll,C:\Users\ADMINI~1\AppData\Local\Temp\_MEI64882\api-ms-win-core-localization-l1-2-0.dll,x86_64,admin,612eed94-10de-48e9-b9de-7108e40bddcc,"fe80::d592:a7d7:c0fb:10f9, 10.0.2.16, fe80::298d:fd6:72cd:b0a3, 172.19.96.11","08:00:27:7c:f3:ae, 08:00:27:4c:ba:b7",admin,19044.1889,windows,10.0.19041.1889 (WinBuild.160101.0800),Windows 10 Enterprise Evaluation,Windows 10 Enterprise Evaluation,windows,windows,10,information,"File created:
RuleName: DLL
UtcTime: 2022-10-22 18:30:44.427
ProcessGuid: {612eed94-36d3-6354-2401-000000001f00}
ProcessId: 6488
Image: C:\Users\AdministratorDB\AppData\Local\Temp\RarSFX0\main.exe
TargetFilename: C:\Users\ADMINI~1\AppData\Local\Temp\_MEI64882\api-ms-win-core-localization-l1-2-0.dll
CreationUtcTime: 2022-10-22 18:30:44.427
User: ADMIN\AdministratorDB",-,-,-,-,-,-,-,-,-,{612eed94-36d3-6354-2401-000000001f00},C:\Users\AdministratorDB\AppData\Local\Temp\RarSFX0\main.exe,C:\Users\AdministratorDB\AppData\Local\Temp\RarSFX0\main.exe,-,-,main.exe,main.exe,-,-,-,-,-,-,-,-,-,-,-,-,-,-,-,-,6488,-,-,-,-,-,AdministratorDB,DLL,-,-,-,-,ADMIN,S-1-5-18,AdministratorDB,AdministratorDB,wineventlog,Microsoft-Windows-Sysmon/Operational,admin,-,30:44.4,-,-,-,-,-,-,-,-,11,Info,"2,260","2,772",{5770385f-c22a-43e0-bf4c-06f5698ffbd9},Microsoft-Windows-Sysmon,5984,File created (rule: FileCreate),NT AUTHORITY,S-1-5-18,SYSTEM,User,2
"Oct 23, 2022 @ 02:30:44.427",Z0X2AIQBHC0TB3lJJKcZ,.ds-winlogbeat-8.2.3-2022.10.22-000001,-,328b516e-a0ac-4310-8b30-40bfab86de53,admin,6f94e196-447e-4d41-8eea-e6c40bba83e4,admin,winlogbeat,8.2.3,-,-,-,-,-,-,-,-,-,1.12.0,File created (rule: FileCreate),file,11,"Oct 23, 2022 @ 02:30:44.754","Oct 23, 2022 @ 02:30:41.937",event,sysmon,Microsoft-Windows-Sysmon,creation,C:\Users\ADMINI~1\AppData\Local\Temp\_MEI64882,dll,api-ms-win-core-memory-l1-1-0.dll,C:\Users\ADMINI~1\AppData\Local\Temp\_MEI64882\api-ms-win-core-memory-l1-1-0.dll,C:\Users\ADMINI~1\AppData\Local\Temp\_MEI64882\api-ms-win-core-memory-l1-1-0.dll,x86_64,admin,612eed94-10de-48e9-b9de-7108e40bddcc,"fe80::d592:a7d7:c0fb:10f9, 10.0.2.16, fe80::298d:fd6:72cd:b0a3, 172.19.96.11","08:00:27:7c:f3:ae, 08:00:27:4c:ba:b7",admin,19044.1889,windows,10.0.19041.1889 (WinBuild.160101.0800),Windows 10 Enterprise Evaluation,Windows 10 Enterprise Evaluation,windows,windows,10,information,"File created:
RuleName: DLL
UtcTime: 2022-10-22 18:30:44.427
ProcessGuid: {612eed94-36d3-6354-2401-000000001f00}
ProcessId: 6488
Image: C:\Users\AdministratorDB\AppData\Local\Temp\RarSFX0\main.exe
TargetFilename: C:\Users\ADMINI~1\AppData\Local\Temp\_MEI64882\api-ms-win-core-memory-l1-1-0.dll
CreationUtcTime: 2022-10-22 18:30:44.427
User: ADMIN\AdministratorDB",-,-,-,-,-,-,-,-,-,{612eed94-36d3-6354-2401-000000001f00},C:\Users\AdministratorDB\AppData\Local\Temp\RarSFX0\main.exe,C:\Users\AdministratorDB\AppData\Local\Temp\RarSFX0\main.exe,-,-,main.exe,main.exe,-,-,-,-,-,-,-,-,-,-,-,-,-,-,-,-,6488,-,-,-,-,-,AdministratorDB,DLL,-,-,-,-,ADMIN,S-1-5-18,AdministratorDB,AdministratorDB,wineventlog,Microsoft-Windows-Sysmon/Operational,admin,-,30:44.4,-,-,-,-,-,-,-,-,11,Info,"2,260","2,772",{5770385f-c22a-43e0-bf4c-06f5698ffbd9},Microsoft-Windows-Sysmon,5985,File created (rule: FileCreate),NT AUTHORITY,S-1-5-18,SYSTEM,User,2
