"Oct 23, 2022 @ 02:32:52.849",nkX4AIQBHC0TB3lJQafN,.ds-winlogbeat-8.2.3-2022.10.22-000001,-,328b516e-a0ac-4310-8b30-40bfab86de53,admin,6f94e196-447e-4d41-8eea-e6c40bba83e4,admin,winlogbeat,8.2.3,-,-,-,-,-,-,-,-,-,1.12.0,Process terminated (rule: ProcessTerminate),process,5,"Oct 23, 2022 @ 02:32:54.326","Oct 23, 2022 @ 02:33:00.620",event,sysmon,Microsoft-Windows-Sysmon,end,-,-,-,-,-,x86_64,admin,612eed94-10de-48e9-b9de-7108e40bddcc,"fe80::d592:a7d7:c0fb:10f9, 10.0.2.16, fe80::298d:fd6:72cd:b0a3, 172.19.96.11","08:00:27:7c:f3:ae, 08:00:27:4c:ba:b7",admin,19044.1889,windows,10.0.19041.1889 (WinBuild.160101.0800),Windows 10 Enterprise Evaluation,Windows 10 Enterprise Evaluation,windows,windows,10,information,"Process terminated:
RuleName: -
UtcTime: 2022-10-22 18:32:52.849
ProcessGuid: {612eed94-36d7-6354-2801-000000001f00}
ProcessId: 6980
Image: C:\Users\AdministratorDB\AppData\Local\Temp\RarSFX0\main.exe
User: ADMIN\AdministratorDB",-,-,-,-,-,-,-,-,-,{612eed94-36d7-6354-2801-000000001f00},C:\Users\AdministratorDB\AppData\Local\Temp\RarSFX0\main.exe,C:\Users\AdministratorDB\AppData\Local\Temp\RarSFX0\main.exe,-,-,main.exe,main.exe,-,-,-,-,-,-,-,-,-,-,-,-,-,-,-,-,6980,-,-,-,-,-,AdministratorDB,-,-,-,-,-,ADMIN,S-1-5-18,AdministratorDB,AdministratorDB,wineventlog,Microsoft-Windows-Sysmon/Operational,admin,-,-,-,-,-,-,-,-,-,-,5,Info,"2,260","2,772",{5770385f-c22a-43e0-bf4c-06f5698ffbd9},Microsoft-Windows-Sysmon,6032,Process terminated (rule: ProcessTerminate),NT AUTHORITY,S-1-5-18,SYSTEM,User,3
"Oct 23, 2022 @ 02:32:53.365",n0X4AIQBHC0TB3lJQafN,.ds-winlogbeat-8.2.3-2022.10.22-000001,-,328b516e-a0ac-4310-8b30-40bfab86de53,admin,6f94e196-447e-4d41-8eea-e6c40bba83e4,admin,winlogbeat,8.2.3,-,-,-,-,-,-,-,-,-,1.12.0,Process terminated (rule: ProcessTerminate),process,5,"Oct 23, 2022 @ 02:32:54.387","Oct 23, 2022 @ 02:33:00.621",event,sysmon,Microsoft-Windows-Sysmon,end,-,-,-,-,-,x86_64,admin,612eed94-10de-48e9-b9de-7108e40bddcc,"fe80::d592:a7d7:c0fb:10f9, 10.0.2.16, fe80::298d:fd6:72cd:b0a3, 172.19.96.11","08:00:27:7c:f3:ae, 08:00:27:4c:ba:b7",admin,19044.1889,windows,10.0.19041.1889 (WinBuild.160101.0800),Windows 10 Enterprise Evaluation,Windows 10 Enterprise Evaluation,windows,windows,10,information,"Process terminated:
RuleName: -
UtcTime: 2022-10-22 18:32:53.365
ProcessGuid: {612eed94-36d3-6354-2401-000000001f00}
ProcessId: 6488
Image: C:\Users\AdministratorDB\AppData\Local\Temp\RarSFX0\main.exe
User: ADMIN\AdministratorDB",-,-,-,-,-,-,-,-,-,{612eed94-36d3-6354-2401-000000001f00},C:\Users\AdministratorDB\AppData\Local\Temp\RarSFX0\main.exe,C:\Users\AdministratorDB\AppData\Local\Temp\RarSFX0\main.exe,-,-,main.exe,main.exe,-,-,-,-,-,-,-,-,-,-,-,-,-,-,-,-,6488,-,-,-,-,-,AdministratorDB,-,-,-,-,-,ADMIN,S-1-5-18,AdministratorDB,AdministratorDB,wineventlog,Microsoft-Windows-Sysmon/Operational,admin,-,-,-,-,-,-,-,-,-,-,5,Info,"2,260","2,772",{5770385f-c22a-43e0-bf4c-06f5698ffbd9},Microsoft-Windows-Sysmon,6033,Process terminated (rule: ProcessTerminate),NT AUTHORITY,S-1-5-18,SYSTEM,User,3
"Oct 23, 2022 @ 02:33:00.659",okX4AIQBHC0TB3lJWqcG,.ds-winlogbeat-8.2.3-2022.10.22-000001,-,328b516e-a0ac-4310-8b30-40bfab86de53,admin,6f94e196-447e-4d41-8eea-e6c40bba83e4,admin,winlogbeat,8.2.3,-,-,-,-,-,-,-,-,-,1.12.0,Process Create (rule: ProcessCreate),process,1,"Oct 23, 2022 @ 02:33:02.201","Oct 23, 2022 @ 02:33:06.821",event,sysmon,Microsoft-Windows-Sysmon,start,-,-,-,-,-,x86_64,admin,612eed94-10de-48e9-b9de-7108e40bddcc,"fe80::d592:a7d7:c0fb:10f9, 10.0.2.16, fe80::298d:fd6:72cd:b0a3, 172.19.96.11","08:00:27:7c:f3:ae, 08:00:27:4c:ba:b7",admin,19044.1889,windows,10.0.19041.1889 (WinBuild.160101.0800),Windows 10 Enterprise Evaluation,Windows 10 Enterprise Evaluation,windows,windows,10,information,"Process Create:
RuleName: -
UtcTime: 2022-10-22 18:33:00.659
ProcessGuid: {612eed94-375c-6354-2e01-000000001f00}
ProcessId: 2308
Image: C:\Windows\System32\Taskmgr.exe
FileVersion: 10.0.19041.1202 (WinBuild.160101.0800)
Description: Task Manager
Product: Microsoft® Windows® Operating System
Company: Microsoft Corporation
OriginalFileName: Taskmgr.exe
CommandLine: ""C:\Windows\system32\taskmgr.exe"" /0
CurrentDirectory: C:\Windows\system32\
User: ADMIN\AdministratorDB
LogonGuid: {612eed94-34a0-6354-1241-040000000000}
LogonId: 0x44112
TerminalSessionId: 1
IntegrityLevel: High
Hashes: MD5=58D5BC7895F7F32EE308E34F06F25DD5,SHA256=4E305198F15BAFD5728B5FB8E7FF48D9F312399C744ECFEA0ECAC79D93C5E478,IMPHASH=E0B20B2FFB8E5455773387F528CDDA26
ParentProcessGuid: {612eed94-34a5-6354-6300-000000001f00}
ParentProcessId: 3732
ParentImage: C:\Windows\explorer.exe
ParentCommandLine: C:\Windows\Explorer.EXE
ParentUser: ADMIN\AdministratorDB",-,-,-,-,-,"C:\Windows\system32\taskmgr.exe, /0",2,"""C:\Windows\system32\taskmgr.exe"" /0","""C:\Windows\system32\taskmgr.exe"" /0",{612eed94-375c-6354-2e01-000000001f00},C:\Windows\System32\Taskmgr.exe,C:\Windows\System32\Taskmgr.exe,58d5bc7895f7f32ee308e34f06f25dd5,4e305198f15bafd5728b5fb8e7ff48d9f312399c744ecfea0ecac79d93c5e478,Taskmgr.exe,Taskmgr.exe,C:\Windows\Explorer.EXE,1,C:\Windows\Explorer.EXE,C:\Windows\Explorer.EXE,{612eed94-34a5-6354-6300-000000001f00},C:\Windows\explorer.exe,C:\Windows\explorer.exe,explorer.exe,explorer.exe,3732,Microsoft Corporation,Task Manager,10.0.19041.1202 (WinBuild.160101.0800),e0b20b2ffb8e5455773387f528cdda26,Taskmgr.exe,Microsoft® Windows® Operating System,2308,C:\Windows\system32\,C:\Windows\system32\,"4e305198f15bafd5728b5fb8e7ff48d9f312399c744ecfea0ecac79d93c5e478, 58d5bc7895f7f32ee308e34f06f25dd5, e0b20b2ffb8e5455773387f528cdda26",-,-,AdministratorDB,-,-,-,-,-,ADMIN,S-1-5-18,AdministratorDB,AdministratorDB,wineventlog,Microsoft-Windows-Sysmon/Operational,admin,Microsoft Corporation,-,Task Manager,10.0.19041.1202 (WinBuild.160101.0800),High,{612eed94-34a0-6354-1241-040000000000},0x44112,ADMIN\AdministratorDB,Microsoft® Windows® Operating System,1,1,Info,"2,260","2,772",{5770385f-c22a-43e0-bf4c-06f5698ffbd9},Microsoft-Windows-Sysmon,6036,Process Create (rule: ProcessCreate),NT AUTHORITY,S-1-5-18,SYSTEM,User,5
