"Oct 23, 2022 @ 12:53:36.917",_ptBEIQBM0skPzkL2W1t,.ds-winlogbeat-8.2.3-2022.10.22-000001,-,af900420-7c4e-403a-86a4-3d707e3eab75,victim,b15c43c7-63a1-423e-901b-f1acc6401711,victim,winlogbeat,8.2.3,178.187.213.35.bc.googleusercontent.com,35.213.187.178,443,-,-,-,-,-,-,-,1.12.0,Network connection detected (rule: NetworkConnect),network,3,"Oct 23, 2022 @ 12:53:14.470","Oct 23, 2022 @ 12:53:41.803",event,sysmon,Microsoft-Windows-Sysmon,"start, connection, protocol",x86_64,victim,461f0bd2-c182-413a-8a41-2a8e4accb4a9,"fe80::4959:93ba:69a6:522d, 10.0.2.15, fe80::91a8:3d9e:36ba:f548, 172.19.96.10","08:00:27:7c:f3:ae, 08:00:27:22:f7:3c",victim,19044.1889,windows,10.0.19041.1889 (WinBuild.160101.0800),Windows 10 Enterprise Evaluation,Windows 10 Enterprise Evaluation,windows,windows,10,information,"Network connection detected:
RuleName: Usermode
UtcTime: 2022-10-25 17:47:36.917
ProcessGuid: {461f0bd2-20fd-6358-fe00-000000002500}
ProcessId: 3980
Image: C:\Users\Nicholas Lum\AppData\Local\Programs\Python\Python38\python.exe
User: VICTIM\Nicholas Lum
Protocol: tcp
Initiated: true
SourceIsIpv6: false
SourceIp: 10.0.2.15
SourceHostname: victim.lan
SourcePort: 49879
SourcePortName: -
DestinationIsIpv6: false
DestinationIp: 35.213.187.178
DestinationHostname: 178.187.213.35.bc.googleusercontent.com
DestinationPort: 443
DestinationPortName: https",1:cSSP0u4B7ZMc5XZmNbcQg11GUWE=,egress,https,tcp,ipv4,-,-,-,-,{461f0bd2-20fd-6358-fe00-000000002500},C:\Users\Nicholas Lum\AppData\Local\Programs\Python\Python38\python.exe,C:\Users\Nicholas Lum\AppData\Local\Programs\Python\Python38\python.exe,-,-,python.exe,python.exe,-,-,-,-,-,-,-,-,-,-,-,-,-,-,-,-,3980,-,-,-,-,"10.0.2.15, 35.213.187.178",Nicholas Lum,Usermode,victim.lan,10.0.2.15,49879,-,VICTIM,S-1-5-18,Nicholas Lum,Nicholas Lum,wineventlog,Microsoft-Windows-Sysmon/Operational,victim,-,-,-,-,-,-,-,-,-,3,Info,"2,252","3,060",{5770385f-c22a-43e0-bf4c-06f5698ffbd9},Microsoft-Windows-Sysmon,8814,Network connection detected (rule: NetworkConnect),NT AUTHORITY,S-1-5-18,SYSTEM,User,5
"Oct 23, 2022 @ 12:53:35.943",_ZtBEIQBM0skPzkL1W10,.ds-winlogbeat-8.2.3-2022.10.22-000001,-,af900420-7c4e-403a-86a4-3d707e3eab75,victim,b15c43c7-63a1-423e-901b-f1acc6401711,victim,winlogbeat,8.2.3,178.187.213.35.bc.googleusercontent.com,35.213.187.178,443,-,-,-,-,-,-,-,1.12.0,Network connection detected (rule: NetworkConnect),network,3,"Oct 23, 2022 @ 12:53:13.555","Oct 23, 2022 @ 12:53:40.787",event,sysmon,Microsoft-Windows-Sysmon,"start, connection, protocol",x86_64,victim,461f0bd2-c182-413a-8a41-2a8e4accb4a9,"fe80::4959:93ba:69a6:522d, 10.0.2.15, fe80::91a8:3d9e:36ba:f548, 172.19.96.10","08:00:27:7c:f3:ae, 08:00:27:22:f7:3c",victim,19044.1889,windows,10.0.19041.1889 (WinBuild.160101.0800),Windows 10 Enterprise Evaluation,Windows 10 Enterprise Evaluation,windows,windows,10,information,"Network connection detected:
RuleName: Usermode
UtcTime: 2022-10-25 17:47:35.943
ProcessGuid: {461f0bd2-20fd-6358-fe00-000000002500}
ProcessId: 3980
Image: C:\Users\Nicholas Lum\AppData\Local\Programs\Python\Python38\python.exe
User: VICTIM\Nicholas Lum
Protocol: tcp
Initiated: true
SourceIsIpv6: false
SourceIp: 10.0.2.15
SourceHostname: victim.lan
SourcePort: 49878
SourcePortName: -
DestinationIsIpv6: false
DestinationIp: 35.213.187.178
DestinationHostname: 178.187.213.35.bc.googleusercontent.com
DestinationPort: 443
DestinationPortName: https",1:TumHr8zaAck/1g9fuHbC3gF+WdA=,egress,https,tcp,ipv4,-,-,-,-,{461f0bd2-20fd-6358-fe00-000000002500},C:\Users\Nicholas Lum\AppData\Local\Programs\Python\Python38\python.exe,C:\Users\Nicholas Lum\AppData\Local\Programs\Python\Python38\python.exe,-,-,python.exe,python.exe,-,-,-,-,-,-,-,-,-,-,-,-,-,-,-,-,3980,-,-,-,-,"10.0.2.15, 35.213.187.178",Nicholas Lum,Usermode,victim.lan,10.0.2.15,49878,-,VICTIM,S-1-5-18,Nicholas Lum,Nicholas Lum,wineventlog,Microsoft-Windows-Sysmon/Operational,victim,-,-,-,-,-,-,-,-,-,3,Info,"2,252","3,060",{5770385f-c22a-43e0-bf4c-06f5698ffbd9},Microsoft-Windows-Sysmon,8813,Network connection detected (rule: NetworkConnect),NT AUTHORITY,S-1-5-18,SYSTEM,User,5
"Oct 23, 2022 @ 12:53:34.934",_JtBEIQBM0skPzkL0W14,.ds-winlogbeat-8.2.3-2022.10.22-000001,-,af900420-7c4e-403a-86a4-3d707e3eab75,victim,b15c43c7-63a1-423e-901b-f1acc6401711,victim,winlogbeat,8.2.3,178.187.213.35.bc.googleusercontent.com,35.213.187.178,443,-,-,-,-,-,-,-,1.12.0,Network connection detected (rule: NetworkConnect),network,3,"Oct 23, 2022 @ 12:53:12.598","Oct 23, 2022 @ 12:53:39.766",event,sysmon,Microsoft-Windows-Sysmon,"start, connection, protocol",x86_64,victim,461f0bd2-c182-413a-8a41-2a8e4accb4a9,"fe80::4959:93ba:69a6:522d, 10.0.2.15, fe80::91a8:3d9e:36ba:f548, 172.19.96.10","08:00:27:7c:f3:ae, 08:00:27:22:f7:3c",victim,19044.1889,windows,10.0.19041.1889 (WinBuild.160101.0800),Windows 10 Enterprise Evaluation,Windows 10 Enterprise Evaluation,windows,windows,10,information,"Network connection detected:
RuleName: Usermode
UtcTime: 2022-10-25 17:47:34.934
ProcessGuid: {461f0bd2-20fd-6358-fe00-000000002500}
ProcessId: 3980
Image: C:\Users\Nicholas Lum\AppData\Local\Programs\Python\Python38\python.exe
User: VICTIM\Nicholas Lum
Protocol: tcp
Initiated: true
SourceIsIpv6: false
SourceIp: 10.0.2.15
SourceHostname: victim.lan
SourcePort: 49877
SourcePortName: -
DestinationIsIpv6: false
DestinationIp: 35.213.187.178
DestinationHostname: 178.187.213.35.bc.googleusercontent.com
DestinationPort: 443
DestinationPortName: https",1:ZVUA0tILxP6ZoI/MD3ndYVS02YI=,egress,https,tcp,ipv4,-,-,-,-,{461f0bd2-20fd-6358-fe00-000000002500},C:\Users\Nicholas Lum\AppData\Local\Programs\Python\Python38\python.exe,C:\Users\Nicholas Lum\AppData\Local\Programs\Python\Python38\python.exe,-,-,python.exe,python.exe,-,-,-,-,-,-,-,-,-,-,-,-,-,-,-,-,3980,-,-,-,-,"10.0.2.15, 35.213.187.178",Nicholas Lum,Usermode,victim.lan,10.0.2.15,49877,-,VICTIM,S-1-5-18,Nicholas Lum,Nicholas Lum,wineventlog,Microsoft-Windows-Sysmon/Operational,victim,-,-,-,-,-,-,-,-,-,3,Info,"2,252","3,060",{5770385f-c22a-43e0-bf4c-06f5698ffbd9},Microsoft-Windows-Sysmon,8812,Network connection detected (rule: NetworkConnect),NT AUTHORITY,S-1-5-18,SYSTEM,User,5
"Oct 23, 2022 @ 12:53:33.970",-5tBEIQBM0skPzkL0W14,.ds-winlogbeat-8.2.3-2022.10.22-000001,-,af900420-7c4e-403a-86a4-3d707e3eab75,victim,b15c43c7-63a1-423e-901b-f1acc6401711,victim,winlogbeat,8.2.3,178.187.213.35.bc.googleusercontent.com,35.213.187.178,443,-,-,-,-,-,-,-,1.12.0,Network connection detected (rule: NetworkConnect),network,3,"Oct 23, 2022 @ 12:53:12.598","Oct 23, 2022 @ 12:53:39.758",event,sysmon,Microsoft-Windows-Sysmon,"start, connection, protocol",x86_64,victim,461f0bd2-c182-413a-8a41-2a8e4accb4a9,"fe80::4959:93ba:69a6:522d, 10.0.2.15, fe80::91a8:3d9e:36ba:f548, 172.19.96.10","08:00:27:7c:f3:ae, 08:00:27:22:f7:3c",victim,19044.1889,windows,10.0.19041.1889 (WinBuild.160101.0800),Windows 10 Enterprise Evaluation,Windows 10 Enterprise Evaluation,windows,windows,10,information,"Network connection detected:
RuleName: Usermode
UtcTime: 2022-10-25 17:47:33.970
ProcessGuid: {461f0bd2-20fd-6358-fe00-000000002500}
ProcessId: 3980
Image: C:\Users\Nicholas Lum\AppData\Local\Programs\Python\Python38\python.exe
User: VICTIM\Nicholas Lum
Protocol: tcp
Initiated: true
SourceIsIpv6: false
SourceIp: 10.0.2.15
SourceHostname: victim.lan
SourcePort: 49876
SourcePortName: -
DestinationIsIpv6: false
DestinationIp: 35.213.187.178
DestinationHostname: 178.187.213.35.bc.googleusercontent.com
DestinationPort: 443
DestinationPortName: https",1:Ajn1YbdjQ1dV+zSTJ9eu2wiRr9M=,egress,https,tcp,ipv4,-,-,-,-,{461f0bd2-20fd-6358-fe00-000000002500},C:\Users\Nicholas Lum\AppData\Local\Programs\Python\Python38\python.exe,C:\Users\Nicholas Lum\AppData\Local\Programs\Python\Python38\python.exe,-,-,python.exe,python.exe,-,-,-,-,-,-,-,-,-,-,-,-,-,-,-,-,3980,-,-,-,-,"10.0.2.15, 35.213.187.178",Nicholas Lum,Usermode,victim.lan,10.0.2.15,49876,-,VICTIM,S-1-5-18,Nicholas Lum,Nicholas Lum,wineventlog,Microsoft-Windows-Sysmon/Operational,victim,-,-,-,-,-,-,-,-,-,3,Info,"2,252","3,060",{5770385f-c22a-43e0-bf4c-06f5698ffbd9},Microsoft-Windows-Sysmon,8811,Network connection detected (rule: NetworkConnect),NT AUTHORITY,S-1-5-18,SYSTEM,User,5
"Oct 23, 2022 @ 12:53:32.992",#NAME?,.ds-winlogbeat-8.2.3-2022.10.22-000001,-,af900420-7c4e-403a-86a4-3d707e3eab75,victim,b15c43c7-63a1-423e-901b-f1acc6401711,victim,winlogbeat,8.2.3,178.187.213.35.bc.googleusercontent.com,35.213.187.178,443,-,-,-,-,-,-,-,1.12.0,Network connection detected (rule: NetworkConnect),network,3,"Oct 23, 2022 @ 12:53:11.598","Oct 23, 2022 @ 12:53:38.741",event,sysmon,Microsoft-Windows-Sysmon,"start, connection, protocol",x86_64,victim,461f0bd2-c182-413a-8a41-2a8e4accb4a9,"fe80::4959:93ba:69a6:522d, 10.0.2.15, fe80::91a8:3d9e:36ba:f548, 172.19.96.10","08:00:27:7c:f3:ae, 08:00:27:22:f7:3c",victim,19044.1889,windows,10.0.19041.1889 (WinBuild.160101.0800),Windows 10 Enterprise Evaluation,Windows 10 Enterprise Evaluation,windows,windows,10,information,"Network connection detected:
RuleName: Usermode
UtcTime: 2022-10-25 17:47:32.992
ProcessGuid: {461f0bd2-20fd-6358-fe00-000000002500}
ProcessId: 3980
Image: C:\Users\Nicholas Lum\AppData\Local\Programs\Python\Python38\python.exe
User: VICTIM\Nicholas Lum
Protocol: tcp
Initiated: true
SourceIsIpv6: false
SourceIp: 10.0.2.15
SourceHostname: victim.lan
SourcePort: 49875
SourcePortName: -
DestinationIsIpv6: false
DestinationIp: 35.213.187.178
DestinationHostname: 178.187.213.35.bc.googleusercontent.com
DestinationPort: 443
DestinationPortName: https",1:5RtCDv5D3k5OHv5BweDf0WbNHB0=,egress,https,tcp,ipv4,-,-,-,-,{461f0bd2-20fd-6358-fe00-000000002500},C:\Users\Nicholas Lum\AppData\Local\Programs\Python\Python38\python.exe,C:\Users\Nicholas Lum\AppData\Local\Programs\Python\Python38\python.exe,-,-,python.exe,python.exe,-,-,-,-,-,-,-,-,-,-,-,-,-,-,-,-,3980,-,-,-,-,"10.0.2.15, 35.213.187.178",Nicholas Lum,Usermode,victim.lan,10.0.2.15,49875,-,VICTIM,S-1-5-18,Nicholas Lum,Nicholas Lum,wineventlog,Microsoft-Windows-Sysmon/Operational,victim,-,-,-,-,-,-,-,-,-,3,Info,"2,252","3,060",{5770385f-c22a-43e0-bf4c-06f5698ffbd9},Microsoft-Windows-Sysmon,8810,Network connection detected (rule: NetworkConnect),NT AUTHORITY,S-1-5-18,SYSTEM,User,5
"Oct 23, 2022 @ 12:53:32.601",FptCEIQBM0skPzkLNW6q,.ds-winlogbeat-8.2.3-2022.10.22-000001,-,af900420-7c4e-403a-86a4-3d707e3eab75,victim,b15c43c7-63a1-423e-901b-f1acc6401711,victim,winlogbeat,8.2.3,-,-,-,-,-,-,-,-,-,-,1.12.0,Process terminated (rule: ProcessTerminate),process,5,"Oct 23, 2022 @ 12:53:33.648","Oct 23, 2022 @ 01:48:05.415",event,sysmon,Microsoft-Windows-Sysmon,end,x86_64,victim,461f0bd2-c182-413a-8a41-2a8e4accb4a9,"fe80::4959:93ba:69a6:522d, 10.0.2.15, fe80::91a8:3d9e:36ba:f548, 172.19.96.10","08:00:27:7c:f3:ae, 08:00:27:22:f7:3c",victim,19044.1889,windows,10.0.19041.1889 (WinBuild.160101.0800),Windows 10 Enterprise Evaluation,Windows 10 Enterprise Evaluation,windows,windows,10,information,"Process terminated:
RuleName: -
UtcTime: 2022-10-25 17:47:32.601
ProcessGuid: {461f0bd2-20fd-6358-fe00-000000002500}
ProcessId: 3980
Image: C:\Users\Nicholas Lum\AppData\Local\Programs\Python\Python38\python.exe
User: VICTIM\Nicholas Lum",-,-,-,-,-,-,-,-,-,{461f0bd2-20fd-6358-fe00-000000002500},C:\Users\Nicholas Lum\AppData\Local\Programs\Python\Python38\python.exe,C:\Users\Nicholas Lum\AppData\Local\Programs\Python\Python38\python.exe,-,-,python.exe,python.exe,-,-,-,-,-,-,-,-,-,-,-,-,-,-,-,-,3980,-,-,-,-,-,Nicholas Lum,-,-,-,-,-,VICTIM,S-1-5-18,Nicholas Lum,Nicholas Lum,wineventlog,Microsoft-Windows-Sysmon/Operational,victim,-,-,-,-,-,-,-,-,-,5,Info,"2,252","3,332",{5770385f-c22a-43e0-bf4c-06f5698ffbd9},Microsoft-Windows-Sysmon,8838,Process terminated (rule: ProcessTerminate),NT AUTHORITY,S-1-5-18,SYSTEM,User,3
"Oct 23, 2022 @ 12:53:32.029",#NAME?,.ds-winlogbeat-8.2.3-2022.10.22-000001,-,af900420-7c4e-403a-86a4-3d707e3eab75,victim,b15c43c7-63a1-423e-901b-f1acc6401711,victim,winlogbeat,8.2.3,178.187.213.35.bc.googleusercontent.com,35.213.187.178,443,-,-,-,-,-,-,-,1.12.0,Network connection detected (rule: NetworkConnect),network,3,"Oct 23, 2022 @ 12:53:10.595","Oct 23, 2022 @ 12:53:37.733",event,sysmon,Microsoft-Windows-Sysmon,"start, connection, protocol",x86_64,victim,461f0bd2-c182-413a-8a41-2a8e4accb4a9,"fe80::4959:93ba:69a6:522d, 10.0.2.15, fe80::91a8:3d9e:36ba:f548, 172.19.96.10","08:00:27:7c:f3:ae, 08:00:27:22:f7:3c",victim,19044.1889,windows,10.0.19041.1889 (WinBuild.160101.0800),Windows 10 Enterprise Evaluation,Windows 10 Enterprise Evaluation,windows,windows,10,information,"Network connection detected:
RuleName: Usermode
UtcTime: 2022-10-25 17:47:32.029
ProcessGuid: {461f0bd2-20fd-6358-fe00-000000002500}
ProcessId: 3980
Image: C:\Users\Nicholas Lum\AppData\Local\Programs\Python\Python38\python.exe
User: VICTIM\Nicholas Lum
Protocol: tcp
Initiated: true
SourceIsIpv6: false
SourceIp: 10.0.2.15
SourceHostname: victim.lan
SourcePort: 49874
SourcePortName: -
DestinationIsIpv6: false
DestinationIp: 35.213.187.178
DestinationHostname: 178.187.213.35.bc.googleusercontent.com
DestinationPort: 443
DestinationPortName: https",1:oagPmahzKlyjdo/0N+tywWg/mQo=,egress,https,tcp,ipv4,-,-,-,-,{461f0bd2-20fd-6358-fe00-000000002500},C:\Users\Nicholas Lum\AppData\Local\Programs\Python\Python38\python.exe,C:\Users\Nicholas Lum\AppData\Local\Programs\Python\Python38\python.exe,-,-,python.exe,python.exe,-,-,-,-,-,-,-,-,-,-,-,-,-,-,-,-,3980,-,-,-,-,"10.0.2.15, 35.213.187.178",Nicholas Lum,Usermode,victim.lan,10.0.2.15,49874,-,VICTIM,S-1-5-18,Nicholas Lum,Nicholas Lum,wineventlog,Microsoft-Windows-Sysmon/Operational,victim,-,-,-,-,-,-,-,-,-,3,Info,"2,252","3,060",{5770385f-c22a-43e0-bf4c-06f5698ffbd9},Microsoft-Windows-Sysmon,8809,Network connection detected (rule: NetworkConnect),NT AUTHORITY,S-1-5-18,SYSTEM,User,5
"Oct 23, 2022 @ 12:53:31.084",#NAME?,.ds-winlogbeat-8.2.3-2022.10.22-000001,-,af900420-7c4e-403a-86a4-3d707e3eab75,victim,b15c43c7-63a1-423e-901b-f1acc6401711,victim,winlogbeat,8.2.3,178.187.213.35.bc.googleusercontent.com,35.213.187.178,443,-,-,-,-,-,-,-,1.12.0,Network connection detected (rule: NetworkConnect),network,3,"Oct 23, 2022 @ 12:53:08.601","Oct 23, 2022 @ 12:53:35.715",event,sysmon,Microsoft-Windows-Sysmon,"start, connection, protocol",x86_64,victim,461f0bd2-c182-413a-8a41-2a8e4accb4a9,"fe80::4959:93ba:69a6:522d, 10.0.2.15, fe80::91a8:3d9e:36ba:f548, 172.19.96.10","08:00:27:7c:f3:ae, 08:00:27:22:f7:3c",victim,19044.1889,windows,10.0.19041.1889 (WinBuild.160101.0800),Windows 10 Enterprise Evaluation,Windows 10 Enterprise Evaluation,windows,windows,10,information,"Network connection detected:
RuleName: Usermode
UtcTime: 2022-10-25 17:47:31.084
ProcessGuid: {461f0bd2-20fd-6358-fe00-000000002500}
ProcessId: 3980
Image: C:\Users\Nicholas Lum\AppData\Local\Programs\Python\Python38\python.exe
User: VICTIM\Nicholas Lum
Protocol: tcp
Initiated: true
SourceIsIpv6: false
SourceIp: 10.0.2.15
SourceHostname: victim.lan
SourcePort: 49873
SourcePortName: -
DestinationIsIpv6: false
DestinationIp: 35.213.187.178
DestinationHostname: 178.187.213.35.bc.googleusercontent.com
DestinationPort: 443
DestinationPortName: https",1:dnDAyFyY/eZPCtu14jk7P4/ViIQ=,egress,https,tcp,ipv4,-,-,-,-,{461f0bd2-20fd-6358-fe00-000000002500},C:\Users\Nicholas Lum\AppData\Local\Programs\Python\Python38\python.exe,C:\Users\Nicholas Lum\AppData\Local\Programs\Python\Python38\python.exe,-,-,python.exe,python.exe,-,-,-,-,-,-,-,-,-,-,-,-,-,-,-,-,3980,-,-,-,-,"10.0.2.15, 35.213.187.178",Nicholas Lum,Usermode,victim.lan,10.0.2.15,49873,-,VICTIM,S-1-5-18,Nicholas Lum,Nicholas Lum,wineventlog,Microsoft-Windows-Sysmon/Operational,victim,-,-,-,-,-,-,-,-,-,3,Info,"2,252","3,060",{5770385f-c22a-43e0-bf4c-06f5698ffbd9},Microsoft-Windows-Sysmon,8808,Network connection detected (rule: NetworkConnect),NT AUTHORITY,S-1-5-18,SYSTEM,User,5
"Oct 23, 2022 @ 12:53:30.136",95tBEIQBM0skPzkLwW2k,.ds-winlogbeat-8.2.3-2022.10.22-000001,-,af900420-7c4e-403a-86a4-3d707e3eab75,victim,b15c43c7-63a1-423e-901b-f1acc6401711,victim,winlogbeat,8.2.3,178.187.213.35.bc.googleusercontent.com,35.213.187.178,443,-,-,-,-,-,-,-,1.12.0,Network connection detected (rule: NetworkConnect),network,3,"Oct 23, 2022 @ 12:53:08.600","Oct 23, 2022 @ 12:53:35.708",event,sysmon,Microsoft-Windows-Sysmon,"start, connection, protocol",x86_64,victim,461f0bd2-c182-413a-8a41-2a8e4accb4a9,"fe80::4959:93ba:69a6:522d, 10.0.2.15, fe80::91a8:3d9e:36ba:f548, 172.19.96.10","08:00:27:7c:f3:ae, 08:00:27:22:f7:3c",victim,19044.1889,windows,10.0.19041.1889 (WinBuild.160101.0800),Windows 10 Enterprise Evaluation,Windows 10 Enterprise Evaluation,windows,windows,10,information,"Network connection detected:
RuleName: Usermode
UtcTime: 2022-10-25 17:47:30.136
ProcessGuid: {461f0bd2-20fd-6358-fe00-000000002500}
ProcessId: 3980
Image: C:\Users\Nicholas Lum\AppData\Local\Programs\Python\Python38\python.exe
User: VICTIM\Nicholas Lum
Protocol: tcp
Initiated: true
SourceIsIpv6: false
SourceIp: 10.0.2.15
SourceHostname: victim.lan
SourcePort: 49872
SourcePortName: -
DestinationIsIpv6: false
DestinationIp: 35.213.187.178
DestinationHostname: 178.187.213.35.bc.googleusercontent.com
DestinationPort: 443
DestinationPortName: https",1:SQsnaVlgjr59g/L1K9v9motEahE=,egress,https,tcp,ipv4,-,-,-,-,{461f0bd2-20fd-6358-fe00-000000002500},C:\Users\Nicholas Lum\AppData\Local\Programs\Python\Python38\python.exe,C:\Users\Nicholas Lum\AppData\Local\Programs\Python\Python38\python.exe,-,-,python.exe,python.exe,-,-,-,-,-,-,-,-,-,-,-,-,-,-,-,-,3980,-,-,-,-,"10.0.2.15, 35.213.187.178",Nicholas Lum,Usermode,victim.lan,10.0.2.15,49872,-,VICTIM,S-1-5-18,Nicholas Lum,Nicholas Lum,wineventlog,Microsoft-Windows-Sysmon/Operational,victim,-,-,-,-,-,-,-,-,-,3,Info,"2,252","3,060",{5770385f-c22a-43e0-bf4c-06f5698ffbd9},Microsoft-Windows-Sysmon,8807,Network connection detected (rule: NetworkConnect),NT AUTHORITY,S-1-5-18,SYSTEM,User,5
"Oct 23, 2022 @ 12:53:29.150",9ptBEIQBM0skPzkLvW2c,.ds-winlogbeat-8.2.3-2022.10.22-000001,-,af900420-7c4e-403a-86a4-3d707e3eab75,victim,b15c43c7-63a1-423e-901b-f1acc6401711,victim,winlogbeat,8.2.3,178.187.213.35.bc.googleusercontent.com,35.213.187.178,443,-,-,-,-,-,-,-,1.12.0,Network connection detected (rule: NetworkConnect),network,3,"Oct 23, 2022 @ 12:53:07.603","Oct 23, 2022 @ 12:53:34.675",event,sysmon,Microsoft-Windows-Sysmon,"start, connection, protocol",x86_64,victim,461f0bd2-c182-413a-8a41-2a8e4accb4a9,"fe80::4959:93ba:69a6:522d, 10.0.2.15, fe80::91a8:3d9e:36ba:f548, 172.19.96.10","08:00:27:7c:f3:ae, 08:00:27:22:f7:3c",victim,19044.1889,windows,10.0.19041.1889 (WinBuild.160101.0800),Windows 10 Enterprise Evaluation,Windows 10 Enterprise Evaluation,windows,windows,10,information,"Network connection detected:
RuleName: Usermode
UtcTime: 2022-10-25 17:47:29.150
ProcessGuid: {461f0bd2-20fd-6358-fe00-000000002500}
ProcessId: 3980
Image: C:\Users\Nicholas Lum\AppData\Local\Programs\Python\Python38\python.exe
User: VICTIM\Nicholas Lum
Protocol: tcp
Initiated: true
SourceIsIpv6: false
SourceIp: 10.0.2.15
SourceHostname: victim.lan
SourcePort: 49871
SourcePortName: -
DestinationIsIpv6: false
DestinationIp: 35.213.187.178
DestinationHostname: 178.187.213.35.bc.googleusercontent.com
DestinationPort: 443
DestinationPortName: https",1:HWHe6D5YrBe6f3Fx4xhNR6fJFxg=,egress,https,tcp,ipv4,-,-,-,-,{461f0bd2-20fd-6358-fe00-000000002500},C:\Users\Nicholas Lum\AppData\Local\Programs\Python\Python38\python.exe,C:\Users\Nicholas Lum\AppData\Local\Programs\Python\Python38\python.exe,-,-,python.exe,python.exe,-,-,-,-,-,-,-,-,-,-,-,-,-,-,-,-,3980,-,-,-,-,"10.0.2.15, 35.213.187.178",Nicholas Lum,Usermode,victim.lan,10.0.2.15,49871,-,VICTIM,S-1-5-18,Nicholas Lum,Nicholas Lum,wineventlog,Microsoft-Windows-Sysmon/Operational,victim,-,-,-,-,-,-,-,-,-,3,Info,"2,252","3,060",{5770385f-c22a-43e0-bf4c-06f5698ffbd9},Microsoft-Windows-Sysmon,8806,Network connection detected (rule: NetworkConnect),NT AUTHORITY,S-1-5-18,SYSTEM,User,5
"Oct 23, 2022 @ 12:53:28.234",9ZtBEIQBM0skPzkLtW2L,.ds-winlogbeat-8.2.3-2022.10.22-000001,-,af900420-7c4e-403a-86a4-3d707e3eab75,victim,b15c43c7-63a1-423e-901b-f1acc6401711,victim,winlogbeat,8.2.3,178.187.213.35.bc.googleusercontent.com,35.213.187.178,443,-,-,-,-,-,-,-,1.12.0,Network connection detected (rule: NetworkConnect),network,3,"Oct 23, 2022 @ 12:53:05.542","Oct 23, 2022 @ 12:53:32.618",event,sysmon,Microsoft-Windows-Sysmon,"start, connection, protocol",x86_64,victim,461f0bd2-c182-413a-8a41-2a8e4accb4a9,"fe80::4959:93ba:69a6:522d, 10.0.2.15, fe80::91a8:3d9e:36ba:f548, 172.19.96.10","08:00:27:7c:f3:ae, 08:00:27:22:f7:3c",victim,19044.1889,windows,10.0.19041.1889 (WinBuild.160101.0800),Windows 10 Enterprise Evaluation,Windows 10 Enterprise Evaluation,windows,windows,10,information,"Network connection detected:
RuleName: Usermode
UtcTime: 2022-10-25 17:47:28.234
ProcessGuid: {461f0bd2-20fd-6358-fe00-000000002500}
ProcessId: 3980
Image: C:\Users\Nicholas Lum\AppData\Local\Programs\Python\Python38\python.exe
User: VICTIM\Nicholas Lum
Protocol: tcp
Initiated: true
SourceIsIpv6: false
SourceIp: 10.0.2.15
SourceHostname: victim.lan
SourcePort: 49870
SourcePortName: -
DestinationIsIpv6: false
DestinationIp: 35.213.187.178
DestinationHostname: 178.187.213.35.bc.googleusercontent.com
DestinationPort: 443
DestinationPortName: https",1:kINs8orXZQMgTum3WhdC7vEY+Y4=,egress,https,tcp,ipv4,-,-,-,-,{461f0bd2-20fd-6358-fe00-000000002500},C:\Users\Nicholas Lum\AppData\Local\Programs\Python\Python38\python.exe,C:\Users\Nicholas Lum\AppData\Local\Programs\Python\Python38\python.exe,-,-,python.exe,python.exe,-,-,-,-,-,-,-,-,-,-,-,-,-,-,-,-,3980,-,-,-,-,"10.0.2.15, 35.213.187.178",Nicholas Lum,Usermode,victim.lan,10.0.2.15,49870,-,VICTIM,S-1-5-18,Nicholas Lum,Nicholas Lum,wineventlog,Microsoft-Windows-Sysmon/Operational,victim,-,-,-,-,-,-,-,-,-,3,Info,"2,252","3,060",{5770385f-c22a-43e0-bf4c-06f5698ffbd9},Microsoft-Windows-Sysmon,8805,Network connection detected (rule: NetworkConnect),NT AUTHORITY,S-1-5-18,SYSTEM,User,5
"Oct 23, 2022 @ 12:53:27.262",9JtBEIQBM0skPzkLtW2L,.ds-winlogbeat-8.2.3-2022.10.22-000001,-,af900420-7c4e-403a-86a4-3d707e3eab75,victim,b15c43c7-63a1-423e-901b-f1acc6401711,victim,winlogbeat,8.2.3,178.187.213.35.bc.googleusercontent.com,35.213.187.178,443,-,-,-,-,-,-,-,1.12.0,Network connection detected (rule: NetworkConnect),network,3,"Oct 23, 2022 @ 12:53:05.541","Oct 23, 2022 @ 12:53:32.613",event,sysmon,Microsoft-Windows-Sysmon,"start, connection, protocol",x86_64,victim,461f0bd2-c182-413a-8a41-2a8e4accb4a9,"fe80::4959:93ba:69a6:522d, 10.0.2.15, fe80::91a8:3d9e:36ba:f548, 172.19.96.10","08:00:27:7c:f3:ae, 08:00:27:22:f7:3c",victim,19044.1889,windows,10.0.19041.1889 (WinBuild.160101.0800),Windows 10 Enterprise Evaluation,Windows 10 Enterprise Evaluation,windows,windows,10,information,"Network connection detected:
RuleName: Usermode
UtcTime: 2022-10-25 17:47:27.262
ProcessGuid: {461f0bd2-20fd-6358-fe00-000000002500}
ProcessId: 3980
Image: C:\Users\Nicholas Lum\AppData\Local\Programs\Python\Python38\python.exe
User: VICTIM\Nicholas Lum
Protocol: tcp
Initiated: true
SourceIsIpv6: false
SourceIp: 10.0.2.15
SourceHostname: victim.lan
SourcePort: 49869
SourcePortName: -
DestinationIsIpv6: false
DestinationIp: 35.213.187.178
DestinationHostname: 178.187.213.35.bc.googleusercontent.com
DestinationPort: 443
DestinationPortName: https",1:isbL9dR+sj+X8ES7i/c84wVEJok=,egress,https,tcp,ipv4,-,-,-,-,{461f0bd2-20fd-6358-fe00-000000002500},C:\Users\Nicholas Lum\AppData\Local\Programs\Python\Python38\python.exe,C:\Users\Nicholas Lum\AppData\Local\Programs\Python\Python38\python.exe,-,-,python.exe,python.exe,-,-,-,-,-,-,-,-,-,-,-,-,-,-,-,-,3980,-,-,-,-,"10.0.2.15, 35.213.187.178",Nicholas Lum,Usermode,victim.lan,10.0.2.15,49869,-,VICTIM,S-1-5-18,Nicholas Lum,Nicholas Lum,wineventlog,Microsoft-Windows-Sysmon/Operational,victim,-,-,-,-,-,-,-,-,-,3,Info,"2,252","3,060",{5770385f-c22a-43e0-bf4c-06f5698ffbd9},Microsoft-Windows-Sysmon,8804,Network connection detected (rule: NetworkConnect),NT AUTHORITY,S-1-5-18,SYSTEM,User,5
"Oct 23, 2022 @ 12:53:26.316",85tBEIQBM0skPzkLrW2C,.ds-winlogbeat-8.2.3-2022.10.22-000001,-,af900420-7c4e-403a-86a4-3d707e3eab75,victim,b15c43c7-63a1-423e-901b-f1acc6401711,victim,winlogbeat,8.2.3,178.187.213.35.bc.googleusercontent.com,35.213.187.178,443,-,-,-,-,-,-,-,1.12.0,Network connection detected (rule: NetworkConnect),network,3,"Oct 23, 2022 @ 12:53:03.541","Oct 23, 2022 @ 12:53:30.561",event,sysmon,Microsoft-Windows-Sysmon,"start, connection, protocol",x86_64,victim,461f0bd2-c182-413a-8a41-2a8e4accb4a9,"fe80::4959:93ba:69a6:522d, 10.0.2.15, fe80::91a8:3d9e:36ba:f548, 172.19.96.10","08:00:27:7c:f3:ae, 08:00:27:22:f7:3c",victim,19044.1889,windows,10.0.19041.1889 (WinBuild.160101.0800),Windows 10 Enterprise Evaluation,Windows 10 Enterprise Evaluation,windows,windows,10,information,"Network connection detected:
RuleName: Usermode
UtcTime: 2022-10-25 17:47:26.316
ProcessGuid: {461f0bd2-20fd-6358-fe00-000000002500}
ProcessId: 3980
Image: C:\Users\Nicholas Lum\AppData\Local\Programs\Python\Python38\python.exe
User: VICTIM\Nicholas Lum
Protocol: tcp
Initiated: true
SourceIsIpv6: false
SourceIp: 10.0.2.15
SourceHostname: victim.lan
SourcePort: 49868
SourcePortName: -
DestinationIsIpv6: false
DestinationIp: 35.213.187.178
DestinationHostname: 178.187.213.35.bc.googleusercontent.com
DestinationPort: 443
DestinationPortName: https",1:/p0n7Ey4Q/ydE7+X/axlGFPxzQU=,egress,https,tcp,ipv4,-,-,-,-,{461f0bd2-20fd-6358-fe00-000000002500},C:\Users\Nicholas Lum\AppData\Local\Programs\Python\Python38\python.exe,C:\Users\Nicholas Lum\AppData\Local\Programs\Python\Python38\python.exe,-,-,python.exe,python.exe,-,-,-,-,-,-,-,-,-,-,-,-,-,-,-,-,3980,-,-,-,-,"10.0.2.15, 35.213.187.178",Nicholas Lum,Usermode,victim.lan,10.0.2.15,49868,-,VICTIM,S-1-5-18,Nicholas Lum,Nicholas Lum,wineventlog,Microsoft-Windows-Sysmon/Operational,victim,-,-,-,-,-,-,-,-,-,3,Info,"2,252","3,060",{5770385f-c22a-43e0-bf4c-06f5698ffbd9},Microsoft-Windows-Sysmon,8803,Network connection detected (rule: NetworkConnect),NT AUTHORITY,S-1-5-18,SYSTEM,User,5
"Oct 23, 2022 @ 12:53:25.382",8ptBEIQBM0skPzkLrW2C,.ds-winlogbeat-8.2.3-2022.10.22-000001,-,af900420-7c4e-403a-86a4-3d707e3eab75,victim,b15c43c7-63a1-423e-901b-f1acc6401711,victim,winlogbeat,8.2.3,178.187.213.35.bc.googleusercontent.com,35.213.187.178,443,-,-,-,-,-,-,-,1.12.0,Network connection detected (rule: NetworkConnect),network,3,"Oct 23, 2022 @ 12:53:03.541","Oct 23, 2022 @ 12:53:30.556",event,sysmon,Microsoft-Windows-Sysmon,"start, connection, protocol",x86_64,victim,461f0bd2-c182-413a-8a41-2a8e4accb4a9,"fe80::4959:93ba:69a6:522d, 10.0.2.15, fe80::91a8:3d9e:36ba:f548, 172.19.96.10","08:00:27:7c:f3:ae, 08:00:27:22:f7:3c",victim,19044.1889,windows,10.0.19041.1889 (WinBuild.160101.0800),Windows 10 Enterprise Evaluation,Windows 10 Enterprise Evaluation,windows,windows,10,information,"Network connection detected:
RuleName: Usermode
UtcTime: 2022-10-25 17:47:25.382
ProcessGuid: {461f0bd2-20fd-6358-fe00-000000002500}
ProcessId: 3980
Image: C:\Users\Nicholas Lum\AppData\Local\Programs\Python\Python38\python.exe
User: VICTIM\Nicholas Lum
Protocol: tcp
Initiated: true
SourceIsIpv6: false
SourceIp: 10.0.2.15
SourceHostname: victim.lan
SourcePort: 49867
SourcePortName: -
DestinationIsIpv6: false
DestinationIp: 35.213.187.178
DestinationHostname: 178.187.213.35.bc.googleusercontent.com
DestinationPort: 443
DestinationPortName: https",1:oy07HyMXnSjoh5BkM6in0pyGBsU=,egress,https,tcp,ipv4,-,-,-,-,{461f0bd2-20fd-6358-fe00-000000002500},C:\Users\Nicholas Lum\AppData\Local\Programs\Python\Python38\python.exe,C:\Users\Nicholas Lum\AppData\Local\Programs\Python\Python38\python.exe,-,-,python.exe,python.exe,-,-,-,-,-,-,-,-,-,-,-,-,-,-,-,-,3980,-,-,-,-,"10.0.2.15, 35.213.187.178",Nicholas Lum,Usermode,victim.lan,10.0.2.15,49867,-,VICTIM,S-1-5-18,Nicholas Lum,Nicholas Lum,wineventlog,Microsoft-Windows-Sysmon/Operational,victim,-,-,-,-,-,-,-,-,-,3,Info,"2,252","3,060",{5770385f-c22a-43e0-bf4c-06f5698ffbd9},Microsoft-Windows-Sysmon,8802,Network connection detected (rule: NetworkConnect),NT AUTHORITY,S-1-5-18,SYSTEM,User,5
"Oct 23, 2022 @ 12:53:23.586",8ZtBEIQBM0skPzkLpW1y,.ds-winlogbeat-8.2.3-2022.10.22-000001,-,af900420-7c4e-403a-86a4-3d707e3eab75,victim,b15c43c7-63a1-423e-901b-f1acc6401711,victim,winlogbeat,8.2.3,178.187.213.35.bc.googleusercontent.com,35.213.187.178,443,-,-,-,-,-,-,-,1.12.0,Network connection detected (rule: NetworkConnect),network,3,"Oct 23, 2022 @ 12:53:01.289","Oct 23, 2022 @ 12:53:28.492",event,sysmon,Microsoft-Windows-Sysmon,"start, connection, protocol",x86_64,victim,461f0bd2-c182-413a-8a41-2a8e4accb4a9,"fe80::4959:93ba:69a6:522d, 10.0.2.15, fe80::91a8:3d9e:36ba:f548, 172.19.96.10","08:00:27:7c:f3:ae, 08:00:27:22:f7:3c",victim,19044.1889,windows,10.0.19041.1889 (WinBuild.160101.0800),Windows 10 Enterprise Evaluation,Windows 10 Enterprise Evaluation,windows,windows,10,information,"Network connection detected:
RuleName: Usermode
UtcTime: 2022-10-25 17:47:23.586
ProcessGuid: {461f0bd2-20fd-6358-fe00-000000002500}
ProcessId: 3980
Image: C:\Users\Nicholas Lum\AppData\Local\Programs\Python\Python38\python.exe
User: VICTIM\Nicholas Lum
Protocol: tcp
Initiated: true
SourceIsIpv6: false
SourceIp: 10.0.2.15
SourceHostname: victim.lan
SourcePort: 49866
SourcePortName: -
DestinationIsIpv6: false
DestinationIp: 35.213.187.178
DestinationHostname: 178.187.213.35.bc.googleusercontent.com
DestinationPort: 443
DestinationPortName: https",1:cwyF+u5DPXLeuQzDskE7vo1rj5Y=,egress,https,tcp,ipv4,-,-,-,-,{461f0bd2-20fd-6358-fe00-000000002500},C:\Users\Nicholas Lum\AppData\Local\Programs\Python\Python38\python.exe,C:\Users\Nicholas Lum\AppData\Local\Programs\Python\Python38\python.exe,-,-,python.exe,python.exe,-,-,-,-,-,-,-,-,-,-,-,-,-,-,-,-,3980,-,-,-,-,"10.0.2.15, 35.213.187.178",Nicholas Lum,Usermode,victim.lan,10.0.2.15,49866,-,VICTIM,S-1-5-18,Nicholas Lum,Nicholas Lum,wineventlog,Microsoft-Windows-Sysmon/Operational,victim,-,-,-,-,-,-,-,-,-,3,Info,"2,252","3,060",{5770385f-c22a-43e0-bf4c-06f5698ffbd9},Microsoft-Windows-Sysmon,8801,Network connection detected (rule: NetworkConnect),NT AUTHORITY,S-1-5-18,SYSTEM,User,5
"Oct 23, 2022 @ 12:53:22.670",8JtBEIQBM0skPzkLoW1m,.ds-winlogbeat-8.2.3-2022.10.22-000001,-,af900420-7c4e-403a-86a4-3d707e3eab75,victim,b15c43c7-63a1-423e-901b-f1acc6401711,victim,winlogbeat,8.2.3,178.187.213.35.bc.googleusercontent.com,35.213.187.178,443,-,-,-,-,-,-,-,1.12.0,Network connection detected (rule: NetworkConnect),network,3,"Oct 23, 2022 @ 12:53:00.158","Oct 23, 2022 @ 12:53:27.461",event,sysmon,Microsoft-Windows-Sysmon,"start, connection, protocol",x86_64,victim,461f0bd2-c182-413a-8a41-2a8e4accb4a9,"fe80::4959:93ba:69a6:522d, 10.0.2.15, fe80::91a8:3d9e:36ba:f548, 172.19.96.10","08:00:27:7c:f3:ae, 08:00:27:22:f7:3c",victim,19044.1889,windows,10.0.19041.1889 (WinBuild.160101.0800),Windows 10 Enterprise Evaluation,Windows 10 Enterprise Evaluation,windows,windows,10,information,"Network connection detected:
RuleName: Usermode
UtcTime: 2022-10-25 17:47:22.670
ProcessGuid: {461f0bd2-20fd-6358-fe00-000000002500}
ProcessId: 3980
Image: C:\Users\Nicholas Lum\AppData\Local\Programs\Python\Python38\python.exe
User: VICTIM\Nicholas Lum
Protocol: tcp
Initiated: true
SourceIsIpv6: false
SourceIp: 10.0.2.15
SourceHostname: victim.lan
SourcePort: 49865
SourcePortName: -
DestinationIsIpv6: false
DestinationIp: 35.213.187.178
DestinationHostname: 178.187.213.35.bc.googleusercontent.com
DestinationPort: 443
DestinationPortName: https",1:zArbiS9fEe4dtR1S3zENzc+z7Bk=,egress,https,tcp,ipv4,-,-,-,-,{461f0bd2-20fd-6358-fe00-000000002500},C:\Users\Nicholas Lum\AppData\Local\Programs\Python\Python38\python.exe,C:\Users\Nicholas Lum\AppData\Local\Programs\Python\Python38\python.exe,-,-,python.exe,python.exe,-,-,-,-,-,-,-,-,-,-,-,-,-,-,-,-,3980,-,-,-,-,"10.0.2.15, 35.213.187.178",Nicholas Lum,Usermode,victim.lan,10.0.2.15,49865,-,VICTIM,S-1-5-18,Nicholas Lum,Nicholas Lum,wineventlog,Microsoft-Windows-Sysmon/Operational,victim,-,-,-,-,-,-,-,-,-,3,Info,"2,252","3,060",{5770385f-c22a-43e0-bf4c-06f5698ffbd9},Microsoft-Windows-Sysmon,8800,Network connection detected (rule: NetworkConnect),NT AUTHORITY,S-1-5-18,SYSTEM,User,5
"Oct 23, 2022 @ 12:53:21.459",75tBEIQBM0skPzkLnW1d,.ds-winlogbeat-8.2.3-2022.10.22-000001,-,af900420-7c4e-403a-86a4-3d707e3eab75,victim,b15c43c7-63a1-423e-901b-f1acc6401711,victim,winlogbeat,8.2.3,178.187.213.35.bc.googleusercontent.com,35.213.187.178,443,-,-,-,-,-,-,-,1.12.0,Network connection detected (rule: NetworkConnect),network,3,"Oct 23, 2022 @ 01:46:59.030","Oct 23, 2022 @ 12:53:26.422",event,sysmon,Microsoft-Windows-Sysmon,"start, connection, protocol",x86_64,victim,461f0bd2-c182-413a-8a41-2a8e4accb4a9,"fe80::4959:93ba:69a6:522d, 10.0.2.15, fe80::91a8:3d9e:36ba:f548, 172.19.96.10","08:00:27:7c:f3:ae, 08:00:27:22:f7:3c",victim,19044.1889,windows,10.0.19041.1889 (WinBuild.160101.0800),Windows 10 Enterprise Evaluation,Windows 10 Enterprise Evaluation,windows,windows,10,information,"Network connection detected:
RuleName: Usermode
UtcTime: 2022-10-25 17:47:21.459
ProcessGuid: {461f0bd2-20fd-6358-fe00-000000002500}
ProcessId: 3980
Image: C:\Users\Nicholas Lum\AppData\Local\Programs\Python\Python38\python.exe
User: VICTIM\Nicholas Lum
Protocol: tcp
Initiated: true
SourceIsIpv6: false
SourceIp: 10.0.2.15
SourceHostname: victim.lan
SourcePort: 49864
SourcePortName: -
DestinationIsIpv6: false
DestinationIp: 35.213.187.178
DestinationHostname: 178.187.213.35.bc.googleusercontent.com
DestinationPort: 443
DestinationPortName: https",1:nKbrvpVF9vCqFF+6dvvFlhy9bjE=,egress,https,tcp,ipv4,-,-,-,-,{461f0bd2-20fd-6358-fe00-000000002500},C:\Users\Nicholas Lum\AppData\Local\Programs\Python\Python38\python.exe,C:\Users\Nicholas Lum\AppData\Local\Programs\Python\Python38\python.exe,-,-,python.exe,python.exe,-,-,-,-,-,-,-,-,-,-,-,-,-,-,-,-,3980,-,-,-,-,"10.0.2.15, 35.213.187.178",Nicholas Lum,Usermode,victim.lan,10.0.2.15,49864,-,VICTIM,S-1-5-18,Nicholas Lum,Nicholas Lum,wineventlog,Microsoft-Windows-Sysmon/Operational,victim,-,-,-,-,-,-,-,-,-,3,Info,"2,252","3,060",{5770385f-c22a-43e0-bf4c-06f5698ffbd9},Microsoft-Windows-Sysmon,8799,Network connection detected (rule: NetworkConnect),NT AUTHORITY,S-1-5-18,SYSTEM,User,5
"Oct 23, 2022 @ 12:53:19.942",7ptBEIQBM0skPzkLmW1I,.ds-winlogbeat-8.2.3-2022.10.22-000001,-,af900420-7c4e-403a-86a4-3d707e3eab75,victim,b15c43c7-63a1-423e-901b-f1acc6401711,victim,winlogbeat,8.2.3,178.187.213.35.bc.googleusercontent.com,35.213.187.178,443,-,-,-,-,-,-,-,1.12.0,Network connection detected (rule: NetworkConnect),network,3,"Oct 23, 2022 @ 01:46:57.906","Oct 23, 2022 @ 12:53:25.377",event,sysmon,Microsoft-Windows-Sysmon,"start, connection, protocol",x86_64,victim,461f0bd2-c182-413a-8a41-2a8e4accb4a9,"fe80::4959:93ba:69a6:522d, 10.0.2.15, fe80::91a8:3d9e:36ba:f548, 172.19.96.10","08:00:27:7c:f3:ae, 08:00:27:22:f7:3c",victim,19044.1889,windows,10.0.19041.1889 (WinBuild.160101.0800),Windows 10 Enterprise Evaluation,Windows 10 Enterprise Evaluation,windows,windows,10,information,"Network connection detected:
RuleName: Usermode
UtcTime: 2022-10-25 17:47:19.942
ProcessGuid: {461f0bd2-20fd-6358-fe00-000000002500}
ProcessId: 3980
Image: C:\Users\Nicholas Lum\AppData\Local\Programs\Python\Python38\python.exe
User: VICTIM\Nicholas Lum
Protocol: tcp
Initiated: true
SourceIsIpv6: false
SourceIp: 10.0.2.15
SourceHostname: victim.lan
SourcePort: 49863
SourcePortName: -
DestinationIsIpv6: false
DestinationIp: 35.213.187.178
DestinationHostname: 178.187.213.35.bc.googleusercontent.com
DestinationPort: 443
DestinationPortName: https",1:1R7OC5BM7MFPqiBAqM1V2oRHarc=,egress,https,tcp,ipv4,-,-,-,-,{461f0bd2-20fd-6358-fe00-000000002500},C:\Users\Nicholas Lum\AppData\Local\Programs\Python\Python38\python.exe,C:\Users\Nicholas Lum\AppData\Local\Programs\Python\Python38\python.exe,-,-,python.exe,python.exe,-,-,-,-,-,-,-,-,-,-,-,-,-,-,-,-,3980,-,-,-,-,"10.0.2.15, 35.213.187.178",Nicholas Lum,Usermode,victim.lan,10.0.2.15,49863,-,VICTIM,S-1-5-18,Nicholas Lum,Nicholas Lum,wineventlog,Microsoft-Windows-Sysmon/Operational,victim,-,-,-,-,-,-,-,-,-,3,Info,"2,252","3,060",{5770385f-c22a-43e0-bf4c-06f5698ffbd9},Microsoft-Windows-Sysmon,8798,Network connection detected (rule: NetworkConnect),NT AUTHORITY,S-1-5-18,SYSTEM,User,5
"Oct 23, 2022 @ 12:53:18.869",7ZtBEIQBM0skPzkLkW1A,.ds-winlogbeat-8.2.3-2022.10.22-000001,-,af900420-7c4e-403a-86a4-3d707e3eab75,victim,b15c43c7-63a1-423e-901b-f1acc6401711,victim,winlogbeat,8.2.3,178.187.213.35.bc.googleusercontent.com,35.213.187.178,443,-,-,-,-,-,-,-,1.12.0,Network connection detected (rule: NetworkConnect),network,3,"Oct 23, 2022 @ 01:46:55.646","Oct 23, 2022 @ 12:53:23.327",event,sysmon,Microsoft-Windows-Sysmon,"start, connection, protocol",x86_64,victim,461f0bd2-c182-413a-8a41-2a8e4accb4a9,"fe80::4959:93ba:69a6:522d, 10.0.2.15, fe80::91a8:3d9e:36ba:f548, 172.19.96.10","08:00:27:7c:f3:ae, 08:00:27:22:f7:3c",victim,19044.1889,windows,10.0.19041.1889 (WinBuild.160101.0800),Windows 10 Enterprise Evaluation,Windows 10 Enterprise Evaluation,windows,windows,10,information,"Network connection detected:
RuleName: Usermode
UtcTime: 2022-10-25 17:47:18.869
ProcessGuid: {461f0bd2-20fd-6358-fe00-000000002500}
ProcessId: 3980
Image: C:\Users\Nicholas Lum\AppData\Local\Programs\Python\Python38\python.exe
User: VICTIM\Nicholas Lum
Protocol: tcp
Initiated: true
SourceIsIpv6: false
SourceIp: 10.0.2.15
SourceHostname: victim.lan
SourcePort: 49862
SourcePortName: -
DestinationIsIpv6: false
DestinationIp: 35.213.187.178
DestinationHostname: 178.187.213.35.bc.googleusercontent.com
DestinationPort: 443
DestinationPortName: https",1:Xni03vMiS/dV6c/GFujJkpTQILo=,egress,https,tcp,ipv4,-,-,-,-,{461f0bd2-20fd-6358-fe00-000000002500},C:\Users\Nicholas Lum\AppData\Local\Programs\Python\Python38\python.exe,C:\Users\Nicholas Lum\AppData\Local\Programs\Python\Python38\python.exe,-,-,python.exe,python.exe,-,-,-,-,-,-,-,-,-,-,-,-,-,-,-,-,3980,-,-,-,-,"10.0.2.15, 35.213.187.178",Nicholas Lum,Usermode,victim.lan,10.0.2.15,49862,-,VICTIM,S-1-5-18,Nicholas Lum,Nicholas Lum,wineventlog,Microsoft-Windows-Sysmon/Operational,victim,-,-,-,-,-,-,-,-,-,3,Info,"2,252","3,060",{5770385f-c22a-43e0-bf4c-06f5698ffbd9},Microsoft-Windows-Sysmon,8797,Network connection detected (rule: NetworkConnect),NT AUTHORITY,S-1-5-18,SYSTEM,User,5
"Oct 23, 2022 @ 12:53:17.929",7JtBEIQBM0skPzkLkW1A,.ds-winlogbeat-8.2.3-2022.10.22-000001,-,af900420-7c4e-403a-86a4-3d707e3eab75,victim,b15c43c7-63a1-423e-901b-f1acc6401711,victim,winlogbeat,8.2.3,178.187.213.35.bc.googleusercontent.com,35.213.187.178,443,-,-,-,-,-,-,-,1.12.0,Network connection detected (rule: NetworkConnect),network,3,"Oct 23, 2022 @ 01:46:55.646","Oct 23, 2022 @ 12:53:23.321",event,sysmon,Microsoft-Windows-Sysmon,"start, connection, protocol",x86_64,victim,461f0bd2-c182-413a-8a41-2a8e4accb4a9,"fe80::4959:93ba:69a6:522d, 10.0.2.15, fe80::91a8:3d9e:36ba:f548, 172.19.96.10","08:00:27:7c:f3:ae, 08:00:27:22:f7:3c",victim,19044.1889,windows,10.0.19041.1889 (WinBuild.160101.0800),Windows 10 Enterprise Evaluation,Windows 10 Enterprise Evaluation,windows,windows,10,information,"Network connection detected:
RuleName: Usermode
UtcTime: 2022-10-25 17:47:17.929
ProcessGuid: {461f0bd2-20fd-6358-fe00-000000002500}
ProcessId: 3980
Image: C:\Users\Nicholas Lum\AppData\Local\Programs\Python\Python38\python.exe
User: VICTIM\Nicholas Lum
Protocol: tcp
Initiated: true
SourceIsIpv6: false
SourceIp: 10.0.2.15
SourceHostname: victim.lan
SourcePort: 49861
SourcePortName: -
DestinationIsIpv6: false
DestinationIp: 35.213.187.178
DestinationHostname: 178.187.213.35.bc.googleusercontent.com
DestinationPort: 443
DestinationPortName: https",1:OyilxVhvJCtYEffVXzWvRlfGISg=,egress,https,tcp,ipv4,-,-,-,-,{461f0bd2-20fd-6358-fe00-000000002500},C:\Users\Nicholas Lum\AppData\Local\Programs\Python\Python38\python.exe,C:\Users\Nicholas Lum\AppData\Local\Programs\Python\Python38\python.exe,-,-,python.exe,python.exe,-,-,-,-,-,-,-,-,-,-,-,-,-,-,-,-,3980,-,-,-,-,"10.0.2.15, 35.213.187.178",Nicholas Lum,Usermode,victim.lan,10.0.2.15,49861,-,VICTIM,S-1-5-18,Nicholas Lum,Nicholas Lum,wineventlog,Microsoft-Windows-Sysmon/Operational,victim,-,-,-,-,-,-,-,-,-,3,Info,"2,252","3,060",{5770385f-c22a-43e0-bf4c-06f5698ffbd9},Microsoft-Windows-Sysmon,8796,Network connection detected (rule: NetworkConnect),NT AUTHORITY,S-1-5-18,SYSTEM,User,5
"Oct 23, 2022 @ 12:53:17.001",65tBEIQBM0skPzkLiW1k,.ds-winlogbeat-8.2.3-2022.10.22-000001,-,af900420-7c4e-403a-86a4-3d707e3eab75,victim,b15c43c7-63a1-423e-901b-f1acc6401711,victim,winlogbeat,8.2.3,178.187.213.35.bc.googleusercontent.com,35.213.187.178,443,-,-,-,-,-,-,-,1.12.0,Network connection detected (rule: NetworkConnect),network,3,"Oct 23, 2022 @ 01:46:53.413","Oct 23, 2022 @ 12:53:21.314",event,sysmon,Microsoft-Windows-Sysmon,"start, connection, protocol",x86_64,victim,461f0bd2-c182-413a-8a41-2a8e4accb4a9,"fe80::4959:93ba:69a6:522d, 10.0.2.15, fe80::91a8:3d9e:36ba:f548, 172.19.96.10","08:00:27:7c:f3:ae, 08:00:27:22:f7:3c",victim,19044.1889,windows,10.0.19041.1889 (WinBuild.160101.0800),Windows 10 Enterprise Evaluation,Windows 10 Enterprise Evaluation,windows,windows,10,information,"Network connection detected:
RuleName: Usermode
UtcTime: 2022-10-25 17:47:17.001
ProcessGuid: {461f0bd2-20fd-6358-fe00-000000002500}
ProcessId: 3980
Image: C:\Users\Nicholas Lum\AppData\Local\Programs\Python\Python38\python.exe
User: VICTIM\Nicholas Lum
Protocol: tcp
Initiated: true
SourceIsIpv6: false
SourceIp: 10.0.2.15
SourceHostname: victim.lan
SourcePort: 49860
SourcePortName: -
DestinationIsIpv6: false
DestinationIp: 35.213.187.178
DestinationHostname: 178.187.213.35.bc.googleusercontent.com
DestinationPort: 443
DestinationPortName: https",1:tLzJ+27rgfe1A3vm/b7pmL6Dk2E=,egress,https,tcp,ipv4,-,-,-,-,{461f0bd2-20fd-6358-fe00-000000002500},C:\Users\Nicholas Lum\AppData\Local\Programs\Python\Python38\python.exe,C:\Users\Nicholas Lum\AppData\Local\Programs\Python\Python38\python.exe,-,-,python.exe,python.exe,-,-,-,-,-,-,-,-,-,-,-,-,-,-,-,-,3980,-,-,-,-,"10.0.2.15, 35.213.187.178",Nicholas Lum,Usermode,victim.lan,10.0.2.15,49860,-,VICTIM,S-1-5-18,Nicholas Lum,Nicholas Lum,wineventlog,Microsoft-Windows-Sysmon/Operational,victim,-,-,-,-,-,-,-,-,-,3,Info,"2,252","3,060",{5770385f-c22a-43e0-bf4c-06f5698ffbd9},Microsoft-Windows-Sysmon,8795,Network connection detected (rule: NetworkConnect),NT AUTHORITY,S-1-5-18,SYSTEM,User,5
"Oct 23, 2022 @ 12:53:16.067",6ptBEIQBM0skPzkLiW1k,.ds-winlogbeat-8.2.3-2022.10.22-000001,-,af900420-7c4e-403a-86a4-3d707e3eab75,victim,b15c43c7-63a1-423e-901b-f1acc6401711,victim,winlogbeat,8.2.3,178.187.213.35.bc.googleusercontent.com,35.213.187.178,443,-,-,-,-,-,-,-,1.12.0,Network connection detected (rule: NetworkConnect),network,3,"Oct 23, 2022 @ 01:46:53.413","Oct 23, 2022 @ 12:53:21.276",event,sysmon,Microsoft-Windows-Sysmon,"start, connection, protocol",x86_64,victim,461f0bd2-c182-413a-8a41-2a8e4accb4a9,"fe80::4959:93ba:69a6:522d, 10.0.2.15, fe80::91a8:3d9e:36ba:f548, 172.19.96.10","08:00:27:7c:f3:ae, 08:00:27:22:f7:3c",victim,19044.1889,windows,10.0.19041.1889 (WinBuild.160101.0800),Windows 10 Enterprise Evaluation,Windows 10 Enterprise Evaluation,windows,windows,10,information,"Network connection detected:
RuleName: Usermode
UtcTime: 2022-10-25 17:47:16.067
ProcessGuid: {461f0bd2-20fd-6358-fe00-000000002500}
ProcessId: 3980
Image: C:\Users\Nicholas Lum\AppData\Local\Programs\Python\Python38\python.exe
User: VICTIM\Nicholas Lum
Protocol: tcp
Initiated: true
SourceIsIpv6: false
SourceIp: 10.0.2.15
SourceHostname: victim.lan
SourcePort: 49859
SourcePortName: -
DestinationIsIpv6: false
DestinationIp: 35.213.187.178
DestinationHostname: 178.187.213.35.bc.googleusercontent.com
DestinationPort: 443
DestinationPortName: https",1:uLIrRSd0k6v26lOV6LgjCaYyw7M=,egress,https,tcp,ipv4,-,-,-,-,{461f0bd2-20fd-6358-fe00-000000002500},C:\Users\Nicholas Lum\AppData\Local\Programs\Python\Python38\python.exe,C:\Users\Nicholas Lum\AppData\Local\Programs\Python\Python38\python.exe,-,-,python.exe,python.exe,-,-,-,-,-,-,-,-,-,-,-,-,-,-,-,-,3980,-,-,-,-,"10.0.2.15, 35.213.187.178",Nicholas Lum,Usermode,victim.lan,10.0.2.15,49859,-,VICTIM,S-1-5-18,Nicholas Lum,Nicholas Lum,wineventlog,Microsoft-Windows-Sysmon/Operational,victim,-,-,-,-,-,-,-,-,-,3,Info,"2,252","3,060",{5770385f-c22a-43e0-bf4c-06f5698ffbd9},Microsoft-Windows-Sysmon,8794,Network connection detected (rule: NetworkConnect),NT AUTHORITY,S-1-5-18,SYSTEM,User,5
"Oct 23, 2022 @ 12:53:15.059",6ZtBEIQBM0skPzkLhW1I,.ds-winlogbeat-8.2.3-2022.10.22-000001,-,af900420-7c4e-403a-86a4-3d707e3eab75,victim,b15c43c7-63a1-423e-901b-f1acc6401711,victim,winlogbeat,8.2.3,178.187.213.35.bc.googleusercontent.com,35.213.187.178,443,-,-,-,-,-,-,-,1.12.0,Network connection detected (rule: NetworkConnect),network,3,"Oct 23, 2022 @ 01:46:52.262","Oct 23, 2022 @ 12:53:20.257",event,sysmon,Microsoft-Windows-Sysmon,"start, connection, protocol",x86_64,victim,461f0bd2-c182-413a-8a41-2a8e4accb4a9,"fe80::4959:93ba:69a6:522d, 10.0.2.15, fe80::91a8:3d9e:36ba:f548, 172.19.96.10","08:00:27:7c:f3:ae, 08:00:27:22:f7:3c",victim,19044.1889,windows,10.0.19041.1889 (WinBuild.160101.0800),Windows 10 Enterprise Evaluation,Windows 10 Enterprise Evaluation,windows,windows,10,information,"Network connection detected:
RuleName: Usermode
UtcTime: 2022-10-25 17:47:15.059
ProcessGuid: {461f0bd2-20fd-6358-fe00-000000002500}
ProcessId: 3980
Image: C:\Users\Nicholas Lum\AppData\Local\Programs\Python\Python38\python.exe
User: VICTIM\Nicholas Lum
Protocol: tcp
Initiated: true
SourceIsIpv6: false
SourceIp: 10.0.2.15
SourceHostname: victim.lan
SourcePort: 49858
SourcePortName: -
DestinationIsIpv6: false
DestinationIp: 35.213.187.178
DestinationHostname: 178.187.213.35.bc.googleusercontent.com
DestinationPort: 443
DestinationPortName: https",1:oHOpnJRWu3LAOzprlA0ZBNdPl04=,egress,https,tcp,ipv4,-,-,-,-,{461f0bd2-20fd-6358-fe00-000000002500},C:\Users\Nicholas Lum\AppData\Local\Programs\Python\Python38\python.exe,C:\Users\Nicholas Lum\AppData\Local\Programs\Python\Python38\python.exe,-,-,python.exe,python.exe,-,-,-,-,-,-,-,-,-,-,-,-,-,-,-,-,3980,-,-,-,-,"10.0.2.15, 35.213.187.178",Nicholas Lum,Usermode,victim.lan,10.0.2.15,49858,-,VICTIM,S-1-5-18,Nicholas Lum,Nicholas Lum,wineventlog,Microsoft-Windows-Sysmon/Operational,victim,-,-,-,-,-,-,-,-,-,3,Info,"2,252","3,060",{5770385f-c22a-43e0-bf4c-06f5698ffbd9},Microsoft-Windows-Sysmon,8793,Network connection detected (rule: NetworkConnect),NT AUTHORITY,S-1-5-18,SYSTEM,User,5
"Oct 23, 2022 @ 12:53:14.077",6JtBEIQBM0skPzkLhG0a,.ds-winlogbeat-8.2.3-2022.10.22-000001,-,af900420-7c4e-403a-86a4-3d707e3eab75,victim,b15c43c7-63a1-423e-901b-f1acc6401711,victim,winlogbeat,8.2.3,178.187.213.35.bc.googleusercontent.com,35.213.187.178,443,-,-,-,-,-,-,-,1.12.0,Network connection detected (rule: NetworkConnect),network,3,"Oct 23, 2022 @ 01:46:51.026","Oct 23, 2022 @ 12:53:19.874",event,sysmon,Microsoft-Windows-Sysmon,"start, connection, protocol",x86_64,victim,461f0bd2-c182-413a-8a41-2a8e4accb4a9,"fe80::4959:93ba:69a6:522d, 10.0.2.15, fe80::91a8:3d9e:36ba:f548, 172.19.96.10","08:00:27:7c:f3:ae, 08:00:27:22:f7:3c",victim,19044.1889,windows,10.0.19041.1889 (WinBuild.160101.0800),Windows 10 Enterprise Evaluation,Windows 10 Enterprise Evaluation,windows,windows,10,information,"Network connection detected:
RuleName: Usermode
UtcTime: 2022-10-25 17:47:14.077
ProcessGuid: {461f0bd2-20fd-6358-fe00-000000002500}
ProcessId: 3980
Image: C:\Users\Nicholas Lum\AppData\Local\Programs\Python\Python38\python.exe
User: VICTIM\Nicholas Lum
Protocol: tcp
Initiated: true
SourceIsIpv6: false
SourceIp: 10.0.2.15
SourceHostname: victim.lan
SourcePort: 49857
SourcePortName: -
DestinationIsIpv6: false
DestinationIp: 35.213.187.178
DestinationHostname: 178.187.213.35.bc.googleusercontent.com
DestinationPort: 443
DestinationPortName: https",1:jYsXO9Zf8bu6OmVkUTjlXb8xDWA=,egress,https,tcp,ipv4,-,-,-,-,{461f0bd2-20fd-6358-fe00-000000002500},C:\Users\Nicholas Lum\AppData\Local\Programs\Python\Python38\python.exe,C:\Users\Nicholas Lum\AppData\Local\Programs\Python\Python38\python.exe,-,-,python.exe,python.exe,-,-,-,-,-,-,-,-,-,-,-,-,-,-,-,-,3980,-,-,-,-,"10.0.2.15, 35.213.187.178",Nicholas Lum,Usermode,victim.lan,10.0.2.15,49857,-,VICTIM,S-1-5-18,Nicholas Lum,Nicholas Lum,wineventlog,Microsoft-Windows-Sysmon/Operational,victim,-,-,-,-,-,-,-,-,-,3,Info,"2,252","3,060",{5770385f-c22a-43e0-bf4c-06f5698ffbd9},Microsoft-Windows-Sysmon,8792,Network connection detected (rule: NetworkConnect),NT AUTHORITY,S-1-5-18,SYSTEM,User,5
