@timestamp,_id,_index,_score,agent.ephemeral_id,agent.hostname,agent.id,agent.name,agent.type,agent.version,destination.domain,destination.ip,destination.port,dns.answers.data,dns.answers.type,dns.question.name,dns.question.registered_domain,dns.question.subdomain,dns.question.top_level_domain,dns.resolved_ip,ecs.version,event.action,event.category,event.code,event.created,event.ingested,event.kind,event.module,event.provider,event.type,host.architecture,host.hostname,host.id,host.ip,host.mac,host.name,host.os.build,host.os.family,host.os.kernel,host.os.name,host.os.name.text,host.os.platform,host.os.type,host.os.version,log.level,message,network.community_id,network.direction,network.protocol,network.transport,network.type,process.args,process.args_count,process.command_line,process.command_line.text,process.entity_id,process.executable,process.executable.text,process.hash.md5,process.hash.sha256,process.name,process.name.text,process.parent.args,process.parent.args_count,process.parent.command_line,process.parent.command_line.text,process.parent.entity_id,process.parent.executable,process.parent.executable.text,process.parent.name,process.parent.name.text,process.parent.pid,process.pe.company,process.pe.description,process.pe.file_version,process.pe.imphash,process.pe.original_file_name,process.pe.product,process.pid,process.working_directory,process.working_directory.text,related.hash,related.hosts,related.ip,related.user,rule.name,source.domain,source.ip,source.port,sysmon.dns.status,user.domain,user.id,user.name,user.name.text,winlog.api,winlog.channel,winlog.computer_name,winlog.event_data.Company,winlog.event_data.Description,winlog.event_data.FileVersion,winlog.event_data.IntegrityLevel,winlog.event_data.LogonGuid,winlog.event_data.LogonId,winlog.event_data.ParentUser,winlog.event_data.Product,winlog.event_data.TerminalSessionId,winlog.event_id,winlog.opcode,winlog.process.pid,winlog.process.thread.id,winlog.provider_guid,winlog.provider_name,winlog.record_id,winlog.task,winlog.user.domain,winlog.user.identifier,winlog.user.name,winlog.user.type,winlog.version
"Oct 23, 2022 @ 12:53:59.831",FZtCEIQBM0skPzkLMW65,.ds-winlogbeat-8.2.3-2022.10.22-000001,-,af900420-7c4e-403a-86a4-3d707e3eab75,victim,b15c43c7-63a1-423e-901b-f1acc6401711,victim,winlogbeat,8.2.3,178.187.213.35.bc.googleusercontent.com,35.213.187.178,443,-,-,-,-,-,-,-,1.12.0,Network connection detected (rule: NetworkConnect),network,3,"Oct 23, 2022 @ 12:53:32.916","Oct 23, 2022 @ 01:48:04.408",event,sysmon,Microsoft-Windows-Sysmon,"start, connection, protocol",x86_64,victim,461f0bd2-c182-413a-8a41-2a8e4accb4a9,"fe80::4959:93ba:69a6:522d, 10.0.2.15, fe80::91a8:3d9e:36ba:f548, 172.19.96.10","08:00:27:7c:f3:ae, 08:00:27:22:f7:3c",victim,19044.1889,windows,10.0.19041.1889 (WinBuild.160101.0800),Windows 10 Enterprise Evaluation,Windows 10 Enterprise Evaluation,windows,windows,10,information,"Network connection detected:
RuleName: Usermode
UtcTime: 2022-10-25 17:47:59.831
ProcessGuid: {461f0bd2-20fd-6358-fe00-000000002500}
ProcessId: 3980
Image: C:\Users\Nicholas Lum\AppData\Local\Programs\Python\Python38\python.exe
User: VICTIM\Nicholas Lum
Protocol: tcp
Initiated: true
SourceIsIpv6: false
SourceIp: 10.0.2.15
SourceHostname: victim.lan
SourcePort: 49902
SourcePortName: -
DestinationIsIpv6: false
DestinationIp: 35.213.187.178
DestinationHostname: 178.187.213.35.bc.googleusercontent.com
DestinationPort: 443
DestinationPortName: https",1:aLHP7vlhVSG5cHpOhWO2h4Vbc2s=,egress,https,tcp,ipv4,-,-,-,-,{461f0bd2-20fd-6358-fe00-000000002500},C:\Users\Nicholas Lum\AppData\Local\Programs\Python\Python38\python.exe,C:\Users\Nicholas Lum\AppData\Local\Programs\Python\Python38\python.exe,-,-,python.exe,python.exe,-,-,-,-,-,-,-,-,-,-,-,-,-,-,-,-,3980,-,-,-,-,"10.0.2.15, 35.213.187.178",Nicholas Lum,Usermode,victim.lan,10.0.2.15,49902,-,VICTIM,S-1-5-18,Nicholas Lum,Nicholas Lum,wineventlog,Microsoft-Windows-Sysmon/Operational,victim,-,-,-,-,-,-,-,-,-,3,Info,"2,252","3,060",{5770385f-c22a-43e0-bf4c-06f5698ffbd9},Microsoft-Windows-Sysmon,8837,Network connection detected (rule: NetworkConnect),NT AUTHORITY,S-1-5-18,SYSTEM,User,5
"Oct 23, 2022 @ 12:53:58.867",FJtCEIQBM0skPzkLMW65,.ds-winlogbeat-8.2.3-2022.10.22-000001,-,af900420-7c4e-403a-86a4-3d707e3eab75,victim,b15c43c7-63a1-423e-901b-f1acc6401711,victim,winlogbeat,8.2.3,178.187.213.35.bc.googleusercontent.com,35.213.187.178,443,-,-,-,-,-,-,-,1.12.0,Network connection detected (rule: NetworkConnect),network,3,"Oct 23, 2022 @ 12:53:32.916","Oct 23, 2022 @ 01:48:04.400",event,sysmon,Microsoft-Windows-Sysmon,"start, connection, protocol",x86_64,victim,461f0bd2-c182-413a-8a41-2a8e4accb4a9,"fe80::4959:93ba:69a6:522d, 10.0.2.15, fe80::91a8:3d9e:36ba:f548, 172.19.96.10","08:00:27:7c:f3:ae, 08:00:27:22:f7:3c",victim,19044.1889,windows,10.0.19041.1889 (WinBuild.160101.0800),Windows 10 Enterprise Evaluation,Windows 10 Enterprise Evaluation,windows,windows,10,information,"Network connection detected:
RuleName: Usermode
UtcTime: 2022-10-25 17:47:58.867
ProcessGuid: {461f0bd2-20fd-6358-fe00-000000002500}
ProcessId: 3980
Image: C:\Users\Nicholas Lum\AppData\Local\Programs\Python\Python38\python.exe
User: VICTIM\Nicholas Lum
Protocol: tcp
Initiated: true
SourceIsIpv6: false
SourceIp: 10.0.2.15
SourceHostname: victim.lan
SourcePort: 49901
SourcePortName: -
DestinationIsIpv6: false
DestinationIp: 35.213.187.178
DestinationHostname: 178.187.213.35.bc.googleusercontent.com
DestinationPort: 443
DestinationPortName: https",1:8bKfzPhBAioqjimythGbFgfMPr4=,egress,https,tcp,ipv4,-,-,-,-,{461f0bd2-20fd-6358-fe00-000000002500},C:\Users\Nicholas Lum\AppData\Local\Programs\Python\Python38\python.exe,C:\Users\Nicholas Lum\AppData\Local\Programs\Python\Python38\python.exe,-,-,python.exe,python.exe,-,-,-,-,-,-,-,-,-,-,-,-,-,-,-,-,3980,-,-,-,-,"10.0.2.15, 35.213.187.178",Nicholas Lum,Usermode,victim.lan,10.0.2.15,49901,-,VICTIM,S-1-5-18,Nicholas Lum,Nicholas Lum,wineventlog,Microsoft-Windows-Sysmon/Operational,victim,-,-,-,-,-,-,-,-,-,3,Info,"2,252","3,060",{5770385f-c22a-43e0-bf4c-06f5698ffbd9},Microsoft-Windows-Sysmon,8836,Network connection detected (rule: NetworkConnect),NT AUTHORITY,S-1-5-18,SYSTEM,User,5
"Oct 23, 2022 @ 12:53:57.909",E5tCEIQBM0skPzkLLW62,.ds-winlogbeat-8.2.3-2022.10.22-000001,-,af900420-7c4e-403a-86a4-3d707e3eab75,victim,b15c43c7-63a1-423e-901b-f1acc6401711,victim,winlogbeat,8.2.3,178.187.213.35.bc.googleusercontent.com,35.213.187.178,443,-,-,-,-,-,-,-,1.12.0,Network connection detected (rule: NetworkConnect),network,3,"Oct 23, 2022 @ 12:53:32.182","Oct 23, 2022 @ 01:48:03.374",event,sysmon,Microsoft-Windows-Sysmon,"start, connection, protocol",x86_64,victim,461f0bd2-c182-413a-8a41-2a8e4accb4a9,"fe80::4959:93ba:69a6:522d, 10.0.2.15, fe80::91a8:3d9e:36ba:f548, 172.19.96.10","08:00:27:7c:f3:ae, 08:00:27:22:f7:3c",victim,19044.1889,windows,10.0.19041.1889 (WinBuild.160101.0800),Windows 10 Enterprise Evaluation,Windows 10 Enterprise Evaluation,windows,windows,10,information,"Network connection detected:
RuleName: Usermode
UtcTime: 2022-10-25 17:47:57.909
ProcessGuid: {461f0bd2-20fd-6358-fe00-000000002500}
ProcessId: 3980
Image: C:\Users\Nicholas Lum\AppData\Local\Programs\Python\Python38\python.exe
User: VICTIM\Nicholas Lum
Protocol: tcp
Initiated: true
SourceIsIpv6: false
SourceIp: 10.0.2.15
SourceHostname: victim.lan
SourcePort: 49900
SourcePortName: -
DestinationIsIpv6: false
DestinationIp: 35.213.187.178
DestinationHostname: 178.187.213.35.bc.googleusercontent.com
DestinationPort: 443
DestinationPortName: https",1:gK6mXlSy18WU0T1jAikJ/2QZKbA=,egress,https,tcp,ipv4,-,-,-,-,{461f0bd2-20fd-6358-fe00-000000002500},C:\Users\Nicholas Lum\AppData\Local\Programs\Python\Python38\python.exe,C:\Users\Nicholas Lum\AppData\Local\Programs\Python\Python38\python.exe,-,-,python.exe,python.exe,-,-,-,-,-,-,-,-,-,-,-,-,-,-,-,-,3980,-,-,-,-,"10.0.2.15, 35.213.187.178",Nicholas Lum,Usermode,victim.lan,10.0.2.15,49900,-,VICTIM,S-1-5-18,Nicholas Lum,Nicholas Lum,wineventlog,Microsoft-Windows-Sysmon/Operational,victim,-,-,-,-,-,-,-,-,-,3,Info,"2,252","3,060",{5770385f-c22a-43e0-bf4c-06f5698ffbd9},Microsoft-Windows-Sysmon,8835,Network connection detected (rule: NetworkConnect),NT AUTHORITY,S-1-5-18,SYSTEM,User,5
"Oct 23, 2022 @ 12:53:56.884",EptCEIQBM0skPzkLKW62,.ds-winlogbeat-8.2.3-2022.10.22-000001,-,af900420-7c4e-403a-86a4-3d707e3eab75,victim,b15c43c7-63a1-423e-901b-f1acc6401711,victim,winlogbeat,8.2.3,178.187.213.35.bc.googleusercontent.com,35.213.187.178,443,-,-,-,-,-,-,-,1.12.0,Network connection detected (rule: NetworkConnect),network,3,"Oct 23, 2022 @ 12:53:31.444","Oct 23, 2022 @ 01:48:02.349",event,sysmon,Microsoft-Windows-Sysmon,"start, connection, protocol",x86_64,victim,461f0bd2-c182-413a-8a41-2a8e4accb4a9,"fe80::4959:93ba:69a6:522d, 10.0.2.15, fe80::91a8:3d9e:36ba:f548, 172.19.96.10","08:00:27:7c:f3:ae, 08:00:27:22:f7:3c",victim,19044.1889,windows,10.0.19041.1889 (WinBuild.160101.0800),Windows 10 Enterprise Evaluation,Windows 10 Enterprise Evaluation,windows,windows,10,information,"Network connection detected:
RuleName: Usermode
UtcTime: 2022-10-25 17:47:56.884
ProcessGuid: {461f0bd2-20fd-6358-fe00-000000002500}
ProcessId: 3980
Image: C:\Users\Nicholas Lum\AppData\Local\Programs\Python\Python38\python.exe
User: VICTIM\Nicholas Lum
Protocol: tcp
Initiated: true
SourceIsIpv6: false
SourceIp: 10.0.2.15
SourceHostname: victim.lan
SourcePort: 49899
SourcePortName: -
DestinationIsIpv6: false
DestinationIp: 35.213.187.178
DestinationHostname: 178.187.213.35.bc.googleusercontent.com
DestinationPort: 443
DestinationPortName: https",1:pP8jipnKs5sGFj0lYMie7RhLTnI=,egress,https,tcp,ipv4,-,-,-,-,{461f0bd2-20fd-6358-fe00-000000002500},C:\Users\Nicholas Lum\AppData\Local\Programs\Python\Python38\python.exe,C:\Users\Nicholas Lum\AppData\Local\Programs\Python\Python38\python.exe,-,-,python.exe,python.exe,-,-,-,-,-,-,-,-,-,-,-,-,-,-,-,-,3980,-,-,-,-,"10.0.2.15, 35.213.187.178",Nicholas Lum,Usermode,victim.lan,10.0.2.15,49899,-,VICTIM,S-1-5-18,Nicholas Lum,Nicholas Lum,wineventlog,Microsoft-Windows-Sysmon/Operational,victim,-,-,-,-,-,-,-,-,-,3,Info,"2,252","3,060",{5770385f-c22a-43e0-bf4c-06f5698ffbd9},Microsoft-Windows-Sysmon,8834,Network connection detected (rule: NetworkConnect),NT AUTHORITY,S-1-5-18,SYSTEM,User,5
"Oct 23, 2022 @ 12:53:55.914",EZtCEIQBM0skPzkLIW6n,.ds-winlogbeat-8.2.3-2022.10.22-000001,-,af900420-7c4e-403a-86a4-3d707e3eab75,victim,b15c43c7-63a1-423e-901b-f1acc6401711,victim,winlogbeat,8.2.3,178.187.213.35.bc.googleusercontent.com,35.213.187.178,443,-,-,-,-,-,-,-,1.12.0,Network connection detected (rule: NetworkConnect),network,3,"Oct 23, 2022 @ 12:53:29.942","Oct 23, 2022 @ 01:48:00.293",event,sysmon,Microsoft-Windows-Sysmon,"start, connection, protocol",x86_64,victim,461f0bd2-c182-413a-8a41-2a8e4accb4a9,"fe80::4959:93ba:69a6:522d, 10.0.2.15, fe80::91a8:3d9e:36ba:f548, 172.19.96.10","08:00:27:7c:f3:ae, 08:00:27:22:f7:3c",victim,19044.1889,windows,10.0.19041.1889 (WinBuild.160101.0800),Windows 10 Enterprise Evaluation,Windows 10 Enterprise Evaluation,windows,windows,10,information,"Network connection detected:
RuleName: Usermode
UtcTime: 2022-10-25 17:47:55.914
ProcessGuid: {461f0bd2-20fd-6358-fe00-000000002500}
ProcessId: 3980
Image: C:\Users\Nicholas Lum\AppData\Local\Programs\Python\Python38\python.exe
User: VICTIM\Nicholas Lum
Protocol: tcp
Initiated: true
SourceIsIpv6: false
SourceIp: 10.0.2.15
SourceHostname: victim.lan
SourcePort: 49898
SourcePortName: -
DestinationIsIpv6: false
DestinationIp: 35.213.187.178
DestinationHostname: 178.187.213.35.bc.googleusercontent.com
DestinationPort: 443
DestinationPortName: https",1:SKleIBerf7a3MPdvKTMxlRDHC+o=,egress,https,tcp,ipv4,-,-,-,-,{461f0bd2-20fd-6358-fe00-000000002500},C:\Users\Nicholas Lum\AppData\Local\Programs\Python\Python38\python.exe,C:\Users\Nicholas Lum\AppData\Local\Programs\Python\Python38\python.exe,-,-,python.exe,python.exe,-,-,-,-,-,-,-,-,-,-,-,-,-,-,-,-,3980,-,-,-,-,"10.0.2.15, 35.213.187.178",Nicholas Lum,Usermode,victim.lan,10.0.2.15,49898,-,VICTIM,S-1-5-18,Nicholas Lum,Nicholas Lum,wineventlog,Microsoft-Windows-Sysmon/Operational,victim,-,-,-,-,-,-,-,-,-,3,Info,"2,252","3,060",{5770385f-c22a-43e0-bf4c-06f5698ffbd9},Microsoft-Windows-Sysmon,8833,Network connection detected (rule: NetworkConnect),NT AUTHORITY,S-1-5-18,SYSTEM,User,5
"Oct 23, 2022 @ 12:53:54.992",EJtCEIQBM0skPzkLIW6n,.ds-winlogbeat-8.2.3-2022.10.22-000001,-,af900420-7c4e-403a-86a4-3d707e3eab75,victim,b15c43c7-63a1-423e-901b-f1acc6401711,victim,winlogbeat,8.2.3,178.187.213.35.bc.googleusercontent.com,35.213.187.178,443,-,-,-,-,-,-,-,1.12.0,Network connection detected (rule: NetworkConnect),network,3,"Oct 23, 2022 @ 12:53:29.942","Oct 23, 2022 @ 01:48:00.282",event,sysmon,Microsoft-Windows-Sysmon,"start, connection, protocol",x86_64,victim,461f0bd2-c182-413a-8a41-2a8e4accb4a9,"fe80::4959:93ba:69a6:522d, 10.0.2.15, fe80::91a8:3d9e:36ba:f548, 172.19.96.10","08:00:27:7c:f3:ae, 08:00:27:22:f7:3c",victim,19044.1889,windows,10.0.19041.1889 (WinBuild.160101.0800),Windows 10 Enterprise Evaluation,Windows 10 Enterprise Evaluation,windows,windows,10,information,"Network connection detected:
RuleName: Usermode
UtcTime: 2022-10-25 17:47:54.992
ProcessGuid: {461f0bd2-20fd-6358-fe00-000000002500}
ProcessId: 3980
Image: C:\Users\Nicholas Lum\AppData\Local\Programs\Python\Python38\python.exe
User: VICTIM\Nicholas Lum
Protocol: tcp
Initiated: true
SourceIsIpv6: false
SourceIp: 10.0.2.15
SourceHostname: victim.lan
SourcePort: 49897
SourcePortName: -
DestinationIsIpv6: false
DestinationIp: 35.213.187.178
DestinationHostname: 178.187.213.35.bc.googleusercontent.com
DestinationPort: 443
DestinationPortName: https",1:J+lEWhFH53wuO4C0qZSU2YLD9to=,egress,https,tcp,ipv4,-,-,-,-,{461f0bd2-20fd-6358-fe00-000000002500},C:\Users\Nicholas Lum\AppData\Local\Programs\Python\Python38\python.exe,C:\Users\Nicholas Lum\AppData\Local\Programs\Python\Python38\python.exe,-,-,python.exe,python.exe,-,-,-,-,-,-,-,-,-,-,-,-,-,-,-,-,3980,-,-,-,-,"10.0.2.15, 35.213.187.178",Nicholas Lum,Usermode,victim.lan,10.0.2.15,49897,-,VICTIM,S-1-5-18,Nicholas Lum,Nicholas Lum,wineventlog,Microsoft-Windows-Sysmon/Operational,victim,-,-,-,-,-,-,-,-,-,3,Info,"2,252","3,060",{5770385f-c22a-43e0-bf4c-06f5698ffbd9},Microsoft-Windows-Sysmon,8832,Network connection detected (rule: NetworkConnect),NT AUTHORITY,S-1-5-18,SYSTEM,User,5
"Oct 23, 2022 @ 12:53:54.011",D5tCEIQBM0skPzkLHW7Q,.ds-winlogbeat-8.2.3-2022.10.22-000001,-,af900420-7c4e-403a-86a4-3d707e3eab75,victim,b15c43c7-63a1-423e-901b-f1acc6401711,victim,winlogbeat,8.2.3,178.187.213.35.bc.googleusercontent.com,35.213.187.178,443,-,-,-,-,-,-,-,1.12.0,Network connection detected (rule: NetworkConnect),network,3,"Oct 23, 2022 @ 12:53:29.116","Oct 23, 2022 @ 12:53:59.248",event,sysmon,Microsoft-Windows-Sysmon,"start, connection, protocol",x86_64,victim,461f0bd2-c182-413a-8a41-2a8e4accb4a9,"fe80::4959:93ba:69a6:522d, 10.0.2.15, fe80::91a8:3d9e:36ba:f548, 172.19.96.10","08:00:27:7c:f3:ae, 08:00:27:22:f7:3c",victim,19044.1889,windows,10.0.19041.1889 (WinBuild.160101.0800),Windows 10 Enterprise Evaluation,Windows 10 Enterprise Evaluation,windows,windows,10,information,"Network connection detected:
RuleName: Usermode
UtcTime: 2022-10-25 17:47:54.011
ProcessGuid: {461f0bd2-20fd-6358-fe00-000000002500}
ProcessId: 3980
Image: C:\Users\Nicholas Lum\AppData\Local\Programs\Python\Python38\python.exe
User: VICTIM\Nicholas Lum
Protocol: tcp
Initiated: true
SourceIsIpv6: false
SourceIp: 10.0.2.15
SourceHostname: victim.lan
SourcePort: 49896
SourcePortName: -
DestinationIsIpv6: false
DestinationIp: 35.213.187.178
DestinationHostname: 178.187.213.35.bc.googleusercontent.com
DestinationPort: 443
DestinationPortName: https",1:EMe5weo61PxhXmc+o6+9Fms6bC0=,egress,https,tcp,ipv4,-,-,-,-,{461f0bd2-20fd-6358-fe00-000000002500},C:\Users\Nicholas Lum\AppData\Local\Programs\Python\Python38\python.exe,C:\Users\Nicholas Lum\AppData\Local\Programs\Python\Python38\python.exe,-,-,python.exe,python.exe,-,-,-,-,-,-,-,-,-,-,-,-,-,-,-,-,3980,-,-,-,-,"10.0.2.15, 35.213.187.178",Nicholas Lum,Usermode,victim.lan,10.0.2.15,49896,-,VICTIM,S-1-5-18,Nicholas Lum,Nicholas Lum,wineventlog,Microsoft-Windows-Sysmon/Operational,victim,-,-,-,-,-,-,-,-,-,3,Info,"2,252","3,060",{5770385f-c22a-43e0-bf4c-06f5698ffbd9},Microsoft-Windows-Sysmon,8831,Network connection detected (rule: NetworkConnect),NT AUTHORITY,S-1-5-18,SYSTEM,User,5
"Oct 23, 2022 @ 12:53:52.476",DptCEIQBM0skPzkLG263,.ds-winlogbeat-8.2.3-2022.10.22-000001,-,af900420-7c4e-403a-86a4-3d707e3eab75,victim,b15c43c7-63a1-423e-901b-f1acc6401711,victim,winlogbeat,8.2.3,178.187.213.35.bc.googleusercontent.com,35.213.187.178,443,-,-,-,-,-,-,-,1.12.0,Network connection detected (rule: NetworkConnect),network,3,"Oct 23, 2022 @ 12:53:27.482","Oct 23, 2022 @ 12:53:58.678",event,sysmon,Microsoft-Windows-Sysmon,"start, connection, protocol",x86_64,victim,461f0bd2-c182-413a-8a41-2a8e4accb4a9,"fe80::4959:93ba:69a6:522d, 10.0.2.15, fe80::91a8:3d9e:36ba:f548, 172.19.96.10","08:00:27:7c:f3:ae, 08:00:27:22:f7:3c",victim,19044.1889,windows,10.0.19041.1889 (WinBuild.160101.0800),Windows 10 Enterprise Evaluation,Windows 10 Enterprise Evaluation,windows,windows,10,information,"Network connection detected:
RuleName: Usermode
UtcTime: 2022-10-25 17:47:52.476
ProcessGuid: {461f0bd2-20fd-6358-fe00-000000002500}
ProcessId: 3980
Image: C:\Users\Nicholas Lum\AppData\Local\Programs\Python\Python38\python.exe
User: VICTIM\Nicholas Lum
Protocol: tcp
Initiated: true
SourceIsIpv6: false
SourceIp: 10.0.2.15
SourceHostname: victim.lan
SourcePort: 49895
SourcePortName: -
DestinationIsIpv6: false
DestinationIp: 35.213.187.178
DestinationHostname: 178.187.213.35.bc.googleusercontent.com
DestinationPort: 443
DestinationPortName: https",1:mIkznUT+vXiAX9NT2lED/mqfLis=,egress,https,tcp,ipv4,-,-,-,-,{461f0bd2-20fd-6358-fe00-000000002500},C:\Users\Nicholas Lum\AppData\Local\Programs\Python\Python38\python.exe,C:\Users\Nicholas Lum\AppData\Local\Programs\Python\Python38\python.exe,-,-,python.exe,python.exe,-,-,-,-,-,-,-,-,-,-,-,-,-,-,-,-,3980,-,-,-,-,"10.0.2.15, 35.213.187.178",Nicholas Lum,Usermode,victim.lan,10.0.2.15,49895,-,VICTIM,S-1-5-18,Nicholas Lum,Nicholas Lum,wineventlog,Microsoft-Windows-Sysmon/Operational,victim,-,-,-,-,-,-,-,-,-,3,Info,"2,252","3,060",{5770385f-c22a-43e0-bf4c-06f5698ffbd9},Microsoft-Windows-Sysmon,8830,Network connection detected (rule: NetworkConnect),NT AUTHORITY,S-1-5-18,SYSTEM,User,5
"Oct 23, 2022 @ 12:53:52.229",DZtCEIQBM0skPzkLEW6I,.ds-winlogbeat-8.2.3-2022.10.22-000001,-,af900420-7c4e-403a-86a4-3d707e3eab75,victim,b15c43c7-63a1-423e-901b-f1acc6401711,victim,winlogbeat,8.2.3,178.187.213.35.bc.googleusercontent.com,35.213.187.178,443,-,-,-,-,-,-,-,1.12.0,Network connection detected (rule: NetworkConnect),network,3,"Oct 23, 2022 @ 12:53:26.664","Oct 23, 2022 @ 12:53:56.163",event,sysmon,Microsoft-Windows-Sysmon,"start, connection, protocol",x86_64,victim,461f0bd2-c182-413a-8a41-2a8e4accb4a9,"fe80::4959:93ba:69a6:522d, 10.0.2.15, fe80::91a8:3d9e:36ba:f548, 172.19.96.10","08:00:27:7c:f3:ae, 08:00:27:22:f7:3c",victim,19044.1889,windows,10.0.19041.1889 (WinBuild.160101.0800),Windows 10 Enterprise Evaluation,Windows 10 Enterprise Evaluation,windows,windows,10,information,"Network connection detected:
RuleName: Usermode
UtcTime: 2022-10-25 17:47:52.229
ProcessGuid: {461f0bd2-20fd-6358-fe00-000000002500}
ProcessId: 3980
Image: C:\Users\Nicholas Lum\AppData\Local\Programs\Python\Python38\python.exe
User: VICTIM\Nicholas Lum
Protocol: tcp
Initiated: true
SourceIsIpv6: false
SourceIp: 10.0.2.15
SourceHostname: victim.lan
SourcePort: 49894
SourcePortName: -
DestinationIsIpv6: false
DestinationIp: 35.213.187.178
DestinationHostname: 178.187.213.35.bc.googleusercontent.com
DestinationPort: 443
DestinationPortName: https",1:qmEkTVqpDwbkbaaTigenGw5RFOU=,egress,https,tcp,ipv4,-,-,-,-,{461f0bd2-20fd-6358-fe00-000000002500},C:\Users\Nicholas Lum\AppData\Local\Programs\Python\Python38\python.exe,C:\Users\Nicholas Lum\AppData\Local\Programs\Python\Python38\python.exe,-,-,python.exe,python.exe,-,-,-,-,-,-,-,-,-,-,-,-,-,-,-,-,3980,-,-,-,-,"10.0.2.15, 35.213.187.178",Nicholas Lum,Usermode,victim.lan,10.0.2.15,49894,-,VICTIM,S-1-5-18,Nicholas Lum,Nicholas Lum,wineventlog,Microsoft-Windows-Sysmon/Operational,victim,-,-,-,-,-,-,-,-,-,3,Info,"2,252","3,060",{5770385f-c22a-43e0-bf4c-06f5698ffbd9},Microsoft-Windows-Sysmon,8829,Network connection detected (rule: NetworkConnect),NT AUTHORITY,S-1-5-18,SYSTEM,User,5
"Oct 23, 2022 @ 12:53:51.259",DJtCEIQBM0skPzkLEW6I,.ds-winlogbeat-8.2.3-2022.10.22-000001,-,af900420-7c4e-403a-86a4-3d707e3eab75,victim,b15c43c7-63a1-423e-901b-f1acc6401711,victim,winlogbeat,8.2.3,178.187.213.35.bc.googleusercontent.com,35.213.187.178,443,-,-,-,-,-,-,-,1.12.0,Network connection detected (rule: NetworkConnect),network,3,"Oct 23, 2022 @ 12:53:26.664","Oct 23, 2022 @ 12:53:56.157",event,sysmon,Microsoft-Windows-Sysmon,"start, connection, protocol",x86_64,victim,461f0bd2-c182-413a-8a41-2a8e4accb4a9,"fe80::4959:93ba:69a6:522d, 10.0.2.15, fe80::91a8:3d9e:36ba:f548, 172.19.96.10","08:00:27:7c:f3:ae, 08:00:27:22:f7:3c",victim,19044.1889,windows,10.0.19041.1889 (WinBuild.160101.0800),Windows 10 Enterprise Evaluation,Windows 10 Enterprise Evaluation,windows,windows,10,information,"Network connection detected:
RuleName: Usermode
UtcTime: 2022-10-25 17:47:51.259
ProcessGuid: {461f0bd2-20fd-6358-fe00-000000002500}
ProcessId: 3980
Image: C:\Users\Nicholas Lum\AppData\Local\Programs\Python\Python38\python.exe
User: VICTIM\Nicholas Lum
Protocol: tcp
Initiated: true
SourceIsIpv6: false
SourceIp: 10.0.2.15
SourceHostname: victim.lan
SourcePort: 49893
SourcePortName: -
DestinationIsIpv6: false
DestinationIp: 35.213.187.178
DestinationHostname: 178.187.213.35.bc.googleusercontent.com
DestinationPort: 443
DestinationPortName: https",1:EyFtxJawQzAL3NtXToRpFajz2WU=,egress,https,tcp,ipv4,-,-,-,-,{461f0bd2-20fd-6358-fe00-000000002500},C:\Users\Nicholas Lum\AppData\Local\Programs\Python\Python38\python.exe,C:\Users\Nicholas Lum\AppData\Local\Programs\Python\Python38\python.exe,-,-,python.exe,python.exe,-,-,-,-,-,-,-,-,-,-,-,-,-,-,-,-,3980,-,-,-,-,"10.0.2.15, 35.213.187.178",Nicholas Lum,Usermode,victim.lan,10.0.2.15,49893,-,VICTIM,S-1-5-18,Nicholas Lum,Nicholas Lum,wineventlog,Microsoft-Windows-Sysmon/Operational,victim,-,-,-,-,-,-,-,-,-,3,Info,"2,252","3,060",{5770385f-c22a-43e0-bf4c-06f5698ffbd9},Microsoft-Windows-Sysmon,8828,Network connection detected (rule: NetworkConnect),NT AUTHORITY,S-1-5-18,SYSTEM,User,5
"Oct 23, 2022 @ 12:53:50.319",C5tCEIQBM0skPzkLDW5l,.ds-winlogbeat-8.2.3-2022.10.22-000001,-,af900420-7c4e-403a-86a4-3d707e3eab75,victim,b15c43c7-63a1-423e-901b-f1acc6401711,victim,winlogbeat,8.2.3,178.187.213.35.bc.googleusercontent.com,35.213.187.178,443,-,-,-,-,-,-,-,1.12.0,Network connection detected (rule: NetworkConnect),network,3,"Oct 23, 2022 @ 12:53:25.820","Oct 23, 2022 @ 12:53:55.102",event,sysmon,Microsoft-Windows-Sysmon,"start, connection, protocol",x86_64,victim,461f0bd2-c182-413a-8a41-2a8e4accb4a9,"fe80::4959:93ba:69a6:522d, 10.0.2.15, fe80::91a8:3d9e:36ba:f548, 172.19.96.10","08:00:27:7c:f3:ae, 08:00:27:22:f7:3c",victim,19044.1889,windows,10.0.19041.1889 (WinBuild.160101.0800),Windows 10 Enterprise Evaluation,Windows 10 Enterprise Evaluation,windows,windows,10,information,"Network connection detected:
RuleName: Usermode
UtcTime: 2022-10-25 17:47:50.319
ProcessGuid: {461f0bd2-20fd-6358-fe00-000000002500}
ProcessId: 3980
Image: C:\Users\Nicholas Lum\AppData\Local\Programs\Python\Python38\python.exe
User: VICTIM\Nicholas Lum
Protocol: tcp
Initiated: true
SourceIsIpv6: false
SourceIp: 10.0.2.15
SourceHostname: victim.lan
SourcePort: 49892
SourcePortName: -
DestinationIsIpv6: false
DestinationIp: 35.213.187.178
DestinationHostname: 178.187.213.35.bc.googleusercontent.com
DestinationPort: 443
DestinationPortName: https",1:EFj6RBvkwn+t9wX8W43hUFFvKaQ=,egress,https,tcp,ipv4,-,-,-,-,{461f0bd2-20fd-6358-fe00-000000002500},C:\Users\Nicholas Lum\AppData\Local\Programs\Python\Python38\python.exe,C:\Users\Nicholas Lum\AppData\Local\Programs\Python\Python38\python.exe,-,-,python.exe,python.exe,-,-,-,-,-,-,-,-,-,-,-,-,-,-,-,-,3980,-,-,-,-,"10.0.2.15, 35.213.187.178",Nicholas Lum,Usermode,victim.lan,10.0.2.15,49892,-,VICTIM,S-1-5-18,Nicholas Lum,Nicholas Lum,wineventlog,Microsoft-Windows-Sysmon/Operational,victim,-,-,-,-,-,-,-,-,-,3,Info,"2,252","3,060",{5770385f-c22a-43e0-bf4c-06f5698ffbd9},Microsoft-Windows-Sysmon,8827,Network connection detected (rule: NetworkConnect),NT AUTHORITY,S-1-5-18,SYSTEM,User,5
"Oct 23, 2022 @ 12:53:49.312",CptCEIQBM0skPzkLCW58,.ds-winlogbeat-8.2.3-2022.10.22-000001,-,af900420-7c4e-403a-86a4-3d707e3eab75,victim,b15c43c7-63a1-423e-901b-f1acc6401711,victim,winlogbeat,8.2.3,178.187.213.35.bc.googleusercontent.com,35.213.187.178,443,-,-,-,-,-,-,-,1.12.0,Network connection detected (rule: NetworkConnect),network,3,"Oct 23, 2022 @ 12:53:25.007","Oct 23, 2022 @ 12:53:54.106",event,sysmon,Microsoft-Windows-Sysmon,"start, connection, protocol",x86_64,victim,461f0bd2-c182-413a-8a41-2a8e4accb4a9,"fe80::4959:93ba:69a6:522d, 10.0.2.15, fe80::91a8:3d9e:36ba:f548, 172.19.96.10","08:00:27:7c:f3:ae, 08:00:27:22:f7:3c",victim,19044.1889,windows,10.0.19041.1889 (WinBuild.160101.0800),Windows 10 Enterprise Evaluation,Windows 10 Enterprise Evaluation,windows,windows,10,information,"Network connection detected:
RuleName: Usermode
UtcTime: 2022-10-25 17:47:49.312
ProcessGuid: {461f0bd2-20fd-6358-fe00-000000002500}
ProcessId: 3980
Image: C:\Users\Nicholas Lum\AppData\Local\Programs\Python\Python38\python.exe
User: VICTIM\Nicholas Lum
Protocol: tcp
Initiated: true
SourceIsIpv6: false
SourceIp: 10.0.2.15
SourceHostname: victim.lan
SourcePort: 49891
SourcePortName: -
DestinationIsIpv6: false
DestinationIp: 35.213.187.178
DestinationHostname: 178.187.213.35.bc.googleusercontent.com
DestinationPort: 443
DestinationPortName: https",1:fW/J/duPlT+mIMSujCqDcVC7XBI=,egress,https,tcp,ipv4,-,-,-,-,{461f0bd2-20fd-6358-fe00-000000002500},C:\Users\Nicholas Lum\AppData\Local\Programs\Python\Python38\python.exe,C:\Users\Nicholas Lum\AppData\Local\Programs\Python\Python38\python.exe,-,-,python.exe,python.exe,-,-,-,-,-,-,-,-,-,-,-,-,-,-,-,-,3980,-,-,-,-,"10.0.2.15, 35.213.187.178",Nicholas Lum,Usermode,victim.lan,10.0.2.15,49891,-,VICTIM,S-1-5-18,Nicholas Lum,Nicholas Lum,wineventlog,Microsoft-Windows-Sysmon/Operational,victim,-,-,-,-,-,-,-,-,-,3,Info,"2,252","3,060",{5770385f-c22a-43e0-bf4c-06f5698ffbd9},Microsoft-Windows-Sysmon,8826,Network connection detected (rule: NetworkConnect),NT AUTHORITY,S-1-5-18,SYSTEM,User,5
"Oct 23, 2022 @ 12:53:48.375",CZtCEIQBM0skPzkLCW58,.ds-winlogbeat-8.2.3-2022.10.22-000001,-,af900420-7c4e-403a-86a4-3d707e3eab75,victim,b15c43c7-63a1-423e-901b-f1acc6401711,victim,winlogbeat,8.2.3,178.187.213.35.bc.googleusercontent.com,35.213.187.178,443,-,-,-,-,-,-,-,1.12.0,Network connection detected (rule: NetworkConnect),network,3,"Oct 23, 2022 @ 12:53:25.006","Oct 23, 2022 @ 12:53:54.078",event,sysmon,Microsoft-Windows-Sysmon,"start, connection, protocol",x86_64,victim,461f0bd2-c182-413a-8a41-2a8e4accb4a9,"fe80::4959:93ba:69a6:522d, 10.0.2.15, fe80::91a8:3d9e:36ba:f548, 172.19.96.10","08:00:27:7c:f3:ae, 08:00:27:22:f7:3c",victim,19044.1889,windows,10.0.19041.1889 (WinBuild.160101.0800),Windows 10 Enterprise Evaluation,Windows 10 Enterprise Evaluation,windows,windows,10,information,"Network connection detected:
RuleName: Usermode
UtcTime: 2022-10-25 17:47:48.375
ProcessGuid: {461f0bd2-20fd-6358-fe00-000000002500}
ProcessId: 3980
Image: C:\Users\Nicholas Lum\AppData\Local\Programs\Python\Python38\python.exe
User: VICTIM\Nicholas Lum
Protocol: tcp
Initiated: true
SourceIsIpv6: false
SourceIp: 10.0.2.15
SourceHostname: victim.lan
SourcePort: 49890
SourcePortName: -
DestinationIsIpv6: false
DestinationIp: 35.213.187.178
DestinationHostname: 178.187.213.35.bc.googleusercontent.com
DestinationPort: 443
DestinationPortName: https",1:WGm5SkvG2C99MBHBwWTm3m6jmZ8=,egress,https,tcp,ipv4,-,-,-,-,{461f0bd2-20fd-6358-fe00-000000002500},C:\Users\Nicholas Lum\AppData\Local\Programs\Python\Python38\python.exe,C:\Users\Nicholas Lum\AppData\Local\Programs\Python\Python38\python.exe,-,-,python.exe,python.exe,-,-,-,-,-,-,-,-,-,-,-,-,-,-,-,-,3980,-,-,-,-,"10.0.2.15, 35.213.187.178",Nicholas Lum,Usermode,victim.lan,10.0.2.15,49890,-,VICTIM,S-1-5-18,Nicholas Lum,Nicholas Lum,wineventlog,Microsoft-Windows-Sysmon/Operational,victim,-,-,-,-,-,-,-,-,-,3,Info,"2,252","3,060",{5770385f-c22a-43e0-bf4c-06f5698ffbd9},Microsoft-Windows-Sysmon,8825,Network connection detected (rule: NetworkConnect),NT AUTHORITY,S-1-5-18,SYSTEM,User,5
"Oct 23, 2022 @ 12:53:47.441",CJtCEIQBM0skPzkLA25z,.ds-winlogbeat-8.2.3-2022.10.22-000001,-,af900420-7c4e-403a-86a4-3d707e3eab75,victim,b15c43c7-63a1-423e-901b-f1acc6401711,victim,winlogbeat,8.2.3,178.187.213.35.bc.googleusercontent.com,35.213.187.178,443,-,-,-,-,-,-,-,1.12.0,Network connection detected (rule: NetworkConnect),network,3,"Oct 23, 2022 @ 12:53:23.379","Oct 23, 2022 @ 12:53:52.561",event,sysmon,Microsoft-Windows-Sysmon,"start, connection, protocol",x86_64,victim,461f0bd2-c182-413a-8a41-2a8e4accb4a9,"fe80::4959:93ba:69a6:522d, 10.0.2.15, fe80::91a8:3d9e:36ba:f548, 172.19.96.10","08:00:27:7c:f3:ae, 08:00:27:22:f7:3c",victim,19044.1889,windows,10.0.19041.1889 (WinBuild.160101.0800),Windows 10 Enterprise Evaluation,Windows 10 Enterprise Evaluation,windows,windows,10,information,"Network connection detected:
RuleName: Usermode
UtcTime: 2022-10-25 17:47:47.441
ProcessGuid: {461f0bd2-20fd-6358-fe00-000000002500}
ProcessId: 3980
Image: C:\Users\Nicholas Lum\AppData\Local\Programs\Python\Python38\python.exe
User: VICTIM\Nicholas Lum
Protocol: tcp
Initiated: true
SourceIsIpv6: false
SourceIp: 10.0.2.15
SourceHostname: victim.lan
SourcePort: 49889
SourcePortName: -
DestinationIsIpv6: false
DestinationIp: 35.213.187.178
DestinationHostname: 178.187.213.35.bc.googleusercontent.com
DestinationPort: 443
DestinationPortName: https",1:Zng/Vdnr6mQgv9HztNmalGN/GOs=,egress,https,tcp,ipv4,-,-,-,-,{461f0bd2-20fd-6358-fe00-000000002500},C:\Users\Nicholas Lum\AppData\Local\Programs\Python\Python38\python.exe,C:\Users\Nicholas Lum\AppData\Local\Programs\Python\Python38\python.exe,-,-,python.exe,python.exe,-,-,-,-,-,-,-,-,-,-,-,-,-,-,-,-,3980,-,-,-,-,"10.0.2.15, 35.213.187.178",Nicholas Lum,Usermode,victim.lan,10.0.2.15,49889,-,VICTIM,S-1-5-18,Nicholas Lum,Nicholas Lum,wineventlog,Microsoft-Windows-Sysmon/Operational,victim,-,-,-,-,-,-,-,-,-,3,Info,"2,252","3,060",{5770385f-c22a-43e0-bf4c-06f5698ffbd9},Microsoft-Windows-Sysmon,8824,Network connection detected (rule: NetworkConnect),NT AUTHORITY,S-1-5-18,SYSTEM,User,5
"Oct 23, 2022 @ 12:53:46.480",B5tCEIQBM0skPzkLA25z,.ds-winlogbeat-8.2.3-2022.10.22-000001,-,af900420-7c4e-403a-86a4-3d707e3eab75,victim,b15c43c7-63a1-423e-901b-f1acc6401711,victim,winlogbeat,8.2.3,178.187.213.35.bc.googleusercontent.com,35.213.187.178,443,-,-,-,-,-,-,-,1.12.0,Network connection detected (rule: NetworkConnect),network,3,"Oct 23, 2022 @ 12:53:23.379","Oct 23, 2022 @ 12:53:52.550",event,sysmon,Microsoft-Windows-Sysmon,"start, connection, protocol",x86_64,victim,461f0bd2-c182-413a-8a41-2a8e4accb4a9,"fe80::4959:93ba:69a6:522d, 10.0.2.15, fe80::91a8:3d9e:36ba:f548, 172.19.96.10","08:00:27:7c:f3:ae, 08:00:27:22:f7:3c",victim,19044.1889,windows,10.0.19041.1889 (WinBuild.160101.0800),Windows 10 Enterprise Evaluation,Windows 10 Enterprise Evaluation,windows,windows,10,information,"Network connection detected:
RuleName: Usermode
UtcTime: 2022-10-25 17:47:46.480
ProcessGuid: {461f0bd2-20fd-6358-fe00-000000002500}
ProcessId: 3980
Image: C:\Users\Nicholas Lum\AppData\Local\Programs\Python\Python38\python.exe
User: VICTIM\Nicholas Lum
Protocol: tcp
Initiated: true
SourceIsIpv6: false
SourceIp: 10.0.2.15
SourceHostname: victim.lan
SourcePort: 49888
SourcePortName: -
DestinationIsIpv6: false
DestinationIp: 35.213.187.178
DestinationHostname: 178.187.213.35.bc.googleusercontent.com
DestinationPort: 443
DestinationPortName: https",1:jE5EK1JScIHv1F0AAGMJxqEako8=,egress,https,tcp,ipv4,-,-,-,-,{461f0bd2-20fd-6358-fe00-000000002500},C:\Users\Nicholas Lum\AppData\Local\Programs\Python\Python38\python.exe,C:\Users\Nicholas Lum\AppData\Local\Programs\Python\Python38\python.exe,-,-,python.exe,python.exe,-,-,-,-,-,-,-,-,-,-,-,-,-,-,-,-,3980,-,-,-,-,"10.0.2.15, 35.213.187.178",Nicholas Lum,Usermode,victim.lan,10.0.2.15,49888,-,VICTIM,S-1-5-18,Nicholas Lum,Nicholas Lum,wineventlog,Microsoft-Windows-Sysmon/Operational,victim,-,-,-,-,-,-,-,-,-,3,Info,"2,252","3,060",{5770385f-c22a-43e0-bf4c-06f5698ffbd9},Microsoft-Windows-Sysmon,8823,Network connection detected (rule: NetworkConnect),NT AUTHORITY,S-1-5-18,SYSTEM,User,5
"Oct 23, 2022 @ 12:53:45.463",BptCEIQBM0skPzkLA246,.ds-winlogbeat-8.2.3-2022.10.22-000001,-,af900420-7c4e-403a-86a4-3d707e3eab75,victim,b15c43c7-63a1-423e-901b-f1acc6401711,victim,winlogbeat,8.2.3,178.187.213.35.bc.googleusercontent.com,35.213.187.178,443,-,-,-,-,-,-,-,1.12.0,Network connection detected (rule: NetworkConnect),network,3,"Oct 23, 2022 @ 12:53:22.562","Oct 23, 2022 @ 12:53:52.400",event,sysmon,Microsoft-Windows-Sysmon,"start, connection, protocol",x86_64,victim,461f0bd2-c182-413a-8a41-2a8e4accb4a9,"fe80::4959:93ba:69a6:522d, 10.0.2.15, fe80::91a8:3d9e:36ba:f548, 172.19.96.10","08:00:27:7c:f3:ae, 08:00:27:22:f7:3c",victim,19044.1889,windows,10.0.19041.1889 (WinBuild.160101.0800),Windows 10 Enterprise Evaluation,Windows 10 Enterprise Evaluation,windows,windows,10,information,"Network connection detected:
RuleName: Usermode
UtcTime: 2022-10-25 17:47:45.463
ProcessGuid: {461f0bd2-20fd-6358-fe00-000000002500}
ProcessId: 3980
Image: C:\Users\Nicholas Lum\AppData\Local\Programs\Python\Python38\python.exe
User: VICTIM\Nicholas Lum
Protocol: tcp
Initiated: true
SourceIsIpv6: false
SourceIp: 10.0.2.15
SourceHostname: victim.lan
SourcePort: 49887
SourcePortName: -
DestinationIsIpv6: false
DestinationIp: 35.213.187.178
DestinationHostname: 178.187.213.35.bc.googleusercontent.com
DestinationPort: 443
DestinationPortName: https",1:0I+sQx6qAtbt7ty23z/YTqUIdf8=,egress,https,tcp,ipv4,-,-,-,-,{461f0bd2-20fd-6358-fe00-000000002500},C:\Users\Nicholas Lum\AppData\Local\Programs\Python\Python38\python.exe,C:\Users\Nicholas Lum\AppData\Local\Programs\Python\Python38\python.exe,-,-,python.exe,python.exe,-,-,-,-,-,-,-,-,-,-,-,-,-,-,-,-,3980,-,-,-,-,"10.0.2.15, 35.213.187.178",Nicholas Lum,Usermode,victim.lan,10.0.2.15,49887,-,VICTIM,S-1-5-18,Nicholas Lum,Nicholas Lum,wineventlog,Microsoft-Windows-Sysmon/Operational,victim,-,-,-,-,-,-,-,-,-,3,Info,"2,252","3,060",{5770385f-c22a-43e0-bf4c-06f5698ffbd9},Microsoft-Windows-Sysmon,8822,Network connection detected (rule: NetworkConnect),NT AUTHORITY,S-1-5-18,SYSTEM,User,5
"Oct 23, 2022 @ 12:53:43.700",BZtBEIQBM0skPzkL8W5n,.ds-winlogbeat-8.2.3-2022.10.22-000001,-,af900420-7c4e-403a-86a4-3d707e3eab75,victim,b15c43c7-63a1-423e-901b-f1acc6401711,victim,winlogbeat,8.2.3,178.187.213.35.bc.googleusercontent.com,35.213.187.178,443,-,-,-,-,-,-,-,1.12.0,Network connection detected (rule: NetworkConnect),network,3,"Oct 23, 2022 @ 12:53:19.880","Oct 23, 2022 @ 12:53:47.942",event,sysmon,Microsoft-Windows-Sysmon,"start, connection, protocol",x86_64,victim,461f0bd2-c182-413a-8a41-2a8e4accb4a9,"fe80::4959:93ba:69a6:522d, 10.0.2.15, fe80::91a8:3d9e:36ba:f548, 172.19.96.10","08:00:27:7c:f3:ae, 08:00:27:22:f7:3c",victim,19044.1889,windows,10.0.19041.1889 (WinBuild.160101.0800),Windows 10 Enterprise Evaluation,Windows 10 Enterprise Evaluation,windows,windows,10,information,"Network connection detected:
RuleName: Usermode
UtcTime: 2022-10-25 17:47:43.700
ProcessGuid: {461f0bd2-20fd-6358-fe00-000000002500}
ProcessId: 3980
Image: C:\Users\Nicholas Lum\AppData\Local\Programs\Python\Python38\python.exe
User: VICTIM\Nicholas Lum
Protocol: tcp
Initiated: true
SourceIsIpv6: false
SourceIp: 10.0.2.15
SourceHostname: victim.lan
SourcePort: 49886
SourcePortName: -
DestinationIsIpv6: false
DestinationIp: 35.213.187.178
DestinationHostname: 178.187.213.35.bc.googleusercontent.com
DestinationPort: 443
DestinationPortName: https",1:9SSGl1FG5UaIAY+MWPVCNn+YlD0=,egress,https,tcp,ipv4,-,-,-,-,{461f0bd2-20fd-6358-fe00-000000002500},C:\Users\Nicholas Lum\AppData\Local\Programs\Python\Python38\python.exe,C:\Users\Nicholas Lum\AppData\Local\Programs\Python\Python38\python.exe,-,-,python.exe,python.exe,-,-,-,-,-,-,-,-,-,-,-,-,-,-,-,-,3980,-,-,-,-,"10.0.2.15, 35.213.187.178",Nicholas Lum,Usermode,victim.lan,10.0.2.15,49886,-,VICTIM,S-1-5-18,Nicholas Lum,Nicholas Lum,wineventlog,Microsoft-Windows-Sysmon/Operational,victim,-,-,-,-,-,-,-,-,-,3,Info,"2,252","3,060",{5770385f-c22a-43e0-bf4c-06f5698ffbd9},Microsoft-Windows-Sysmon,8821,Network connection detected (rule: NetworkConnect),NT AUTHORITY,S-1-5-18,SYSTEM,User,5
"Oct 23, 2022 @ 12:53:42.777",BJtBEIQBM0skPzkL8W5n,.ds-winlogbeat-8.2.3-2022.10.22-000001,-,af900420-7c4e-403a-86a4-3d707e3eab75,victim,b15c43c7-63a1-423e-901b-f1acc6401711,victim,winlogbeat,8.2.3,178.187.213.35.bc.googleusercontent.com,35.213.187.178,443,-,-,-,-,-,-,-,1.12.0,Network connection detected (rule: NetworkConnect),network,3,"Oct 23, 2022 @ 12:53:19.880","Oct 23, 2022 @ 12:53:47.932",event,sysmon,Microsoft-Windows-Sysmon,"start, connection, protocol",x86_64,victim,461f0bd2-c182-413a-8a41-2a8e4accb4a9,"fe80::4959:93ba:69a6:522d, 10.0.2.15, fe80::91a8:3d9e:36ba:f548, 172.19.96.10","08:00:27:7c:f3:ae, 08:00:27:22:f7:3c",victim,19044.1889,windows,10.0.19041.1889 (WinBuild.160101.0800),Windows 10 Enterprise Evaluation,Windows 10 Enterprise Evaluation,windows,windows,10,information,"Network connection detected:
RuleName: Usermode
UtcTime: 2022-10-25 17:47:42.777
ProcessGuid: {461f0bd2-20fd-6358-fe00-000000002500}
ProcessId: 3980
Image: C:\Users\Nicholas Lum\AppData\Local\Programs\Python\Python38\python.exe
User: VICTIM\Nicholas Lum
Protocol: tcp
Initiated: true
SourceIsIpv6: false
SourceIp: 10.0.2.15
SourceHostname: victim.lan
SourcePort: 49885
SourcePortName: -
DestinationIsIpv6: false
DestinationIp: 35.213.187.178
DestinationHostname: 178.187.213.35.bc.googleusercontent.com
DestinationPort: 443
DestinationPortName: https",1:Lv4qkCosCg7zItnYtwY/vtAIHcY=,egress,https,tcp,ipv4,-,-,-,-,{461f0bd2-20fd-6358-fe00-000000002500},C:\Users\Nicholas Lum\AppData\Local\Programs\Python\Python38\python.exe,C:\Users\Nicholas Lum\AppData\Local\Programs\Python\Python38\python.exe,-,-,python.exe,python.exe,-,-,-,-,-,-,-,-,-,-,-,-,-,-,-,-,3980,-,-,-,-,"10.0.2.15, 35.213.187.178",Nicholas Lum,Usermode,victim.lan,10.0.2.15,49885,-,VICTIM,S-1-5-18,Nicholas Lum,Nicholas Lum,wineventlog,Microsoft-Windows-Sysmon/Operational,victim,-,-,-,-,-,-,-,-,-,3,Info,"2,252","3,060",{5770385f-c22a-43e0-bf4c-06f5698ffbd9},Microsoft-Windows-Sysmon,8820,Network connection detected (rule: NetworkConnect),NT AUTHORITY,S-1-5-18,SYSTEM,User,5
"Oct 23, 2022 @ 12:53:41.817",A5tBEIQBM0skPzkL7W5U,.ds-winlogbeat-8.2.3-2022.10.22-000001,-,af900420-7c4e-403a-86a4-3d707e3eab75,victim,b15c43c7-63a1-423e-901b-f1acc6401711,victim,winlogbeat,8.2.3,178.187.213.35.bc.googleusercontent.com,35.213.187.178,443,-,-,-,-,-,-,-,1.12.0,Network connection detected (rule: NetworkConnect),network,3,"Oct 23, 2022 @ 12:53:18.978","Oct 23, 2022 @ 12:53:46.893",event,sysmon,Microsoft-Windows-Sysmon,"start, connection, protocol",x86_64,victim,461f0bd2-c182-413a-8a41-2a8e4accb4a9,"fe80::4959:93ba:69a6:522d, 10.0.2.15, fe80::91a8:3d9e:36ba:f548, 172.19.96.10","08:00:27:7c:f3:ae, 08:00:27:22:f7:3c",victim,19044.1889,windows,10.0.19041.1889 (WinBuild.160101.0800),Windows 10 Enterprise Evaluation,Windows 10 Enterprise Evaluation,windows,windows,10,information,"Network connection detected:
RuleName: Usermode
UtcTime: 2022-10-25 17:47:41.817
ProcessGuid: {461f0bd2-20fd-6358-fe00-000000002500}
ProcessId: 3980
Image: C:\Users\Nicholas Lum\AppData\Local\Programs\Python\Python38\python.exe
User: VICTIM\Nicholas Lum
Protocol: tcp
Initiated: true
SourceIsIpv6: false
SourceIp: 10.0.2.15
SourceHostname: victim.lan
SourcePort: 49884
SourcePortName: -
DestinationIsIpv6: false
DestinationIp: 35.213.187.178
DestinationHostname: 178.187.213.35.bc.googleusercontent.com
DestinationPort: 443
DestinationPortName: https",1:OcJzXz3tS/Iu9CdmZoOAZfz2N3g=,egress,https,tcp,ipv4,-,-,-,-,{461f0bd2-20fd-6358-fe00-000000002500},C:\Users\Nicholas Lum\AppData\Local\Programs\Python\Python38\python.exe,C:\Users\Nicholas Lum\AppData\Local\Programs\Python\Python38\python.exe,-,-,python.exe,python.exe,-,-,-,-,-,-,-,-,-,-,-,-,-,-,-,-,3980,-,-,-,-,"10.0.2.15, 35.213.187.178",Nicholas Lum,Usermode,victim.lan,10.0.2.15,49884,-,VICTIM,S-1-5-18,Nicholas Lum,Nicholas Lum,wineventlog,Microsoft-Windows-Sysmon/Operational,victim,-,-,-,-,-,-,-,-,-,3,Info,"2,252","3,060",{5770385f-c22a-43e0-bf4c-06f5698ffbd9},Microsoft-Windows-Sysmon,8819,Network connection detected (rule: NetworkConnect),NT AUTHORITY,S-1-5-18,SYSTEM,User,5
"Oct 23, 2022 @ 12:53:40.817",AptBEIQBM0skPzkL6W6v,.ds-winlogbeat-8.2.3-2022.10.22-000001,-,af900420-7c4e-403a-86a4-3d707e3eab75,victim,b15c43c7-63a1-423e-901b-f1acc6401711,victim,winlogbeat,8.2.3,178.187.213.35.bc.googleusercontent.com,35.213.187.178,443,-,-,-,-,-,-,-,1.12.0,Network connection detected (rule: NetworkConnect),network,3,"Oct 23, 2022 @ 12:53:18.057","Oct 23, 2022 @ 12:53:45.882",event,sysmon,Microsoft-Windows-Sysmon,"start, connection, protocol",x86_64,victim,461f0bd2-c182-413a-8a41-2a8e4accb4a9,"fe80::4959:93ba:69a6:522d, 10.0.2.15, fe80::91a8:3d9e:36ba:f548, 172.19.96.10","08:00:27:7c:f3:ae, 08:00:27:22:f7:3c",victim,19044.1889,windows,10.0.19041.1889 (WinBuild.160101.0800),Windows 10 Enterprise Evaluation,Windows 10 Enterprise Evaluation,windows,windows,10,information,"Network connection detected:
RuleName: Usermode
UtcTime: 2022-10-25 17:47:40.817
ProcessGuid: {461f0bd2-20fd-6358-fe00-000000002500}
ProcessId: 3980
Image: C:\Users\Nicholas Lum\AppData\Local\Programs\Python\Python38\python.exe
User: VICTIM\Nicholas Lum
Protocol: tcp
Initiated: true
SourceIsIpv6: false
SourceIp: 10.0.2.15
SourceHostname: victim.lan
SourcePort: 49883
SourcePortName: -
DestinationIsIpv6: false
DestinationIp: 35.213.187.178
DestinationHostname: 178.187.213.35.bc.googleusercontent.com
DestinationPort: 443
DestinationPortName: https",1:BV+mJPD8AQrmWJ5BYmhkeef7C/I=,egress,https,tcp,ipv4,-,-,-,-,{461f0bd2-20fd-6358-fe00-000000002500},C:\Users\Nicholas Lum\AppData\Local\Programs\Python\Python38\python.exe,C:\Users\Nicholas Lum\AppData\Local\Programs\Python\Python38\python.exe,-,-,python.exe,python.exe,-,-,-,-,-,-,-,-,-,-,-,-,-,-,-,-,3980,-,-,-,-,"10.0.2.15, 35.213.187.178",Nicholas Lum,Usermode,victim.lan,10.0.2.15,49883,-,VICTIM,S-1-5-18,Nicholas Lum,Nicholas Lum,wineventlog,Microsoft-Windows-Sysmon/Operational,victim,-,-,-,-,-,-,-,-,-,3,Info,"2,252","3,060",{5770385f-c22a-43e0-bf4c-06f5698ffbd9},Microsoft-Windows-Sysmon,8818,Network connection detected (rule: NetworkConnect),NT AUTHORITY,S-1-5-18,SYSTEM,User,5
"Oct 23, 2022 @ 12:53:39.783",AZtBEIQBM0skPzkL4m68,.ds-winlogbeat-8.2.3-2022.10.22-000001,-,af900420-7c4e-403a-86a4-3d707e3eab75,victim,b15c43c7-63a1-423e-901b-f1acc6401711,victim,winlogbeat,8.2.3,178.187.213.35.bc.googleusercontent.com,35.213.187.178,443,-,-,-,-,-,-,-,1.12.0,Network connection detected (rule: NetworkConnect),network,3,"Oct 23, 2022 @ 12:53:16.258","Oct 23, 2022 @ 12:53:44.183",event,sysmon,Microsoft-Windows-Sysmon,"start, connection, protocol",x86_64,victim,461f0bd2-c182-413a-8a41-2a8e4accb4a9,"fe80::4959:93ba:69a6:522d, 10.0.2.15, fe80::91a8:3d9e:36ba:f548, 172.19.96.10","08:00:27:7c:f3:ae, 08:00:27:22:f7:3c",victim,19044.1889,windows,10.0.19041.1889 (WinBuild.160101.0800),Windows 10 Enterprise Evaluation,Windows 10 Enterprise Evaluation,windows,windows,10,information,"Network connection detected:
RuleName: Usermode
UtcTime: 2022-10-25 17:47:39.783
ProcessGuid: {461f0bd2-20fd-6358-fe00-000000002500}
ProcessId: 3980
Image: C:\Users\Nicholas Lum\AppData\Local\Programs\Python\Python38\python.exe
User: VICTIM\Nicholas Lum
Protocol: tcp
Initiated: true
SourceIsIpv6: false
SourceIp: 10.0.2.15
SourceHostname: victim.lan
SourcePort: 49882
SourcePortName: -
DestinationIsIpv6: false
DestinationIp: 35.213.187.178
DestinationHostname: 178.187.213.35.bc.googleusercontent.com
DestinationPort: 443
DestinationPortName: https",1:C2cG0gC0oDxMWl8Ro3vO9Bk/DY8=,egress,https,tcp,ipv4,-,-,-,-,{461f0bd2-20fd-6358-fe00-000000002500},C:\Users\Nicholas Lum\AppData\Local\Programs\Python\Python38\python.exe,C:\Users\Nicholas Lum\AppData\Local\Programs\Python\Python38\python.exe,-,-,python.exe,python.exe,-,-,-,-,-,-,-,-,-,-,-,-,-,-,-,-,3980,-,-,-,-,"10.0.2.15, 35.213.187.178",Nicholas Lum,Usermode,victim.lan,10.0.2.15,49882,-,VICTIM,S-1-5-18,Nicholas Lum,Nicholas Lum,wineventlog,Microsoft-Windows-Sysmon/Operational,victim,-,-,-,-,-,-,-,-,-,3,Info,"2,252","3,060",{5770385f-c22a-43e0-bf4c-06f5698ffbd9},Microsoft-Windows-Sysmon,8817,Network connection detected (rule: NetworkConnect),NT AUTHORITY,S-1-5-18,SYSTEM,User,5
"Oct 23, 2022 @ 12:53:38.843",AJtBEIQBM0skPzkL4m68,.ds-winlogbeat-8.2.3-2022.10.22-000001,-,af900420-7c4e-403a-86a4-3d707e3eab75,victim,b15c43c7-63a1-423e-901b-f1acc6401711,victim,winlogbeat,8.2.3,178.187.213.35.bc.googleusercontent.com,35.213.187.178,443,-,-,-,-,-,-,-,1.12.0,Network connection detected (rule: NetworkConnect),network,3,"Oct 23, 2022 @ 12:53:16.258","Oct 23, 2022 @ 12:53:44.082",event,sysmon,Microsoft-Windows-Sysmon,"start, connection, protocol",x86_64,victim,461f0bd2-c182-413a-8a41-2a8e4accb4a9,"fe80::4959:93ba:69a6:522d, 10.0.2.15, fe80::91a8:3d9e:36ba:f548, 172.19.96.10","08:00:27:7c:f3:ae, 08:00:27:22:f7:3c",victim,19044.1889,windows,10.0.19041.1889 (WinBuild.160101.0800),Windows 10 Enterprise Evaluation,Windows 10 Enterprise Evaluation,windows,windows,10,information,"Network connection detected:
RuleName: Usermode
UtcTime: 2022-10-25 17:47:38.843
ProcessGuid: {461f0bd2-20fd-6358-fe00-000000002500}
ProcessId: 3980
Image: C:\Users\Nicholas Lum\AppData\Local\Programs\Python\Python38\python.exe
User: VICTIM\Nicholas Lum
Protocol: tcp
Initiated: true
SourceIsIpv6: false
SourceIp: 10.0.2.15
SourceHostname: victim.lan
SourcePort: 49881
SourcePortName: -
DestinationIsIpv6: false
DestinationIp: 35.213.187.178
DestinationHostname: 178.187.213.35.bc.googleusercontent.com
DestinationPort: 443
DestinationPortName: https",1:Gc5o5xenGFTvxLOnyiYRw8aq0YE=,egress,https,tcp,ipv4,-,-,-,-,{461f0bd2-20fd-6358-fe00-000000002500},C:\Users\Nicholas Lum\AppData\Local\Programs\Python\Python38\python.exe,C:\Users\Nicholas Lum\AppData\Local\Programs\Python\Python38\python.exe,-,-,python.exe,python.exe,-,-,-,-,-,-,-,-,-,-,-,-,-,-,-,-,3980,-,-,-,-,"10.0.2.15, 35.213.187.178",Nicholas Lum,Usermode,victim.lan,10.0.2.15,49881,-,VICTIM,S-1-5-18,Nicholas Lum,Nicholas Lum,wineventlog,Microsoft-Windows-Sysmon/Operational,victim,-,-,-,-,-,-,-,-,-,3,Info,"2,252","3,060",{5770385f-c22a-43e0-bf4c-06f5698ffbd9},Microsoft-Windows-Sysmon,8816,Network connection detected (rule: NetworkConnect),NT AUTHORITY,S-1-5-18,SYSTEM,User,5
"Oct 23, 2022 @ 12:53:37.893",_5tBEIQBM0skPzkL2W1t,.ds-winlogbeat-8.2.3-2022.10.22-000001,-,af900420-7c4e-403a-86a4-3d707e3eab75,victim,b15c43c7-63a1-423e-901b-f1acc6401711,victim,winlogbeat,8.2.3,178.187.213.35.bc.googleusercontent.com,35.213.187.178,443,-,-,-,-,-,-,-,1.12.0,Network connection detected (rule: NetworkConnect),network,3,"Oct 23, 2022 @ 12:53:14.470","Oct 23, 2022 @ 12:53:41.805",event,sysmon,Microsoft-Windows-Sysmon,"start, connection, protocol",x86_64,victim,461f0bd2-c182-413a-8a41-2a8e4accb4a9,"fe80::4959:93ba:69a6:522d, 10.0.2.15, fe80::91a8:3d9e:36ba:f548, 172.19.96.10","08:00:27:7c:f3:ae, 08:00:27:22:f7:3c",victim,19044.1889,windows,10.0.19041.1889 (WinBuild.160101.0800),Windows 10 Enterprise Evaluation,Windows 10 Enterprise Evaluation,windows,windows,10,information,"Network connection detected:
RuleName: Usermode
UtcTime: 2022-10-25 17:47:37.893
ProcessGuid: {461f0bd2-20fd-6358-fe00-000000002500}
ProcessId: 3980
Image: C:\Users\Nicholas Lum\AppData\Local\Programs\Python\Python38\python.exe
User: VICTIM\Nicholas Lum
Protocol: tcp
Initiated: true
SourceIsIpv6: false
SourceIp: 10.0.2.15
SourceHostname: victim.lan
SourcePort: 49880
SourcePortName: -
DestinationIsIpv6: false
DestinationIp: 35.213.187.178
DestinationHostname: 178.187.213.35.bc.googleusercontent.com
DestinationPort: 443
DestinationPortName: https",1:znLlFLo7uFjhIrvwFsn7sMXylK0=,egress,https,tcp,ipv4,-,-,-,-,{461f0bd2-20fd-6358-fe00-000000002500},C:\Users\Nicholas Lum\AppData\Local\Programs\Python\Python38\python.exe,C:\Users\Nicholas Lum\AppData\Local\Programs\Python\Python38\python.exe,-,-,python.exe,python.exe,-,-,-,-,-,-,-,-,-,-,-,-,-,-,-,-,3980,-,-,-,-,"10.0.2.15, 35.213.187.178",Nicholas Lum,Usermode,victim.lan,10.0.2.15,49880,-,VICTIM,S-1-5-18,Nicholas Lum,Nicholas Lum,wineventlog,Microsoft-Windows-Sysmon/Operational,victim,-,-,-,-,-,-,-,-,-,3,Info,"2,252","3,060",{5770385f-c22a-43e0-bf4c-06f5698ffbd9},Microsoft-Windows-Sysmon,8815,Network connection detected (rule: NetworkConnect),NT AUTHORITY,S-1-5-18,SYSTEM,User,5
