"Oct 23, 2022 @ 12:53:13.148",55tBEIQBM0skPzkLeW1H,.ds-winlogbeat-8.2.3-2022.10.22-000001,-,af900420-7c4e-403a-86a4-3d707e3eab75,victim,b15c43c7-63a1-423e-901b-f1acc6401711,victim,winlogbeat,8.2.3,178.187.213.35.bc.googleusercontent.com,35.213.187.178,443,-,-,-,-,-,-,-,1.12.0,Network connection detected (rule: NetworkConnect),network,3,"Oct 23, 2022 @ 01:46:48.551","Oct 23, 2022 @ 12:53:17.191",event,sysmon,Microsoft-Windows-Sysmon,"start, connection, protocol",x86_64,victim,461f0bd2-c182-413a-8a41-2a8e4accb4a9,"fe80::4959:93ba:69a6:522d, 10.0.2.15, fe80::91a8:3d9e:36ba:f548, 172.19.96.10","08:00:27:7c:f3:ae, 08:00:27:22:f7:3c",victim,19044.1889,windows,10.0.19041.1889 (WinBuild.160101.0800),Windows 10 Enterprise Evaluation,Windows 10 Enterprise Evaluation,windows,windows,10,information,"Network connection detected:
RuleName: Usermode
UtcTime: 2022-10-25 17:47:13.148
ProcessGuid: {461f0bd2-20fd-6358-fe00-000000002500}
ProcessId: 3980
Image: C:\Users\Nicholas Lum\AppData\Local\Programs\Python\Python38\python.exe
User: VICTIM\Nicholas Lum
Protocol: tcp
Initiated: true
SourceIsIpv6: false
SourceIp: 10.0.2.15
SourceHostname: victim.lan
SourcePort: 49856
SourcePortName: -
DestinationIsIpv6: false
DestinationIp: 35.213.187.178
DestinationHostname: 178.187.213.35.bc.googleusercontent.com
DestinationPort: 443
DestinationPortName: https",1:eE7CNbqB/1uScCyADx9ctqFOIQY=,egress,https,tcp,ipv4,-,-,-,-,{461f0bd2-20fd-6358-fe00-000000002500},C:\Users\Nicholas Lum\AppData\Local\Programs\Python\Python38\python.exe,C:\Users\Nicholas Lum\AppData\Local\Programs\Python\Python38\python.exe,-,-,python.exe,python.exe,-,-,-,-,-,-,-,-,-,-,-,-,-,-,-,-,3980,-,-,-,-,"10.0.2.15, 35.213.187.178",Nicholas Lum,Usermode,victim.lan,10.0.2.15,49856,-,VICTIM,S-1-5-18,Nicholas Lum,Nicholas Lum,wineventlog,Microsoft-Windows-Sysmon/Operational,victim,-,-,-,-,-,-,-,-,-,3,Info,"2,252","3,060",{5770385f-c22a-43e0-bf4c-06f5698ffbd9},Microsoft-Windows-Sysmon,8791,Network connection detected (rule: NetworkConnect),NT AUTHORITY,S-1-5-18,SYSTEM,User,5
"Oct 23, 2022 @ 12:53:12.169",5ptBEIQBM0skPzkLeW1H,.ds-winlogbeat-8.2.3-2022.10.22-000001,-,af900420-7c4e-403a-86a4-3d707e3eab75,victim,b15c43c7-63a1-423e-901b-f1acc6401711,victim,winlogbeat,8.2.3,178.187.213.35.bc.googleusercontent.com,35.213.187.178,443,-,-,-,-,-,-,-,1.12.0,Network connection detected (rule: NetworkConnect),network,3,"Oct 23, 2022 @ 01:46:48.551","Oct 23, 2022 @ 12:53:17.182",event,sysmon,Microsoft-Windows-Sysmon,"start, connection, protocol",x86_64,victim,461f0bd2-c182-413a-8a41-2a8e4accb4a9,"fe80::4959:93ba:69a6:522d, 10.0.2.15, fe80::91a8:3d9e:36ba:f548, 172.19.96.10","08:00:27:7c:f3:ae, 08:00:27:22:f7:3c",victim,19044.1889,windows,10.0.19041.1889 (WinBuild.160101.0800),Windows 10 Enterprise Evaluation,Windows 10 Enterprise Evaluation,windows,windows,10,information,"Network connection detected:
RuleName: Usermode
UtcTime: 2022-10-25 17:47:12.169
ProcessGuid: {461f0bd2-20fd-6358-fe00-000000002500}
ProcessId: 3980
Image: C:\Users\Nicholas Lum\AppData\Local\Programs\Python\Python38\python.exe
User: VICTIM\Nicholas Lum
Protocol: tcp
Initiated: true
SourceIsIpv6: false
SourceIp: 10.0.2.15
SourceHostname: victim.lan
SourcePort: 49855
SourcePortName: -
DestinationIsIpv6: false
DestinationIp: 35.213.187.178
DestinationHostname: 178.187.213.35.bc.googleusercontent.com
DestinationPort: 443
DestinationPortName: https",1:qDuKP4qaQTILA89y7P3elzjbQAk=,egress,https,tcp,ipv4,-,-,-,-,{461f0bd2-20fd-6358-fe00-000000002500},C:\Users\Nicholas Lum\AppData\Local\Programs\Python\Python38\python.exe,C:\Users\Nicholas Lum\AppData\Local\Programs\Python\Python38\python.exe,-,-,python.exe,python.exe,-,-,-,-,-,-,-,-,-,-,-,-,-,-,-,-,3980,-,-,-,-,"10.0.2.15, 35.213.187.178",Nicholas Lum,Usermode,victim.lan,10.0.2.15,49855,-,VICTIM,S-1-5-18,Nicholas Lum,Nicholas Lum,wineventlog,Microsoft-Windows-Sysmon/Operational,victim,-,-,-,-,-,-,-,-,-,3,Info,"2,252","3,060",{5770385f-c22a-43e0-bf4c-06f5698ffbd9},Microsoft-Windows-Sysmon,8790,Network connection detected (rule: NetworkConnect),NT AUTHORITY,S-1-5-18,SYSTEM,User,5
"Oct 23, 2022 @ 12:53:11.108",5ZtBEIQBM0skPzkLdW1E,.ds-winlogbeat-8.2.3-2022.10.22-000001,-,af900420-7c4e-403a-86a4-3d707e3eab75,victim,b15c43c7-63a1-423e-901b-f1acc6401711,victim,winlogbeat,8.2.3,178.187.213.35.bc.googleusercontent.com,35.213.187.178,443,-,-,-,-,-,-,-,1.12.0,Network connection detected (rule: NetworkConnect),network,3,"Oct 23, 2022 @ 01:46:47.302","Oct 23, 2022 @ 12:53:16.157",event,sysmon,Microsoft-Windows-Sysmon,"start, connection, protocol",x86_64,victim,461f0bd2-c182-413a-8a41-2a8e4accb4a9,"fe80::4959:93ba:69a6:522d, 10.0.2.15, fe80::91a8:3d9e:36ba:f548, 172.19.96.10","08:00:27:7c:f3:ae, 08:00:27:22:f7:3c",victim,19044.1889,windows,10.0.19041.1889 (WinBuild.160101.0800),Windows 10 Enterprise Evaluation,Windows 10 Enterprise Evaluation,windows,windows,10,information,"Network connection detected:
RuleName: Usermode
UtcTime: 2022-10-25 17:47:11.108
ProcessGuid: {461f0bd2-20fd-6358-fe00-000000002500}
ProcessId: 3980
Image: C:\Users\Nicholas Lum\AppData\Local\Programs\Python\Python38\python.exe
User: VICTIM\Nicholas Lum
Protocol: tcp
Initiated: true
SourceIsIpv6: false
SourceIp: 10.0.2.15
SourceHostname: victim.lan
SourcePort: 49854
SourcePortName: -
DestinationIsIpv6: false
DestinationIp: 35.213.187.178
DestinationHostname: 178.187.213.35.bc.googleusercontent.com
DestinationPort: 443
DestinationPortName: https",1:6FtA0bOXWX1XRdKx8EeUHhf3cnM=,egress,https,tcp,ipv4,-,-,-,-,{461f0bd2-20fd-6358-fe00-000000002500},C:\Users\Nicholas Lum\AppData\Local\Programs\Python\Python38\python.exe,C:\Users\Nicholas Lum\AppData\Local\Programs\Python\Python38\python.exe,-,-,python.exe,python.exe,-,-,-,-,-,-,-,-,-,-,-,-,-,-,-,-,3980,-,-,-,-,"10.0.2.15, 35.213.187.178",Nicholas Lum,Usermode,victim.lan,10.0.2.15,49854,-,VICTIM,S-1-5-18,Nicholas Lum,Nicholas Lum,wineventlog,Microsoft-Windows-Sysmon/Operational,victim,-,-,-,-,-,-,-,-,-,3,Info,"2,252","3,060",{5770385f-c22a-43e0-bf4c-06f5698ffbd9},Microsoft-Windows-Sysmon,8789,Network connection detected (rule: NetworkConnect),NT AUTHORITY,S-1-5-18,SYSTEM,User,5
"Oct 23, 2022 @ 12:53:10.159",5JtBEIQBM0skPzkLcW1A,.ds-winlogbeat-8.2.3-2022.10.22-000001,-,af900420-7c4e-403a-86a4-3d707e3eab75,victim,b15c43c7-63a1-423e-901b-f1acc6401711,victim,winlogbeat,8.2.3,178.187.213.35.bc.googleusercontent.com,35.213.187.178,443,-,-,-,-,-,-,-,1.12.0,Network connection detected (rule: NetworkConnect),network,3,"Oct 23, 2022 @ 01:46:46.073","Oct 23, 2022 @ 12:53:15.129",event,sysmon,Microsoft-Windows-Sysmon,"start, connection, protocol",x86_64,victim,461f0bd2-c182-413a-8a41-2a8e4accb4a9,"fe80::4959:93ba:69a6:522d, 10.0.2.15, fe80::91a8:3d9e:36ba:f548, 172.19.96.10","08:00:27:7c:f3:ae, 08:00:27:22:f7:3c",victim,19044.1889,windows,10.0.19041.1889 (WinBuild.160101.0800),Windows 10 Enterprise Evaluation,Windows 10 Enterprise Evaluation,windows,windows,10,information,"Network connection detected:
RuleName: Usermode
UtcTime: 2022-10-25 17:47:10.159
ProcessGuid: {461f0bd2-20fd-6358-fe00-000000002500}
ProcessId: 3980
Image: C:\Users\Nicholas Lum\AppData\Local\Programs\Python\Python38\python.exe
User: VICTIM\Nicholas Lum
Protocol: tcp
Initiated: true
SourceIsIpv6: false
SourceIp: 10.0.2.15
SourceHostname: victim.lan
SourcePort: 49853
SourcePortName: -
DestinationIsIpv6: false
DestinationIp: 35.213.187.178
DestinationHostname: 178.187.213.35.bc.googleusercontent.com
DestinationPort: 443
DestinationPortName: https",1:/gVLgzw56ou1CXR75n8pcwlkU38=,egress,https,tcp,ipv4,-,-,-,-,{461f0bd2-20fd-6358-fe00-000000002500},C:\Users\Nicholas Lum\AppData\Local\Programs\Python\Python38\python.exe,C:\Users\Nicholas Lum\AppData\Local\Programs\Python\Python38\python.exe,-,-,python.exe,python.exe,-,-,-,-,-,-,-,-,-,-,-,-,-,-,-,-,3980,-,-,-,-,"10.0.2.15, 35.213.187.178",Nicholas Lum,Usermode,victim.lan,10.0.2.15,49853,-,VICTIM,S-1-5-18,Nicholas Lum,Nicholas Lum,wineventlog,Microsoft-Windows-Sysmon/Operational,victim,-,-,-,-,-,-,-,-,-,3,Info,"2,252","3,060",{5770385f-c22a-43e0-bf4c-06f5698ffbd9},Microsoft-Windows-Sysmon,8788,Network connection detected (rule: NetworkConnect),NT AUTHORITY,S-1-5-18,SYSTEM,User,5
"Oct 23, 2022 @ 12:53:08.900",45tBEIQBM0skPzkLbG33,.ds-winlogbeat-8.2.3-2022.10.22-000001,-,af900420-7c4e-403a-86a4-3d707e3eab75,victim,b15c43c7-63a1-423e-901b-f1acc6401711,victim,winlogbeat,8.2.3,178.187.213.35.bc.googleusercontent.com,35.213.187.178,443,-,-,-,-,-,-,-,1.12.0,Network connection detected (rule: NetworkConnect),network,3,"Oct 23, 2022 @ 01:46:44.729","Oct 23, 2022 @ 12:53:14.032",event,sysmon,Microsoft-Windows-Sysmon,"start, connection, protocol",x86_64,victim,461f0bd2-c182-413a-8a41-2a8e4accb4a9,"fe80::4959:93ba:69a6:522d, 10.0.2.15, fe80::91a8:3d9e:36ba:f548, 172.19.96.10","08:00:27:7c:f3:ae, 08:00:27:22:f7:3c",victim,19044.1889,windows,10.0.19041.1889 (WinBuild.160101.0800),Windows 10 Enterprise Evaluation,Windows 10 Enterprise Evaluation,windows,windows,10,information,"Network connection detected:
RuleName: Usermode
UtcTime: 2022-10-25 17:47:08.900
ProcessGuid: {461f0bd2-20fd-6358-fe00-000000002500}
ProcessId: 3980
Image: C:\Users\Nicholas Lum\AppData\Local\Programs\Python\Python38\python.exe
User: VICTIM\Nicholas Lum
Protocol: tcp
Initiated: true
SourceIsIpv6: false
SourceIp: 10.0.2.15
SourceHostname: victim.lan
SourcePort: 49852
SourcePortName: -
DestinationIsIpv6: false
DestinationIp: 35.213.187.178
DestinationHostname: 178.187.213.35.bc.googleusercontent.com
DestinationPort: 443
DestinationPortName: https",1:3x6m1ffbJ7XrUzMHashLxJvjVl4=,egress,https,tcp,ipv4,-,-,-,-,{461f0bd2-20fd-6358-fe00-000000002500},C:\Users\Nicholas Lum\AppData\Local\Programs\Python\Python38\python.exe,C:\Users\Nicholas Lum\AppData\Local\Programs\Python\Python38\python.exe,-,-,python.exe,python.exe,-,-,-,-,-,-,-,-,-,-,-,-,-,-,-,-,3980,-,-,-,-,"10.0.2.15, 35.213.187.178",Nicholas Lum,Usermode,victim.lan,10.0.2.15,49852,-,VICTIM,S-1-5-18,Nicholas Lum,Nicholas Lum,wineventlog,Microsoft-Windows-Sysmon/Operational,victim,-,-,-,-,-,-,-,-,-,3,Info,"2,252","3,060",{5770385f-c22a-43e0-bf4c-06f5698ffbd9},Microsoft-Windows-Sysmon,8787,Network connection detected (rule: NetworkConnect),NT AUTHORITY,S-1-5-18,SYSTEM,User,5
"Oct 23, 2022 @ 12:53:06.785",4ptBEIQBM0skPzkLYW0o,.ds-winlogbeat-8.2.3-2022.10.22-000001,-,af900420-7c4e-403a-86a4-3d707e3eab75,victim,b15c43c7-63a1-423e-901b-f1acc6401711,victim,winlogbeat,8.2.3,-,-,-,35.213.187.178,A,www.sata.com.sg,sata.com.sg,www,com.sg,35.213.187.178,1.12.0,Dns query (rule: DnsQuery),network,22,"Oct 23, 2022 @ 01:46:41.004","Oct 23, 2022 @ 12:53:10.995",event,sysmon,Microsoft-Windows-Sysmon,"connection, protocol, info",x86_64,victim,461f0bd2-c182-413a-8a41-2a8e4accb4a9,"fe80::4959:93ba:69a6:522d, 10.0.2.15, fe80::91a8:3d9e:36ba:f548, 172.19.96.10","08:00:27:7c:f3:ae, 08:00:27:22:f7:3c",victim,19044.1889,windows,10.0.19041.1889 (WinBuild.160101.0800),Windows 10 Enterprise Evaluation,Windows 10 Enterprise Evaluation,windows,windows,10,information,"Dns query:
RuleName: -
UtcTime: 2022-10-25 17:47:06.785
ProcessGuid: {461f0bd2-20fd-6358-fe00-000000002500}
ProcessId: 3980
QueryName: www.sata.com.sg
QueryStatus: 0
QueryResults: ::ffff:35.213.187.178;
Image: C:\Users\Nicholas Lum\AppData\Local\Programs\Python\Python38\python.exe
User: VICTIM\Nicholas Lum",-,-,dns,-,-,-,-,-,-,{461f0bd2-20fd-6358-fe00-000000002500},C:\Users\Nicholas Lum\AppData\Local\Programs\Python\Python38\python.exe,C:\Users\Nicholas Lum\AppData\Local\Programs\Python\Python38\python.exe,-,-,python.exe,python.exe,-,-,-,-,-,-,-,-,-,-,-,-,-,-,-,-,3980,-,-,-,www.sata.com.sg,35.213.187.178,Nicholas Lum,-,-,-,-,SUCCESS,VICTIM,S-1-5-18,Nicholas Lum,Nicholas Lum,wineventlog,Microsoft-Windows-Sysmon/Operational,victim,-,-,-,-,-,-,-,-,-,22,Info,"2,252","3,348",{5770385f-c22a-43e0-bf4c-06f5698ffbd9},Microsoft-Windows-Sysmon,8786,Dns query (rule: DnsQuery),NT AUTHORITY,S-1-5-18,SYSTEM,User,5
"Oct 23, 2022 @ 12:53:05.988",4ZtBEIQBM0skPzkLYW0o,.ds-winlogbeat-8.2.3-2022.10.22-000001,-,af900420-7c4e-403a-86a4-3d707e3eab75,victim,b15c43c7-63a1-423e-901b-f1acc6401711,victim,winlogbeat,8.2.3,178.187.213.35.bc.googleusercontent.com,35.213.187.178,443,-,-,-,-,-,-,-,1.12.0,Network connection detected (rule: NetworkConnect),network,3,"Oct 23, 2022 @ 01:46:41.003","Oct 23, 2022 @ 12:53:10.981",event,sysmon,Microsoft-Windows-Sysmon,"start, connection, protocol",x86_64,victim,461f0bd2-c182-413a-8a41-2a8e4accb4a9,"fe80::4959:93ba:69a6:522d, 10.0.2.15, fe80::91a8:3d9e:36ba:f548, 172.19.96.10","08:00:27:7c:f3:ae, 08:00:27:22:f7:3c",victim,19044.1889,windows,10.0.19041.1889 (WinBuild.160101.0800),Windows 10 Enterprise Evaluation,Windows 10 Enterprise Evaluation,windows,windows,10,information,"Network connection detected:
RuleName: Usermode
UtcTime: 2022-10-25 17:47:05.988
ProcessGuid: {461f0bd2-20fd-6358-fe00-000000002500}
ProcessId: 3980
Image: C:\Users\Nicholas Lum\AppData\Local\Programs\Python\Python38\python.exe
User: VICTIM\Nicholas Lum
Protocol: tcp
Initiated: true
SourceIsIpv6: false
SourceIp: 10.0.2.15
SourceHostname: victim.lan
SourcePort: 49850
SourcePortName: -
DestinationIsIpv6: false
DestinationIp: 35.213.187.178
DestinationHostname: 178.187.213.35.bc.googleusercontent.com
DestinationPort: 443
DestinationPortName: https",1:NSNnWfN1Sit0Cc00hUkkk28UeQE=,egress,https,tcp,ipv4,-,-,-,-,{461f0bd2-20fd-6358-fe00-000000002500},C:\Users\Nicholas Lum\AppData\Local\Programs\Python\Python38\python.exe,C:\Users\Nicholas Lum\AppData\Local\Programs\Python\Python38\python.exe,-,-,python.exe,python.exe,-,-,-,-,-,-,-,-,-,-,-,-,-,-,-,-,3980,-,-,-,-,"10.0.2.15, 35.213.187.178",Nicholas Lum,Usermode,victim.lan,10.0.2.15,49850,-,VICTIM,S-1-5-18,Nicholas Lum,Nicholas Lum,wineventlog,Microsoft-Windows-Sysmon/Operational,victim,-,-,-,-,-,-,-,-,-,3,Info,"2,252","3,060",{5770385f-c22a-43e0-bf4c-06f5698ffbd9},Microsoft-Windows-Sysmon,8785,Network connection detected (rule: NetworkConnect),NT AUTHORITY,S-1-5-18,SYSTEM,User,5
"Oct 23, 2022 @ 01:46:37.224",4JtBEIQBM0skPzkLXW2X,.ds-winlogbeat-8.2.3-2022.10.22-000001,-,af900420-7c4e-403a-86a4-3d707e3eab75,victim,b15c43c7-63a1-423e-901b-f1acc6401711,victim,winlogbeat,8.2.3,-,-,-,-,-,-,-,-,-,-,1.12.0,Process Create (rule: ProcessCreate),process,1,"Oct 23, 2022 @ 01:46:39.722","Oct 23, 2022 @ 12:53:09.973",event,sysmon,Microsoft-Windows-Sysmon,start,x86_64,victim,461f0bd2-c182-413a-8a41-2a8e4accb4a9,"fe80::4959:93ba:69a6:522d, 10.0.2.15, fe80::91a8:3d9e:36ba:f548, 172.19.96.10","08:00:27:7c:f3:ae, 08:00:27:22:f7:3c",victim,19044.1889,windows,10.0.19041.1889 (WinBuild.160101.0800),Windows 10 Enterprise Evaluation,Windows 10 Enterprise Evaluation,windows,windows,10,information,"Process Create:
RuleName: -
UtcTime: 2022-10-25 17:46:37.224
ProcessGuid: {461f0bd2-20fd-6358-fe00-000000002500}
ProcessId: 3980
Image: C:\Users\Nicholas Lum\AppData\Local\Programs\Python\Python38\python.exe
FileVersion: 3.8.0
Description: Python
Product: Python
Company: Python Software Foundation
OriginalFileName: python.exe
CommandLine: python  main.py
CurrentDirectory: C:\Users\Nicholas Lum\Desktop\Nic-Recon\
User: VICTIM\Nicholas Lum
LogonGuid: {461f0bd2-1ca3-6358-aabc-030000000000}
LogonId: 0x3BCAA
TerminalSessionId: 1
IntegrityLevel: High
Hashes: MD5=B68275559FA9FC188FD1FEEF6D0D4326,SHA256=1D838AD026C7D81D410F41F929225AA39F3E4A0D178E4CEBC0CC2B299B783CF5,IMPHASH=790D8BD4D1574E3127EE24361DA434A0
ParentProcessGuid: {461f0bd2-1d5e-6358-d000-000000002500}
ParentProcessId: 5716
ParentImage: C:\Windows\System32\cmd.exe
ParentCommandLine: ""C:\Windows\System32\cmd.exe"" 
ParentUser: VICTIM\Nicholas Lum",-,-,-,-,-,"python, main.py",2,python  main.py,python  main.py,{461f0bd2-20fd-6358-fe00-000000002500},C:\Users\Nicholas Lum\AppData\Local\Programs\Python\Python38\python.exe,C:\Users\Nicholas Lum\AppData\Local\Programs\Python\Python38\python.exe,b68275559fa9fc188fd1feef6d0d4326,1d838ad026c7d81d410f41f929225aa39f3e4a0d178e4cebc0cc2b299b783cf5,python.exe,python.exe,C:\Windows\System32\cmd.exe,1,"""C:\Windows\System32\cmd.exe"" ","""C:\Windows\System32\cmd.exe"" ",{461f0bd2-1d5e-6358-d000-000000002500},C:\Windows\System32\cmd.exe,C:\Windows\System32\cmd.exe,cmd.exe,cmd.exe,5716,Python Software Foundation,Python,3.8.0,790d8bd4d1574e3127ee24361da434a0,python.exe,Python,3980,C:\Users\Nicholas Lum\Desktop\Nic-Recon\,C:\Users\Nicholas Lum\Desktop\Nic-Recon\,"1d838ad026c7d81d410f41f929225aa39f3e4a0d178e4cebc0cc2b299b783cf5, b68275559fa9fc188fd1feef6d0d4326, 790d8bd4d1574e3127ee24361da434a0",-,-,Nicholas Lum,-,-,-,-,-,VICTIM,S-1-5-18,Nicholas Lum,Nicholas Lum,wineventlog,Microsoft-Windows-Sysmon/Operational,victim,Python Software Foundation,Python,3.8.0,High,{461f0bd2-1ca3-6358-aabc-030000000000},0x3bcaa,VICTIM\Nicholas Lum,Python,1,1,Info,"2,252","3,332",{5770385f-c22a-43e0-bf4c-06f5698ffbd9},Microsoft-Windows-Sysmon,8784,Process Create (rule: ProcessCreate),NT AUTHORITY,S-1-5-18,SYSTEM,User,5
